
[settings]
        abduce=false
        cache_clauselength=5
        caching=true
        check_good=false
        check_redundant=false
        check_useless=true
        clauselength=8
        clauses=8
        condition=false
        confidence=0.95
        construct_bottom=saturation
        depth=15
        evalfn=coverage
        explore=false
        good=false
        greedy=true
        gsamplesize=100
        i=10
        interactive=false
        language=(+inf)
        lazy_negs=false
        lazy_on_contradiction=false
        lazy_on_cost=false
        lookahead=1
        max_abducibles=2
        max_features=(+inf)
        minacc=0.0
        mingain=0.05
        minpos=2
        minposfrac=0
        minscore=(-inf)
        moves=5
        newvars=(+inf)
        nodes=50000
        noise=0
        nreduce_bottom=false
        openlist=(+inf)
        optimise_clauses=false
        permute_bottom=false
        portray_examples=false
        portray_hypothesis=false
        portray_literals=false
        portray_search=false
        print=4
        prior=[0.347003154574132-pos,0.652996845425868-neg]
        proof_strategy=restricted_sld
        prooftime=(+inf)
        prune_tree=false
        record=true
        recordfile=./mlj_f7.log
        recordfile_stream=$stream(5)
        refine=false
        refineop=false
        resample=1
        rls_type=gsat
        rulefile=./mlj_f7.rul
        samplesize=0
        search=bf
        searchstrat=bf
        searchtime=(+inf)
        skolemvars=10000
        splitvars=false
        stage=command
        store_bottom=false
        subsample=false
        subsamplesize=(+inf)
        test_neg=./mlj_f7_test.n
        test_pos=./mlj_f7_test.f
        thread=8
        threads=1
        train_neg=mlj_f7.n
        train_pos=mlj_f7.f
        tries=10
        typeoverlap=0.95
        uniform_sample=false
        updateback=true
        verbosity=0
        version=5
[sat] [1]
[-------------------------------------]
[found clause]
class_mlj(A) :-
   pagina_1(A,B), frame(B,C), larghezza_rettangolo(C,0.58986926).
[pos cover = 7 neg cover = 0] [pos-neg] [7]
[clause label] [[7,0,4,7]]
[clauses constructed] [36]
[-------------------------------------]
[-------------------------------------]
[found clause]
class_mlj(A) :-
   pagina_1(A,B), frame(B,C), altezza_rettangolo(C,0.02020202), on_top(C,D).
[pos cover = 35 neg cover = 0] [pos-neg] [35]
[clause label] [[35,0,5,35]]
[clauses constructed] [214]
[-------------------------------------]
[clauses constructed] [50000]
[search time] [44.55]
[best clause]
class_mlj(A) :-
   pagina_1(A,B), frame(B,C), altezza_rettangolo(C,0.02020202), on_top(C,D).
[positive examples left] [75]
[estimated time to finish (secs)] [95.4642857142857]
[sat] [2]
[-------------------------------------]
[found clause]
class_mlj(A) :-
   pagina_1(A,B), frame(B,C), ordinata_rettangolo(C,0.29572445).
[pos cover = 10 neg cover = 0] [pos-neg] [10]
[clause label] [[10,0,4,10]]
[clauses constructed] [79]
[-------------------------------------]
[-------------------------------------]
[found clause]
class_mlj(A) :-
   pagina_1(A,B), frame(B,C), ordinata_rettangolo(C,0.15320665).
[pos cover = 45 neg cover = 0] [pos-neg] [45]
[clause label] [[45,0,4,45]]
[clauses constructed] [110]
[-------------------------------------]
[clauses constructed] [50000]
[search time] [19.652]
[best clause]
class_mlj(A) :-
   pagina_1(A,B), frame(B,C), ordinata_rettangolo(C,0.15320665).
[positive examples left] [30]
[estimated time to finish (secs)] [24.07575]
[sat] [4]
[-------------------------------------]
[found clause]
class_mlj(A) :-
   pagina_1(A,B), frame(B,C), ascissa_rettangolo(C,0.5277778).
[pos cover = 8 neg cover = 0] [pos-neg] [8]
[clause label] [[8,0,4,8]]
[clauses constructed] [39]
[-------------------------------------]
[-------------------------------------]
[found clause]
class_mlj(A) :-
   pagina_1(A,B), frame(B,C), larghezza_rettangolo(C,0.5882353).
[pos cover = 10 neg cover = 0] [pos-neg] [10]
[clause label] [[10,0,4,10]]
[clauses constructed] [40]
[-------------------------------------]
[clauses constructed] [50000]
[search time] [20.931]
[best clause]
class_mlj(A) :-
   pagina_1(A,B), frame(B,C), larghezza_rettangolo(C,0.5882353).
[positive examples left] [20]
[estimated time to finish (secs)] [18.9184444444444]
[sat] [10]
[-------------------------------------]
[found clause]
class_mlj(A) :-
   pagina_1(A,B), larghezza_pagina(B,613.0).
[pos cover = 2 neg cover = 0] [pos-neg] [2]
[clause label] [[2,0,3,2]]
[clauses constructed] [11]
[-------------------------------------]
[-------------------------------------]
[found clause]
class_mlj(A) :-
   pagina_1(A,B), frame(B,C), altezza_rettangolo(C,0.021464646), on_top(C,D), 
   allineato_al_centro_verticale(D,C).
[pos cover = 3 neg cover = 0] [pos-neg] [3]
[clause label] [[3,0,6,3]]
[clauses constructed] [490]
[-------------------------------------]
[clauses constructed] [50000]
[search time] [95.064]
[best clause]
class_mlj(A) :-
   pagina_1(A,B), frame(B,C), altezza_rettangolo(C,0.021464646), on_top(C,D), 
   allineato_al_centro_verticale(D,C).
[positive examples left] [17]
[estimated time to finish (secs)] [32.9392365591398]
[sat] [14]
[-------------------------------------]
[found clause]
class_mlj(A) :-
   pagina_1(A,B), frame(B,C), larghezza_rettangolo(C,0.5441176).
[pos cover = 2 neg cover = 0] [pos-neg] [2]
[clause label] [[2,0,4,2]]
[clauses constructed] [110]
[-------------------------------------]
[-------------------------------------]
[found clause]
class_mlj(A) :-
   pagina_1(A,B), frame(B,C), altezza_rettangolo(C,0.022727273), ascissa_rettangolo(C,0.51797384).
[pos cover = 3 neg cover = 0] [pos-neg] [3]
[clause label] [[3,0,5,3]]
[clauses constructed] [209]
[-------------------------------------]
[clauses constructed] [50000]
[search time] [14.444]
[best clause]
class_mlj(A) :-
   pagina_1(A,B), frame(B,C), altezza_rettangolo(C,0.022727273), ascissa_rettangolo(C,0.51797384).
[positive examples left] [14]
[estimated time to finish (secs)] [28.3851458333333]
[sat] [16]
[-------------------------------------]
[found clause]
class_mlj(A) :-
   pagina_1(A,B), frame(B,C), ascissa_rettangolo(C,0.25714287).
[pos cover = 5 neg cover = 0] [pos-neg] [5]
[clause label] [[5,0,4,5]]
[clauses constructed] [53]
[-------------------------------------]
[clauses constructed] [50000]
[search time] [28.792]
[best clause]
class_mlj(A) :-
   pagina_1(A,B), frame(B,C), ascissa_rettangolo(C,0.25714287).
[positive examples left] [9]
[estimated time to finish (secs)] [19.9098712871287]
[sat] [27]
[-------------------------------------]
[found clause]
class_mlj(A) :-
   pagina_1(A,B), altezza_pagina(B,666.0).
[pos cover = 4 neg cover = 0] [pos-neg] [4]
[clause label] [[4,0,3,4]]
[clauses constructed] [5]
[-------------------------------------]
[clauses constructed] [50000]
[search time] [10.771]
[best clause]
class_mlj(A) :-
   pagina_1(A,B), altezza_pagina(B,666.0).
[positive examples left] [5]
[estimated time to finish (secs)] [11.1525714285714]
[sat] [35]
[-------------------------------------]
[found clause]
class_mlj(A) :-
   pagina_1(A,B), frame(B,C), larghezza_rettangolo(C,0.5866013), tipo_testo(C).
[pos cover = 2 neg cover = 0] [pos-neg] [2]
[clause label] [[2,0,5,2]]
[clauses constructed] [157]
[-------------------------------------]
[clauses constructed] [50000]
[search time] [16.115]
[best clause]
class_mlj(A) :-
   pagina_1(A,B), frame(B,C), larghezza_rettangolo(C,0.5866013), tipo_testo(C).
[positive examples left] [3]
[estimated time to finish (secs)] [7.01828971962617]
[sat] [51]
[clauses constructed] [50000]
[search time] [14.061]
[best clause]
class_mlj(d06060518541902465).
[positive examples left] [2]
[estimated time to finish (secs)] [4.89592592592593]
[sat] [64]
[clauses constructed] [50000]
[search time] [16.055]
[best clause]
class_mlj(d06060518373601412).
[positive examples left] [1]
[estimated time to finish (secs)] [2.57279816513761]
[sat] [80]
[positive examples left] [0]
[estimated time to finish (secs)] [0.0]

[theory]

[Rule 1] [Pos cover = 35 Neg cover = 0]
class_mlj(A) :-
   pagina_1(A,B), frame(B,C), altezza_rettangolo(C,0.02020202), on_top(C,D).

[Rule 2] [Pos cover = 45 Neg cover = 0]
class_mlj(A) :-
   pagina_1(A,B), frame(B,C), ordinata_rettangolo(C,0.15320665).

[Rule 3] [Pos cover = 20 Neg cover = 0]
class_mlj(A) :-
   pagina_1(A,B), frame(B,C), larghezza_rettangolo(C,0.5882353).

[Rule 4] [Pos cover = 19 Neg cover = 0]
class_mlj(A) :-
   pagina_1(A,B), frame(B,C), altezza_rettangolo(C,0.021464646), on_top(C,D), 
   allineato_al_centro_verticale(D,C).

[Rule 5] [Pos cover = 3 Neg cover = 0]
class_mlj(A) :-
   pagina_1(A,B), frame(B,C), altezza_rettangolo(C,0.022727273), ascissa_rettangolo(C,0.51797384).

[Rule 6] [Pos cover = 45 Neg cover = 0]
class_mlj(A) :-
   pagina_1(A,B), frame(B,C), ascissa_rettangolo(C,0.25714287).

[Rule 7] [Pos cover = 4 Neg cover = 0]
class_mlj(A) :-
   pagina_1(A,B), altezza_pagina(B,666.0).

[Rule 8] [Pos cover = 16 Neg cover = 0]
class_mlj(A) :-
   pagina_1(A,B), frame(B,C), larghezza_rettangolo(C,0.5866013), tipo_testo(C).

[Training set performance]
           Actual
        +          -  
     + 107         0         107 
Pred 
     -  3         207        210 

       110        207        317 

Accuracy = 0.990536277602524
[Training set summary] [[107,0,3,207]]
[Test set performance]
          Actual
       +        - 
     + 12        0        12 
Pred 
     - 0        24        24 

       12        24        36 

Accuracy = 1.0
[Test set summary] [[12,0,0,24]]
[time taken] [282.387]

[total clauses constructed] [500000]
