mar 19 ago 2014, 09.33.43, CEST
lusio-laptop
[settings]
        cache_clauselength=5
        caching=true
        check_useless=true
        clauselength=8
        clauses=8
        construct_bottom=saturation
        depth=15
        evalfn=coverage
        explore=false
        greedy=true
        gsamplesize=100
        i=10
        lazy_on_contradiction=true
        lazy_on_cost=false
        minpos=2
        nodes=50000
        noise=0
        print=4
        prior=0.28391167192429
        proof_strategy=restricted_sld
        prune_defs=false
        record=true
        recordfile=./jmlr_f7.log
        refine=false
        refineop=false
        rulefile=./jmlr_f7.rul
        samplesize=1
        search=bf
        splitvars=false
        stage=command
        test_neg=./jmlr_f7_test.n
        test_pos=./jmlr_f7_test.f
        thread=8
        train_neg=jmlr_f7.n
        train_pos=jmlr_f7.f
        verbosity=0
        version=2.7.5
[sat] [62]
[-------------------------------------]
[found clause]
class_jmlr(A) :-
   pagina_1(A,B), frame(B,C), ascissa_rettangolo(C,0.20915033).
[pos-neg] [50]
[clause label] [[50,0,4,50]]
[clauses explored] [63]
[-------------------------------------]
[-------------------------------------]
[found clause]
class_jmlr(A) :-
   pagina_1(A,B), frame(B,C), ordinata_rettangolo(C,0.92171717).
[pos-neg] [76]
[clause label] [[76,0,4,76]]
[clauses explored] [365]
[-------------------------------------]
[-------------------------------------]
[found clause]
class_jmlr(A) :-
   pagina_1(A,B), frame(B,C), allineato_al_centro_orizzontale(C,D), on_top(D,E), 
   ascissa_rettangolo(E,0.498366).
[pos-neg] [85]
[clause label] [[85,0,6,85]]
[clauses explored] [8529]
[-------------------------------------]
[clauses constructed] [50000]
[search time] [22.682]
[best clause]
class_jmlr(A) :-
   pagina_1(A,B), frame(B,C), allineato_al_centro_orizzontale(C,D), on_top(D,E), 
   ascissa_rettangolo(E,0.498366).
[sat] [31]
[-------------------------------------]
[found clause]
class_jmlr(A) :-
   pagina_1(A,B), frame(B,C), larghezza_rettangolo(C,0.70261437).
[pos-neg] [2]
[clause label] [[2,0,4,2]]
[clauses explored] [289]
[-------------------------------------]
[clauses constructed] [50000]
[search time] [11.888]
[best clause]
class_jmlr(A) :-
   pagina_1(A,B), frame(B,C), larghezza_rettangolo(C,0.70261437).
[sat] [23]
[-------------------------------------]
[found clause]
class_jmlr(A) :-
   pagina_1(A,B), frame(B,C), ordinata_rettangolo(C,0.92171717).
[pos-neg] [2]
[clause label] [[2,0,4,2]]
[clauses explored] [201]
[-------------------------------------]
[clauses constructed] [50000]
[search time] [14.613]
[best clause]
class_jmlr(A) :-
   pagina_1(A,B), frame(B,C), ordinata_rettangolo(C,0.92171717).
[sat] [29]

[theory]

[Rule 1] [Pos cover = 85 Neg cover = 0]
class_jmlr(A) :-
   pagina_1(A,B), frame(B,C), allineato_al_centro_orizzontale(C,D), on_top(D,E), 
   ascissa_rettangolo(E,0.498366).
[pos-neg] [85]

[Rule 2] [Pos cover = 2 Neg cover = 0]
class_jmlr(A) :-
   pagina_1(A,B), frame(B,C), larghezza_rettangolo(C,0.70261437).
[pos-neg] [2]

[Rule 3] [Pos cover = 76 Neg cover = 0]
class_jmlr(A) :-
   pagina_1(A,B), frame(B,C), ordinata_rettangolo(C,0.92171717).
[pos-neg] [76]

[Rule 4] [Pos cover = 1 Neg cover = 0]
class_jmlr(marx02a).
[pos-neg] [1]

[Training set performance]
           Actual
        +          -  
     + 90         0         90 
Pred 
     -  0         227        227 

       90        227        317 

Accuracy = 1.0
[Training set summary] [[90,0,0,227]]
[Test set performance]
          Actual
       +        - 
     + 10        0        10 
Pred 
     - 0        26        26 

       10        26        36 

Accuracy = 1.0
[Test set summary] [[10,0,0,26]]
[time taken] [49.432]

