mar 19 ago 2014, 09.34.33, CEST
lusio-laptop
[settings]
        cache_clauselength=5
        caching=true
        check_useless=true
        clauselength=8
        clauses=8
        construct_bottom=saturation
        depth=15
        evalfn=coverage
        explore=false
        greedy=true
        gsamplesize=100
        i=10
        lazy_on_contradiction=true
        lazy_on_cost=false
        minpos=2
        nodes=50000
        noise=0
        print=4
        prior=0.28391167192429
        proof_strategy=restricted_sld
        prune_defs=false
        record=true
        recordfile=./jmlr_f8.log
        refine=false
        refineop=false
        rulefile=./jmlr_f8.rul
        samplesize=1
        search=bf
        splitvars=false
        stage=command
        test_neg=./jmlr_f8_test.n
        test_pos=./jmlr_f8_test.f
        thread=8
        train_neg=jmlr_f8.n
        train_pos=jmlr_f8.f
        verbosity=0
        version=2.7.5
[sat] [9]
[-------------------------------------]
[found clause]
class_jmlr(A) :-
   pagina_1(A,B), frame(B,C), larghezza_rettangolo(C,0.6405229).
[pos-neg] [16]
[clause label] [[16,0,4,16]]
[clauses explored] [62]
[-------------------------------------]
[-------------------------------------]
[found clause]
class_jmlr(A) :-
   pagina_1(A,B), frame(B,C), ascissa_rettangolo(C,0.30228758).
[pos-neg] [23]
[clause label] [[23,0,4,23]]
[clauses explored] [85]
[-------------------------------------]
[-------------------------------------]
[found clause]
class_jmlr(A) :-
   pagina_1(A,B), frame(B,C), ordinata_rettangolo(C,0.058080807).
[pos-neg] [35]
[clause label] [[35,0,4,35]]
[clauses explored] [99]
[-------------------------------------]
[-------------------------------------]
[found clause]
class_jmlr(A) :-
   pagina_1(A,B), frame(B,C), ordinata_rettangolo(C,0.92171717).
[pos-neg] [75]
[clause label] [[75,0,4,75]]
[clauses explored] [150]
[-------------------------------------]
[-------------------------------------]
[found clause]
class_jmlr(A) :-
   pagina_1(A,B), frame(B,C), ascissa_rettangolo(C,0.498366), on_top(C,D), 
   altezza_rettangolo(D,0.01010101).
[pos-neg] [78]
[clause label] [[78,0,6,78]]
[clauses explored] [5519]
[-------------------------------------]
[-------------------------------------]
[found clause]
class_jmlr(A) :-
   pagina_1(A,B), frame(B,C), allineato_al_centro_orizzontale(C,D), on_top(D,E), 
   ascissa_rettangolo(E,0.498366).
[pos-neg] [86]
[clause label] [[86,0,6,86]]
[clauses explored] [6363]
[-------------------------------------]
[-------------------------------------]
[found clause]
class_jmlr(A) :-
   pagina_1(A,B), frame(B,C), allineato_al_centro_orizzontale(C,D), frame(B,E), 
   ascissa_rettangolo(E,0.498366).
[pos-neg] [87]
[clause label] [[87,0,6,87]]
[clauses explored] [7113]
[-------------------------------------]
[clauses constructed] [50000]
[search time] [21.153]
[best clause]
class_jmlr(A) :-
   pagina_1(A,B), frame(B,C), allineato_al_centro_orizzontale(C,D), frame(B,E), 
   ascissa_rettangolo(E,0.498366).
[sat] [23]
[-------------------------------------]
[found clause]
class_jmlr(A) :-
   pagina_1(A,B), frame(B,C), ascissa_rettangolo(C,0.27450982).
[pos-neg] [2]
[clause label] [[2,0,4,2]]
[clauses explored] [199]
[-------------------------------------]
[clauses constructed] [50000]
[search time] [12.768]
[best clause]
class_jmlr(A) :-
   pagina_1(A,B), frame(B,C), ascissa_rettangolo(C,0.27450982).
[sat] [29]

[theory]

[Rule 1] [Pos cover = 87 Neg cover = 0]
class_jmlr(A) :-
   pagina_1(A,B), frame(B,C), allineato_al_centro_orizzontale(C,D), frame(B,E), 
   ascissa_rettangolo(E,0.498366).
[pos-neg] [87]

[Rule 2] [Pos cover = 2 Neg cover = 0]
class_jmlr(A) :-
   pagina_1(A,B), frame(B,C), ascissa_rettangolo(C,0.27450982).
[pos-neg] [2]

[Rule 3] [Pos cover = 1 Neg cover = 0]
class_jmlr(marx02a).
[pos-neg] [1]

[Training set performance]
           Actual
        +          -  
     + 90         0         90 
Pred 
     -  0         227        227 

       90        227        317 

Accuracy = 1.0
[Training set summary] [[90,0,0,227]]
[Test set performance]
          Actual
       +        - 
     + 8        0        8 
Pred 
     - 2        26        28 

       10        26        36 

Accuracy = 0.944444444444444
[Test set summary] [[8,0,2,26]]
[time taken] [34.089]

