mar 19 ago 2014, 09.33.24, CEST
lusio-laptop
[settings]
        cache_clauselength=5
        caching=true
        check_useless=true
        clauselength=8
        clauses=8
        construct_bottom=saturation
        depth=15
        evalfn=coverage
        explore=false
        greedy=true
        gsamplesize=100
        i=10
        lazy_on_contradiction=true
        lazy_on_cost=false
        minpos=2
        nodes=50000
        noise=0
        print=4
        prior=0.283018867924528
        proof_strategy=restricted_sld
        prune_defs=false
        record=true
        recordfile=./jmlr_f6.log
        refine=false
        refineop=false
        rulefile=./jmlr_f6.rul
        samplesize=1
        search=bf
        splitvars=false
        stage=command
        test_neg=./jmlr_f6_test.n
        test_pos=./jmlr_f6_test.f
        thread=8
        train_neg=jmlr_f6.n
        train_pos=jmlr_f6.f
        verbosity=0
        version=2.7.5
[sat] [79]
[-------------------------------------]
[found clause]
class_jmlr(A) :-
   pagina_1(A,B), frame(B,C), larghezza_rettangolo(C,0.2777778).
[pos-neg] [3]
[clause label] [[3,0,4,3]]
[clauses explored] [67]
[-------------------------------------]
[-------------------------------------]
[found clause]
class_jmlr(A) :-
   pagina_1(A,B), frame(B,C), ordinata_rettangolo(C,0.19570707).
[pos-neg] [5]
[clause label] [[5,0,4,5]]
[clauses explored] [105]
[-------------------------------------]
[-------------------------------------]
[found clause]
class_jmlr(A) :-
   pagina_1(A,B), frame(B,C), larghezza_rettangolo(C,0.7124183).
[pos-neg] [14]
[clause label] [[14,0,4,14]]
[clauses explored] [157]
[-------------------------------------]
[-------------------------------------]
[found clause]
class_jmlr(A) :-
   pagina_1(A,B), frame(B,C), ordinata_rettangolo(C,0.058080807).
[pos-neg] [36]
[clause label] [[36,0,4,36]]
[clauses explored] [197]
[-------------------------------------]
[-------------------------------------]
[found clause]
class_jmlr(A) :-
   pagina_1(A,B), frame(B,C), larghezza_rettangolo(C,0.073529415).
[pos-neg] [48]
[clause label] [[48,0,4,48]]
[clauses explored] [309]
[-------------------------------------]
[-------------------------------------]
[found clause]
class_jmlr(A) :-
   pagina_1(A,B), frame(B,C), ascissa_rettangolo(C,0.20915033).
[pos-neg] [51]
[clause label] [[51,0,4,51]]
[clauses explored] [331]
[-------------------------------------]
[-------------------------------------]
[found clause]
class_jmlr(A) :-
   pagina_1(A,B), frame(B,C), ordinata_rettangolo(C,0.92171717).
[pos-neg] [75]
[clause label] [[75,0,4,75]]
[clauses explored] [426]
[-------------------------------------]
[-------------------------------------]
[found clause]
class_jmlr(A) :-
   pagina_1(A,B), frame(B,C), ascissa_rettangolo(C,0.498366), on_top(C,D), 
   altezza_rettangolo(D,0.01010101).
[pos-neg] [76]
[clause label] [[76,0,6,76]]
[clauses explored] [8822]
[-------------------------------------]
[-------------------------------------]
[found clause]
class_jmlr(A) :-
   pagina_1(A,B), frame(B,C), allineato_al_centro_orizzontale(C,D), on_top(D,E), 
   ascissa_rettangolo(E,0.498366).
[pos-neg] [84]
[clause label] [[84,0,6,84]]
[clauses explored] [9972]
[-------------------------------------]
[-------------------------------------]
[found clause]
class_jmlr(A) :-
   pagina_1(A,B), frame(B,C), allineato_al_centro_orizzontale(C,D), frame(B,E), 
   ascissa_rettangolo(E,0.498366).
[pos-neg] [85]
[clause label] [[85,0,6,85]]
[clauses explored] [10856]
[-------------------------------------]
[clauses constructed] [50000]
[search time] [10.837]
[best clause]
class_jmlr(A) :-
   pagina_1(A,B), frame(B,C), allineato_al_centro_orizzontale(C,D), frame(B,E), 
   ascissa_rettangolo(E,0.498366).
[sat] [74]
[-------------------------------------]
[found clause]
class_jmlr(A) :-
   pagina_1(A,B), frame(B,C), ordinata_rettangolo(C,0.058080807).
[pos-neg] [2]
[clause label] [[2,0,4,2]]
[clauses explored] [84]
[-------------------------------------]
[-------------------------------------]
[found clause]
class_jmlr(A) :-
   pagina_1(A,B), frame(B,C), allineato_al_centro_orizzontale(C,D), on_top(D,E), 
   altezza_rettangolo(E,0.012626262).
[pos-neg] [3]
[clause label] [[3,0,6,3]]
[clauses explored] [11032]
[-------------------------------------]
[clauses constructed] [50000]
[search time] [7.486]
[best clause]
class_jmlr(A) :-
   pagina_1(A,B), frame(B,C), allineato_al_centro_orizzontale(C,D), on_top(D,E), 
   altezza_rettangolo(E,0.012626262).
[sat] [23]
[-------------------------------------]
[found clause]
class_jmlr(A) :-
   pagina_1(A,B), frame(B,C), ascissa_rettangolo(C,0.27450982).
[pos-neg] [2]
[clause label] [[2,0,4,2]]
[clauses explored] [199]
[-------------------------------------]
[clauses constructed] [211]
[search time] [0.0120000000000005]
[best clause]
class_jmlr(A) :-
   pagina_1(A,B), frame(B,C), ascissa_rettangolo(C,0.27450982).

[theory]

[Rule 1] [Pos cover = 85 Neg cover = 0]
class_jmlr(A) :-
   pagina_1(A,B), frame(B,C), allineato_al_centro_orizzontale(C,D), frame(B,E), 
   ascissa_rettangolo(E,0.498366).
[pos-neg] [85]

[Rule 2] [Pos cover = 32 Neg cover = 0]
class_jmlr(A) :-
   pagina_1(A,B), frame(B,C), allineato_al_centro_orizzontale(C,D), on_top(D,E), 
   altezza_rettangolo(E,0.012626262).
[pos-neg] [32]

[Rule 3] [Pos cover = 2 Neg cover = 0]
class_jmlr(A) :-
   pagina_1(A,B), frame(B,C), ascissa_rettangolo(C,0.27450982).
[pos-neg] [2]

[Training set performance]
           Actual
        +          -  
     + 90         0         90 
Pred 
     -  0         228        228 

       90        228        318 

Accuracy = 1.0
[Training set summary] [[90,0,0,228]]
[Test set performance]
          Actual
       +        - 
     + 10        0        10 
Pred 
     - 0        25        25 

       10        25        35 

Accuracy = 1.0
[Test set summary] [[10,0,0,25]]
[time taken] [18.515]

