mar 19 ago 2014, 09.30.11, CEST
lusio-laptop
[settings]
        cache_clauselength=5
        caching=true
        check_useless=true
        clauselength=8
        clauses=8
        construct_bottom=saturation
        depth=15
        evalfn=coverage
        explore=false
        greedy=true
        gsamplesize=100
        i=10
        lazy_on_contradiction=true
        lazy_on_cost=false
        minpos=2
        nodes=50000
        noise=0
        print=4
        prior=0.283018867924528
        proof_strategy=restricted_sld
        prune_defs=false
        record=true
        recordfile=./jmlr_f1.log
        refine=false
        refineop=false
        rulefile=./jmlr_f1.rul
        samplesize=1
        search=bf
        splitvars=false
        stage=command
        test_neg=./jmlr_f1_test.n
        test_pos=./jmlr_f1_test.f
        thread=8
        train_neg=jmlr_f1.n
        train_pos=jmlr_f1.f
        verbosity=0
        version=2.7.5
[sat] [19]
[-------------------------------------]
[found clause]
class_jmlr(A) :-
   pagina_1(A,B), frame(B,C), ordinata_rettangolo(C,0.6098485).
[pos-neg] [2]
[clause label] [[2,0,4,2]]
[clauses explored] [66]
[-------------------------------------]
[-------------------------------------]
[found clause]
class_jmlr(A) :-
   pagina_1(A,B), frame(B,C), ascissa_rettangolo(C,0.7254902).
[pos-neg] [4]
[clause label] [[4,0,4,4]]
[clauses explored] [119]
[-------------------------------------]
[-------------------------------------]
[found clause]
class_jmlr(A) :-
   pagina_1(A,B), frame(B,C), allineato_al_centro_orizzontale(C,D), on_top(D,E), 
   ascissa_rettangolo(E,0.49673203).
[pos-neg] [8]
[clause label] [[8,0,6,8]]
[clauses explored] [6645]
[-------------------------------------]
[-------------------------------------]
[found clause]
class_jmlr(A) :-
   pagina_1(A,B), frame(B,C), allineato_al_centro_orizzontale(C,D), on_top(D,E), 
   altezza_rettangolo(E,0.012626262).
[pos-neg] [31]
[clause label] [[31,0,6,31]]
[clauses explored] [7136]
[-------------------------------------]
[clauses constructed] [50000]
[search time] [21.348]
[best clause]
class_jmlr(A) :-
   pagina_1(A,B), frame(B,C), allineato_al_centro_orizzontale(C,D), on_top(D,E), 
   altezza_rettangolo(E,0.012626262).
[sat] [51]
[-------------------------------------]
[found clause]
class_jmlr(A) :-
   pagina_1(A,B), frame(B,C), larghezza_rettangolo(C,0.2254902).
[pos-neg] [4]
[clause label] [[4,0,4,4]]
[clauses explored] [55]
[-------------------------------------]
[-------------------------------------]
[found clause]
class_jmlr(A) :-
   pagina_1(A,B), frame(B,C), ordinata_rettangolo(C,0.92171717).
[pos-neg] [48]
[clause label] [[48,0,4,48]]
[clauses explored] [56]
[-------------------------------------]
[-------------------------------------]
[found clause]
class_jmlr(A) :-
   pagina_1(A,B), frame(B,C), ascissa_rettangolo(C,0.498366), on_top(C,D), 
   altezza_rettangolo(D,0.01010101).
[pos-neg] [50]
[clause label] [[50,0,6,50]]
[clauses explored] [4256]
[-------------------------------------]
[-------------------------------------]
[found clause]
class_jmlr(A) :-
   pagina_1(A,B), frame(B,C), ascissa_rettangolo(C,0.498366), frame(B,D), 
   allineato_al_centro_orizzontale(D,E).
[pos-neg] [57]
[clause label] [[57,0,6,57]]
[clauses explored] [4413]
[-------------------------------------]
[clauses constructed] [50000]
[search time] [23.905]
[best clause]
class_jmlr(A) :-
   pagina_1(A,B), frame(B,C), ascissa_rettangolo(C,0.498366), frame(B,D), 
   allineato_al_centro_orizzontale(D,E).
[sat] [21]
[-------------------------------------]
[found clause]
class_jmlr(A) :-
   pagina_1(A,B), frame(B,C), ascissa_rettangolo(C,0.27450982).
[pos-neg] [2]
[clause label] [[2,0,4,2]]
[clauses explored] [409]
[-------------------------------------]
[clauses constructed] [414]
[search time] [0.019999999999996]
[best clause]
class_jmlr(A) :-
   pagina_1(A,B), frame(B,C), ascissa_rettangolo(C,0.27450982).

[theory]

[Rule 1] [Pos cover = 31 Neg cover = 0]
class_jmlr(A) :-
   pagina_1(A,B), frame(B,C), allineato_al_centro_orizzontale(C,D), on_top(D,E), 
   altezza_rettangolo(E,0.012626262).
[pos-neg] [31]

[Rule 2] [Pos cover = 85 Neg cover = 0]
class_jmlr(A) :-
   pagina_1(A,B), frame(B,C), ascissa_rettangolo(C,0.498366), frame(B,D), 
   allineato_al_centro_orizzontale(D,E).
[pos-neg] [85]

[Rule 3] [Pos cover = 2 Neg cover = 0]
class_jmlr(A) :-
   pagina_1(A,B), frame(B,C), ascissa_rettangolo(C,0.27450982).
[pos-neg] [2]

[Training set performance]
           Actual
        +          -  
     + 90         0         90 
Pred 
     -  0         228        228 

       90        228        318 

Accuracy = 1.0
[Training set summary] [[90,0,0,228]]
[Test set performance]
          Actual
       +        - 
     + 10        0        10 
Pred 
     - 0        25        25 

       10        25        35 

Accuracy = 1.0
[Test set summary] [[10,0,0,25]]
[time taken] [45.448]

