mar 19 ago 2014, 09.35.07, CEST
lusio-laptop
[settings]
        cache_clauselength=5
        caching=true
        check_useless=true
        clauselength=8
        clauses=8
        construct_bottom=saturation
        depth=15
        evalfn=coverage
        explore=false
        greedy=true
        gsamplesize=100
        i=10
        lazy_on_contradiction=true
        lazy_on_cost=false
        minpos=2
        nodes=50000
        noise=0
        print=4
        prior=0.28391167192429
        proof_strategy=restricted_sld
        prune_defs=false
        record=true
        recordfile=./jmlr_f9.log
        refine=false
        refineop=false
        rulefile=./jmlr_f9.rul
        samplesize=1
        search=bf
        splitvars=false
        stage=command
        test_neg=./jmlr_f9_test.n
        test_pos=./jmlr_f9_test.f
        thread=8
        train_neg=jmlr_f9.n
        train_pos=jmlr_f9.f
        verbosity=0
        version=2.7.5
[sat] [58]
[-------------------------------------]
[found clause]
class_jmlr(A) :-
   pagina_1(A,B), frame(B,C), ascissa_rettangolo(C,0.748366).
[pos-neg] [8]
[clause label] [[8,0,4,8]]
[clauses explored] [54]
[-------------------------------------]
[-------------------------------------]
[found clause]
class_jmlr(A) :-
   pagina_1(A,B), frame(B,C), ordinata_rettangolo(C,0.9229798).
[pos-neg] [10]
[clause label] [[10,0,4,10]]
[clauses explored] [83]
[-------------------------------------]
[-------------------------------------]
[found clause]
class_jmlr(A) :-
   pagina_1(A,B), frame(B,C), ascissa_rettangolo(C,0.72875816).
[pos-neg] [16]
[clause label] [[16,0,4,16]]
[clauses explored] [99]
[-------------------------------------]
[-------------------------------------]
[found clause]
class_jmlr(A) :-
   pagina_1(A,B), frame(B,C), ordinata_rettangolo(C,0.056818184).
[pos-neg] [51]
[clause label] [[51,0,4,51]]
[clauses explored] [112]
[-------------------------------------]
[-------------------------------------]
[found clause]
class_jmlr(A) :-
   pagina_1(A,B), frame(B,C), larghezza_rettangolo(C,0.64215684).
[pos-neg] [59]
[clause label] [[59,0,4,59]]
[clauses explored] [173]
[-------------------------------------]
[-------------------------------------]
[found clause]
class_jmlr(A) :-
   pagina_1(A,B), frame(B,C), ascissa_rettangolo(C,0.498366), on_top(C,D), 
   altezza_rettangolo(D,0.01010101).
[pos-neg] [76]
[clause label] [[76,0,6,76]]
[clauses explored] [4524]
[-------------------------------------]
[-------------------------------------]
[found clause]
class_jmlr(A) :-
   pagina_1(A,B), frame(B,C), ascissa_rettangolo(C,0.498366), frame(B,D), 
   allineato_al_centro_orizzontale(D,E).
[pos-neg] [85]
[clause label] [[85,0,6,85]]
[clauses explored] [4670]
[-------------------------------------]
[clauses constructed] [50000]
[search time] [26.745]
[best clause]
class_jmlr(A) :-
   pagina_1(A,B), frame(B,C), ascissa_rettangolo(C,0.498366), frame(B,D), 
   allineato_al_centro_orizzontale(D,E).
[sat] [84]
[-------------------------------------]
[found clause]
class_jmlr(A) :-
   pagina_1(A,B), frame(B,C), ordinata_rettangolo(C,0.058080807).
[pos-neg] [2]
[clause label] [[2,0,4,2]]
[clauses explored] [84]
[-------------------------------------]
[-------------------------------------]
[found clause]
class_jmlr(A) :-
   pagina_1(A,B), frame(B,C), allineato_al_centro_orizzontale(C,D), on_top(D,E), 
   altezza_rettangolo(E,0.012626262).
[pos-neg] [3]
[clause label] [[3,0,6,3]]
[clauses explored] [11032]
[-------------------------------------]
[clauses constructed] [50000]
[search time] [7.274]
[best clause]
class_jmlr(A) :-
   pagina_1(A,B), frame(B,C), allineato_al_centro_orizzontale(C,D), on_top(D,E), 
   altezza_rettangolo(E,0.012626262).
[sat] [23]
[-------------------------------------]
[found clause]
class_jmlr(A) :-
   pagina_1(A,B), frame(B,C), ascissa_rettangolo(C,0.27450982).
[pos-neg] [2]
[clause label] [[2,0,4,2]]
[clauses explored] [199]
[-------------------------------------]
[clauses constructed] [211]
[search time] [0.0120000000000005]
[best clause]
class_jmlr(A) :-
   pagina_1(A,B), frame(B,C), ascissa_rettangolo(C,0.27450982).

[theory]

[Rule 1] [Pos cover = 85 Neg cover = 0]
class_jmlr(A) :-
   pagina_1(A,B), frame(B,C), ascissa_rettangolo(C,0.498366), frame(B,D), 
   allineato_al_centro_orizzontale(D,E).
[pos-neg] [85]

[Rule 2] [Pos cover = 33 Neg cover = 0]
class_jmlr(A) :-
   pagina_1(A,B), frame(B,C), allineato_al_centro_orizzontale(C,D), on_top(D,E), 
   altezza_rettangolo(E,0.012626262).
[pos-neg] [33]

[Rule 3] [Pos cover = 2 Neg cover = 0]
class_jmlr(A) :-
   pagina_1(A,B), frame(B,C), ascissa_rettangolo(C,0.27450982).
[pos-neg] [2]

[Training set performance]
           Actual
        +          -  
     + 90         0         90 
Pred 
     -  0         227        227 

       90        227        317 

Accuracy = 1.0
[Training set summary] [[90,0,0,227]]
[Test set performance]
          Actual
       +        - 
     + 10        0        10 
Pred 
     - 0        26        26 

       10        26        36 

Accuracy = 1.0
[Test set summary] [[10,0,0,26]]
[time taken] [34.201]

