
[settings]
        abduce=false
        cache_clauselength=5
        caching=true
        check_good=false
        check_redundant=false
        check_useless=true
        clauselength=8
        clauses=8
        condition=false
        confidence=0.95
        construct_bottom=saturation
        depth=15
        evalfn=coverage
        explore=false
        good=false
        greedy=true
        gsamplesize=100
        i=10
        interactive=false
        language=(+inf)
        lazy_negs=false
        lazy_on_contradiction=false
        lazy_on_cost=false
        lookahead=1
        max_abducibles=2
        max_features=(+inf)
        minacc=0.0
        mingain=0.05
        minpos=2
        minposfrac=0
        minscore=(-inf)
        moves=5
        newvars=(+inf)
        nodes=50000
        noise=0
        nreduce_bottom=false
        openlist=(+inf)
        optimise_clauses=false
        permute_bottom=false
        portray_examples=false
        portray_hypothesis=false
        portray_literals=false
        portray_search=false
        print=4
        prior=[0.198738170347003-pos,0.801261829652997-neg]
        proof_strategy=restricted_sld
        prooftime=(+inf)
        prune_tree=false
        record=true
        recordfile=./svln_f9.log
        recordfile_stream=$stream(5)
        refine=false
        refineop=false
        resample=1
        rls_type=gsat
        rulefile=./svln_f9.rul
        samplesize=0
        search=bf
        searchstrat=bf
        searchtime=(+inf)
        skolemvars=10000
        splitvars=false
        stage=command
        store_bottom=false
        subsample=false
        subsamplesize=(+inf)
        test_neg=./svln_f9_test.n
        test_pos=./svln_f9_test.f
        thread=8
        threads=1
        train_neg=svln_f9.n
        train_pos=svln_f9.f
        tries=10
        typeoverlap=0.95
        uniform_sample=false
        updateback=true
        verbosity=0
        version=5
[sat] [1]
[-------------------------------------]
[found clause]
class_svln(A) :-
   pagina_1(A,B), frame(B,C), ordinata_rettangolo(C,0.18181819).
[pos cover = 2 neg cover = 0] [pos-neg] [2]
[clause label] [[2,0,4,2]]
[clauses constructed] [43]
[-------------------------------------]
[-------------------------------------]
[found clause]
class_svln(A) :-
   pagina_1(A,B), frame(B,C), ascissa_rettangolo(C,0.48366013), ordinata_rettangolo(C,0.135101).
[pos cover = 3 neg cover = 0] [pos-neg] [3]
[clause label] [[3,0,5,3]]
[clauses constructed] [170]
[-------------------------------------]
[-------------------------------------]
[found clause]
class_svln(A) :-
   pagina_1(A,B), frame(B,C), ascissa_rettangolo(C,0.375817), larghezza_rettangolo(C,0.3480392).
[pos cover = 19 neg cover = 0] [pos-neg] [19]
[clause label] [[19,0,5,19]]
[clauses constructed] [174]
[-------------------------------------]
[-------------------------------------]
[found clause]
class_svln(A) :-
   pagina_1(A,B), frame(B,C), ascissa_rettangolo(C,0.375817), tipo_misto(C).
[pos cover = 22 neg cover = 0] [pos-neg] [22]
[clause label] [[22,0,5,22]]
[clauses constructed] [176]
[-------------------------------------]
[-------------------------------------]
[found clause]
class_svln(A) :-
   pagina_1(A,B), frame(B,C), ascissa_rettangolo(C,0.48366013), on_top(C,D), 
   tipo_misto(D).
[pos cover = 29 neg cover = 0] [pos-neg] [29]
[clause label] [[29,0,6,29]]
[clauses constructed] [1245]
[-------------------------------------]
[clauses constructed] [50000]
[search time] [48.596]
[best clause]
class_svln(A) :-
   pagina_1(A,B), frame(B,C), ascissa_rettangolo(C,0.48366013), on_top(C,D), 
   tipo_misto(D).
[positive examples left] [34]
[estimated time to finish (secs)] [56.9746206896552]
[sat] [2]
[-------------------------------------]
[found clause]
class_svln(A) :-
   pagina_1(A,B), frame(B,C), larghezza_rettangolo(C,0.47549018).
[pos cover = 13 neg cover = 0] [pos-neg] [13]
[clause label] [[13,0,4,13]]
[clauses constructed] [93]
[-------------------------------------]
[-------------------------------------]
[found clause]
class_svln(A) :-
   pagina_1(A,B), frame(B,C), altezza_rettangolo(C,0.011363637), on_top(C,D), 
   ascissa_rettangolo(D,0.4852941).
[pos cover = 15 neg cover = 0] [pos-neg] [15]
[clause label] [[15,0,6,15]]
[clauses constructed] [2559]
[-------------------------------------]
[-------------------------------------]
[found clause]
class_svln(A) :-
   pagina_1(A,B), frame(B,C), allineato_al_centro_verticale(C,D), ascissa_rettangolo(D,0.4852941), 
   frame(B,E), altezza_rettangolo(E,0.011363637).
[pos cover = 16 neg cover = 0] [pos-neg] [16]
[clause label] [[16,0,7,16]]
[clauses constructed] [12747]
[-------------------------------------]
[clauses constructed] [50000]
[search time] [16.553]
[best clause]
class_svln(A) :-
   pagina_1(A,B), frame(B,C), allineato_al_centro_verticale(C,D), ascissa_rettangolo(D,0.4852941), 
   frame(B,E), altezza_rettangolo(E,0.011363637).
[positive examples left] [18]
[estimated time to finish (secs)] [26.0596]
[sat] [11]
[-------------------------------------]
[found clause]
class_svln(A) :-
   pagina_1(A,B), frame(B,C), ordinata_rettangolo(C,0.6300505).
[pos cover = 2 neg cover = 0] [pos-neg] [2]
[clause label] [[2,0,4,2]]
[clauses constructed] [79]
[-------------------------------------]
[-------------------------------------]
[found clause]
class_svln(A) :-
   pagina_1(A,B), frame(B,C), larghezza_rettangolo(C,0.47549018).
[pos cover = 5 neg cover = 0] [pos-neg] [5]
[clause label] [[5,0,4,5]]
[clauses constructed] [112]
[-------------------------------------]
[-------------------------------------]
[found clause]
class_svln(A) :-
   pagina_1(A,B), frame(B,C), ordinata_rettangolo(C,0.12373737).
[pos cover = 6 neg cover = 0] [pos-neg] [6]
[clause label] [[6,0,4,6]]
[clauses constructed] [158]
[-------------------------------------]
[-------------------------------------]
[found clause]
class_svln(A) :-
   pagina_1(A,B), frame(B,C), altezza_rettangolo(C,0.018939395), tipo_misto(C).
[pos cover = 7 neg cover = 0] [pos-neg] [7]
[clause label] [[7,0,5,7]]
[clauses constructed] [338]
[-------------------------------------]
[clauses constructed] [50000]
[search time] [20.817]
[best clause]
class_svln(A) :-
   pagina_1(A,B), frame(B,C), altezza_rettangolo(C,0.018939395), tipo_misto(C).
[positive examples left] [11]
[estimated time to finish (secs)] [18.1851153846154]
[sat] [12]
[-------------------------------------]
[found clause]
class_svln(A) :-
   pagina_1(A,B), frame(B,C), ordinata_rettangolo(C,0.8421717).
[pos cover = 2 neg cover = 0] [pos-neg] [2]
[clause label] [[2,0,4,2]]
[clauses constructed] [123]
[-------------------------------------]
[-------------------------------------]
[found clause]
class_svln(A) :-
   pagina_1(A,B), frame(B,C), ascissa_rettangolo(C,0.48039216), larghezza_rettangolo(C,0.5555556).
[pos cover = 3 neg cover = 0] [pos-neg] [3]
[clause label] [[3,0,5,3]]
[clauses constructed] [191]
[-------------------------------------]
[-------------------------------------]
[found clause]
class_svln(A) :-
   pagina_1(A,B), frame(B,C), ascissa_rettangolo(C,0.375817), larghezza_rettangolo(C,0.3480392).
[pos cover = 4 neg cover = 0] [pos-neg] [4]
[clause label] [[4,0,5,4]]
[clauses constructed] [237]
[-------------------------------------]
[-------------------------------------]
[found clause]
class_svln(A) :-
   pagina_1(A,B), frame(B,C), ascissa_rettangolo(C,0.27124184), larghezza_rettangolo(C,0.13725491).
[pos cover = 6 neg cover = 0] [pos-neg] [6]
[clause label] [[6,0,5,6]]
[clauses constructed] [284]
[-------------------------------------]
[clauses constructed] [50000]
[search time] [15.425]
[best clause]
class_svln(A) :-
   pagina_1(A,B), frame(B,C), ascissa_rettangolo(C,0.27124184), larghezza_rettangolo(C,0.13725491).
[positive examples left] [5]
[estimated time to finish (secs)] [8.74060344827586]
[sat] [37]
[-------------------------------------]
[found clause]
class_svln(A) :-
   pagina_1(A,B), frame(B,C), ordinata_rettangolo(C,0.12373737).
[pos cover = 2 neg cover = 0] [pos-neg] [2]
[clause label] [[2,0,4,2]]
[clauses constructed] [110]
[-------------------------------------]
[-------------------------------------]
[found clause]
class_svln(A) :-
   pagina_1(A,B), frame(B,C), altezza_rettangolo(C,0.01010101), ascissa_rettangolo(C,0.26960784).
[pos cover = 3 neg cover = 0] [pos-neg] [3]
[clause label] [[3,0,5,3]]
[clauses constructed] [177]
[-------------------------------------]
[clauses constructed] [50000]
[search time] [17.804]
[best clause]
class_svln(A) :-
   pagina_1(A,B), frame(B,C), altezza_rettangolo(C,0.01010101), ascissa_rettangolo(C,0.26960784).
[positive examples left] [2]
[estimated time to finish (secs)] [3.90803278688525]
[sat] [42]
[-------------------------------------]
[found clause]
class_svln(A) :-
   pagina_1(A,B), frame(B,C), ascissa_rettangolo(C,0.375817), ordinata_rettangolo(C,0.84090906).
[pos cover = 2 neg cover = 0] [pos-neg] [2]
[clause label] [[2,0,5,2]]
[clauses constructed] [128]
[-------------------------------------]
[clauses constructed] [132]
[search time] [0.00999999999999091]
[best clause]
class_svln(A) :-
   pagina_1(A,B), frame(B,C), ascissa_rettangolo(C,0.375817), ordinata_rettangolo(C,0.84090906).
[positive examples left] [0]
[estimated time to finish (secs)] [0.0]

[theory]

[Rule 1] [Pos cover = 29 Neg cover = 0]
class_svln(A) :-
   pagina_1(A,B), frame(B,C), ascissa_rettangolo(C,0.48366013), on_top(C,D), 
   tipo_misto(D).

[Rule 2] [Pos cover = 28 Neg cover = 0]
class_svln(A) :-
   pagina_1(A,B), frame(B,C), allineato_al_centro_verticale(C,D), ascissa_rettangolo(D,0.4852941), 
   frame(B,E), altezza_rettangolo(E,0.011363637).

[Rule 3] [Pos cover = 23 Neg cover = 0]
class_svln(A) :-
   pagina_1(A,B), frame(B,C), altezza_rettangolo(C,0.018939395), tipo_misto(C).

[Rule 4] [Pos cover = 18 Neg cover = 0]
class_svln(A) :-
   pagina_1(A,B), frame(B,C), ascissa_rettangolo(C,0.27124184), larghezza_rettangolo(C,0.13725491).

[Rule 5] [Pos cover = 6 Neg cover = 0]
class_svln(A) :-
   pagina_1(A,B), frame(B,C), altezza_rettangolo(C,0.01010101), ascissa_rettangolo(C,0.26960784).

[Rule 6] [Pos cover = 18 Neg cover = 0]
class_svln(A) :-
   pagina_1(A,B), frame(B,C), ascissa_rettangolo(C,0.375817), ordinata_rettangolo(C,0.84090906).

[Training set performance]
           Actual
        +          -  
     + 63         0         63 
Pred 
     -  0         254        254 

       63        254        317 

Accuracy = 1.0
[Training set summary] [[63,0,0,254]]
[Test set performance]
          Actual
       +        - 
     + 7        1        8 
Pred 
     - 0        28        28 

       7        29        36 

Accuracy = 0.972222222222222
[Test set summary] [[7,1,0,28]]
[time taken] [120.315]

[total clauses constructed] [250132]
