
[settings]
        abduce=false
        cache_clauselength=5
        caching=true
        check_good=false
        check_redundant=false
        check_useless=true
        clauselength=8
        clauses=8
        condition=false
        confidence=0.95
        construct_bottom=saturation
        depth=15
        evalfn=coverage
        explore=false
        good=false
        greedy=true
        gsamplesize=100
        i=10
        interactive=false
        language=(+inf)
        lazy_negs=false
        lazy_on_contradiction=false
        lazy_on_cost=false
        lookahead=1
        max_abducibles=2
        max_features=(+inf)
        minacc=0.0
        mingain=0.05
        minpos=2
        minposfrac=0
        minscore=(-inf)
        moves=5
        newvars=(+inf)
        nodes=50000
        noise=0
        nreduce_bottom=false
        openlist=(+inf)
        optimise_clauses=false
        permute_bottom=false
        portray_examples=false
        portray_hypothesis=false
        portray_literals=false
        portray_search=false
        print=4
        prior=[0.345911949685535-pos,0.654088050314465-neg]
        proof_strategy=restricted_sld
        prooftime=(+inf)
        prune_tree=false
        record=true
        recordfile=./mlj_f4.log
        recordfile_stream=$stream(5)
        refine=false
        refineop=false
        resample=1
        rls_type=gsat
        rulefile=./mlj_f4.rul
        samplesize=0
        search=bf
        searchstrat=bf
        searchtime=(+inf)
        skolemvars=10000
        splitvars=false
        stage=command
        store_bottom=false
        subsample=false
        subsamplesize=(+inf)
        test_neg=./mlj_f4_test.n
        test_pos=./mlj_f4_test.f
        thread=8
        threads=1
        train_neg=mlj_f4.n
        train_pos=mlj_f4.f
        tries=10
        typeoverlap=0.95
        uniform_sample=false
        updateback=true
        verbosity=0
        version=5
[sat] [1]
[clauses constructed] [50000]
[search time] [17.433]
[best clause]
class_mlj(d06060518403601511).
[positive examples left] [109]
[estimated time to finish (secs)] [1900.197]
[sat] [2]
[clauses constructed] [50000]
[search time] [11.1]
[best clause]
class_mlj(d06053013414313942).
[positive examples left] [108]
[estimated time to finish (secs)] [1540.782]
[sat] [3]
[clauses constructed] [50000]
[search time] [18.335]
[best clause]
class_mlj(d06053013294713222).
[positive examples left] [107]
[estimated time to finish (secs)] [1671.62533333333]
[sat] [4]
[clauses constructed] [50000]
[search time] [20.823]
[best clause]
class_mlj(d06060518271300632).
[positive examples left] [106]
[estimated time to finish (secs)] [1793.8115]
[sat] [5]
[clauses constructed] [50000]
[search time] [11.102]
[best clause]
class_mlj(d06053013231712818).
[positive examples left] [105]
[estimated time to finish (secs)] [1654.653]
[sat] [6]
[clauses constructed] [50000]
[search time] [18.95]
[best clause]
class_mlj(d06060518492902207).
[positive examples left] [104]
[estimated time to finish (secs)] [1694.212]
[sat] [7]
[clauses constructed] [50000]
[search time] [10.89]
[best clause]
class_mlj(d06053013422114002).
[positive examples left] [103]
[estimated time to finish (secs)] [1598.457]
[sat] [8]
[clauses constructed] [50000]
[search time] [16.551]
[best clause]
class_mlj(d06060510265913574).
[positive examples left] [102]
[estimated time to finish (secs)] [1596.096]
[sat] [9]
[clauses constructed] [50000]
[search time] [12.603]
[best clause]
class_mlj(d06060518294100752).
[positive examples left] [101]
[estimated time to finish (secs)] [1546.27633333333]
[sat] [10]
[-------------------------------------]
[found clause]
class_mlj(A) :-
   pagina_1(A,B), larghezza_pagina(B,613.0).
[pos cover = 4 neg cover = 0] [pos-neg] [4]
[clause label] [[4,0,3,4]]
[clauses constructed] [11]
[-------------------------------------]
[clauses constructed] [44526]
[search time] [5.375]
[best clause]
class_mlj(A) :-
   pagina_1(A,B), larghezza_pagina(B,613.0).
[positive examples left] [97]
[estimated time to finish (secs)] [1068.20876923077]
[sat] [11]
[-------------------------------------]
[found clause]
class_mlj(A) :-
   pagina_1(A,B), frame(B,C), allineato_al_centro_orizzontale(C,D), on_top(D,C), 
   allineato_al_centro_verticale(C,E).
[pos cover = 3 neg cover = 0] [pos-neg] [3]
[clause label] [[3,0,6,3]]
[clauses constructed] [1685]
[-------------------------------------]
[-------------------------------------]
[found clause]
class_mlj(A) :-
   pagina_1(A,B), frame(B,C), allineato_al_centro_orizzontale(C,D), on_top(D,C), 
   on_top(C,E), on_top(E,F).
[pos cover = 4 neg cover = 0] [pos-neg] [4]
[clause label] [[4,0,7,4]]
[clauses constructed] [16584]
[-------------------------------------]
[clauses constructed] [50000]
[search time] [13.949]
[best clause]
class_mlj(A) :-
   pagina_1(A,B), frame(B,C), allineato_al_centro_orizzontale(C,D), on_top(D,C), 
   on_top(C,E), on_top(E,F).
[positive examples left] [93]
[estimated time to finish (secs)] [859.489588235294]
[sat] [12]
[clauses constructed] [50000]
[search time] [9.958]
[best clause]
class_mlj(d06053013391413799).
[positive examples left] [92]
[estimated time to finish (secs)] [853.908222222222]
[sat] [13]
[clauses constructed] [50000]
[search time] [16.641]
[best clause]
class_mlj(d06053013364813706).
[positive examples left] [91]
[estimated time to finish (secs)] [879.874210526316]
[sat] [14]
[clauses constructed] [50000]
[search time] [18.169]
[best clause]
class_mlj(d06060518524102431).
[positive examples left] [90]
[estimated time to finish (secs)] [908.4555]
[sat] [15]
[clauses constructed] [50000]
[search time] [17.61]
[best clause]
class_mlj(d06053013423414009).
[positive examples left] [89]
[estimated time to finish (secs)] [930.215285714286]
[sat] [16]
[clauses constructed] [50000]
[search time] [19.081]
[best clause]
class_mlj(d06053013204412712).
[positive examples left] [88]
[estimated time to finish (secs)] [954.28]
[sat] [17]
[clauses constructed] [50000]
[search time] [20.931]
[best clause]
class_mlj(d06060518380901422).
[positive examples left] [87]
[estimated time to finish (secs)] [981.590739130435]
[sat] [18]
[clauses constructed] [50000]
[search time] [13.681]
[best clause]
class_mlj(d06060518383601440).
[positive examples left] [86]
[estimated time to finish (secs)] [978.902166666667]
[sat] [19]
[clauses constructed] [50000]
[search time] [18.938]
[best clause]
class_mlj(d06060518285500732).
[positive examples left] [85]
[estimated time to finish (secs)] [993.208]
[sat] [20]
[clauses constructed] [50000]
[search time] [18.059]
[best clause]
class_mlj(d06060518434801636).
[positive examples left] [84]
[estimated time to finish (secs)] [1002.11676923077]
[sat] [21]
[clauses constructed] [50000]
[search time] [16.568]
[best clause]
class_mlj(d06053013264113073).
[positive examples left] [83]
[estimated time to finish (secs)] [1004.44448148148]
[sat] [22]
[clauses constructed] [50000]
[search time] [18.434]
[best clause]
class_mlj(d06060518443101648).
[positive examples left] [82]
[estimated time to finish (secs)] [1010.88721428571]
[sat] [23]
[clauses constructed] [50000]
[search time] [16.785]
[best clause]
class_mlj(d06060518312200919).
[positive examples left] [81]
[estimated time to finish (secs)] [1011.00848275862]
[sat] [24]
[clauses constructed] [50000]
[search time] [14.038]
[best clause]
class_mlj(d06053013360113675).
[positive examples left] [80]
[estimated time to finish (secs)] [1002.67733333333]
[sat] [25]
[clauses constructed] [50000]
[search time] [19.765]
[best clause]
class_mlj(d06060518472902031).
[positive examples left] [79]
[estimated time to finish (secs)] [1008.57261290323]
[sat] [26]
[clauses constructed] [50000]
[search time] [10.785]
[best clause]
class_mlj(d06060510414814236).
[positive examples left] [78]
[estimated time to finish (secs)] [990.975375]
[sat] [27]
[-------------------------------------]
[found clause]
class_mlj(A) :-
   pagina_1(A,B), altezza_pagina(B,666.0).
[pos cover = 4 neg cover = 0] [pos-neg] [4]
[clause label] [[4,0,3,4]]
[clauses constructed] [5]
[-------------------------------------]
[clauses constructed] [50000]
[search time] [11.881]
[best clause]
class_mlj(A) :-
   pagina_1(A,B), altezza_pagina(B,666.0).
[positive examples left] [74]
[estimated time to finish (secs)] [860.116388888888]
[sat] [28]
[clauses constructed] [50000]
[search time] [12.851]
[best clause]
class_mlj(d06060510413614235).
[positive examples left] [73]
[estimated time to finish (secs)] [850.915621621621]
[sat] [29]
[clauses constructed] [50000]
[search time] [10.199]
[best clause]
class_mlj(d06053013312413349).
[positive examples left] [72]
[estimated time to finish (secs)] [836.497894736842]
[sat] [30]
[clauses constructed] [50000]
[search time] [14.203]
[best clause]
class_mlj(d06053013211912730).
[positive examples left] [71]
[estimated time to finish (secs)] [829.585846153846]
[sat] [31]
[clauses constructed] [50000]
[search time] [12.87]
[best clause]
class_mlj(d06060518322601004).
[positive examples left] [70]
[estimated time to finish (secs)] [819.9765]
[sat] [32]
[clauses constructed] [50000]
[search time] [12.996]
[best clause]
class_mlj(d06060518310700907).
[positive examples left] [69]
[estimated time to finish (secs)] [810.420146341463]
[sat] [33]
[clauses constructed] [50000]
[search time] [12.121]
[best clause]
class_mlj(d06053013254713021).
[positive examples left] [68]
[estimated time to finish (secs)] [799.283333333333]
[sat] [34]
[clauses constructed] [50000]
[search time] [13.531]
[best clause]
class_mlj(d06053013405113891).
[positive examples left] [67]
[estimated time to finish (secs)] [790.297720930232]
[sat] [35]
[clauses constructed] [50000]
[search time] [17.713]
[best clause]
class_mlj(d06060510434514330).
[positive examples left] [66]
[estimated time to finish (secs)] [787.378499999999]
[sat] [37]
[clauses constructed] [50000]
[search time] [32.651]
[best clause]
class_mlj(d06060510433614325).
[positive examples left] [65]
[estimated time to finish (secs)] [805.378888888888]
[sat] [38]
[clauses constructed] [50000]
[search time] [26.428]
[best clause]
class_mlj(d06060510384514083).
[positive examples left] [64]
[estimated time to finish (secs)] [812.518956521739]
[sat] [39]
[clauses constructed] [50000]
[search time] [9.33400000000006]
[best clause]
class_mlj(d06053013393813816).
[positive examples left] [63]
[estimated time to finish (secs)] [795.317361702127]
[sat] [40]
[clauses constructed] [50000]
[search time] [15.514]
[best clause]
class_mlj(d06060510502115103).
[positive examples left] [62]
[estimated time to finish (secs)] [786.426083333333]
[sat] [41]
[clauses constructed] [50000]
[search time] [10.819]
[best clause]
class_mlj(d06060510390714095).
[positive examples left] [61]
[estimated time to finish (secs)] [771.419693877551]
[sat] [42]
[clauses constructed] [50000]
[search time] [16.707]
[best clause]
class_mlj(d06053013430114052).
[positive examples left] [60]
[estimated time to finish (secs)] [763.6464]
[sat] [44]
[clauses constructed] [50000]
[search time] [13.496]
[best clause]
class_mlj(d06053013390613798).
[positive examples left] [59]
[estimated time to finish (secs)] [751.808078431372]
[sat] [46]
[clauses constructed] [50000]
[search time] [15.794]
[best clause]
class_mlj(d06060510271813626).
[positive examples left] [58]
[estimated time to finish (secs)] [742.469153846153]
[sat] [47]
[clauses constructed] [50000]
[search time] [10.712]
[best clause]
class_mlj(d06053013292513217).
[positive examples left] [57]
[estimated time to finish (secs)] [727.421094339622]
[sat] [48]
[clauses constructed] [50000]
[search time] [15.941]
[best clause]
class_mlj(d06053013251312977).
[positive examples left] [56]
[estimated time to finish (secs)] [717.956296296296]
[sat] [49]
[clauses constructed] [50000]
[search time] [11.754]
[best clause]
class_mlj(d06060518320700983).
[positive examples left] [55]
[estimated time to finish (secs)] [704.069]
[sat] [50]
[clauses constructed] [50000]
[search time] [16.4599999999999]
[best clause]
class_mlj(d06060518391301453).
[positive examples left] [54]
[estimated time to finish (secs)] [694.795821428571]
[sat] [51]
[clauses constructed] [50000]
[search time] [14.4219999999999]
[best clause]
class_mlj(d06060510495614980).
[positive examples left] [53]
[estimated time to finish (secs)] [683.37549122807]
[sat] [52]
[clauses constructed] [50000]
[search time] [15.8259999999999]
[best clause]
class_mlj(d06060518373601412).
[positive examples left] [52]
[estimated time to finish (secs)] [673.110413793103]
[sat] [53]
[clauses constructed] [50000]
[search time] [13.915]
[best clause]
class_mlj(d06053013365813708).
[positive examples left] [51]
[estimated time to finish (secs)] [661.004949152542]
[sat] [54]
[clauses constructed] [50000]
[search time] [15.875]
[best clause]
class_mlj(d06060518435901639).
[positive examples left] [50]
[estimated time to finish (secs)] [650.4725]
[sat] [55]
[clauses constructed] [50000]
[search time] [14.752]
[best clause]
class_mlj(d06053013262013044).
[positive examples left] [49]
[estimated time to finish (secs)] [638.862803278688]
[sat] [56]
[clauses constructed] [50000]
[search time] [12.9150000000001]
[best clause]
class_mlj(d06060510265113565).
[positive examples left] [48]
[estimated time to finish (secs)] [625.729548387096]
[sat] [57]
[clauses constructed] [1446]
[search time] [0.196000000000026]
[best clause]
class_mlj(d06060518433401633).
[positive examples left] [47]
[estimated time to finish (secs)] [603.114444444444]
[sat] [58]
[clauses constructed] [50000]
[search time] [13.885]
[best clause]
class_mlj(d06053013265213079).
[positive examples left] [46]
[estimated time to finish (secs)] [591.03890625]
[sat] [59]
[clauses constructed] [50000]
[search time] [10.096]
[best clause]
class_mlj(d06053013382113764).
[positive examples left] [45]
[estimated time to finish (secs)] [576.284538461538]
[sat] [60]
[clauses constructed] [50000]
[search time] [12.345]
[best clause]
class_mlj(d06053013430914058).
[positive examples left] [44]
[estimated time to finish (secs)] [563.170666666666]
[sat] [61]
[clauses constructed] [50000]
[search time] [13.629]
[best clause]
class_mlj(d06053013393313815).
[positive examples left] [43]
[estimated time to finish (secs)] [550.903805970149]
[sat] [62]
[clauses constructed] [50000]
[search time] [13.7570000000001]
[best clause]
class_mlj(d06060518381901424).
[positive examples left] [42]
[estimated time to finish (secs)] [538.67594117647]
[sat] [65]
[clauses constructed] [50000]
[search time] [12.4400000000001]
[best clause]
class_mlj(d06053013220812764).
[positive examples left] [41]
[estimated time to finish (secs)] [525.621188405797]
[sat] [66]
[clauses constructed] [50000]
[search time] [14.487]
[best clause]
class_mlj(d06060518335301163).
[positive examples left] [40]
[estimated time to finish (secs)] [513.753714285714]
[sat] [67]
[clauses constructed] [50000]
[search time] [14.246]
[best clause]
class_mlj(d06060518351001324).
[positive examples left] [39]
[estimated time to finish (secs)] [501.680070422535]
[sat] [69]
[clauses constructed] [50000]
[search time] [9.21699999999998]
[best clause]
class_mlj(d06060518525802442).
[positive examples left] [38]
[estimated time to finish (secs)] [486.891888888889]
[sat] [70]
[clauses constructed] [50000]
[search time] [13.13]
[best clause]
class_mlj(d06060518394701461).
[positive examples left] [37]
[estimated time to finish (secs)] [474.239643835616]
[sat] [71]
[clauses constructed] [50000]
[search time] [8.91999999999996]
[best clause]
class_mlj(d06060510263313550).
[positive examples left] [36]
[estimated time to finish (secs)] [459.526378378378]
[sat] [72]
[clauses constructed] [50000]
[search time] [9.51900000000001]
[best clause]
class_mlj(d06053013380913737).
[positive examples left] [35]
[estimated time to finish (secs)] [445.247133333333]
[sat] [73]
[clauses constructed] [50000]
[search time] [13.264]
[best clause]
class_mlj(d06053013205712715).
[positive examples left] [34]
[estimated time to finish (secs)] [432.768552631579]
[sat] [74]
[clauses constructed] [50000]
[search time] [12.115]
[best clause]
class_mlj(d06053013254013020).
[positive examples left] [33]
[estimated time to finish (secs)] [419.777142857143]
[sat] [75]
[clauses constructed] [50000]
[search time] [14.355]
[best clause]
class_mlj(d06060518523102428).
[positive examples left] [32]
[estimated time to finish (secs)] [407.727179487179]
[sat] [77]
[clauses constructed] [50000]
[search time] [16.003]
[best clause]
class_mlj(d06053013303213292).
[positive examples left] [31]
[estimated time to finish (secs)] [396.265544303797]
[sat] [78]
[clauses constructed] [50000]
[search time] [9.29200000000014]
[best clause]
class_mlj(d06053013245412933).
[positive examples left] [30]
[estimated time to finish (secs)] [382.17375]
[sat] [80]
[clauses constructed] [50000]
[search time] [12.1080000000002]
[best clause]
class_mlj(d06053013250012940).
[positive examples left] [29]
[estimated time to finish (secs)] [369.208666666667]
[sat] [81]
[clauses constructed] [50000]
[search time] [15.316]
[best clause]
class_mlj(d06060518251800523).
[positive examples left] [28]
[estimated time to finish (secs)] [357.359902439024]
[sat] [82]
[clauses constructed] [50000]
[search time] [13.0049999999999]
[best clause]
class_mlj(d06053013415713955).
[positive examples left] [27]
[estimated time to finish (secs)] [344.675819277108]
[sat] [83]
[clauses constructed] [50000]
[search time] [12.134]
[best clause]
class_mlj(d06060510430514318).
[positive examples left] [26]
[estimated time to finish (secs)] [331.7145]
[sat] [84]
[clauses constructed] [50000]
[search time] [13.2430000000002]
[best clause]
class_mlj(d06060518445901684).
[positive examples left] [25]
[estimated time to finish (secs)] [319.098823529412]
[sat] [85]
[clauses constructed] [50000]
[search time] [10.732]
[best clause]
class_mlj(d06060510270713582).
[positive examples left] [24]
[estimated time to finish (secs)] [305.767813953488]
[sat] [86]
[clauses constructed] [50000]
[search time] [13.4110000000001]
[best clause]
class_mlj(d06053013403113871).
[positive examples left] [23]
[estimated time to finish (secs)] [293.204793103448]
[sat] [87]
[clauses constructed] [50000]
[search time] [15.8600000000001]
[best clause]
class_mlj(d06060518272200636).
[positive examples left] [22]
[estimated time to finish (secs)] [281.23475]
[sat] [88]
[clauses constructed] [50000]
[search time] [11.8429999999998]
[best clause]
class_mlj(d06060518304000869).
[positive examples left] [21]
[estimated time to finish (secs)] [268.229460674157]
[sat] [89]
[clauses constructed] [50000]
[search time] [12.46]
[best clause]
class_mlj(d06060510503615135).
[positive examples left] [20]
[estimated time to finish (secs)] [255.387111111111]
[sat] [90]
[clauses constructed] [50000]
[search time] [11.7550000000001]
[best clause]
class_mlj(d06053013213312739).
[positive examples left] [19]
[estimated time to finish (secs)] [242.405967032967]
[sat] [91]
[clauses constructed] [50000]
[search time] [8.50700000000006]
[best clause]
class_mlj(d06053013401813843).
[positive examples left] [18]
[estimated time to finish (secs)] [228.816]
[sat] [92]
[clauses constructed] [50000]
[search time] [17.357]
[best clause]
class_mlj(d06060518405601538).
[positive examples left] [17]
[estimated time to finish (secs)] [216.953086021505]
[sat] [93]
[clauses constructed] [50000]
[search time] [17.3340000000001]
[best clause]
class_mlj(d06060518332901097).
[positive examples left] [16]
[estimated time to finish (secs)] [204.969361702128]
[sat] [94]
[clauses constructed] [50000]
[search time] [15.3890000000001]
[best clause]
class_mlj(d06060510444214386).
[positive examples left] [15]
[estimated time to finish (secs)] [192.565894736842]
[sat] [95]
[clauses constructed] [50000]
[search time] [12.5340000000001]
[best clause]
class_mlj(d06060518303100860).
[positive examples left] [14]
[estimated time to finish (secs)] [179.683875]
[sat] [96]
[clauses constructed] [50000]
[search time] [15.9489999999998]
[best clause]
class_mlj(d06060510273413645).
[positive examples left] [13]
[estimated time to finish (secs)] [167.266711340206]
[sat] [97]
[clauses constructed] [50000]
[search time] [12.28]
[best clause]
class_mlj(d06053013422814008).
[positive examples left] [12]
[estimated time to finish (secs)] [154.328204081633]
[sat] [99]
[clauses constructed] [50000]
[search time] [13.153]
[best clause]
class_mlj(d06060518482402123).
[positive examples left] [11]
[estimated time to finish (secs)] [141.5]
[sat] [100]
[clauses constructed] [50000]
[search time] [14.731]
[best clause]
class_mlj(d06060518270300598).
[positive examples left] [10]
[estimated time to finish (secs)] [128.8231]
[sat] [101]
[clauses constructed] [50000]
[search time] [14.9870000000001]
[best clause]
class_mlj(d06060518331601080).
[positive examples left] [9]
[estimated time to finish (secs)] [116.128336633663]
[sat] [102]
[clauses constructed] [50000]
[search time] [13.492]
[best clause]
class_mlj(d06053013233112832).
[positive examples left] [8]
[estimated time to finish (secs)] [103.27137254902]
[sat] [103]
[clauses constructed] [50000]
[search time] [11.9970000000001]
[best clause]
class_mlj(d06060510445614393).
[positive examples left] [7]
[estimated time to finish (secs)] [90.3004757281554]
[sat] [104]
[clauses constructed] [50000]
[search time] [12.3699999999999]
[best clause]
class_mlj(d06060518273300645).
[positive examples left] [6]
[estimated time to finish (secs)] [77.3698269230769]
[sat] [105]
[clauses constructed] [50000]
[search time] [13.2549999999999]
[best clause]
class_mlj(d06060518302200819).
[positive examples left] [5]
[estimated time to finish (secs)] [64.492]
[sat] [106]
[clauses constructed] [50000]
[search time] [9.01499999999987]
[best clause]
class_mlj(d06053013222512769).
[positive examples left] [4]
[estimated time to finish (secs)] [51.4470566037736]
[sat] [107]
[clauses constructed] [50000]
[search time] [15.144]
[best clause]
class_mlj(d06060518540302460).
[positive examples left] [3]
[estimated time to finish (secs)] [38.6492803738318]
[sat] [108]
[clauses constructed] [50000]
[search time] [7.50099999999998]
[best clause]
class_mlj(d06053013383013765).
[positive examples left] [2]
[estimated time to finish (secs)] [25.6665185185185]
[sat] [109]
[clauses constructed] [50000]
[search time] [10.4830000000002]
[best clause]
class_mlj(d06060518290400735).
[positive examples left] [1]
[estimated time to finish (secs)] [12.8116972477064]
[sat] [110]
[positive examples left] [0]
[estimated time to finish (secs)] [0.0]

[theory]

[Rule 10] [Pos cover = 4 Neg cover = 0]
class_mlj(A) :-
   pagina_1(A,B), larghezza_pagina(B,613.0).

[Rule 11] [Pos cover = 4 Neg cover = 0]
class_mlj(A) :-
   pagina_1(A,B), frame(B,C), allineato_al_centro_orizzontale(C,D), on_top(D,C), 
   on_top(C,E), on_top(E,F).

[Rule 27] [Pos cover = 4 Neg cover = 0]
class_mlj(A) :-
   pagina_1(A,B), altezza_pagina(B,666.0).

[Training set performance]
           Actual
        +          -  
     + 12         0         12 
Pred 
     - 98        208        306 

       110        208        318 

Accuracy = 0.691823899371069
[Training set summary] [[12,0,98,208]]
[Test set performance]
          Actual
       +        - 
     + 1        0        1 
Pred 
     - 11        23        34 

       12        23        35 

Accuracy = 0.685714285714286
[Test set summary] [[1,0,11,23]]
[time taken] [1420.089]

[total clauses constructed] [4945972]
