
[settings]
        abduce=false
        cache_clauselength=5
        caching=true
        check_good=false
        check_redundant=false
        check_useless=true
        clauselength=8
        clauses=8
        condition=false
        confidence=0.95
        construct_bottom=saturation
        depth=15
        evalfn=coverage
        explore=false
        good=false
        greedy=true
        gsamplesize=100
        i=10
        interactive=false
        language=(+inf)
        lazy_negs=false
        lazy_on_contradiction=false
        lazy_on_cost=false
        lookahead=1
        max_abducibles=2
        max_features=(+inf)
        minacc=0.0
        mingain=0.05
        minpos=2
        minposfrac=0
        minscore=(-inf)
        moves=5
        newvars=(+inf)
        nodes=50000
        noise=0
        nreduce_bottom=false
        openlist=(+inf)
        optimise_clauses=false
        permute_bottom=false
        portray_examples=false
        portray_hypothesis=false
        portray_literals=false
        portray_search=false
        print=4
        prior=[0.345911949685535-pos,0.654088050314465-neg]
        proof_strategy=restricted_sld
        prooftime=(+inf)
        prune_tree=false
        record=true
        recordfile=./mlj_f2.log
        recordfile_stream=$stream(5)
        refine=false
        refineop=false
        resample=1
        rls_type=gsat
        rulefile=./mlj_f2.rul
        samplesize=0
        search=bf
        searchstrat=bf
        searchtime=(+inf)
        skolemvars=10000
        splitvars=false
        stage=command
        store_bottom=false
        subsample=false
        subsamplesize=(+inf)
        test_neg=./mlj_f2_test.n
        test_pos=./mlj_f2_test.f
        thread=8
        threads=1
        train_neg=mlj_f2.n
        train_pos=mlj_f2.f
        tries=10
        typeoverlap=0.95
        uniform_sample=false
        updateback=true
        verbosity=0
        version=5
[sat] [1]
[clauses constructed] [50000]
[search time] [23.427]
[best clause]
class_mlj(d06060518403601511).
[positive examples left] [109]
[estimated time to finish (secs)] [2553.543]
[sat] [2]
[clauses constructed] [50000]
[search time] [12.282]
[best clause]
class_mlj(d06053013414313942).
[positive examples left] [108]
[estimated time to finish (secs)] [1928.286]
[sat] [3]
[clauses constructed] [50000]
[search time] [17.866]
[best clause]
class_mlj(d06053013294713222).
[positive examples left] [107]
[estimated time to finish (secs)] [1910.84166666667]
[sat] [4]
[clauses constructed] [50000]
[search time] [20.194]
[best clause]
class_mlj(d06060518271300632).
[positive examples left] [106]
[estimated time to finish (secs)] [1954.8785]
[sat] [5]
[clauses constructed] [50000]
[search time] [10.486]
[best clause]
class_mlj(d06053013231712818).
[positive examples left] [105]
[estimated time to finish (secs)] [1769.355]
[sat] [6]
[clauses constructed] [50000]
[search time] [18.798]
[best clause]
class_mlj(d06060518492902207).
[positive examples left] [104]
[estimated time to finish (secs)] [1786.252]
[sat] [7]
[clauses constructed] [50000]
[search time] [10.712]
[best clause]
class_mlj(d06053013422114002).
[positive examples left] [103]
[estimated time to finish (secs)] [1673.97071428571]
[sat] [8]
[clauses constructed] [50000]
[search time] [21.131]
[best clause]
class_mlj(d06060510265913574).
[positive examples left] [102]
[estimated time to finish (secs)] [1719.924]
[sat] [9]
[clauses constructed] [50000]
[search time] [14.425]
[best clause]
class_mlj(d06060518294100752).
[positive examples left] [101]
[estimated time to finish (secs)] [1675.71344444444]
[sat] [10]
[-------------------------------------]
[found clause]
class_mlj(A) :-
   pagina_1(A,B), larghezza_pagina(B,613.0).
[pos cover = 4 neg cover = 0] [pos-neg] [4]
[clause label] [[4,0,3,4]]
[clauses constructed] [11]
[-------------------------------------]
[clauses constructed] [44526]
[search time] [5.38300000000001]
[best clause]
class_mlj(A) :-
   pagina_1(A,B), larghezza_pagina(B,613.0).
[positive examples left] [97]
[estimated time to finish (secs)] [1154.32984615385]
[sat] [11]
[-------------------------------------]
[found clause]
class_mlj(A) :-
   pagina_1(A,B), frame(B,C), allineato_al_centro_orizzontale(C,D), on_top(D,C), 
   allineato_al_centro_verticale(C,E).
[pos cover = 3 neg cover = 0] [pos-neg] [3]
[clause label] [[3,0,6,3]]
[clauses constructed] [1685]
[-------------------------------------]
[-------------------------------------]
[found clause]
class_mlj(A) :-
   pagina_1(A,B), frame(B,C), allineato_al_centro_orizzontale(C,D), on_top(D,C), 
   on_top(C,E), on_top(E,F).
[pos cover = 4 neg cover = 0] [pos-neg] [4]
[clause label] [[4,0,7,4]]
[clauses constructed] [16584]
[-------------------------------------]
[clauses constructed] [50000]
[search time] [14.512]
[best clause]
class_mlj(A) :-
   pagina_1(A,B), frame(B,C), allineato_al_centro_orizzontale(C,D), on_top(D,C), 
   on_top(C,E), on_top(E,F).
[positive examples left] [93]
[estimated time to finish (secs)] [925.711058823529]
[sat] [12]
[clauses constructed] [50000]
[search time] [11.971]
[best clause]
class_mlj(d06053013391413799).
[positive examples left] [92]
[estimated time to finish (secs)] [926.066888888889]
[sat] [13]
[clauses constructed] [50000]
[search time] [17.048]
[best clause]
class_mlj(d06053013364813706).
[positive examples left] [91]
[estimated time to finish (secs)] [949.441315789474]
[sat] [14]
[clauses constructed] [50000]
[search time] [17.748]
[best clause]
class_mlj(d06060518524102431).
[positive examples left] [90]
[estimated time to finish (secs)] [971.9235]
[sat] [15]
[clauses constructed] [50000]
[search time] [17.491]
[best clause]
class_mlj(d06053013423414009).
[positive examples left] [89]
[estimated time to finish (secs)] [989.485047619047]
[sat] [16]
[clauses constructed] [50000]
[search time] [18.696]
[best clause]
class_mlj(d06053013204412712).
[positive examples left] [88]
[estimated time to finish (secs)] [1008.68]
[sat] [17]
[clauses constructed] [50000]
[search time] [20.112]
[best clause]
class_mlj(d06060518380901422).
[positive examples left] [87]
[estimated time to finish (secs)] [1029.93626086957]
[sat] [18]
[clauses constructed] [50000]
[search time] [13.241]
[best clause]
class_mlj(d06060518383601440).
[positive examples left] [86]
[estimated time to finish (secs)] [1023.12408333333]
[sat] [19]
[clauses constructed] [50000]
[search time] [18.977]
[best clause]
class_mlj(d06060518285500732).
[positive examples left] [85]
[estimated time to finish (secs)] [1035.3]
[sat] [20]
[clauses constructed] [50000]
[search time] [19.325]
[best clause]
class_mlj(d06060518434801636).
[positive examples left] [84]
[estimated time to finish (secs)] [1046.20384615385]
[sat] [21]
[clauses constructed] [50000]
[search time] [21.257]
[best clause]
class_mlj(d06053013264113073).
[positive examples left] [83]
[estimated time to finish (secs)] [1060.80762962963]
[sat] [22]
[clauses constructed] [50000]
[search time] [18.354]
[best clause]
class_mlj(d06060518443101648).
[positive examples left] [82]
[estimated time to finish (secs)] [1064.34828571429]
[sat] [23]
[clauses constructed] [50000]
[search time] [16.455]
[best clause]
class_mlj(d06060518312200919).
[positive examples left] [81]
[estimated time to finish (secs)] [1061.07486206897]
[sat] [24]
[clauses constructed] [50000]
[search time] [14.162]
[best clause]
class_mlj(d06053013360113675).
[positive examples left] [80]
[estimated time to finish (secs)] [1050.808]
[sat] [25]
[clauses constructed] [50000]
[search time] [34.199]
[best clause]
class_mlj(d06060510433614325).
[positive examples left] [79]
[estimated time to finish (secs)] [1091.35187096774]
[sat] [26]
[clauses constructed] [50000]
[search time] [27.447]
[best clause]
class_mlj(d06060510384514083).
[positive examples left] [78]
[estimated time to finish (secs)] [1110.7663125]
[sat] [27]
[clauses constructed] [50000]
[search time] [11.05]
[best clause]
class_mlj(d06053013393813816).
[positive examples left] [77]
[estimated time to finish (secs)] [1089.081]
[sat] [28]
[clauses constructed] [50000]
[search time] [16.184]
[best clause]
class_mlj(d06060510502115103).
[positive examples left] [76]
[estimated time to finish (secs)] [1079.49729411765]
[sat] [29]
[clauses constructed] [50000]
[search time] [13.463]
[best clause]
class_mlj(d06060510390714095).
[positive examples left] [75]
[estimated time to finish (secs)] [1063.70571428571]
[sat] [30]
[clauses constructed] [50000]
[search time] [17.173]
[best clause]
class_mlj(d06053013430114052).
[positive examples left] [74]
[estimated time to finish (secs)] [1055.66961111111]
[sat] [31]
[-------------------------------------]
[found clause]
class_mlj(A) :-
   pagina_1(A,B), altezza_pagina(B,666.0).
[pos cover = 3 neg cover = 0] [pos-neg] [3]
[clause label] [[3,0,3,3]]
[clauses constructed] [5]
[-------------------------------------]
[clauses constructed] [50000]
[search time] [14.173]
[best clause]
class_mlj(A) :-
   pagina_1(A,B), altezza_pagina(B,666.0).
[positive examples left] [71]
[estimated time to finish (secs)] [960.761076923077]
[sat] [32]
[clauses constructed] [50000]
[search time] [17.848]
[best clause]
class_mlj(d06053013390613798).
[positive examples left] [70]
[estimated time to finish (secs)] [954.7825]
[sat] [34]
[clauses constructed] [50000]
[search time] [16.4589999999999]
[best clause]
class_mlj(d06060510271813626).
[positive examples left] [69]
[estimated time to finish (secs)] [945.887341463414]
[sat] [35]
[clauses constructed] [50000]
[search time] [12.498]
[best clause]
class_mlj(d06053013292513217).
[positive examples left] [68]
[estimated time to finish (secs)] [930.218952380952]
[sat] [36]
[clauses constructed] [50000]
[search time] [16.205]
[best clause]
class_mlj(d06053013251312977).
[positive examples left] [67]
[estimated time to finish (secs)] [920.474046511628]
[sat] [37]
[clauses constructed] [50000]
[search time] [21.428]
[best clause]
class_mlj(d06060518382901439).
[positive examples left] [66]
[estimated time to finish (secs)] [918.27]
[sat] [38]
[clauses constructed] [50000]
[search time] [15.377]
[best clause]
class_mlj(d06060518532502449).
[positive examples left] [65]
[estimated time to finish (secs)] [906.471222222222]
[sat] [39]
[clauses constructed] [50000]
[search time] [17.891]
[best clause]
class_mlj(d06060518541902465).
[positive examples left] [64]
[estimated time to finish (secs)] [898.014608695652]
[sat] [41]
[clauses constructed] [50000]
[search time] [12.705]
[best clause]
class_mlj(d06060518421201581).
[positive examples left] [63]
[estimated time to finish (secs)] [882.205085106383]
[sat] [42]
[clauses constructed] [50000]
[search time] [12.4250000000001]
[best clause]
class_mlj(d06053013252512990).
[positive examples left] [62]
[estimated time to finish (secs)] [866.16325]
[sat] [43]
[clauses constructed] [50000]
[search time] [13.3190000000001]
[best clause]
class_mlj(d06060510442014369).
[positive examples left] [61]
[estimated time to finish (secs)] [851.381979591837]
[sat] [44]
[clauses constructed] [50000]
[search time] [10.951]
[best clause]
class_mlj(d06053013241912894).
[positive examples left] [60]
[estimated time to finish (secs)] [833.8176]
[sat] [45]
[clauses constructed] [50000]
[search time] [17.933]
[best clause]
class_mlj(d06060510481014782).
[positive examples left] [59]
[estimated time to finish (secs)] [824.589784313726]
[sat] [46]
[clauses constructed] [50000]
[search time] [17.2569999999999]
[best clause]
class_mlj(d06060510274713652).
[positive examples left] [58]
[estimated time to finish (secs)] [814.273153846154]
[sat] [47]
[-------------------------------------]
[found clause]
class_mlj(A) :-
   pagina_1(A,B), altezza_pagina(B,842.0), frame(B,C), allineato_al_centro_orizzontale(C,D), 
   tipo_testo(D).
[pos cover = 2 neg cover = 0] [pos-neg] [2]
[clause label] [[2,0,6,2]]
[clauses constructed] [5394]
[-------------------------------------]
[clauses constructed] [50000]
[search time] [11.093]
[best clause]
class_mlj(A) :-
   pagina_1(A,B), altezza_pagina(B,842.0), frame(B,C), allineato_al_centro_orizzontale(C,D), 
   tipo_testo(D).
[positive examples left] [56]
[estimated time to finish (secs)] [768.580296296296]
[sat] [48]
[clauses constructed] [50000]
[search time] [16.744]
[best clause]
class_mlj(d06060510382314057).
[positive examples left] [55]
[estimated time to finish (secs)] [757.875]
[sat] [49]
[clauses constructed] [50000]
[search time] [12.4159999999999]
[best clause]
class_mlj(d06060518320700983).
[positive examples left] [54]
[estimated time to finish (secs)] [742.780607142857]
[sat] [50]
[clauses constructed] [50000]
[search time] [16.997]
[best clause]
class_mlj(d06060518391301453).
[positive examples left] [53]
[estimated time to finish (secs)] [732.039719298246]
[sat] [51]
[clauses constructed] [50000]
[search time] [13.537]
[best clause]
class_mlj(d06060510495614980).
[positive examples left] [52]
[estimated time to finish (secs)] [717.981034482759]
[sat] [52]
[clauses constructed] [50000]
[search time] [16.803]
[best clause]
class_mlj(d06060518373601412).
[positive examples left] [51]
[estimated time to finish (secs)] [706.763186440678]
[sat] [53]
[clauses constructed] [50000]
[search time] [14.418]
[best clause]
class_mlj(d06053013365813708).
[positive examples left] [50]
[estimated time to finish (secs)] [693.371666666667]
[sat] [54]
[clauses constructed] [50000]
[search time] [19.423]
[best clause]
class_mlj(d06060518435901639).
[positive examples left] [49]
[estimated time to finish (secs)] [683.966901639344]
[sat] [55]
[clauses constructed] [50000]
[search time] [20.353]
[best clause]
class_mlj(d06053013262013044).
[positive examples left] [48]
[estimated time to finish (secs)] [674.958967741935]
[sat] [56]
[clauses constructed] [50000]
[search time] [18.965]
[best clause]
class_mlj(d06060510265113565).
[positive examples left] [47]
[estimated time to finish (secs)] [664.555380952381]
[sat] [57]
[clauses constructed] [1446]
[search time] [0.274000000000001]
[best clause]
class_mlj(d06060518433401633).
[positive examples left] [46]
[estimated time to finish (secs)] [640.45009375]
[sat] [58]
[clauses constructed] [50000]
[search time] [17.332]
[best clause]
class_mlj(d06053013265213079).
[positive examples left] [45]
[estimated time to finish (secs)] [628.887461538461]
[sat] [59]
[clauses constructed] [50000]
[search time] [11.155]
[best clause]
class_mlj(d06053013382113764).
[positive examples left] [44]
[estimated time to finish (secs)] [613.032]
[sat] [60]
[clauses constructed] [50000]
[search time] [14.724]
[best clause]
class_mlj(d06053013430914058).
[positive examples left] [43]
[estimated time to finish (secs)] [599.607402985075]
[sat] [61]
[clauses constructed] [50000]
[search time] [16.741]
[best clause]
class_mlj(d06053013393313815).
[positive examples left] [42]
[estimated time to finish (secs)] [587.390382352941]
[sat] [62]
[clauses constructed] [50000]
[search time] [16.787]
[best clause]
class_mlj(d06060518381901424).
[positive examples left] [41]
[estimated time to finish (secs)] [575.069565217391]
[sat] [65]
[clauses constructed] [50000]
[search time] [18.715]
[best clause]
class_mlj(d06053013220812764).
[positive examples left] [40]
[estimated time to finish (secs)] [563.722857142857]
[sat] [66]
[clauses constructed] [50000]
[search time] [21.97]
[best clause]
class_mlj(d06060518335301163).
[positive examples left] [39]
[estimated time to finish (secs)] [553.956549295775]
[sat] [67]
[clauses constructed] [50000]
[search time] [25.0810000000001]
[best clause]
class_mlj(d06060518351001324).
[positive examples left] [38]
[estimated time to finish (secs)] [545.493166666667]
[sat] [69]
[clauses constructed] [50000]
[search time] [14.0910000000001]
[best clause]
class_mlj(d06060518525802442).
[positive examples left] [37]
[estimated time to finish (secs)] [531.004232876713]
[sat] [70]
[clauses constructed] [50000]
[search time] [19.692]
[best clause]
class_mlj(d06060518394701461).
[positive examples left] [36]
[estimated time to finish (secs)] [519.250864864865]
[sat] [71]
[clauses constructed] [50000]
[search time] [13.9810000000002]
[best clause]
class_mlj(d06060510263313550).
[positive examples left] [35]
[estimated time to finish (secs)] [504.620666666667]
[sat] [72]
[clauses constructed] [50000]
[search time] [14.691]
[best clause]
class_mlj(d06053013380913737).
[positive examples left] [34]
[estimated time to finish (secs)] [490.325184210527]
[sat] [73]
[clauses constructed] [50000]
[search time] [17.2829999999999]
[best clause]
class_mlj(d06053013205712715).
[positive examples left] [33]
[estimated time to finish (secs)] [477.130285714286]
[sat] [74]
[clauses constructed] [50000]
[search time] [14.3570000000002]
[best clause]
class_mlj(d06053013254013020).
[positive examples left] [32]
[estimated time to finish (secs)] [462.630153846154]
[sat] [75]
[clauses constructed] [50000]
[search time] [16.9769999999999]
[best clause]
class_mlj(d06060518523102428).
[positive examples left] [31]
[estimated time to finish (secs)] [449.161746835443]
[sat] [77]
[clauses constructed] [50000]
[search time] [19.5229999999999]
[best clause]
class_mlj(d06053013303213292).
[positive examples left] [30]
[estimated time to finish (secs)] [436.560375]
[sat] [78]
[clauses constructed] [50000]
[search time] [13.579]
[best clause]
class_mlj(d06053013245412933).
[positive examples left] [29]
[estimated time to finish (secs)] [421.66]
[sat] [81]
[clauses constructed] [50000]
[search time] [21.827]
[best clause]
class_mlj(d06060518251800523).
[positive examples left] [28]
[estimated time to finish (secs)] [409.608243902439]
[sat] [82]
[clauses constructed] [50000]
[search time] [15.9280000000001]
[best clause]
class_mlj(d06053013415713955).
[positive examples left] [27]
[estimated time to finish (secs)] [395.401987951807]
[sat] [83]
[clauses constructed] [50000]
[search time] [12.933]
[best clause]
class_mlj(d06060510430514318).
[positive examples left] [26]
[estimated time to finish (secs)] [380.227714285714]
[sat] [84]
[clauses constructed] [50000]
[search time] [13.3219999999999]
[best clause]
class_mlj(d06060518445901684).
[positive examples left] [25]
[estimated time to finish (secs)] [365.220588235294]
[sat] [85]
[clauses constructed] [50000]
[search time] [10.8999999999999]
[best clause]
class_mlj(d06060510270713582).
[positive examples left] [24]
[estimated time to finish (secs)] [349.576744186047]
[sat] [86]
[clauses constructed] [50000]
[search time] [13.8400000000001]
[best clause]
class_mlj(d06053013403113871).
[positive examples left] [23]
[estimated time to finish (secs)] [334.819195402299]
[sat] [87]
[clauses constructed] [50000]
[search time] [17.4270000000001]
[best clause]
class_mlj(d06060518272200636).
[positive examples left] [22]
[estimated time to finish (secs)] [320.97925]
[sat] [88]
[clauses constructed] [50000]
[search time] [13.1309999999999]
[best clause]
class_mlj(d06060518304000869).
[positive examples left] [21]
[estimated time to finish (secs)] [306.045033707865]
[sat] [89]
[clauses constructed] [50000]
[search time] [15.509]
[best clause]
class_mlj(d06060510503615135).
[positive examples left] [20]
[estimated time to finish (secs)] [291.679333333333]
[sat] [90]
[clauses constructed] [50000]
[search time] [16.251]
[best clause]
class_mlj(d06053013213312739).
[positive examples left] [19]
[estimated time to finish (secs)] [277.443428571429]
[sat] [91]
[clauses constructed] [50000]
[search time] [10.653]
[best clause]
class_mlj(d06053013401813843).
[positive examples left] [18]
[estimated time to finish (secs)] [262.068456521739]
[sat] [92]
[clauses constructed] [50000]
[search time] [18.9379999999999]
[best clause]
class_mlj(d06060518405601538).
[positive examples left] [17]
[estimated time to finish (secs)] [248.309494623656]
[sat] [93]
[clauses constructed] [50000]
[search time] [17.9299999999998]
[best clause]
class_mlj(d06060518332901097).
[positive examples left] [16]
[estimated time to finish (secs)] [234.268765957447]
[sat] [94]
[clauses constructed] [50000]
[search time] [21.674]
[best clause]
class_mlj(d06060510444214386).
[positive examples left] [15]
[estimated time to finish (secs)] [220.737315789474]
[sat] [95]
[clauses constructed] [50000]
[search time] [18.2130000000002]
[best clause]
class_mlj(d06060518303100860).
[positive examples left] [14]
[estimated time to finish (secs)] [206.5315]
[sat] [96]
[clauses constructed] [50000]
[search time] [17.2470000000001]
[best clause]
class_mlj(d06060510273413645).
[positive examples left] [13]
[estimated time to finish (secs)] [192.113597938144]
[sat] [97]
[clauses constructed] [50000]
[search time] [11.396]
[best clause]
class_mlj(d06053013422814008).
[positive examples left] [12]
[estimated time to finish (secs)] [176.921510204082]
[sat] [99]
[clauses constructed] [50000]
[search time] [13.6380000000001]
[best clause]
class_mlj(d06060518482402123).
[positive examples left] [11]
[estimated time to finish (secs)] [162.055222222222]
[sat] [100]
[clauses constructed] [50000]
[search time] [14.8290000000002]
[best clause]
class_mlj(d06060518270300598).
[positive examples left] [10]
[estimated time to finish (secs)] [147.3326]
[sat] [101]
[clauses constructed] [50000]
[search time] [15.5890000000002]
[best clause]
class_mlj(d06060518331601080).
[positive examples left] [9]
[estimated time to finish (secs)] [132.675594059406]
[sat] [102]
[clauses constructed] [50000]
[search time] [16.646]
[best clause]
class_mlj(d06053013233112832).
[positive examples left] [8]
[estimated time to finish (secs)] [118.083215686275]
[sat] [103]
[clauses constructed] [50000]
[search time] [18.057]
[best clause]
class_mlj(d06060510445614393).
[positive examples left] [7]
[estimated time to finish (secs)] [103.546854368932]
[sat] [104]
[clauses constructed] [50000]
[search time] [14.7619999999999]
[best clause]
class_mlj(d06060518273300645).
[positive examples left] [6]
[estimated time to finish (secs)] [88.7526923076923]
[sat] [105]
[clauses constructed] [50000]
[search time] [13.4199999999998]
[best clause]
class_mlj(d06060518302200819).
[positive examples left] [5]
[estimated time to finish (secs)] [73.8952380952381]
[sat] [106]
[clauses constructed] [50000]
[search time] [8.89100000000008]
[best clause]
class_mlj(d06053013222512769).
[positive examples left] [4]
[estimated time to finish (secs)] [58.894]
[sat] [107]
[clauses constructed] [50000]
[search time] [15.2370000000001]
[best clause]
class_mlj(d06060518540302460).
[positive examples left] [3]
[estimated time to finish (secs)] [44.1848971962617]
[sat] [108]
[clauses constructed] [50000]
[search time] [9.26199999999994]
[best clause]
class_mlj(d06053013383013765).
[positive examples left] [2]
[estimated time to finish (secs)] [29.3553703703704]
[sat] [109]
[clauses constructed] [50000]
[search time] [10.847]
[best clause]
class_mlj(d06060518290400735).
[positive examples left] [1]
[estimated time to finish (secs)] [14.6425412844037]
[sat] [110]
[positive examples left] [0]
[estimated time to finish (secs)] [0.0]

[theory]

[Rule 10] [Pos cover = 4 Neg cover = 0]
class_mlj(A) :-
   pagina_1(A,B), larghezza_pagina(B,613.0).

[Rule 11] [Pos cover = 4 Neg cover = 0]
class_mlj(A) :-
   pagina_1(A,B), frame(B,C), allineato_al_centro_orizzontale(C,D), on_top(D,C), 
   on_top(C,E), on_top(E,F).

[Rule 31] [Pos cover = 3 Neg cover = 0]
class_mlj(A) :-
   pagina_1(A,B), altezza_pagina(B,666.0).

[Rule 45] [Pos cover = 3 Neg cover = 0]
class_mlj(A) :-
   pagina_1(A,B), altezza_pagina(B,842.0), frame(B,C), allineato_al_centro_orizzontale(C,D), 
   tipo_testo(D).

[Training set performance]
           Actual
        +          -  
     + 13         0         13 
Pred 
     - 97        208        305 

       110        208        318 

Accuracy = 0.694968553459119
[Training set summary] [[13,0,97,208]]
[Test set performance]
          Actual
       +        - 
     + 2        0        2 
Pred 
     - 10        23        33 

       12        23        35 

Accuracy = 0.714285714285714
[Test set summary] [[2,0,10,23]]
[time taken] [1621.233]

[total clauses constructed] [4945972]
