
[settings]
        abduce=false
        cache_clauselength=5
        caching=true
        check_good=false
        check_redundant=false
        check_useless=true
        clauselength=8
        clauses=8
        condition=false
        confidence=0.95
        construct_bottom=saturation
        depth=15
        evalfn=coverage
        explore=false
        good=false
        greedy=true
        gsamplesize=100
        i=10
        interactive=false
        language=(+inf)
        lazy_negs=false
        lazy_on_contradiction=false
        lazy_on_cost=false
        lookahead=1
        max_abducibles=2
        max_features=(+inf)
        minacc=0.0
        mingain=0.05
        minpos=2
        minposfrac=0
        minscore=(-inf)
        moves=5
        newvars=(+inf)
        nodes=50000
        noise=0
        nreduce_bottom=false
        openlist=(+inf)
        optimise_clauses=false
        permute_bottom=false
        portray_examples=false
        portray_hypothesis=false
        portray_literals=false
        portray_search=false
        print=4
        prior=[0.345911949685535-pos,0.654088050314465-neg]
        proof_strategy=restricted_sld
        prooftime=(+inf)
        prune_tree=false
        record=true
        recordfile=./mlj_f3.log
        recordfile_stream=$stream(5)
        refine=false
        refineop=false
        resample=1
        rls_type=gsat
        rulefile=./mlj_f3.rul
        samplesize=0
        search=bf
        searchstrat=bf
        searchtime=(+inf)
        skolemvars=10000
        splitvars=false
        stage=command
        store_bottom=false
        subsample=false
        subsamplesize=(+inf)
        test_neg=./mlj_f3_test.n
        test_pos=./mlj_f3_test.f
        thread=8
        threads=1
        train_neg=mlj_f3.n
        train_pos=mlj_f3.f
        tries=10
        typeoverlap=0.95
        uniform_sample=false
        updateback=true
        verbosity=0
        version=5
[sat] [1]
[-------------------------------------]
[found clause]
class_mlj(A) :-
   pagina_1(A,B), frame(B,C), width_very_small(C), pos_upper(C).
[pos cover = 15 neg cover = 0] [pos-neg] [15]
[clause label] [[15,0,5,15]]
[clauses constructed] [225]
[-------------------------------------]
[-------------------------------------]
[found clause]
class_mlj(A) :-
   pagina_1(A,B), frame(B,C), on_top(C,D), width_large(D), 
   width_very_small(C), pos_right(C).
[pos cover = 17 neg cover = 0] [pos-neg] [17]
[clause label] [[17,0,7,17]]
[clauses constructed] [44644]
[-------------------------------------]
[clauses constructed] [50000]
[search time] [20.045]
[best clause]
class_mlj(A) :-
   pagina_1(A,B), frame(B,C), on_top(C,D), width_large(D), 
   width_very_small(C), pos_right(C).
[positive examples left] [93]
[estimated time to finish (secs)] [109.657941176471]
[sat] [2]
[-------------------------------------]
[found clause]
class_mlj(A) :-
   pagina_1(A,B), frame(B,C), pos_left(C), pos_upper(C), 
   larghezza_pagina(B,595.0).
[pos cover = 16 neg cover = 0] [pos-neg] [16]
[clause label] [[16,0,6,16]]
[clauses constructed] [8233]
[-------------------------------------]
[clauses constructed] [50000]
[search time] [19.102]
[best clause]
class_mlj(A) :-
   pagina_1(A,B), frame(B,C), pos_left(C), pos_upper(C), 
   larghezza_pagina(B,595.0).
[positive examples left] [77]
[estimated time to finish (secs)] [91.343]
[sat] [4]
[-------------------------------------]
[found clause]
class_mlj(A) :-
   pagina_1(A,B), frame(B,C), on_top(C,D), height_large(D), 
   width_large(D), width_medium_small(C).
[pos cover = 34 neg cover = 0] [pos-neg] [34]
[clause label] [[34,0,7,34]]
[clauses constructed] [25618]
[-------------------------------------]
[clauses constructed] [50000]
[search time] [22.874]
[best clause]
class_mlj(A) :-
   pagina_1(A,B), frame(B,C), on_top(C,D), height_large(D), 
   width_large(D), width_medium_small(C).
[positive examples left] [43]
[estimated time to finish (secs)] [39.8045223880597]
[sat] [7]
[-------------------------------------]
[found clause]
class_mlj(A) :-
   pagina_1(A,B), frame(B,C), width_medium_small(C), pos_right(C), 
   larghezza_pagina(B,595.0).
[pos cover = 9 neg cover = 0] [pos-neg] [9]
[clause label] [[9,0,6,9]]
[clauses constructed] [4309]
[-------------------------------------]
[-------------------------------------]
[found clause]
class_mlj(A) :-
   pagina_1(A,B), altezza_pagina(B,842.0), frame(B,C), on_top(C,D), 
   pos_right(D).
[pos cover = 12 neg cover = 0] [pos-neg] [12]
[clause label] [[12,0,6,12]]
[clauses constructed] [4595]
[-------------------------------------]
[clauses constructed] [50000]
[search time] [17.889]
[best clause]
class_mlj(A) :-
   pagina_1(A,B), altezza_pagina(B,842.0), frame(B,C), on_top(C,D), 
   pos_right(D).
[positive examples left] [31]
[estimated time to finish (secs)] [31.3570886075949]
[sat] [8]
[-------------------------------------]
[found clause]
class_mlj(A) :-
   pagina_1(A,B), altezza_pagina(B,842.0), frame(B,C), height_medium_large(C), 
   pos_lower(C), larghezza_pagina(B,595.0).
[pos cover = 4 neg cover = 0] [pos-neg] [4]
[clause label] [[4,0,7,4]]
[clauses constructed] [32280]
[-------------------------------------]
[clauses constructed] [50000]
[search time] [13.733]
[best clause]
class_mlj(A) :-
   pagina_1(A,B), altezza_pagina(B,842.0), frame(B,C), height_medium_large(C), 
   pos_lower(C), larghezza_pagina(B,595.0).
[positive examples left] [27]
[estimated time to finish (secs)] [30.4621807228916]
[sat] [10]
[-------------------------------------]
[found clause]
class_mlj(A) :-
   pagina_1(A,B), larghezza_pagina(B,613.0).
[pos cover = 2 neg cover = 0] [pos-neg] [2]
[clause label] [[2,0,3,2]]
[clauses constructed] [11]
[-------------------------------------]
[-------------------------------------]
[found clause]
class_mlj(A) :-
   pagina_1(A,B), frame(B,C), height_very_large(C), width_large(C).
[pos cover = 4 neg cover = 0] [pos-neg] [4]
[clause label] [[4,0,5,4]]
[clauses constructed] [86]
[-------------------------------------]
[clauses constructed] [50000]
[search time] [25.437]
[best clause]
class_mlj(A) :-
   pagina_1(A,B), frame(B,C), height_very_large(C), width_large(C).
[positive examples left] [23]
[estimated time to finish (secs)] [31.4809195402299]
[sat] [17]
[clauses constructed] [50000]
[search time] [18.927]
[best clause]
class_mlj(d06060518380901422).
[positive examples left] [22]
[estimated time to finish (secs)] [34.50175]
[sat] [27]
[-------------------------------------]
[found clause]
class_mlj(A) :-
   pagina_1(A,B), altezza_pagina(B,666.0).
[pos cover = 2 neg cover = 0] [pos-neg] [2]
[clause label] [[2,0,3,2]]
[clauses constructed] [5]
[-------------------------------------]
[clauses constructed] [50000]
[search time] [15.921]
[best clause]
class_mlj(A) :-
   pagina_1(A,B), altezza_pagina(B,666.0).
[positive examples left] [20]
[estimated time to finish (secs)] [34.2062222222222]
[sat] [31]
[clauses constructed] [50000]
[search time] [17.562]
[best clause]
class_mlj(d06060518322601004).
[positive examples left] [19]
[estimated time to finish (secs)] [35.8056043956044]
[sat] [36]
[-------------------------------------]
[found clause]
class_mlj(A) :-
   pagina_1(A,B), frame(B,C), allineato_al_centro_orizzontale(C,D), on_top(D,C), 
   allineato_al_centro_verticale(C,E).
[pos cover = 2 neg cover = 0] [pos-neg] [2]
[clause label] [[2,0,6,2]]
[clauses constructed] [2882]
[-------------------------------------]
[-------------------------------------]
[found clause]
class_mlj(A) :-
   pagina_1(A,B), frame(B,C), allineato_al_centro_orizzontale(C,D), pos_center(D), 
   pos_middle(D).
[pos cover = 3 neg cover = 0] [pos-neg] [3]
[clause label] [[3,0,6,3]]
[clauses constructed] [2932]
[-------------------------------------]
[-------------------------------------]
[found clause]
class_mlj(A) :-
   pagina_1(A,B), frame(B,C), allineato_al_centro_verticale(C,D), on_top(D,C), 
   width_medium_small(C), width_medium_small(D).
[pos cover = 4 neg cover = 0] [pos-neg] [4]
[clause label] [[4,0,7,4]]
[clauses constructed] [38078]
[-------------------------------------]
[clauses constructed] [50000]
[search time] [15.901]
[best clause]
class_mlj(A) :-
   pagina_1(A,B), frame(B,C), allineato_al_centro_verticale(C,D), on_top(D,C), 
   width_medium_small(C), width_medium_small(D).
[positive examples left] [15]
[estimated time to finish (secs)] [29.588052631579]
[sat] [43]
[clauses constructed] [50000]
[search time] [17.013]
[best clause]
class_mlj(d06060510442014369).
[positive examples left] [14]
[estimated time to finish (secs)] [29.8089166666667]
[sat] [44]
[-------------------------------------]
[found clause]
class_mlj(A) :-
   pagina_1(A,B), altezza_pagina(B,842.0), frame(B,C), allineato_al_centro_verticale(C,D), 
   pos_left(D), pos_middle(D).
[pos cover = 2 neg cover = 0] [pos-neg] [2]
[clause label] [[2,0,7,2]]
[clauses constructed] [43668]
[-------------------------------------]
[clauses constructed] [50000]
[search time] [15.424]
[best clause]
class_mlj(A) :-
   pagina_1(A,B), altezza_pagina(B,842.0), frame(B,C), allineato_al_centro_verticale(C,D), 
   pos_left(D), pos_middle(D).
[positive examples left] [12]
[estimated time to finish (secs)] [26.9177142857143]
[sat] [65]
[clauses constructed] [50000]
[search time] [13.652]
[best clause]
class_mlj(d06053013220812764).
[positive examples left] [11]
[estimated time to finish (secs)] [25.9422222222222]
[sat] [69]
[clauses constructed] [50000]
[search time] [22.996]
[best clause]
class_mlj(d06060518525802442).
[positive examples left] [10]
[estimated time to finish (secs)] [25.6476]
[sat] [74]
[clauses constructed] [50000]
[search time] [13.964]
[best clause]
class_mlj(d06053013254013020).
[positive examples left] [9]
[estimated time to finish (secs)] [24.0986138613861]
[sat] [87]
[clauses constructed] [50000]
[search time] [16.554]
[best clause]
class_mlj(d06060518272200636).
[positive examples left] [8]
[estimated time to finish (secs)] [22.5093333333333]
[sat] [88]
[clauses constructed] [50000]
[search time] [16.862]
[best clause]
class_mlj(d06060518304000869).
[positive examples left] [7]
[estimated time to finish (secs)] [20.6504077669903]
[sat] [89]
[-------------------------------------]
[found clause]
class_mlj(A) :-
   pagina_1(A,B), frame(B,C), height_very_small(C), width_medium_small(C).
[pos cover = 2 neg cover = 0] [pos-neg] [2]
[clause label] [[2,0,5,2]]
[clauses constructed] [604]
[-------------------------------------]
[clauses constructed] [50000]
[search time] [15.14]
[best clause]
class_mlj(A) :-
   pagina_1(A,B), frame(B,C), height_very_small(C), width_medium_small(C).
[positive examples left] [5]
[estimated time to finish (secs)] [15.1902857142857]
[sat] [90]
[clauses constructed] [50000]
[search time] [18.245]
[best clause]
class_mlj(d06053013213312739).
[positive examples left] [4]
[estimated time to finish (secs)] [12.7260754716981]
[sat] [95]
[clauses constructed] [50000]
[search time] [18.165]
[best clause]
class_mlj(d06060518303100860).
[positive examples left] [3]
[estimated time to finish (secs)] [9.96465420560748]
[sat] [103]
[clauses constructed] [50000]
[search time] [19.702]
[best clause]
class_mlj(d06060510445614393).
[positive examples left] [2]
[estimated time to finish (secs)] [6.94644444444444]
[sat] [105]
[clauses constructed] [50000]
[search time] [17.856]
[best clause]
class_mlj(d06060518302200819).
[positive examples left] [1]
[estimated time to finish (secs)] [3.60517431192661]
[sat] [107]
[positive examples left] [0]
[estimated time to finish (secs)] [0.0]

[theory]

[Rule 1] [Pos cover = 17 Neg cover = 0]
class_mlj(A) :-
   pagina_1(A,B), frame(B,C), on_top(C,D), width_large(D), 
   width_very_small(C), pos_right(C).

[Rule 2] [Pos cover = 17 Neg cover = 0]
class_mlj(A) :-
   pagina_1(A,B), frame(B,C), pos_left(C), pos_upper(C), 
   larghezza_pagina(B,595.0).

[Rule 3] [Pos cover = 46 Neg cover = 0]
class_mlj(A) :-
   pagina_1(A,B), frame(B,C), on_top(C,D), height_large(D), 
   width_large(D), width_medium_small(C).

[Rule 4] [Pos cover = 25 Neg cover = 0]
class_mlj(A) :-
   pagina_1(A,B), altezza_pagina(B,842.0), frame(B,C), on_top(C,D), 
   pos_right(D).

[Rule 5] [Pos cover = 13 Neg cover = 0]
class_mlj(A) :-
   pagina_1(A,B), altezza_pagina(B,842.0), frame(B,C), height_medium_large(C), 
   pos_lower(C), larghezza_pagina(B,595.0).

[Rule 6] [Pos cover = 4 Neg cover = 0]
class_mlj(A) :-
   pagina_1(A,B), frame(B,C), height_very_large(C), width_large(C).

[Rule 8] [Pos cover = 2 Neg cover = 0]
class_mlj(A) :-
   pagina_1(A,B), altezza_pagina(B,666.0).

[Rule 10] [Pos cover = 11 Neg cover = 0]
class_mlj(A) :-
   pagina_1(A,B), frame(B,C), allineato_al_centro_verticale(C,D), on_top(D,C), 
   width_medium_small(C), width_medium_small(D).

[Rule 12] [Pos cover = 17 Neg cover = 0]
class_mlj(A) :-
   pagina_1(A,B), altezza_pagina(B,842.0), frame(B,C), allineato_al_centro_verticale(C,D), 
   pos_left(D), pos_middle(D).

[Rule 18] [Pos cover = 9 Neg cover = 0]
class_mlj(A) :-
   pagina_1(A,B), frame(B,C), height_very_small(C), width_medium_small(C).

[Training set performance]
           Actual
        +          -  
     + 97         0         97 
Pred 
     - 13        208        221 

       110        208        318 

Accuracy = 0.959119496855346
[Training set summary] [[97,0,13,208]]
[Test set performance]
          Actual
       +        - 
     + 11        1        12 
Pred 
     - 1        22        23 

       12        23        35 

Accuracy = 0.942857142857143
[Test set summary] [[11,1,1,22]]
[time taken] [398.788]

[total clauses constructed] [1100000]
