
[settings]
        abduce=false
        cache_clauselength=5
        caching=true
        check_good=false
        check_redundant=false
        check_useless=true
        clauselength=8
        clauses=8
        condition=false
        confidence=0.95
        construct_bottom=saturation
        depth=15
        evalfn=coverage
        explore=false
        good=false
        greedy=true
        gsamplesize=100
        i=10
        interactive=false
        language=(+inf)
        lazy_negs=false
        lazy_on_contradiction=false
        lazy_on_cost=false
        lookahead=1
        max_abducibles=2
        max_features=(+inf)
        minacc=0.0
        mingain=0.05
        minpos=2
        minposfrac=0
        minscore=(-inf)
        moves=5
        newvars=(+inf)
        nodes=50000
        noise=0
        nreduce_bottom=false
        openlist=(+inf)
        optimise_clauses=false
        permute_bottom=false
        portray_examples=false
        portray_hypothesis=false
        portray_literals=false
        portray_search=false
        print=4
        prior=[0.345911949685535-pos,0.654088050314465-neg]
        proof_strategy=restricted_sld
        prooftime=(+inf)
        prune_tree=false
        record=true
        recordfile=./mlj_f6.log
        recordfile_stream=$stream(5)
        refine=false
        refineop=false
        resample=1
        rls_type=gsat
        rulefile=./mlj_f6.rul
        samplesize=0
        search=bf
        searchstrat=bf
        searchtime=(+inf)
        skolemvars=10000
        splitvars=false
        stage=command
        store_bottom=false
        subsample=false
        subsamplesize=(+inf)
        test_neg=./mlj_f6_test.n
        test_pos=./mlj_f6_test.f
        thread=8
        threads=1
        train_neg=mlj_f6.n
        train_pos=mlj_f6.f
        tries=10
        typeoverlap=0.95
        uniform_sample=false
        updateback=true
        verbosity=0
        version=5
[sat] [1]
[-------------------------------------]
[found clause]
class_mlj(A) :-
   pagina_1(A,B), frame(B,C), allineato_al_centro_verticale(C,D), width_very_small(D).
[pos cover = 7 neg cover = 0] [pos-neg] [7]
[clause label] [[7,0,5,7]]
[clauses constructed] [2764]
[-------------------------------------]
[-------------------------------------]
[found clause]
class_mlj(A) :-
   pagina_1(A,B), frame(B,C), width_very_small(C), pos_right(C), 
   pos_upper(C).
[pos cover = 11 neg cover = 0] [pos-neg] [11]
[clause label] [[11,0,6,11]]
[clauses constructed] [3048]
[-------------------------------------]
[-------------------------------------]
[found clause]
class_mlj(A) :-
   pagina_1(A,B), frame(B,C), tipo_testo(C), width_very_small(C), 
   pos_upper(C).
[pos cover = 12 neg cover = 0] [pos-neg] [12]
[clause label] [[12,0,6,12]]
[clauses constructed] [3063]
[-------------------------------------]
[-------------------------------------]
[found clause]
class_mlj(A) :-
   pagina_1(A,B), frame(B,C), width_very_small(C), pos_right(C), 
   frame(B,D), width_large(D).
[pos cover = 19 neg cover = 0] [pos-neg] [19]
[clause label] [[19,0,7,19]]
[clauses constructed] [43890]
[-------------------------------------]
[clauses constructed] [50000]
[search time] [26.326]
[best clause]
class_mlj(A) :-
   pagina_1(A,B), frame(B,C), width_very_small(C), pos_right(C), 
   frame(B,D), width_large(D).
[positive examples left] [91]
[estimated time to finish (secs)] [126.087684210526]
[sat] [2]
[-------------------------------------]
[found clause]
class_mlj(A) :-
   pagina_1(A,B), frame(B,C), pos_left(C), pos_upper(C), 
   larghezza_pagina(B,595.0).
[pos cover = 15 neg cover = 0] [pos-neg] [15]
[clause label] [[15,0,6,15]]
[clauses constructed] [8717]
[-------------------------------------]
[clauses constructed] [50000]
[search time] [18.694]
[best clause]
class_mlj(A) :-
   pagina_1(A,B), frame(B,C), pos_left(C), pos_upper(C), 
   larghezza_pagina(B,595.0).
[positive examples left] [76]
[estimated time to finish (secs)] [100.632941176471]
[sat] [4]
[-------------------------------------]
[found clause]
class_mlj(A) :-
   pagina_1(A,B), frame(B,C), on_top(C,D), height_large(D), 
   width_large(D), width_medium_small(C).
[pos cover = 34 neg cover = 0] [pos-neg] [34]
[clause label] [[34,0,7,34]]
[clauses constructed] [25321]
[-------------------------------------]
[clauses constructed] [50000]
[search time] [22.838]
[best clause]
class_mlj(A) :-
   pagina_1(A,B), frame(B,C), on_top(C,D), height_large(D), 
   width_large(D), width_medium_small(C).
[positive examples left] [42]
[estimated time to finish (secs)] [41.9122941176471]
[sat] [7]
[-------------------------------------]
[found clause]
class_mlj(A) :-
   pagina_1(A,B), frame(B,C), height_smallest(C), width_medium(C).
[pos cover = 2 neg cover = 0] [pos-neg] [2]
[clause label] [[2,0,5,2]]
[clauses constructed] [528]
[-------------------------------------]
[-------------------------------------]
[found clause]
class_mlj(A) :-
   pagina_1(A,B), frame(B,C), width_medium_small(C), pos_right(C), 
   larghezza_pagina(B,595.0).
[pos cover = 10 neg cover = 0] [pos-neg] [10]
[clause label] [[10,0,6,10]]
[clauses constructed] [4309]
[-------------------------------------]
[-------------------------------------]
[found clause]
class_mlj(A) :-
   pagina_1(A,B), altezza_pagina(B,842.0), frame(B,C), on_top(C,D), 
   pos_right(D).
[pos cover = 14 neg cover = 0] [pos-neg] [14]
[clause label] [[14,0,6,14]]
[clauses constructed] [4595]
[-------------------------------------]
[clauses constructed] [50000]
[search time] [17.732]
[best clause]
class_mlj(A) :-
   pagina_1(A,B), altezza_pagina(B,842.0), frame(B,C), on_top(C,D), 
   pos_right(D).
[positive examples left] [28]
[estimated time to finish (secs)] [29.2258536585366]
[sat] [8]
[-------------------------------------]
[found clause]
class_mlj(A) :-
   pagina_1(A,B), altezza_pagina(B,842.0), frame(B,C), height_medium_large(C), 
   pos_lower(C), larghezza_pagina(B,595.0).
[pos cover = 5 neg cover = 0] [pos-neg] [5]
[clause label] [[5,0,7,5]]
[clauses constructed] [32273]
[-------------------------------------]
[clauses constructed] [50000]
[search time] [13.433]
[best clause]
class_mlj(A) :-
   pagina_1(A,B), altezza_pagina(B,842.0), frame(B,C), height_medium_large(C), 
   pos_lower(C), larghezza_pagina(B,595.0).
[positive examples left] [23]
[estimated time to finish (secs)] [26.1784942528736]
[sat] [17]
[clauses constructed] [50000]
[search time] [18.583]
[best clause]
class_mlj(d06060518380901422).
[positive examples left] [22]
[estimated time to finish (secs)] [29.4015]
[sat] [31]
[clauses constructed] [50000]
[search time] [17.612]
[best clause]
class_mlj(d06060518322601004).
[positive examples left] [21]
[estimated time to finish (secs)] [31.9053707865169]
[sat] [36]
[-------------------------------------]
[found clause]
class_mlj(A) :-
   pagina_1(A,B), frame(B,C), allineato_al_centro_orizzontale(C,D), on_top(D,C), 
   allineato_al_centro_verticale(C,E).
[pos cover = 2 neg cover = 0] [pos-neg] [2]
[clause label] [[2,0,6,2]]
[clauses constructed] [2882]
[-------------------------------------]
[-------------------------------------]
[found clause]
class_mlj(A) :-
   pagina_1(A,B), frame(B,C), allineato_al_centro_orizzontale(C,D), pos_center(D), 
   pos_middle(D).
[pos cover = 3 neg cover = 0] [pos-neg] [3]
[clause label] [[3,0,6,3]]
[clauses constructed] [2932]
[-------------------------------------]
[-------------------------------------]
[found clause]
class_mlj(A) :-
   pagina_1(A,B), frame(B,C), on_top(C,D), width_medium_small(D), 
   pos_right(D), height_small(C).
[pos cover = 4 neg cover = 0] [pos-neg] [4]
[clause label] [[4,0,7,4]]
[clauses constructed] [39126]
[-------------------------------------]
[-------------------------------------]
[found clause]
class_mlj(A) :-
   pagina_1(A,B), frame(B,C), on_top(C,D), width_medium_small(D), 
   pos_right(D), height_very_small(C).
[pos cover = 5 neg cover = 0] [pos-neg] [5]
[clause label] [[5,0,7,5]]
[clauses constructed] [39223]
[-------------------------------------]
[clauses constructed] [50000]
[search time] [16.65]
[best clause]
class_mlj(A) :-
   pagina_1(A,B), frame(B,C), on_top(C,D), width_medium_small(D), 
   pos_right(D), height_very_small(C).
[positive examples left] [16]
[estimated time to finish (secs)] [25.8498723404255]
[sat] [40]
[clauses constructed] [50000]
[search time] [16.776]
[best clause]
class_mlj(d06060510502115103).
[positive examples left] [15]
[estimated time to finish (secs)] [26.628]
[sat] [53]
[clauses constructed] [50000]
[search time] [19.803]
[best clause]
class_mlj(d06060518421201581).
[positive examples left] [14]
[estimated time to finish (secs)] [27.4818541666667]
[sat] [55]
[clauses constructed] [50000]
[search time] [19.736]
[best clause]
class_mlj(d06060510442014369).
[positive examples left] [13]
[estimated time to finish (secs)] [27.9008144329897]
[sat] [56]
[-------------------------------------]
[found clause]
class_mlj(A) :-
   pagina_1(A,B), altezza_pagina(B,842.0), frame(B,C), allineato_al_centro_verticale(C,D), 
   pos_left(D), pos_middle(D).
[pos cover = 2 neg cover = 0] [pos-neg] [2]
[clause label] [[2,0,7,2]]
[clauses constructed] [43571]
[-------------------------------------]
[clauses constructed] [50000]
[search time] [15.202]
[best clause]
class_mlj(A) :-
   pagina_1(A,B), altezza_pagina(B,842.0), frame(B,C), allineato_al_centro_verticale(C,D), 
   pos_left(D), pos_middle(D).
[positive examples left] [11]
[estimated time to finish (secs)] [24.8205555555556]
[sat] [64]
[-------------------------------------]
[found clause]
class_mlj(A) :-
   pagina_1(A,B), frame(B,C), height_very_large(C), width_large(C).
[pos cover = 2 neg cover = 0] [pos-neg] [2]
[clause label] [[2,0,5,2]]
[clauses constructed] [154]
[-------------------------------------]
[clauses constructed] [50000]
[search time] [18.73]
[best clause]
class_mlj(A) :-
   pagina_1(A,B), frame(B,C), height_very_large(C), width_large(C).
[positive examples left] [9]
[estimated time to finish (secs)] [21.574603960396]
[sat] [74]
[clauses constructed] [50000]
[search time] [14.082]
[best clause]
class_mlj(d06053013254013020).
[positive examples left] [8]
[estimated time to finish (secs)] [20.0938823529412]
[sat] [87]
[clauses constructed] [50000]
[search time] [17.217]
[best clause]
class_mlj(d06060518272200636).
[positive examples left] [7]
[estimated time to finish (secs)] [18.5815339805825]
[sat] [88]
[clauses constructed] [50000]
[search time] [20.402]
[best clause]
class_mlj(d06060518304000869).
[positive examples left] [6]
[estimated time to finish (secs)] [16.9509230769231]
[sat] [90]
[clauses constructed] [50000]
[search time] [18.498]
[best clause]
class_mlj(d06053013213312739).
[positive examples left] [5]
[estimated time to finish (secs)] [14.8720952380952]
[sat] [95]
[clauses constructed] [50000]
[search time] [16.674]
[best clause]
class_mlj(d06060518303100860).
[positive examples left] [4]
[estimated time to finish (secs)] [12.414641509434]
[sat] [103]
[clauses constructed] [50000]
[search time] [16.28]
[best clause]
class_mlj(d06060510445614393).
[positive examples left] [3]
[estimated time to finish (secs)] [9.68041121495328]
[sat] [105]
[clauses constructed] [50000]
[search time] [17.142]
[best clause]
class_mlj(d06060518302200819).
[positive examples left] [2]
[estimated time to finish (secs)] [6.7112962962963]
[sat] [107]
[clauses constructed] [50000]
[search time] [19.837]
[best clause]
class_mlj(d06060518540302460).
[positive examples left] [1]
[estimated time to finish (secs)] [3.50685321100918]
[sat] [109]
[positive examples left] [0]
[estimated time to finish (secs)] [0.0]

[theory]

[Rule 1] [Pos cover = 19 Neg cover = 0]
class_mlj(A) :-
   pagina_1(A,B), frame(B,C), width_very_small(C), pos_right(C), 
   frame(B,D), width_large(D).

[Rule 2] [Pos cover = 16 Neg cover = 0]
class_mlj(A) :-
   pagina_1(A,B), frame(B,C), pos_left(C), pos_upper(C), 
   larghezza_pagina(B,595.0).

[Rule 3] [Pos cover = 48 Neg cover = 0]
class_mlj(A) :-
   pagina_1(A,B), frame(B,C), on_top(C,D), height_large(D), 
   width_large(D), width_medium_small(C).

[Rule 4] [Pos cover = 28 Neg cover = 0]
class_mlj(A) :-
   pagina_1(A,B), altezza_pagina(B,842.0), frame(B,C), on_top(C,D), 
   pos_right(D).

[Rule 5] [Pos cover = 14 Neg cover = 0]
class_mlj(A) :-
   pagina_1(A,B), altezza_pagina(B,842.0), frame(B,C), height_medium_large(C), 
   pos_lower(C), larghezza_pagina(B,595.0).

[Rule 8] [Pos cover = 27 Neg cover = 0]
class_mlj(A) :-
   pagina_1(A,B), frame(B,C), on_top(C,D), width_medium_small(D), 
   pos_right(D), height_very_small(C).

[Rule 12] [Pos cover = 17 Neg cover = 0]
class_mlj(A) :-
   pagina_1(A,B), altezza_pagina(B,842.0), frame(B,C), allineato_al_centro_verticale(C,D), 
   pos_left(D), pos_middle(D).

[Rule 13] [Pos cover = 4 Neg cover = 0]
class_mlj(A) :-
   pagina_1(A,B), frame(B,C), height_very_large(C), width_large(C).

[Training set performance]
           Actual
        +          -  
     + 96         0         96 
Pred 
     - 14        208        222 

       110        208        318 

Accuracy = 0.955974842767296
[Training set summary] [[96,0,14,208]]
[Test set performance]
          Actual
       +        - 
     + 9        1        10 
Pred 
     - 3        22        25 

       12        23        35 

Accuracy = 0.885714285714286
[Test set summary] [[9,1,3,22]]
[time taken] [388.071]

[total clauses constructed] [1050000]
