
[settings]
        abduce=false
        cache_clauselength=5
        caching=true
        check_good=false
        check_redundant=false
        check_useless=true
        clauselength=8
        clauses=8
        condition=false
        confidence=0.95
        construct_bottom=saturation
        depth=15
        evalfn=coverage
        explore=false
        good=false
        greedy=true
        gsamplesize=100
        i=10
        interactive=false
        language=(+inf)
        lazy_negs=false
        lazy_on_contradiction=false
        lazy_on_cost=false
        lookahead=1
        max_abducibles=2
        max_features=(+inf)
        minacc=0.0
        mingain=0.05
        minpos=2
        minposfrac=0
        minscore=(-inf)
        moves=5
        newvars=(+inf)
        nodes=50000
        noise=0
        nreduce_bottom=false
        openlist=(+inf)
        optimise_clauses=false
        permute_bottom=false
        portray_examples=false
        portray_hypothesis=false
        portray_literals=false
        portray_search=false
        print=4
        prior=[0.345911949685535-pos,0.654088050314465-neg]
        proof_strategy=restricted_sld
        prooftime=(+inf)
        prune_tree=false
        record=true
        recordfile=./mlj_f1.log
        recordfile_stream=$stream(5)
        refine=false
        refineop=false
        resample=1
        rls_type=gsat
        rulefile=./mlj_f1.rul
        samplesize=0
        search=bf
        searchstrat=bf
        searchtime=(+inf)
        skolemvars=10000
        splitvars=false
        stage=command
        store_bottom=false
        subsample=false
        subsamplesize=(+inf)
        test_neg=./mlj_f1_test.n
        test_pos=./mlj_f1_test.f
        thread=8
        threads=1
        train_neg=mlj_f1.n
        train_pos=mlj_f1.f
        tries=10
        typeoverlap=0.95
        uniform_sample=false
        updateback=true
        verbosity=0
        version=5
[sat] [1]
[-------------------------------------]
[found clause]
class_mlj(A) :-
   pagina_1(A,B), frame(B,C), allineato_al_centro_verticale(C,D), width_very_small(D).
[pos cover = 9 neg cover = 0] [pos-neg] [9]
[clause label] [[9,0,5,9]]
[clauses constructed] [2739]
[-------------------------------------]
[-------------------------------------]
[found clause]
class_mlj(A) :-
   pagina_1(A,B), frame(B,C), width_very_small(C), pos_right(C), 
   pos_upper(C).
[pos cover = 11 neg cover = 0] [pos-neg] [11]
[clause label] [[11,0,6,11]]
[clauses constructed] [3048]
[-------------------------------------]
[-------------------------------------]
[found clause]
class_mlj(A) :-
   pagina_1(A,B), frame(B,C), tipo_testo(C), width_very_small(C), 
   pos_upper(C).
[pos cover = 12 neg cover = 0] [pos-neg] [12]
[clause label] [[12,0,6,12]]
[clauses constructed] [3063]
[-------------------------------------]
[-------------------------------------]
[found clause]
class_mlj(A) :-
   pagina_1(A,B), frame(B,C), on_top(C,D), width_large(D), 
   width_very_small(C).
[pos cover = 16 neg cover = 0] [pos-neg] [16]
[clause label] [[16,0,6,16]]
[clauses constructed] [8217]
[-------------------------------------]
[clauses constructed] [50000]
[search time] [20.399]
[best clause]
class_mlj(A) :-
   pagina_1(A,B), frame(B,C), on_top(C,D), width_large(D), 
   width_very_small(C).
[positive examples left] [94]
[estimated time to finish (secs)] [119.844125]
[sat] [2]
[-------------------------------------]
[found clause]
class_mlj(A) :-
   pagina_1(A,B), frame(B,C), pos_left(C), pos_upper(C), 
   larghezza_pagina(B,595.0).
[pos cover = 14 neg cover = 0] [pos-neg] [14]
[clause label] [[14,0,6,14]]
[clauses constructed] [8879]
[-------------------------------------]
[clauses constructed] [50000]
[search time] [19.129]
[best clause]
class_mlj(A) :-
   pagina_1(A,B), frame(B,C), pos_left(C), pos_upper(C), 
   larghezza_pagina(B,595.0).
[positive examples left] [80]
[estimated time to finish (secs)] [105.408]
[sat] [4]
[-------------------------------------]
[found clause]
class_mlj(A) :-
   pagina_1(A,B), frame(B,C), on_top(C,D), height_large(D), 
   width_large(D), width_medium_small(C).
[pos cover = 33 neg cover = 0] [pos-neg] [33]
[clause label] [[33,0,7,33]]
[clauses constructed] [25409]
[-------------------------------------]
[clauses constructed] [50000]
[search time] [23.095]
[best clause]
class_mlj(A) :-
   pagina_1(A,B), frame(B,C), on_top(C,D), height_large(D), 
   width_large(D), width_medium_small(C).
[positive examples left] [47]
[estimated time to finish (secs)] [46.718746031746]
[sat] [7]
[-------------------------------------]
[found clause]
class_mlj(A) :-
   pagina_1(A,B), frame(B,C), height_smallest(C), width_medium(C).
[pos cover = 2 neg cover = 0] [pos-neg] [2]
[clause label] [[2,0,5,2]]
[clauses constructed] [528]
[-------------------------------------]
[-------------------------------------]
[found clause]
class_mlj(A) :-
   pagina_1(A,B), frame(B,C), width_medium_small(C), pos_right(C), 
   larghezza_pagina(B,595.0).
[pos cover = 11 neg cover = 0] [pos-neg] [11]
[clause label] [[11,0,6,11]]
[clauses constructed] [4309]
[-------------------------------------]
[-------------------------------------]
[found clause]
class_mlj(A) :-
   pagina_1(A,B), altezza_pagina(B,842.0), frame(B,C), on_top(C,D), 
   pos_right(D).
[pos cover = 15 neg cover = 0] [pos-neg] [15]
[clause label] [[15,0,6,15]]
[clauses constructed] [4595]
[-------------------------------------]
[clauses constructed] [50000]
[search time] [18.062]
[best clause]
class_mlj(A) :-
   pagina_1(A,B), altezza_pagina(B,842.0), frame(B,C), on_top(C,D), 
   pos_right(D).
[positive examples left] [32]
[estimated time to finish (secs)] [33.1015384615385]
[sat] [8]
[-------------------------------------]
[found clause]
class_mlj(A) :-
   pagina_1(A,B), altezza_pagina(B,842.0), frame(B,C), height_medium_large(C), 
   pos_lower(C), larghezza_pagina(B,595.0).
[pos cover = 4 neg cover = 0] [pos-neg] [4]
[clause label] [[4,0,7,4]]
[clauses constructed] [32273]
[-------------------------------------]
[clauses constructed] [50000]
[search time] [13.793]
[best clause]
class_mlj(A) :-
   pagina_1(A,B), altezza_pagina(B,842.0), frame(B,C), height_medium_large(C), 
   pos_lower(C), larghezza_pagina(B,595.0).
[positive examples left] [28]
[estimated time to finish (secs)] [32.2607804878049]
[sat] [10]
[-------------------------------------]
[found clause]
class_mlj(A) :-
   pagina_1(A,B), larghezza_pagina(B,613.0).
[pos cover = 2 neg cover = 0] [pos-neg] [2]
[clause label] [[2,0,3,2]]
[clauses constructed] [11]
[-------------------------------------]
[-------------------------------------]
[found clause]
class_mlj(A) :-
   pagina_1(A,B), frame(B,C), height_very_large(C), width_large(C).
[pos cover = 4 neg cover = 0] [pos-neg] [4]
[clause label] [[4,0,5,4]]
[clauses constructed] [86]
[-------------------------------------]
[-------------------------------------]
[found clause]
class_mlj(A) :-
   pagina_1(A,B), frame(B,C), pos_right(C), pos_lower(C), 
   frame(B,D), height_very_small(D), pos_upper(D).
[pos cover = 5 neg cover = 0] [pos-neg] [5]
[clause label] [[5,0,8,5]]
[clauses constructed] [36609]
[-------------------------------------]
[clauses constructed] [50000]
[search time] [25.818]
[best clause]
class_mlj(A) :-
   pagina_1(A,B), frame(B,C), pos_right(C), pos_lower(C), 
   frame(B,D), height_very_small(D), pos_upper(D).
[positive examples left] [23]
[estimated time to finish (secs)] [31.8023908045977]
[sat] [19]
[clauses constructed] [50000]
[search time] [17.911]
[best clause]
class_mlj(d06060518322601004).
[positive examples left] [22]
[estimated time to finish (secs)] [34.55175]
[sat] [24]
[-------------------------------------]
[found clause]
class_mlj(A) :-
   pagina_1(A,B), frame(B,C), allineato_al_centro_orizzontale(C,D), on_top(D,C), 
   allineato_al_centro_verticale(C,E).
[pos cover = 2 neg cover = 0] [pos-neg] [2]
[clause label] [[2,0,6,2]]
[clauses constructed] [2882]
[-------------------------------------]
[-------------------------------------]
[found clause]
class_mlj(A) :-
   pagina_1(A,B), frame(B,C), allineato_al_centro_verticale(C,D), width_medium_small(D), 
   width_medium_small(C), pos_middle(C).
[pos cover = 3 neg cover = 0] [pos-neg] [3]
[clause label] [[3,0,7,3]]
[clauses constructed] [38927]
[-------------------------------------]
[-------------------------------------]
[found clause]
class_mlj(A) :-
   pagina_1(A,B), frame(B,C), on_top(C,D), width_medium_small(D), 
   pos_right(D), height_very_small(C).
[pos cover = 4 neg cover = 0] [pos-neg] [4]
[clause label] [[4,0,7,4]]
[clauses constructed] [39336]
[-------------------------------------]
[clauses constructed] [50000]
[search time] [16.846]
[best clause]
class_mlj(A) :-
   pagina_1(A,B), frame(B,C), on_top(C,D), width_medium_small(D), 
   pos_right(D), height_very_small(C).
[positive examples left] [18]
[estimated time to finish (secs)] [30.3364565217391]
[sat] [28]
[clauses constructed] [50000]
[search time] [17.045]
[best clause]
class_mlj(d06060510502115103).
[positive examples left] [17]
[estimated time to finish (secs)] [31.4587741935484]
[sat] [41]
[clauses constructed] [50000]
[search time] [17.359]
[best clause]
class_mlj(d06060518421201581).
[positive examples left] [16]
[estimated time to finish (secs)] [32.248]
[sat] [43]
[clauses constructed] [50000]
[search time] [17.391]
[best clause]
class_mlj(d06060510442014369).
[positive examples left] [15]
[estimated time to finish (secs)] [32.6602105263158]
[sat] [44]
[-------------------------------------]
[found clause]
class_mlj(A) :-
   pagina_1(A,B), frame(B,C), allineato_al_centro_verticale(C,D), width_medium_small(D), 
   pos_left(D), pos_middle(D).
[pos cover = 2 neg cover = 0] [pos-neg] [2]
[clause label] [[2,0,7,2]]
[clauses constructed] [43158]
[-------------------------------------]
[clauses constructed] [50000]
[search time] [15.427]
[best clause]
class_mlj(A) :-
   pagina_1(A,B), frame(B,C), allineato_al_centro_verticale(C,D), width_medium_small(D), 
   pos_left(D), pos_middle(D).
[positive examples left] [13]
[estimated time to finish (secs)] [29.7894329896907]
[sat] [52]
[-------------------------------------]
[found clause]
class_mlj(A) :-
   pagina_1(A,B), frame(B,C), height_very_large(C), width_large(C).
[pos cover = 2 neg cover = 0] [pos-neg] [2]
[clause label] [[2,0,5,2]]
[clauses constructed] [154]
[-------------------------------------]
[clauses constructed] [50000]
[search time] [18.679]
[best clause]
class_mlj(A) :-
   pagina_1(A,B), frame(B,C), height_very_large(C), width_large(C).
[positive examples left] [11]
[estimated time to finish (secs)] [26.7726666666667]
[sat] [65]
[clauses constructed] [50000]
[search time] [13.717]
[best clause]
class_mlj(d06053013220812764).
[positive examples left] [10]
[estimated time to finish (secs)] [25.4671]
[sat] [69]
[clauses constructed] [50000]
[search time] [22.401]
[best clause]
class_mlj(d06060518525802442).
[positive examples left] [9]
[estimated time to finish (secs)] [24.6895841584158]
[sat] [74]
[clauses constructed] [50000]
[search time] [13.946]
[best clause]
class_mlj(d06053013254013020).
[positive examples left] [8]
[estimated time to finish (secs)] [22.8249411764706]
[sat] [87]
[clauses constructed] [50000]
[search time] [16.456]
[best clause]
class_mlj(d06060518272200636).
[positive examples left] [7]
[estimated time to finish (secs)] [20.8962912621359]
[sat] [88]
[clauses constructed] [50000]
[search time] [16.943]
[best clause]
class_mlj(d06060518304000869).
[positive examples left] [6]
[estimated time to finish (secs)] [18.7163653846154]
[sat] [90]
[clauses constructed] [50000]
[search time] [13.806]
[best clause]
class_mlj(d06053013213312739).
[positive examples left] [5]
[estimated time to finish (secs)] [16.1058571428571]
[sat] [95]
[clauses constructed] [50000]
[search time] [16.64]
[best clause]
class_mlj(d06060518303100860).
[positive examples left] [4]
[estimated time to finish (secs)] [13.3910566037736]
[sat] [96]
[clauses constructed] [50000]
[search time] [19.28]
[best clause]
class_mlj(d06060510273413645).
[positive examples left] [3]
[estimated time to finish (secs)] [10.4899906542056]
[sat] [103]
[clauses constructed] [50000]
[search time] [16.159]
[best clause]
class_mlj(d06060510445614393).
[positive examples left] [2]
[estimated time to finish (secs)] [7.22781481481481]
[sat] [105]
[clauses constructed] [50000]
[search time] [17.915]
[best clause]
class_mlj(d06060518302200819).
[positive examples left] [1]
[estimated time to finish (secs)] [3.74511009174312]
[sat] [107]
[positive examples left] [0]
[estimated time to finish (secs)] [0.0]

[theory]

[Rule 1] [Pos cover = 16 Neg cover = 0]
class_mlj(A) :-
   pagina_1(A,B), frame(B,C), on_top(C,D), width_large(D), 
   width_very_small(C).

[Rule 2] [Pos cover = 15 Neg cover = 0]
class_mlj(A) :-
   pagina_1(A,B), frame(B,C), pos_left(C), pos_upper(C), 
   larghezza_pagina(B,595.0).

[Rule 3] [Pos cover = 44 Neg cover = 0]
class_mlj(A) :-
   pagina_1(A,B), frame(B,C), on_top(C,D), height_large(D), 
   width_large(D), width_medium_small(C).

[Rule 4] [Pos cover = 28 Neg cover = 0]
class_mlj(A) :-
   pagina_1(A,B), altezza_pagina(B,842.0), frame(B,C), on_top(C,D), 
   pos_right(D).

[Rule 5] [Pos cover = 13 Neg cover = 0]
class_mlj(A) :-
   pagina_1(A,B), altezza_pagina(B,842.0), frame(B,C), height_medium_large(C), 
   pos_lower(C), larghezza_pagina(B,595.0).

[Rule 6] [Pos cover = 11 Neg cover = 0]
class_mlj(A) :-
   pagina_1(A,B), frame(B,C), pos_right(C), pos_lower(C), 
   frame(B,D), height_very_small(D), pos_upper(D).

[Rule 8] [Pos cover = 29 Neg cover = 0]
class_mlj(A) :-
   pagina_1(A,B), frame(B,C), on_top(C,D), width_medium_small(D), 
   pos_right(D), height_very_small(C).

[Rule 12] [Pos cover = 22 Neg cover = 0]
class_mlj(A) :-
   pagina_1(A,B), frame(B,C), allineato_al_centro_verticale(C,D), width_medium_small(D), 
   pos_left(D), pos_middle(D).

[Rule 13] [Pos cover = 4 Neg cover = 0]
class_mlj(A) :-
   pagina_1(A,B), frame(B,C), height_very_large(C), width_large(C).

[Training set performance]
           Actual
        +          -  
     + 96         0         96 
Pred 
     - 14        208        222 

       110        208        318 

Accuracy = 0.955974842767296
[Training set summary] [[96,0,14,208]]
[Test set performance]
          Actual
       +        - 
     + 11        1        12 
Pred 
     - 1        22        23 

       12        23        35 

Accuracy = 0.942857142857143
[Test set summary] [[11,1,1,22]]
[time taken] [414.439]

[total clauses constructed] [1150000]
