
[settings]
        abduce=false
        cache_clauselength=5
        caching=true
        check_good=false
        check_redundant=false
        check_useless=true
        clauselength=8
        clauses=8
        condition=false
        confidence=0.95
        construct_bottom=saturation
        depth=15
        evalfn=coverage
        explore=false
        good=false
        greedy=true
        gsamplesize=100
        i=10
        interactive=false
        language=(+inf)
        lazy_negs=false
        lazy_on_contradiction=false
        lazy_on_cost=false
        lookahead=1
        max_abducibles=2
        max_features=(+inf)
        minacc=0.0
        mingain=0.05
        minpos=2
        minposfrac=0
        minscore=(-inf)
        moves=5
        newvars=(+inf)
        nodes=50000
        noise=0
        nreduce_bottom=false
        openlist=(+inf)
        optimise_clauses=false
        permute_bottom=false
        portray_examples=false
        portray_hypothesis=false
        portray_literals=false
        portray_search=false
        print=4
        prior=[0.347003154574132-pos,0.652996845425868-neg]
        proof_strategy=restricted_sld
        prooftime=(+inf)
        prune_tree=false
        record=true
        recordfile=./mlj_f7.log
        recordfile_stream=$stream(5)
        refine=false
        refineop=false
        resample=1
        rls_type=gsat
        rulefile=./mlj_f7.rul
        samplesize=0
        search=bf
        searchstrat=bf
        searchtime=(+inf)
        skolemvars=10000
        splitvars=false
        stage=command
        store_bottom=false
        subsample=false
        subsamplesize=(+inf)
        test_neg=./mlj_f7_test.n
        test_pos=./mlj_f7_test.f
        thread=8
        threads=1
        train_neg=mlj_f7.n
        train_pos=mlj_f7.f
        tries=10
        typeoverlap=0.95
        uniform_sample=false
        updateback=true
        verbosity=0
        version=5
[sat] [1]
[-------------------------------------]
[found clause]
class_mlj(A) :-
   pagina_1(A,B), frame(B,C), allineato_al_centro_verticale(C,D), width_very_small(D).
[pos cover = 9 neg cover = 0] [pos-neg] [9]
[clause label] [[9,0,5,9]]
[clauses constructed] [2739]
[-------------------------------------]
[-------------------------------------]
[found clause]
class_mlj(A) :-
   pagina_1(A,B), frame(B,C), width_very_small(C), pos_right(C), 
   pos_upper(C).
[pos cover = 12 neg cover = 0] [pos-neg] [12]
[clause label] [[12,0,6,12]]
[clauses constructed] [3048]
[-------------------------------------]
[-------------------------------------]
[found clause]
class_mlj(A) :-
   pagina_1(A,B), frame(B,C), tipo_testo(C), width_very_small(C), 
   pos_upper(C).
[pos cover = 13 neg cover = 0] [pos-neg] [13]
[clause label] [[13,0,6,13]]
[clauses constructed] [3063]
[-------------------------------------]
[-------------------------------------]
[found clause]
class_mlj(A) :-
   pagina_1(A,B), frame(B,C), on_top(C,D), width_large(D), 
   width_very_small(C), pos_right(C).
[pos cover = 14 neg cover = 0] [pos-neg] [14]
[clause label] [[14,0,7,14]]
[clauses constructed] [44958]
[-------------------------------------]
[clauses constructed] [50000]
[search time] [20.107]
[best clause]
class_mlj(A) :-
   pagina_1(A,B), frame(B,C), on_top(C,D), width_large(D), 
   width_very_small(C), pos_right(C).
[positive examples left] [96]
[estimated time to finish (secs)] [137.876571428571]
[sat] [2]
[-------------------------------------]
[found clause]
class_mlj(A) :-
   pagina_1(A,B), frame(B,C), pos_left(C), pos_upper(C), 
   larghezza_pagina(B,595.0).
[pos cover = 15 neg cover = 0] [pos-neg] [15]
[clause label] [[15,0,6,15]]
[clauses constructed] [8894]
[-------------------------------------]
[clauses constructed] [50000]
[search time] [18.832]
[best clause]
class_mlj(A) :-
   pagina_1(A,B), frame(B,C), pos_left(C), pos_upper(C), 
   larghezza_pagina(B,595.0).
[positive examples left] [81]
[estimated time to finish (secs)] [108.760655172414]
[sat] [4]
[-------------------------------------]
[found clause]
class_mlj(A) :-
   pagina_1(A,B), frame(B,C), on_top(C,D), height_large(D), 
   width_large(D), width_medium_small(C).
[pos cover = 35 neg cover = 0] [pos-neg] [35]
[clause label] [[35,0,7,35]]
[clauses constructed] [25347]
[-------------------------------------]
[clauses constructed] [50000]
[search time] [23.472]
[best clause]
class_mlj(A) :-
   pagina_1(A,B), frame(B,C), on_top(C,D), height_large(D), 
   width_large(D), width_medium_small(C).
[positive examples left] [46]
[estimated time to finish (secs)] [44.85790625]
[sat] [7]
[-------------------------------------]
[found clause]
class_mlj(A) :-
   pagina_1(A,B), frame(B,C), height_smallest(C), width_medium(C).
[pos cover = 2 neg cover = 0] [pos-neg] [2]
[clause label] [[2,0,5,2]]
[clauses constructed] [528]
[-------------------------------------]
[-------------------------------------]
[found clause]
class_mlj(A) :-
   pagina_1(A,B), frame(B,C), tipo_testo(C), height_smallest(C).
[pos cover = 4 neg cover = 0] [pos-neg] [4]
[clause label] [[4,0,5,4]]
[clauses constructed] [3280]
[-------------------------------------]
[-------------------------------------]
[found clause]
class_mlj(A) :-
   pagina_1(A,B), frame(B,C), width_medium_small(C), pos_right(C), 
   larghezza_pagina(B,595.0).
[pos cover = 10 neg cover = 0] [pos-neg] [10]
[clause label] [[10,0,6,10]]
[clauses constructed] [4309]
[-------------------------------------]
[-------------------------------------]
[found clause]
class_mlj(A) :-
   pagina_1(A,B), altezza_pagina(B,842.0), frame(B,C), on_top(C,D), 
   pos_right(D).
[pos cover = 14 neg cover = 0] [pos-neg] [14]
[clause label] [[14,0,6,14]]
[clauses constructed] [4521]
[-------------------------------------]
[clauses constructed] [50000]
[search time] [18.005]
[best clause]
class_mlj(A) :-
   pagina_1(A,B), altezza_pagina(B,842.0), frame(B,C), on_top(C,D), 
   pos_right(D).
[positive examples left] [32]
[estimated time to finish (secs)] [32.9911794871795]
[sat] [8]
[-------------------------------------]
[found clause]
class_mlj(A) :-
   pagina_1(A,B), altezza_pagina(B,842.0), frame(B,C), height_medium_large(C), 
   pos_lower(C), larghezza_pagina(B,595.0).
[pos cover = 4 neg cover = 0] [pos-neg] [4]
[clause label] [[4,0,7,4]]
[clauses constructed] [32273]
[-------------------------------------]
[clauses constructed] [50000]
[search time] [13.557]
[best clause]
class_mlj(A) :-
   pagina_1(A,B), altezza_pagina(B,842.0), frame(B,C), height_medium_large(C), 
   pos_lower(C), larghezza_pagina(B,595.0).
[positive examples left] [28]
[estimated time to finish (secs)] [32.0883414634146]
[sat] [10]
[-------------------------------------]
[found clause]
class_mlj(A) :-
   pagina_1(A,B), larghezza_pagina(B,613.0).
[pos cover = 2 neg cover = 0] [pos-neg] [2]
[clause label] [[2,0,3,2]]
[clauses constructed] [11]
[-------------------------------------]
[-------------------------------------]
[found clause]
class_mlj(A) :-
   pagina_1(A,B), frame(B,C), height_very_large(C), width_large(C).
[pos cover = 3 neg cover = 0] [pos-neg] [3]
[clause label] [[3,0,5,3]]
[clauses constructed] [86]
[-------------------------------------]
[-------------------------------------]
[found clause]
class_mlj(A) :-
   pagina_1(A,B), frame(B,C), pos_right(C), pos_lower(C), 
   frame(B,D), height_very_small(D), pos_upper(D).
[pos cover = 5 neg cover = 0] [pos-neg] [5]
[clause label] [[5,0,8,5]]
[clauses constructed] [37707]
[-------------------------------------]
[clauses constructed] [50000]
[search time] [29.173]
[best clause]
class_mlj(A) :-
   pagina_1(A,B), frame(B,C), pos_right(C), pos_lower(C), 
   frame(B,D), height_very_small(D), pos_upper(D).
[positive examples left] [23]
[estimated time to finish (secs)] [32.5558390804598]
[sat] [17]
[clauses constructed] [50000]
[search time] [18.56]
[best clause]
class_mlj(d06060518380901422).
[positive examples left] [22]
[estimated time to finish (secs)] [35.4265]
[sat] [31]
[clauses constructed] [50000]
[search time] [17.721]
[best clause]
class_mlj(d06060518322601004).
[positive examples left] [21]
[estimated time to finish (secs)] [37.617606741573]
[sat] [36]
[-------------------------------------]
[found clause]
class_mlj(A) :-
   pagina_1(A,B), frame(B,C), allineato_al_centro_orizzontale(C,D), on_top(D,C), 
   allineato_al_centro_verticale(C,E).
[pos cover = 2 neg cover = 0] [pos-neg] [2]
[clause label] [[2,0,6,2]]
[clauses constructed] [2867]
[-------------------------------------]
[-------------------------------------]
[found clause]
class_mlj(A) :-
   pagina_1(A,B), frame(B,C), allineato_al_centro_orizzontale(C,D), pos_center(D), 
   pos_middle(D).
[pos cover = 3 neg cover = 0] [pos-neg] [3]
[clause label] [[3,0,6,3]]
[clauses constructed] [2932]
[-------------------------------------]
[-------------------------------------]
[found clause]
class_mlj(A) :-
   pagina_1(A,B), frame(B,C), allineato_al_centro_verticale(C,D), on_top(D,C), 
   width_medium_small(C), width_medium_small(D).
[pos cover = 4 neg cover = 0] [pos-neg] [4]
[clause label] [[4,0,7,4]]
[clauses constructed] [38510]
[-------------------------------------]
[clauses constructed] [50000]
[search time] [16.238]
[best clause]
class_mlj(A) :-
   pagina_1(A,B), frame(B,C), allineato_al_centro_verticale(C,D), on_top(D,C), 
   width_medium_small(C), width_medium_small(D).
[positive examples left] [17]
[estimated time to finish (secs)] [32.1108064516129]
[sat] [40]
[-------------------------------------]
[found clause]
class_mlj(A) :-
   pagina_1(A,B), frame(B,C), tipo_misto(C), height_very_small(C), 
   pos_upper(C).
[pos cover = 2 neg cover = 0] [pos-neg] [2]
[clause label] [[2,0,6,2]]
[clauses constructed] [4570]
[-------------------------------------]
[clauses constructed] [50000]
[search time] [16.558]
[best clause]
class_mlj(A) :-
   pagina_1(A,B), frame(B,C), tipo_misto(C), height_very_small(C), 
   pos_upper(C).
[positive examples left] [15]
[estimated time to finish (secs)] [30.351]
[sat] [55]
[clauses constructed] [50000]
[search time] [17.237]
[best clause]
class_mlj(d06060510442014369).
[positive examples left] [14]
[estimated time to finish (secs)] [30.54625]
[sat] [56]
[-------------------------------------]
[found clause]
class_mlj(A) :-
   pagina_1(A,B), altezza_pagina(B,842.0), frame(B,C), allineato_al_centro_verticale(C,D), 
   pos_left(D), pos_middle(D).
[pos cover = 2 neg cover = 0] [pos-neg] [2]
[clause label] [[2,0,7,2]]
[clauses constructed] [43580]
[-------------------------------------]
[clauses constructed] [50000]
[search time] [15.176]
[best clause]
class_mlj(A) :-
   pagina_1(A,B), altezza_pagina(B,842.0), frame(B,C), allineato_al_centro_verticale(C,D), 
   pos_left(D), pos_middle(D).
[positive examples left] [12]
[estimated time to finish (secs)] [27.5064489795918]
[sat] [64]
[-------------------------------------]
[found clause]
class_mlj(A) :-
   pagina_1(A,B), frame(B,C), height_very_large(C), width_large(C).
[pos cover = 2 neg cover = 0] [pos-neg] [2]
[clause label] [[2,0,5,2]]
[clauses constructed] [154]
[-------------------------------------]
[clauses constructed] [50000]
[search time] [19.15]
[best clause]
class_mlj(A) :-
   pagina_1(A,B), frame(B,C), height_very_large(C), width_large(C).
[positive examples left] [10]
[estimated time to finish (secs)] [24.3786]
[sat] [77]
[clauses constructed] [50000]
[search time] [13.364]
[best clause]
class_mlj(d06053013220812764).
[positive examples left] [9]
[estimated time to finish (secs)] [22.9143564356436]
[sat] [81]
[clauses constructed] [50000]
[search time] [23.254]
[best clause]
class_mlj(d06060518525802442).
[positive examples left] [8]
[estimated time to finish (secs)] [21.9924705882353]
[sat] [87]
[clauses constructed] [50000]
[search time] [16.437]
[best clause]
class_mlj(d06060518272200636).
[positive examples left] [7]
[estimated time to finish (secs)] [20.1736601941748]
[sat] [88]
[clauses constructed] [50000]
[search time] [16.871]
[best clause]
class_mlj(d06060518304000869).
[positive examples left] [6]
[estimated time to finish (secs)] [18.0987692307692]
[sat] [90]
[clauses constructed] [50000]
[search time] [18.478]
[best clause]
class_mlj(d06053013213312739).
[positive examples left] [5]
[estimated time to finish (secs)] [15.8185714285714]
[sat] [95]
[clauses constructed] [50000]
[search time] [16.739]
[best clause]
class_mlj(d06060518303100860).
[positive examples left] [4]
[estimated time to finish (secs)] [13.1671320754717]
[sat] [103]
[clauses constructed] [50000]
[search time] [16.33]
[best clause]
class_mlj(d06060510445614393).
[positive examples left] [3]
[estimated time to finish (secs)] [10.2409065420561]
[sat] [105]
[clauses constructed] [50000]
[search time] [17.331]
[best clause]
class_mlj(d06060518302200819).
[positive examples left] [2]
[estimated time to finish (secs)] [7.085]
[sat] [107]
[clauses constructed] [50000]
[search time] [19.833]
[best clause]
class_mlj(d06060518540302460).
[positive examples left] [1]
[estimated time to finish (secs)] [3.69195412844037]
[sat] [109]
[positive examples left] [0]
[estimated time to finish (secs)] [0.0]

[theory]

[Rule 1] [Pos cover = 14 Neg cover = 0]
class_mlj(A) :-
   pagina_1(A,B), frame(B,C), on_top(C,D), width_large(D), 
   width_very_small(C), pos_right(C).

[Rule 2] [Pos cover = 16 Neg cover = 0]
class_mlj(A) :-
   pagina_1(A,B), frame(B,C), pos_left(C), pos_upper(C), 
   larghezza_pagina(B,595.0).

[Rule 3] [Pos cover = 47 Neg cover = 0]
class_mlj(A) :-
   pagina_1(A,B), frame(B,C), on_top(C,D), height_large(D), 
   width_large(D), width_medium_small(C).

[Rule 4] [Pos cover = 27 Neg cover = 0]
class_mlj(A) :-
   pagina_1(A,B), altezza_pagina(B,842.0), frame(B,C), on_top(C,D), 
   pos_right(D).

[Rule 5] [Pos cover = 14 Neg cover = 0]
class_mlj(A) :-
   pagina_1(A,B), altezza_pagina(B,842.0), frame(B,C), height_medium_large(C), 
   pos_lower(C), larghezza_pagina(B,595.0).

[Rule 6] [Pos cover = 10 Neg cover = 0]
class_mlj(A) :-
   pagina_1(A,B), frame(B,C), pos_right(C), pos_lower(C), 
   frame(B,D), height_very_small(D), pos_upper(D).

[Rule 9] [Pos cover = 10 Neg cover = 0]
class_mlj(A) :-
   pagina_1(A,B), frame(B,C), allineato_al_centro_verticale(C,D), on_top(D,C), 
   width_medium_small(C), width_medium_small(D).

[Rule 10] [Pos cover = 8 Neg cover = 0]
class_mlj(A) :-
   pagina_1(A,B), frame(B,C), tipo_misto(C), height_very_small(C), 
   pos_upper(C).

[Rule 12] [Pos cover = 15 Neg cover = 0]
class_mlj(A) :-
   pagina_1(A,B), altezza_pagina(B,842.0), frame(B,C), allineato_al_centro_verticale(C,D), 
   pos_left(D), pos_middle(D).

[Rule 13] [Pos cover = 3 Neg cover = 0]
class_mlj(A) :-
   pagina_1(A,B), frame(B,C), height_very_large(C), width_large(C).

[Training set performance]
           Actual
        +          -  
     + 97         0         97 
Pred 
     - 13        207        220 

       110        207        317 

Accuracy = 0.958990536277603
[Training set summary] [[97,0,13,207]]
[Test set performance]
          Actual
       +        - 
     + 11        0        11 
Pred 
     - 1        24        25 

       12        24        36 

Accuracy = 0.972222222222222
[Test set summary] [[11,0,1,24]]
[time taken] [408.445]

[total clauses constructed] [1100000]
