
[settings]
        abduce=false
        cache_clauselength=5
        caching=true
        check_good=false
        check_redundant=false
        check_useless=true
        clauselength=8
        clauses=8
        condition=false
        confidence=0.95
        construct_bottom=saturation
        depth=15
        evalfn=coverage
        explore=false
        good=false
        greedy=true
        gsamplesize=100
        i=10
        interactive=false
        language=(+inf)
        lazy_negs=false
        lazy_on_contradiction=false
        lazy_on_cost=false
        lookahead=1
        max_abducibles=2
        max_features=(+inf)
        minacc=0.0
        mingain=0.05
        minpos=2
        minposfrac=0
        minscore=(-inf)
        moves=5
        newvars=(+inf)
        nodes=50000
        noise=0
        nreduce_bottom=false
        openlist=(+inf)
        optimise_clauses=false
        permute_bottom=false
        portray_examples=false
        portray_hypothesis=false
        portray_literals=false
        portray_search=false
        print=4
        prior=[0.345911949685535-pos,0.654088050314465-neg]
        proof_strategy=restricted_sld
        prooftime=(+inf)
        prune_tree=false
        record=true
        recordfile=./mlj_f0.log
        recordfile_stream=$stream(5)
        refine=false
        refineop=false
        resample=1
        rls_type=gsat
        rulefile=./mlj_f0.rul
        samplesize=0
        search=bf
        searchstrat=bf
        searchtime=(+inf)
        skolemvars=10000
        splitvars=false
        stage=command
        store_bottom=false
        subsample=false
        subsamplesize=(+inf)
        test_neg=./mlj_f0_test.n
        test_pos=./mlj_f0_test.f
        thread=8
        threads=1
        train_neg=mlj_f0.n
        train_pos=mlj_f0.f
        tries=10
        typeoverlap=0.95
        uniform_sample=false
        updateback=true
        verbosity=0
        version=5
[sat] [1]
[-------------------------------------]
[found clause]
class_mlj(A) :-
   pagina_1(A,B), frame(B,C), width_medium_small(C), pos_right(C), 
   larghezza_pagina(B,595.0).
[pos cover = 18 neg cover = 0] [pos-neg] [18]
[clause label] [[18,0,6,18]]
[clauses constructed] [2453]
[-------------------------------------]
[-------------------------------------]
[found clause]
class_mlj(A) :-
   pagina_1(A,B), altezza_pagina(B,842.0), frame(B,C), height_very_very_small(C), 
   pos_right(C).
[pos cover = 19 neg cover = 0] [pos-neg] [19]
[clause label] [[19,0,6,19]]
[clauses constructed] [2483]
[-------------------------------------]
[-------------------------------------]
[found clause]
class_mlj(A) :-
   pagina_1(A,B), altezza_pagina(B,842.0), frame(B,C), tipo_testo(C), 
   pos_right(C).
[pos cover = 27 neg cover = 0] [pos-neg] [27]
[clause label] [[27,0,6,27]]
[clauses constructed] [3078]
[-------------------------------------]
[clauses constructed] [50000]
[search time] [16.352]
[best clause]
class_mlj(A) :-
   pagina_1(A,B), altezza_pagina(B,842.0), frame(B,C), tipo_testo(C), 
   pos_right(C).
[positive examples left] [83]
[estimated time to finish (secs)] [50.2672592592593]
[sat] [2]
[-------------------------------------]
[found clause]
class_mlj(A) :-
   pagina_1(A,B), frame(B,C), height_very_small(C), width_very_small(C).
[pos cover = 3 neg cover = 0] [pos-neg] [3]
[clause label] [[3,0,5,3]]
[clauses constructed] [230]
[-------------------------------------]
[-------------------------------------]
[found clause]
class_mlj(A) :-
   pagina_1(A,B), frame(B,C), width_very_small(C), pos_right(C), 
   pos_upper(C).
[pos cover = 12 neg cover = 0] [pos-neg] [12]
[clause label] [[12,0,6,12]]
[clauses constructed] [2134]
[-------------------------------------]
[-------------------------------------]
[found clause]
class_mlj(A) :-
   pagina_1(A,B), frame(B,C), tipo_testo(C), width_very_small(C), 
   pos_upper(C).
[pos cover = 13 neg cover = 0] [pos-neg] [13]
[clause label] [[13,0,6,13]]
[clauses constructed] [2144]
[-------------------------------------]
[-------------------------------------]
[found clause]
class_mlj(A) :-
   pagina_1(A,B), frame(B,C), width_very_small(C), pos_right(C), 
   frame(B,D), height_very_small(D).
[pos cover = 17 neg cover = 0] [pos-neg] [17]
[clause label] [[17,0,7,17]]
[clauses constructed] [25237]
[-------------------------------------]
[clauses constructed] [50000]
[search time] [23.764]
[best clause]
class_mlj(A) :-
   pagina_1(A,B), frame(B,C), width_very_small(C), pos_right(C), 
   frame(B,D), height_very_small(D).
[positive examples left] [66]
[estimated time to finish (secs)] [60.174]
[sat] [4]
[-------------------------------------]
[found clause]
class_mlj(A) :-
   pagina_1(A,B), frame(B,C), height_very_small(C), width_medium(C), 
   pos_left(C).
[pos cover = 4 neg cover = 0] [pos-neg] [4]
[clause label] [[4,0,6,4]]
[clauses constructed] [1976]
[-------------------------------------]
[-------------------------------------]
[found clause]
class_mlj(A) :-
   pagina_1(A,B), frame(B,C), pos_left(C), pos_upper(C), 
   larghezza_pagina(B,595.0).
[pos cover = 7 neg cover = 0] [pos-neg] [7]
[clause label] [[7,0,6,7]]
[clauses constructed] [4322]
[-------------------------------------]
[clauses constructed] [50000]
[search time] [14.87]
[best clause]
class_mlj(A) :-
   pagina_1(A,B), frame(B,C), pos_left(C), pos_upper(C), 
   larghezza_pagina(B,595.0).
[positive examples left] [59]
[estimated time to finish (secs)] [63.6112549019608]
[sat] [5]
[clauses constructed] [50000]
[search time] [20.853]
[best clause]
class_mlj(d06060518380901422).
[positive examples left] [58]
[estimated time to finish (secs)] [84.5896538461539]
[sat] [7]
[-------------------------------------]
[found clause]
class_mlj(A) :-
   pagina_1(A,B), frame(B,C), allineato_al_centro_orizzontale(C,D), height_very_small(D).
[pos cover = 2 neg cover = 0] [pos-neg] [2]
[clause label] [[2,0,5,2]]
[clauses constructed] [282]
[-------------------------------------]
[-------------------------------------]
[found clause]
class_mlj(A) :-
   pagina_1(A,B), frame(B,C), height_very_small(C), width_medium(C), 
   pos_left(C).
[pos cover = 3 neg cover = 0] [pos-neg] [3]
[clause label] [[3,0,6,3]]
[clauses constructed] [3690]
[-------------------------------------]
[-------------------------------------]
[found clause]
class_mlj(A) :-
   pagina_1(A,B), frame(B,C), tipo_misto(C), height_very_small(C), 
   pos_upper(C).
[pos cover = 8 neg cover = 0] [pos-neg] [8]
[clause label] [[8,0,6,8]]
[clauses constructed] [4096]
[-------------------------------------]
[clauses constructed] [50000]
[search time] [22.014]
[best clause]
class_mlj(A) :-
   pagina_1(A,B), frame(B,C), tipo_misto(C), height_very_small(C), 
   pos_upper(C).
[positive examples left] [50]
[estimated time to finish (secs)] [81.5441666666667]
[sat] [8]
[-------------------------------------]
[found clause]
class_mlj(A) :-
   pagina_1(A,B), frame(B,C), on_top(C,D), height_large(D), 
   width_large(D), width_medium_small(C).
[pos cover = 22 neg cover = 0] [pos-neg] [22]
[clause label] [[22,0,7,22]]
[clauses constructed] [22398]
[-------------------------------------]
[clauses constructed] [50000]
[search time] [22.832]
[best clause]
class_mlj(A) :-
   pagina_1(A,B), frame(B,C), on_top(C,D), height_large(D), 
   width_large(D), width_medium_small(C).
[positive examples left] [28]
[estimated time to finish (secs)] [41.209512195122]
[sat] [9]
[-------------------------------------]
[found clause]
class_mlj(A) :-
   pagina_1(A,B), altezza_pagina(B,842.0), frame(B,C), height_medium_large(C), 
   pos_lower(C), larghezza_pagina(B,595.0).
[pos cover = 4 neg cover = 0] [pos-neg] [4]
[clause label] [[4,0,7,4]]
[clauses constructed] [23556]
[-------------------------------------]
[-------------------------------------]
[found clause]
class_mlj(A) :-
   pagina_1(A,B), frame(B,C), on_top(C,D), height_medium_large(D), 
   pos_left(C), larghezza_pagina(B,595.0).
[pos cover = 7 neg cover = 0] [pos-neg] [7]
[clause label] [[7,0,7,7]]
[clauses constructed] [47573]
[-------------------------------------]
[clauses constructed] [50000]
[search time] [12.916]
[best clause]
class_mlj(A) :-
   pagina_1(A,B), frame(B,C), on_top(C,D), height_medium_large(D), 
   pos_left(C), larghezza_pagina(B,595.0).
[positive examples left] [21]
[estimated time to finish (secs)] [31.5238314606742]
[sat] [19]
[clauses constructed] [50000]
[search time] [17.816]
[best clause]
class_mlj(d06060518322601004).
[positive examples left] [20]
[estimated time to finish (secs)] [33.6482222222222]
[sat] [24]
[-------------------------------------]
[found clause]
class_mlj(A) :-
   pagina_1(A,B), frame(B,C), allineato_al_centro_orizzontale(C,D), on_top(D,C).
[pos cover = 2 neg cover = 0] [pos-neg] [2]
[clause label] [[2,0,5,2]]
[clauses constructed] [255]
[-------------------------------------]
[-------------------------------------]
[found clause]
class_mlj(A) :-
   pagina_1(A,B), frame(B,C), allineato_al_centro_orizzontale(C,D), pos_center(D), 
   pos_middle(D).
[pos cover = 3 neg cover = 0] [pos-neg] [3]
[clause label] [[3,0,6,3]]
[clauses constructed] [2906]
[-------------------------------------]
[-------------------------------------]
[found clause]
class_mlj(A) :-
   pagina_1(A,B), frame(B,C), on_top(C,D), width_medium_small(D), 
   pos_right(D), height_small(C).
[pos cover = 4 neg cover = 0] [pos-neg] [4]
[clause label] [[4,0,7,4]]
[clauses constructed] [39001]
[-------------------------------------]
[-------------------------------------]
[found clause]
class_mlj(A) :-
   pagina_1(A,B), frame(B,C), on_top(C,D), width_medium_small(D), 
   pos_right(D), height_very_small(C).
[pos cover = 5 neg cover = 0] [pos-neg] [5]
[clause label] [[5,0,7,5]]
[clauses constructed] [39096]
[-------------------------------------]
[clauses constructed] [50000]
[search time] [16.863]
[best clause]
class_mlj(A) :-
   pagina_1(A,B), frame(B,C), on_top(C,D), width_medium_small(D), 
   pos_right(D), height_very_small(C).
[positive examples left] [15]
[estimated time to finish (secs)] [26.5705263157895]
[sat] [41]
[clauses constructed] [50000]
[search time] [17.432]
[best clause]
class_mlj(d06060518421201581).
[positive examples left] [14]
[estimated time to finish (secs)] [27.083]
[sat] [43]
[clauses constructed] [50000]
[search time] [17.368]
[best clause]
class_mlj(d06060510442014369).
[positive examples left] [13]
[estimated time to finish (secs)] [27.2169072164948]
[sat] [52]
[-------------------------------------]
[found clause]
class_mlj(A) :-
   pagina_1(A,B), frame(B,C), height_very_large(C), width_large(C).
[pos cover = 2 neg cover = 0] [pos-neg] [2]
[clause label] [[2,0,5,2]]
[clauses constructed] [154]
[-------------------------------------]
[clauses constructed] [50000]
[search time] [18.943]
[best clause]
class_mlj(A) :-
   pagina_1(A,B), frame(B,C), height_very_large(C), width_large(C).
[positive examples left] [11]
[estimated time to finish (secs)] [24.6692222222222]
[sat] [63]
[-------------------------------------]
[found clause]
class_mlj(A) :-
   pagina_1(A,B), frame(B,C), on_top(C,D), width_medium_small(D), 
   pos_middle(D), height_medium_large(C).
[pos cover = 2 neg cover = 0] [pos-neg] [2]
[clause label] [[2,0,7,2]]
[clauses constructed] [34295]
[-------------------------------------]
[clauses constructed] [50000]
[search time] [16.405]
[best clause]
class_mlj(A) :-
   pagina_1(A,B), frame(B,C), on_top(C,D), width_medium_small(D), 
   pos_middle(D), height_medium_large(C).
[positive examples left] [9]
[estimated time to finish (secs)] [21.2460594059406]
[sat] [69]
[clauses constructed] [50000]
[search time] [22.808]
[best clause]
class_mlj(d06060518525802442).
[positive examples left] [8]
[estimated time to finish (secs)] [20.4890980392157]
[sat] [87]
[clauses constructed] [50000]
[search time] [16.449]
[best clause]
class_mlj(d06060518272200636).
[positive examples left] [7]
[estimated time to finish (secs)] [18.8717961165049]
[sat] [88]
[clauses constructed] [50000]
[search time] [16.987]
[best clause]
class_mlj(d06060518304000869).
[positive examples left] [6]
[estimated time to finish (secs)] [17.0003076923077]
[sat] [95]
[clauses constructed] [50000]
[search time] [16.867]
[best clause]
class_mlj(d06060518303100860).
[positive examples left] [5]
[estimated time to finish (secs)] [14.8351904761905]
[sat] [96]
[clauses constructed] [50000]
[search time] [19.159]
[best clause]
class_mlj(d06060510273413645).
[positive examples left] [4]
[estimated time to finish (secs)] [12.4791698113208]
[sat] [103]
[clauses constructed] [50000]
[search time] [16.299]
[best clause]
class_mlj(d06060510445614393).
[positive examples left] [3]
[estimated time to finish (secs)] [9.72888785046729]
[sat] [105]
[clauses constructed] [50000]
[search time] [18.813]
[best clause]
class_mlj(d06060518302200819).
[positive examples left] [2]
[estimated time to finish (secs)] [6.77425925925926]
[sat] [107]
[clauses constructed] [50000]
[search time] [19.73]
[best clause]
class_mlj(d06060518540302460).
[positive examples left] [1]
[estimated time to finish (secs)] [3.53706422018349]
[sat] [109]
[positive examples left] [0]
[estimated time to finish (secs)] [0.0]

[theory]

[Rule 1] [Pos cover = 27 Neg cover = 0]
class_mlj(A) :-
   pagina_1(A,B), altezza_pagina(B,842.0), frame(B,C), tipo_testo(C), 
   pos_right(C).

[Rule 2] [Pos cover = 19 Neg cover = 0]
class_mlj(A) :-
   pagina_1(A,B), frame(B,C), width_very_small(C), pos_right(C), 
   frame(B,D), height_very_small(D).

[Rule 3] [Pos cover = 15 Neg cover = 0]
class_mlj(A) :-
   pagina_1(A,B), frame(B,C), pos_left(C), pos_upper(C), 
   larghezza_pagina(B,595.0).

[Rule 5] [Pos cover = 8 Neg cover = 0]
class_mlj(A) :-
   pagina_1(A,B), frame(B,C), tipo_misto(C), height_very_small(C), 
   pos_upper(C).

[Rule 6] [Pos cover = 46 Neg cover = 0]
class_mlj(A) :-
   pagina_1(A,B), frame(B,C), on_top(C,D), height_large(D), 
   width_large(D), width_medium_small(C).

[Rule 7] [Pos cover = 20 Neg cover = 0]
class_mlj(A) :-
   pagina_1(A,B), frame(B,C), on_top(C,D), height_medium_large(D), 
   pos_left(C), larghezza_pagina(B,595.0).

[Rule 9] [Pos cover = 27 Neg cover = 0]
class_mlj(A) :-
   pagina_1(A,B), frame(B,C), on_top(C,D), width_medium_small(D), 
   pos_right(D), height_very_small(C).

[Rule 12] [Pos cover = 3 Neg cover = 0]
class_mlj(A) :-
   pagina_1(A,B), frame(B,C), height_very_large(C), width_large(C).

[Rule 13] [Pos cover = 10 Neg cover = 0]
class_mlj(A) :-
   pagina_1(A,B), frame(B,C), on_top(C,D), width_medium_small(D), 
   pos_middle(D), height_medium_large(C).

[Training set performance]
           Actual
        +          -  
     + 98         0         98 
Pred 
     - 12        208        220 

       110        208        318 

Accuracy = 0.962264150943396
[Training set summary] [[98,0,12,208]]
[Test set performance]
          Actual
       +        - 
     + 12        1        13 
Pred 
     - 0        22        22 

       12        23        35 

Accuracy = 0.971428571428571
[Test set summary] [[12,1,0,22]]
[time taken] [391.587]

[total clauses constructed] [1050000]
