
[settings]
        abduce=false
        cache_clauselength=5
        caching=true
        check_good=false
        check_redundant=false
        check_useless=true
        clauselength=8
        clauses=8
        condition=false
        confidence=0.95
        construct_bottom=saturation
        depth=15
        evalfn=coverage
        explore=false
        good=false
        greedy=true
        gsamplesize=100
        i=10
        interactive=false
        language=(+inf)
        lazy_negs=false
        lazy_on_contradiction=false
        lazy_on_cost=false
        lookahead=1
        max_abducibles=2
        max_features=(+inf)
        minacc=0.0
        mingain=0.05
        minpos=2
        minposfrac=0
        minscore=(-inf)
        moves=5
        newvars=(+inf)
        nodes=50000
        noise=0
        nreduce_bottom=false
        openlist=(+inf)
        optimise_clauses=false
        permute_bottom=false
        portray_examples=false
        portray_hypothesis=false
        portray_literals=false
        portray_search=false
        print=4
        prior=[0.34384858044164-pos,0.65615141955836-neg]
        proof_strategy=restricted_sld
        prooftime=(+inf)
        prune_tree=false
        record=true
        recordfile=./mlj_f8.log
        recordfile_stream=$stream(5)
        refine=false
        refineop=false
        resample=1
        rls_type=gsat
        rulefile=./mlj_f8.rul
        samplesize=0
        search=bf
        searchstrat=bf
        searchtime=(+inf)
        skolemvars=10000
        splitvars=false
        stage=command
        store_bottom=false
        subsample=false
        subsamplesize=(+inf)
        test_neg=./mlj_f8_test.n
        test_pos=./mlj_f8_test.f
        thread=8
        threads=1
        train_neg=mlj_f8.n
        train_pos=mlj_f8.f
        tries=10
        typeoverlap=0.95
        uniform_sample=false
        updateback=true
        verbosity=0
        version=5
[sat] [1]
[-------------------------------------]
[found clause]
class_mlj(A) :-
   pagina_1(A,B), frame(B,C), allineato_al_centro_verticale(C,D), width_very_small(D).
[pos cover = 9 neg cover = 0] [pos-neg] [9]
[clause label] [[9,0,5,9]]
[clauses constructed] [2739]
[-------------------------------------]
[-------------------------------------]
[found clause]
class_mlj(A) :-
   pagina_1(A,B), frame(B,C), width_very_small(C), pos_right(C), 
   pos_upper(C).
[pos cover = 14 neg cover = 0] [pos-neg] [14]
[clause label] [[14,0,6,14]]
[clauses constructed] [3048]
[-------------------------------------]
[-------------------------------------]
[found clause]
class_mlj(A) :-
   pagina_1(A,B), frame(B,C), tipo_testo(C), width_very_small(C), 
   pos_upper(C).
[pos cover = 15 neg cover = 0] [pos-neg] [15]
[clause label] [[15,0,6,15]]
[clauses constructed] [3063]
[-------------------------------------]
[-------------------------------------]
[found clause]
class_mlj(A) :-
   pagina_1(A,B), frame(B,C), height_very_small(C), width_large(C), 
   frame(B,D), width_very_small(D).
[pos cover = 22 neg cover = 0] [pos-neg] [22]
[clause label] [[22,0,7,22]]
[clauses constructed] [43185]
[-------------------------------------]
[clauses constructed] [50000]
[search time] [20.46]
[best clause]
class_mlj(A) :-
   pagina_1(A,B), frame(B,C), height_very_small(C), width_large(C), 
   frame(B,D), width_very_small(D).
[positive examples left] [87]
[estimated time to finish (secs)] [80.91]
[sat] [2]
[-------------------------------------]
[found clause]
class_mlj(A) :-
   pagina_1(A,B), frame(B,C), pos_left(C), pos_upper(C), 
   larghezza_pagina(B,595.0).
[pos cover = 16 neg cover = 0] [pos-neg] [16]
[clause label] [[16,0,6,16]]
[clauses constructed] [8247]
[-------------------------------------]
[clauses constructed] [50000]
[search time] [19.198]
[best clause]
class_mlj(A) :-
   pagina_1(A,B), frame(B,C), pos_left(C), pos_upper(C), 
   larghezza_pagina(B,595.0).
[positive examples left] [71]
[estimated time to finish (secs)] [74.0978421052632]
[sat] [4]
[-------------------------------------]
[found clause]
class_mlj(A) :-
   pagina_1(A,B), frame(B,C), on_top(C,D), height_large(D), 
   width_large(D), width_medium_small(C).
[pos cover = 31 neg cover = 0] [pos-neg] [31]
[clause label] [[31,0,7,31]]
[clauses constructed] [25846]
[-------------------------------------]
[clauses constructed] [50000]
[search time] [22.677]
[best clause]
class_mlj(A) :-
   pagina_1(A,B), frame(B,C), on_top(C,D), height_large(D), 
   width_large(D), width_medium_small(C).
[positive examples left] [40]
[estimated time to finish (secs)] [36.136231884058]
[sat] [7]
[-------------------------------------]
[found clause]
class_mlj(A) :-
   pagina_1(A,B), frame(B,C), height_smallest(C), width_medium(C).
[pos cover = 2 neg cover = 0] [pos-neg] [2]
[clause label] [[2,0,5,2]]
[clauses constructed] [528]
[-------------------------------------]
[-------------------------------------]
[found clause]
class_mlj(A) :-
   pagina_1(A,B), frame(B,C), width_medium_small(C), pos_right(C), 
   larghezza_pagina(B,595.0).
[pos cover = 10 neg cover = 0] [pos-neg] [10]
[clause label] [[10,0,6,10]]
[clauses constructed] [4309]
[-------------------------------------]
[-------------------------------------]
[found clause]
class_mlj(A) :-
   pagina_1(A,B), altezza_pagina(B,842.0), frame(B,C), height_very_very_small(C), 
   pos_right(C).
[pos cover = 11 neg cover = 0] [pos-neg] [11]
[clause label] [[11,0,6,11]]
[clauses constructed] [4426]
[-------------------------------------]
[-------------------------------------]
[found clause]
class_mlj(A) :-
   pagina_1(A,B), altezza_pagina(B,842.0), frame(B,C), on_top(C,D), 
   pos_right(D).
[pos cover = 14 neg cover = 0] [pos-neg] [14]
[clause label] [[14,0,6,14]]
[clauses constructed] [4595]
[-------------------------------------]
[clauses constructed] [50000]
[search time] [18.058]
[best clause]
class_mlj(A) :-
   pagina_1(A,B), altezza_pagina(B,842.0), frame(B,C), on_top(C,D), 
   pos_right(D).
[positive examples left] [26]
[estimated time to finish (secs)] [25.1833493975904]
[sat] [8]
[-------------------------------------]
[found clause]
class_mlj(A) :-
   pagina_1(A,B), altezza_pagina(B,842.0), frame(B,C), height_medium_large(C), 
   pos_lower(C), larghezza_pagina(B,595.0).
[pos cover = 5 neg cover = 0] [pos-neg] [5]
[clause label] [[5,0,7,5]]
[clauses constructed] [32265]
[-------------------------------------]
[clauses constructed] [50000]
[search time] [13.347]
[best clause]
class_mlj(A) :-
   pagina_1(A,B), altezza_pagina(B,842.0), frame(B,C), height_medium_large(C), 
   pos_lower(C), larghezza_pagina(B,595.0).
[positive examples left] [21]
[estimated time to finish (secs)] [22.3697727272727]
[sat] [17]
[clauses constructed] [50000]
[search time] [18.685]
[best clause]
class_mlj(d06060518380901422).
[positive examples left] [20]
[estimated time to finish (secs)] [25.2640449438202]
[sat] [31]
[clauses constructed] [50000]
[search time] [17.75]
[best clause]
class_mlj(d06060518322601004).
[positive examples left] [19]
[estimated time to finish (secs)] [27.4813888888889]
[sat] [36]
[-------------------------------------]
[found clause]
class_mlj(A) :-
   pagina_1(A,B), frame(B,C), allineato_al_centro_orizzontale(C,D), on_top(D,C), 
   allineato_al_centro_verticale(C,E).
[pos cover = 2 neg cover = 0] [pos-neg] [2]
[clause label] [[2,0,6,2]]
[clauses constructed] [2882]
[-------------------------------------]
[-------------------------------------]
[found clause]
class_mlj(A) :-
   pagina_1(A,B), frame(B,C), on_top(C,D), width_medium_small(D), 
   pos_right(D), height_small(C).
[pos cover = 5 neg cover = 0] [pos-neg] [5]
[clause label] [[5,0,7,5]]
[clauses constructed] [39127]
[-------------------------------------]
[-------------------------------------]
[found clause]
class_mlj(A) :-
   pagina_1(A,B), frame(B,C), on_top(C,D), width_medium_small(D), 
   pos_right(D), height_very_small(C).
[pos cover = 6 neg cover = 0] [pos-neg] [6]
[clause label] [[6,0,7,6]]
[clauses constructed] [39224]
[-------------------------------------]
[clauses constructed] [50000]
[search time] [16.824]
[best clause]
class_mlj(A) :-
   pagina_1(A,B), frame(B,C), on_top(C,D), width_medium_small(D), 
   pos_right(D), height_very_small(C).
[positive examples left] [13]
[estimated time to finish (secs)] [19.9061145833333]
[sat] [40]
[clauses constructed] [50000]
[search time] [18.238]
[best clause]
class_mlj(d06060510502115103).
[positive examples left] [12]
[estimated time to finish (secs)] [20.4416907216495]
[sat] [53]
[clauses constructed] [50000]
[search time] [23.68]
[best clause]
class_mlj(d06060518421201581).
[positive examples left] [11]
[estimated time to finish (secs)] [21.2049693877551]
[sat] [55]
[clauses constructed] [50000]
[search time] [17.039]
[best clause]
class_mlj(d06060510442014369).
[positive examples left] [10]
[estimated time to finish (secs)] [20.8036363636364]
[sat] [56]
[-------------------------------------]
[found clause]
class_mlj(A) :-
   pagina_1(A,B), frame(B,C), allineato_al_centro_verticale(C,D), width_medium_small(D), 
   pos_left(D), pos_middle(D).
[pos cover = 2 neg cover = 0] [pos-neg] [2]
[clause label] [[2,0,7,2]]
[clauses constructed] [43016]
[-------------------------------------]
[clauses constructed] [50000]
[search time] [15.032]
[best clause]
class_mlj(A) :-
   pagina_1(A,B), frame(B,C), allineato_al_centro_verticale(C,D), width_medium_small(D), 
   pos_left(D), pos_middle(D).
[positive examples left] [8]
[estimated time to finish (secs)] [17.504]
[sat] [64]
[-------------------------------------]
[found clause]
class_mlj(A) :-
   pagina_1(A,B), frame(B,C), height_very_large(C), width_large(C).
[pos cover = 2 neg cover = 0] [pos-neg] [2]
[clause label] [[2,0,5,2]]
[clauses constructed] [154]
[-------------------------------------]
[clauses constructed] [50000]
[search time] [18.339]
[best clause]
class_mlj(A) :-
   pagina_1(A,B), frame(B,C), height_very_large(C), width_large(C).
[positive examples left] [6]
[estimated time to finish (secs)] [13.9413786407767]
[sat] [77]
[clauses constructed] [50000]
[search time] [13.241]
[best clause]
class_mlj(d06053013220812764).
[positive examples left] [5]
[estimated time to finish (secs)] [12.1426923076923]
[sat] [81]
[clauses constructed] [50000]
[search time] [22.379]
[best clause]
class_mlj(d06060518525802442).
[positive examples left] [4]
[estimated time to finish (secs)] [10.4741714285714]
[sat] [86]
[clauses constructed] [50000]
[search time] [16.363]
[best clause]
class_mlj(d06053013254013020).
[positive examples left] [3]
[estimated time to finish (secs)] [8.24462264150943]
[sat] [102]
[clauses constructed] [50000]
[search time] [16.137]
[best clause]
class_mlj(d06060510445614393).
[positive examples left] [2]
[estimated time to finish (secs)] [5.74667289719626]
[sat] [104]
[clauses constructed] [50000]
[search time] [18.829]
[best clause]
class_mlj(d06060518302200819).
[positive examples left] [1]
[estimated time to finish (secs)] [3.02107407407407]
[sat] [106]
[positive examples left] [0]
[estimated time to finish (secs)] [0.0]

[theory]

[Rule 1] [Pos cover = 22 Neg cover = 0]
class_mlj(A) :-
   pagina_1(A,B), frame(B,C), height_very_small(C), width_large(C), 
   frame(B,D), width_very_small(D).

[Rule 2] [Pos cover = 17 Neg cover = 0]
class_mlj(A) :-
   pagina_1(A,B), frame(B,C), pos_left(C), pos_upper(C), 
   larghezza_pagina(B,595.0).

[Rule 3] [Pos cover = 46 Neg cover = 0]
class_mlj(A) :-
   pagina_1(A,B), frame(B,C), on_top(C,D), height_large(D), 
   width_large(D), width_medium_small(C).

[Rule 4] [Pos cover = 28 Neg cover = 0]
class_mlj(A) :-
   pagina_1(A,B), altezza_pagina(B,842.0), frame(B,C), on_top(C,D), 
   pos_right(D).

[Rule 5] [Pos cover = 14 Neg cover = 0]
class_mlj(A) :-
   pagina_1(A,B), altezza_pagina(B,842.0), frame(B,C), height_medium_large(C), 
   pos_lower(C), larghezza_pagina(B,595.0).

[Rule 8] [Pos cover = 27 Neg cover = 0]
class_mlj(A) :-
   pagina_1(A,B), frame(B,C), on_top(C,D), width_medium_small(D), 
   pos_right(D), height_very_small(C).

[Rule 12] [Pos cover = 21 Neg cover = 0]
class_mlj(A) :-
   pagina_1(A,B), frame(B,C), allineato_al_centro_verticale(C,D), width_medium_small(D), 
   pos_left(D), pos_middle(D).

[Rule 13] [Pos cover = 4 Neg cover = 0]
class_mlj(A) :-
   pagina_1(A,B), frame(B,C), height_very_large(C), width_large(C).

[Training set performance]
           Actual
        +          -  
     + 99         0         99 
Pred 
     - 10        208        218 

       109        208        317 

Accuracy = 0.968454258675079
[Training set summary] [[99,0,10,208]]
[Test set performance]
          Actual
       +        - 
     + 8        1        9 
Pred 
     - 5        22        27 

       13        23        36 

Accuracy = 0.833333333333333
[Test set summary] [[8,1,5,22]]
[time taken] [331.317]

[total clauses constructed] [900000]
