FOIL 6.4   [January 1996]
--------

    Options:
	no negated literals
	verbosity level 2

Types Documento and Pagina are not compatible
Types Documento and Frame are not compatible
Types Documento and NumeroPagine are not compatible
Types Documento and LarghezzaPagina are not compatible
Types Documento and AltezzaPagina are not compatible
Types Documento and AscissaRettangolo are not compatible
Types Documento and OrdinataRettangolo are not compatible
Types Documento and LarghezzaRettangolo are not compatible
Types Documento and AltezzaRettangolo are not compatible
Types Pagina and Frame are not compatible
Types Pagina and NumeroPagine are not compatible
Types Pagina and LarghezzaPagina are not compatible
Types Pagina and AltezzaPagina are not compatible
Types Pagina and AscissaRettangolo are not compatible
Types Pagina and OrdinataRettangolo are not compatible
Types Pagina and LarghezzaRettangolo are not compatible
Types Pagina and AltezzaRettangolo are not compatible
Types Frame and NumeroPagine are not compatible
Types Frame and LarghezzaPagina are not compatible
Types Frame and AltezzaPagina are not compatible
Types Frame and AscissaRettangolo are not compatible
Types Frame and OrdinataRettangolo are not compatible
Types Frame and LarghezzaRettangolo are not compatible
Types Frame and AltezzaRettangolo are not compatible
Types NumeroPagine and LarghezzaPagina are not compatible
Types NumeroPagine and AltezzaPagina are not compatible
Types NumeroPagine and AscissaRettangolo are not compatible
Types NumeroPagine and OrdinataRettangolo are not compatible
Types NumeroPagine and LarghezzaRettangolo are not compatible
Types NumeroPagine and AltezzaRettangolo are not compatible
Types LarghezzaPagina and AltezzaPagina are not compatible
Types LarghezzaPagina and AscissaRettangolo are not compatible
Types LarghezzaPagina and OrdinataRettangolo are not compatible
Types LarghezzaPagina and LarghezzaRettangolo are not compatible
Types LarghezzaPagina and AltezzaRettangolo are not compatible
Types AltezzaPagina and AscissaRettangolo are not compatible
Types AltezzaPagina and OrdinataRettangolo are not compatible
Types AltezzaPagina and LarghezzaRettangolo are not compatible
Types AltezzaPagina and AltezzaRettangolo are not compatible
Types AscissaRettangolo and OrdinataRettangolo are not compatible
Types AscissaRettangolo and LarghezzaRettangolo are not compatible
Types AscissaRettangolo and AltezzaRettangolo are not compatible
Types OrdinataRettangolo and LarghezzaRettangolo are not compatible
Types OrdinataRettangolo and AltezzaRettangolo are not compatible
Types LarghezzaRettangolo and AltezzaRettangolo are not compatible

Relation class_elsevier

Relation *allineato_al_centro_orizzontale
    (warning: contains duplicate positive tuples)

Relation *allineato_al_centro_verticale
    (warning: contains duplicate positive tuples)

Relation *altezza_pagina
    (warning: contains duplicate positive tuples)

Relation *larghezza_pagina
    (warning: contains duplicate positive tuples)

Relation *altezza_rettangolo
    (warning: contains duplicate positive tuples)

Relation *ascissa_rettangolo
    (warning: contains duplicate positive tuples)

Relation *ordinata_rettangolo
    (warning: contains duplicate positive tuples)

Relation *larghezza_rettangolo
    (warning: contains duplicate positive tuples)

Relation *frame
    (warning: contains duplicate positive tuples)

Relation *numero_pagine
    (warning: contains duplicate positive tuples)

Relation *on_top
    (warning: contains duplicate positive tuples)

Relation *to_right
    (warning: contains duplicate positive tuples)

Relation *pagina_1
    (warning: contains duplicate positive tuples)

Relation *ultima_pagina

Relation *tipo_immagine

Relation *tipo_linea_obbliqua

Relation *tipo_linea_orizzontale

Relation *tipo_misto

Relation *tipo_testo

Relation *tipo_vuoto

----------
class_elsevier:

State (55/317, 236.8 bits available)

				[pagina_1 tried 1/1] 0.2 secs
				[numero_pagine tried 1/1] 0.2 secs

Best literal pagina_1(A,B) (1.0 bits)


State (110/634 [55/317], 235.8 bits available, 1 weak literal)

				[ultima_pagina tried 1/1] 0.2 secs
				[frame tried 1/1] 0.2 secs
				[pagina_1 tried 1/3] 0.2 secs
				[numero_pagine tried 1/1] 0.2 secs
				[altezza_pagina tried 1/1] 0.2 secs
				[larghezza_pagina tried 1/1] 0.2 secs

Best literal frame(B,C) (2.6 bits)


State (2852/13944 [55/317], 234.2 bits available, 2 weak literals)

				[tipo_testo tried 1/1] 0.2 secs
				[tipo_linea_orizzontale tried 1/1] 0.2 secs
				[tipo_misto tried 1/1] 0.2 secs
				[tipo_linea_obbliqua tried 1/1] 0.2 secs
				[tipo_immagine tried 1/1] 0.2 secs
				[tipo_vuoto tried 1/1] 0.2 secs
				[ultima_pagina tried 1/1] 0.2 secs
				[frame tried 1/3] 0.2 secs
				[pagina_1 tried 2/3] 0.2 secs
				[on_top tried 2/2] 0.2 secs
				[to_right tried 2/2] 0.2 secs
				[allineato_al_centro_verticale tried 2/2] 0.2 secs
				[allineato_al_centro_orizzontale tried 2/2] 0.2 secs
				[numero_pagine tried 1/1] 0.2 secs
				[altezza_pagina tried 1/1] 0.2 secs
				[larghezza_pagina tried 1/1] 0.2 secs
				[altezza_rettangolo tried 1/1] 0.2 secs
				[ascissa_rettangolo tried 1/1] 0.2 secs
				[ordinata_rettangolo tried 1/1] 0.2 secs
				[larghezza_rettangolo tried 1/1] 0.2 secs

	Save tipo_linea_orizzontale(C) (48,63 value 101.8)
	Save allineato_al_centro_verticale(D,C) (55,316 value 0.2)

Best literal allineato_al_centro_verticale(C,D) (5.3 bits)


State (15568/39536 [55/316], 230.4 bits available)

				[= tried 1/1] 0.2 secs
				[tipo_testo tried 2/2] 0.2 secs
				[tipo_linea_orizzontale tried 2/2] 0.2 secs
				[tipo_misto tried 2/2] 0.2 secs
				[tipo_linea_obbliqua tried 2/2] 0.2 secs
				[tipo_immagine tried 2/2] 0.2 secs
				[tipo_vuoto tried 2/2] 0.2 secs
				[ultima_pagina tried 1/1] 0.2 secs
				[frame tried 4/5] 0.2 secs
				[pagina_1 tried 2/3] 0.2 secs
				[on_top tried 6/6] 0.2 secs
				[to_right tried 6/6] 0.2 secs
				[allineato_al_centro_verticale tried 4/6] 0.2 secs
				[allineato_al_centro_orizzontale tried 4/6] 0.2 secs
				[numero_pagine tried 1/1] 0.3 secs
				[altezza_pagina tried 1/1] 0.3 secs
				[larghezza_pagina tried 1/1] 0.3 secs
				[altezza_rettangolo tried 2/2] 0.3 secs
				[ascissa_rettangolo tried 2/2] 0.3 secs
				[ordinata_rettangolo tried 2/2] 0.3 secs
				[larghezza_rettangolo tried 2/2] 0.3 secs

	Save clause ending with tipo_linea_orizzontale(C) (cover 48, accuracy 94%)

	Save tipo_linea_orizzontale(C) (48,51 value 116.2)

Best literal tipo_linea_orizzontale(D) (5.4 bits)


State (3432/3544 [48/51], 208.9 bits available)

				[= tried 1/1] 0.3 secs
				[tipo_testo tried 2/2] 0.3 secs
				[tipo_linea_orizzontale tried 1/2] 0.3 secs
				[tipo_misto tried 2/2] 0.3 secs
				[tipo_linea_obbliqua tried 2/2] 0.3 secs
				[tipo_immagine tried 2/2] 0.3 secs
				[tipo_vuoto tried 2/2] 0.3 secs
				[ultima_pagina tried 1/1] 0.3 secs
				[frame tried 4/5] 0.3 secs
				[pagina_1 tried 2/3] 0.3 secs
				[on_top tried 6/6] 0.3 secs
				[to_right tried 6/6] 0.3 secs
				[allineato_al_centro_verticale tried 5/6] 0.3 secs
				[allineato_al_centro_orizzontale tried 4/6] 0.3 secs
				[numero_pagine tried 1/1] 0.3 secs
				[altezza_pagina tried 1/1] 0.3 secs
				[larghezza_pagina tried 1/1] 0.3 secs
				[altezza_rettangolo tried 2/2] 0.3 secs
				[ascissa_rettangolo tried 2/2] 0.3 secs
				[ordinata_rettangolo tried 2/2] 0.3 secs
				[larghezza_rettangolo tried 2/2] 0.3 secs

	Save clause ending with tipo_misto(C) (cover 30, accuracy 100%)

	Save allineato_al_centro_verticale(C,E) (48,51 value 116.2)
	Save allineato_al_centro_verticale(E,C) (44,47 value 106.1)

Best literal allineato_al_centro_verticale(E,D) (7.0 bits)


State (38896/39344 [48/51], 204.3 bits available, 1 weak literal)

				[= tried 3/3] 0.3 secs
				[tipo_testo tried 3/3] 0.3 secs
				[tipo_linea_orizzontale tried 2/3] 0.3 secs
				[tipo_misto tried 3/3] 0.3 secs
				[tipo_linea_obbliqua tried 3/3] 0.3 secs
				[tipo_immagine tried 3/3] 0.3 secs
				[tipo_vuoto tried 3/3] 0.3 secs
				[ultima_pagina tried 1/1] 0.3 secs
				[frame tried 5/6] 0.3 secs
				[pagina_1 tried 2/3] 0.3 secs
				[on_top tried 10/10] 0.4 secs
				[to_right tried 10/10] 0.4 secs
				[allineato_al_centro_verticale tried 7/10] 0.4 secs
				[allineato_al_centro_orizzontale tried 6/10] 0.4 secs
				[numero_pagine tried 1/1] 0.4 secs
				[altezza_pagina tried 1/1] 0.4 secs
				[larghezza_pagina tried 1/1] 0.4 secs
				[altezza_rettangolo tried 2/2] 0.4 secs
				[ascissa_rettangolo tried 2/2] 0.4 secs
				[ordinata_rettangolo tried 2/2] 0.4 secs
				[larghezza_rettangolo tried 2/2] 0.5 secs

	Save to_right(E,D) (46,49 value 111.1)

Best literal to_right(C,D) (7.7 bits)


State (57408/57696 [46/49], 193.6 bits available)

				[= tried 3/3] 0.5 secs
				[tipo_testo tried 3/3] 0.5 secs
				[tipo_linea_orizzontale tried 2/3] 0.5 secs
				[tipo_misto tried 3/3] 0.5 secs
				[tipo_linea_obbliqua tried 3/3] 0.5 secs
				[tipo_immagine tried 3/3] 0.5 secs
				[tipo_vuoto tried 3/3] 0.5 secs
				[ultima_pagina tried 1/1] 0.5 secs
				[frame tried 5/6] 0.5 secs
				[pagina_1 tried 2/3] 0.5 secs
				[on_top tried 10/10] 0.6 secs
				[to_right tried 9/10] 0.6 secs
				[allineato_al_centro_verticale tried 7/10] 0.6 secs
				[allineato_al_centro_orizzontale tried 6/10] 0.6 secs
				[numero_pagine tried 1/1] 0.6 secs
				[altezza_pagina tried 1/1] 0.6 secs
				[larghezza_pagina tried 1/1] 0.6 secs
				[altezza_rettangolo tried 2/2] 0.6 secs
				[ascissa_rettangolo tried 2/2] 0.6 secs
				[ordinata_rettangolo tried 2/2] 0.6 secs
				[larghezza_rettangolo tried 2/2] 0.7 secs

	Save clause ending with on_top(C,D) (cover 42, accuracy 100%)

	Save on_top(E,D) (44,45 value 108.8)

Best literal on_top(C,D) (7.7 bits)

Initial clause (0 errs): class_elsevier(A) :- pagina_1(A,B), frame(B,C), allineato_al_centro_verticale(C,D), tipo_linea_orizzontale(D), allineato_al_centro_verticale(E,D), to_right(C,D), on_top(C,D).
		allineato_al_centro_verticale(C,D) needed for binding tipo_linea_orizzontale(D)
		frame(B,C) needed for binding allineato_al_centro_verticale(C,D)
		pagina_1(A,B) needed for binding frame(B,C)

Clause 0: class_elsevier(A) :- pagina_1(A,B), frame(B,C), allineato_al_centro_verticale(C,D), tipo_linea_orizzontale(D), to_right(C,D), on_top(C,D).

State (13/275, 91.8 bits available)

				[pagina_1 tried 1/1] 0.7 secs
				[numero_pagine tried 1/1] 0.7 secs

Best literal pagina_1(A,B) (1.0 bits)


State (26/550 [13/275], 90.8 bits available, 1 weak literal)

				[ultima_pagina tried 1/1] 0.7 secs
				[frame tried 1/1] 0.7 secs
				[pagina_1 tried 1/3] 0.7 secs
				[numero_pagine tried 1/1] 0.7 secs
				[altezza_pagina tried 1/1] 0.7 secs
				[larghezza_pagina tried 1/1] 0.7 secs

Best literal frame(B,C) (2.6 bits)


State (552/11644 [13/275], 89.2 bits available, 2 weak literals)

				[tipo_testo tried 1/1] 0.7 secs
				[tipo_linea_orizzontale tried 1/1] 0.7 secs
				[tipo_misto tried 1/1] 0.7 secs
				[tipo_linea_obbliqua tried 1/1] 0.7 secs
				[tipo_immagine tried 1/1] 0.7 secs
				[tipo_vuoto tried 1/1] 0.7 secs
				[ultima_pagina tried 1/1] 0.7 secs
				[frame tried 1/3] 0.7 secs
				[pagina_1 tried 2/3] 0.7 secs
				[on_top tried 2/2] 0.7 secs
				[to_right tried 2/2] 0.7 secs
				[allineato_al_centro_verticale tried 2/2] 0.7 secs
				[allineato_al_centro_orizzontale tried 2/2] 0.7 secs
				[numero_pagine tried 1/1] 0.7 secs
				[altezza_pagina tried 1/1] 0.7 secs
				[larghezza_pagina tried 1/1] 0.7 secs
				[altezza_rettangolo tried 1/1] 0.7 secs
				[ascissa_rettangolo tried 1/1] 0.7 secs
				[ordinata_rettangolo tried 1/1] 0.7 secs
				[larghezza_rettangolo tried 1/1] 0.7 secs

	Save allineato_al_centro_verticale(C,D) (13,274 value 0.1)
	Save tipo_linea_orizzontale(C) (6,21 value 15.9)

Best literal allineato_al_centro_verticale(D,C) (5.3 bits)


State (2648/26616 [13/274], 85.4 bits available)

				[= tried 1/1] 0.7 secs
				[tipo_testo tried 2/2] 0.7 secs
				[tipo_linea_orizzontale tried 2/2] 0.7 secs
				[tipo_misto tried 2/2] 0.7 secs
				[tipo_linea_obbliqua tried 2/2] 0.7 secs
				[tipo_immagine tried 2/2] 0.7 secs
				[tipo_vuoto tried 2/2] 0.7 secs
				[ultima_pagina tried 1/1] 0.7 secs
				[frame tried 4/5] 0.7 secs
				[pagina_1 tried 2/3] 0.7 secs
				[on_top tried 6/6] 0.7 secs
				[to_right tried 6/6] 0.7 secs
				[allineato_al_centro_verticale tried 4/6] 0.7 secs
				[allineato_al_centro_orizzontale tried 6/6] 0.7 secs
				[numero_pagine tried 1/1] 0.7 secs
				[altezza_pagina tried 1/1] 0.7 secs
				[larghezza_pagina tried 1/1] 0.7 secs
				[altezza_rettangolo tried 2/2] 0.7 secs
				[ascissa_rettangolo tried 2/2] 0.7 secs
				[ordinata_rettangolo tried 2/2] 0.7 secs
				[larghezza_rettangolo tried 2/2] 0.8 secs

	Save allineato_al_centro_verticale(E,D) (13,269 value 0.4)
	Save allineato_al_centro_verticale(C,E) (13,269 value 0.4)

Best literal tipo_linea_orizzontale(D) (5.4 bits)


State (520/592 [6/9], 43.7 bits available)

				[= tried 1/1] 0.8 secs
				[tipo_testo tried 2/2] 0.8 secs
				[tipo_linea_orizzontale tried 1/2] 0.8 secs
				[tipo_misto tried 2/2] 0.8 secs
				[tipo_linea_obbliqua tried 2/2] 0.8 secs
				[tipo_immagine tried 2/2] 0.8 secs
				[tipo_vuoto tried 2/2] 0.8 secs
				[ultima_pagina tried 1/1] 0.8 secs
				[frame tried 4/5] 0.8 secs
				[pagina_1 tried 2/3] 0.8 secs
				[on_top tried 6/6] 0.8 secs
				[to_right tried 6/6] 0.8 secs
				[allineato_al_centro_verticale tried 5/6] 0.8 secs
				[allineato_al_centro_orizzontale tried 4/6] 0.8 secs
				[numero_pagine tried 1/1] 0.8 secs
				[altezza_pagina tried 1/1] 0.8 secs
				[larghezza_pagina tried 1/1] 0.8 secs
				[altezza_rettangolo tried 2/2] 0.8 secs
				[ascissa_rettangolo tried 2/2] 0.8 secs
				[ordinata_rettangolo tried 2/2] 0.8 secs
				[larghezza_rettangolo tried 2/2] 0.8 secs

	Save clause ending with tipo_misto(C) (cover 5, accuracy 100%)

	Save to_right(C,D) (6,7 value 24.7)
	Save to_right(C,E) (6,9 value 22.7)
	Save allineato_al_centro_verticale(C,E) (6,8 value 23.6)
	Save to_right(D,E) (6,9 value 22.7)

Best literal allineato_al_centro_verticale(D,E) (7.0 bits)


State (6800/7104 [6/9], 39.1 bits available, 1 weak literal)

				[= tried 3/3] 0.8 secs
				[tipo_testo tried 3/3] 0.8 secs
				[tipo_linea_orizzontale tried 2/3] 0.8 secs
				[tipo_misto tried 3/3] 0.8 secs
				[tipo_linea_obbliqua tried 3/3] 0.8 secs
				[tipo_immagine tried 3/3] 0.8 secs
				[tipo_vuoto tried 3/3] 0.8 secs
				[ultima_pagina tried 1/1] 0.8 secs
				[frame tried 5/6] 0.8 secs
				[pagina_1 tried 2/3] 0.8 secs
				[on_top tried 10/10] 0.8 secs
				[to_right tried 10/10] 0.8 secs
				[allineato_al_centro_verticale tried 7/10] 0.8 secs
				[allineato_al_centro_orizzontale tried 6/10] 0.8 secs
				[numero_pagine tried 1/1] 0.8 secs
				[altezza_pagina tried 1/1] 0.8 secs
				[larghezza_pagina tried 1/1] 0.8 secs
				[altezza_rettangolo tried 2/2] 0.8 secs
				[ascissa_rettangolo tried 2/2] 0.8 secs
				[ordinata_rettangolo tried 2/2] 0.8 secs
				[larghezza_rettangolo tried 2/2] 0.8 secs

	Save to_right(C,D) (6,7 value 24.7)
	Save to_right(E,D) (6,7 value 24.7)
	Save to_right(D,F) (6,9 value 22.7)

Best literal to_right(C,F) (7.7 bits)


State (94688/95552 [6/9], 34.0 bits available)

				[= tried 6/6] 0.8 secs
				[tipo_testo tried 4/4] 0.8 secs
				[tipo_linea_orizzontale tried 3/4] 0.8 secs
				[tipo_misto tried 4/4] 0.8 secs
				[tipo_linea_obbliqua tried 4/4] 0.8 secs
				[tipo_immagine tried 4/4] 0.8 secs
				[tipo_vuoto tried 4/4] 0.9 secs
				[ultima_pagina tried 1/1] 0.9 secs
				[frame tried 7/8] 0.9 secs
				[pagina_1 tried 2/3] 0.9 secs
				[on_top tried 18/18] 1.0 secs
				[to_right tried 16/18] 1.1 secs
				[allineato_al_centro_verticale tried 15/18] 1.2 secs
				[allineato_al_centro_orizzontale tried 9/18] 1.2 secs
				[numero_pagine tried 1/1] 1.2 secs
				[altezza_pagina tried 1/1] 1.2 secs
				[larghezza_pagina tried 1/1] 1.2 secs
				[altezza_rettangolo tried 3/3] 1.2 secs
				[ascissa_rettangolo tried 3/3] 1.2 secs
				[ordinata_rettangolo tried 3/3] 1.2 secs
				[larghezza_rettangolo tried 3/3] 1.2 secs

	Save on_top(E,C) (6,8 value 23.6)

Best literal tipo_linea_orizzontale(F) (6.4 bits)


State (50272/50368 [6/7], 30.4 bits available)

				[= tried 6/6] 1.2 secs
				[tipo_testo tried 4/4] 1.3 secs
				[tipo_linea_orizzontale tried 2/4] 1.3 secs
				[tipo_misto tried 4/4] 1.3 secs
				[tipo_linea_obbliqua tried 4/4] 1.3 secs
				[tipo_immagine tried 4/4] 1.3 secs
				[tipo_vuoto tried 4/4] 1.3 secs
				[ultima_pagina tried 1/1] 1.3 secs
				[frame tried 7/8] 1.3 secs
				[pagina_1 tried 2/3] 1.3 secs
				[on_top tried 18/18] 1.4 secs
				[to_right tried 17/18] 1.4 secs
				[allineato_al_centro_verticale tried 15/18] 1.5 secs
				[allineato_al_centro_orizzontale tried 9/18] 1.5 secs
				[numero_pagine tried 1/1] 1.5 secs
				[altezza_pagina tried 1/1] 1.5 secs
				[larghezza_pagina tried 1/1] 1.5 secs
				[altezza_rettangolo tried 3/3] 1.5 secs
				[ascissa_rettangolo tried 3/3] 1.5 secs
				[ordinata_rettangolo tried 3/3] 1.5 secs
				[larghezza_rettangolo tried 3/3] 1.5 secs

	Save clause ending with on_top(C,D) (cover 6, accuracy 100%)

	Save on_top(C,D) (6,6 value 25.8)

Best literal on_top(E,D) (8.6 bits)

Initial clause (0 errs): class_elsevier(A) :- pagina_1(A,B), frame(B,C), allineato_al_centro_verticale(D,C), tipo_linea_orizzontale(D), allineato_al_centro_verticale(D,E), to_right(C,F), tipo_linea_orizzontale(F), on_top(E,D).
		to_right(C,F) needed for binding tipo_linea_orizzontale(F)
		allineato_al_centro_verticale(D,C) needed for binding tipo_linea_orizzontale(D)
		frame(B,C) needed for binding allineato_al_centro_verticale(D,C)
		pagina_1(A,B) needed for binding frame(B,C)

Clause 1: class_elsevier(A) :- pagina_1(A,B), frame(B,C), allineato_al_centro_verticale(D,C), tipo_linea_orizzontale(D), allineato_al_centro_verticale(D,E), to_right(C,F), tipo_linea_orizzontale(F), on_top(E,D).

State (7/269, 59.5 bits available)

				[pagina_1 tried 1/1] 1.6 secs
				[numero_pagine tried 1/1] 1.6 secs

Best literal pagina_1(A,B) (1.0 bits)


State (14/538 [7/269], 58.5 bits available, 1 weak literal)

				[ultima_pagina tried 1/1] 1.6 secs
				[frame tried 1/1] 1.6 secs
				[pagina_1 tried 1/3] 1.6 secs
				[numero_pagine tried 1/1] 1.6 secs
				[altezza_pagina tried 1/1] 1.6 secs
				[larghezza_pagina tried 1/1] 1.6 secs

Best literal frame(B,C) (2.6 bits)


State (224/11316 [7/269], 56.9 bits available, 2 weak literals)

				[tipo_testo tried 1/1] 1.6 secs
				[tipo_linea_orizzontale tried 1/1] 1.6 secs
				[tipo_misto tried 1/1] 1.6 secs
				[tipo_linea_obbliqua tried 1/1] 1.6 secs
				[tipo_immagine tried 1/1] 1.6 secs
				[tipo_vuoto tried 1/1] 1.6 secs
				[ultima_pagina tried 1/1] 1.6 secs
				[frame tried 1/3] 1.6 secs
				[pagina_1 tried 2/3] 1.6 secs
				[on_top tried 2/2] 1.6 secs
				[to_right tried 2/2] 1.6 secs
				[allineato_al_centro_verticale tried 2/2] 1.6 secs
				[allineato_al_centro_orizzontale tried 2/2] 1.6 secs
				[numero_pagine tried 1/1] 1.6 secs
				[altezza_pagina tried 1/1] 1.6 secs
				[larghezza_pagina tried 1/1] 1.6 secs
				[altezza_rettangolo tried 1/1] 1.6 secs
				[ascissa_rettangolo tried 1/1] 1.6 secs
				[ordinata_rettangolo tried 1/1] 1.6 secs
				[larghezza_rettangolo tried 1/1] 1.6 secs

	Save allineato_al_centro_verticale(C,D) (7,268 value 0.0)
	Save allineato_al_centro_verticale(D,C) (7,268 value 0.0)

Best literal tipo_misto(C) (4.3 bits)


State (72/656 [7/102], 54.2 bits available)

				[tipo_testo tried 1/1] 1.6 secs
				[tipo_linea_orizzontale tried 1/1] 1.6 secs
				[tipo_misto tried 0/1] 1.6 secs
				[tipo_linea_obbliqua tried 1/1] 1.6 secs
				[tipo_immagine tried 1/1] 1.6 secs
				[tipo_vuoto tried 1/1] 1.6 secs
				[ultima_pagina tried 1/1] 1.6 secs
				[frame tried 2/3] 1.6 secs
				[pagina_1 tried 2/3] 1.6 secs
				[on_top tried 2/2] 1.6 secs
				[to_right tried 2/2] 1.6 secs
				[allineato_al_centro_verticale tried 2/2] 1.6 secs
				[allineato_al_centro_orizzontale tried 2/2] 1.6 secs
				[numero_pagine tried 1/1] 1.6 secs
				[altezza_pagina tried 1/1] 1.6 secs
				[larghezza_pagina tried 1/1] 1.6 secs
				[altezza_rettangolo tried 1/1] 1.6 secs
				[ascissa_rettangolo tried 1/1] 1.6 secs
				[ordinata_rettangolo tried 1/1] 1.6 secs
				[larghezza_rettangolo tried 1/1] 1.6 secs

Best literal on_top(C,D) (5.3 bits)


State (552/2440 [7/75], 50.8 bits available)

				[= tried 1/1] 1.6 secs
				[tipo_testo tried 2/2] 1.6 secs
				[tipo_linea_orizzontale tried 2/2] 1.6 secs
				[tipo_misto tried 1/2] 1.6 secs
				[tipo_linea_obbliqua tried 2/2] 1.6 secs
				[tipo_immagine tried 2/2] 1.6 secs
				[tipo_vuoto tried 2/2] 1.6 secs
				[ultima_pagina tried 1/1] 1.6 secs
				[frame tried 4/5] 1.6 secs
				[pagina_1 tried 2/3] 1.6 secs
				[on_top tried 4/6] 1.6 secs
				[to_right tried 6/6] 1.6 secs
				[allineato_al_centro_verticale tried 6/6] 1.6 secs
				[allineato_al_centro_orizzontale tried 4/6] 1.6 secs
				[numero_pagine tried 1/1] 1.6 secs
				[altezza_pagina tried 1/1] 1.6 secs
				[larghezza_pagina tried 1/1] 1.6 secs
				[altezza_rettangolo tried 2/2] 1.6 secs
				[ascissa_rettangolo tried 2/2] 1.6 secs
				[ordinata_rettangolo tried 2/2] 1.6 secs
				[larghezza_rettangolo tried 2/2] 1.6 secs

Best literal allineato_al_centro_verticale(C,E) (7.0 bits)


State (3792/9216 [7/56], 46.2 bits available)

				[= tried 3/3] 1.6 secs
				[tipo_testo tried 3/3] 1.6 secs
				[tipo_linea_orizzontale tried 3/3] 1.6 secs
				[tipo_misto tried 2/3] 1.6 secs
				[tipo_linea_obbliqua tried 3/3] 1.6 secs
				[tipo_immagine tried 3/3] 1.6 secs
				[tipo_vuoto tried 3/3] 1.6 secs
				[ultima_pagina tried 1/1] 1.6 secs
				[frame tried 6/7] 1.6 secs
				[pagina_1 tried 2/3] 1.6 secs
				[on_top tried 10/12] 1.6 secs
				[to_right tried 12/12] 1.6 secs
				[allineato_al_centro_verticale tried 10/12] 1.6 secs
				[allineato_al_centro_orizzontale tried 6/12] 1.6 secs
				[numero_pagine tried 1/1] 1.6 secs
				[altezza_pagina tried 1/1] 1.6 secs
				[larghezza_pagina tried 1/1] 1.6 secs
				[altezza_rettangolo tried 3/3] 1.6 secs
				[ascissa_rettangolo tried 3/3] 1.6 secs
				[ordinata_rettangolo tried 3/3] 1.6 secs
				[larghezza_rettangolo tried 3/3] 1.6 secs

	Save on_top(D,F) (7,30 value 21.9)

Best literal on_top(C,E) (8.0 bits)


State (6720/9568 [7/23], 40.8 bits available)

				[= tried 3/3] 1.6 secs
				[tipo_testo tried 3/3] 1.6 secs
				[tipo_linea_orizzontale tried 3/3] 1.6 secs
				[tipo_misto tried 2/3] 1.6 secs
				[tipo_linea_obbliqua tried 3/3] 1.6 secs
				[tipo_immagine tried 3/3] 1.6 secs
				[tipo_vuoto tried 3/3] 1.6 secs
				[ultima_pagina tried 1/1] 1.6 secs
				[frame tried 6/7] 1.6 secs
				[pagina_1 tried 2/3] 1.6 secs
				[on_top tried 9/12] 1.6 secs
				[to_right tried 12/12] 1.6 secs
				[allineato_al_centro_verticale tried 11/12] 1.7 secs
				[allineato_al_centro_orizzontale tried 6/12] 1.7 secs
				[numero_pagine tried 1/1] 1.7 secs
				[altezza_pagina tried 1/1] 1.7 secs
				[larghezza_pagina tried 1/1] 1.7 secs
				[altezza_rettangolo tried 3/3] 1.7 secs
				[ascissa_rettangolo tried 3/3] 1.7 secs
				[ordinata_rettangolo tried 3/3] 1.7 secs
				[larghezza_rettangolo tried 3/3] 1.7 secs

	Save on_top(D,F) (7,22 value 24.9)

Best literal on_top(E,F) (8.0 bits)


State (50432/58304 [7/21], 35.6 bits available)

				[= tried 6/6] 1.7 secs
				[tipo_testo tried 4/4] 1.7 secs
				[tipo_linea_orizzontale tried 4/4] 1.7 secs
				[tipo_misto tried 3/4] 1.7 secs
				[tipo_linea_obbliqua tried 4/4] 1.7 secs
				[tipo_immagine tried 4/4] 1.7 secs
				[tipo_vuoto tried 4/4] 1.7 secs
				[ultima_pagina tried 1/1] 1.7 secs
				[frame tried 7/8] 1.7 secs
				[pagina_1 tried 2/3] 1.7 secs
				[on_top tried 13/18] 1.8 secs
				[to_right tried 18/18] 1.8 secs
				[allineato_al_centro_verticale tried 17/18] 1.9 secs
				[allineato_al_centro_orizzontale tried 9/18] 1.9 secs
				[numero_pagine tried 1/1] 1.9 secs
				[altezza_pagina tried 1/1] 1.9 secs
				[larghezza_pagina tried 1/1] 1.9 secs
				[altezza_rettangolo tried 3/3] 1.9 secs
				[ascissa_rettangolo tried 3/3] 1.9 secs
				[ordinata_rettangolo tried 3/3] 1.9 secs
				[larghezza_rettangolo tried 3/3] 1.9 secs

Best literal allineato_al_centro_verticale(C,F) (8.6 bits)


State (55808/59904 [6/13], 24.0 bits available)

				[= tried 6/6] 1.9 secs
				[tipo_testo tried 4/4] 1.9 secs
				[tipo_linea_orizzontale tried 4/4] 2.0 secs
				[tipo_misto tried 3/4] 2.0 secs
				[tipo_linea_obbliqua tried 4/4] 2.0 secs
				[tipo_immagine tried 4/4] 2.0 secs
				[tipo_vuoto tried 4/4] 2.0 secs
				[ultima_pagina tried 1/1] 2.0 secs
				[frame tried 7/8] 2.0 secs
				[pagina_1 tried 2/3] 2.0 secs
				[on_top tried 14/18] 2.0 secs
				[to_right tried 18/18] 2.1 secs
				[allineato_al_centro_verticale tried 16/18] 2.1 secs
				[allineato_al_centro_orizzontale tried 9/18] 2.1 secs
				[numero_pagine tried 1/1] 2.1 secs
				[altezza_pagina tried 1/1] 2.1 secs
				[larghezza_pagina tried 1/1] 2.1 secs
				[altezza_rettangolo tried 3/3] 2.2 secs
				[ascissa_rettangolo tried 3/3] 2.2 secs
				[ordinata_rettangolo tried 3/3] 2.2 secs
				[larghezza_rettangolo tried 3/3] 2.2 secs

Best literal tipo_testo(E) (6.4 bits)


State (49920/52096 [6/8], 20.8 bits available)

				[= tried 6/6] 2.2 secs
				[tipo_testo tried 3/4] 2.2 secs
				[tipo_linea_orizzontale tried 4/4] 2.2 secs
				[tipo_misto tried 3/4] 2.2 secs
				[tipo_linea_obbliqua tried 4/4] 2.2 secs
				[tipo_immagine tried 4/4] 2.2 secs
				[tipo_vuoto tried 4/4] 2.2 secs
				[ultima_pagina tried 1/1] 2.2 secs
				[frame tried 7/8] 2.3 secs
				[pagina_1 tried 2/3] 2.3 secs
				[on_top tried 14/18] 2.3 secs
				[to_right tried 18/18] 2.3 secs
				[allineato_al_centro_verticale tried 16/18] 2.4 secs
				[allineato_al_centro_orizzontale tried 9/18] 2.4 secs
				[numero_pagine tried 1/1] 2.4 secs
				[altezza_pagina tried 1/1] 2.4 secs
				[larghezza_pagina tried 1/1] 2.4 secs
				[altezza_rettangolo tried 3/3] 2.4 secs
				[ascissa_rettangolo tried 3/3] 2.4 secs
				[ordinata_rettangolo tried 3/3] 2.4 secs
				[larghezza_rettangolo tried 3/3] 2.4 secs

	Save clause ending with tipo_misto(D) (cover 6, accuracy 100%)

Best literal allineato_al_centro_verticale(G,C) (8.6 bits)

[Replace by saved clause]

Initial clause (0 errs): class_elsevier(A) :- pagina_1(A,B), frame(B,C), tipo_misto(C), on_top(C,D), allineato_al_centro_verticale(C,E), on_top(C,E), on_top(E,F), allineato_al_centro_verticale(C,F), tipo_testo(E), tipo_misto(D).
		on_top(C,D) needed for binding tipo_misto(D)
		frame(B,C) needed for binding tipo_misto(C)
		pagina_1(A,B) needed for binding frame(B,C)

Clause 2: class_elsevier(A) :- pagina_1(A,B), frame(B,C), tipo_misto(C), on_top(C,D), allineato_al_centro_verticale(C,E), on_top(C,E), on_top(E,F), allineato_al_centro_verticale(C,F), tipo_testo(E), tipo_misto(D).

State (1/263, 18.3 bits available)

				[pagina_1 tried 1/1] 2.5 secs
				[numero_pagine tried 1/1] 2.5 secs

Best literal pagina_1(A,B) (1.0 bits)


State (2/526 [1/263], 17.3 bits available, 1 weak literal)

				[ultima_pagina tried 1/1] 2.5 secs
				[frame tried 1/1] 2.5 secs
				[pagina_1 tried 1/3] 2.5 secs
				[numero_pagine tried 1/1] 2.5 secs
				[altezza_pagina tried 1/1] 2.5 secs
				[larghezza_pagina tried 1/1] 2.5 secs

Best literal frame(B,C) (2.6 bits)


State (32/11124 [1/263], 15.7 bits available, 2 weak literals)

				[tipo_testo tried 1/1] 2.5 secs
				[tipo_linea_orizzontale tried 1/1] 2.5 secs
				[tipo_misto tried 1/1] 2.5 secs
				[tipo_linea_obbliqua tried 1/1] 2.5 secs
				[tipo_immagine tried 1/1] 2.5 secs
				[tipo_vuoto tried 1/1] 2.5 secs
				[ultima_pagina tried 1/1] 2.5 secs
				[frame tried 1/3] 2.5 secs
				[pagina_1 tried 2/3] 2.5 secs
				[on_top tried 2/2] 2.5 secs
				[to_right tried 2/2] 2.5 secs
				[allineato_al_centro_verticale tried 2/2] 2.5 secs
				[allineato_al_centro_orizzontale tried 2/2] 2.5 secs
				[numero_pagine tried 1/1] 2.5 secs
				[altezza_pagina tried 1/1] 2.5 secs
				[larghezza_pagina tried 1/1] 2.5 secs
				[altezza_rettangolo tried 1/1] 2.5 secs
				[ascissa_rettangolo tried 1/1] 2.5 secs
				[ordinata_rettangolo tried 1/1] 2.5 secs
				[larghezza_rettangolo tried 1/1] 2.5 secs

	Save allineato_al_centro_verticale(C,D) (1,262 value 0.0)
	Save allineato_al_centro_verticale(D,C) (1,262 value 0.0)

Best literal tipo_misto(C) (4.3 bits)


State (12/596 [1/96], 13.0 bits available)

				[tipo_testo tried 1/1] 2.5 secs
				[tipo_linea_orizzontale tried 1/1] 2.5 secs
				[tipo_misto tried 0/1] 2.5 secs
				[tipo_linea_obbliqua tried 1/1] 2.5 secs
				[tipo_immagine tried 1/1] 2.5 secs
				[tipo_vuoto tried 1/1] 2.5 secs
				[ultima_pagina tried 1/1] 2.5 secs
				[frame tried 2/3] 2.5 secs
				[pagina_1 tried 2/3] 2.5 secs
				[on_top tried 2/2] 2.5 secs
				[to_right tried 2/2] 2.5 secs
				[allineato_al_centro_verticale tried 2/2] 2.5 secs
				[allineato_al_centro_orizzontale tried 2/2] 2.5 secs
				[numero_pagine tried 1/1] 2.5 secs
				[altezza_pagina tried 1/1] 2.5 secs
				[larghezza_pagina tried 1/1] 2.5 secs
				[altezza_rettangolo tried 1/1] 2.5 secs
				[ascissa_rettangolo tried 1/1] 2.5 secs
				[ordinata_rettangolo tried 1/1] 2.5 secs
				[larghezza_rettangolo tried 1/1] 2.5 secs

Best literal allineato_al_centro_verticale(D,C) (5.3 bits)


State (88/1328 [1/50], 9.6 bits available)

				[= tried 1/1] 2.5 secs
				[tipo_testo tried 2/2] 2.5 secs
				[tipo_linea_orizzontale tried 2/2] 2.5 secs
				[tipo_misto tried 1/2] 2.5 secs
				[tipo_linea_obbliqua tried 2/2] 2.5 secs
				[tipo_immagine tried 2/2] 2.5 secs
				[tipo_vuoto tried 2/2] 2.5 secs
				[ultima_pagina tried 1/1] 2.5 secs
				[frame tried 4/5] 2.5 secs
				[pagina_1 tried 2/3] 2.5 secs
				[on_top tried 6/6] 2.5 secs
				[to_right tried 6/6] 2.5 secs
				[allineato_al_centro_verticale tried 4/6] 2.5 secs
				[allineato_al_centro_orizzontale tried 4/6] 2.5 secs
				[numero_pagine tried 1/1] 2.5 secs
				[altezza_pagina tried 1/1] 2.5 secs
				[larghezza_pagina tried 1/1] 2.5 secs
				[altezza_rettangolo tried 2/2] 2.5 secs
				[ascissa_rettangolo tried 2/2] 2.5 secs
				[ordinata_rettangolo tried 2/2] 2.5 secs
				[larghezza_rettangolo tried 2/2] 2.5 secs

	Save on_top(C,D) (1,16 value 4.0)

Best literal on_top(C,E) (7.0 bits)


State (784/5488 [1/48], 5.0 bits available)

				[= tried 3/3] 2.5 secs
				[tipo_testo tried 3/3] 2.5 secs
				[tipo_linea_orizzontale tried 3/3] 2.5 secs
				[tipo_misto tried 2/3] 2.5 secs
				[tipo_linea_obbliqua tried 3/3] 2.5 secs
				[tipo_immagine tried 3/3] 2.5 secs
				[tipo_vuoto tried 3/3] 2.5 secs
				[ultima_pagina tried 1/1] 2.5 secs
				[frame tried 6/7] 2.5 secs
				[pagina_1 tried 2/3] 2.5 secs
				[on_top requires 8.0 bits]
				[to_right requires 8.0 bits]
				[allineato_al_centro_verticale requires 8.0 bits]
				[allineato_al_centro_orizzontale requires 8.0 bits]
				[numero_pagine tried 1/1] 2.5 secs
				[altezza_pagina tried 1/1] 2.5 secs
				[larghezza_pagina tried 1/1] 2.5 secs
				[altezza_rettangolo tried 3/3] 2.5 secs
				[ascissa_rettangolo tried 3/3] 2.5 secs
				[ordinata_rettangolo tried 3/3] 2.5 secs
				[larghezza_rettangolo tried 3/3] 2.5 secs

Best literal tipo_testo(E) (6.0 bits)


State (560/2240 [1/28], 1.6 bits available)

				[= requires 7.0 bits]
				[tipo_testo requires 6.0 bits]
				[tipo_linea_orizzontale requires 6.0 bits]
				[tipo_misto requires 6.0 bits]
				[tipo_linea_obbliqua requires 6.0 bits]
				[tipo_immagine requires 6.0 bits]
				[tipo_vuoto requires 6.0 bits]
				[ultima_pagina requires 4.4 bits]
				[frame requires 7.2 bits]
				[pagina_1 requires 6.0 bits]
				[on_top requires 8.0 bits]
				[to_right requires 8.0 bits]
				[allineato_al_centro_verticale requires 8.0 bits]
				[allineato_al_centro_orizzontale requires 8.0 bits]
				[numero_pagine requires 4.4 bits]
				[altezza_pagina requires 4.4 bits]
				[larghezza_pagina requires 4.4 bits]
				[altezza_rettangolo requires 6.0 bits]
				[ascissa_rettangolo requires 6.0 bits]
				[ordinata_rettangolo requires 6.0 bits]
				[larghezza_rettangolo requires 6.0 bits]

No literals

Recover to class_elsevier(A) :- pagina_1(A,B), frame(B,C), tipo_misto(C), allineato_al_centro_verticale(D,C), on_top(C,D).



State (96/448 [1/16], 5.0 bits available)

				[= tried 1/1] 2.5 secs
				[tipo_testo tried 2/2] 2.5 secs
				[tipo_linea_orizzontale tried 2/2] 2.5 secs
				[tipo_misto tried 1/2] 2.5 secs
				[tipo_linea_obbliqua tried 2/2] 2.5 secs
				[tipo_immagine tried 2/2] 2.5 secs
				[tipo_vuoto tried 2/2] 2.5 secs
				[ultima_pagina tried 1/1] 2.5 secs
				[frame tried 4/5] 2.5 secs
				[pagina_1 tried 2/3] 2.5 secs
				[on_top tried 5/6] 2.5 secs
				[to_right tried 6/6] 2.5 secs
				[allineato_al_centro_verticale tried 4/6] 2.5 secs
				[allineato_al_centro_orizzontale tried 4/6] 2.5 secs
				[numero_pagine tried 1/1] 2.5 secs
				[altezza_pagina tried 1/1] 2.5 secs
				[larghezza_pagina tried 1/1] 2.5 secs
				[altezza_rettangolo tried 2/2] 2.5 secs
				[ascissa_rettangolo tried 2/2] 2.5 secs
				[ordinata_rettangolo tried 2/2] 2.5 secs
				[larghezza_rettangolo tried 2/2] 2.5 secs

	Save on_top(C,E) (1,16 value 4.0)

Best literal on_top(D,E) (7.0 bits)


State (672/1504 [1/13], 0.6 bits available)

				[= requires 7.0 bits]
				[tipo_testo requires 6.0 bits]
				[tipo_linea_orizzontale requires 6.0 bits]
				[tipo_misto requires 6.0 bits]
				[tipo_linea_obbliqua requires 6.0 bits]
				[tipo_immagine requires 6.0 bits]
				[tipo_vuoto requires 6.0 bits]
				[ultima_pagina requires 4.4 bits]
				[frame requires 7.0 bits]
				[pagina_1 requires 6.0 bits]
				[on_top requires 7.7 bits]
				[to_right requires 7.7 bits]
				[allineato_al_centro_verticale requires 7.7 bits]
				[allineato_al_centro_orizzontale requires 7.7 bits]
				[numero_pagine requires 4.4 bits]
				[altezza_pagina requires 4.4 bits]
				[larghezza_pagina requires 4.4 bits]
				[altezza_rettangolo requires 5.4 bits]
				[ascissa_rettangolo requires 5.4 bits]
				[ordinata_rettangolo requires 5.4 bits]
				[larghezza_rettangolo requires 5.4 bits]

No literals

Recover to class_elsevier(A) :- pagina_1(A,B), frame(B,C), tipo_misto(C), allineato_al_centro_verticale(D,C), on_top(C,D), on_top(C,E).



State (1344/3328 [1/16], 0.6 bits available, 1 weak literal)

				[= requires 7.0 bits]
				[tipo_testo requires 6.0 bits]
				[tipo_linea_orizzontale requires 6.0 bits]
				[tipo_misto requires 6.0 bits]
				[tipo_linea_obbliqua requires 6.0 bits]
				[tipo_immagine requires 6.0 bits]
				[tipo_vuoto requires 6.0 bits]
				[ultima_pagina requires 4.4 bits]
				[frame requires 7.2 bits]
				[pagina_1 requires 6.0 bits]
				[on_top requires 8.0 bits]
				[to_right requires 8.0 bits]
				[allineato_al_centro_verticale requires 8.0 bits]
				[allineato_al_centro_orizzontale requires 8.0 bits]
				[numero_pagine requires 4.4 bits]
				[altezza_pagina requires 4.4 bits]
				[larghezza_pagina requires 4.4 bits]
				[altezza_rettangolo requires 6.0 bits]
				[ascissa_rettangolo requires 6.0 bits]
				[ordinata_rettangolo requires 6.0 bits]
				[larghezza_rettangolo requires 6.0 bits]

No literals

Recover to class_elsevier(A) :- pagina_1(A,B), frame(B,C), allineato_al_centro_verticale(C,D).



State (168/24136 [1/262], 12.0 bits available)

				[= tried 1/1] 2.5 secs
				[tipo_testo tried 2/2] 2.5 secs
				[tipo_linea_orizzontale tried 2/2] 2.5 secs
				[tipo_misto tried 2/2] 2.5 secs
				[tipo_linea_obbliqua tried 2/2] 2.5 secs
				[tipo_immagine tried 2/2] 2.5 secs
				[tipo_vuoto tried 2/2] 2.5 secs
				[ultima_pagina tried 1/1] 2.5 secs
				[frame tried 4/5] 2.5 secs
				[pagina_1 tried 2/3] 2.5 secs
				[on_top tried 6/6] 2.5 secs
				[to_right tried 6/6] 2.5 secs
				[allineato_al_centro_verticale tried 4/6] 2.5 secs
				[allineato_al_centro_orizzontale tried 4/6] 2.5 secs
				[numero_pagine tried 1/1] 2.5 secs
				[altezza_pagina tried 1/1] 2.5 secs
				[larghezza_pagina tried 1/1] 2.5 secs
				[altezza_rettangolo tried 2/2] 2.5 secs
				[ascissa_rettangolo tried 2/2] 2.5 secs
				[ordinata_rettangolo tried 2/2] 2.5 secs
				[larghezza_rettangolo tried 2/2] 2.5 secs

Best literal tipo_misto(D) (5.4 bits)


State (88/1328 [1/50], 8.6 bits available)

				[= tried 1/1] 2.5 secs
				[tipo_testo tried 2/2] 2.5 secs
				[tipo_linea_orizzontale tried 2/2] 2.5 secs
				[tipo_misto tried 1/2] 2.5 secs
				[tipo_linea_obbliqua tried 2/2] 2.5 secs
				[tipo_immagine tried 2/2] 2.5 secs
				[tipo_vuoto tried 2/2] 2.5 secs
				[ultima_pagina tried 1/1] 2.5 secs
				[frame tried 4/5] 2.5 secs
				[pagina_1 tried 2/3] 2.5 secs
				[on_top tried 6/6] 2.5 secs
				[to_right tried 6/6] 2.5 secs
				[allineato_al_centro_verticale tried 5/6] 2.5 secs
				[allineato_al_centro_orizzontale tried 4/6] 2.5 secs
				[numero_pagine tried 1/1] 2.5 secs
				[altezza_pagina tried 1/1] 2.5 secs
				[larghezza_pagina tried 1/1] 2.5 secs
				[altezza_rettangolo tried 2/2] 2.5 secs
				[ascissa_rettangolo tried 2/2] 2.5 secs
				[ordinata_rettangolo tried 2/2] 2.5 secs
				[larghezza_rettangolo tried 2/2] 2.5 secs

	Save on_top(D,C) (1,16 value 4.0)

Best literal on_top(D,E) (7.0 bits)


State (784/5488 [1/48], 3.9 bits available)

				[= requires 7.0 bits]
				[tipo_testo tried 3/3] 2.5 secs
				[tipo_linea_orizzontale tried 3/3] 2.5 secs
				[tipo_misto tried 2/3] 2.5 secs
				[tipo_linea_obbliqua tried 3/3] 2.5 secs
				[tipo_immagine tried 3/3] 2.5 secs
				[tipo_vuoto tried 3/3] 2.5 secs
				[ultima_pagina tried 1/1] 2.5 secs
				[frame requires 7.0 bits]
				[pagina_1 tried 2/3] 2.5 secs
				[on_top requires 7.7 bits]
				[to_right requires 7.7 bits]
				[allineato_al_centro_verticale requires 7.7 bits]
				[allineato_al_centro_orizzontale requires 7.7 bits]
				[numero_pagine tried 1/1] 2.5 secs
				[altezza_pagina tried 1/1] 2.5 secs
				[larghezza_pagina tried 1/1] 2.6 secs
				[altezza_rettangolo tried 2/2] 2.6 secs
				[ascissa_rettangolo tried 2/2] 2.6 secs
				[ordinata_rettangolo tried 2/2] 2.6 secs
				[larghezza_rettangolo tried 2/2] 2.6 secs

Best literal tipo_testo(E) (6.0 bits)


State (560/2240 [1/28], 0.5 bits available)

				[= requires 7.0 bits]
				[tipo_testo requires 6.0 bits]
				[tipo_linea_orizzontale requires 6.0 bits]
				[tipo_misto requires 6.0 bits]
				[tipo_linea_obbliqua requires 6.0 bits]
				[tipo_immagine requires 6.0 bits]
				[tipo_vuoto requires 6.0 bits]
				[ultima_pagina requires 4.4 bits]
				[frame requires 7.0 bits]
				[pagina_1 requires 6.0 bits]
				[on_top requires 7.7 bits]
				[to_right requires 7.7 bits]
				[allineato_al_centro_verticale requires 7.7 bits]
				[allineato_al_centro_orizzontale requires 7.7 bits]
				[numero_pagine requires 4.4 bits]
				[altezza_pagina requires 4.4 bits]
				[larghezza_pagina requires 4.4 bits]
				[altezza_rettangolo requires 5.4 bits]
				[ascissa_rettangolo requires 5.4 bits]
				[ordinata_rettangolo requires 5.4 bits]
				[larghezza_rettangolo requires 5.4 bits]

No literals

Recover to class_elsevier(A) :- pagina_1(A,B), frame(B,C), allineato_al_centro_verticale(C,D), tipo_misto(D), on_top(D,C).



State (96/448 [1/16], 3.9 bits available)

				[= tried 1/1] 2.6 secs
				[tipo_testo tried 2/2] 2.6 secs
				[tipo_linea_orizzontale tried 2/2] 2.6 secs
				[tipo_misto tried 1/2] 2.6 secs
				[tipo_linea_obbliqua tried 2/2] 2.6 secs
				[tipo_immagine tried 2/2] 2.6 secs
				[tipo_vuoto tried 2/2] 2.6 secs
				[ultima_pagina tried 1/1] 2.6 secs
				[frame requires 6.7 bits]
				[pagina_1 tried 2/3] 2.6 secs
				[on_top requires 7.0 bits]
				[to_right requires 7.0 bits]
				[allineato_al_centro_verticale requires 7.0 bits]
				[allineato_al_centro_orizzontale requires 7.0 bits]
				[numero_pagine tried 1/1] 2.6 secs
				[altezza_pagina tried 1/1] 2.6 secs
				[larghezza_pagina tried 1/1] 2.6 secs
				[altezza_rettangolo tried 2/2] 2.6 secs
				[ascissa_rettangolo tried 2/2] 2.6 secs
				[ordinata_rettangolo tried 2/2] 2.6 secs
				[larghezza_rettangolo tried 2/2] 2.6 secs

Best literal tipo_testo(C) (5.4 bits)


State (64/272 [1/12], 1.1 bits available)

				[= requires 5.4 bits]
				[tipo_testo requires 5.4 bits]
				[tipo_linea_orizzontale requires 5.4 bits]
				[tipo_misto requires 5.4 bits]
				[tipo_linea_obbliqua requires 5.4 bits]
				[tipo_immagine requires 5.4 bits]
				[tipo_vuoto requires 5.4 bits]
				[ultima_pagina requires 4.4 bits]
				[frame requires 6.7 bits]
				[pagina_1 requires 6.0 bits]
				[on_top requires 7.0 bits]
				[to_right requires 7.0 bits]
				[allineato_al_centro_verticale requires 7.0 bits]
				[allineato_al_centro_orizzontale requires 7.0 bits]
				[numero_pagine requires 4.4 bits]
				[altezza_pagina requires 4.4 bits]
				[larghezza_pagina requires 4.4 bits]
				[altezza_rettangolo requires 5.4 bits]
				[ascissa_rettangolo requires 5.4 bits]
				[ordinata_rettangolo requires 5.4 bits]
				[larghezza_rettangolo requires 5.4 bits]

No literals

Recover to class_elsevier(A) :- pagina_1(A,B), frame(B,C), allineato_al_centro_verticale(D,C).



State (168/24136 [1/262], 12.0 bits available)

				[= tried 1/1] 2.6 secs
				[tipo_testo tried 2/2] 2.6 secs
				[tipo_linea_orizzontale tried 2/2] 2.6 secs
				[tipo_misto tried 2/2] 2.6 secs
				[tipo_linea_obbliqua tried 2/2] 2.6 secs
				[tipo_immagine tried 2/2] 2.6 secs
				[tipo_vuoto tried 2/2] 2.6 secs
				[ultima_pagina tried 1/1] 2.6 secs
				[frame tried 4/5] 2.6 secs
				[pagina_1 tried 2/3] 2.6 secs
				[on_top tried 6/6] 2.6 secs
				[to_right tried 6/6] 2.6 secs
				[allineato_al_centro_verticale tried 4/6] 2.6 secs
				[allineato_al_centro_orizzontale tried 4/6] 2.6 secs
				[numero_pagine tried 1/1] 2.6 secs
				[altezza_pagina tried 1/1] 2.6 secs
				[larghezza_pagina tried 1/1] 2.6 secs
				[altezza_rettangolo tried 2/2] 2.6 secs
				[ascissa_rettangolo tried 2/2] 2.6 secs
				[ordinata_rettangolo tried 2/2] 2.6 secs
				[larghezza_rettangolo tried 2/2] 2.6 secs

Best literal tipo_misto(C) (5.4 bits)


State (88/1328 [1/50], 8.6 bits available)

				[= tried 1/1] 2.6 secs
				[tipo_testo tried 2/2] 2.6 secs
				[tipo_linea_orizzontale tried 2/2] 2.6 secs
				[tipo_misto tried 1/2] 2.6 secs
				[tipo_linea_obbliqua tried 2/2] 2.6 secs
				[tipo_immagine tried 2/2] 2.6 secs
				[tipo_vuoto tried 2/2] 2.6 secs
				[ultima_pagina tried 1/1] 2.6 secs
				[frame tried 4/5] 2.6 secs
				[pagina_1 tried 2/3] 2.6 secs
				[on_top tried 6/6] 2.6 secs
				[to_right tried 6/6] 2.6 secs
				[allineato_al_centro_verticale tried 4/6] 2.6 secs
				[allineato_al_centro_orizzontale tried 4/6] 2.6 secs
				[numero_pagine tried 1/1] 2.6 secs
				[altezza_pagina tried 1/1] 2.6 secs
				[larghezza_pagina tried 1/1] 2.6 secs
				[altezza_rettangolo tried 2/2] 2.6 secs
				[ascissa_rettangolo tried 2/2] 2.6 secs
				[ordinata_rettangolo tried 2/2] 2.6 secs
				[larghezza_rettangolo tried 2/2] 2.6 secs

	Save on_top(C,D) (1,16 value 4.0)

Best literal on_top(C,E) (7.0 bits)


State (784/5488 [1/48], 3.9 bits available)

				[= requires 7.0 bits]
				[tipo_testo tried 3/3] 2.6 secs
				[tipo_linea_orizzontale tried 3/3] 2.6 secs
				[tipo_misto tried 2/3] 2.6 secs
				[tipo_linea_obbliqua tried 3/3] 2.6 secs
				[tipo_immagine tried 3/3] 2.6 secs
				[tipo_vuoto tried 3/3] 2.6 secs
				[ultima_pagina tried 1/1] 2.6 secs
				[frame requires 7.2 bits]
				[pagina_1 tried 2/3] 2.6 secs
				[on_top requires 8.0 bits]
				[to_right requires 8.0 bits]
				[allineato_al_centro_verticale requires 8.0 bits]
				[allineato_al_centro_orizzontale requires 8.0 bits]
				[numero_pagine tried 1/1] 2.6 secs
				[altezza_pagina tried 1/1] 2.6 secs
				[larghezza_pagina tried 1/1] 2.6 secs
				[altezza_rettangolo tried 3/3] 2.6 secs
				[ascissa_rettangolo tried 3/3] 2.6 secs
				[ordinata_rettangolo tried 3/3] 2.6 secs
				[larghezza_rettangolo tried 3/3] 2.6 secs

Best literal tipo_testo(E) (6.0 bits)


State (560/2240 [1/28], 0.5 bits available)

				[= requires 7.0 bits]
				[tipo_testo requires 6.0 bits]
				[tipo_linea_orizzontale requires 6.0 bits]
				[tipo_misto requires 6.0 bits]
				[tipo_linea_obbliqua requires 6.0 bits]
				[tipo_immagine requires 6.0 bits]
				[tipo_vuoto requires 6.0 bits]
				[ultima_pagina requires 4.4 bits]
				[frame requires 7.2 bits]
				[pagina_1 requires 6.0 bits]
				[on_top requires 8.0 bits]
				[to_right requires 8.0 bits]
				[allineato_al_centro_verticale requires 8.0 bits]
				[allineato_al_centro_orizzontale requires 8.0 bits]
				[numero_pagine requires 4.4 bits]
				[altezza_pagina requires 4.4 bits]
				[larghezza_pagina requires 4.4 bits]
				[altezza_rettangolo requires 6.0 bits]
				[ascissa_rettangolo requires 6.0 bits]
				[ordinata_rettangolo requires 6.0 bits]
				[larghezza_rettangolo requires 6.0 bits]

No literals

Recover to class_elsevier(A) :- pagina_1(A,B), frame(B,C), allineato_al_centro_verticale(D,C), tipo_misto(C), on_top(C,D).



State (96/448 [1/16], 3.9 bits available)

				[= tried 1/1] 2.6 secs
				[tipo_testo tried 2/2] 2.6 secs
				[tipo_linea_orizzontale tried 2/2] 2.6 secs
				[tipo_misto tried 1/2] 2.6 secs
				[tipo_linea_obbliqua tried 2/2] 2.6 secs
				[tipo_immagine tried 2/2] 2.6 secs
				[tipo_vuoto tried 2/2] 2.6 secs
				[ultima_pagina tried 1/1] 2.6 secs
				[frame requires 6.7 bits]
				[pagina_1 tried 2/3] 2.6 secs
				[on_top requires 7.0 bits]
				[to_right requires 7.0 bits]
				[allineato_al_centro_verticale requires 7.0 bits]
				[allineato_al_centro_orizzontale requires 7.0 bits]
				[numero_pagine tried 1/1] 2.6 secs
				[altezza_pagina tried 1/1] 2.6 secs
				[larghezza_pagina tried 1/1] 2.6 secs
				[altezza_rettangolo tried 2/2] 2.6 secs
				[ascissa_rettangolo tried 2/2] 2.6 secs
				[ordinata_rettangolo tried 2/2] 2.6 secs
				[larghezza_rettangolo tried 2/2] 2.6 secs

Best literal tipo_testo(D) (5.4 bits)


State (64/272 [1/12], 1.1 bits available)

				[= requires 5.4 bits]
				[tipo_testo requires 5.4 bits]
				[tipo_linea_orizzontale requires 5.4 bits]
				[tipo_misto requires 5.4 bits]
				[tipo_linea_obbliqua requires 5.4 bits]
				[tipo_immagine requires 5.4 bits]
				[tipo_vuoto requires 5.4 bits]
				[ultima_pagina requires 4.4 bits]
				[frame requires 6.7 bits]
				[pagina_1 requires 6.0 bits]
				[on_top requires 7.0 bits]
				[to_right requires 7.0 bits]
				[allineato_al_centro_verticale requires 7.0 bits]
				[allineato_al_centro_orizzontale requires 7.0 bits]
				[numero_pagine requires 4.4 bits]
				[altezza_pagina requires 4.4 bits]
				[larghezza_pagina requires 4.4 bits]
				[altezza_rettangolo requires 5.4 bits]
				[ascissa_rettangolo requires 5.4 bits]
				[ordinata_rettangolo requires 5.4 bits]
				[larghezza_rettangolo requires 5.4 bits]

No literals

Initial clause (11 errs): class_elsevier(A) :- pagina_1(A,B), frame(B,C), allineato_al_centro_verticale(D,C), tipo_misto(C), on_top(C,D), tipo_testo(D).
		frame(B,C) needed for binding allineato_al_centro_verticale(D,C)
		pagina_1(A,B) needed for binding frame(B,C)

Clause too inaccurate (1/12)

***  Warning: the following definition
***  does not cover 1 tuple in the relation

class_elsevier(A) :- pagina_1(A,B), frame(B,C), allineato_al_centro_verticale(C,D), tipo_linea_orizzontale(D), to_right(C,D), on_top(C,D).
class_elsevier(A) :- pagina_1(A,B), frame(B,C), allineato_al_centro_verticale(D,C), tipo_linea_orizzontale(D), allineato_al_centro_verticale(D,E), to_right(C,F), tipo_linea_orizzontale(F), on_top(E,D).
class_elsevier(A) :- pagina_1(A,B), frame(B,C), tipo_misto(C), on_top(C,D), allineato_al_centro_verticale(C,E), on_top(C,E), on_top(E,F), allineato_al_centro_verticale(C,F), tipo_testo(E), tipo_misto(D).

Time 2.6 secs

Test relation class_elsevier
    (-)	d06053013195812598
Summary: 1 error in 36 trials
