./elsevier_f0.out:    (+)	d06090909534026371
./elsevier_f3.out:    (-)	d37290506
./elsevier_f5.out:    (-)	d06053013201212609
./elsevier_f5.out:    (+)	sciserv14
./elsevier_f6.out:    (-)	d06053013202112639
./elsevier_f6.out:    (-)	d37290368
./elsevier_f8.out:    (-)	d06053013195812598
./jmlr_f2.out:    (-)	d06060518251800523
./jmlr_f3.out:    (-)	d06060518290400735
./jmlr_f5.out:    (-)	d06060518285500732
./jmlr_f5.out:    (-)	sciserv7
./jmlr_f6.out:    (+)	manevitz01a
./jmlr_f7.out:    (+)	maurer06a
./jmlr_f8.out:    (+)	getoor02a
./jmlr_f9.out:    (-)	d06060510495614980

./mlj_f0.out:    (+)	d06053013231712818
./mlj_f0.out:    (+)	d06053013294713222
./mlj_f0.out:    (+)	d06053013391413799
./mlj_f0.out:    (+)	d06053013414313942
./mlj_f0.out:    (+)	d06053013422114002
./mlj_f0.out:    (+)	d06060510265913574
./mlj_f0.out:    (+)	d06060518271300632
./mlj_f0.out:    (+)	d06060518294100752
./mlj_f0.out:    (+)	d06060518403601511
./mlj_f0.out:    (+)	d06060518484502149
./mlj_f0.out:    (+)	d06060518492902207
./mlj_f0.out:    (-)	wu06a

./mlj_f1.out:    (-)	almeida05a
./mlj_f1.out:    (+)	d06053013204412712
./mlj_f1.out:    (+)	d06053013264113073
./mlj_f1.out:    (+)	d06053013360113675
./mlj_f1.out:    (+)	d06053013364813706
./mlj_f1.out:    (+)	d06053013423414009
./mlj_f1.out:    (+)	d06060518312200919
./mlj_f1.out:    (+)	d06060518380901422
./mlj_f1.out:    (+)	d06060518383601440
./mlj_f1.out:    (+)	d06060518434801636
./mlj_f1.out:    (+)	d06060518443101648
./mlj_f1.out:    (+)	d06060518524102431
./mlj_f1.out:    (-)	d37290461

./mlj_f2.out:    (-)	binev05a
./mlj_f2.out:    (+)	d06053013211912730
./mlj_f2.out:    (+)	d06053013254713021
./mlj_f2.out:    (+)	d06053013312413349
./mlj_f2.out:    (+)	d06053013405113891
./mlj_f2.out:    (+)	d06060510414814236
./mlj_f2.out:    (+)	d06060518310700907
./mlj_f2.out:    (+)	d06060518322601004
./mlj_f2.out:    (+)	d06060518472902031

./mlj_f3.out:    (+)	d06053013202112639
./mlj_f3.out:    (+)	d06053013251312977
./mlj_f3.out:    (+)	d06053013292513217
./mlj_f3.out:    (+)	d06053013390613798
./mlj_f3.out:    (+)	d06053013393813816
./mlj_f3.out:    (+)	d06053013430114052
./mlj_f3.out:    (+)	d06060510271813626
./mlj_f3.out:    (+)	d06060510384514083
./mlj_f3.out:    (+)	d06060510390714095
./mlj_f3.out:    (+)	d06060510433614325
./mlj_f3.out:    (+)	d06060510502115103

./mlj_f4.out:    (+)	d06053013241912894
./mlj_f4.out:    (+)	d06053013252512990
./mlj_f4.out:    (+)	d06060510274713652
./mlj_f4.out:    (+)	d06060510382314057
./mlj_f4.out:    (+)	d06060510442014369
./mlj_f4.out:    (+)	d06060510481014782
./mlj_f4.out:    (+)	d06060518382901439
./mlj_f4.out:    (+)	d06060518421201581
./mlj_f4.out:    (+)	d06060518532502449
./mlj_f4.out:    (+)	d06060518541902465

./mlj_f5.out:    (+)	d06053013262013044
./mlj_f5.out:    (+)	d06053013265213079
./mlj_f5.out:    (+)	d06053013365813708
./mlj_f5.out:    (+)	d06053013382113764
./mlj_f5.out:    (+)	d06053013430914058
./mlj_f5.out:    (+)	d06060510265113565
./mlj_f5.out:    (+)	d06060518320700983
./mlj_f5.out:    (+)	d06060518373601412
./mlj_f5.out:    (+)	d06060518391301453
./mlj_f5.out:    (+)	d06060518433401633
./mlj_f5.out:    (+)	d06060518435901639

./mlj_f6.out:    (+)	d06053013201212609
./mlj_f6.out:    (+)	d06053013220812764
./mlj_f6.out:    (+)	d06053013380913737
./mlj_f6.out:    (+)	d06053013393313815
./mlj_f6.out:    (+)	d06060510263313550
./mlj_f6.out:    (+)	d06060518335301163
./mlj_f6.out:    (+)	d06060518351001324
./mlj_f6.out:    (+)	d06060518381901424
./mlj_f6.out:    (+)	d06060518390601451
./mlj_f6.out:    (+)	d06060518394701461
./mlj_f6.out:    (+)	d06060518455101834
./mlj_f6.out:    (+)	d06060518525802442
./mlj_f6.out:    (-)	maurer06a

./mlj_f7.out:    (+)	d06053013205712715
./mlj_f7.out:    (+)	d06053013245412933
./mlj_f7.out:    (+)	d06053013250012940
./mlj_f7.out:    (+)	d06053013254013020
./mlj_f7.out:    (+)	d06053013303213292
./mlj_f7.out:    (+)	d06053013415713955
./mlj_f7.out:    (+)	d06060510430514318
./mlj_f7.out:    (+)	d06060518251800523
./mlj_f7.out:    (+)	d06060518295300785
./mlj_f7.out:    (+)	d06060518445901684
./mlj_f7.out:    (+)	d06060518523102428


./mlj_f8.out:    (+)	d06053013213312739
./mlj_f8.out:    (+)	d06053013401813843
./mlj_f8.out:    (+)	d06053013403113871
./mlj_f8.out:    (+)	d06053013422814008
./mlj_f8.out:    (+)	d06060510270713582
./mlj_f8.out:    (+)	d06060510273413645
./mlj_f8.out:    (+)	d06060510444214386
./mlj_f8.out:    (+)	d06060510503615135
./mlj_f8.out:    (+)	d06060518272200636
./mlj_f8.out:    (+)	d06060518303100860
./mlj_f8.out:    (+)	d06060518304000869
./mlj_f8.out:    (+)	d06060518332901097
./mlj_f8.out:    (+)	d06060518405601538
./mlj_f9.out:    (+)	d06053013222512769
./mlj_f9.out:    (+)	d06053013233112832
./mlj_f9.out:    (+)	d06053013284513161
./mlj_f9.out:    (+)	d06053013383013765
./mlj_f9.out:    (+)	d06060510445614393
./mlj_f9.out:    (+)	d06060518270300598
./mlj_f9.out:    (+)	d06060518273300645
./mlj_f9.out:    (+)	d06060518302200819
./mlj_f9.out:    (+)	d06060518331601080
./mlj_f9.out:    (+)	d06060518482402123
./mlj_f9.out:    (+)	d06060518540302460
