FOIL 6.4   [January 1996]
--------

    Options:
	no negated literals
	verbosity level 2

Types Documento and Pagina are not compatible
Types Documento and Frame are not compatible
Types Documento and NumeroPagine are not compatible
Types Documento and LarghezzaPagina are not compatible
Types Documento and AltezzaPagina are not compatible
Types Documento and AscissaRettangolo are not compatible
Types Documento and OrdinataRettangolo are not compatible
Types Documento and LarghezzaRettangolo are not compatible
Types Documento and AltezzaRettangolo are not compatible
Types Pagina and Frame are not compatible
Types Pagina and NumeroPagine are not compatible
Types Pagina and LarghezzaPagina are not compatible
Types Pagina and AltezzaPagina are not compatible
Types Pagina and AscissaRettangolo are not compatible
Types Pagina and OrdinataRettangolo are not compatible
Types Pagina and LarghezzaRettangolo are not compatible
Types Pagina and AltezzaRettangolo are not compatible
Types Frame and NumeroPagine are not compatible
Types Frame and LarghezzaPagina are not compatible
Types Frame and AltezzaPagina are not compatible
Types Frame and AscissaRettangolo are not compatible
Types Frame and OrdinataRettangolo are not compatible
Types Frame and LarghezzaRettangolo are not compatible
Types Frame and AltezzaRettangolo are not compatible
Types NumeroPagine and LarghezzaPagina are not compatible
Types NumeroPagine and AltezzaPagina are not compatible
Types NumeroPagine and AscissaRettangolo are not compatible
Types NumeroPagine and OrdinataRettangolo are not compatible
Types NumeroPagine and LarghezzaRettangolo are not compatible
Types NumeroPagine and AltezzaRettangolo are not compatible
Types LarghezzaPagina and AltezzaPagina are not compatible
Types LarghezzaPagina and AscissaRettangolo are not compatible
Types LarghezzaPagina and OrdinataRettangolo are not compatible
Types LarghezzaPagina and LarghezzaRettangolo are not compatible
Types LarghezzaPagina and AltezzaRettangolo are not compatible
Types AltezzaPagina and AscissaRettangolo are not compatible
Types AltezzaPagina and OrdinataRettangolo are not compatible
Types AltezzaPagina and LarghezzaRettangolo are not compatible
Types AltezzaPagina and AltezzaRettangolo are not compatible
Types AscissaRettangolo and OrdinataRettangolo are not compatible
Types AscissaRettangolo and LarghezzaRettangolo are not compatible
Types AscissaRettangolo and AltezzaRettangolo are not compatible
Types OrdinataRettangolo and LarghezzaRettangolo are not compatible
Types OrdinataRettangolo and AltezzaRettangolo are not compatible
Types LarghezzaRettangolo and AltezzaRettangolo are not compatible

Relation class_jmlr

Relation *allineato_al_centro_orizzontale
    (warning: contains duplicate positive tuples)

Relation *allineato_al_centro_verticale
    (warning: contains duplicate positive tuples)

Relation *altezza_pagina
    (warning: contains duplicate positive tuples)

Relation *larghezza_pagina
    (warning: contains duplicate positive tuples)

Relation *altezza_rettangolo
    (warning: contains duplicate positive tuples)

Relation *ascissa_rettangolo
    (warning: contains duplicate positive tuples)

Relation *ordinata_rettangolo
    (warning: contains duplicate positive tuples)

Relation *larghezza_rettangolo
    (warning: contains duplicate positive tuples)

Relation *frame
    (warning: contains duplicate positive tuples)

Relation *numero_pagine
    (warning: contains duplicate positive tuples)

Relation *on_top
    (warning: contains duplicate positive tuples)

Relation *to_right
    (warning: contains duplicate positive tuples)

Relation *pagina_1
    (warning: contains duplicate positive tuples)

Relation *ultima_pagina

Relation *tipo_immagine

Relation *tipo_linea_obbliqua

Relation *tipo_linea_orizzontale

Relation *tipo_misto

Relation *tipo_testo

Relation *tipo_vuoto

----------
class_jmlr:

State (90/317, 304.5 bits available)

				[pagina_1 tried 1/1] 0.2 secs
				[numero_pagine tried 1/1] 0.2 secs

Best literal pagina_1(A,B) (1.0 bits)


State (180/634 [90/317], 303.5 bits available, 1 weak literal)

				[ultima_pagina tried 1/1] 0.2 secs
				[frame tried 1/1] 0.2 secs
				[pagina_1 tried 1/3] 0.2 secs
				[numero_pagine tried 1/1] 0.2 secs
				[altezza_pagina tried 1/1] 0.2 secs
				[larghezza_pagina tried 1/1] 0.2 secs

Best literal frame(B,C) (2.6 bits)


State (4884/13944 [90/317], 301.9 bits available, 2 weak literals)

				[tipo_testo tried 1/1] 0.2 secs
				[tipo_linea_orizzontale tried 1/1] 0.2 secs
				[tipo_misto tried 1/1] 0.2 secs
				[tipo_linea_obbliqua tried 1/1] 0.2 secs
				[tipo_immagine tried 1/1] 0.2 secs
				[tipo_vuoto tried 1/1] 0.2 secs
				[ultima_pagina tried 1/1] 0.2 secs
				[frame tried 1/3] 0.2 secs
				[pagina_1 tried 2/3] 0.2 secs
				[on_top tried 2/2] 0.2 secs
				[to_right tried 2/2] 0.2 secs
				[allineato_al_centro_verticale tried 2/2] 0.2 secs
				[allineato_al_centro_orizzontale tried 2/2] 0.2 secs
				[numero_pagine tried 1/1] 0.2 secs
				[altezza_pagina tried 1/1] 0.2 secs
				[larghezza_pagina tried 1/1] 0.2 secs
				[altezza_rettangolo tried 1/1] 0.2 secs
				[ascissa_rettangolo tried 1/1] 0.2 secs
				[ordinata_rettangolo tried 1/1] 0.2 secs
				[larghezza_rettangolo tried 1/1] 0.2 secs

	Save clause ending with tipo_vuoto(C) (cover 1, accuracy 100%)

Best literal tipo_testo(C) (4.3 bits)


State (4784/12096 [90/317], 299.2 bits available)

				[tipo_testo tried 0/1] 0.2 secs
				[tipo_linea_orizzontale tried 1/1] 0.2 secs
				[tipo_misto tried 1/1] 0.2 secs
				[tipo_linea_obbliqua tried 1/1] 0.2 secs
				[tipo_immagine tried 1/1] 0.2 secs
				[tipo_vuoto tried 1/1] 0.2 secs
				[ultima_pagina tried 1/1] 0.2 secs
				[frame tried 2/3] 0.2 secs
				[pagina_1 tried 2/3] 0.2 secs
				[on_top tried 2/2] 0.2 secs
				[to_right tried 2/2] 0.2 secs
				[allineato_al_centro_verticale tried 2/2] 0.2 secs
				[allineato_al_centro_orizzontale tried 2/2] 0.2 secs
				[numero_pagine tried 1/1] 0.2 secs
				[altezza_pagina tried 1/1] 0.2 secs
				[larghezza_pagina tried 1/1] 0.2 secs
				[altezza_rettangolo tried 1/1] 0.2 secs
				[ascissa_rettangolo tried 1/1] 0.2 secs
				[ordinata_rettangolo tried 1/1] 0.2 secs
				[larghezza_rettangolo tried 1/1] 0.2 secs

Best literal to_right(D,C) (5.3 bits)


State (54480/98712 [90/314], 295.9 bits available)

				[= tried 1/1] 0.2 secs
				[tipo_testo tried 1/2] 0.2 secs
				[tipo_linea_orizzontale tried 2/2] 0.2 secs
				[tipo_misto tried 2/2] 0.2 secs
				[tipo_linea_obbliqua tried 2/2] 0.2 secs
				[tipo_immagine tried 2/2] 0.2 secs
				[tipo_vuoto tried 2/2] 0.2 secs
				[ultima_pagina tried 1/1] 0.2 secs
				[frame tried 4/5] 0.3 secs
				[pagina_1 tried 2/3] 0.3 secs
				[on_top tried 6/6] 0.3 secs
				[to_right tried 4/6] 0.3 secs
				[allineato_al_centro_verticale tried 6/6] 0.3 secs
				[allineato_al_centro_orizzontale tried 6/6] 0.3 secs
				[numero_pagine tried 1/1] 0.3 secs
				[altezza_pagina tried 1/1] 0.3 secs
				[larghezza_pagina tried 1/1] 0.3 secs
				[altezza_rettangolo tried 2/2] 0.3 secs
				[ascissa_rettangolo tried 2/2] 0.3 secs
				[ordinata_rettangolo tried 2/2] 0.4 secs
				[larghezza_rettangolo tried 2/2] 0.4 secs

Best literal tipo_testo(D) (5.4 bits)


State (53120/89064 [90/314], 292.8 bits available)

				[= tried 1/1] 0.4 secs
				[tipo_testo tried 0/2] 0.4 secs
				[tipo_linea_orizzontale tried 2/2] 0.4 secs
				[tipo_misto tried 2/2] 0.4 secs
				[tipo_linea_obbliqua tried 2/2] 0.4 secs
				[tipo_immagine tried 2/2] 0.4 secs
				[tipo_vuoto tried 2/2] 0.4 secs
				[ultima_pagina tried 1/1] 0.4 secs
				[frame tried 4/5] 0.4 secs
				[pagina_1 tried 2/3] 0.4 secs
				[on_top tried 6/6] 0.4 secs
				[to_right tried 5/6] 0.5 secs
				[allineato_al_centro_verticale tried 6/6] 0.5 secs
				[allineato_al_centro_orizzontale tried 6/6] 0.5 secs
				[numero_pagine tried 1/1] 0.5 secs
				[altezza_pagina tried 1/1] 0.5 secs
				[larghezza_pagina tried 1/1] 0.5 secs
				[altezza_rettangolo tried 2/2] 0.5 secs
				[ascissa_rettangolo tried 2/2] 0.5 secs
				[ordinata_rettangolo tried 2/2] 0.5 secs
				[larghezza_rettangolo tried 2/2] 0.5 secs

Best literal allineato_al_centro_orizzontale(E,D) (7.0 bits)


State (10096/10672 [90/98], 288.4 bits available)

				[= tried 3/3] 0.5 secs
				[tipo_testo tried 1/3] 0.5 secs
				[tipo_linea_orizzontale tried 3/3] 0.5 secs
				[tipo_misto tried 3/3] 0.5 secs
				[tipo_linea_obbliqua tried 3/3] 0.5 secs
				[tipo_immagine tried 3/3] 0.5 secs
				[tipo_vuoto tried 3/3] 0.5 secs
				[ultima_pagina tried 1/1] 0.5 secs
				[frame tried 5/6] 0.5 secs
				[pagina_1 tried 2/3] 0.5 secs
				[on_top tried 10/10] 0.5 secs
				[to_right tried 9/10] 0.6 secs
				[allineato_al_centro_verticale tried 6/10] 0.6 secs
				[allineato_al_centro_orizzontale tried 4/10] 0.6 secs
				[numero_pagine tried 1/1] 0.6 secs
				[altezza_pagina tried 1/1] 0.6 secs
				[larghezza_pagina tried 1/1] 0.6 secs
				[altezza_rettangolo tried 2/2] 0.6 secs
				[ascissa_rettangolo tried 2/2] 0.6 secs
				[ordinata_rettangolo tried 2/2] 0.6 secs
				[larghezza_rettangolo tried 2/2] 0.6 secs

	Save on_top(E,C) (90,95 value 155.5)

Best literal on_top(D,C) (7.7 bits)


State (17376/17792 [90/95], 283.5 bits available)

				[= tried 3/3] 0.6 secs
				[tipo_testo tried 1/3] 0.6 secs
				[tipo_linea_orizzontale tried 3/3] 0.6 secs
				[tipo_misto tried 3/3] 0.6 secs
				[tipo_linea_obbliqua tried 3/3] 0.6 secs
				[tipo_immagine tried 3/3] 0.6 secs
				[tipo_vuoto tried 3/3] 0.6 secs
				[ultima_pagina tried 1/1] 0.6 secs
				[frame tried 5/6] 0.6 secs
				[pagina_1 tried 2/3] 0.6 secs
				[on_top tried 9/10] 0.6 secs
				[to_right tried 9/10] 0.6 secs
				[allineato_al_centro_verticale tried 8/10] 0.6 secs
				[allineato_al_centro_orizzontale tried 4/10] 0.6 secs
				[numero_pagine tried 1/1] 0.6 secs
				[altezza_pagina tried 1/1] 0.6 secs
				[larghezza_pagina tried 1/1] 0.6 secs
				[altezza_rettangolo tried 2/2] 0.6 secs
				[ascissa_rettangolo tried 2/2] 0.6 secs
				[ordinata_rettangolo tried 2/2] 0.6 secs
				[larghezza_rettangolo tried 2/2] 0.6 secs

Best literal to_right(C,E) (7.7 bits)


State (15872/16064 [55/56], 211.0 bits available)

				[= tried 3/3] 0.6 secs
				[tipo_testo tried 1/3] 0.6 secs
				[tipo_linea_orizzontale tried 3/3] 0.6 secs
				[tipo_misto tried 3/3] 0.6 secs
				[tipo_linea_obbliqua tried 3/3] 0.6 secs
				[tipo_immagine tried 3/3] 0.6 secs
				[tipo_vuoto tried 3/3] 0.6 secs
				[ultima_pagina tried 1/1] 0.6 secs
				[frame tried 5/6] 0.7 secs
				[pagina_1 tried 2/3] 0.7 secs
				[on_top tried 9/10] 0.7 secs
				[to_right tried 8/10] 0.7 secs
				[allineato_al_centro_verticale tried 8/10] 0.7 secs
				[allineato_al_centro_orizzontale tried 5/10] 0.7 secs
				[numero_pagine tried 1/1] 0.7 secs
				[altezza_pagina tried 1/1] 0.7 secs
				[larghezza_pagina tried 1/1] 0.7 secs
				[altezza_rettangolo tried 2/2] 0.7 secs
				[ascissa_rettangolo tried 2/2] 0.7 secs
				[ordinata_rettangolo tried 2/2] 0.7 secs
				[larghezza_rettangolo tried 2/2] 0.7 secs

	Save clause ending with allineato_al_centro_verticale(C,F) (cover 53, accuracy 100%)

Best literal allineato_al_centro_verticale(C,F) (7.7 bits)

Initial clause (0 errs): class_jmlr(A) :- pagina_1(A,B), frame(B,C), tipo_testo(C), to_right(D,C), tipo_testo(D), allineato_al_centro_orizzontale(E,D), on_top(D,C), to_right(C,E), allineato_al_centro_verticale(C,F).
		to_right(D,C) needed for binding tipo_testo(D)
		frame(B,C) needed for binding to_right(D,C)
		pagina_1(A,B) needed for binding frame(B,C)

Clause 0: class_jmlr(A) :- pagina_1(A,B), frame(B,C), to_right(D,C), tipo_testo(D), allineato_al_centro_orizzontale(E,D), on_top(D,C), to_right(C,E), allineato_al_centro_verticale(C,F).

State (37/264, 186.2 bits available)

				[pagina_1 tried 1/1] 0.8 secs
				[numero_pagine tried 1/1] 0.8 secs

Best literal pagina_1(A,B) (1.0 bits)


State (74/528 [37/264], 185.2 bits available, 1 weak literal)

				[ultima_pagina tried 1/1] 0.8 secs
				[frame tried 1/1] 0.8 secs
				[pagina_1 tried 1/3] 0.8 secs
				[numero_pagine tried 1/1] 0.8 secs
				[altezza_pagina tried 1/1] 0.8 secs
				[larghezza_pagina tried 1/1] 0.8 secs

Best literal frame(B,C) (2.6 bits)


State (2012/11072 [37/264], 183.6 bits available, 2 weak literals)

				[tipo_testo tried 1/1] 0.8 secs
				[tipo_linea_orizzontale tried 1/1] 0.8 secs
				[tipo_misto tried 1/1] 0.8 secs
				[tipo_linea_obbliqua tried 1/1] 0.8 secs
				[tipo_immagine tried 1/1] 0.8 secs
				[tipo_vuoto tried 1/1] 0.8 secs
				[ultima_pagina tried 1/1] 0.8 secs
				[frame tried 1/3] 0.8 secs
				[pagina_1 tried 2/3] 0.8 secs
				[on_top tried 2/2] 0.8 secs
				[to_right tried 2/2] 0.8 secs
				[allineato_al_centro_verticale tried 2/2] 0.8 secs
				[allineato_al_centro_orizzontale tried 2/2] 0.8 secs
				[numero_pagine tried 1/1] 0.8 secs
				[altezza_pagina tried 1/1] 0.8 secs
				[larghezza_pagina tried 1/1] 0.8 secs
				[altezza_rettangolo tried 1/1] 0.8 secs
				[ascissa_rettangolo tried 1/1] 0.8 secs
				[ordinata_rettangolo tried 1/1] 0.8 secs
				[larghezza_rettangolo tried 1/1] 0.8 secs

Best literal to_right(C,D) (5.3 bits)


State (22960/86784 [37/264], 179.9 bits available)

				[= tried 1/1] 0.8 secs
				[tipo_testo tried 2/2] 0.8 secs
				[tipo_linea_orizzontale tried 2/2] 0.8 secs
				[tipo_misto tried 2/2] 0.8 secs
				[tipo_linea_obbliqua tried 2/2] 0.8 secs
				[tipo_immagine tried 2/2] 0.8 secs
				[tipo_vuoto tried 2/2] 0.8 secs
				[ultima_pagina tried 1/1] 0.8 secs
				[frame tried 4/5] 0.8 secs
				[pagina_1 tried 2/3] 0.8 secs
				[on_top tried 6/6] 0.8 secs
				[to_right tried 4/6] 0.9 secs
				[allineato_al_centro_verticale tried 6/6] 0.9 secs
				[allineato_al_centro_orizzontale tried 6/6] 0.9 secs
				[numero_pagine tried 1/1] 0.9 secs
				[altezza_pagina tried 1/1] 0.9 secs
				[larghezza_pagina tried 1/1] 0.9 secs
				[altezza_rettangolo tried 2/2] 0.9 secs
				[ascissa_rettangolo tried 2/2] 0.9 secs
				[ordinata_rettangolo tried 2/2] 0.9 secs
				[larghezza_rettangolo tried 2/2] 0.9 secs

Best literal tipo_testo(D) (5.4 bits)


State (22616/66848 [37/261], 176.5 bits available)

				[= tried 1/1] 0.9 secs
				[tipo_testo tried 1/2] 0.9 secs
				[tipo_linea_orizzontale tried 2/2] 0.9 secs
				[tipo_misto tried 2/2] 0.9 secs
				[tipo_linea_obbliqua tried 2/2] 0.9 secs
				[tipo_immagine tried 2/2] 0.9 secs
				[tipo_vuoto tried 2/2] 0.9 secs
				[ultima_pagina tried 1/1] 0.9 secs
				[frame tried 4/5] 0.9 secs
				[pagina_1 tried 2/3] 0.9 secs
				[on_top tried 6/6] 1.0 secs
				[to_right tried 5/6] 1.0 secs
				[allineato_al_centro_verticale tried 6/6] 1.0 secs
				[allineato_al_centro_orizzontale tried 6/6] 1.0 secs
				[numero_pagine tried 1/1] 1.0 secs
				[altezza_pagina tried 1/1] 1.0 secs
				[larghezza_pagina tried 1/1] 1.0 secs
				[altezza_rettangolo tried 2/2] 1.0 secs
				[ascissa_rettangolo tried 2/2] 1.0 secs
				[ordinata_rettangolo tried 2/2] 1.0 secs
				[larghezza_rettangolo tried 2/2] 1.0 secs

	Save clause ending with allineato_al_centro_orizzontale(E,D) (cover 34, accuracy 85%)

	Save allineato_al_centro_orizzontale(E,D) (34,40 value 87.5)

Best literal tipo_testo(C) (5.4 bits)


State (22248/58192 [37/261], 173.4 bits available)

				[= tried 1/1] 1.0 secs
				[tipo_testo tried 0/2] 1.0 secs
				[tipo_linea_orizzontale tried 2/2] 1.0 secs
				[tipo_misto tried 2/2] 1.0 secs
				[tipo_linea_obbliqua tried 2/2] 1.0 secs
				[tipo_immagine tried 2/2] 1.0 secs
				[tipo_vuoto tried 2/2] 1.0 secs
				[ultima_pagina tried 1/1] 1.1 secs
				[frame tried 4/5] 1.1 secs
				[pagina_1 tried 2/3] 1.1 secs
				[on_top tried 6/6] 1.1 secs
				[to_right tried 5/6] 1.1 secs
				[allineato_al_centro_verticale tried 6/6] 1.1 secs
				[allineato_al_centro_orizzontale tried 5/6] 1.1 secs
				[numero_pagine tried 1/1] 1.1 secs
				[altezza_pagina tried 1/1] 1.1 secs
				[larghezza_pagina tried 1/1] 1.1 secs
				[altezza_rettangolo tried 2/2] 1.1 secs
				[ascissa_rettangolo tried 2/2] 1.1 secs
				[ordinata_rettangolo tried 2/2] 1.2 secs
				[larghezza_rettangolo tried 2/2] 1.2 secs

	Save clause ending with allineato_al_centro_orizzontale(C,E) (cover 36, accuracy 85%)

	Save allineato_al_centro_orizzontale(E,D) (34,40 value 87.5)

Best literal allineato_al_centro_orizzontale(C,E) (7.0 bits)


State (5296/5920 [36/42], 165.8 bits available)

				[= tried 3/3] 1.2 secs
				[tipo_testo tried 1/3] 1.2 secs
				[tipo_linea_orizzontale tried 3/3] 1.2 secs
				[tipo_misto tried 3/3] 1.2 secs
				[tipo_linea_obbliqua tried 3/3] 1.2 secs
				[tipo_immagine tried 3/3] 1.2 secs
				[tipo_vuoto tried 3/3] 1.2 secs
				[ultima_pagina tried 1/1] 1.2 secs
				[frame tried 6/7] 1.2 secs
				[pagina_1 tried 2/3] 1.2 secs
				[on_top tried 12/12] 1.2 secs
				[to_right tried 11/12] 1.2 secs
				[allineato_al_centro_verticale tried 6/12] 1.2 secs
				[allineato_al_centro_orizzontale tried 6/12] 1.2 secs
				[numero_pagine tried 1/1] 1.2 secs
				[altezza_pagina tried 1/1] 1.2 secs
				[larghezza_pagina tried 1/1] 1.2 secs
				[altezza_rettangolo tried 3/3] 1.2 secs
				[ascissa_rettangolo tried 3/3] 1.2 secs
				[ordinata_rettangolo tried 3/3] 1.2 secs
				[larghezza_rettangolo tried 3/3] 1.2 secs

	Save clause ending with on_top(C,D) (cover 36, accuracy 87%)

	Save on_top(C,D) (36,41 value 94.3)
	Save on_top(E,D) (36,41 value 94.3)

Best literal to_right(E,F) (8.0 bits)


State (37856/39648 [36/41], 160.6 bits available)

				[= tried 6/6] 1.2 secs
				[tipo_testo tried 2/4] 1.2 secs
				[tipo_linea_orizzontale tried 4/4] 1.2 secs
				[tipo_misto tried 4/4] 1.2 secs
				[tipo_linea_obbliqua tried 4/4] 1.2 secs
				[tipo_immagine tried 4/4] 1.2 secs
				[tipo_vuoto tried 4/4] 1.2 secs
				[ultima_pagina tried 1/1] 1.2 secs
				[frame tried 7/8] 1.3 secs
				[pagina_1 tried 2/3] 1.3 secs
				[on_top tried 18/18] 1.3 secs
				[to_right tried 15/18] 1.4 secs
				[allineato_al_centro_verticale tried 12/18] 1.4 secs
				[allineato_al_centro_orizzontale tried 11/18] 1.4 secs
				[numero_pagine tried 1/1] 1.4 secs
				[altezza_pagina tried 1/1] 1.4 secs
				[larghezza_pagina tried 1/1] 1.4 secs
				[altezza_rettangolo tried 3/3] 1.4 secs
				[ascissa_rettangolo tried 3/3] 1.4 secs
				[ordinata_rettangolo tried 3/3] 1.4 secs
				[larghezza_rettangolo tried 3/3] 1.4 secs

	Save clause ending with tipo_linea_orizzontale(F) (cover 2, accuracy 100%)

	Save on_top(E,D) (36,40 value 95.5)
	Save on_top(C,F) (36,40 value 95.5)
	Save on_top(E,F) (36,40 value 95.5)

Best literal on_top(C,D) (8.6 bits)


State (60736/61952 [36/40], 155.1 bits available)

				[= tried 6/6] 1.4 secs
				[tipo_testo tried 2/4] 1.4 secs
				[tipo_linea_orizzontale tried 4/4] 1.4 secs
				[tipo_misto tried 4/4] 1.4 secs
				[tipo_linea_obbliqua tried 4/4] 1.5 secs
				[tipo_immagine tried 4/4] 1.5 secs
				[tipo_vuoto tried 4/4] 1.5 secs
				[ultima_pagina tried 1/1] 1.5 secs
				[frame tried 7/8] 1.5 secs
				[pagina_1 tried 2/3] 1.5 secs
				[on_top tried 17/18] 1.6 secs
				[to_right tried 15/18] 1.6 secs
				[allineato_al_centro_verticale tried 12/18] 1.6 secs
				[allineato_al_centro_orizzontale tried 11/18] 1.6 secs
				[numero_pagine tried 1/1] 1.6 secs
				[altezza_pagina tried 1/1] 1.7 secs
				[larghezza_pagina tried 1/1] 1.7 secs
				[altezza_rettangolo tried 3/3] 1.7 secs
				[ascissa_rettangolo tried 3/3] 1.7 secs
				[ordinata_rettangolo tried 3/3] 1.7 secs
				[larghezza_rettangolo tried 3/3] 1.7 secs

	Save clause ending with to_right(D,E) (cover 34, accuracy 100%)

	Save to_right(D,F) (35,38 value 94.0)

Best literal to_right(D,E) (8.6 bits)

Initial clause (0 errs): class_jmlr(A) :- pagina_1(A,B), frame(B,C), to_right(C,D), tipo_testo(D), tipo_testo(C), allineato_al_centro_orizzontale(C,E), to_right(E,F), on_top(C,D), to_right(D,E).
		allineato_al_centro_orizzontale(C,E) needed for binding to_right(E,F)
		frame(B,C) needed for binding to_right(C,D)
		pagina_1(A,B) needed for binding frame(B,C)

Clause 1: class_jmlr(A) :- pagina_1(A,B), frame(B,C), to_right(C,D), tipo_testo(C), allineato_al_centro_orizzontale(C,E), to_right(E,F), on_top(C,D), to_right(D,E).

State (3/230, 33.7 bits available)

				[pagina_1 tried 1/1] 1.8 secs
				[numero_pagine tried 1/1] 1.8 secs

Best literal pagina_1(A,B) (1.0 bits)


State (6/460 [3/230], 32.7 bits available, 1 weak literal)

				[ultima_pagina tried 1/1] 1.8 secs
				[frame tried 1/1] 1.8 secs
				[pagina_1 tried 1/3] 1.8 secs
				[numero_pagine tried 1/1] 1.8 secs
				[altezza_pagina tried 1/1] 1.8 secs
				[larghezza_pagina tried 1/1] 1.8 secs

Best literal frame(B,C) (2.6 bits)


State (136/9196 [3/230], 31.1 bits available, 2 weak literals)

				[tipo_testo tried 1/1] 1.8 secs
				[tipo_linea_orizzontale tried 1/1] 1.8 secs
				[tipo_misto tried 1/1] 1.8 secs
				[tipo_linea_obbliqua tried 1/1] 1.8 secs
				[tipo_immagine tried 1/1] 1.8 secs
				[tipo_vuoto tried 1/1] 1.8 secs
				[ultima_pagina tried 1/1] 1.8 secs
				[frame tried 1/3] 1.8 secs
				[pagina_1 tried 2/3] 1.8 secs
				[on_top tried 2/2] 1.8 secs
				[to_right tried 2/2] 1.8 secs
				[allineato_al_centro_verticale tried 2/2] 1.8 secs
				[allineato_al_centro_orizzontale tried 2/2] 1.8 secs
				[numero_pagine tried 1/1] 1.8 secs
				[altezza_pagina tried 1/1] 1.8 secs
				[larghezza_pagina tried 1/1] 1.8 secs
				[altezza_rettangolo tried 1/1] 1.8 secs
				[ascissa_rettangolo tried 1/1] 1.8 secs
				[ordinata_rettangolo tried 1/1] 1.8 secs
				[larghezza_rettangolo tried 1/1] 1.8 secs

Best literal to_right(C,D) (5.3 bits)


State (1248/65072 [3/230], 27.4 bits available)

				[= tried 1/1] 1.8 secs
				[tipo_testo tried 2/2] 1.8 secs
				[tipo_linea_orizzontale tried 2/2] 1.8 secs
				[tipo_misto tried 2/2] 1.8 secs
				[tipo_linea_obbliqua tried 2/2] 1.8 secs
				[tipo_immagine tried 2/2] 1.8 secs
				[tipo_vuoto tried 2/2] 1.8 secs
				[ultima_pagina tried 1/1] 1.8 secs
				[frame tried 4/5] 1.8 secs
				[pagina_1 tried 2/3] 1.8 secs
				[on_top tried 6/6] 1.9 secs
				[to_right tried 4/6] 1.9 secs
				[allineato_al_centro_verticale tried 6/6] 1.9 secs
				[allineato_al_centro_orizzontale tried 6/6] 1.9 secs
				[numero_pagine tried 1/1] 1.9 secs
				[altezza_pagina tried 1/1] 1.9 secs
				[larghezza_pagina tried 1/1] 1.9 secs
				[altezza_rettangolo tried 2/2] 1.9 secs
				[ascissa_rettangolo tried 2/2] 1.9 secs
				[ordinata_rettangolo tried 2/2] 1.9 secs
				[larghezza_rettangolo tried 2/2] 1.9 secs

Best literal tipo_testo(D) (5.4 bits)


State (1136/45368 [3/227], 24.0 bits available)

				[= tried 1/1] 1.9 secs
				[tipo_testo tried 1/2] 1.9 secs
				[tipo_linea_orizzontale tried 2/2] 1.9 secs
				[tipo_misto tried 2/2] 1.9 secs
				[tipo_linea_obbliqua tried 2/2] 1.9 secs
				[tipo_immagine tried 2/2] 1.9 secs
				[tipo_vuoto tried 2/2] 1.9 secs
				[ultima_pagina tried 1/1] 1.9 secs
				[frame tried 4/5] 1.9 secs
				[pagina_1 tried 2/3] 1.9 secs
				[on_top tried 6/6] 2.0 secs
				[to_right tried 5/6] 2.0 secs
				[allineato_al_centro_verticale tried 6/6] 2.0 secs
				[allineato_al_centro_orizzontale tried 6/6] 2.0 secs
				[numero_pagine tried 1/1] 2.0 secs
				[altezza_pagina tried 1/1] 2.0 secs
				[larghezza_pagina tried 1/1] 2.0 secs
				[altezza_rettangolo tried 2/2] 2.0 secs
				[ascissa_rettangolo tried 2/2] 2.0 secs
				[ordinata_rettangolo tried 2/2] 2.0 secs
				[larghezza_rettangolo tried 2/2] 2.0 secs

Best literal allineato_al_centro_verticale(E,D) (7.0 bits)


State (3024/74080 [3/162], 19.3 bits available)

				[= tried 3/3] 2.0 secs
				[tipo_testo tried 2/3] 2.0 secs
				[tipo_linea_orizzontale tried 3/3] 2.0 secs
				[tipo_misto tried 3/3] 2.0 secs
				[tipo_linea_obbliqua tried 3/3] 2.0 secs
				[tipo_immagine tried 3/3] 2.0 secs
				[tipo_vuoto tried 3/3] 2.0 secs
				[ultima_pagina tried 1/1] 2.0 secs
				[frame tried 5/6] 2.1 secs
				[pagina_1 tried 2/3] 2.1 secs
				[on_top tried 10/10] 2.1 secs
				[to_right tried 9/10] 2.1 secs
				[allineato_al_centro_verticale tried 8/10] 2.1 secs
				[allineato_al_centro_orizzontale tried 6/10] 2.1 secs
				[numero_pagine tried 1/1] 2.1 secs
				[altezza_pagina tried 1/1] 2.1 secs
				[larghezza_pagina tried 1/1] 2.1 secs
				[altezza_rettangolo tried 2/2] 2.1 secs
				[ascissa_rettangolo tried 2/2] 2.1 secs
				[ordinata_rettangolo tried 2/2] 2.2 secs
				[larghezza_rettangolo tried 2/2] 2.2 secs

Best literal tipo_testo(C) (6.0 bits)


State (2800/44560 [3/155], 15.9 bits available)

				[= tried 3/3] 2.2 secs
				[tipo_testo tried 1/3] 2.2 secs
				[tipo_linea_orizzontale tried 3/3] 2.2 secs
				[tipo_misto tried 3/3] 2.2 secs
				[tipo_linea_obbliqua tried 3/3] 2.2 secs
				[tipo_immagine tried 3/3] 2.2 secs
				[tipo_vuoto tried 3/3] 2.2 secs
				[ultima_pagina tried 1/1] 2.2 secs
				[frame tried 5/6] 2.2 secs
				[pagina_1 tried 2/3] 2.2 secs
				[on_top tried 10/10] 2.2 secs
				[to_right tried 9/10] 2.2 secs
				[allineato_al_centro_verticale tried 8/10] 2.3 secs
				[allineato_al_centro_orizzontale tried 6/10] 2.3 secs
				[numero_pagine tried 1/1] 2.3 secs
				[altezza_pagina tried 1/1] 2.3 secs
				[larghezza_pagina tried 1/1] 2.3 secs
				[altezza_rettangolo tried 2/2] 2.3 secs
				[ascissa_rettangolo tried 2/2] 2.3 secs
				[ordinata_rettangolo tried 2/2] 2.3 secs
				[larghezza_rettangolo tried 2/2] 2.3 secs

Best literal allineato_al_centro_orizzontale(F,C) (7.7 bits)


State (800/1440 [3/7], 11.0 bits available)

				[= tried 6/6] 2.3 secs
				[tipo_testo tried 2/4] 2.3 secs
				[tipo_linea_orizzontale tried 4/4] 2.3 secs
				[tipo_misto tried 4/4] 2.3 secs
				[tipo_linea_obbliqua tried 4/4] 2.3 secs
				[tipo_immagine tried 4/4] 2.3 secs
				[tipo_vuoto tried 4/4] 2.3 secs
				[ultima_pagina tried 1/1] 2.3 secs
				[frame tried 7/8] 2.3 secs
				[pagina_1 tried 2/3] 2.3 secs
				[on_top tried 18/18] 2.3 secs
				[to_right tried 17/18] 2.3 secs
				[allineato_al_centro_verticale tried 10/18] 2.3 secs
				[allineato_al_centro_orizzontale tried 10/18] 2.3 secs
				[numero_pagine tried 1/1] 2.3 secs
				[altezza_pagina tried 1/1] 2.3 secs
				[larghezza_pagina tried 1/1] 2.3 secs
				[altezza_rettangolo tried 3/3] 2.3 secs
				[ascissa_rettangolo tried 3/3] 2.3 secs
				[ordinata_rettangolo tried 3/3] 2.3 secs
				[larghezza_rettangolo tried 3/3] 2.3 secs

	Save clause ending with tipo_misto(E) (cover 2, accuracy 100%)

	Save to_right(D,G) (3,7 value 14.6)
	Save to_right(E,F) (3,4 value 16.6)

Best literal to_right(F,G) (8.6 bits)


State (7808/9472 [3/6], 5.5 bits available)

				[= requires 8.7 bits]
				[tipo_testo tried 3/5] 2.3 secs
				[tipo_linea_orizzontale tried 5/5] 2.3 secs
				[tipo_misto tried 5/5] 2.3 secs
				[tipo_linea_obbliqua tried 5/5] 2.3 secs
				[tipo_immagine tried 5/5] 2.3 secs
				[tipo_vuoto tried 5/5] 2.3 secs
				[ultima_pagina tried 1/1] 2.3 secs
				[frame tried 8/9] 2.3 secs
				[pagina_1 tried 2/3] 2.3 secs
				[on_top requires 9.1 bits]
				[to_right requires 9.1 bits]
				[allineato_al_centro_verticale requires 9.1 bits]
				[allineato_al_centro_orizzontale requires 9.1 bits]
				[numero_pagine tried 1/1] 2.3 secs
				[altezza_pagina tried 1/1] 2.3 secs
				[larghezza_pagina tried 1/1] 2.3 secs
				[altezza_rettangolo tried 3/3] 2.3 secs
				[ascissa_rettangolo tried 3/3] 2.3 secs
				[ordinata_rettangolo tried 3/3] 2.3 secs
				[larghezza_rettangolo tried 3/3] 2.3 secs

No literals

[Replace by saved clause]

Initial clause (0 errs): class_jmlr(A) :- pagina_1(A,B), frame(B,C), to_right(C,D), tipo_testo(D), allineato_al_centro_verticale(E,D), tipo_testo(C), allineato_al_centro_orizzontale(F,C), tipo_misto(E).
		allineato_al_centro_verticale(E,D) needed for binding tipo_misto(E)
		to_right(C,D) needed for binding allineato_al_centro_verticale(E,D)
		frame(B,C) needed for binding to_right(C,D)
		pagina_1(A,B) needed for binding frame(B,C)

Clause 2: class_jmlr(A) :- pagina_1(A,B), frame(B,C), to_right(C,D), allineato_al_centro_verticale(E,D), tipo_testo(C), allineato_al_centro_orizzontale(F,C), tipo_misto(E).

State (1/228, 18.3 bits available)

				[pagina_1 tried 1/1] 2.4 secs
				[numero_pagine tried 1/1] 2.4 secs

Best literal pagina_1(A,B) (1.0 bits)


State (2/456 [1/228], 17.3 bits available, 1 weak literal)

				[ultima_pagina tried 1/1] 2.4 secs
				[frame tried 1/1] 2.4 secs
				[pagina_1 tried 1/3] 2.4 secs
				[numero_pagine tried 1/1] 2.4 secs
				[altezza_pagina tried 1/1] 2.4 secs
				[larghezza_pagina tried 1/1] 2.4 secs

Best literal frame(B,C) (2.6 bits)


State (40/9100 [1/228], 15.7 bits available, 2 weak literals)

				[tipo_testo tried 1/1] 2.4 secs
				[tipo_linea_orizzontale tried 1/1] 2.4 secs
				[tipo_misto tried 1/1] 2.4 secs
				[tipo_linea_obbliqua tried 1/1] 2.4 secs
				[tipo_immagine tried 1/1] 2.4 secs
				[tipo_vuoto tried 1/1] 2.4 secs
				[ultima_pagina tried 1/1] 2.4 secs
				[frame tried 1/3] 2.4 secs
				[pagina_1 tried 2/3] 2.4 secs
				[on_top tried 2/2] 2.4 secs
				[to_right tried 2/2] 2.4 secs
				[allineato_al_centro_verticale tried 2/2] 2.4 secs
				[allineato_al_centro_orizzontale tried 2/2] 2.4 secs
				[numero_pagine tried 1/1] 2.4 secs
				[altezza_pagina tried 1/1] 2.4 secs
				[larghezza_pagina tried 1/1] 2.4 secs
				[altezza_rettangolo tried 1/1] 2.4 secs
				[ascissa_rettangolo tried 1/1] 2.4 secs
				[ordinata_rettangolo tried 1/1] 2.4 secs
				[larghezza_rettangolo tried 1/1] 2.4 secs

	Save allineato_al_centro_orizzontale(D,C) (1,30 value 2.9)

Best literal allineato_al_centro_orizzontale(C,D) (5.3 bits)


State (8/408 [1/30], 12.0 bits available)

				[= tried 1/1] 2.4 secs
				[tipo_testo tried 2/2] 2.4 secs
				[tipo_linea_orizzontale tried 2/2] 2.4 secs
				[tipo_misto tried 2/2] 2.4 secs
				[tipo_linea_obbliqua tried 2/2] 2.4 secs
				[tipo_immagine tried 2/2] 2.4 secs
				[tipo_vuoto tried 2/2] 2.4 secs
				[ultima_pagina tried 1/1] 2.4 secs
				[frame tried 4/5] 2.4 secs
				[pagina_1 tried 2/3] 2.4 secs
				[on_top tried 6/6] 2.4 secs
				[to_right tried 6/6] 2.4 secs
				[allineato_al_centro_verticale tried 4/6] 2.4 secs
				[allineato_al_centro_orizzontale tried 3/6] 2.4 secs
				[numero_pagine tried 1/1] 2.4 secs
				[altezza_pagina tried 1/1] 2.4 secs
				[larghezza_pagina tried 1/1] 2.4 secs
				[altezza_rettangolo tried 2/2] 2.4 secs
				[ascissa_rettangolo tried 2/2] 2.4 secs
				[ordinata_rettangolo tried 2/2] 2.4 secs
				[larghezza_rettangolo tried 2/2] 2.4 secs

	Save tipo_testo(D) (1,9 value 4.5)

Best literal tipo_testo(C) (5.4 bits)


State (8/88 [1/8], 8.6 bits available)

				[= tried 1/1] 2.4 secs
				[tipo_testo tried 1/2] 2.4 secs
				[tipo_linea_orizzontale tried 2/2] 2.4 secs
				[tipo_misto tried 2/2] 2.4 secs
				[tipo_linea_obbliqua tried 2/2] 2.4 secs
				[tipo_immagine tried 2/2] 2.4 secs
				[tipo_vuoto tried 2/2] 2.4 secs
				[ultima_pagina tried 1/1] 2.4 secs
				[frame tried 4/5] 2.4 secs
				[pagina_1 tried 2/3] 2.4 secs
				[on_top tried 6/6] 2.4 secs
				[to_right tried 6/6] 2.4 secs
				[allineato_al_centro_verticale tried 4/6] 2.4 secs
				[allineato_al_centro_orizzontale tried 3/6] 2.4 secs
				[numero_pagine tried 1/1] 2.4 secs
				[altezza_pagina tried 1/1] 2.4 secs
				[larghezza_pagina tried 1/1] 2.4 secs
				[altezza_rettangolo tried 2/2] 2.4 secs
				[ascissa_rettangolo tried 2/2] 2.4 secs
				[ordinata_rettangolo tried 2/2] 2.4 secs
				[larghezza_rettangolo tried 2/2] 2.4 secs

Best literal to_right(D,C) (7.0 bits)


State (16/80 [1/4], 3.9 bits available)

				[= tried 1/1] 2.4 secs
				[tipo_testo tried 1/2] 2.4 secs
				[tipo_linea_orizzontale tried 2/2] 2.4 secs
				[tipo_misto tried 2/2] 2.4 secs
				[tipo_linea_obbliqua tried 2/2] 2.4 secs
				[tipo_immagine tried 2/2] 2.4 secs
				[tipo_vuoto tried 2/2] 2.4 secs
				[ultima_pagina tried 1/1] 2.4 secs
				[frame requires 6.7 bits]
				[pagina_1 tried 2/3] 2.4 secs
				[on_top requires 7.0 bits]
				[to_right requires 7.0 bits]
				[allineato_al_centro_verticale requires 7.0 bits]
				[allineato_al_centro_orizzontale requires 7.0 bits]
				[numero_pagine tried 1/1] 2.4 secs
				[altezza_pagina tried 1/1] 2.4 secs
				[larghezza_pagina tried 1/1] 2.4 secs
				[altezza_rettangolo tried 2/2] 2.4 secs
				[ascissa_rettangolo tried 2/2] 2.4 secs
				[ordinata_rettangolo tried 2/2] 2.4 secs
				[larghezza_rettangolo tried 2/2] 2.4 secs

No literals

Recover to class_jmlr(A) :- pagina_1(A,B), frame(B,C), allineato_al_centro_orizzontale(C,D), tipo_testo(D).



State (8/96 [1/9], 8.6 bits available)

				[= tried 1/1] 2.4 secs
				[tipo_testo tried 1/2] 2.4 secs
				[tipo_linea_orizzontale tried 2/2] 2.4 secs
				[tipo_misto tried 2/2] 2.4 secs
				[tipo_linea_obbliqua tried 2/2] 2.4 secs
				[tipo_immagine tried 2/2] 2.4 secs
				[tipo_vuoto tried 2/2] 2.4 secs
				[ultima_pagina tried 1/1] 2.4 secs
				[frame tried 4/5] 2.4 secs
				[pagina_1 tried 2/3] 2.4 secs
				[on_top tried 6/6] 2.4 secs
				[to_right tried 6/6] 2.4 secs
				[allineato_al_centro_verticale tried 4/6] 2.4 secs
				[allineato_al_centro_orizzontale tried 4/6] 2.4 secs
				[numero_pagine tried 1/1] 2.4 secs
				[altezza_pagina tried 1/1] 2.4 secs
				[larghezza_pagina tried 1/1] 2.4 secs
				[altezza_rettangolo tried 2/2] 2.4 secs
				[ascissa_rettangolo tried 2/2] 2.4 secs
				[ordinata_rettangolo tried 2/2] 2.4 secs
				[larghezza_rettangolo tried 2/2] 2.4 secs

Best literal to_right(D,C) (7.0 bits)


State (16/96 [1/5], 3.9 bits available)

				[= tried 1/1] 2.4 secs
				[tipo_testo tried 1/2] 2.4 secs
				[tipo_linea_orizzontale tried 2/2] 2.4 secs
				[tipo_misto tried 2/2] 2.4 secs
				[tipo_linea_obbliqua tried 2/2] 2.4 secs
				[tipo_immagine tried 2/2] 2.4 secs
				[tipo_vuoto tried 2/2] 2.4 secs
				[ultima_pagina tried 1/1] 2.4 secs
				[frame requires 6.7 bits]
				[pagina_1 tried 2/3] 2.4 secs
				[on_top requires 7.0 bits]
				[to_right requires 7.0 bits]
				[allineato_al_centro_verticale requires 7.0 bits]
				[allineato_al_centro_orizzontale requires 7.0 bits]
				[numero_pagine tried 1/1] 2.4 secs
				[altezza_pagina tried 1/1] 2.4 secs
				[larghezza_pagina tried 1/1] 2.4 secs
				[altezza_rettangolo tried 2/2] 2.4 secs
				[ascissa_rettangolo tried 2/2] 2.4 secs
				[ordinata_rettangolo tried 2/2] 2.4 secs
				[larghezza_rettangolo tried 2/2] 2.4 secs

Best literal tipo_testo(C) (5.4 bits)


State (16/80 [1/4], 1.1 bits available)

				[= requires 5.4 bits]
				[tipo_testo requires 5.4 bits]
				[tipo_linea_orizzontale requires 5.4 bits]
				[tipo_misto requires 5.4 bits]
				[tipo_linea_obbliqua requires 5.4 bits]
				[tipo_immagine requires 5.4 bits]
				[tipo_vuoto requires 5.4 bits]
				[ultima_pagina requires 4.4 bits]
				[frame requires 6.7 bits]
				[pagina_1 requires 6.0 bits]
				[on_top requires 7.0 bits]
				[to_right requires 7.0 bits]
				[allineato_al_centro_verticale requires 7.0 bits]
				[allineato_al_centro_orizzontale requires 7.0 bits]
				[numero_pagine requires 4.4 bits]
				[altezza_pagina requires 4.4 bits]
				[larghezza_pagina requires 4.4 bits]
				[altezza_rettangolo requires 5.4 bits]
				[ascissa_rettangolo requires 5.4 bits]
				[ordinata_rettangolo requires 5.4 bits]
				[larghezza_rettangolo requires 5.4 bits]

No literals

Recover to class_jmlr(A) :- pagina_1(A,B), frame(B,C), allineato_al_centro_orizzontale(D,C).



State (8/408 [1/30], 12.0 bits available)

				[= tried 1/1] 2.4 secs
				[tipo_testo tried 2/2] 2.4 secs
				[tipo_linea_orizzontale tried 2/2] 2.4 secs
				[tipo_misto tried 2/2] 2.4 secs
				[tipo_linea_obbliqua tried 2/2] 2.4 secs
				[tipo_immagine tried 2/2] 2.4 secs
				[tipo_vuoto tried 2/2] 2.4 secs
				[ultima_pagina tried 1/1] 2.4 secs
				[frame tried 4/5] 2.4 secs
				[pagina_1 tried 2/3] 2.4 secs
				[on_top tried 6/6] 2.4 secs
				[to_right tried 6/6] 2.4 secs
				[allineato_al_centro_verticale tried 4/6] 2.4 secs
				[allineato_al_centro_orizzontale tried 3/6] 2.4 secs
				[numero_pagine tried 1/1] 2.4 secs
				[altezza_pagina tried 1/1] 2.4 secs
				[larghezza_pagina tried 1/1] 2.4 secs
				[altezza_rettangolo tried 2/2] 2.4 secs
				[ascissa_rettangolo tried 2/2] 2.4 secs
				[ordinata_rettangolo tried 2/2] 2.4 secs
				[larghezza_rettangolo tried 2/2] 2.4 secs

	Save tipo_testo(C) (1,9 value 4.5)

Best literal tipo_testo(D) (5.4 bits)


State (8/88 [1/8], 8.6 bits available)

				[= tried 1/1] 2.4 secs
				[tipo_testo tried 1/2] 2.4 secs
				[tipo_linea_orizzontale tried 2/2] 2.4 secs
				[tipo_misto tried 2/2] 2.4 secs
				[tipo_linea_obbliqua tried 2/2] 2.4 secs
				[tipo_immagine tried 2/2] 2.4 secs
				[tipo_vuoto tried 2/2] 2.4 secs
				[ultima_pagina tried 1/1] 2.4 secs
				[frame tried 4/5] 2.4 secs
				[pagina_1 tried 2/3] 2.4 secs
				[on_top tried 6/6] 2.4 secs
				[to_right tried 6/6] 2.4 secs
				[allineato_al_centro_verticale tried 4/6] 2.4 secs
				[allineato_al_centro_orizzontale tried 4/6] 2.4 secs
				[numero_pagine tried 1/1] 2.4 secs
				[altezza_pagina tried 1/1] 2.4 secs
				[larghezza_pagina tried 1/1] 2.4 secs
				[altezza_rettangolo tried 2/2] 2.4 secs
				[ascissa_rettangolo tried 2/2] 2.4 secs
				[ordinata_rettangolo tried 2/2] 2.4 secs
				[larghezza_rettangolo tried 2/2] 2.4 secs

Best literal to_right(C,D) (7.0 bits)


State (16/80 [1/4], 3.9 bits available)

				[= tried 1/1] 2.4 secs
				[tipo_testo tried 1/2] 2.4 secs
				[tipo_linea_orizzontale tried 2/2] 2.4 secs
				[tipo_misto tried 2/2] 2.4 secs
				[tipo_linea_obbliqua tried 2/2] 2.4 secs
				[tipo_immagine tried 2/2] 2.4 secs
				[tipo_vuoto tried 2/2] 2.4 secs
				[ultima_pagina tried 1/1] 2.4 secs
				[frame requires 6.7 bits]
				[pagina_1 tried 2/3] 2.4 secs
				[on_top requires 7.0 bits]
				[to_right requires 7.0 bits]
				[allineato_al_centro_verticale requires 7.0 bits]
				[allineato_al_centro_orizzontale requires 7.0 bits]
				[numero_pagine tried 1/1] 2.4 secs
				[altezza_pagina tried 1/1] 2.4 secs
				[larghezza_pagina tried 1/1] 2.4 secs
				[altezza_rettangolo tried 2/2] 2.4 secs
				[ascissa_rettangolo tried 2/2] 2.4 secs
				[ordinata_rettangolo tried 2/2] 2.4 secs
				[larghezza_rettangolo tried 2/2] 2.4 secs

No literals

Recover to class_jmlr(A) :- pagina_1(A,B), frame(B,C), allineato_al_centro_orizzontale(D,C), tipo_testo(C).



State (8/96 [1/9], 8.6 bits available)

				[= tried 1/1] 2.4 secs
				[tipo_testo tried 1/2] 2.4 secs
				[tipo_linea_orizzontale tried 2/2] 2.4 secs
				[tipo_misto tried 2/2] 2.4 secs
				[tipo_linea_obbliqua tried 2/2] 2.4 secs
				[tipo_immagine tried 2/2] 2.4 secs
				[tipo_vuoto tried 2/2] 2.4 secs
				[ultima_pagina tried 1/1] 2.4 secs
				[frame tried 4/5] 2.4 secs
				[pagina_1 tried 2/3] 2.4 secs
				[on_top tried 6/6] 2.4 secs
				[to_right tried 6/6] 2.4 secs
				[allineato_al_centro_verticale tried 4/6] 2.4 secs
				[allineato_al_centro_orizzontale tried 3/6] 2.4 secs
				[numero_pagine tried 1/1] 2.4 secs
				[altezza_pagina tried 1/1] 2.4 secs
				[larghezza_pagina tried 1/1] 2.4 secs
				[altezza_rettangolo tried 2/2] 2.4 secs
				[ascissa_rettangolo tried 2/2] 2.4 secs
				[ordinata_rettangolo tried 2/2] 2.4 secs
				[larghezza_rettangolo tried 2/2] 2.4 secs

Best literal to_right(C,D) (7.0 bits)


State (16/96 [1/5], 3.9 bits available)

				[= tried 1/1] 2.4 secs
				[tipo_testo tried 1/2] 2.4 secs
				[tipo_linea_orizzontale tried 2/2] 2.4 secs
				[tipo_misto tried 2/2] 2.4 secs
				[tipo_linea_obbliqua tried 2/2] 2.4 secs
				[tipo_immagine tried 2/2] 2.4 secs
				[tipo_vuoto tried 2/2] 2.4 secs
				[ultima_pagina tried 1/1] 2.4 secs
				[frame requires 6.7 bits]
				[pagina_1 tried 2/3] 2.4 secs
				[on_top requires 7.0 bits]
				[to_right requires 7.0 bits]
				[allineato_al_centro_verticale requires 7.0 bits]
				[allineato_al_centro_orizzontale requires 7.0 bits]
				[numero_pagine tried 1/1] 2.4 secs
				[altezza_pagina tried 1/1] 2.4 secs
				[larghezza_pagina tried 1/1] 2.4 secs
				[altezza_rettangolo tried 2/2] 2.4 secs
				[ascissa_rettangolo tried 2/2] 2.4 secs
				[ordinata_rettangolo tried 2/2] 2.4 secs
				[larghezza_rettangolo tried 2/2] 2.4 secs

Best literal tipo_testo(D) (5.4 bits)


State (16/80 [1/4], 1.1 bits available)

				[= requires 5.4 bits]
				[tipo_testo requires 5.4 bits]
				[tipo_linea_orizzontale requires 5.4 bits]
				[tipo_misto requires 5.4 bits]
				[tipo_linea_obbliqua requires 5.4 bits]
				[tipo_immagine requires 5.4 bits]
				[tipo_vuoto requires 5.4 bits]
				[ultima_pagina requires 4.4 bits]
				[frame requires 6.7 bits]
				[pagina_1 requires 6.0 bits]
				[on_top requires 7.0 bits]
				[to_right requires 7.0 bits]
				[allineato_al_centro_verticale requires 7.0 bits]
				[allineato_al_centro_orizzontale requires 7.0 bits]
				[numero_pagine requires 4.4 bits]
				[altezza_pagina requires 4.4 bits]
				[larghezza_pagina requires 4.4 bits]
				[altezza_rettangolo requires 5.4 bits]
				[ascissa_rettangolo requires 5.4 bits]
				[ordinata_rettangolo requires 5.4 bits]
				[larghezza_rettangolo requires 5.4 bits]

No literals

Initial clause (3 errs): class_jmlr(A) :- pagina_1(A,B), frame(B,C), allineato_al_centro_orizzontale(D,C), tipo_testo(C), to_right(C,D), tipo_testo(D).
		frame(B,C) needed for binding allineato_al_centro_orizzontale(D,C)
		pagina_1(A,B) needed for binding frame(B,C)

Clause too inaccurate (1/4)

***  Warning: the following definition
***  does not cover 1 tuple in the relation

class_jmlr(A) :- pagina_1(A,B), frame(B,C), to_right(D,C), tipo_testo(D), allineato_al_centro_orizzontale(E,D), on_top(D,C), to_right(C,E), allineato_al_centro_verticale(C,F).
class_jmlr(A) :- pagina_1(A,B), frame(B,C), to_right(C,D), tipo_testo(C), allineato_al_centro_orizzontale(C,E), to_right(E,F), on_top(C,D), to_right(D,E).
class_jmlr(A) :- pagina_1(A,B), frame(B,C), to_right(C,D), allineato_al_centro_verticale(E,D), tipo_testo(C), allineato_al_centro_orizzontale(F,C), tipo_misto(E).

Time 2.5 secs

Test relation class_jmlr
    (-)	d06060510495614980
Summary: 1 error in 36 trials
