FOIL 6.4   [January 1996]
--------

    Options:
	no negated literals
	verbosity level 2

Types Documento and Pagina are not compatible
Types Documento and Frame are not compatible
Types Documento and NumeroPagine are not compatible
Types Documento and LarghezzaPagina are not compatible
Types Documento and AltezzaPagina are not compatible
Types Documento and AscissaRettangolo are not compatible
Types Documento and OrdinataRettangolo are not compatible
Types Documento and LarghezzaRettangolo are not compatible
Types Documento and AltezzaRettangolo are not compatible
Types Pagina and Frame are not compatible
Types Pagina and NumeroPagine are not compatible
Types Pagina and LarghezzaPagina are not compatible
Types Pagina and AltezzaPagina are not compatible
Types Pagina and AscissaRettangolo are not compatible
Types Pagina and OrdinataRettangolo are not compatible
Types Pagina and LarghezzaRettangolo are not compatible
Types Pagina and AltezzaRettangolo are not compatible
Types Frame and NumeroPagine are not compatible
Types Frame and LarghezzaPagina are not compatible
Types Frame and AltezzaPagina are not compatible
Types Frame and AscissaRettangolo are not compatible
Types Frame and OrdinataRettangolo are not compatible
Types Frame and LarghezzaRettangolo are not compatible
Types Frame and AltezzaRettangolo are not compatible
Types NumeroPagine and LarghezzaPagina are not compatible
Types NumeroPagine and AltezzaPagina are not compatible
Types NumeroPagine and AscissaRettangolo are not compatible
Types NumeroPagine and OrdinataRettangolo are not compatible
Types NumeroPagine and LarghezzaRettangolo are not compatible
Types NumeroPagine and AltezzaRettangolo are not compatible
Types LarghezzaPagina and AltezzaPagina are not compatible
Types LarghezzaPagina and AscissaRettangolo are not compatible
Types LarghezzaPagina and OrdinataRettangolo are not compatible
Types LarghezzaPagina and LarghezzaRettangolo are not compatible
Types LarghezzaPagina and AltezzaRettangolo are not compatible
Types AltezzaPagina and AscissaRettangolo are not compatible
Types AltezzaPagina and OrdinataRettangolo are not compatible
Types AltezzaPagina and LarghezzaRettangolo are not compatible
Types AltezzaPagina and AltezzaRettangolo are not compatible
Types AscissaRettangolo and OrdinataRettangolo are not compatible
Types AscissaRettangolo and LarghezzaRettangolo are not compatible
Types AscissaRettangolo and AltezzaRettangolo are not compatible
Types OrdinataRettangolo and LarghezzaRettangolo are not compatible
Types OrdinataRettangolo and AltezzaRettangolo are not compatible
Types LarghezzaRettangolo and AltezzaRettangolo are not compatible

Relation class_jmlr

Relation *allineato_al_centro_orizzontale
    (warning: contains duplicate positive tuples)

Relation *allineato_al_centro_verticale
    (warning: contains duplicate positive tuples)

Relation *altezza_pagina
    (warning: contains duplicate positive tuples)

Relation *larghezza_pagina
    (warning: contains duplicate positive tuples)

Relation *altezza_rettangolo
    (warning: contains duplicate positive tuples)

Relation *ascissa_rettangolo
    (warning: contains duplicate positive tuples)

Relation *ordinata_rettangolo
    (warning: contains duplicate positive tuples)

Relation *larghezza_rettangolo
    (warning: contains duplicate positive tuples)

Relation *frame
    (warning: contains duplicate positive tuples)

Relation *numero_pagine
    (warning: contains duplicate positive tuples)

Relation *on_top
    (warning: contains duplicate positive tuples)

Relation *to_right
    (warning: contains duplicate positive tuples)

Relation *pagina_1
    (warning: contains duplicate positive tuples)

Relation *ultima_pagina

Relation *tipo_immagine

Relation *tipo_linea_obbliqua

Relation *tipo_linea_orizzontale

Relation *tipo_misto

Relation *tipo_testo

Relation *tipo_vuoto

----------
class_jmlr:

State (90/318, 305.0 bits available)

				[pagina_1 tried 1/1] 0.2 secs
				[numero_pagine tried 1/1] 0.2 secs

Best literal pagina_1(A,B) (1.0 bits)


State (180/636 [90/318], 304.0 bits available, 1 weak literal)

				[ultima_pagina tried 1/1] 0.2 secs
				[frame tried 1/1] 0.2 secs
				[pagina_1 tried 1/3] 0.2 secs
				[numero_pagine tried 1/1] 0.2 secs
				[altezza_pagina tried 1/1] 0.2 secs
				[larghezza_pagina tried 1/1] 0.2 secs

Best literal frame(B,C) (2.6 bits)


State (4896/13972 [90/318], 302.5 bits available, 2 weak literals)

				[tipo_testo tried 1/1] 0.2 secs
				[tipo_linea_orizzontale tried 1/1] 0.2 secs
				[tipo_misto tried 1/1] 0.2 secs
				[tipo_linea_obbliqua tried 1/1] 0.2 secs
				[tipo_immagine tried 1/1] 0.2 secs
				[tipo_vuoto tried 1/1] 0.2 secs
				[ultima_pagina tried 1/1] 0.2 secs
				[frame tried 1/3] 0.2 secs
				[pagina_1 tried 2/3] 0.2 secs
				[on_top tried 2/2] 0.2 secs
				[to_right tried 2/2] 0.2 secs
				[allineato_al_centro_verticale tried 2/2] 0.2 secs
				[allineato_al_centro_orizzontale tried 2/2] 0.2 secs
				[numero_pagine tried 1/1] 0.2 secs
				[altezza_pagina tried 1/1] 0.2 secs
				[larghezza_pagina tried 1/1] 0.2 secs
				[altezza_rettangolo tried 1/1] 0.2 secs
				[ascissa_rettangolo tried 1/1] 0.2 secs
				[ordinata_rettangolo tried 1/1] 0.2 secs
				[larghezza_rettangolo tried 1/1] 0.2 secs

	Save clause ending with tipo_vuoto(C) (cover 1, accuracy 100%)

Best literal tipo_testo(C) (4.3 bits)


State (4808/12232 [90/318], 299.7 bits available)

				[tipo_testo tried 0/1] 0.2 secs
				[tipo_linea_orizzontale tried 1/1] 0.2 secs
				[tipo_misto tried 1/1] 0.2 secs
				[tipo_linea_obbliqua tried 1/1] 0.2 secs
				[tipo_immagine tried 1/1] 0.2 secs
				[tipo_vuoto tried 1/1] 0.2 secs
				[ultima_pagina tried 1/1] 0.2 secs
				[frame tried 2/3] 0.2 secs
				[pagina_1 tried 2/3] 0.2 secs
				[on_top tried 2/2] 0.2 secs
				[to_right tried 2/2] 0.2 secs
				[allineato_al_centro_verticale tried 2/2] 0.2 secs
				[allineato_al_centro_orizzontale tried 2/2] 0.2 secs
				[numero_pagine tried 1/1] 0.2 secs
				[altezza_pagina tried 1/1] 0.2 secs
				[larghezza_pagina tried 1/1] 0.2 secs
				[altezza_rettangolo tried 1/1] 0.2 secs
				[ascissa_rettangolo tried 1/1] 0.2 secs
				[ordinata_rettangolo tried 1/1] 0.2 secs
				[larghezza_rettangolo tried 1/1] 0.2 secs

	Save allineato_al_centro_orizzontale(C,D) (89,99 value 147.5)

Best literal allineato_al_centro_orizzontale(D,C) (5.3 bits)


State (768/920 [90/101], 296.4 bits available)

				[= tried 1/1] 0.2 secs
				[tipo_testo tried 1/2] 0.2 secs
				[tipo_linea_orizzontale tried 2/2] 0.2 secs
				[tipo_misto tried 2/2] 0.2 secs
				[tipo_linea_obbliqua tried 2/2] 0.2 secs
				[tipo_immagine tried 2/2] 0.2 secs
				[tipo_vuoto tried 2/2] 0.2 secs
				[ultima_pagina tried 1/1] 0.2 secs
				[frame tried 4/5] 0.2 secs
				[pagina_1 tried 2/3] 0.2 secs
				[on_top tried 6/6] 0.2 secs
				[to_right tried 6/6] 0.2 secs
				[allineato_al_centro_verticale tried 6/6] 0.2 secs
				[allineato_al_centro_orizzontale tried 3/6] 0.2 secs
				[numero_pagine tried 1/1] 0.2 secs
				[altezza_pagina tried 1/1] 0.2 secs
				[larghezza_pagina tried 1/1] 0.2 secs
				[altezza_rettangolo tried 2/2] 0.2 secs
				[ascissa_rettangolo tried 2/2] 0.2 secs
				[ordinata_rettangolo tried 2/2] 0.2 secs
				[larghezza_rettangolo tried 2/2] 0.2 secs

Best literal to_right(C,E) (7.0 bits)


State (10064/10960 [90/101], 291.7 bits available)

				[= tried 3/3] 0.2 secs
				[tipo_testo tried 2/3] 0.2 secs
				[tipo_linea_orizzontale tried 3/3] 0.2 secs
				[tipo_misto tried 3/3] 0.2 secs
				[tipo_linea_obbliqua tried 3/3] 0.2 secs
				[tipo_immagine tried 3/3] 0.2 secs
				[tipo_vuoto tried 3/3] 0.2 secs
				[ultima_pagina tried 1/1] 0.2 secs
				[frame tried 6/7] 0.2 secs
				[pagina_1 tried 2/3] 0.2 secs
				[on_top tried 12/12] 0.2 secs
				[to_right tried 10/12] 0.2 secs
				[allineato_al_centro_verticale tried 6/12] 0.3 secs
				[allineato_al_centro_orizzontale tried 6/12] 0.3 secs
				[numero_pagine tried 1/1] 0.3 secs
				[altezza_pagina tried 1/1] 0.3 secs
				[larghezza_pagina tried 1/1] 0.3 secs
				[altezza_rettangolo tried 3/3] 0.3 secs
				[ascissa_rettangolo tried 3/3] 0.3 secs
				[ordinata_rettangolo tried 3/3] 0.3 secs
				[larghezza_rettangolo tried 3/3] 0.3 secs

	Save on_top(D,E) (90,98 value 151.9)

Best literal on_top(C,E) (8.0 bits)


State (17344/18016 [90/98], 286.3 bits available)

				[= tried 3/3] 0.3 secs
				[tipo_testo tried 2/3] 0.3 secs
				[tipo_linea_orizzontale tried 3/3] 0.3 secs
				[tipo_misto tried 3/3] 0.3 secs
				[tipo_linea_obbliqua tried 3/3] 0.3 secs
				[tipo_immagine tried 3/3] 0.3 secs
				[tipo_vuoto tried 3/3] 0.3 secs
				[ultima_pagina tried 1/1] 0.3 secs
				[frame tried 6/7] 0.3 secs
				[pagina_1 tried 2/3] 0.3 secs
				[on_top tried 11/12] 0.3 secs
				[to_right tried 11/12] 0.3 secs
				[allineato_al_centro_verticale tried 8/12] 0.3 secs
				[allineato_al_centro_orizzontale tried 6/12] 0.3 secs
				[numero_pagine tried 1/1] 0.3 secs
				[altezza_pagina tried 1/1] 0.3 secs
				[larghezza_pagina tried 1/1] 0.3 secs
				[altezza_rettangolo tried 3/3] 0.3 secs
				[ascissa_rettangolo tried 3/3] 0.3 secs
				[ordinata_rettangolo tried 3/3] 0.3 secs
				[larghezza_rettangolo tried 3/3] 0.3 secs

	Save clause ending with tipo_misto(E) (cover 4, accuracy 100%)

Best literal to_right(C,D) (8.0 bits)


State (27136/27648 [54/56], 210.7 bits available)

				[= tried 3/3] 0.4 secs
				[tipo_testo tried 2/3] 0.4 secs
				[tipo_linea_orizzontale tried 3/3] 0.4 secs
				[tipo_misto tried 3/3] 0.4 secs
				[tipo_linea_obbliqua tried 3/3] 0.4 secs
				[tipo_immagine tried 3/3] 0.4 secs
				[tipo_vuoto tried 3/3] 0.4 secs
				[ultima_pagina tried 1/1] 0.4 secs
				[frame tried 6/7] 0.4 secs
				[pagina_1 tried 2/3] 0.4 secs
				[on_top tried 11/12] 0.4 secs
				[to_right tried 10/12] 0.4 secs
				[allineato_al_centro_verticale tried 8/12] 0.4 secs
				[allineato_al_centro_orizzontale tried 7/12] 0.4 secs
				[numero_pagine tried 1/1] 0.4 secs
				[altezza_pagina tried 1/1] 0.4 secs
				[larghezza_pagina tried 1/1] 0.4 secs
				[altezza_rettangolo tried 3/3] 0.4 secs
				[ascissa_rettangolo tried 3/3] 0.5 secs
				[ordinata_rettangolo tried 3/3] 0.5 secs
				[larghezza_rettangolo tried 3/3] 0.5 secs

Best literal to_right(D,E) (8.0 bits)


State (21504/21632 [54/55], 205.7 bits available)

				[= tried 3/3] 0.5 secs
				[tipo_testo tried 2/3] 0.5 secs
				[tipo_linea_orizzontale tried 3/3] 0.5 secs
				[tipo_misto tried 3/3] 0.5 secs
				[tipo_linea_obbliqua tried 3/3] 0.5 secs
				[tipo_immagine tried 3/3] 0.5 secs
				[tipo_vuoto tried 3/3] 0.5 secs
				[ultima_pagina tried 1/1] 0.5 secs
				[frame tried 6/7] 0.5 secs
				[pagina_1 tried 2/3] 0.5 secs
				[on_top tried 11/12] 0.5 secs
				[to_right tried 9/12] 0.5 secs
				[allineato_al_centro_verticale tried 6/12] 0.5 secs
				[allineato_al_centro_orizzontale tried 7/12] 0.5 secs
				[numero_pagine tried 1/1] 0.5 secs
				[altezza_pagina tried 1/1] 0.5 secs
				[larghezza_pagina tried 1/1] 0.5 secs
				[altezza_rettangolo tried 3/3] 0.5 secs
				[ascissa_rettangolo tried 3/3] 0.5 secs
				[ordinata_rettangolo tried 3/3] 0.5 secs
				[larghezza_rettangolo tried 3/3] 0.5 secs

	Save clause ending with to_right(E,F) (cover 47, accuracy 100%)

Best literal to_right(E,F) (8.0 bits)

Initial clause (0 errs): class_jmlr(A) :- pagina_1(A,B), frame(B,C), tipo_testo(C), allineato_al_centro_orizzontale(D,C), to_right(C,E), on_top(C,E), to_right(C,D), to_right(D,E), to_right(E,F).
		frame(B,C) needed for binding tipo_testo(C)
		pagina_1(A,B) needed for binding frame(B,C)

Clause 0: class_jmlr(A) :- pagina_1(A,B), frame(B,C), tipo_testo(C), allineato_al_centro_orizzontale(D,C), on_top(C,E), to_right(C,D), to_right(D,E), to_right(E,F).

State (43/271, 204.8 bits available)

				[pagina_1 tried 1/1] 0.6 secs
				[numero_pagine tried 1/1] 0.6 secs

Best literal pagina_1(A,B) (1.0 bits)


State (86/542 [43/271], 203.8 bits available, 1 weak literal)

				[ultima_pagina tried 1/1] 0.6 secs
				[frame tried 1/1] 0.6 secs
				[pagina_1 tried 1/3] 0.6 secs
				[numero_pagine tried 1/1] 0.6 secs
				[altezza_pagina tried 1/1] 0.6 secs
				[larghezza_pagina tried 1/1] 0.6 secs

Best literal frame(B,C) (2.6 bits)


State (2376/11452 [43/271], 202.2 bits available, 2 weak literals)

				[tipo_testo tried 1/1] 0.6 secs
				[tipo_linea_orizzontale tried 1/1] 0.6 secs
				[tipo_misto tried 1/1] 0.6 secs
				[tipo_linea_obbliqua tried 1/1] 0.6 secs
				[tipo_immagine tried 1/1] 0.6 secs
				[tipo_vuoto tried 1/1] 0.6 secs
				[ultima_pagina tried 1/1] 0.6 secs
				[frame tried 1/3] 0.6 secs
				[pagina_1 tried 2/3] 0.6 secs
				[on_top tried 2/2] 0.6 secs
				[to_right tried 2/2] 0.6 secs
				[allineato_al_centro_verticale tried 2/2] 0.6 secs
				[allineato_al_centro_orizzontale tried 2/2] 0.6 secs
				[numero_pagine tried 1/1] 0.6 secs
				[altezza_pagina tried 1/1] 0.6 secs
				[larghezza_pagina tried 1/1] 0.6 secs
				[altezza_rettangolo tried 1/1] 0.6 secs
				[ascissa_rettangolo tried 1/1] 0.6 secs
				[ordinata_rettangolo tried 1/1] 0.6 secs
				[larghezza_rettangolo tried 1/1] 0.6 secs

Best literal to_right(C,D) (5.3 bits)


State (27224/91512 [43/270], 198.4 bits available)

				[= tried 1/1] 0.6 secs
				[tipo_testo tried 2/2] 0.6 secs
				[tipo_linea_orizzontale tried 2/2] 0.6 secs
				[tipo_misto tried 2/2] 0.6 secs
				[tipo_linea_obbliqua tried 2/2] 0.6 secs
				[tipo_immagine tried 2/2] 0.6 secs
				[tipo_vuoto tried 2/2] 0.6 secs
				[ultima_pagina tried 1/1] 0.6 secs
				[frame tried 4/5] 0.6 secs
				[pagina_1 tried 2/3] 0.6 secs
				[on_top tried 6/6] 0.7 secs
				[to_right tried 4/6] 0.7 secs
				[allineato_al_centro_verticale tried 6/6] 0.7 secs
				[allineato_al_centro_orizzontale tried 6/6] 0.7 secs
				[numero_pagine tried 1/1] 0.7 secs
				[altezza_pagina tried 1/1] 0.7 secs
				[larghezza_pagina tried 1/1] 0.7 secs
				[altezza_rettangolo tried 2/2] 0.7 secs
				[ascissa_rettangolo tried 2/2] 0.7 secs
				[ordinata_rettangolo tried 2/2] 0.7 secs
				[larghezza_rettangolo tried 2/2] 0.7 secs

Best literal tipo_testo(D) (5.4 bits)


State (26896/72592 [43/268], 195.0 bits available)

				[= tried 1/1] 0.7 secs
				[tipo_testo tried 1/2] 0.7 secs
				[tipo_linea_orizzontale tried 2/2] 0.7 secs
				[tipo_misto tried 2/2] 0.7 secs
				[tipo_linea_obbliqua tried 2/2] 0.7 secs
				[tipo_immagine tried 2/2] 0.7 secs
				[tipo_vuoto tried 2/2] 0.7 secs
				[ultima_pagina tried 1/1] 0.7 secs
				[frame tried 4/5] 0.8 secs
				[pagina_1 tried 2/3] 0.8 secs
				[on_top tried 6/6] 0.8 secs
				[to_right tried 5/6] 0.8 secs
				[allineato_al_centro_verticale tried 6/6] 0.8 secs
				[allineato_al_centro_orizzontale tried 6/6] 0.8 secs
				[numero_pagine tried 1/1] 0.8 secs
				[altezza_pagina tried 1/1] 0.8 secs
				[larghezza_pagina tried 1/1] 0.8 secs
				[altezza_rettangolo tried 2/2] 0.8 secs
				[ascissa_rettangolo tried 2/2] 0.8 secs
				[ordinata_rettangolo tried 2/2] 0.8 secs
				[larghezza_rettangolo tried 2/2] 0.9 secs

Best literal tipo_testo(C) (5.4 bits)


State (26536/64368 [43/268], 192.0 bits available)

				[= tried 1/1] 0.9 secs
				[tipo_testo tried 0/2] 0.9 secs
				[tipo_linea_orizzontale tried 2/2] 0.9 secs
				[tipo_misto tried 2/2] 0.9 secs
				[tipo_linea_obbliqua tried 2/2] 0.9 secs
				[tipo_immagine tried 2/2] 0.9 secs
				[tipo_vuoto tried 2/2] 0.9 secs
				[ultima_pagina tried 1/1] 0.9 secs
				[frame tried 4/5] 0.9 secs
				[pagina_1 tried 2/3] 0.9 secs
				[on_top tried 6/6] 0.9 secs
				[to_right tried 5/6] 0.9 secs
				[allineato_al_centro_verticale tried 6/6] 0.9 secs
				[allineato_al_centro_orizzontale tried 5/6] 1.0 secs
				[numero_pagine tried 1/1] 1.0 secs
				[altezza_pagina tried 1/1] 1.0 secs
				[larghezza_pagina tried 1/1] 1.0 secs
				[altezza_rettangolo tried 2/2] 1.0 secs
				[ascissa_rettangolo tried 2/2] 1.0 secs
				[ordinata_rettangolo tried 2/2] 1.0 secs
				[larghezza_rettangolo tried 2/2] 1.0 secs

	Save clause ending with allineato_al_centro_orizzontale(C,E) (cover 42, accuracy 82%)

Best literal allineato_al_centro_orizzontale(C,E) (7.0 bits)


State (5760/7008 [42/51], 184.6 bits available)

				[= tried 3/3] 1.0 secs
				[tipo_testo tried 1/3] 1.0 secs
				[tipo_linea_orizzontale tried 3/3] 1.0 secs
				[tipo_misto tried 3/3] 1.0 secs
				[tipo_linea_obbliqua tried 3/3] 1.0 secs
				[tipo_immagine tried 3/3] 1.0 secs
				[tipo_vuoto tried 3/3] 1.0 secs
				[ultima_pagina tried 1/1] 1.0 secs
				[frame tried 6/7] 1.0 secs
				[pagina_1 tried 2/3] 1.0 secs
				[on_top tried 12/12] 1.0 secs
				[to_right tried 11/12] 1.0 secs
				[allineato_al_centro_verticale tried 6/12] 1.0 secs
				[allineato_al_centro_orizzontale tried 6/12] 1.0 secs
				[numero_pagine tried 1/1] 1.0 secs
				[altezza_pagina tried 1/1] 1.0 secs
				[larghezza_pagina tried 1/1] 1.0 secs
				[altezza_rettangolo tried 3/3] 1.0 secs
				[ascissa_rettangolo tried 3/3] 1.0 secs
				[ordinata_rettangolo tried 3/3] 1.0 secs
				[larghezza_rettangolo tried 3/3] 1.0 secs

	Save clause ending with on_top(C,D) (cover 42, accuracy 84%)

	Save on_top(E,D) (42,50 value 100.0)
	Save to_right(E,F) (42,50 value 100.0)

Best literal on_top(C,D) (8.0 bits)


State (9824/10656 [42/50], 179.5 bits available)

				[= tried 3/3] 1.0 secs
				[tipo_testo tried 1/3] 1.0 secs
				[tipo_linea_orizzontale tried 3/3] 1.0 secs
				[tipo_misto tried 3/3] 1.0 secs
				[tipo_linea_obbliqua tried 3/3] 1.0 secs
				[tipo_immagine tried 3/3] 1.0 secs
				[tipo_vuoto tried 3/3] 1.0 secs
				[ultima_pagina tried 1/1] 1.0 secs
				[frame tried 6/7] 1.0 secs
				[pagina_1 tried 2/3] 1.0 secs
				[on_top tried 11/12] 1.1 secs
				[to_right tried 11/12] 1.1 secs
				[allineato_al_centro_verticale tried 8/12] 1.1 secs
				[allineato_al_centro_orizzontale tried 6/12] 1.1 secs
				[numero_pagine tried 1/1] 1.1 secs
				[altezza_pagina tried 1/1] 1.1 secs
				[larghezza_pagina tried 1/1] 1.1 secs
				[altezza_rettangolo tried 3/3] 1.1 secs
				[ascissa_rettangolo tried 3/3] 1.1 secs
				[ordinata_rettangolo tried 3/3] 1.1 secs
				[larghezza_rettangolo tried 3/3] 1.1 secs

	Save clause ending with to_right(C,E) (cover 37, accuracy 84%)

Best literal to_right(D,F) (8.0 bits)


State (78976/81920 [37/44], 159.1 bits available)

				[= tried 6/6] 1.1 secs
				[tipo_testo tried 2/4] 1.1 secs
				[tipo_linea_orizzontale tried 4/4] 1.1 secs
				[tipo_misto tried 4/4] 1.1 secs
				[tipo_linea_obbliqua tried 4/4] 1.1 secs
				[tipo_immagine tried 4/4] 1.1 secs
				[tipo_vuoto tried 4/4] 1.1 secs
				[ultima_pagina tried 1/1] 1.1 secs
				[frame tried 7/8] 1.2 secs
				[pagina_1 tried 2/3] 1.2 secs
				[on_top tried 17/18] 1.2 secs
				[to_right tried 15/18] 1.3 secs
				[allineato_al_centro_verticale tried 15/18] 1.3 secs
				[allineato_al_centro_orizzontale tried 10/18] 1.4 secs
				[numero_pagine tried 1/1] 1.4 secs
				[altezza_pagina tried 1/1] 1.4 secs
				[larghezza_pagina tried 1/1] 1.4 secs
				[altezza_rettangolo tried 3/3] 1.4 secs
				[ascissa_rettangolo tried 3/3] 1.4 secs
				[ordinata_rettangolo tried 3/3] 1.4 secs
				[larghezza_rettangolo tried 3/3] 1.4 secs

	Save clause ending with to_right(F,E) (cover 37, accuracy 97%)

	Save to_right(F,E) (37,38 value 95.9)

Best literal on_top(D,F) (8.6 bits)


State (70144/71424 [37/43], 153.7 bits available)

				[= tried 6/6] 1.4 secs
				[tipo_testo tried 2/4] 1.4 secs
				[tipo_linea_orizzontale tried 4/4] 1.5 secs
				[tipo_misto tried 4/4] 1.5 secs
				[tipo_linea_obbliqua tried 4/4] 1.5 secs
				[tipo_immagine tried 4/4] 1.5 secs
				[tipo_vuoto tried 4/4] 1.5 secs
				[ultima_pagina tried 1/1] 1.5 secs
				[frame tried 7/8] 1.5 secs
				[pagina_1 tried 2/3] 1.5 secs
				[on_top tried 16/18] 1.6 secs
				[to_right tried 16/18] 1.6 secs
				[allineato_al_centro_verticale tried 18/18] 1.7 secs
				[allineato_al_centro_orizzontale tried 10/18] 1.7 secs
				[numero_pagine tried 1/1] 1.7 secs
				[altezza_pagina tried 1/1] 1.7 secs
				[larghezza_pagina tried 1/1] 1.7 secs
				[altezza_rettangolo tried 3/3] 1.7 secs
				[ascissa_rettangolo tried 3/3] 1.7 secs
				[ordinata_rettangolo tried 3/3] 1.7 secs
				[larghezza_rettangolo tried 3/3] 1.7 secs

	Save to_right(F,E) (36,37 value 93.2)

Best literal allineato_al_centro_verticale(G,E) (8.6 bits)


State (25856/26112 [7/8], 21.6 bits available)

				[= tried 10/10] 1.7 secs
				[tipo_testo tried 3/5] 1.8 secs
				[tipo_linea_orizzontale tried 5/5] 1.8 secs
				[tipo_misto tried 5/5] 1.8 secs
				[tipo_linea_obbliqua tried 5/5] 1.8 secs
				[tipo_immagine tried 5/5] 1.8 secs
				[tipo_vuoto tried 5/5] 1.8 secs
				[ultima_pagina tried 1/1] 1.8 secs
				[frame tried 8/9] 1.8 secs
				[pagina_1 tried 2/3] 1.8 secs
				[on_top tried 4/26] 1.8 secs

	Save clause ending with on_top(C,G) (cover 7, accuracy 100%)

Best literal on_top(C,G) (9.1 bits)

Initial clause (0 errs): class_jmlr(A) :- pagina_1(A,B), frame(B,C), to_right(C,D), tipo_testo(D), tipo_testo(C), allineato_al_centro_orizzontale(C,E), on_top(C,D), to_right(D,F), on_top(D,F), allineato_al_centro_verticale(G,E), on_top(C,G).
		allineato_al_centro_orizzontale(C,E) needed for binding allineato_al_centro_verticale(G,E)
		frame(B,C) needed for binding to_right(C,D)
		pagina_1(A,B) needed for binding frame(B,C)

Clause 1: class_jmlr(A) :- pagina_1(A,B), frame(B,C), to_right(C,D), tipo_testo(C), allineato_al_centro_orizzontale(C,E), on_top(C,D), to_right(D,F), on_top(D,F), allineato_al_centro_verticale(G,E), on_top(C,G).

State (36/264, 183.2 bits available)

				[pagina_1 tried 1/1] 1.9 secs
				[numero_pagine tried 1/1] 1.9 secs

Best literal pagina_1(A,B) (1.0 bits)


State (72/528 [36/264], 182.2 bits available, 1 weak literal)

				[ultima_pagina tried 1/1] 1.9 secs
				[frame tried 1/1] 1.9 secs
				[pagina_1 tried 1/3] 1.9 secs
				[numero_pagine tried 1/1] 1.9 secs
				[altezza_pagina tried 1/1] 1.9 secs
				[larghezza_pagina tried 1/1] 1.9 secs

Best literal frame(B,C) (2.6 bits)


State (2020/11096 [36/264], 180.6 bits available, 2 weak literals)

				[tipo_testo tried 1/1] 1.9 secs
				[tipo_linea_orizzontale tried 1/1] 1.9 secs
				[tipo_misto tried 1/1] 1.9 secs
				[tipo_linea_obbliqua tried 1/1] 1.9 secs
				[tipo_immagine tried 1/1] 1.9 secs
				[tipo_vuoto tried 1/1] 1.9 secs
				[ultima_pagina tried 1/1] 1.9 secs
				[frame tried 1/3] 1.9 secs
				[pagina_1 tried 2/3] 1.9 secs
				[on_top tried 2/2] 1.9 secs
				[to_right tried 2/2] 1.9 secs
				[allineato_al_centro_verticale tried 2/2] 1.9 secs
				[allineato_al_centro_orizzontale tried 2/2] 1.9 secs
				[numero_pagine tried 1/1] 1.9 secs
				[altezza_pagina tried 1/1] 1.9 secs
				[larghezza_pagina tried 1/1] 1.9 secs
				[altezza_rettangolo tried 1/1] 1.9 secs
				[ascissa_rettangolo tried 1/1] 1.9 secs
				[ordinata_rettangolo tried 1/1] 1.9 secs
				[larghezza_rettangolo tried 1/1] 1.9 secs

Best literal to_right(C,D) (5.3 bits)


State (23472/87760 [36/263], 176.8 bits available)

				[= tried 1/1] 1.9 secs
				[tipo_testo tried 2/2] 1.9 secs
				[tipo_linea_orizzontale tried 2/2] 1.9 secs
				[tipo_misto tried 2/2] 1.9 secs
				[tipo_linea_obbliqua tried 2/2] 1.9 secs
				[tipo_immagine tried 2/2] 1.9 secs
				[tipo_vuoto tried 2/2] 1.9 secs
				[ultima_pagina tried 1/1] 1.9 secs
				[frame tried 4/5] 2.0 secs
				[pagina_1 tried 2/3] 2.0 secs
				[on_top tried 6/6] 2.0 secs
				[to_right tried 4/6] 2.0 secs
				[allineato_al_centro_verticale tried 6/6] 2.0 secs
				[allineato_al_centro_orizzontale tried 6/6] 2.0 secs
				[numero_pagine tried 1/1] 2.0 secs
				[altezza_pagina tried 1/1] 2.0 secs
				[larghezza_pagina tried 1/1] 2.0 secs
				[altezza_rettangolo tried 2/2] 2.0 secs
				[ascissa_rettangolo tried 2/2] 2.0 secs
				[ordinata_rettangolo tried 2/2] 2.0 secs
				[larghezza_rettangolo tried 2/2] 2.1 secs

Best literal tipo_testo(D) (5.4 bits)


State (23232/68928 [36/261], 173.4 bits available)

				[= tried 1/1] 2.1 secs
				[tipo_testo tried 1/2] 2.1 secs
				[tipo_linea_orizzontale tried 2/2] 2.1 secs
				[tipo_misto tried 2/2] 2.1 secs
				[tipo_linea_obbliqua tried 2/2] 2.1 secs
				[tipo_immagine tried 2/2] 2.1 secs
				[tipo_vuoto tried 2/2] 2.1 secs
				[ultima_pagina tried 1/1] 2.1 secs
				[frame tried 4/5] 2.1 secs
				[pagina_1 tried 2/3] 2.1 secs
				[on_top tried 6/6] 2.1 secs
				[to_right tried 5/6] 2.1 secs
				[allineato_al_centro_verticale tried 6/6] 2.1 secs
				[allineato_al_centro_orizzontale tried 6/6] 2.1 secs
				[numero_pagine tried 1/1] 2.1 secs
				[altezza_pagina tried 1/1] 2.2 secs
				[larghezza_pagina tried 1/1] 2.2 secs
				[altezza_rettangolo tried 2/2] 2.2 secs
				[ascissa_rettangolo tried 2/2] 2.2 secs
				[ordinata_rettangolo tried 2/2] 2.2 secs
				[larghezza_rettangolo tried 2/2] 2.2 secs

Best literal tipo_testo(C) (5.4 bits)


State (22888/60720 [36/261], 170.4 bits available)

				[= tried 1/1] 2.2 secs
				[tipo_testo tried 0/2] 2.2 secs
				[tipo_linea_orizzontale tried 2/2] 2.2 secs
				[tipo_misto tried 2/2] 2.2 secs
				[tipo_linea_obbliqua tried 2/2] 2.2 secs
				[tipo_immagine tried 2/2] 2.2 secs
				[tipo_vuoto tried 2/2] 2.2 secs
				[ultima_pagina tried 1/1] 2.2 secs
				[frame tried 4/5] 2.2 secs
				[pagina_1 tried 2/3] 2.2 secs
				[on_top tried 6/6] 2.2 secs
				[to_right tried 5/6] 2.3 secs
				[allineato_al_centro_verticale tried 6/6] 2.3 secs
				[allineato_al_centro_orizzontale tried 5/6] 2.3 secs
				[numero_pagine tried 1/1] 2.3 secs
				[altezza_pagina tried 1/1] 2.3 secs
				[larghezza_pagina tried 1/1] 2.3 secs
				[altezza_rettangolo tried 2/2] 2.3 secs
				[ascissa_rettangolo tried 2/2] 2.3 secs
				[ordinata_rettangolo tried 2/2] 2.3 secs
				[larghezza_rettangolo tried 2/2] 2.3 secs

Best literal allineato_al_centro_orizzontale(C,E) (7.0 bits)


State (4800/6048 [35/44], 162.7 bits available)

				[= tried 3/3] 2.3 secs
				[tipo_testo tried 1/3] 2.3 secs
				[tipo_linea_orizzontale tried 3/3] 2.3 secs
				[tipo_misto tried 3/3] 2.3 secs
				[tipo_linea_obbliqua tried 3/3] 2.3 secs
				[tipo_immagine tried 3/3] 2.3 secs
				[tipo_vuoto tried 3/3] 2.3 secs
				[ultima_pagina tried 1/1] 2.3 secs
				[frame tried 6/7] 2.3 secs
				[pagina_1 tried 2/3] 2.3 secs
				[on_top tried 12/12] 2.3 secs
				[to_right tried 11/12] 2.3 secs
				[allineato_al_centro_verticale tried 6/12] 2.3 secs
				[allineato_al_centro_orizzontale tried 6/12] 2.3 secs
				[numero_pagine tried 1/1] 2.3 secs
				[altezza_pagina tried 1/1] 2.3 secs
				[larghezza_pagina tried 1/1] 2.3 secs
				[altezza_rettangolo tried 3/3] 2.3 secs
				[ascissa_rettangolo tried 3/3] 2.3 secs
				[ordinata_rettangolo tried 3/3] 2.3 secs
				[larghezza_rettangolo tried 3/3] 2.4 secs

	Save clause ending with on_top(C,D) (cover 35, accuracy 81%)

	Save on_top(E,D) (35,43 value 89.3)
	Save to_right(E,F) (35,43 value 89.3)

Best literal on_top(C,D) (8.0 bits)


State (8128/8960 [35/43], 157.5 bits available)

				[= tried 3/3] 2.4 secs
				[tipo_testo tried 1/3] 2.4 secs
				[tipo_linea_orizzontale tried 3/3] 2.4 secs
				[tipo_misto tried 3/3] 2.4 secs
				[tipo_linea_obbliqua tried 3/3] 2.4 secs
				[tipo_immagine tried 3/3] 2.4 secs
				[tipo_vuoto tried 3/3] 2.4 secs
				[ultima_pagina tried 1/1] 2.4 secs
				[frame tried 6/7] 2.4 secs
				[pagina_1 tried 2/3] 2.4 secs
				[on_top tried 11/12] 2.4 secs
				[to_right tried 11/12] 2.4 secs
				[allineato_al_centro_verticale tried 8/12] 2.4 secs
				[allineato_al_centro_orizzontale tried 6/12] 2.4 secs
				[numero_pagine tried 1/1] 2.4 secs
				[altezza_pagina tried 1/1] 2.4 secs
				[larghezza_pagina tried 1/1] 2.4 secs
				[altezza_rettangolo tried 3/3] 2.4 secs
				[ascissa_rettangolo tried 3/3] 2.4 secs
				[ordinata_rettangolo tried 3/3] 2.4 secs
				[larghezza_rettangolo tried 3/3] 2.4 secs

	Save on_top(D,F) (35,43 value 89.3)

Best literal to_right(D,F) (8.0 bits)


State (65536/68480 [30/37], 135.4 bits available)

				[= tried 6/6] 2.4 secs
				[tipo_testo tried 2/4] 2.4 secs
				[tipo_linea_orizzontale tried 4/4] 2.4 secs
				[tipo_misto tried 4/4] 2.4 secs
				[tipo_linea_obbliqua tried 4/4] 2.4 secs
				[tipo_immagine tried 4/4] 2.4 secs
				[tipo_vuoto tried 4/4] 2.4 secs
				[ultima_pagina tried 1/1] 2.4 secs
				[frame tried 7/8] 2.5 secs
				[pagina_1 tried 2/3] 2.5 secs
				[on_top tried 17/18] 2.5 secs
				[to_right tried 15/18] 2.6 secs
				[allineato_al_centro_verticale tried 15/18] 2.6 secs
				[allineato_al_centro_orizzontale tried 10/18] 2.6 secs
				[numero_pagine tried 1/1] 2.7 secs
				[altezza_pagina tried 1/1] 2.7 secs
				[larghezza_pagina tried 1/1] 2.7 secs
				[altezza_rettangolo tried 3/3] 2.7 secs
				[ascissa_rettangolo tried 3/3] 2.7 secs
				[ordinata_rettangolo tried 3/3] 2.7 secs
				[larghezza_rettangolo tried 3/3] 2.7 secs

	Save clause ending with to_right(F,E) (cover 30, accuracy 96%)

	Save to_right(F,E) (30,31 value 83.8)

Best literal on_top(D,F) (8.6 bits)


State (57216/58496 [30/36], 130.0 bits available)

				[= tried 6/6] 2.7 secs
				[tipo_testo tried 2/4] 2.7 secs
				[tipo_linea_orizzontale tried 4/4] 2.7 secs
				[tipo_misto tried 4/4] 2.7 secs
				[tipo_linea_obbliqua tried 4/4] 2.7 secs
				[tipo_immagine tried 4/4] 2.7 secs
				[tipo_vuoto tried 4/4] 2.7 secs
				[ultima_pagina tried 1/1] 2.7 secs
				[frame tried 7/8] 2.8 secs
				[pagina_1 tried 2/3] 2.8 secs
				[on_top tried 16/18] 2.8 secs
				[to_right tried 16/18] 2.9 secs
				[allineato_al_centro_verticale tried 12/18] 2.9 secs
				[allineato_al_centro_orizzontale tried 10/18] 2.9 secs
				[numero_pagine tried 1/1] 2.9 secs
				[altezza_pagina tried 1/1] 2.9 secs
				[larghezza_pagina tried 1/1] 2.9 secs
				[altezza_rettangolo tried 3/3] 2.9 secs
				[ascissa_rettangolo tried 3/3] 2.9 secs
				[ordinata_rettangolo tried 3/3] 3.0 secs
				[larghezza_rettangolo tried 3/3] 3.0 secs

Best literal to_right(D,E) (8.6 bits)


State (94720/95744 [30/31], 124.8 bits available)

				[= tried 6/6] 3.0 secs
				[tipo_testo tried 2/4] 3.0 secs
				[tipo_linea_orizzontale tried 4/4] 3.0 secs
				[tipo_misto tried 4/4] 3.0 secs
				[tipo_linea_obbliqua tried 4/4] 3.0 secs
				[tipo_immagine tried 4/4] 3.0 secs
				[tipo_vuoto tried 4/4] 3.0 secs
				[ultima_pagina tried 1/1] 3.0 secs
				[frame tried 7/8] 3.1 secs
				[pagina_1 tried 2/3] 3.1 secs
				[on_top tried 16/18] 3.1 secs
				[to_right tried 15/18] 3.2 secs
				[allineato_al_centro_verticale tried 18/18] 3.2 secs
				[allineato_al_centro_orizzontale tried 11/18] 3.3 secs
				[numero_pagine tried 1/1] 3.3 secs
				[altezza_pagina tried 1/1] 3.3 secs
				[larghezza_pagina tried 1/1] 3.3 secs
				[altezza_rettangolo tried 3/3] 3.3 secs
				[ascissa_rettangolo tried 3/3] 3.3 secs
				[ordinata_rettangolo tried 3/3] 3.3 secs
				[larghezza_rettangolo tried 3/3] 3.3 secs

	Save clause ending with allineato_al_centro_verticale(D,F) (cover 16, accuracy 100%)

Best literal allineato_al_centro_verticale(D,F) (8.6 bits)

Initial clause (0 errs): class_jmlr(A) :- pagina_1(A,B), frame(B,C), to_right(C,D), tipo_testo(D), tipo_testo(C), allineato_al_centro_orizzontale(C,E), on_top(C,D), to_right(D,F), on_top(D,F), to_right(D,E), allineato_al_centro_verticale(D,F).
		frame(B,C) needed for binding to_right(C,D)
		pagina_1(A,B) needed for binding frame(B,C)

Clause 2: class_jmlr(A) :- pagina_1(A,B), frame(B,C), to_right(C,D), tipo_testo(C), allineato_al_centro_orizzontale(C,E), on_top(C,D), to_right(D,F), allineato_al_centro_verticale(D,F).

State (12/240, 86.8 bits available)

				[pagina_1 tried 1/1] 3.5 secs
				[numero_pagine tried 1/1] 3.5 secs

Best literal pagina_1(A,B) (1.0 bits)


State (24/480 [12/240], 85.8 bits available, 1 weak literal)

				[ultima_pagina tried 1/1] 3.5 secs
				[frame tried 1/1] 3.5 secs
				[pagina_1 tried 1/3] 3.5 secs
				[numero_pagine tried 1/1] 3.5 secs
				[altezza_pagina tried 1/1] 3.5 secs
				[larghezza_pagina tried 1/1] 3.5 secs

Best literal frame(B,C) (2.6 bits)


State (664/9740 [12/240], 84.2 bits available, 2 weak literals)

				[tipo_testo tried 1/1] 3.5 secs
				[tipo_linea_orizzontale tried 1/1] 3.5 secs
				[tipo_misto tried 1/1] 3.5 secs
				[tipo_linea_obbliqua tried 1/1] 3.5 secs
				[tipo_immagine tried 1/1] 3.5 secs
				[tipo_vuoto tried 1/1] 3.5 secs
				[ultima_pagina tried 1/1] 3.5 secs
				[frame tried 1/3] 3.5 secs
				[pagina_1 tried 2/3] 3.5 secs
				[on_top tried 2/2] 3.5 secs
				[to_right tried 2/2] 3.5 secs
				[allineato_al_centro_verticale tried 2/2] 3.5 secs
				[allineato_al_centro_orizzontale tried 2/2] 3.5 secs
				[numero_pagine tried 1/1] 3.5 secs
				[altezza_pagina tried 1/1] 3.5 secs
				[larghezza_pagina tried 1/1] 3.5 secs
				[altezza_rettangolo tried 1/1] 3.5 secs
				[ascissa_rettangolo tried 1/1] 3.5 secs
				[ordinata_rettangolo tried 1/1] 3.5 secs
				[larghezza_rettangolo tried 1/1] 3.5 secs

Best literal to_right(C,D) (5.3 bits)


State (7304/71592 [12/239], 80.5 bits available)

				[= tried 1/1] 3.5 secs
				[tipo_testo tried 2/2] 3.5 secs
				[tipo_linea_orizzontale tried 2/2] 3.5 secs
				[tipo_misto tried 2/2] 3.5 secs
				[tipo_linea_obbliqua tried 2/2] 3.5 secs
				[tipo_immagine tried 2/2] 3.5 secs
				[tipo_vuoto tried 2/2] 3.5 secs
				[ultima_pagina tried 1/1] 3.5 secs
				[frame tried 4/5] 3.5 secs
				[pagina_1 tried 2/3] 3.5 secs
				[on_top tried 6/6] 3.5 secs
				[to_right tried 4/6] 3.5 secs
				[allineato_al_centro_verticale tried 6/6] 3.5 secs
				[allineato_al_centro_orizzontale tried 6/6] 3.5 secs
				[numero_pagine tried 1/1] 3.5 secs
				[altezza_pagina tried 1/1] 3.5 secs
				[larghezza_pagina tried 1/1] 3.5 secs
				[altezza_rettangolo tried 2/2] 3.6 secs
				[ascissa_rettangolo tried 2/2] 3.6 secs
				[ordinata_rettangolo tried 2/2] 3.6 secs
				[larghezza_rettangolo tried 2/2] 3.6 secs

Best literal tipo_testo(D) (5.4 bits)


State (7128/52824 [12/237], 77.1 bits available)

				[= tried 1/1] 3.6 secs
				[tipo_testo tried 1/2] 3.6 secs
				[tipo_linea_orizzontale tried 2/2] 3.6 secs
				[tipo_misto tried 2/2] 3.6 secs
				[tipo_linea_obbliqua tried 2/2] 3.6 secs
				[tipo_immagine tried 2/2] 3.6 secs
				[tipo_vuoto tried 2/2] 3.6 secs
				[ultima_pagina tried 1/1] 3.6 secs
				[frame tried 4/5] 3.6 secs
				[pagina_1 tried 2/3] 3.6 secs
				[on_top tried 6/6] 3.6 secs
				[to_right tried 5/6] 3.6 secs
				[allineato_al_centro_verticale tried 6/6] 3.6 secs
				[allineato_al_centro_orizzontale tried 6/6] 3.6 secs
				[numero_pagine tried 1/1] 3.7 secs
				[altezza_pagina tried 1/1] 3.7 secs
				[larghezza_pagina tried 1/1] 3.7 secs
				[altezza_rettangolo tried 2/2] 3.7 secs
				[ascissa_rettangolo tried 2/2] 3.7 secs
				[ordinata_rettangolo tried 2/2] 3.7 secs
				[larghezza_rettangolo tried 2/2] 3.7 secs

Best literal tipo_testo(C) (5.4 bits)


State (7008/44840 [12/237], 74.0 bits available)

				[= tried 1/1] 3.7 secs
				[tipo_testo tried 0/2] 3.7 secs
				[tipo_linea_orizzontale tried 2/2] 3.7 secs
				[tipo_misto tried 2/2] 3.7 secs
				[tipo_linea_obbliqua tried 2/2] 3.7 secs
				[tipo_immagine tried 2/2] 3.7 secs
				[tipo_vuoto tried 2/2] 3.7 secs
				[ultima_pagina tried 1/1] 3.7 secs
				[frame tried 4/5] 3.7 secs
				[pagina_1 tried 2/3] 3.7 secs
				[on_top tried 6/6] 3.7 secs
				[to_right tried 5/6] 3.7 secs
				[allineato_al_centro_verticale tried 6/6] 3.8 secs
				[allineato_al_centro_orizzontale tried 6/6] 3.8 secs
				[numero_pagine tried 1/1] 3.8 secs
				[altezza_pagina tried 1/1] 3.8 secs
				[larghezza_pagina tried 1/1] 3.8 secs
				[altezza_rettangolo tried 2/2] 3.8 secs
				[ascissa_rettangolo tried 2/2] 3.8 secs
				[ordinata_rettangolo tried 2/2] 3.8 secs
				[larghezza_rettangolo tried 2/2] 3.8 secs

	Save allineato_al_centro_verticale(E,D) (12,167 value 6.2)

Best literal allineato_al_centro_orizzontale(E,C) (7.0 bits)


State (1120/2000 [12/23], 69.6 bits available)

				[= tried 3/3] 3.8 secs
				[tipo_testo tried 1/3] 3.8 secs
				[tipo_linea_orizzontale tried 3/3] 3.8 secs
				[tipo_misto tried 3/3] 3.8 secs
				[tipo_linea_obbliqua tried 3/3] 3.8 secs
				[tipo_immagine tried 3/3] 3.8 secs
				[tipo_vuoto tried 3/3] 3.8 secs
				[ultima_pagina tried 1/1] 3.8 secs
				[frame tried 6/7] 3.8 secs
				[pagina_1 tried 2/3] 3.8 secs
				[on_top tried 12/12] 3.8 secs
				[to_right tried 11/12] 3.8 secs
				[allineato_al_centro_verticale tried 8/12] 3.8 secs
				[allineato_al_centro_orizzontale tried 6/12] 3.8 secs
				[numero_pagine tried 1/1] 3.8 secs
				[altezza_pagina tried 1/1] 3.8 secs
				[larghezza_pagina tried 1/1] 3.8 secs
				[altezza_rettangolo tried 3/3] 3.8 secs
				[ascissa_rettangolo tried 3/3] 3.8 secs
				[ordinata_rettangolo tried 3/3] 3.8 secs
				[larghezza_rettangolo tried 3/3] 3.8 secs

	Save on_top(E,D) (12,20 value 42.2)
	Save on_top(E,F) (12,23 value 39.9)
	Save on_top(C,F) (12,23 value 39.9)

Best literal on_top(C,D) (8.0 bits)


State (1856/2528 [12/20], 64.5 bits available)

				[= tried 3/3] 3.8 secs
				[tipo_testo tried 1/3] 3.8 secs
				[tipo_linea_orizzontale tried 3/3] 3.8 secs
				[tipo_misto tried 3/3] 3.8 secs
				[tipo_linea_obbliqua tried 3/3] 3.8 secs
				[tipo_immagine tried 3/3] 3.8 secs
				[tipo_vuoto tried 3/3] 3.8 secs
				[ultima_pagina tried 1/1] 3.8 secs
				[frame tried 6/7] 3.8 secs
				[pagina_1 tried 2/3] 3.8 secs
				[on_top tried 11/12] 3.8 secs
				[to_right tried 11/12] 3.8 secs
				[allineato_al_centro_verticale tried 8/12] 3.8 secs
				[allineato_al_centro_orizzontale tried 6/12] 3.8 secs
				[numero_pagine tried 1/1] 3.8 secs
				[altezza_pagina tried 1/1] 3.8 secs
				[larghezza_pagina tried 1/1] 3.8 secs
				[altezza_rettangolo tried 3/3] 3.8 secs
				[ascissa_rettangolo tried 3/3] 3.8 secs
				[ordinata_rettangolo tried 3/3] 3.8 secs
				[larghezza_rettangolo tried 3/3] 3.8 secs

	Save on_top(E,F) (12,20 value 42.2)

Best literal on_top(D,F) (8.0 bits)


State (20992/24832 [11/19], 54.4 bits available)

				[= tried 6/6] 3.8 secs
				[tipo_testo tried 2/4] 3.8 secs
				[tipo_linea_orizzontale tried 4/4] 3.8 secs
				[tipo_misto tried 4/4] 3.8 secs
				[tipo_linea_obbliqua tried 4/4] 3.8 secs
				[tipo_immagine tried 4/4] 3.8 secs
				[tipo_vuoto tried 4/4] 3.8 secs
				[ultima_pagina tried 1/1] 3.8 secs
				[frame tried 7/8] 3.9 secs
				[pagina_1 tried 2/3] 3.9 secs
				[on_top tried 15/18] 3.9 secs
				[to_right tried 17/18] 3.9 secs
				[allineato_al_centro_verticale tried 12/18] 3.9 secs
				[allineato_al_centro_orizzontale tried 10/18] 3.9 secs
				[numero_pagine tried 1/1] 3.9 secs
				[altezza_pagina tried 1/1] 3.9 secs
				[larghezza_pagina tried 1/1] 3.9 secs
				[altezza_rettangolo tried 3/3] 3.9 secs
				[ascissa_rettangolo tried 3/3] 3.9 secs
				[ordinata_rettangolo tried 3/3] 3.9 secs
				[larghezza_rettangolo tried 3/3] 4.0 secs

	Save clause ending with to_right(D,E) (cover 5, accuracy 83%)

	Save to_right(E,F) (11,16 value 40.8)

Best literal to_right(D,E) (8.6 bits)


State (20096/21248 [5/6], 14.5 bits available)

				[= tried 6/6] 4.0 secs
				[tipo_testo tried 2/4] 4.0 secs
				[tipo_linea_orizzontale tried 4/4] 4.0 secs
				[tipo_misto tried 4/4] 4.0 secs
				[tipo_linea_obbliqua tried 4/4] 4.0 secs
				[tipo_immagine tried 4/4] 4.0 secs
				[tipo_vuoto tried 4/4] 4.0 secs
				[ultima_pagina tried 1/1] 4.0 secs
				[frame tried 7/8] 4.0 secs
				[pagina_1 tried 2/3] 4.0 secs
				[on_top tried 15/18] 4.0 secs
				[to_right tried 7/18] 4.0 secs

	Save clause ending with to_right(E,G) (cover 5, accuracy 100%)

Best literal to_right(E,G) (8.6 bits)

Initial clause (0 errs): class_jmlr(A) :- pagina_1(A,B), frame(B,C), to_right(C,D), tipo_testo(D), tipo_testo(C), allineato_al_centro_orizzontale(E,C), on_top(C,D), on_top(D,F), to_right(D,E), to_right(E,G).
		frame(B,C) needed for binding to_right(C,D)
		pagina_1(A,B) needed for binding frame(B,C)

Clause 3: class_jmlr(A) :- pagina_1(A,B), frame(B,C), to_right(C,D), tipo_testo(C), allineato_al_centro_orizzontale(E,C), on_top(C,D), to_right(D,E), to_right(E,F).

State (7/235, 59.5 bits available)

				[pagina_1 tried 1/1] 4.1 secs
				[numero_pagine tried 1/1] 4.1 secs

Best literal pagina_1(A,B) (1.0 bits)


State (14/470 [7/235], 58.5 bits available, 1 weak literal)

				[ultima_pagina tried 1/1] 4.1 secs
				[frame tried 1/1] 4.1 secs
				[pagina_1 tried 1/3] 4.1 secs
				[numero_pagine tried 1/1] 4.1 secs
				[altezza_pagina tried 1/1] 4.1 secs
				[larghezza_pagina tried 1/1] 4.1 secs

Best literal frame(B,C) (2.6 bits)


State (412/9488 [7/235], 56.9 bits available, 2 weak literals)

				[tipo_testo tried 1/1] 4.1 secs
				[tipo_linea_orizzontale tried 1/1] 4.1 secs
				[tipo_misto tried 1/1] 4.1 secs
				[tipo_linea_obbliqua tried 1/1] 4.1 secs
				[tipo_immagine tried 1/1] 4.1 secs
				[tipo_vuoto tried 1/1] 4.1 secs
				[ultima_pagina tried 1/1] 4.1 secs
				[frame tried 1/3] 4.1 secs
				[pagina_1 tried 2/3] 4.1 secs
				[on_top tried 2/2] 4.1 secs
				[to_right tried 2/2] 4.1 secs
				[allineato_al_centro_verticale tried 2/2] 4.1 secs
				[allineato_al_centro_orizzontale tried 2/2] 4.1 secs
				[numero_pagine tried 1/1] 4.1 secs
				[altezza_pagina tried 1/1] 4.1 secs
				[larghezza_pagina tried 1/1] 4.1 secs
				[altezza_rettangolo tried 1/1] 4.1 secs
				[ascissa_rettangolo tried 1/1] 4.1 secs
				[ordinata_rettangolo tried 1/1] 4.1 secs
				[larghezza_rettangolo tried 1/1] 4.1 secs

Best literal to_right(C,D) (5.3 bits)


State (4736/69024 [7/234], 53.2 bits available)

				[= tried 1/1] 4.1 secs
				[tipo_testo tried 2/2] 4.1 secs
				[tipo_linea_orizzontale tried 2/2] 4.1 secs
				[tipo_misto tried 2/2] 4.1 secs
				[tipo_linea_obbliqua tried 2/2] 4.1 secs
				[tipo_immagine tried 2/2] 4.1 secs
				[tipo_vuoto tried 2/2] 4.1 secs
				[ultima_pagina tried 1/1] 4.1 secs
				[frame tried 4/5] 4.1 secs
				[pagina_1 tried 2/3] 4.1 secs
				[on_top tried 6/6] 4.2 secs
				[to_right tried 4/6] 4.2 secs
				[allineato_al_centro_verticale tried 6/6] 4.2 secs
				[allineato_al_centro_orizzontale tried 6/6] 4.2 secs
				[numero_pagine tried 1/1] 4.2 secs
				[altezza_pagina tried 1/1] 4.2 secs
				[larghezza_pagina tried 1/1] 4.2 secs
				[altezza_rettangolo tried 2/2] 4.2 secs
				[ascissa_rettangolo tried 2/2] 4.2 secs
				[ordinata_rettangolo tried 2/2] 4.2 secs
				[larghezza_rettangolo tried 2/2] 4.2 secs

Best literal tipo_testo(D) (5.4 bits)


State (4608/50304 [7/232], 49.8 bits available)

				[= tried 1/1] 4.2 secs
				[tipo_testo tried 1/2] 4.2 secs
				[tipo_linea_orizzontale tried 2/2] 4.2 secs
				[tipo_misto tried 2/2] 4.2 secs
				[tipo_linea_obbliqua tried 2/2] 4.2 secs
				[tipo_immagine tried 2/2] 4.2 secs
				[tipo_vuoto tried 2/2] 4.2 secs
				[ultima_pagina tried 1/1] 4.2 secs
				[frame tried 4/5] 4.3 secs
				[pagina_1 tried 2/3] 4.3 secs
				[on_top tried 6/6] 4.3 secs
				[to_right tried 5/6] 4.3 secs
				[allineato_al_centro_verticale tried 6/6] 4.3 secs
				[allineato_al_centro_orizzontale tried 5/6] 4.3 secs
				[numero_pagine tried 1/1] 4.3 secs
				[altezza_pagina tried 1/1] 4.3 secs
				[larghezza_pagina tried 1/1] 4.3 secs
				[altezza_rettangolo tried 2/2] 4.3 secs
				[ascissa_rettangolo tried 2/2] 4.3 secs
				[ordinata_rettangolo tried 2/2] 4.3 secs
				[larghezza_rettangolo tried 2/2] 4.3 secs

Best literal tipo_testo(C) (5.4 bits)


State (4512/42344 [7/232], 46.7 bits available)

				[= tried 1/1] 4.3 secs
				[tipo_testo tried 0/2] 4.3 secs
				[tipo_linea_orizzontale tried 2/2] 4.3 secs
				[tipo_misto tried 2/2] 4.3 secs
				[tipo_linea_obbliqua tried 2/2] 4.3 secs
				[tipo_immagine tried 2/2] 4.3 secs
				[tipo_vuoto tried 2/2] 4.3 secs
				[ultima_pagina tried 1/1] 4.3 secs
				[frame tried 4/5] 4.4 secs
				[pagina_1 tried 2/3] 4.4 secs
				[on_top tried 6/6] 4.4 secs
				[to_right tried 5/6] 4.4 secs
				[allineato_al_centro_verticale tried 6/6] 4.4 secs
				[allineato_al_centro_orizzontale tried 5/6] 4.4 secs
				[numero_pagine tried 1/1] 4.4 secs
				[altezza_pagina tried 1/1] 4.4 secs
				[larghezza_pagina tried 1/1] 4.4 secs
				[altezza_rettangolo tried 2/2] 4.4 secs
				[ascissa_rettangolo tried 2/2] 4.4 secs
				[ordinata_rettangolo tried 2/2] 4.4 secs
				[larghezza_rettangolo tried 2/2] 4.4 secs

Best literal allineato_al_centro_orizzontale(C,E) (7.0 bits)


State (816/2064 [6/15], 36.3 bits available)

				[= tried 3/3] 4.4 secs
				[tipo_testo tried 1/3] 4.4 secs
				[tipo_linea_orizzontale tried 3/3] 4.4 secs
				[tipo_misto tried 3/3] 4.4 secs
				[tipo_linea_obbliqua tried 3/3] 4.4 secs
				[tipo_immagine tried 3/3] 4.4 secs
				[tipo_vuoto tried 3/3] 4.4 secs
				[ultima_pagina tried 1/1] 4.4 secs
				[frame tried 6/7] 4.4 secs
				[pagina_1 tried 2/3] 4.4 secs
				[on_top tried 12/12] 4.4 secs
				[to_right tried 11/12] 4.4 secs
				[allineato_al_centro_verticale tried 8/12] 4.4 secs
				[allineato_al_centro_orizzontale tried 6/12] 4.4 secs
				[numero_pagine tried 1/1] 4.4 secs
				[altezza_pagina tried 1/1] 4.4 secs
				[larghezza_pagina tried 1/1] 4.4 secs
				[altezza_rettangolo tried 3/3] 4.4 secs
				[ascissa_rettangolo tried 3/3] 4.4 secs
				[ordinata_rettangolo tried 3/3] 4.4 secs
				[larghezza_rettangolo tried 3/3] 4.4 secs

	Save on_top(E,D) (6,14 value 22.7)
	Save to_right(E,F) (6,14 value 22.7)
	Save on_top(C,F) (6,15 value 22.1)

Best literal on_top(C,D) (8.0 bits)


State (1440/2272 [6/14], 31.1 bits available)

				[= tried 3/3] 4.4 secs
				[tipo_testo tried 1/3] 4.4 secs
				[tipo_linea_orizzontale tried 3/3] 4.4 secs
				[tipo_misto tried 3/3] 4.4 secs
				[tipo_linea_obbliqua tried 3/3] 4.4 secs
				[tipo_immagine tried 3/3] 4.4 secs
				[tipo_vuoto tried 3/3] 4.4 secs
				[ultima_pagina tried 1/1] 4.4 secs
				[frame tried 6/7] 4.5 secs
				[pagina_1 tried 2/3] 4.5 secs
				[on_top tried 11/12] 4.5 secs
				[to_right tried 11/12] 4.5 secs
				[allineato_al_centro_verticale tried 8/12] 4.5 secs
				[allineato_al_centro_orizzontale tried 6/12] 4.5 secs
				[numero_pagine tried 1/1] 4.5 secs
				[altezza_pagina tried 1/1] 4.5 secs
				[larghezza_pagina tried 1/1] 4.5 secs
				[altezza_rettangolo tried 3/3] 4.5 secs
				[ascissa_rettangolo tried 3/3] 4.5 secs
				[ordinata_rettangolo tried 3/3] 4.5 secs
				[larghezza_rettangolo tried 3/3] 4.5 secs

	Save to_right(E,F) (6,13 value 23.3)
	Save to_right(D,F) (6,13 value 23.3)
	Save on_top(C,F) (6,14 value 22.7)

Best literal on_top(D,F) (8.0 bits)


State (17280/21824 [6/14], 26.2 bits available)

				[= tried 6/6] 4.5 secs
				[tipo_testo tried 2/4] 4.5 secs
				[tipo_linea_orizzontale tried 4/4] 4.5 secs
				[tipo_misto tried 4/4] 4.5 secs
				[tipo_linea_obbliqua tried 4/4] 4.5 secs
				[tipo_immagine tried 4/4] 4.5 secs
				[tipo_vuoto tried 4/4] 4.5 secs
				[ultima_pagina tried 1/1] 4.5 secs
				[frame tried 7/8] 4.5 secs
				[pagina_1 tried 2/3] 4.5 secs
				[on_top tried 15/18] 4.5 secs
				[to_right tried 17/18] 4.5 secs
				[allineato_al_centro_verticale tried 12/18] 4.5 secs
				[allineato_al_centro_orizzontale tried 10/18] 4.6 secs
				[numero_pagine tried 1/1] 4.6 secs
				[altezza_pagina tried 1/1] 4.6 secs
				[larghezza_pagina tried 1/1] 4.6 secs
				[altezza_rettangolo tried 3/3] 4.6 secs
				[ascissa_rettangolo tried 3/3] 4.6 secs
				[ordinata_rettangolo tried 3/3] 4.6 secs
				[larghezza_rettangolo tried 3/3] 4.6 secs

	Save to_right(C,F) (6,13 value 23.3)

Best literal allineato_al_centro_verticale(D,G) (8.6 bits)


State (31616/33152 [5/7], 14.5 bits available)

				[= tried 10/10] 4.6 secs
				[tipo_testo tried 3/5] 4.6 secs
				[tipo_linea_orizzontale tried 5/5] 4.6 secs
				[tipo_misto tried 5/5] 4.6 secs
				[tipo_linea_obbliqua tried 5/5] 4.6 secs
				[tipo_immagine tried 5/5] 4.6 secs
				[tipo_vuoto tried 5/5] 4.6 secs
				[ultima_pagina tried 1/1] 4.6 secs
				[frame tried 8/9] 4.6 secs
				[pagina_1 tried 2/3] 4.6 secs
				[on_top tried 23/26] 4.7 secs
				[to_right tried 25/26] 4.7 secs
				[allineato_al_centro_verticale tried 16/26] 4.7 secs
				[allineato_al_centro_orizzontale tried 16/26] 4.7 secs
				[numero_pagine tried 1/1] 4.7 secs
				[altezza_pagina tried 1/1] 4.7 secs
				[larghezza_pagina tried 1/1] 4.7 secs
				[altezza_rettangolo tried 3/3] 4.7 secs
				[ascissa_rettangolo tried 3/3] 4.8 secs
				[ordinata_rettangolo tried 3/3] 4.8 secs
				[larghezza_rettangolo tried 3/3] 4.8 secs

	Save clause ending with F=G (cover 5, accuracy 100%)

Best literal on_top(D,G) (9.1 bits)

[Replace by saved clause]

Initial clause (0 errs): class_jmlr(A) :- pagina_1(A,B), frame(B,C), to_right(C,D), tipo_testo(D), tipo_testo(C), allineato_al_centro_orizzontale(C,E), on_top(C,D), on_top(D,F), allineato_al_centro_verticale(D,G), F=G.
		frame(B,C) needed for binding to_right(C,D)
		pagina_1(A,B) needed for binding frame(B,C)

Clause 4: class_jmlr(A) :- pagina_1(A,B), frame(B,C), to_right(C,D), tipo_testo(C), allineato_al_centro_orizzontale(C,E), on_top(C,D), on_top(D,F), allineato_al_centro_verticale(D,F).

State (2/230, 26.3 bits available)

				[pagina_1 tried 1/1] 4.9 secs
				[numero_pagine tried 1/1] 4.9 secs

Best literal pagina_1(A,B) (1.0 bits)


State (4/460 [2/230], 25.3 bits available, 1 weak literal)

				[ultima_pagina tried 1/1] 4.9 secs
				[frame tried 1/1] 4.9 secs
				[pagina_1 tried 1/3] 4.9 secs
				[numero_pagine tried 1/1] 4.9 secs
				[altezza_pagina tried 1/1] 4.9 secs
				[larghezza_pagina tried 1/1] 4.9 secs

Best literal frame(B,C) (2.6 bits)


State (108/9184 [2/230], 23.7 bits available, 2 weak literals)

				[tipo_testo tried 1/1] 4.9 secs
				[tipo_linea_orizzontale tried 1/1] 4.9 secs
				[tipo_misto tried 1/1] 4.9 secs
				[tipo_linea_obbliqua tried 1/1] 4.9 secs
				[tipo_immagine tried 1/1] 4.9 secs
				[tipo_vuoto tried 1/1] 4.9 secs
				[ultima_pagina tried 1/1] 4.9 secs
				[frame tried 1/3] 4.9 secs
				[pagina_1 tried 2/3] 4.9 secs
				[on_top tried 2/2] 4.9 secs
				[to_right tried 2/2] 4.9 secs
				[allineato_al_centro_verticale tried 2/2] 4.9 secs
				[allineato_al_centro_orizzontale tried 2/2] 4.9 secs
				[numero_pagine tried 1/1] 4.9 secs
				[altezza_pagina tried 1/1] 4.9 secs
				[larghezza_pagina tried 1/1] 4.9 secs
				[altezza_rettangolo tried 1/1] 4.9 secs
				[ascissa_rettangolo tried 1/1] 4.9 secs
				[ordinata_rettangolo tried 1/1] 4.9 secs
				[larghezza_rettangolo tried 1/1] 4.9 secs

Best literal to_right(C,D) (5.3 bits)


State (1144/65432 [2/229], 20.0 bits available)

				[= tried 1/1] 4.9 secs
				[tipo_testo tried 2/2] 4.9 secs
				[tipo_linea_orizzontale tried 2/2] 4.9 secs
				[tipo_misto tried 2/2] 4.9 secs
				[tipo_linea_obbliqua tried 2/2] 4.9 secs
				[tipo_immagine tried 2/2] 4.9 secs
				[tipo_vuoto tried 2/2] 4.9 secs
				[ultima_pagina tried 1/1] 4.9 secs
				[frame tried 4/5] 4.9 secs
				[pagina_1 tried 2/3] 4.9 secs
				[on_top tried 6/6] 4.9 secs
				[to_right tried 4/6] 4.9 secs
				[allineato_al_centro_verticale tried 6/6] 4.9 secs
				[allineato_al_centro_orizzontale tried 6/6] 4.9 secs
				[numero_pagine tried 1/1] 4.9 secs
				[altezza_pagina tried 1/1] 4.9 secs
				[larghezza_pagina tried 1/1] 5.0 secs
				[altezza_rettangolo tried 2/2] 5.0 secs
				[ascissa_rettangolo tried 2/2] 5.0 secs
				[ordinata_rettangolo tried 2/2] 5.0 secs
				[larghezza_rettangolo tried 2/2] 5.0 secs

Best literal tipo_testo(D) (5.4 bits)


State (1080/46776 [2/227], 16.6 bits available)

				[= tried 1/1] 5.0 secs
				[tipo_testo tried 1/2] 5.0 secs
				[tipo_linea_orizzontale tried 2/2] 5.0 secs
				[tipo_misto tried 2/2] 5.0 secs
				[tipo_linea_obbliqua tried 2/2] 5.0 secs
				[tipo_immagine tried 2/2] 5.0 secs
				[tipo_vuoto tried 2/2] 5.0 secs
				[ultima_pagina tried 1/1] 5.0 secs
				[frame tried 4/5] 5.0 secs
				[pagina_1 tried 2/3] 5.0 secs
				[on_top tried 6/6] 5.0 secs
				[to_right tried 5/6] 5.0 secs
				[allineato_al_centro_verticale tried 6/6] 5.0 secs
				[allineato_al_centro_orizzontale tried 5/6] 5.0 secs
				[numero_pagine tried 1/1] 5.1 secs
				[altezza_pagina tried 1/1] 5.1 secs
				[larghezza_pagina tried 1/1] 5.1 secs
				[altezza_rettangolo tried 2/2] 5.1 secs
				[ascissa_rettangolo tried 2/2] 5.1 secs
				[ordinata_rettangolo tried 2/2] 5.1 secs
				[larghezza_rettangolo tried 2/2] 5.1 secs

Best literal allineato_al_centro_verticale(E,D) (7.0 bits)


State (2768/74464 [2/163], 12.0 bits available)

				[= tried 3/3] 5.1 secs
				[tipo_testo tried 2/3] 5.1 secs
				[tipo_linea_orizzontale tried 3/3] 5.1 secs
				[tipo_misto tried 3/3] 5.1 secs
				[tipo_linea_obbliqua tried 3/3] 5.1 secs
				[tipo_immagine tried 3/3] 5.1 secs
				[tipo_vuoto tried 3/3] 5.1 secs
				[ultima_pagina tried 1/1] 5.1 secs
				[frame tried 5/6] 5.1 secs
				[pagina_1 tried 2/3] 5.1 secs
				[on_top tried 10/10] 5.2 secs
				[to_right tried 9/10] 5.2 secs
				[allineato_al_centro_verticale tried 8/10] 5.2 secs
				[allineato_al_centro_orizzontale tried 6/10] 5.2 secs
				[numero_pagine tried 1/1] 5.2 secs
				[altezza_pagina tried 1/1] 5.2 secs
				[larghezza_pagina tried 1/1] 5.2 secs
				[altezza_rettangolo tried 2/2] 5.2 secs
				[ascissa_rettangolo tried 2/2] 5.2 secs
				[ordinata_rettangolo tried 2/2] 5.2 secs
				[larghezza_rettangolo tried 2/2] 5.2 secs

Best literal tipo_testo(C) (6.0 bits)


State (2624/46112 [2/157], 8.6 bits available)

				[= tried 3/3] 5.2 secs
				[tipo_testo tried 1/3] 5.2 secs
				[tipo_linea_orizzontale tried 3/3] 5.2 secs
				[tipo_misto tried 3/3] 5.2 secs
				[tipo_linea_obbliqua tried 3/3] 5.2 secs
				[tipo_immagine tried 3/3] 5.2 secs
				[tipo_vuoto tried 3/3] 5.2 secs
				[ultima_pagina tried 1/1] 5.2 secs
				[frame tried 5/6] 5.3 secs
				[pagina_1 tried 2/3] 5.3 secs
				[on_top tried 10/10] 5.3 secs
				[to_right tried 9/10] 5.3 secs
				[allineato_al_centro_verticale tried 8/10] 5.3 secs
				[allineato_al_centro_orizzontale tried 6/10] 5.3 secs
				[numero_pagine tried 1/1] 5.3 secs
				[altezza_pagina tried 1/1] 5.3 secs
				[larghezza_pagina tried 1/1] 5.3 secs
				[altezza_rettangolo tried 2/2] 5.3 secs
				[ascissa_rettangolo tried 2/2] 5.4 secs
				[ordinata_rettangolo tried 2/2] 5.4 secs
				[larghezza_rettangolo tried 2/2] 5.4 secs

Best literal allineato_al_centro_orizzontale(F,C) (7.7 bits)


State (608/1248 [2/6], 3.7 bits available)

				[= requires 8.0 bits]
				[tipo_testo tried 2/4] 5.4 secs
				[tipo_linea_orizzontale tried 4/4] 5.4 secs
				[tipo_misto tried 4/4] 5.4 secs
				[tipo_linea_obbliqua tried 4/4] 5.4 secs
				[tipo_immagine tried 4/4] 5.4 secs
				[tipo_vuoto tried 4/4] 5.4 secs
				[ultima_pagina tried 1/1] 5.4 secs
				[frame requires 7.4 bits]
				[pagina_1 tried 2/3] 5.4 secs
				[on_top requires 8.6 bits]
				[to_right requires 8.6 bits]
				[allineato_al_centro_verticale requires 8.6 bits]
				[allineato_al_centro_orizzontale requires 8.6 bits]
				[numero_pagine tried 1/1] 5.4 secs
				[altezza_pagina tried 1/1] 5.4 secs
				[larghezza_pagina tried 1/1] 5.4 secs
				[altezza_rettangolo tried 3/3] 5.4 secs
				[ascissa_rettangolo tried 3/3] 5.4 secs
				[ordinata_rettangolo tried 3/3] 5.4 secs
				[larghezza_rettangolo tried 3/3] 5.4 secs

No literals

Initial clause (4 errs): class_jmlr(A) :- pagina_1(A,B), frame(B,C), to_right(C,D), tipo_testo(D), allineato_al_centro_verticale(E,D), tipo_testo(C), allineato_al_centro_orizzontale(F,C).
		to_right(C,D) needed for binding allineato_al_centro_verticale(E,D)
		frame(B,C) needed for binding to_right(C,D)
		pagina_1(A,B) needed for binding frame(B,C)

Clause too inaccurate (2/6)

Delete clauses
	class_jmlr(A) :- pagina_1(A,B), frame(B,C), tipo_testo(C), allineato_al_centro_orizzontale(D,C), on_top(C,E), to_right(C,D), to_right(D,E), to_right(E,F).
	class_jmlr(A) :- pagina_1(A,B), frame(B,C), to_right(C,D), tipo_testo(C), allineato_al_centro_orizzontale(C,E), on_top(C,D), to_right(D,F), on_top(D,F), allineato_al_centro_verticale(G,E), on_top(C,G).

***  Warning: the following definition
***  does not cover 2 tuples in the relation

class_jmlr(A) :- pagina_1(A,B), frame(B,C), to_right(C,D), tipo_testo(C), allineato_al_centro_orizzontale(C,E), on_top(C,D), to_right(D,F), allineato_al_centro_verticale(D,F).
class_jmlr(A) :- pagina_1(A,B), frame(B,C), to_right(C,D), tipo_testo(C), allineato_al_centro_orizzontale(E,C), on_top(C,D), to_right(D,E), to_right(E,F).
class_jmlr(A) :- pagina_1(A,B), frame(B,C), to_right(C,D), tipo_testo(C), allineato_al_centro_orizzontale(C,E), on_top(C,D), on_top(D,F), allineato_al_centro_verticale(D,F).

Time 5.5 secs

Test relation class_jmlr
    (+)	manevitz01a
Summary: 1 error in 35 trials
