FOIL 6.4   [January 1996]
--------

    Options:
	no negated literals
	verbosity level 2

Types Documento and Pagina are not compatible
Types Documento and Frame are not compatible
Types Documento and NumeroPagine are not compatible
Types Documento and LarghezzaPagina are not compatible
Types Documento and AltezzaPagina are not compatible
Types Documento and AscissaRettangolo are not compatible
Types Documento and OrdinataRettangolo are not compatible
Types Documento and LarghezzaRettangolo are not compatible
Types Documento and AltezzaRettangolo are not compatible
Types Pagina and Frame are not compatible
Types Pagina and NumeroPagine are not compatible
Types Pagina and LarghezzaPagina are not compatible
Types Pagina and AltezzaPagina are not compatible
Types Pagina and AscissaRettangolo are not compatible
Types Pagina and OrdinataRettangolo are not compatible
Types Pagina and LarghezzaRettangolo are not compatible
Types Pagina and AltezzaRettangolo are not compatible
Types Frame and NumeroPagine are not compatible
Types Frame and LarghezzaPagina are not compatible
Types Frame and AltezzaPagina are not compatible
Types Frame and AscissaRettangolo are not compatible
Types Frame and OrdinataRettangolo are not compatible
Types Frame and LarghezzaRettangolo are not compatible
Types Frame and AltezzaRettangolo are not compatible
Types NumeroPagine and LarghezzaPagina are not compatible
Types NumeroPagine and AltezzaPagina are not compatible
Types NumeroPagine and AscissaRettangolo are not compatible
Types NumeroPagine and OrdinataRettangolo are not compatible
Types NumeroPagine and LarghezzaRettangolo are not compatible
Types NumeroPagine and AltezzaRettangolo are not compatible
Types LarghezzaPagina and AltezzaPagina are not compatible
Types LarghezzaPagina and AscissaRettangolo are not compatible
Types LarghezzaPagina and OrdinataRettangolo are not compatible
Types LarghezzaPagina and LarghezzaRettangolo are not compatible
Types LarghezzaPagina and AltezzaRettangolo are not compatible
Types AltezzaPagina and AscissaRettangolo are not compatible
Types AltezzaPagina and OrdinataRettangolo are not compatible
Types AltezzaPagina and LarghezzaRettangolo are not compatible
Types AltezzaPagina and AltezzaRettangolo are not compatible
Types AscissaRettangolo and OrdinataRettangolo are not compatible
Types AscissaRettangolo and LarghezzaRettangolo are not compatible
Types AscissaRettangolo and AltezzaRettangolo are not compatible
Types OrdinataRettangolo and LarghezzaRettangolo are not compatible
Types OrdinataRettangolo and AltezzaRettangolo are not compatible
Types LarghezzaRettangolo and AltezzaRettangolo are not compatible

Relation class_jmlr

Relation *allineato_al_centro_orizzontale
    (warning: contains duplicate positive tuples)

Relation *allineato_al_centro_verticale
    (warning: contains duplicate positive tuples)

Relation *altezza_pagina
    (warning: contains duplicate positive tuples)

Relation *larghezza_pagina
    (warning: contains duplicate positive tuples)

Relation *altezza_rettangolo
    (warning: contains duplicate positive tuples)

Relation *ascissa_rettangolo
    (warning: contains duplicate positive tuples)

Relation *ordinata_rettangolo
    (warning: contains duplicate positive tuples)

Relation *larghezza_rettangolo
    (warning: contains duplicate positive tuples)

Relation *frame
    (warning: contains duplicate positive tuples)

Relation *numero_pagine
    (warning: contains duplicate positive tuples)

Relation *on_top
    (warning: contains duplicate positive tuples)

Relation *to_right
    (warning: contains duplicate positive tuples)

Relation *pagina_1
    (warning: contains duplicate positive tuples)

Relation *ultima_pagina

Relation *tipo_immagine

Relation *tipo_linea_obbliqua

Relation *tipo_linea_orizzontale

Relation *tipo_misto

Relation *tipo_testo

Relation *tipo_vuoto

----------
class_jmlr:

State (90/318, 305.0 bits available)

				[pagina_1 tried 1/1] 0.2 secs
				[numero_pagine tried 1/1] 0.2 secs

Best literal pagina_1(A,B) (1.0 bits)


State (180/636 [90/318], 304.0 bits available, 1 weak literal)

				[ultima_pagina tried 1/1] 0.2 secs
				[frame tried 1/1] 0.2 secs
				[pagina_1 tried 1/3] 0.2 secs
				[numero_pagine tried 1/1] 0.2 secs
				[altezza_pagina tried 1/1] 0.2 secs
				[larghezza_pagina tried 1/1] 0.2 secs

Best literal frame(B,C) (2.6 bits)


State (4908/13992 [90/318], 302.5 bits available, 2 weak literals)

				[tipo_testo tried 1/1] 0.2 secs
				[tipo_linea_orizzontale tried 1/1] 0.2 secs
				[tipo_misto tried 1/1] 0.2 secs
				[tipo_linea_obbliqua tried 1/1] 0.2 secs
				[tipo_immagine tried 1/1] 0.2 secs
				[tipo_vuoto tried 1/1] 0.2 secs
				[ultima_pagina tried 1/1] 0.2 secs
				[frame tried 1/3] 0.2 secs
				[pagina_1 tried 2/3] 0.2 secs
				[on_top tried 2/2] 0.2 secs
				[to_right tried 2/2] 0.2 secs
				[allineato_al_centro_verticale tried 2/2] 0.2 secs
				[allineato_al_centro_orizzontale tried 2/2] 0.2 secs
				[numero_pagine tried 1/1] 0.2 secs
				[altezza_pagina tried 1/1] 0.2 secs
				[larghezza_pagina tried 1/1] 0.2 secs
				[altezza_rettangolo tried 1/1] 0.2 secs
				[ascissa_rettangolo tried 1/1] 0.2 secs
				[ordinata_rettangolo tried 1/1] 0.2 secs
				[larghezza_rettangolo tried 1/1] 0.2 secs

	Save clause ending with tipo_vuoto(C) (cover 1, accuracy 100%)

Best literal tipo_testo(C) (4.3 bits)


State (4812/12204 [90/318], 299.7 bits available)

				[tipo_testo tried 0/1] 0.2 secs
				[tipo_linea_orizzontale tried 1/1] 0.2 secs
				[tipo_misto tried 1/1] 0.2 secs
				[tipo_linea_obbliqua tried 1/1] 0.2 secs
				[tipo_immagine tried 1/1] 0.2 secs
				[tipo_vuoto tried 1/1] 0.2 secs
				[ultima_pagina tried 1/1] 0.2 secs
				[frame tried 2/3] 0.2 secs
				[pagina_1 tried 2/3] 0.2 secs
				[on_top tried 2/2] 0.2 secs
				[to_right tried 2/2] 0.2 secs
				[allineato_al_centro_verticale tried 2/2] 0.2 secs
				[allineato_al_centro_orizzontale tried 2/2] 0.2 secs
				[numero_pagine tried 1/1] 0.2 secs
				[altezza_pagina tried 1/1] 0.2 secs
				[larghezza_pagina tried 1/1] 0.2 secs
				[altezza_rettangolo tried 1/1] 0.2 secs
				[ascissa_rettangolo tried 1/1] 0.2 secs
				[ordinata_rettangolo tried 1/1] 0.2 secs
				[larghezza_rettangolo tried 1/1] 0.2 secs

Best literal to_right(D,C) (5.3 bits)


State (54768/99256 [90/314], 296.4 bits available)

				[= tried 1/1] 0.2 secs
				[tipo_testo tried 1/2] 0.2 secs
				[tipo_linea_orizzontale tried 2/2] 0.2 secs
				[tipo_misto tried 2/2] 0.2 secs
				[tipo_linea_obbliqua tried 2/2] 0.2 secs
				[tipo_immagine tried 2/2] 0.2 secs
				[tipo_vuoto tried 2/2] 0.2 secs
				[ultima_pagina tried 1/1] 0.2 secs
				[frame tried 4/5] 0.2 secs
				[pagina_1 tried 2/3] 0.3 secs
				[on_top tried 6/6] 0.3 secs
				[to_right tried 4/6] 0.3 secs
				[allineato_al_centro_verticale tried 6/6] 0.3 secs
				[allineato_al_centro_orizzontale tried 6/6] 0.3 secs
				[numero_pagine tried 1/1] 0.3 secs
				[altezza_pagina tried 1/1] 0.3 secs
				[larghezza_pagina tried 1/1] 0.3 secs
				[altezza_rettangolo tried 2/2] 0.3 secs
				[ascissa_rettangolo tried 2/2] 0.3 secs
				[ordinata_rettangolo tried 2/2] 0.4 secs
				[larghezza_rettangolo tried 2/2] 0.4 secs

Best literal tipo_testo(D) (5.4 bits)


State (53504/90168 [90/314], 293.3 bits available)

				[= tried 1/1] 0.4 secs
				[tipo_testo tried 0/2] 0.4 secs
				[tipo_linea_orizzontale tried 2/2] 0.4 secs
				[tipo_misto tried 2/2] 0.4 secs
				[tipo_linea_obbliqua tried 2/2] 0.4 secs
				[tipo_immagine tried 2/2] 0.4 secs
				[tipo_vuoto tried 2/2] 0.4 secs
				[ultima_pagina tried 1/1] 0.4 secs
				[frame tried 4/5] 0.4 secs
				[pagina_1 tried 2/3] 0.4 secs
				[on_top tried 6/6] 0.4 secs
				[to_right tried 5/6] 0.5 secs
				[allineato_al_centro_verticale tried 6/6] 0.5 secs
				[allineato_al_centro_orizzontale tried 6/6] 0.5 secs
				[numero_pagine tried 1/1] 0.5 secs
				[altezza_pagina tried 1/1] 0.5 secs
				[larghezza_pagina tried 1/1] 0.5 secs
				[altezza_rettangolo tried 2/2] 0.5 secs
				[ascissa_rettangolo tried 2/2] 0.5 secs
				[ordinata_rettangolo tried 2/2] 0.5 secs
				[larghezza_rettangolo tried 2/2] 0.5 secs

Best literal allineato_al_centro_orizzontale(E,D) (7.0 bits)


State (9920/10528 [90/100], 288.9 bits available)

				[= tried 3/3] 0.5 secs
				[tipo_testo tried 1/3] 0.5 secs
				[tipo_linea_orizzontale tried 3/3] 0.5 secs
				[tipo_misto tried 3/3] 0.5 secs
				[tipo_linea_obbliqua tried 3/3] 0.5 secs
				[tipo_immagine tried 3/3] 0.5 secs
				[tipo_vuoto tried 3/3] 0.5 secs
				[ultima_pagina tried 1/1] 0.5 secs
				[frame tried 5/6] 0.5 secs
				[pagina_1 tried 2/3] 0.5 secs
				[on_top tried 10/10] 0.5 secs
				[to_right tried 9/10] 0.6 secs
				[allineato_al_centro_verticale tried 6/10] 0.6 secs
				[allineato_al_centro_orizzontale tried 4/10] 0.6 secs
				[numero_pagine tried 1/1] 0.6 secs
				[altezza_pagina tried 1/1] 0.6 secs
				[larghezza_pagina tried 1/1] 0.6 secs
				[altezza_rettangolo tried 2/2] 0.6 secs
				[ascissa_rettangolo tried 2/2] 0.6 secs
				[ordinata_rettangolo tried 2/2] 0.6 secs
				[larghezza_rettangolo tried 2/2] 0.6 secs

	Save to_right(D,E) (55,58 value 95.4)
	Save on_top(D,C) (90,97 value 153.2)
	Save on_top(E,C) (90,97 value 153.2)

Best literal to_right(C,F) (7.7 bits)


State (65888/67360 [84/91], 274.8 bits available)

				[= tried 6/6] 0.6 secs
				[tipo_testo tried 2/4] 0.6 secs
				[tipo_linea_orizzontale tried 4/4] 0.6 secs
				[tipo_misto tried 4/4] 0.6 secs
				[tipo_linea_obbliqua tried 4/4] 0.6 secs
				[tipo_immagine tried 4/4] 0.6 secs
				[tipo_vuoto tried 4/4] 0.6 secs
				[ultima_pagina tried 1/1] 0.6 secs
				[frame tried 7/8] 0.6 secs
				[pagina_1 tried 2/3] 0.6 secs
				[on_top tried 18/18] 0.7 secs
				[to_right tried 15/18] 0.8 secs
				[allineato_al_centro_verticale tried 12/18] 0.8 secs
				[allineato_al_centro_orizzontale tried 7/18] 0.8 secs
				[numero_pagine tried 1/1] 0.8 secs
				[altezza_pagina tried 1/1] 0.8 secs
				[larghezza_pagina tried 1/1] 0.8 secs
				[altezza_rettangolo tried 3/3] 0.8 secs
				[ascissa_rettangolo tried 3/3] 0.8 secs
				[ordinata_rettangolo tried 3/3] 0.8 secs
				[larghezza_rettangolo tried 3/3] 0.9 secs

Best literal to_right(C,E) (8.6 bits)


State (96128/96448 [55/56], 210.5 bits available)

				[= tried 6/6] 0.9 secs
				[tipo_testo tried 2/4] 0.9 secs
				[tipo_linea_orizzontale tried 4/4] 0.9 secs
				[tipo_misto tried 4/4] 0.9 secs
				[tipo_linea_obbliqua tried 4/4] 0.9 secs
				[tipo_immagine tried 4/4] 0.9 secs
				[tipo_vuoto tried 4/4] 0.9 secs
				[ultima_pagina tried 1/1] 0.9 secs
				[frame tried 7/8] 0.9 secs
				[pagina_1 tried 2/3] 0.9 secs
				[on_top tried 18/18] 1.0 secs
				[to_right tried 14/18] 1.0 secs
				[allineato_al_centro_verticale tried 12/18] 1.0 secs
				[allineato_al_centro_orizzontale tried 8/18] 1.1 secs
				[numero_pagine tried 1/1] 1.1 secs
				[altezza_pagina tried 1/1] 1.1 secs
				[larghezza_pagina tried 1/1] 1.1 secs
				[altezza_rettangolo tried 3/3] 1.1 secs
				[ascissa_rettangolo tried 3/3] 1.1 secs
				[ordinata_rettangolo tried 3/3] 1.1 secs
				[larghezza_rettangolo tried 3/3] 1.1 secs

	Save clause ending with tipo_testo(E) (cover 54, accuracy 100%)

Best literal tipo_testo(E) (6.4 bits)

Initial clause (0 errs): class_jmlr(A) :- pagina_1(A,B), frame(B,C), tipo_testo(C), to_right(D,C), tipo_testo(D), allineato_al_centro_orizzontale(E,D), to_right(C,F), to_right(C,E), tipo_testo(E).
		to_right(D,C) needed for binding allineato_al_centro_orizzontale(E,D)
		frame(B,C) needed for binding to_right(D,C)
		pagina_1(A,B) needed for binding frame(B,C)

Clause 0: class_jmlr(A) :- pagina_1(A,B), frame(B,C), to_right(D,C), allineato_al_centro_orizzontale(E,D), to_right(C,E), tipo_testo(E).

State (36/264, 183.2 bits available)

				[pagina_1 tried 1/1] 1.2 secs
				[numero_pagine tried 1/1] 1.2 secs

Best literal pagina_1(A,B) (1.0 bits)


State (72/528 [36/264], 182.2 bits available, 1 weak literal)

				[ultima_pagina tried 1/1] 1.2 secs
				[frame tried 1/1] 1.2 secs
				[pagina_1 tried 1/3] 1.2 secs
				[numero_pagine tried 1/1] 1.2 secs
				[altezza_pagina tried 1/1] 1.2 secs
				[larghezza_pagina tried 1/1] 1.2 secs

Best literal frame(B,C) (2.6 bits)


State (1964/11048 [36/264], 180.6 bits available, 2 weak literals)

				[tipo_testo tried 1/1] 1.2 secs
				[tipo_linea_orizzontale tried 1/1] 1.2 secs
				[tipo_misto tried 1/1] 1.2 secs
				[tipo_linea_obbliqua tried 1/1] 1.2 secs
				[tipo_immagine tried 1/1] 1.2 secs
				[tipo_vuoto tried 1/1] 1.2 secs
				[ultima_pagina tried 1/1] 1.2 secs
				[frame tried 1/3] 1.2 secs
				[pagina_1 tried 2/3] 1.2 secs
				[on_top tried 2/2] 1.2 secs
				[to_right tried 2/2] 1.2 secs
				[allineato_al_centro_verticale tried 2/2] 1.2 secs
				[allineato_al_centro_orizzontale tried 2/2] 1.2 secs
				[numero_pagine tried 1/1] 1.2 secs
				[altezza_pagina tried 1/1] 1.2 secs
				[larghezza_pagina tried 1/1] 1.2 secs
				[altezza_rettangolo tried 1/1] 1.2 secs
				[ascissa_rettangolo tried 1/1] 1.2 secs
				[ordinata_rettangolo tried 1/1] 1.2 secs
				[larghezza_rettangolo tried 1/1] 1.2 secs

Best literal to_right(C,D) (5.3 bits)


State (22352/85456 [36/263], 176.8 bits available)

				[= tried 1/1] 1.2 secs
				[tipo_testo tried 2/2] 1.2 secs
				[tipo_linea_orizzontale tried 2/2] 1.2 secs
				[tipo_misto tried 2/2] 1.2 secs
				[tipo_linea_obbliqua tried 2/2] 1.2 secs
				[tipo_immagine tried 2/2] 1.2 secs
				[tipo_vuoto tried 2/2] 1.2 secs
				[ultima_pagina tried 1/1] 1.2 secs
				[frame tried 4/5] 1.2 secs
				[pagina_1 tried 2/3] 1.2 secs
				[on_top tried 6/6] 1.3 secs
				[to_right tried 4/6] 1.3 secs
				[allineato_al_centro_verticale tried 6/6] 1.3 secs
				[allineato_al_centro_orizzontale tried 6/6] 1.3 secs
				[numero_pagine tried 1/1] 1.3 secs
				[altezza_pagina tried 1/1] 1.3 secs
				[larghezza_pagina tried 1/1] 1.3 secs
				[altezza_rettangolo tried 2/2] 1.3 secs
				[ascissa_rettangolo tried 2/2] 1.3 secs
				[ordinata_rettangolo tried 2/2] 1.3 secs
				[larghezza_rettangolo tried 2/2] 1.3 secs

Best literal tipo_testo(D) (5.4 bits)


State (21992/66480 [36/260], 173.4 bits available)

				[= tried 1/1] 1.3 secs
				[tipo_testo tried 1/2] 1.3 secs
				[tipo_linea_orizzontale tried 2/2] 1.3 secs
				[tipo_misto tried 2/2] 1.3 secs
				[tipo_linea_obbliqua tried 2/2] 1.3 secs
				[tipo_immagine tried 2/2] 1.3 secs
				[tipo_vuoto tried 2/2] 1.3 secs
				[ultima_pagina tried 1/1] 1.3 secs
				[frame tried 4/5] 1.4 secs
				[pagina_1 tried 2/3] 1.4 secs
				[on_top tried 6/6] 1.4 secs
				[to_right tried 5/6] 1.4 secs
				[allineato_al_centro_verticale tried 6/6] 1.4 secs
				[allineato_al_centro_orizzontale tried 5/6] 1.4 secs
				[numero_pagine tried 1/1] 1.4 secs
				[altezza_pagina tried 1/1] 1.4 secs
				[larghezza_pagina tried 1/1] 1.4 secs
				[altezza_rettangolo tried 2/2] 1.4 secs
				[ascissa_rettangolo tried 2/2] 1.4 secs
				[ordinata_rettangolo tried 2/2] 1.4 secs
				[larghezza_rettangolo tried 2/2] 1.4 secs

	Save clause ending with allineato_al_centro_orizzontale(E,D) (cover 35, accuracy 81%)

	Save allineato_al_centro_orizzontale(E,D) (35,43 value 89.3)

Best literal tipo_testo(C) (5.4 bits)


State (21720/58384 [36/260], 170.4 bits available)

				[= tried 1/1] 1.5 secs
				[tipo_testo tried 0/2] 1.5 secs
				[tipo_linea_orizzontale tried 2/2] 1.5 secs
				[tipo_misto tried 2/2] 1.5 secs
				[tipo_linea_obbliqua tried 2/2] 1.5 secs
				[tipo_immagine tried 2/2] 1.5 secs
				[tipo_vuoto tried 2/2] 1.5 secs
				[ultima_pagina tried 1/1] 1.5 secs
				[frame tried 4/5] 1.5 secs
				[pagina_1 tried 2/3] 1.5 secs
				[on_top tried 6/6] 1.5 secs
				[to_right tried 5/6] 1.5 secs
				[allineato_al_centro_verticale tried 6/6] 1.5 secs
				[allineato_al_centro_orizzontale tried 5/6] 1.5 secs
				[numero_pagine tried 1/1] 1.5 secs
				[altezza_pagina tried 1/1] 1.5 secs
				[larghezza_pagina tried 1/1] 1.5 secs
				[altezza_rettangolo tried 2/2] 1.5 secs
				[ascissa_rettangolo tried 2/2] 1.6 secs
				[ordinata_rettangolo tried 2/2] 1.6 secs
				[larghezza_rettangolo tried 2/2] 1.6 secs

	Save allineato_al_centro_orizzontale(E,D) (35,43 value 89.3)

Best literal allineato_al_centro_orizzontale(C,E) (7.0 bits)


State (5168/6144 [35/43], 162.7 bits available)

				[= tried 3/3] 1.6 secs
				[tipo_testo tried 1/3] 1.6 secs
				[tipo_linea_orizzontale tried 3/3] 1.6 secs
				[tipo_misto tried 3/3] 1.6 secs
				[tipo_linea_obbliqua tried 3/3] 1.6 secs
				[tipo_immagine tried 3/3] 1.6 secs
				[tipo_vuoto tried 3/3] 1.6 secs
				[ultima_pagina tried 1/1] 1.6 secs
				[frame tried 6/7] 1.6 secs
				[pagina_1 tried 2/3] 1.6 secs
				[on_top tried 12/12] 1.6 secs
				[to_right tried 11/12] 1.6 secs
				[allineato_al_centro_verticale tried 8/12] 1.6 secs
				[allineato_al_centro_orizzontale tried 6/12] 1.6 secs
				[numero_pagine tried 1/1] 1.6 secs
				[altezza_pagina tried 1/1] 1.6 secs
				[larghezza_pagina tried 1/1] 1.6 secs
				[altezza_rettangolo tried 3/3] 1.6 secs
				[ascissa_rettangolo tried 3/3] 1.6 secs
				[ordinata_rettangolo tried 3/3] 1.6 secs
				[larghezza_rettangolo tried 3/3] 1.6 secs

	Save clause ending with on_top(C,D) (cover 35, accuracy 83%)

	Save on_top(E,D) (35,42 value 90.4)
	Save to_right(D,F) (35,43 value 89.3)

Best literal on_top(C,D) (8.0 bits)


State (8928/9632 [35/42], 157.5 bits available)

				[= tried 3/3] 1.6 secs
				[tipo_testo tried 1/3] 1.6 secs
				[tipo_linea_orizzontale tried 3/3] 1.6 secs
				[tipo_misto tried 3/3] 1.6 secs
				[tipo_linea_obbliqua tried 3/3] 1.6 secs
				[tipo_immagine tried 3/3] 1.6 secs
				[tipo_vuoto tried 3/3] 1.6 secs
				[ultima_pagina tried 1/1] 1.6 secs
				[frame tried 6/7] 1.6 secs
				[pagina_1 tried 2/3] 1.6 secs
				[on_top tried 11/12] 1.6 secs
				[to_right tried 11/12] 1.6 secs
				[allineato_al_centro_verticale tried 8/12] 1.6 secs
				[allineato_al_centro_orizzontale tried 6/12] 1.6 secs
				[numero_pagine tried 1/1] 1.6 secs
				[altezza_pagina tried 1/1] 1.6 secs
				[larghezza_pagina tried 1/1] 1.6 secs
				[altezza_rettangolo tried 3/3] 1.6 secs
				[ascissa_rettangolo tried 3/3] 1.7 secs
				[ordinata_rettangolo tried 3/3] 1.7 secs
				[larghezza_rettangolo tried 3/3] 1.7 secs

	Save clause ending with allineato_al_centro_verticale(D,F) (cover 35, accuracy 97%)

	Save on_top(D,F) (35,42 value 90.4)
	Save allineato_al_centro_verticale(D,F) (35,36 value 98.0)

Best literal to_right(D,F) (8.0 bits)


State (72896/75328 [35/41], 152.6 bits available)

				[= tried 6/6] 1.7 secs
				[tipo_testo tried 2/4] 1.7 secs
				[tipo_linea_orizzontale tried 4/4] 1.7 secs
				[tipo_misto tried 4/4] 1.7 secs
				[tipo_linea_obbliqua tried 4/4] 1.7 secs
				[tipo_immagine tried 4/4] 1.7 secs
				[tipo_vuoto tried 4/4] 1.7 secs
				[ultima_pagina tried 1/1] 1.7 secs
				[frame tried 7/8] 1.7 secs
				[pagina_1 tried 2/3] 1.7 secs
				[on_top tried 17/18] 1.8 secs
				[to_right tried 15/18] 1.9 secs
				[allineato_al_centro_verticale tried 15/18] 1.9 secs
				[allineato_al_centro_orizzontale tried 10/18] 1.9 secs
				[numero_pagine tried 1/1] 1.9 secs
				[altezza_pagina tried 1/1] 1.9 secs
				[larghezza_pagina tried 1/1] 1.9 secs
				[altezza_rettangolo tried 3/3] 1.9 secs
				[ascissa_rettangolo tried 3/3] 2.0 secs
				[ordinata_rettangolo tried 3/3] 2.0 secs
				[larghezza_rettangolo tried 3/3] 2.0 secs

	Save to_right(F,E) (35,36 value 98.0)
	Save allineato_al_centro_verticale(G,E) (8,9 value 21.5)

Best literal on_top(D,F) (8.6 bits)


State (65792/67072 [35/41], 147.2 bits available)

				[= tried 6/6] 2.0 secs
				[tipo_testo tried 2/4] 2.0 secs
				[tipo_linea_orizzontale tried 4/4] 2.0 secs
				[tipo_misto tried 4/4] 2.0 secs
				[tipo_linea_obbliqua tried 4/4] 2.0 secs
				[tipo_immagine tried 4/4] 2.0 secs
				[tipo_vuoto tried 4/4] 2.0 secs
				[ultima_pagina tried 1/1] 2.0 secs
				[frame tried 7/8] 2.1 secs
				[pagina_1 tried 2/3] 2.1 secs
				[on_top tried 16/18] 2.1 secs
				[to_right tried 16/18] 2.2 secs
				[allineato_al_centro_verticale tried 18/18] 2.2 secs
				[allineato_al_centro_orizzontale tried 10/18] 2.2 secs
				[numero_pagine tried 1/1] 2.2 secs
				[altezza_pagina tried 1/1] 2.2 secs
				[larghezza_pagina tried 1/1] 2.2 secs
				[altezza_rettangolo tried 3/3] 2.2 secs
				[ascissa_rettangolo tried 3/3] 2.3 secs
				[ordinata_rettangolo tried 3/3] 2.3 secs
				[larghezza_rettangolo tried 3/3] 2.3 secs

Best literal allineato_al_centro_verticale(G,E) (8.6 bits)


State (25856/26112 [7/8], 21.6 bits available)

				[= tried 10/10] 2.3 secs
				[tipo_testo tried 3/5] 2.3 secs
				[tipo_linea_orizzontale tried 5/5] 2.3 secs
				[tipo_misto tried 5/5] 2.3 secs
				[tipo_linea_obbliqua tried 5/5] 2.3 secs
				[tipo_immagine tried 5/5] 2.3 secs
				[tipo_vuoto tried 5/5] 2.3 secs
				[ultima_pagina tried 1/1] 2.3 secs
				[frame tried 8/9] 2.3 secs
				[pagina_1 tried 2/3] 2.3 secs
				[on_top tried 4/26] 2.3 secs

	Save clause ending with on_top(C,G) (cover 7, accuracy 100%)

Best literal on_top(C,G) (9.1 bits)

Initial clause (0 errs): class_jmlr(A) :- pagina_1(A,B), frame(B,C), to_right(C,D), tipo_testo(D), tipo_testo(C), allineato_al_centro_orizzontale(C,E), on_top(C,D), to_right(D,F), on_top(D,F), allineato_al_centro_verticale(G,E), on_top(C,G).
		allineato_al_centro_orizzontale(C,E) needed for binding allineato_al_centro_verticale(G,E)
		frame(B,C) needed for binding tipo_testo(C)
		pagina_1(A,B) needed for binding frame(B,C)

Clause 1: class_jmlr(A) :- pagina_1(A,B), frame(B,C), tipo_testo(C), allineato_al_centro_orizzontale(C,D), allineato_al_centro_verticale(E,D), on_top(C,E).

State (29/257, 159.2 bits available)

				[pagina_1 tried 1/1] 2.4 secs
				[numero_pagine tried 1/1] 2.4 secs

Best literal pagina_1(A,B) (1.0 bits)


State (58/514 [29/257], 158.2 bits available, 1 weak literal)

				[ultima_pagina tried 1/1] 2.4 secs
				[frame tried 1/1] 2.4 secs
				[pagina_1 tried 1/3] 2.4 secs
				[numero_pagine tried 1/1] 2.4 secs
				[altezza_pagina tried 1/1] 2.4 secs
				[larghezza_pagina tried 1/1] 2.4 secs

Best literal frame(B,C) (2.6 bits)


State (1608/10692 [29/257], 156.6 bits available, 2 weak literals)

				[tipo_testo tried 1/1] 2.4 secs
				[tipo_linea_orizzontale tried 1/1] 2.4 secs
				[tipo_misto tried 1/1] 2.4 secs
				[tipo_linea_obbliqua tried 1/1] 2.4 secs
				[tipo_immagine tried 1/1] 2.4 secs
				[tipo_vuoto tried 1/1] 2.4 secs
				[ultima_pagina tried 1/1] 2.4 secs
				[frame tried 1/3] 2.4 secs
				[pagina_1 tried 2/3] 2.4 secs
				[on_top tried 2/2] 2.4 secs
				[to_right tried 2/2] 2.4 secs
				[allineato_al_centro_verticale tried 2/2] 2.4 secs
				[allineato_al_centro_orizzontale tried 2/2] 2.4 secs
				[numero_pagine tried 1/1] 2.4 secs
				[altezza_pagina tried 1/1] 2.4 secs
				[larghezza_pagina tried 1/1] 2.4 secs
				[altezza_rettangolo tried 1/1] 2.4 secs
				[ascissa_rettangolo tried 1/1] 2.4 secs
				[ordinata_rettangolo tried 1/1] 2.4 secs
				[larghezza_rettangolo tried 1/1] 2.4 secs

Best literal to_right(C,D) (5.3 bits)


State (18600/81704 [29/256], 152.8 bits available)

				[= tried 1/1] 2.4 secs
				[tipo_testo tried 2/2] 2.5 secs
				[tipo_linea_orizzontale tried 2/2] 2.5 secs
				[tipo_misto tried 2/2] 2.5 secs
				[tipo_linea_obbliqua tried 2/2] 2.5 secs
				[tipo_immagine tried 2/2] 2.5 secs
				[tipo_vuoto tried 2/2] 2.5 secs
				[ultima_pagina tried 1/1] 2.5 secs
				[frame tried 4/5] 2.5 secs
				[pagina_1 tried 2/3] 2.5 secs
				[on_top tried 6/6] 2.5 secs
				[to_right tried 4/6] 2.5 secs
				[allineato_al_centro_verticale tried 6/6] 2.5 secs
				[allineato_al_centro_orizzontale tried 6/6] 2.5 secs
				[numero_pagine tried 1/1] 2.5 secs
				[altezza_pagina tried 1/1] 2.5 secs
				[larghezza_pagina tried 1/1] 2.5 secs
				[altezza_rettangolo tried 2/2] 2.5 secs
				[ascissa_rettangolo tried 2/2] 2.5 secs
				[ordinata_rettangolo tried 2/2] 2.6 secs
				[larghezza_rettangolo tried 2/2] 2.6 secs

Best literal tipo_testo(D) (5.4 bits)


State (18328/62816 [29/253], 149.4 bits available)

				[= tried 1/1] 2.6 secs
				[tipo_testo tried 1/2] 2.6 secs
				[tipo_linea_orizzontale tried 2/2] 2.6 secs
				[tipo_misto tried 2/2] 2.6 secs
				[tipo_linea_obbliqua tried 2/2] 2.6 secs
				[tipo_immagine tried 2/2] 2.6 secs
				[tipo_vuoto tried 2/2] 2.6 secs
				[ultima_pagina tried 1/1] 2.6 secs
				[frame tried 4/5] 2.6 secs
				[pagina_1 tried 2/3] 2.6 secs
				[on_top tried 6/6] 2.6 secs
				[to_right tried 5/6] 2.6 secs
				[allineato_al_centro_verticale tried 6/6] 2.6 secs
				[allineato_al_centro_orizzontale tried 5/6] 2.6 secs
				[numero_pagine tried 1/1] 2.6 secs
				[altezza_pagina tried 1/1] 2.7 secs
				[larghezza_pagina tried 1/1] 2.7 secs
				[altezza_rettangolo tried 2/2] 2.7 secs
				[ascissa_rettangolo tried 2/2] 2.7 secs
				[ordinata_rettangolo tried 2/2] 2.7 secs
				[larghezza_rettangolo tried 2/2] 2.7 secs

	Save allineato_al_centro_orizzontale(E,D) (28,36 value 77.1)

Best literal tipo_testo(C) (5.4 bits)


State (18072/54736 [29/253], 146.4 bits available)

				[= tried 1/1] 2.7 secs
				[tipo_testo tried 0/2] 2.7 secs
				[tipo_linea_orizzontale tried 2/2] 2.7 secs
				[tipo_misto tried 2/2] 2.7 secs
				[tipo_linea_obbliqua tried 2/2] 2.7 secs
				[tipo_immagine tried 2/2] 2.7 secs
				[tipo_vuoto tried 2/2] 2.7 secs
				[ultima_pagina tried 1/1] 2.7 secs
				[frame tried 4/5] 2.7 secs
				[pagina_1 tried 2/3] 2.7 secs
				[on_top tried 6/6] 2.7 secs
				[to_right tried 5/6] 2.8 secs
				[allineato_al_centro_verticale tried 6/6] 2.8 secs
				[allineato_al_centro_orizzontale tried 5/6] 2.8 secs
				[numero_pagine tried 1/1] 2.8 secs
				[altezza_pagina tried 1/1] 2.8 secs
				[larghezza_pagina tried 1/1] 2.8 secs
				[altezza_rettangolo tried 2/2] 2.8 secs
				[ascissa_rettangolo tried 2/2] 2.8 secs
				[ordinata_rettangolo tried 2/2] 2.8 secs
				[larghezza_rettangolo tried 2/2] 2.8 secs

	Save allineato_al_centro_orizzontale(E,D) (28,36 value 77.1)

Best literal allineato_al_centro_orizzontale(C,E) (7.0 bits)


State (4208/5184 [28/36], 138.3 bits available)

				[= tried 3/3] 2.8 secs
				[tipo_testo tried 1/3] 2.8 secs
				[tipo_linea_orizzontale tried 3/3] 2.8 secs
				[tipo_misto tried 3/3] 2.8 secs
				[tipo_linea_obbliqua tried 3/3] 2.8 secs
				[tipo_immagine tried 3/3] 2.8 secs
				[tipo_vuoto tried 3/3] 2.8 secs
				[ultima_pagina tried 1/1] 2.8 secs
				[frame tried 6/7] 2.8 secs
				[pagina_1 tried 2/3] 2.8 secs
				[on_top tried 12/12] 2.8 secs
				[to_right tried 11/12] 2.8 secs
				[allineato_al_centro_verticale tried 8/12] 2.8 secs
				[allineato_al_centro_orizzontale tried 6/12] 2.8 secs
				[numero_pagine tried 1/1] 2.8 secs
				[altezza_pagina tried 1/1] 2.8 secs
				[larghezza_pagina tried 1/1] 2.8 secs
				[altezza_rettangolo tried 3/3] 2.8 secs
				[ascissa_rettangolo tried 3/3] 2.8 secs
				[ordinata_rettangolo tried 3/3] 2.8 secs
				[larghezza_rettangolo tried 3/3] 2.8 secs

	Save clause ending with on_top(C,D) (cover 28, accuracy 80%)

	Save on_top(E,D) (28,35 value 78.2)
	Save to_right(C,F) (28,36 value 77.1)
	Save to_right(D,F) (28,36 value 77.1)

Best literal on_top(C,D) (8.0 bits)


State (7232/7936 [28/35], 133.2 bits available)

				[= tried 3/3] 2.8 secs
				[tipo_testo tried 1/3] 2.8 secs
				[tipo_linea_orizzontale tried 3/3] 2.8 secs
				[tipo_misto tried 3/3] 2.8 secs
				[tipo_linea_obbliqua tried 3/3] 2.8 secs
				[tipo_immagine tried 3/3] 2.8 secs
				[tipo_vuoto tried 3/3] 2.8 secs
				[ultima_pagina tried 1/1] 2.8 secs
				[frame tried 6/7] 2.9 secs
				[pagina_1 tried 2/3] 2.9 secs
				[on_top tried 11/12] 2.9 secs
				[to_right tried 11/12] 2.9 secs
				[allineato_al_centro_verticale tried 8/12] 2.9 secs
				[allineato_al_centro_orizzontale tried 6/12] 2.9 secs
				[numero_pagine tried 1/1] 2.9 secs
				[altezza_pagina tried 1/1] 2.9 secs
				[larghezza_pagina tried 1/1] 2.9 secs
				[altezza_rettangolo tried 3/3] 2.9 secs
				[ascissa_rettangolo tried 3/3] 2.9 secs
				[ordinata_rettangolo tried 3/3] 2.9 secs
				[larghezza_rettangolo tried 3/3] 2.9 secs

	Save clause ending with allineato_al_centro_verticale(D,F) (cover 28, accuracy 96%)

	Save on_top(D,F) (28,35 value 78.2)
	Save allineato_al_centro_verticale(D,F) (28,29 value 85.6)

Best literal to_right(D,F) (8.0 bits)


State (59456/61888 [28/34], 128.2 bits available)

				[= tried 6/6] 2.9 secs
				[tipo_testo tried 2/4] 2.9 secs
				[tipo_linea_orizzontale tried 4/4] 2.9 secs
				[tipo_misto tried 4/4] 2.9 secs
				[tipo_linea_obbliqua tried 4/4] 2.9 secs
				[tipo_immagine tried 4/4] 2.9 secs
				[tipo_vuoto tried 4/4] 2.9 secs
				[ultima_pagina tried 1/1] 2.9 secs
				[frame tried 7/8] 3.0 secs
				[pagina_1 tried 2/3] 3.0 secs
				[on_top tried 17/18] 3.0 secs
				[to_right tried 15/18] 3.1 secs
				[allineato_al_centro_verticale tried 15/18] 3.1 secs
				[allineato_al_centro_orizzontale tried 10/18] 3.1 secs
				[numero_pagine tried 1/1] 3.1 secs
				[altezza_pagina tried 1/1] 3.1 secs
				[larghezza_pagina tried 1/1] 3.1 secs
				[altezza_rettangolo tried 3/3] 3.1 secs
				[ascissa_rettangolo tried 3/3] 3.2 secs
				[ordinata_rettangolo tried 3/3] 3.2 secs
				[larghezza_rettangolo tried 3/3] 3.2 secs

	Save to_right(F,E) (28,29 value 85.6)

Best literal on_top(D,F) (8.6 bits)


State (52864/54144 [28/34], 122.8 bits available)

				[= tried 6/6] 3.2 secs
				[tipo_testo tried 2/4] 3.2 secs
				[tipo_linea_orizzontale tried 4/4] 3.2 secs
				[tipo_misto tried 4/4] 3.2 secs
				[tipo_linea_obbliqua tried 4/4] 3.2 secs
				[tipo_immagine tried 4/4] 3.2 secs
				[tipo_vuoto tried 4/4] 3.2 secs
				[ultima_pagina tried 1/1] 3.2 secs
				[frame tried 7/8] 3.3 secs
				[pagina_1 tried 2/3] 3.3 secs
				[on_top tried 16/18] 3.3 secs
				[to_right tried 16/18] 3.4 secs
				[allineato_al_centro_verticale tried 12/18] 3.4 secs
				[allineato_al_centro_orizzontale tried 10/18] 3.4 secs
				[numero_pagine tried 1/1] 3.4 secs
				[altezza_pagina tried 1/1] 3.4 secs
				[larghezza_pagina tried 1/1] 3.4 secs
				[altezza_rettangolo tried 3/3] 3.4 secs
				[ascissa_rettangolo tried 3/3] 3.4 secs
				[ordinata_rettangolo tried 3/3] 3.4 secs
				[larghezza_rettangolo tried 3/3] 3.4 secs

Best literal to_right(D,E) (8.6 bits)


State (88064/89088 [28/29], 117.5 bits available)

				[= tried 6/6] 3.5 secs
				[tipo_testo tried 2/4] 3.5 secs
				[tipo_linea_orizzontale tried 4/4] 3.5 secs
				[tipo_misto tried 4/4] 3.5 secs
				[tipo_linea_obbliqua tried 4/4] 3.5 secs
				[tipo_immagine tried 4/4] 3.5 secs
				[tipo_vuoto tried 4/4] 3.5 secs
				[ultima_pagina tried 1/1] 3.5 secs
				[frame tried 7/8] 3.5 secs
				[pagina_1 tried 2/3] 3.5 secs
				[on_top tried 16/18] 3.6 secs
				[to_right tried 15/18] 3.7 secs
				[allineato_al_centro_verticale tried 18/18] 3.7 secs
				[allineato_al_centro_orizzontale tried 11/18] 3.7 secs
				[numero_pagine tried 1/1] 3.7 secs
				[altezza_pagina tried 1/1] 3.7 secs
				[larghezza_pagina tried 1/1] 3.7 secs
				[altezza_rettangolo tried 3/3] 3.8 secs
				[ascissa_rettangolo tried 3/3] 3.8 secs
				[ordinata_rettangolo tried 3/3] 3.8 secs
				[larghezza_rettangolo tried 3/3] 3.8 secs

	Save clause ending with allineato_al_centro_verticale(D,F) (cover 13, accuracy 100%)

Best literal allineato_al_centro_verticale(D,F) (8.6 bits)

Initial clause (0 errs): class_jmlr(A) :- pagina_1(A,B), frame(B,C), to_right(C,D), tipo_testo(D), tipo_testo(C), allineato_al_centro_orizzontale(C,E), on_top(C,D), to_right(D,F), on_top(D,F), to_right(D,E), allineato_al_centro_verticale(D,F).
		frame(B,C) needed for binding to_right(C,D)
		pagina_1(A,B) needed for binding frame(B,C)

Clause 2: class_jmlr(A) :- pagina_1(A,B), frame(B,C), to_right(C,D), tipo_testo(C), allineato_al_centro_orizzontale(C,E), on_top(C,D), to_right(D,F), allineato_al_centro_verticale(D,F).

State (8/236, 65.3 bits available)

				[pagina_1 tried 1/1] 3.9 secs
				[numero_pagine tried 1/1] 3.9 secs

Best literal pagina_1(A,B) (1.0 bits)


State (16/472 [8/236], 64.3 bits available, 1 weak literal)

				[ultima_pagina tried 1/1] 3.9 secs
				[frame tried 1/1] 3.9 secs
				[pagina_1 tried 1/3] 3.9 secs
				[numero_pagine tried 1/1] 3.9 secs
				[altezza_pagina tried 1/1] 3.9 secs
				[larghezza_pagina tried 1/1] 3.9 secs

Best literal frame(B,C) (2.6 bits)


State (464/9548 [8/236], 62.7 bits available, 2 weak literals)

				[tipo_testo tried 1/1] 3.9 secs
				[tipo_linea_orizzontale tried 1/1] 3.9 secs
				[tipo_misto tried 1/1] 3.9 secs
				[tipo_linea_obbliqua tried 1/1] 3.9 secs
				[tipo_immagine tried 1/1] 3.9 secs
				[tipo_vuoto tried 1/1] 3.9 secs
				[ultima_pagina tried 1/1] 3.9 secs
				[frame tried 1/3] 3.9 secs
				[pagina_1 tried 2/3] 3.9 secs
				[on_top tried 2/2] 3.9 secs
				[to_right tried 2/2] 3.9 secs
				[allineato_al_centro_verticale tried 2/2] 3.9 secs
				[allineato_al_centro_orizzontale tried 2/2] 3.9 secs
				[numero_pagine tried 1/1] 3.9 secs
				[altezza_pagina tried 1/1] 3.9 secs
				[larghezza_pagina tried 1/1] 3.9 secs
				[altezza_rettangolo tried 1/1] 3.9 secs
				[ascissa_rettangolo tried 1/1] 3.9 secs
				[ordinata_rettangolo tried 1/1] 3.9 secs
				[larghezza_rettangolo tried 1/1] 3.9 secs

Best literal to_right(C,D) (5.3 bits)


State (5312/68416 [8/235], 59.0 bits available)

				[= tried 1/1] 3.9 secs
				[tipo_testo tried 2/2] 3.9 secs
				[tipo_linea_orizzontale tried 2/2] 3.9 secs
				[tipo_misto tried 2/2] 3.9 secs
				[tipo_linea_obbliqua tried 2/2] 3.9 secs
				[tipo_immagine tried 2/2] 3.9 secs
				[tipo_vuoto tried 2/2] 3.9 secs
				[ultima_pagina tried 1/1] 3.9 secs
				[frame tried 4/5] 4.0 secs
				[pagina_1 tried 2/3] 4.0 secs
				[on_top tried 6/6] 4.0 secs
				[to_right tried 4/6] 4.0 secs
				[allineato_al_centro_verticale tried 6/6] 4.0 secs
				[allineato_al_centro_orizzontale tried 6/6] 4.0 secs
				[numero_pagine tried 1/1] 4.0 secs
				[altezza_pagina tried 1/1] 4.0 secs
				[larghezza_pagina tried 1/1] 4.0 secs
				[altezza_rettangolo tried 2/2] 4.0 secs
				[ascissa_rettangolo tried 2/2] 4.0 secs
				[ordinata_rettangolo tried 2/2] 4.0 secs
				[larghezza_rettangolo tried 2/2] 4.0 secs

Best literal tipo_testo(D) (5.4 bits)


State (5104/49592 [8/232], 55.6 bits available)

				[= tried 1/1] 4.0 secs
				[tipo_testo tried 1/2] 4.0 secs
				[tipo_linea_orizzontale tried 2/2] 4.0 secs
				[tipo_misto tried 2/2] 4.0 secs
				[tipo_linea_obbliqua tried 2/2] 4.0 secs
				[tipo_immagine tried 2/2] 4.0 secs
				[tipo_vuoto tried 2/2] 4.0 secs
				[ultima_pagina tried 1/1] 4.0 secs
				[frame tried 4/5] 4.1 secs
				[pagina_1 tried 2/3] 4.1 secs
				[on_top tried 6/6] 4.1 secs
				[to_right tried 5/6] 4.1 secs
				[allineato_al_centro_verticale tried 6/6] 4.1 secs
				[allineato_al_centro_orizzontale tried 5/6] 4.1 secs
				[numero_pagine tried 1/1] 4.1 secs
				[altezza_pagina tried 1/1] 4.1 secs
				[larghezza_pagina tried 1/1] 4.1 secs
				[altezza_rettangolo tried 2/2] 4.1 secs
				[ascissa_rettangolo tried 2/2] 4.1 secs
				[ordinata_rettangolo tried 2/2] 4.1 secs
				[larghezza_rettangolo tried 2/2] 4.1 secs

	Save allineato_al_centro_orizzontale(E,D) (7,15 value 26.0)

Best literal tipo_testo(C) (5.4 bits)


State (4992/41656 [8/232], 52.5 bits available)

				[= tried 1/1] 4.1 secs
				[tipo_testo tried 0/2] 4.1 secs
				[tipo_linea_orizzontale tried 2/2] 4.1 secs
				[tipo_misto tried 2/2] 4.1 secs
				[tipo_linea_obbliqua tried 2/2] 4.1 secs
				[tipo_immagine tried 2/2] 4.1 secs
				[tipo_vuoto tried 2/2] 4.1 secs
				[ultima_pagina tried 1/1] 4.1 secs
				[frame tried 4/5] 4.2 secs
				[pagina_1 tried 2/3] 4.2 secs
				[on_top tried 6/6] 4.2 secs
				[to_right tried 5/6] 4.2 secs
				[allineato_al_centro_verticale tried 6/6] 4.2 secs
				[allineato_al_centro_orizzontale tried 5/6] 4.2 secs
				[numero_pagine tried 1/1] 4.2 secs
				[altezza_pagina tried 1/1] 4.2 secs
				[larghezza_pagina tried 1/1] 4.2 secs
				[altezza_rettangolo tried 2/2] 4.2 secs
				[ascissa_rettangolo tried 2/2] 4.2 secs
				[ordinata_rettangolo tried 2/2] 4.2 secs
				[larghezza_rettangolo tried 2/2] 4.2 secs

	Save allineato_al_centro_orizzontale(E,D) (7,15 value 26.0)

Best literal allineato_al_centro_orizzontale(C,E) (7.0 bits)


State (944/1920 [7/15], 42.3 bits available)

				[= tried 3/3] 4.2 secs
				[tipo_testo tried 1/3] 4.2 secs
				[tipo_linea_orizzontale tried 3/3] 4.2 secs
				[tipo_misto tried 3/3] 4.2 secs
				[tipo_linea_obbliqua tried 3/3] 4.2 secs
				[tipo_immagine tried 3/3] 4.2 secs
				[tipo_vuoto tried 3/3] 4.2 secs
				[ultima_pagina tried 1/1] 4.2 secs
				[frame tried 6/7] 4.2 secs
				[pagina_1 tried 2/3] 4.2 secs
				[on_top tried 12/12] 4.2 secs
				[to_right tried 11/12] 4.2 secs
				[allineato_al_centro_verticale tried 6/12] 4.2 secs
				[allineato_al_centro_orizzontale tried 6/12] 4.2 secs
				[numero_pagine tried 1/1] 4.2 secs
				[altezza_pagina tried 1/1] 4.2 secs
				[larghezza_pagina tried 1/1] 4.2 secs
				[altezza_rettangolo tried 3/3] 4.2 secs
				[ascissa_rettangolo tried 3/3] 4.2 secs
				[ordinata_rettangolo tried 3/3] 4.2 secs
				[larghezza_rettangolo tried 3/3] 4.2 secs

	Save on_top(E,D) (7,14 value 26.7)
	Save to_right(C,F) (7,15 value 26.0)
	Save to_right(D,F) (7,15 value 26.0)

Best literal on_top(C,D) (8.0 bits)


State (1664/2368 [7/14], 37.2 bits available)

				[= tried 3/3] 4.2 secs
				[tipo_testo tried 1/3] 4.2 secs
				[tipo_linea_orizzontale tried 3/3] 4.2 secs
				[tipo_misto tried 3/3] 4.2 secs
				[tipo_linea_obbliqua tried 3/3] 4.2 secs
				[tipo_immagine tried 3/3] 4.2 secs
				[tipo_vuoto tried 3/3] 4.2 secs
				[ultima_pagina tried 1/1] 4.2 secs
				[frame tried 6/7] 4.3 secs
				[pagina_1 tried 2/3] 4.3 secs
				[on_top tried 11/12] 4.3 secs
				[to_right tried 11/12] 4.3 secs
				[allineato_al_centro_verticale tried 8/12] 4.3 secs
				[allineato_al_centro_orizzontale tried 6/12] 4.3 secs
				[numero_pagine tried 1/1] 4.3 secs
				[altezza_pagina tried 1/1] 4.3 secs
				[larghezza_pagina tried 1/1] 4.3 secs
				[altezza_rettangolo tried 3/3] 4.3 secs
				[ascissa_rettangolo tried 3/3] 4.3 secs
				[ordinata_rettangolo tried 3/3] 4.3 secs
				[larghezza_rettangolo tried 3/3] 4.3 secs

	Save to_right(D,F) (7,13 value 27.4)
	Save to_right(C,F) (7,14 value 26.7)
	Save on_top(C,F) (7,14 value 26.7)

Best literal on_top(D,F) (8.0 bits)


State (19136/23040 [7/14], 32.2 bits available)

				[= tried 6/6] 4.3 secs
				[tipo_testo tried 2/4] 4.3 secs
				[tipo_linea_orizzontale tried 4/4] 4.3 secs
				[tipo_misto tried 4/4] 4.3 secs
				[tipo_linea_obbliqua tried 4/4] 4.3 secs
				[tipo_immagine tried 4/4] 4.3 secs
				[tipo_vuoto tried 4/4] 4.3 secs
				[ultima_pagina tried 1/1] 4.3 secs
				[frame tried 7/8] 4.3 secs
				[pagina_1 tried 2/3] 4.3 secs
				[on_top tried 15/18] 4.3 secs
				[to_right tried 17/18] 4.3 secs
				[allineato_al_centro_verticale tried 12/18] 4.4 secs
				[allineato_al_centro_orizzontale tried 10/18] 4.4 secs
				[numero_pagine tried 1/1] 4.4 secs
				[altezza_pagina tried 1/1] 4.4 secs
				[larghezza_pagina tried 1/1] 4.4 secs
				[altezza_rettangolo tried 3/3] 4.4 secs
				[ascissa_rettangolo tried 3/3] 4.4 secs
				[ordinata_rettangolo tried 3/3] 4.4 secs
				[larghezza_rettangolo tried 3/3] 4.4 secs

	Save clause ending with allineato_al_centro_verticale(D,G) (cover 6, accuracy 85%)

	Save allineato_al_centro_verticale(D,G) (6,7 value 27.2)

Best literal to_right(C,F) (8.6 bits)


State (23680/24960 [7/13], 26.8 bits available)

				[= tried 6/6] 4.4 secs
				[tipo_testo tried 2/4] 4.4 secs
				[tipo_linea_orizzontale tried 4/4] 4.4 secs
				[tipo_misto tried 4/4] 4.4 secs
				[tipo_linea_obbliqua tried 4/4] 4.4 secs
				[tipo_immagine tried 4/4] 4.4 secs
				[tipo_vuoto tried 4/4] 4.4 secs
				[ultima_pagina tried 1/1] 4.4 secs
				[frame tried 7/8] 4.4 secs
				[pagina_1 tried 2/3] 4.4 secs
				[on_top tried 16/18] 4.4 secs
				[to_right tried 16/18] 4.5 secs
				[allineato_al_centro_verticale tried 12/18] 4.5 secs
				[allineato_al_centro_orizzontale tried 10/18] 4.5 secs
				[numero_pagine tried 1/1] 4.5 secs
				[altezza_pagina tried 1/1] 4.5 secs
				[larghezza_pagina tried 1/1] 4.5 secs
				[altezza_rettangolo tried 3/3] 4.5 secs
				[ascissa_rettangolo tried 3/3] 4.5 secs
				[ordinata_rettangolo tried 3/3] 4.5 secs
				[larghezza_rettangolo tried 3/3] 4.5 secs

	Save clause ending with to_right(F,D) (cover 7, accuracy 100%)

	Save allineato_al_centro_verticale(D,G) (6,6 value 28.3)

Best literal to_right(F,D) (8.6 bits)

Initial clause (0 errs): class_jmlr(A) :- pagina_1(A,B), frame(B,C), to_right(C,D), tipo_testo(D), tipo_testo(C), allineato_al_centro_orizzontale(C,E), on_top(C,D), on_top(D,F), to_right(C,F), to_right(F,D).
		frame(B,C) needed for binding tipo_testo(C)
		pagina_1(A,B) needed for binding frame(B,C)

Clause 3: class_jmlr(A) :- pagina_1(A,B), frame(B,C), tipo_testo(C), allineato_al_centro_orizzontale(C,D), on_top(C,E), on_top(E,F), to_right(C,F), to_right(F,E).

State (1/229, 18.3 bits available)

				[pagina_1 tried 1/1] 4.6 secs
				[numero_pagine tried 1/1] 4.6 secs

Best literal pagina_1(A,B) (1.0 bits)


State (2/458 [1/229], 17.3 bits available, 1 weak literal)

				[ultima_pagina tried 1/1] 4.6 secs
				[frame tried 1/1] 4.6 secs
				[pagina_1 tried 1/3] 4.6 secs
				[numero_pagine tried 1/1] 4.6 secs
				[altezza_pagina tried 1/1] 4.6 secs
				[larghezza_pagina tried 1/1] 4.6 secs

Best literal frame(B,C) (2.6 bits)


State (60/9144 [1/229], 15.7 bits available, 2 weak literals)

				[tipo_testo tried 1/1] 4.6 secs
				[tipo_linea_orizzontale tried 1/1] 4.6 secs
				[tipo_misto tried 1/1] 4.6 secs
				[tipo_linea_obbliqua tried 1/1] 4.6 secs
				[tipo_immagine tried 1/1] 4.6 secs
				[tipo_vuoto tried 1/1] 4.6 secs
				[ultima_pagina tried 1/1] 4.6 secs
				[frame tried 1/3] 4.6 secs
				[pagina_1 tried 2/3] 4.6 secs
				[on_top tried 2/2] 4.6 secs
				[to_right tried 2/2] 4.6 secs
				[allineato_al_centro_verticale tried 2/2] 4.6 secs
				[allineato_al_centro_orizzontale tried 2/2] 4.6 secs
				[numero_pagine tried 1/1] 4.6 secs
				[altezza_pagina tried 1/1] 4.6 secs
				[larghezza_pagina tried 1/1] 4.6 secs
				[altezza_rettangolo tried 1/1] 4.6 secs
				[ascissa_rettangolo tried 1/1] 4.6 secs
				[ordinata_rettangolo tried 1/1] 4.6 secs
				[larghezza_rettangolo tried 1/1] 4.6 secs

Best literal to_right(C,D) (5.3 bits)


State (704/63808 [1/228], 12.0 bits available)

				[= tried 1/1] 4.6 secs
				[tipo_testo tried 2/2] 4.6 secs
				[tipo_linea_orizzontale tried 2/2] 4.6 secs
				[tipo_misto tried 2/2] 4.6 secs
				[tipo_linea_obbliqua tried 2/2] 4.6 secs
				[tipo_immagine tried 2/2] 4.6 secs
				[tipo_vuoto tried 2/2] 4.6 secs
				[ultima_pagina tried 1/1] 4.6 secs
				[frame tried 4/5] 4.6 secs
				[pagina_1 tried 2/3] 4.6 secs
				[on_top tried 6/6] 4.6 secs
				[to_right tried 4/6] 4.6 secs
				[allineato_al_centro_verticale tried 6/6] 4.6 secs
				[allineato_al_centro_orizzontale tried 6/6] 4.6 secs
				[numero_pagine tried 1/1] 4.7 secs
				[altezza_pagina tried 1/1] 4.7 secs
				[larghezza_pagina tried 1/1] 4.7 secs
				[altezza_rettangolo tried 2/2] 4.7 secs
				[ascissa_rettangolo tried 2/2] 4.7 secs
				[ordinata_rettangolo tried 2/2] 4.7 secs
				[larghezza_rettangolo tried 2/2] 4.7 secs

Best literal tipo_testo(D) (5.4 bits)


State (640/45128 [1/225], 8.6 bits available)

				[= tried 1/1] 4.7 secs
				[tipo_testo tried 1/2] 4.7 secs
				[tipo_linea_orizzontale tried 2/2] 4.7 secs
				[tipo_misto tried 2/2] 4.7 secs
				[tipo_linea_obbliqua tried 2/2] 4.7 secs
				[tipo_immagine tried 2/2] 4.7 secs
				[tipo_vuoto tried 2/2] 4.7 secs
				[ultima_pagina tried 1/1] 4.7 secs
				[frame tried 4/5] 4.7 secs
				[pagina_1 tried 2/3] 4.7 secs
				[on_top tried 6/6] 4.7 secs
				[to_right tried 5/6] 4.7 secs
				[allineato_al_centro_verticale tried 6/6] 4.8 secs
				[allineato_al_centro_orizzontale tried 5/6] 4.8 secs
				[numero_pagine tried 1/1] 4.8 secs
				[altezza_pagina tried 1/1] 4.8 secs
				[larghezza_pagina tried 1/1] 4.8 secs
				[altezza_rettangolo tried 2/2] 4.8 secs
				[ascissa_rettangolo tried 2/2] 4.8 secs
				[ordinata_rettangolo tried 2/2] 4.8 secs
				[larghezza_rettangolo tried 2/2] 4.8 secs

Best literal allineato_al_centro_verticale(E,D) (7.0 bits)


State (2464/68656 [1/157], 3.9 bits available)

				[= requires 7.0 bits]
				[tipo_testo tried 2/3] 4.8 secs
				[tipo_linea_orizzontale tried 3/3] 4.8 secs
				[tipo_misto tried 3/3] 4.8 secs
				[tipo_linea_obbliqua tried 3/3] 4.8 secs
				[tipo_immagine tried 3/3] 4.8 secs
				[tipo_vuoto tried 3/3] 4.8 secs
				[ultima_pagina tried 1/1] 4.8 secs
				[frame requires 7.0 bits]
				[pagina_1 tried 2/3] 4.8 secs
				[on_top requires 7.7 bits]
				[to_right requires 7.7 bits]
				[allineato_al_centro_verticale requires 7.7 bits]
				[allineato_al_centro_orizzontale requires 7.7 bits]
				[numero_pagine tried 1/1] 4.8 secs
				[altezza_pagina tried 1/1] 4.8 secs
				[larghezza_pagina tried 1/1] 4.8 secs
				[altezza_rettangolo tried 2/2] 4.8 secs
				[ascissa_rettangolo tried 2/2] 4.8 secs
				[ordinata_rettangolo tried 2/2] 4.8 secs
				[larghezza_rettangolo tried 2/2] 4.8 secs

Best literal tipo_testo(C) (6.0 bits)


State (2320/41808 [1/151], 0.5 bits available)

				[= requires 7.0 bits]
				[tipo_testo requires 6.0 bits]
				[tipo_linea_orizzontale requires 6.0 bits]
				[tipo_misto requires 6.0 bits]
				[tipo_linea_obbliqua requires 6.0 bits]
				[tipo_immagine requires 6.0 bits]
				[tipo_vuoto requires 6.0 bits]
				[ultima_pagina requires 4.4 bits]
				[frame requires 7.0 bits]
				[pagina_1 requires 6.0 bits]
				[on_top requires 7.7 bits]
				[to_right requires 7.7 bits]
				[allineato_al_centro_verticale requires 7.7 bits]
				[allineato_al_centro_orizzontale requires 7.7 bits]
				[numero_pagine requires 4.4 bits]
				[altezza_pagina requires 4.4 bits]
				[larghezza_pagina requires 4.4 bits]
				[altezza_rettangolo requires 5.4 bits]
				[ascissa_rettangolo requires 5.4 bits]
				[ordinata_rettangolo requires 5.4 bits]
				[larghezza_rettangolo requires 5.4 bits]

No literals

Initial clause (150 errs): class_jmlr(A) :- pagina_1(A,B), frame(B,C), to_right(C,D), tipo_testo(D), allineato_al_centro_verticale(E,D), tipo_testo(C).
		to_right(C,D) needed for binding tipo_testo(D)
		frame(B,C) needed for binding to_right(C,D)
		pagina_1(A,B) needed for binding frame(B,C)

Clause too inaccurate (1/151)

Delete clauses
	class_jmlr(A) :- pagina_1(A,B), frame(B,C), tipo_testo(C), allineato_al_centro_orizzontale(C,D), allineato_al_centro_verticale(E,D), on_top(C,E).
	class_jmlr(A) :- pagina_1(A,B), frame(B,C), to_right(C,D), tipo_testo(C), allineato_al_centro_orizzontale(C,E), on_top(C,D), to_right(D,F), allineato_al_centro_verticale(D,F).

***  Warning: the following definition
***  does not cover 1 tuple in the relation

class_jmlr(A) :- pagina_1(A,B), frame(B,C), to_right(D,C), allineato_al_centro_orizzontale(E,D), to_right(C,E), tipo_testo(E).
class_jmlr(A) :- pagina_1(A,B), frame(B,C), tipo_testo(C), allineato_al_centro_orizzontale(C,D), on_top(C,E), on_top(E,F), to_right(C,F), to_right(F,E).

Time 4.9 secs

Test relation class_jmlr
    (-)	d06060518290400735
Summary: 1 error in 35 trials
