FOIL 6.4   [January 1996]
--------

    Options:
	no negated literals
	verbosity level 2

Types Documento and Pagina are not compatible
Types Documento and Frame are not compatible
Types Documento and NumeroPagine are not compatible
Types Documento and LarghezzaPagina are not compatible
Types Documento and AltezzaPagina are not compatible
Types Documento and AscissaRettangolo are not compatible
Types Documento and OrdinataRettangolo are not compatible
Types Documento and LarghezzaRettangolo are not compatible
Types Documento and AltezzaRettangolo are not compatible
Types Pagina and Frame are not compatible
Types Pagina and NumeroPagine are not compatible
Types Pagina and LarghezzaPagina are not compatible
Types Pagina and AltezzaPagina are not compatible
Types Pagina and AscissaRettangolo are not compatible
Types Pagina and OrdinataRettangolo are not compatible
Types Pagina and LarghezzaRettangolo are not compatible
Types Pagina and AltezzaRettangolo are not compatible
Types Frame and NumeroPagine are not compatible
Types Frame and LarghezzaPagina are not compatible
Types Frame and AltezzaPagina are not compatible
Types Frame and AscissaRettangolo are not compatible
Types Frame and OrdinataRettangolo are not compatible
Types Frame and LarghezzaRettangolo are not compatible
Types Frame and AltezzaRettangolo are not compatible
Types NumeroPagine and LarghezzaPagina are not compatible
Types NumeroPagine and AltezzaPagina are not compatible
Types NumeroPagine and AscissaRettangolo are not compatible
Types NumeroPagine and OrdinataRettangolo are not compatible
Types NumeroPagine and LarghezzaRettangolo are not compatible
Types NumeroPagine and AltezzaRettangolo are not compatible
Types LarghezzaPagina and AltezzaPagina are not compatible
Types LarghezzaPagina and AscissaRettangolo are not compatible
Types LarghezzaPagina and OrdinataRettangolo are not compatible
Types LarghezzaPagina and LarghezzaRettangolo are not compatible
Types LarghezzaPagina and AltezzaRettangolo are not compatible
Types AltezzaPagina and AscissaRettangolo are not compatible
Types AltezzaPagina and OrdinataRettangolo are not compatible
Types AltezzaPagina and LarghezzaRettangolo are not compatible
Types AltezzaPagina and AltezzaRettangolo are not compatible
Types AscissaRettangolo and OrdinataRettangolo are not compatible
Types AscissaRettangolo and LarghezzaRettangolo are not compatible
Types AscissaRettangolo and AltezzaRettangolo are not compatible
Types OrdinataRettangolo and LarghezzaRettangolo are not compatible
Types OrdinataRettangolo and AltezzaRettangolo are not compatible
Types LarghezzaRettangolo and AltezzaRettangolo are not compatible

Relation class_jmlr

Relation *allineato_al_centro_orizzontale
    (warning: contains duplicate positive tuples)

Relation *allineato_al_centro_verticale
    (warning: contains duplicate positive tuples)

Relation *altezza_pagina
    (warning: contains duplicate positive tuples)

Relation *larghezza_pagina
    (warning: contains duplicate positive tuples)

Relation *altezza_rettangolo
    (warning: contains duplicate positive tuples)

Relation *ascissa_rettangolo
    (warning: contains duplicate positive tuples)

Relation *ordinata_rettangolo
    (warning: contains duplicate positive tuples)

Relation *larghezza_rettangolo
    (warning: contains duplicate positive tuples)

Relation *frame
    (warning: contains duplicate positive tuples)

Relation *numero_pagine
    (warning: contains duplicate positive tuples)

Relation *on_top
    (warning: contains duplicate positive tuples)

Relation *to_right
    (warning: contains duplicate positive tuples)

Relation *pagina_1
    (warning: contains duplicate positive tuples)

Relation *ultima_pagina

Relation *tipo_immagine

Relation *tipo_linea_obbliqua

Relation *tipo_linea_orizzontale

Relation *tipo_misto

Relation *tipo_testo

Relation *tipo_vuoto

----------
class_jmlr:

State (90/318, 305.0 bits available)

				[pagina_1 tried 1/1] 0.2 secs
				[numero_pagine tried 1/1] 0.2 secs

Best literal pagina_1(A,B) (1.0 bits)


State (180/636 [90/318], 304.0 bits available, 1 weak literal)

				[ultima_pagina tried 1/1] 0.2 secs
				[frame tried 1/1] 0.2 secs
				[pagina_1 tried 1/3] 0.2 secs
				[numero_pagine tried 1/1] 0.2 secs
				[altezza_pagina tried 1/1] 0.2 secs
				[larghezza_pagina tried 1/1] 0.2 secs

Best literal frame(B,C) (2.6 bits)


State (4896/13984 [90/318], 302.5 bits available, 2 weak literals)

				[tipo_testo tried 1/1] 0.2 secs
				[tipo_linea_orizzontale tried 1/1] 0.2 secs
				[tipo_misto tried 1/1] 0.2 secs
				[tipo_linea_obbliqua tried 1/1] 0.2 secs
				[tipo_immagine tried 1/1] 0.2 secs
				[tipo_vuoto tried 1/1] 0.2 secs
				[ultima_pagina tried 1/1] 0.2 secs
				[frame tried 1/3] 0.2 secs
				[pagina_1 tried 2/3] 0.2 secs
				[on_top tried 2/2] 0.2 secs
				[to_right tried 2/2] 0.2 secs
				[allineato_al_centro_verticale tried 2/2] 0.2 secs
				[allineato_al_centro_orizzontale tried 2/2] 0.2 secs
				[numero_pagine tried 1/1] 0.2 secs
				[altezza_pagina tried 1/1] 0.2 secs
				[larghezza_pagina tried 1/1] 0.2 secs
				[altezza_rettangolo tried 1/1] 0.2 secs
				[ascissa_rettangolo tried 1/1] 0.2 secs
				[ordinata_rettangolo tried 1/1] 0.2 secs
				[larghezza_rettangolo tried 1/1] 0.2 secs

	Save clause ending with tipo_vuoto(C) (cover 1, accuracy 100%)

Best literal tipo_testo(C) (4.3 bits)


State (4792/12228 [90/318], 299.7 bits available)

				[tipo_testo tried 0/1] 0.2 secs
				[tipo_linea_orizzontale tried 1/1] 0.2 secs
				[tipo_misto tried 1/1] 0.2 secs
				[tipo_linea_obbliqua tried 1/1] 0.2 secs
				[tipo_immagine tried 1/1] 0.2 secs
				[tipo_vuoto tried 1/1] 0.2 secs
				[ultima_pagina tried 1/1] 0.2 secs
				[frame tried 2/3] 0.2 secs
				[pagina_1 tried 2/3] 0.2 secs
				[on_top tried 2/2] 0.2 secs
				[to_right tried 2/2] 0.2 secs
				[allineato_al_centro_verticale tried 2/2] 0.2 secs
				[allineato_al_centro_orizzontale tried 2/2] 0.2 secs
				[numero_pagine tried 1/1] 0.2 secs
				[altezza_pagina tried 1/1] 0.2 secs
				[larghezza_pagina tried 1/1] 0.2 secs
				[altezza_rettangolo tried 1/1] 0.2 secs
				[ascissa_rettangolo tried 1/1] 0.2 secs
				[ordinata_rettangolo tried 1/1] 0.2 secs
				[larghezza_rettangolo tried 1/1] 0.2 secs

Best literal to_right(D,C) (5.3 bits)


State (54544/99872 [90/315], 296.4 bits available)

				[= tried 1/1] 0.2 secs
				[tipo_testo tried 1/2] 0.2 secs
				[tipo_linea_orizzontale tried 2/2] 0.2 secs
				[tipo_misto tried 2/2] 0.2 secs
				[tipo_linea_obbliqua tried 2/2] 0.2 secs
				[tipo_immagine tried 2/2] 0.2 secs
				[tipo_vuoto tried 2/2] 0.2 secs
				[ultima_pagina tried 1/1] 0.2 secs
				[frame tried 4/5] 0.2 secs
				[pagina_1 tried 2/3] 0.3 secs
				[on_top tried 6/6] 0.3 secs
				[to_right tried 4/6] 0.3 secs
				[allineato_al_centro_verticale tried 6/6] 0.3 secs
				[allineato_al_centro_orizzontale tried 6/6] 0.3 secs
				[numero_pagine tried 1/1] 0.3 secs
				[altezza_pagina tried 1/1] 0.3 secs
				[larghezza_pagina tried 1/1] 0.3 secs
				[altezza_rettangolo tried 2/2] 0.3 secs
				[ascissa_rettangolo tried 2/2] 0.3 secs
				[ordinata_rettangolo tried 2/2] 0.4 secs
				[larghezza_rettangolo tried 2/2] 0.4 secs

Best literal tipo_testo(D) (5.4 bits)


State (53136/90952 [90/315], 293.3 bits available)

				[= tried 1/1] 0.4 secs
				[tipo_testo tried 0/2] 0.4 secs
				[tipo_linea_orizzontale tried 2/2] 0.4 secs
				[tipo_misto tried 2/2] 0.4 secs
				[tipo_linea_obbliqua tried 2/2] 0.4 secs
				[tipo_immagine tried 2/2] 0.4 secs
				[tipo_vuoto tried 2/2] 0.4 secs
				[ultima_pagina tried 1/1] 0.4 secs
				[frame tried 4/5] 0.4 secs
				[pagina_1 tried 2/3] 0.4 secs
				[on_top tried 6/6] 0.4 secs
				[to_right tried 5/6] 0.5 secs
				[allineato_al_centro_verticale tried 6/6] 0.5 secs
				[allineato_al_centro_orizzontale tried 6/6] 0.5 secs
				[numero_pagine tried 1/1] 0.5 secs
				[altezza_pagina tried 1/1] 0.5 secs
				[larghezza_pagina tried 1/1] 0.5 secs
				[altezza_rettangolo tried 2/2] 0.5 secs
				[ascissa_rettangolo tried 2/2] 0.5 secs
				[ordinata_rettangolo tried 2/2] 0.5 secs
				[larghezza_rettangolo tried 2/2] 0.5 secs

Best literal allineato_al_centro_orizzontale(E,D) (7.0 bits)


State (9776/10656 [90/101], 288.9 bits available)

				[= tried 3/3] 0.5 secs
				[tipo_testo tried 1/3] 0.5 secs
				[tipo_linea_orizzontale tried 3/3] 0.5 secs
				[tipo_misto tried 3/3] 0.5 secs
				[tipo_linea_obbliqua tried 3/3] 0.5 secs
				[tipo_immagine tried 3/3] 0.5 secs
				[tipo_vuoto tried 3/3] 0.5 secs
				[ultima_pagina tried 1/1] 0.5 secs
				[frame tried 5/6] 0.5 secs
				[pagina_1 tried 2/3] 0.5 secs
				[on_top tried 10/10] 0.5 secs
				[to_right tried 9/10] 0.6 secs
				[allineato_al_centro_verticale tried 6/10] 0.6 secs
				[allineato_al_centro_orizzontale tried 4/10] 0.6 secs
				[numero_pagine tried 1/1] 0.6 secs
				[altezza_pagina tried 1/1] 0.6 secs
				[larghezza_pagina tried 1/1] 0.6 secs
				[altezza_rettangolo tried 2/2] 0.6 secs
				[ascissa_rettangolo tried 2/2] 0.6 secs
				[ordinata_rettangolo tried 2/2] 0.6 secs
				[larghezza_rettangolo tried 2/2] 0.6 secs

	Save on_top(E,C) (90,98 value 151.9)

Best literal on_top(D,C) (7.7 bits)


State (16832/17504 [90/98], 284.0 bits available)

				[= tried 3/3] 0.6 secs
				[tipo_testo tried 1/3] 0.6 secs
				[tipo_linea_orizzontale tried 3/3] 0.6 secs
				[tipo_misto tried 3/3] 0.6 secs
				[tipo_linea_obbliqua tried 3/3] 0.6 secs
				[tipo_immagine tried 3/3] 0.6 secs
				[tipo_vuoto tried 3/3] 0.6 secs
				[ultima_pagina tried 1/1] 0.6 secs
				[frame tried 5/6] 0.6 secs
				[pagina_1 tried 2/3] 0.6 secs
				[on_top tried 9/10] 0.6 secs
				[to_right tried 9/10] 0.6 secs
				[allineato_al_centro_verticale tried 8/10] 0.6 secs
				[allineato_al_centro_orizzontale tried 4/10] 0.6 secs
				[numero_pagine tried 1/1] 0.6 secs
				[altezza_pagina tried 1/1] 0.6 secs
				[larghezza_pagina tried 1/1] 0.6 secs
				[altezza_rettangolo tried 2/2] 0.6 secs
				[ascissa_rettangolo tried 2/2] 0.6 secs
				[ordinata_rettangolo tried 2/2] 0.6 secs
				[larghezza_rettangolo tried 2/2] 0.6 secs

Best literal to_right(D,E) (7.7 bits)


State (25920/26432 [53/55], 206.3 bits available)

				[= tried 3/3] 0.6 secs
				[tipo_testo tried 1/3] 0.6 secs
				[tipo_linea_orizzontale tried 3/3] 0.6 secs
				[tipo_misto tried 3/3] 0.6 secs
				[tipo_linea_obbliqua tried 3/3] 0.6 secs
				[tipo_immagine tried 3/3] 0.6 secs
				[tipo_vuoto tried 3/3] 0.6 secs
				[ultima_pagina tried 1/1] 0.7 secs
				[frame tried 5/6] 0.7 secs
				[pagina_1 tried 2/3] 0.7 secs
				[on_top tried 9/10] 0.7 secs
				[to_right tried 8/10] 0.7 secs
				[allineato_al_centro_verticale tried 8/10] 0.7 secs
				[allineato_al_centro_orizzontale tried 5/10] 0.7 secs
				[numero_pagine tried 1/1] 0.7 secs
				[altezza_pagina tried 1/1] 0.7 secs
				[larghezza_pagina tried 1/1] 0.7 secs
				[altezza_rettangolo tried 2/2] 0.7 secs
				[ascissa_rettangolo tried 2/2] 0.7 secs
				[ordinata_rettangolo tried 2/2] 0.7 secs
				[larghezza_rettangolo tried 2/2] 0.7 secs

Best literal to_right(E,C) (7.7 bits)


State (20608/20736 [53/54], 201.8 bits available)

				[= tried 3/3] 0.7 secs
				[tipo_testo tried 1/3] 0.7 secs
				[tipo_linea_orizzontale tried 3/3] 0.7 secs
				[tipo_misto tried 3/3] 0.7 secs
				[tipo_linea_obbliqua tried 3/3] 0.7 secs
				[tipo_immagine tried 3/3] 0.7 secs
				[tipo_vuoto tried 3/3] 0.7 secs
				[ultima_pagina tried 1/1] 0.7 secs
				[frame tried 5/6] 0.7 secs
				[pagina_1 tried 2/3] 0.7 secs
				[on_top tried 9/10] 0.8 secs
				[to_right tried 7/10] 0.8 secs
				[allineato_al_centro_verticale tried 6/10] 0.8 secs
				[allineato_al_centro_orizzontale tried 5/10] 0.8 secs
				[numero_pagine tried 1/1] 0.8 secs
				[altezza_pagina tried 1/1] 0.8 secs
				[larghezza_pagina tried 1/1] 0.8 secs
				[altezza_rettangolo tried 2/2] 0.8 secs
				[ascissa_rettangolo tried 2/2] 0.8 secs
				[ordinata_rettangolo tried 2/2] 0.8 secs
				[larghezza_rettangolo tried 2/2] 0.8 secs

	Save clause ending with to_right(C,F) (cover 46, accuracy 100%)

Best literal to_right(C,F) (7.7 bits)

Initial clause (0 errs): class_jmlr(A) :- pagina_1(A,B), frame(B,C), tipo_testo(C), to_right(D,C), tipo_testo(D), allineato_al_centro_orizzontale(E,D), on_top(D,C), to_right(D,E), to_right(E,C), to_right(C,F).
		to_right(D,C) needed for binding allineato_al_centro_orizzontale(E,D)
		frame(B,C) needed for binding to_right(D,C)
		pagina_1(A,B) needed for binding frame(B,C)

Clause 0: class_jmlr(A) :- pagina_1(A,B), frame(B,C), to_right(D,C), allineato_al_centro_orizzontale(E,D), on_top(D,C), to_right(D,E), to_right(E,C), to_right(C,F).

State (44/272, 207.7 bits available)

				[pagina_1 tried 1/1] 0.9 secs
				[numero_pagine tried 1/1] 0.9 secs

Best literal pagina_1(A,B) (1.0 bits)


State (88/544 [44/272], 206.7 bits available, 1 weak literal)

				[ultima_pagina tried 1/1] 0.9 secs
				[frame tried 1/1] 0.9 secs
				[pagina_1 tried 1/3] 0.9 secs
				[numero_pagine tried 1/1] 0.9 secs
				[altezza_pagina tried 1/1] 0.9 secs
				[larghezza_pagina tried 1/1] 0.9 secs

Best literal frame(B,C) (2.6 bits)


State (2424/11512 [44/272], 205.1 bits available, 2 weak literals)

				[tipo_testo tried 1/1] 0.9 secs
				[tipo_linea_orizzontale tried 1/1] 0.9 secs
				[tipo_misto tried 1/1] 0.9 secs
				[tipo_linea_obbliqua tried 1/1] 0.9 secs
				[tipo_immagine tried 1/1] 0.9 secs
				[tipo_vuoto tried 1/1] 0.9 secs
				[ultima_pagina tried 1/1] 0.9 secs
				[frame tried 1/3] 0.9 secs
				[pagina_1 tried 2/3] 0.9 secs
				[on_top tried 2/2] 0.9 secs
				[to_right tried 2/2] 0.9 secs
				[allineato_al_centro_verticale tried 2/2] 0.9 secs
				[allineato_al_centro_orizzontale tried 2/2] 0.9 secs
				[numero_pagine tried 1/1] 0.9 secs
				[altezza_pagina tried 1/1] 0.9 secs
				[larghezza_pagina tried 1/1] 0.9 secs
				[altezza_rettangolo tried 1/1] 0.9 secs
				[ascissa_rettangolo tried 1/1] 0.9 secs
				[ordinata_rettangolo tried 1/1] 0.9 secs
				[larghezza_rettangolo tried 1/1] 0.9 secs

Best literal to_right(C,D) (5.3 bits)


State (27672/91304 [44/271], 201.3 bits available)

				[= tried 1/1] 0.9 secs
				[tipo_testo tried 2/2] 0.9 secs
				[tipo_linea_orizzontale tried 2/2] 0.9 secs
				[tipo_misto tried 2/2] 0.9 secs
				[tipo_linea_obbliqua tried 2/2] 0.9 secs
				[tipo_immagine tried 2/2] 0.9 secs
				[tipo_vuoto tried 2/2] 0.9 secs
				[ultima_pagina tried 1/1] 0.9 secs
				[frame tried 4/5] 0.9 secs
				[pagina_1 tried 2/3] 0.9 secs
				[on_top tried 6/6] 0.9 secs
				[to_right tried 4/6] 1.0 secs
				[allineato_al_centro_verticale tried 6/6] 1.0 secs
				[allineato_al_centro_orizzontale tried 6/6] 1.0 secs
				[numero_pagine tried 1/1] 1.0 secs
				[altezza_pagina tried 1/1] 1.0 secs
				[larghezza_pagina tried 1/1] 1.0 secs
				[altezza_rettangolo tried 2/2] 1.0 secs
				[ascissa_rettangolo tried 2/2] 1.0 secs
				[ordinata_rettangolo tried 2/2] 1.0 secs
				[larghezza_rettangolo tried 2/2] 1.0 secs

Best literal tipo_testo(D) (5.4 bits)


State (27264/72592 [44/269], 197.9 bits available)

				[= tried 1/1] 1.0 secs
				[tipo_testo tried 1/2] 1.0 secs
				[tipo_linea_orizzontale tried 2/2] 1.0 secs
				[tipo_misto tried 2/2] 1.0 secs
				[tipo_linea_obbliqua tried 2/2] 1.0 secs
				[tipo_immagine tried 2/2] 1.0 secs
				[tipo_vuoto tried 2/2] 1.0 secs
				[ultima_pagina tried 1/1] 1.0 secs
				[frame tried 4/5] 1.0 secs
				[pagina_1 tried 2/3] 1.1 secs
				[on_top tried 6/6] 1.1 secs
				[to_right tried 5/6] 1.1 secs
				[allineato_al_centro_verticale tried 6/6] 1.1 secs
				[allineato_al_centro_orizzontale tried 6/6] 1.1 secs
				[numero_pagine tried 1/1] 1.1 secs
				[altezza_pagina tried 1/1] 1.1 secs
				[larghezza_pagina tried 1/1] 1.1 secs
				[altezza_rettangolo tried 2/2] 1.1 secs
				[ascissa_rettangolo tried 2/2] 1.1 secs
				[ordinata_rettangolo tried 2/2] 1.1 secs
				[larghezza_rettangolo tried 2/2] 1.1 secs

Best literal tipo_testo(C) (5.4 bits)


State (26888/64704 [44/269], 194.9 bits available)

				[= tried 1/1] 1.2 secs
				[tipo_testo tried 0/2] 1.2 secs
				[tipo_linea_orizzontale tried 2/2] 1.2 secs
				[tipo_misto tried 2/2] 1.2 secs
				[tipo_linea_obbliqua tried 2/2] 1.2 secs
				[tipo_immagine tried 2/2] 1.2 secs
				[tipo_vuoto tried 2/2] 1.2 secs
				[ultima_pagina tried 1/1] 1.2 secs
				[frame tried 4/5] 1.2 secs
				[pagina_1 tried 2/3] 1.2 secs
				[on_top tried 6/6] 1.2 secs
				[to_right tried 5/6] 1.2 secs
				[allineato_al_centro_verticale tried 6/6] 1.2 secs
				[allineato_al_centro_orizzontale tried 5/6] 1.2 secs
				[numero_pagine tried 1/1] 1.2 secs
				[altezza_pagina tried 1/1] 1.2 secs
				[larghezza_pagina tried 1/1] 1.2 secs
				[altezza_rettangolo tried 2/2] 1.3 secs
				[ascissa_rettangolo tried 2/2] 1.3 secs
				[ordinata_rettangolo tried 2/2] 1.3 secs
				[larghezza_rettangolo tried 2/2] 1.3 secs

	Save clause ending with allineato_al_centro_orizzontale(C,E) (cover 43, accuracy 82%)

Best literal allineato_al_centro_orizzontale(C,E) (7.0 bits)


State (5888/7136 [43/52], 187.6 bits available)

				[= tried 3/3] 1.3 secs
				[tipo_testo tried 1/3] 1.3 secs
				[tipo_linea_orizzontale tried 3/3] 1.3 secs
				[tipo_misto tried 3/3] 1.3 secs
				[tipo_linea_obbliqua tried 3/3] 1.3 secs
				[tipo_immagine tried 3/3] 1.3 secs
				[tipo_vuoto tried 3/3] 1.3 secs
				[ultima_pagina tried 1/1] 1.3 secs
				[frame tried 6/7] 1.3 secs
				[pagina_1 tried 2/3] 1.3 secs
				[on_top tried 12/12] 1.3 secs
				[to_right tried 11/12] 1.3 secs
				[allineato_al_centro_verticale tried 6/12] 1.3 secs
				[allineato_al_centro_orizzontale tried 6/12] 1.3 secs
				[numero_pagine tried 1/1] 1.3 secs
				[altezza_pagina tried 1/1] 1.3 secs
				[larghezza_pagina tried 1/1] 1.3 secs
				[altezza_rettangolo tried 3/3] 1.3 secs
				[ascissa_rettangolo tried 3/3] 1.3 secs
				[ordinata_rettangolo tried 3/3] 1.3 secs
				[larghezza_rettangolo tried 3/3] 1.3 secs

	Save clause ending with on_top(C,D) (cover 43, accuracy 84%)

	Save on_top(E,D) (43,51 value 101.5)
	Save to_right(E,F) (43,51 value 101.5)

Best literal on_top(C,D) (8.0 bits)


State (10048/10880 [43/51], 182.4 bits available)

				[= tried 3/3] 1.3 secs
				[tipo_testo tried 1/3] 1.3 secs
				[tipo_linea_orizzontale tried 3/3] 1.3 secs
				[tipo_misto tried 3/3] 1.3 secs
				[tipo_linea_obbliqua tried 3/3] 1.3 secs
				[tipo_immagine tried 3/3] 1.3 secs
				[tipo_vuoto tried 3/3] 1.3 secs
				[ultima_pagina tried 1/1] 1.3 secs
				[frame tried 6/7] 1.3 secs
				[pagina_1 tried 2/3] 1.3 secs
				[on_top tried 11/12] 1.3 secs
				[to_right tried 11/12] 1.4 secs
				[allineato_al_centro_verticale tried 8/12] 1.4 secs
				[allineato_al_centro_orizzontale tried 6/12] 1.4 secs
				[numero_pagine tried 1/1] 1.4 secs
				[altezza_pagina tried 1/1] 1.4 secs
				[larghezza_pagina tried 1/1] 1.4 secs
				[altezza_rettangolo tried 3/3] 1.4 secs
				[ascissa_rettangolo tried 3/3] 1.4 secs
				[ordinata_rettangolo tried 3/3] 1.4 secs
				[larghezza_rettangolo tried 3/3] 1.4 secs

	Save clause ending with to_right(C,E) (cover 38, accuracy 84%)

Best literal to_right(D,F) (8.0 bits)


State (80704/83648 [38/45], 162.2 bits available)

				[= tried 6/6] 1.4 secs
				[tipo_testo tried 2/4] 1.4 secs
				[tipo_linea_orizzontale tried 4/4] 1.4 secs
				[tipo_misto tried 4/4] 1.4 secs
				[tipo_linea_obbliqua tried 4/4] 1.4 secs
				[tipo_immagine tried 4/4] 1.4 secs
				[tipo_vuoto tried 4/4] 1.4 secs
				[ultima_pagina tried 1/1] 1.4 secs
				[frame tried 7/8] 1.5 secs
				[pagina_1 tried 2/3] 1.5 secs
				[on_top tried 17/18] 1.5 secs
				[to_right tried 15/18] 1.6 secs
				[allineato_al_centro_verticale tried 15/18] 1.6 secs
				[allineato_al_centro_orizzontale tried 10/18] 1.6 secs
				[numero_pagine tried 1/1] 1.7 secs
				[altezza_pagina tried 1/1] 1.7 secs
				[larghezza_pagina tried 1/1] 1.7 secs
				[altezza_rettangolo tried 3/3] 1.7 secs
				[ascissa_rettangolo tried 3/3] 1.7 secs
				[ordinata_rettangolo tried 3/3] 1.7 secs
				[larghezza_rettangolo tried 3/3] 1.7 secs

	Save clause ending with to_right(F,E) (cover 38, accuracy 97%)

	Save to_right(F,E) (38,39 value 97.4)

Best literal on_top(D,F) (8.6 bits)


State (72832/74112 [38/44], 156.8 bits available)

				[= tried 6/6] 1.7 secs
				[tipo_testo tried 2/4] 1.7 secs
				[tipo_linea_orizzontale tried 4/4] 1.7 secs
				[tipo_misto tried 4/4] 1.7 secs
				[tipo_linea_obbliqua tried 4/4] 1.7 secs
				[tipo_immagine tried 4/4] 1.8 secs
				[tipo_vuoto tried 4/4] 1.8 secs
				[ultima_pagina tried 1/1] 1.8 secs
				[frame tried 7/8] 1.8 secs
				[pagina_1 tried 2/3] 1.8 secs
				[on_top tried 16/18] 1.9 secs
				[to_right tried 16/18] 1.9 secs
				[allineato_al_centro_verticale tried 18/18] 2.0 secs
				[allineato_al_centro_orizzontale tried 10/18] 2.0 secs
				[numero_pagine tried 1/1] 2.0 secs
				[altezza_pagina tried 1/1] 2.0 secs
				[larghezza_pagina tried 1/1] 2.0 secs
				[altezza_rettangolo tried 3/3] 2.0 secs
				[ascissa_rettangolo tried 3/3] 2.0 secs
				[ordinata_rettangolo tried 3/3] 2.0 secs
				[larghezza_rettangolo tried 3/3] 2.0 secs

	Save to_right(F,E) (38,39 value 97.4)

Best literal allineato_al_centro_verticale(G,E) (8.6 bits)


State (25856/26112 [7/8], 21.6 bits available)

				[= tried 10/10] 2.0 secs
				[tipo_testo tried 3/5] 2.0 secs
				[tipo_linea_orizzontale tried 5/5] 2.0 secs
				[tipo_misto tried 5/5] 2.0 secs
				[tipo_linea_obbliqua tried 5/5] 2.0 secs
				[tipo_immagine tried 5/5] 2.0 secs
				[tipo_vuoto tried 5/5] 2.1 secs
				[ultima_pagina tried 1/1] 2.1 secs
				[frame tried 8/9] 2.1 secs
				[pagina_1 tried 2/3] 2.1 secs
				[on_top tried 4/26] 2.1 secs

	Save clause ending with on_top(C,G) (cover 7, accuracy 100%)

Best literal on_top(C,G) (9.1 bits)

Initial clause (0 errs): class_jmlr(A) :- pagina_1(A,B), frame(B,C), to_right(C,D), tipo_testo(D), tipo_testo(C), allineato_al_centro_orizzontale(C,E), on_top(C,D), to_right(D,F), on_top(D,F), allineato_al_centro_verticale(G,E), on_top(C,G).
		allineato_al_centro_orizzontale(C,E) needed for binding allineato_al_centro_verticale(G,E)
		frame(B,C) needed for binding to_right(C,D)
		pagina_1(A,B) needed for binding frame(B,C)

Clause 1: class_jmlr(A) :- pagina_1(A,B), frame(B,C), to_right(C,D), tipo_testo(C), allineato_al_centro_orizzontale(C,E), on_top(C,D), to_right(D,F), on_top(D,F), allineato_al_centro_verticale(G,E), on_top(C,G).

State (37/265, 186.4 bits available)

				[pagina_1 tried 1/1] 2.2 secs
				[numero_pagine tried 1/1] 2.2 secs

Best literal pagina_1(A,B) (1.0 bits)


State (74/530 [37/265], 185.4 bits available, 1 weak literal)

				[ultima_pagina tried 1/1] 2.2 secs
				[frame tried 1/1] 2.2 secs
				[pagina_1 tried 1/3] 2.2 secs
				[numero_pagine tried 1/1] 2.2 secs
				[altezza_pagina tried 1/1] 2.2 secs
				[larghezza_pagina tried 1/1] 2.2 secs

Best literal frame(B,C) (2.6 bits)


State (2068/11156 [37/265], 183.8 bits available, 2 weak literals)

				[tipo_testo tried 1/1] 2.2 secs
				[tipo_linea_orizzontale tried 1/1] 2.2 secs
				[tipo_misto tried 1/1] 2.2 secs
				[tipo_linea_obbliqua tried 1/1] 2.2 secs
				[tipo_immagine tried 1/1] 2.2 secs
				[tipo_vuoto tried 1/1] 2.2 secs
				[ultima_pagina tried 1/1] 2.2 secs
				[frame tried 1/3] 2.2 secs
				[pagina_1 tried 2/3] 2.2 secs
				[on_top tried 2/2] 2.2 secs
				[to_right tried 2/2] 2.2 secs
				[allineato_al_centro_verticale tried 2/2] 2.2 secs
				[allineato_al_centro_orizzontale tried 2/2] 2.2 secs
				[numero_pagine tried 1/1] 2.2 secs
				[altezza_pagina tried 1/1] 2.2 secs
				[larghezza_pagina tried 1/1] 2.2 secs
				[altezza_rettangolo tried 1/1] 2.2 secs
				[ascissa_rettangolo tried 1/1] 2.2 secs
				[ordinata_rettangolo tried 1/1] 2.2 secs
				[larghezza_rettangolo tried 1/1] 2.2 secs

Best literal to_right(C,D) (5.3 bits)


State (23920/87552 [37/264], 180.1 bits available)

				[= tried 1/1] 2.2 secs
				[tipo_testo tried 2/2] 2.2 secs
				[tipo_linea_orizzontale tried 2/2] 2.2 secs
				[tipo_misto tried 2/2] 2.2 secs
				[tipo_linea_obbliqua tried 2/2] 2.2 secs
				[tipo_immagine tried 2/2] 2.2 secs
				[tipo_vuoto tried 2/2] 2.2 secs
				[ultima_pagina tried 1/1] 2.2 secs
				[frame tried 4/5] 2.2 secs
				[pagina_1 tried 2/3] 2.3 secs
				[on_top tried 6/6] 2.3 secs
				[to_right tried 4/6] 2.3 secs
				[allineato_al_centro_verticale tried 6/6] 2.3 secs
				[allineato_al_centro_orizzontale tried 6/6] 2.3 secs
				[numero_pagine tried 1/1] 2.3 secs
				[altezza_pagina tried 1/1] 2.3 secs
				[larghezza_pagina tried 1/1] 2.3 secs
				[altezza_rettangolo tried 2/2] 2.3 secs
				[ascissa_rettangolo tried 2/2] 2.3 secs
				[ordinata_rettangolo tried 2/2] 2.3 secs
				[larghezza_rettangolo tried 2/2] 2.3 secs

Best literal tipo_testo(D) (5.4 bits)


State (23600/68928 [37/262], 176.7 bits available)

				[= tried 1/1] 2.4 secs
				[tipo_testo tried 1/2] 2.4 secs
				[tipo_linea_orizzontale tried 2/2] 2.4 secs
				[tipo_misto tried 2/2] 2.4 secs
				[tipo_linea_obbliqua tried 2/2] 2.4 secs
				[tipo_immagine tried 2/2] 2.4 secs
				[tipo_vuoto tried 2/2] 2.4 secs
				[ultima_pagina tried 1/1] 2.4 secs
				[frame tried 4/5] 2.4 secs
				[pagina_1 tried 2/3] 2.4 secs
				[on_top tried 6/6] 2.4 secs
				[to_right tried 5/6] 2.4 secs
				[allineato_al_centro_verticale tried 6/6] 2.4 secs
				[allineato_al_centro_orizzontale tried 6/6] 2.4 secs
				[numero_pagine tried 1/1] 2.4 secs
				[altezza_pagina tried 1/1] 2.4 secs
				[larghezza_pagina tried 1/1] 2.4 secs
				[altezza_rettangolo tried 2/2] 2.5 secs
				[ascissa_rettangolo tried 2/2] 2.5 secs
				[ordinata_rettangolo tried 2/2] 2.5 secs
				[larghezza_rettangolo tried 2/2] 2.5 secs

Best literal tipo_testo(C) (5.4 bits)


State (23240/61056 [37/262], 173.6 bits available)

				[= tried 1/1] 2.5 secs
				[tipo_testo tried 0/2] 2.5 secs
				[tipo_linea_orizzontale tried 2/2] 2.5 secs
				[tipo_misto tried 2/2] 2.5 secs
				[tipo_linea_obbliqua tried 2/2] 2.5 secs
				[tipo_immagine tried 2/2] 2.5 secs
				[tipo_vuoto tried 2/2] 2.5 secs
				[ultima_pagina tried 1/1] 2.5 secs
				[frame tried 4/5] 2.5 secs
				[pagina_1 tried 2/3] 2.5 secs
				[on_top tried 6/6] 2.5 secs
				[to_right tried 5/6] 2.5 secs
				[allineato_al_centro_verticale tried 6/6] 2.6 secs
				[allineato_al_centro_orizzontale tried 5/6] 2.6 secs
				[numero_pagine tried 1/1] 2.6 secs
				[altezza_pagina tried 1/1] 2.6 secs
				[larghezza_pagina tried 1/1] 2.6 secs
				[altezza_rettangolo tried 2/2] 2.6 secs
				[ascissa_rettangolo tried 2/2] 2.6 secs
				[ordinata_rettangolo tried 2/2] 2.6 secs
				[larghezza_rettangolo tried 2/2] 2.6 secs

	Save clause ending with allineato_al_centro_orizzontale(C,E) (cover 36, accuracy 80%)

Best literal allineato_al_centro_orizzontale(C,E) (7.0 bits)


State (4928/6176 [36/45], 166.0 bits available)

				[= tried 3/3] 2.6 secs
				[tipo_testo tried 1/3] 2.6 secs
				[tipo_linea_orizzontale tried 3/3] 2.6 secs
				[tipo_misto tried 3/3] 2.6 secs
				[tipo_linea_obbliqua tried 3/3] 2.6 secs
				[tipo_immagine tried 3/3] 2.6 secs
				[tipo_vuoto tried 3/3] 2.6 secs
				[ultima_pagina tried 1/1] 2.6 secs
				[frame tried 6/7] 2.6 secs
				[pagina_1 tried 2/3] 2.6 secs
				[on_top tried 12/12] 2.6 secs
				[to_right tried 11/12] 2.6 secs
				[allineato_al_centro_verticale tried 6/12] 2.6 secs
				[allineato_al_centro_orizzontale tried 6/12] 2.6 secs
				[numero_pagine tried 1/1] 2.6 secs
				[altezza_pagina tried 1/1] 2.6 secs
				[larghezza_pagina tried 1/1] 2.6 secs
				[altezza_rettangolo tried 3/3] 2.6 secs
				[ascissa_rettangolo tried 3/3] 2.6 secs
				[ordinata_rettangolo tried 3/3] 2.6 secs
				[larghezza_rettangolo tried 3/3] 2.6 secs

	Save clause ending with on_top(C,D) (cover 36, accuracy 81%)

	Save on_top(E,D) (36,44 value 90.9)
	Save to_right(E,F) (36,44 value 90.9)

Best literal on_top(C,D) (8.0 bits)


State (8352/9184 [36/44], 160.8 bits available)

				[= tried 3/3] 2.6 secs
				[tipo_testo tried 1/3] 2.6 secs
				[tipo_linea_orizzontale tried 3/3] 2.6 secs
				[tipo_misto tried 3/3] 2.6 secs
				[tipo_linea_obbliqua tried 3/3] 2.6 secs
				[tipo_immagine tried 3/3] 2.6 secs
				[tipo_vuoto tried 3/3] 2.6 secs
				[ultima_pagina tried 1/1] 2.6 secs
				[frame tried 6/7] 2.6 secs
				[pagina_1 tried 2/3] 2.7 secs
				[on_top tried 11/12] 2.7 secs
				[to_right tried 11/12] 2.7 secs
				[allineato_al_centro_verticale tried 8/12] 2.7 secs
				[allineato_al_centro_orizzontale tried 6/12] 2.7 secs
				[numero_pagine tried 1/1] 2.7 secs
				[altezza_pagina tried 1/1] 2.7 secs
				[larghezza_pagina tried 1/1] 2.7 secs
				[altezza_rettangolo tried 3/3] 2.7 secs
				[ascissa_rettangolo tried 3/3] 2.7 secs
				[ordinata_rettangolo tried 3/3] 2.7 secs
				[larghezza_rettangolo tried 3/3] 2.7 secs

	Save clause ending with to_right(E,F) (cover 36, accuracy 83%)

	Save on_top(D,F) (36,44 value 90.9)
	Save to_right(E,F) (36,43 value 92.1)

Best literal to_right(D,F) (8.0 bits)


State (67264/70208 [31/38], 139.0 bits available)

				[= tried 6/6] 2.7 secs
				[tipo_testo tried 2/4] 2.7 secs
				[tipo_linea_orizzontale tried 4/4] 2.7 secs
				[tipo_misto tried 4/4] 2.7 secs
				[tipo_linea_obbliqua tried 4/4] 2.7 secs
				[tipo_immagine tried 4/4] 2.7 secs
				[tipo_vuoto tried 4/4] 2.7 secs
				[ultima_pagina tried 1/1] 2.7 secs
				[frame tried 7/8] 2.8 secs
				[pagina_1 tried 2/3] 2.8 secs
				[on_top tried 17/18] 2.8 secs
				[to_right tried 15/18] 2.9 secs
				[allineato_al_centro_verticale tried 15/18] 2.9 secs
				[allineato_al_centro_orizzontale tried 10/18] 2.9 secs
				[numero_pagine tried 1/1] 2.9 secs
				[altezza_pagina tried 1/1] 2.9 secs
				[larghezza_pagina tried 1/1] 2.9 secs
				[altezza_rettangolo tried 3/3] 3.0 secs
				[ascissa_rettangolo tried 3/3] 3.0 secs
				[ordinata_rettangolo tried 3/3] 3.0 secs
				[larghezza_rettangolo tried 3/3] 3.0 secs

	Save clause ending with to_right(F,E) (cover 31, accuracy 96%)

	Save to_right(F,E) (31,32 value 85.7)

Best literal on_top(D,F) (8.6 bits)


State (59904/61184 [31/37], 133.6 bits available)

				[= tried 6/6] 3.0 secs
				[tipo_testo tried 2/4] 3.0 secs
				[tipo_linea_orizzontale tried 4/4] 3.0 secs
				[tipo_misto tried 4/4] 3.0 secs
				[tipo_linea_obbliqua tried 4/4] 3.0 secs
				[tipo_immagine tried 4/4] 3.0 secs
				[tipo_vuoto tried 4/4] 3.0 secs
				[ultima_pagina tried 1/1] 3.0 secs
				[frame tried 7/8] 3.1 secs
				[pagina_1 tried 2/3] 3.1 secs
				[on_top tried 16/18] 3.1 secs
				[to_right tried 16/18] 3.2 secs
				[allineato_al_centro_verticale tried 18/18] 3.2 secs
				[allineato_al_centro_orizzontale tried 10/18] 3.2 secs
				[numero_pagine tried 1/1] 3.2 secs
				[altezza_pagina tried 1/1] 3.2 secs
				[larghezza_pagina tried 1/1] 3.2 secs
				[altezza_rettangolo tried 3/3] 3.2 secs
				[ascissa_rettangolo tried 3/3] 3.3 secs
				[ordinata_rettangolo tried 3/3] 3.3 secs
				[larghezza_rettangolo tried 3/3] 3.3 secs

Best literal to_right(F,E) (8.6 bits)


State (34048/34560 [31/32], 128.3 bits available)

				[= tried 6/6] 3.3 secs
				[tipo_testo tried 2/4] 3.3 secs
				[tipo_linea_orizzontale tried 4/4] 3.3 secs
				[tipo_misto tried 4/4] 3.3 secs
				[tipo_linea_obbliqua tried 4/4] 3.3 secs
				[tipo_immagine tried 4/4] 3.3 secs
				[tipo_vuoto tried 4/4] 3.3 secs
				[ultima_pagina tried 1/1] 3.3 secs
				[frame tried 7/8] 3.3 secs
				[pagina_1 tried 2/3] 3.3 secs
				[on_top tried 16/18] 3.4 secs
				[to_right tried 15/18] 3.4 secs
				[allineato_al_centro_verticale tried 15/18] 3.4 secs
				[allineato_al_centro_orizzontale tried 11/18] 3.4 secs
				[numero_pagine tried 1/1] 3.4 secs
				[altezza_pagina tried 1/1] 3.4 secs
				[larghezza_pagina tried 1/1] 3.4 secs
				[altezza_rettangolo tried 3/3] 3.4 secs
				[ascissa_rettangolo tried 3/3] 3.5 secs
				[ordinata_rettangolo tried 3/3] 3.5 secs
				[larghezza_rettangolo tried 3/3] 3.5 secs

	Save clause ending with allineato_al_centro_verticale(G,D) (cover 26, accuracy 100%)

Best literal allineato_al_centro_verticale(G,D) (8.6 bits)

Initial clause (0 errs): class_jmlr(A) :- pagina_1(A,B), frame(B,C), to_right(C,D), tipo_testo(D), tipo_testo(C), allineato_al_centro_orizzontale(C,E), on_top(C,D), to_right(D,F), on_top(D,F), to_right(F,E), allineato_al_centro_verticale(G,D).
		frame(B,C) needed for binding to_right(C,D)
		pagina_1(A,B) needed for binding frame(B,C)

Clause 2: class_jmlr(A) :- pagina_1(A,B), frame(B,C), to_right(C,D), tipo_testo(C), allineato_al_centro_orizzontale(C,E), on_top(C,D), to_right(D,F), to_right(F,E), allineato_al_centro_verticale(G,D).

State (8/236, 65.3 bits available)

				[pagina_1 tried 1/1] 3.6 secs
				[numero_pagine tried 1/1] 3.6 secs

Best literal pagina_1(A,B) (1.0 bits)


State (16/472 [8/236], 64.3 bits available, 1 weak literal)

				[ultima_pagina tried 1/1] 3.6 secs
				[frame tried 1/1] 3.6 secs
				[pagina_1 tried 1/3] 3.6 secs
				[numero_pagine tried 1/1] 3.6 secs
				[altezza_pagina tried 1/1] 3.6 secs
				[larghezza_pagina tried 1/1] 3.6 secs

Best literal frame(B,C) (2.6 bits)


State (444/9532 [8/236], 62.7 bits available, 2 weak literals)

				[tipo_testo tried 1/1] 3.6 secs
				[tipo_linea_orizzontale tried 1/1] 3.6 secs
				[tipo_misto tried 1/1] 3.6 secs
				[tipo_linea_obbliqua tried 1/1] 3.6 secs
				[tipo_immagine tried 1/1] 3.6 secs
				[tipo_vuoto tried 1/1] 3.6 secs
				[ultima_pagina tried 1/1] 3.6 secs
				[frame tried 1/3] 3.6 secs
				[pagina_1 tried 2/3] 3.6 secs
				[on_top tried 2/2] 3.6 secs
				[to_right tried 2/2] 3.6 secs
				[allineato_al_centro_verticale tried 2/2] 3.6 secs
				[allineato_al_centro_orizzontale tried 2/2] 3.6 secs
				[numero_pagine tried 1/1] 3.6 secs
				[altezza_pagina tried 1/1] 3.6 secs
				[larghezza_pagina tried 1/1] 3.6 secs
				[altezza_rettangolo tried 1/1] 3.6 secs
				[ascissa_rettangolo tried 1/1] 3.6 secs
				[ordinata_rettangolo tried 1/1] 3.6 secs
				[larghezza_rettangolo tried 1/1] 3.6 secs

Best literal to_right(C,D) (5.3 bits)


State (5008/68640 [8/235], 59.0 bits available)

				[= tried 1/1] 3.6 secs
				[tipo_testo tried 2/2] 3.6 secs
				[tipo_linea_orizzontale tried 2/2] 3.6 secs
				[tipo_misto tried 2/2] 3.6 secs
				[tipo_linea_obbliqua tried 2/2] 3.6 secs
				[tipo_immagine tried 2/2] 3.6 secs
				[tipo_vuoto tried 2/2] 3.6 secs
				[ultima_pagina tried 1/1] 3.6 secs
				[frame tried 4/5] 3.6 secs
				[pagina_1 tried 2/3] 3.7 secs
				[on_top tried 6/6] 3.7 secs
				[to_right tried 4/6] 3.7 secs
				[allineato_al_centro_verticale tried 6/6] 3.7 secs
				[allineato_al_centro_orizzontale tried 6/6] 3.7 secs
				[numero_pagine tried 1/1] 3.7 secs
				[altezza_pagina tried 1/1] 3.7 secs
				[larghezza_pagina tried 1/1] 3.7 secs
				[altezza_rettangolo tried 2/2] 3.7 secs
				[ascissa_rettangolo tried 2/2] 3.7 secs
				[ordinata_rettangolo tried 2/2] 3.7 secs
				[larghezza_rettangolo tried 2/2] 3.7 secs

Best literal tipo_testo(D) (5.4 bits)


State (4896/50224 [8/233], 55.6 bits available)

				[= tried 1/1] 3.7 secs
				[tipo_testo tried 1/2] 3.7 secs
				[tipo_linea_orizzontale tried 2/2] 3.7 secs
				[tipo_misto tried 2/2] 3.7 secs
				[tipo_linea_obbliqua tried 2/2] 3.7 secs
				[tipo_immagine tried 2/2] 3.7 secs
				[tipo_vuoto tried 2/2] 3.7 secs
				[ultima_pagina tried 1/1] 3.7 secs
				[frame tried 4/5] 3.8 secs
				[pagina_1 tried 2/3] 3.8 secs
				[on_top tried 6/6] 3.8 secs
				[to_right tried 5/6] 3.8 secs
				[allineato_al_centro_verticale tried 6/6] 3.8 secs
				[allineato_al_centro_orizzontale tried 6/6] 3.8 secs
				[numero_pagine tried 1/1] 3.8 secs
				[altezza_pagina tried 1/1] 3.8 secs
				[larghezza_pagina tried 1/1] 3.8 secs
				[altezza_rettangolo tried 2/2] 3.8 secs
				[ascissa_rettangolo tried 2/2] 3.8 secs
				[ordinata_rettangolo tried 2/2] 3.8 secs
				[larghezza_rettangolo tried 2/2] 3.8 secs

Best literal tipo_testo(C) (5.4 bits)


State (4824/42640 [8/233], 52.5 bits available)

				[= tried 1/1] 3.8 secs
				[tipo_testo tried 0/2] 3.8 secs
				[tipo_linea_orizzontale tried 2/2] 3.8 secs
				[tipo_misto tried 2/2] 3.8 secs
				[tipo_linea_obbliqua tried 2/2] 3.8 secs
				[tipo_immagine tried 2/2] 3.8 secs
				[tipo_vuoto tried 2/2] 3.8 secs
				[ultima_pagina tried 1/1] 3.8 secs
				[frame tried 4/5] 3.9 secs
				[pagina_1 tried 2/3] 3.9 secs
				[on_top tried 6/6] 3.9 secs
				[to_right tried 5/6] 3.9 secs
				[allineato_al_centro_verticale tried 6/6] 3.9 secs
				[allineato_al_centro_orizzontale tried 6/6] 3.9 secs
				[numero_pagine tried 1/1] 3.9 secs
				[altezza_pagina tried 1/1] 3.9 secs
				[larghezza_pagina tried 1/1] 3.9 secs
				[altezza_rettangolo tried 2/2] 3.9 secs
				[ascissa_rettangolo tried 2/2] 3.9 secs
				[ordinata_rettangolo tried 2/2] 3.9 secs
				[larghezza_rettangolo tried 2/2] 3.9 secs

	Save allineato_al_centro_verticale(E,D) (8,159 value 4.5)

Best literal allineato_al_centro_orizzontale(E,C) (7.0 bits)


State (880/1760 [8/19], 48.1 bits available)

				[= tried 3/3] 3.9 secs
				[tipo_testo tried 1/3] 3.9 secs
				[tipo_linea_orizzontale tried 3/3] 3.9 secs
				[tipo_misto tried 3/3] 3.9 secs
				[tipo_linea_obbliqua tried 3/3] 3.9 secs
				[tipo_immagine tried 3/3] 3.9 secs
				[tipo_vuoto tried 3/3] 3.9 secs
				[ultima_pagina tried 1/1] 3.9 secs
				[frame tried 6/7] 3.9 secs
				[pagina_1 tried 2/3] 3.9 secs
				[on_top tried 12/12] 3.9 secs
				[to_right tried 11/12] 3.9 secs
				[allineato_al_centro_verticale tried 8/12] 3.9 secs
				[allineato_al_centro_orizzontale tried 6/12] 3.9 secs
				[numero_pagine tried 1/1] 3.9 secs
				[altezza_pagina tried 1/1] 3.9 secs
				[larghezza_pagina tried 1/1] 3.9 secs
				[altezza_rettangolo tried 3/3] 3.9 secs
				[ascissa_rettangolo tried 3/3] 3.9 secs
				[ordinata_rettangolo tried 3/3] 3.9 secs
				[larghezza_rettangolo tried 3/3] 3.9 secs

	Save on_top(E,D) (8,16 value 30.4)
	Save on_top(E,F) (8,19 value 28.5)
	Save on_top(C,F) (8,19 value 28.5)
	Save to_right(D,E) (6,8 value 26.1)

Best literal on_top(C,D) (8.0 bits)


State (1376/2048 [8/16], 43.0 bits available)

				[= tried 3/3] 3.9 secs
				[tipo_testo tried 1/3] 3.9 secs
				[tipo_linea_orizzontale tried 3/3] 3.9 secs
				[tipo_misto tried 3/3] 3.9 secs
				[tipo_linea_obbliqua tried 3/3] 3.9 secs
				[tipo_immagine tried 3/3] 3.9 secs
				[tipo_vuoto tried 3/3] 3.9 secs
				[ultima_pagina tried 1/1] 3.9 secs
				[frame tried 6/7] 3.9 secs
				[pagina_1 tried 2/3] 3.9 secs
				[on_top tried 11/12] 3.9 secs
				[to_right tried 11/12] 4.0 secs
				[allineato_al_centro_verticale tried 8/12] 4.0 secs
				[allineato_al_centro_orizzontale tried 6/12] 4.0 secs
				[numero_pagine tried 1/1] 4.0 secs
				[altezza_pagina tried 1/1] 4.0 secs
				[larghezza_pagina tried 1/1] 4.0 secs
				[altezza_rettangolo tried 3/3] 4.0 secs
				[ascissa_rettangolo tried 3/3] 4.0 secs
				[ordinata_rettangolo tried 3/3] 4.0 secs
				[larghezza_rettangolo tried 3/3] 4.0 secs

	Save clause ending with to_right(D,E) (cover 5, accuracy 83%)

	Save to_right(D,F) (7,13 value 27.4)
	Save to_right(C,E) (6,8 value 26.1)
	Save on_top(D,F) (7,15 value 26.0)

Best literal to_right(D,E) (8.0 bits)


State (1664/1856 [5/6], 19.9 bits available)

				[= tried 3/3] 4.0 secs
				[tipo_testo tried 1/3] 4.0 secs
				[tipo_linea_orizzontale tried 3/3] 4.0 secs
				[tipo_misto tried 3/3] 4.0 secs
				[tipo_linea_obbliqua tried 3/3] 4.0 secs
				[tipo_immagine tried 3/3] 4.0 secs
				[tipo_vuoto tried 3/3] 4.0 secs
				[ultima_pagina tried 1/1] 4.0 secs
				[frame tried 6/7] 4.0 secs
				[pagina_1 tried 2/3] 4.0 secs
				[on_top tried 11/12] 4.0 secs
				[to_right tried 5/12] 4.0 secs

	Save clause ending with to_right(E,F) (cover 5, accuracy 100%)

Best literal to_right(E,F) (8.0 bits)

Initial clause (0 errs): class_jmlr(A) :- pagina_1(A,B), frame(B,C), to_right(C,D), tipo_testo(D), tipo_testo(C), allineato_al_centro_orizzontale(E,C), on_top(C,D), to_right(D,E), to_right(E,F).
		frame(B,C) needed for binding to_right(C,D)
		pagina_1(A,B) needed for binding frame(B,C)

Clause 3: class_jmlr(A) :- pagina_1(A,B), frame(B,C), to_right(C,D), allineato_al_centro_orizzontale(E,C), on_top(C,D), to_right(D,E), to_right(E,F).

State (3/231, 33.7 bits available)

				[pagina_1 tried 1/1] 4.0 secs
				[numero_pagine tried 1/1] 4.0 secs

Best literal pagina_1(A,B) (1.0 bits)


State (6/462 [3/231], 32.7 bits available, 1 weak literal)

				[ultima_pagina tried 1/1] 4.0 secs
				[frame tried 1/1] 4.0 secs
				[pagina_1 tried 1/3] 4.0 secs
				[numero_pagine tried 1/1] 4.0 secs
				[altezza_pagina tried 1/1] 4.0 secs
				[larghezza_pagina tried 1/1] 4.0 secs

Best literal frame(B,C) (2.6 bits)


State (192/9280 [3/231], 31.1 bits available, 2 weak literals)

				[tipo_testo tried 1/1] 4.0 secs
				[tipo_linea_orizzontale tried 1/1] 4.0 secs
				[tipo_misto tried 1/1] 4.0 secs
				[tipo_linea_obbliqua tried 1/1] 4.0 secs
				[tipo_immagine tried 1/1] 4.0 secs
				[tipo_vuoto tried 1/1] 4.0 secs
				[ultima_pagina tried 1/1] 4.0 secs
				[frame tried 1/3] 4.0 secs
				[pagina_1 tried 2/3] 4.0 secs
				[on_top tried 2/2] 4.0 secs
				[to_right tried 2/2] 4.0 secs
				[allineato_al_centro_verticale tried 2/2] 4.0 secs
				[allineato_al_centro_orizzontale tried 2/2] 4.0 secs
				[numero_pagine tried 1/1] 4.0 secs
				[altezza_pagina tried 1/1] 4.0 secs
				[larghezza_pagina tried 1/1] 4.0 secs
				[altezza_rettangolo tried 1/1] 4.0 secs
				[ascissa_rettangolo tried 1/1] 4.0 secs
				[ordinata_rettangolo tried 1/1] 4.0 secs
				[larghezza_rettangolo tried 1/1] 4.0 secs

Best literal to_right(C,D) (5.3 bits)


State (2440/66072 [3/230], 27.4 bits available)

				[= tried 1/1] 4.0 secs
				[tipo_testo tried 2/2] 4.0 secs
				[tipo_linea_orizzontale tried 2/2] 4.0 secs
				[tipo_misto tried 2/2] 4.0 secs
				[tipo_linea_obbliqua tried 2/2] 4.0 secs
				[tipo_immagine tried 2/2] 4.0 secs
				[tipo_vuoto tried 2/2] 4.0 secs
				[ultima_pagina tried 1/1] 4.0 secs
				[frame tried 4/5] 4.1 secs
				[pagina_1 tried 2/3] 4.1 secs
				[on_top tried 6/6] 4.1 secs
				[to_right tried 4/6] 4.1 secs
				[allineato_al_centro_verticale tried 6/6] 4.1 secs
				[allineato_al_centro_orizzontale tried 6/6] 4.1 secs
				[numero_pagine tried 1/1] 4.1 secs
				[altezza_pagina tried 1/1] 4.1 secs
				[larghezza_pagina tried 1/1] 4.1 secs
				[altezza_rettangolo tried 2/2] 4.1 secs
				[ascissa_rettangolo tried 2/2] 4.1 secs
				[ordinata_rettangolo tried 2/2] 4.1 secs
				[larghezza_rettangolo tried 2/2] 4.1 secs

Best literal tipo_testo(D) (5.4 bits)


State (2376/47704 [3/228], 24.0 bits available)

				[= tried 1/1] 4.1 secs
				[tipo_testo tried 1/2] 4.1 secs
				[tipo_linea_orizzontale tried 2/2] 4.1 secs
				[tipo_misto tried 2/2] 4.1 secs
				[tipo_linea_obbliqua tried 2/2] 4.1 secs
				[tipo_immagine tried 2/2] 4.1 secs
				[tipo_vuoto tried 2/2] 4.1 secs
				[ultima_pagina tried 1/1] 4.1 secs
				[frame tried 4/5] 4.2 secs
				[pagina_1 tried 2/3] 4.2 secs
				[on_top tried 6/6] 4.2 secs
				[to_right tried 5/6] 4.2 secs
				[allineato_al_centro_verticale tried 6/6] 4.2 secs
				[allineato_al_centro_orizzontale tried 5/6] 4.2 secs
				[numero_pagine tried 1/1] 4.2 secs
				[altezza_pagina tried 1/1] 4.2 secs
				[larghezza_pagina tried 1/1] 4.2 secs
				[altezza_rettangolo tried 2/2] 4.2 secs
				[ascissa_rettangolo tried 2/2] 4.2 secs
				[ordinata_rettangolo tried 2/2] 4.2 secs
				[larghezza_rettangolo tried 2/2] 4.2 secs

Best literal tipo_testo(C) (5.4 bits)


State (2328/40144 [3/228], 20.9 bits available)

				[= tried 1/1] 4.2 secs
				[tipo_testo tried 0/2] 4.2 secs
				[tipo_linea_orizzontale tried 2/2] 4.2 secs
				[tipo_misto tried 2/2] 4.2 secs
				[tipo_linea_obbliqua tried 2/2] 4.2 secs
				[tipo_immagine tried 2/2] 4.2 secs
				[tipo_vuoto tried 2/2] 4.2 secs
				[ultima_pagina tried 1/1] 4.2 secs
				[frame tried 4/5] 4.2 secs
				[pagina_1 tried 2/3] 4.3 secs
				[on_top tried 6/6] 4.3 secs
				[to_right tried 5/6] 4.3 secs
				[allineato_al_centro_verticale tried 6/6] 4.3 secs
				[allineato_al_centro_orizzontale tried 5/6] 4.3 secs
				[numero_pagine tried 1/1] 4.3 secs
				[altezza_pagina tried 1/1] 4.3 secs
				[larghezza_pagina tried 1/1] 4.3 secs
				[altezza_rettangolo tried 2/2] 4.3 secs
				[ascissa_rettangolo tried 2/2] 4.3 secs
				[ordinata_rettangolo tried 2/2] 4.3 secs
				[larghezza_rettangolo tried 2/2] 4.3 secs

	Save allineato_al_centro_orizzontale(E,C) (3,14 value 11.9)

Best literal allineato_al_centro_orizzontale(C,E) (7.0 bits)


State (320/1568 [2/11], 9.1 bits available)

				[= tried 3/3] 4.3 secs
				[tipo_testo tried 1/3] 4.3 secs
				[tipo_linea_orizzontale tried 3/3] 4.3 secs
				[tipo_misto tried 3/3] 4.3 secs
				[tipo_linea_obbliqua tried 3/3] 4.3 secs
				[tipo_immagine tried 3/3] 4.3 secs
				[tipo_vuoto tried 3/3] 4.3 secs
				[ultima_pagina tried 1/1] 4.3 secs
				[frame tried 6/7] 4.3 secs
				[pagina_1 tried 2/3] 4.3 secs
				[on_top tried 12/12] 4.3 secs
				[to_right tried 11/12] 4.3 secs
				[allineato_al_centro_verticale tried 8/12] 4.3 secs
				[allineato_al_centro_orizzontale tried 6/12] 4.3 secs
				[numero_pagine tried 1/1] 4.3 secs
				[altezza_pagina tried 1/1] 4.3 secs
				[larghezza_pagina tried 1/1] 4.3 secs
				[altezza_rettangolo tried 3/3] 4.3 secs
				[ascissa_rettangolo tried 3/3] 4.3 secs
				[ordinata_rettangolo tried 3/3] 4.3 secs
				[larghezza_rettangolo tried 3/3] 4.3 secs

	Save on_top(E,D) (2,10 value 8.0)
	Save on_top(C,F) (2,11 value 7.7)
	Save on_top(E,F) (2,11 value 7.7)
	Save to_right(E,F) (2,10 value 8.0)

Best literal on_top(C,D) (8.0 bits)


State (576/1408 [2/10], 4.0 bits available)

				[= tried 3/3] 4.3 secs
				[tipo_testo tried 1/3] 4.3 secs
				[tipo_linea_orizzontale tried 3/3] 4.3 secs
				[tipo_misto tried 3/3] 4.3 secs
				[tipo_linea_obbliqua tried 3/3] 4.3 secs
				[tipo_immagine tried 3/3] 4.3 secs
				[tipo_vuoto tried 3/3] 4.3 secs
				[ultima_pagina tried 1/1] 4.3 secs
				[frame requires 7.2 bits]
				[pagina_1 tried 2/3] 4.3 secs
				[on_top requires 8.0 bits]
				[to_right requires 8.0 bits]
				[allineato_al_centro_verticale requires 8.0 bits]
				[allineato_al_centro_orizzontale requires 8.0 bits]
				[numero_pagine tried 1/1] 4.3 secs
				[altezza_pagina tried 1/1] 4.3 secs
				[larghezza_pagina tried 1/1] 4.3 secs
				[altezza_rettangolo tried 3/3] 4.3 secs
				[ascissa_rettangolo tried 3/3] 4.3 secs
				[ordinata_rettangolo tried 3/3] 4.3 secs
				[larghezza_rettangolo tried 3/3] 4.3 secs

No literals

Recover to class_jmlr(A) :- pagina_1(A,B), frame(B,C), to_right(C,D), tipo_testo(D), tipo_testo(C), allineato_al_centro_orizzontale(E,C).



State (256/1136 [3/14], 16.5 bits available)

				[= tried 3/3] 4.3 secs
				[tipo_testo tried 1/3] 4.3 secs
				[tipo_linea_orizzontale tried 3/3] 4.3 secs
				[tipo_misto tried 3/3] 4.3 secs
				[tipo_linea_obbliqua tried 3/3] 4.3 secs
				[tipo_immagine tried 3/3] 4.3 secs
				[tipo_vuoto tried 3/3] 4.3 secs
				[ultima_pagina tried 1/1] 4.3 secs
				[frame tried 6/7] 4.4 secs
				[pagina_1 tried 2/3] 4.4 secs
				[on_top tried 12/12] 4.4 secs
				[to_right tried 11/12] 4.4 secs
				[allineato_al_centro_verticale tried 10/12] 4.4 secs
				[allineato_al_centro_orizzontale tried 6/12] 4.4 secs
				[numero_pagine tried 1/1] 4.4 secs
				[altezza_pagina tried 1/1] 4.4 secs
				[larghezza_pagina tried 1/1] 4.4 secs
				[altezza_rettangolo tried 3/3] 4.4 secs
				[ascissa_rettangolo tried 3/3] 4.4 secs
				[ordinata_rettangolo tried 3/3] 4.4 secs
				[larghezza_rettangolo tried 3/3] 4.4 secs

	Save allineato_al_centro_verticale(E,F) (2,8 value 8.5)

Best literal to_right(E,F) (8.0 bits)


State (4096/9632 [3/12], 11.4 bits available)

				[= tried 6/6] 4.4 secs
				[tipo_testo tried 2/4] 4.4 secs
				[tipo_linea_orizzontale tried 4/4] 4.4 secs
				[tipo_misto tried 4/4] 4.4 secs
				[tipo_linea_obbliqua tried 4/4] 4.4 secs
				[tipo_immagine tried 4/4] 4.4 secs
				[tipo_vuoto tried 4/4] 4.4 secs
				[ultima_pagina tried 1/1] 4.4 secs
				[frame tried 7/8] 4.4 secs
				[pagina_1 tried 2/3] 4.4 secs
				[on_top tried 18/18] 4.4 secs
				[to_right tried 15/18] 4.4 secs
				[allineato_al_centro_verticale tried 15/18] 4.4 secs
				[allineato_al_centro_orizzontale tried 11/18] 4.4 secs
				[numero_pagine tried 1/1] 4.4 secs
				[altezza_pagina tried 1/1] 4.4 secs
				[larghezza_pagina tried 1/1] 4.4 secs
				[altezza_rettangolo tried 3/3] 4.4 secs
				[ascissa_rettangolo tried 3/3] 4.4 secs
				[ordinata_rettangolo tried 3/3] 4.4 secs
				[larghezza_rettangolo tried 3/3] 4.4 secs

	Save to_right(D,G) (3,10 value 13.2)

Best literal to_right(C,G) (8.6 bits)


State (49408/89792 [3/12], 5.8 bits available, 1 weak literal)

				[= tried 10/10] 4.4 secs
				[tipo_testo tried 3/5] 4.4 secs
				[tipo_linea_orizzontale tried 5/5] 4.4 secs
				[tipo_misto tried 5/5] 4.4 secs
				[tipo_linea_obbliqua tried 5/5] 4.4 secs
				[tipo_immagine tried 5/5] 4.4 secs
				[tipo_vuoto tried 5/5] 4.5 secs
				[ultima_pagina tried 1/1] 4.5 secs
				[frame tried 9/10] 4.5 secs
				[pagina_1 tried 2/3] 4.5 secs
				[on_top requires 9.2 bits]
				[to_right requires 9.2 bits]
				[allineato_al_centro_verticale requires 9.2 bits]
				[allineato_al_centro_orizzontale requires 9.2 bits]
				[numero_pagine tried 1/1] 4.5 secs
				[altezza_pagina tried 1/1] 4.5 secs
				[larghezza_pagina tried 1/1] 4.5 secs
				[altezza_rettangolo tried 4/4] 4.5 secs
				[ascissa_rettangolo tried 4/4] 4.5 secs
				[ordinata_rettangolo tried 4/4] 4.6 secs
				[larghezza_rettangolo tried 4/4] 4.6 secs

No literals

Recover to class_jmlr(A) :- pagina_1(A,B), frame(B,C), to_right(C,D), tipo_testo(D), tipo_testo(C), allineato_al_centro_orizzontale(E,C), to_right(E,F), to_right(D,G).



State (17792/31488 [3/10], 5.8 bits available)

				[= tried 10/10] 4.6 secs
				[tipo_testo tried 3/5] 4.6 secs
				[tipo_linea_orizzontale tried 5/5] 4.6 secs
				[tipo_misto tried 5/5] 4.6 secs
				[tipo_linea_obbliqua tried 5/5] 4.6 secs
				[tipo_immagine tried 5/5] 4.6 secs
				[tipo_vuoto tried 5/5] 4.6 secs
				[ultima_pagina tried 1/1] 4.6 secs
				[frame tried 8/9] 4.6 secs
				[pagina_1 tried 2/3] 4.6 secs
				[on_top requires 9.1 bits]
				[to_right requires 9.1 bits]
				[allineato_al_centro_verticale requires 9.1 bits]
				[allineato_al_centro_orizzontale requires 9.1 bits]
				[numero_pagine tried 1/1] 4.6 secs
				[altezza_pagina tried 1/1] 4.6 secs
				[larghezza_pagina tried 1/1] 4.6 secs
				[altezza_rettangolo tried 3/3] 4.7 secs
				[ascissa_rettangolo tried 3/3] 4.7 secs
				[ordinata_rettangolo tried 3/3] 4.7 secs
				[larghezza_rettangolo tried 3/3] 4.7 secs

No literals

Recover to class_jmlr(A) :- pagina_1(A,B), frame(B,C), to_right(C,D), tipo_testo(D), tipo_testo(C), allineato_al_centro_orizzontale(E,C), allineato_al_centro_verticale(E,F).



State (1632/3328 [2/8], 4.0 bits available)

				[= requires 8.0 bits]
				[tipo_testo tried 2/4] 4.7 secs
				[tipo_linea_orizzontale tried 4/4] 4.7 secs
				[tipo_misto tried 4/4] 4.7 secs
				[tipo_linea_obbliqua tried 4/4] 4.7 secs
				[tipo_immagine tried 4/4] 4.7 secs
				[tipo_vuoto tried 4/4] 4.7 secs
				[ultima_pagina tried 1/1] 4.7 secs
				[frame requires 7.4 bits]
				[pagina_1 tried 2/3] 4.7 secs
				[on_top requires 8.6 bits]
				[to_right requires 8.6 bits]
				[allineato_al_centro_verticale requires 8.6 bits]
				[allineato_al_centro_orizzontale requires 8.6 bits]
				[numero_pagine tried 1/1] 4.7 secs
				[altezza_pagina tried 1/1] 4.7 secs
				[larghezza_pagina tried 1/1] 4.7 secs
				[altezza_rettangolo tried 3/3] 4.7 secs
				[ascissa_rettangolo tried 3/3] 4.7 secs
				[ordinata_rettangolo tried 3/3] 4.7 secs
				[larghezza_rettangolo tried 3/3] 4.7 secs

No literals

Recover to class_jmlr(A) :- pagina_1(A,B), frame(B,C), to_right(C,D), tipo_testo(D), tipo_testo(C), allineato_al_centro_orizzontale(C,E), on_top(E,D).



State (576/1408 [2/10], 4.0 bits available)

				[= tried 3/3] 4.7 secs
				[tipo_testo tried 1/3] 4.7 secs
				[tipo_linea_orizzontale tried 3/3] 4.7 secs
				[tipo_misto tried 3/3] 4.7 secs
				[tipo_linea_obbliqua tried 3/3] 4.7 secs
				[tipo_immagine tried 3/3] 4.7 secs
				[tipo_vuoto tried 3/3] 4.7 secs
				[ultima_pagina tried 1/1] 4.7 secs
				[frame requires 7.2 bits]
				[pagina_1 tried 2/3] 4.7 secs
				[on_top requires 8.0 bits]
				[to_right requires 8.0 bits]
				[allineato_al_centro_verticale requires 8.0 bits]
				[allineato_al_centro_orizzontale requires 8.0 bits]
				[numero_pagine tried 1/1] 4.7 secs
				[altezza_pagina tried 1/1] 4.7 secs
				[larghezza_pagina tried 1/1] 4.7 secs
				[altezza_rettangolo tried 3/3] 4.7 secs
				[ascissa_rettangolo tried 3/3] 4.7 secs
				[ordinata_rettangolo tried 3/3] 4.7 secs
				[larghezza_rettangolo tried 3/3] 4.7 secs

No literals

Recover to class_jmlr(A) :- pagina_1(A,B), frame(B,C), to_right(C,D), tipo_testo(D), tipo_testo(C), allineato_al_centro_orizzontale(C,E), to_right(E,F).



State (2560/7456 [2/10], 4.0 bits available)

				[= requires 8.0 bits]
				[tipo_testo tried 2/4] 4.7 secs
				[tipo_linea_orizzontale tried 4/4] 4.7 secs
				[tipo_misto tried 4/4] 4.7 secs
				[tipo_linea_obbliqua tried 4/4] 4.7 secs
				[tipo_immagine tried 4/4] 4.7 secs
				[tipo_vuoto tried 4/4] 4.7 secs
				[ultima_pagina tried 1/1] 4.7 secs
				[frame requires 7.4 bits]
				[pagina_1 tried 2/3] 4.7 secs
				[on_top requires 8.6 bits]
				[to_right requires 8.6 bits]
				[allineato_al_centro_verticale requires 8.6 bits]
				[allineato_al_centro_orizzontale requires 8.6 bits]
				[numero_pagine tried 1/1] 4.7 secs
				[altezza_pagina tried 1/1] 4.7 secs
				[larghezza_pagina tried 1/1] 4.7 secs
				[altezza_rettangolo tried 3/3] 4.7 secs
				[ascissa_rettangolo tried 3/3] 4.7 secs
				[ordinata_rettangolo tried 3/3] 4.7 secs
				[larghezza_rettangolo tried 3/3] 4.7 secs

No literals

Recover to class_jmlr(A) :- pagina_1(A,B), frame(B,C), to_right(C,D), tipo_testo(D), tipo_testo(C), allineato_al_centro_orizzontale(C,E), on_top(C,F).



State (9280/25952 [2/11], 4.0 bits available, 1 weak literal)

				[= requires 8.0 bits]
				[tipo_testo tried 2/4] 4.8 secs
				[tipo_linea_orizzontale tried 4/4] 4.8 secs
				[tipo_misto tried 4/4] 4.8 secs
				[tipo_linea_obbliqua tried 4/4] 4.8 secs
				[tipo_immagine tried 4/4] 4.8 secs
				[tipo_vuoto tried 4/4] 4.8 secs
				[ultima_pagina tried 1/1] 4.8 secs
				[frame requires 7.6 bits]
				[pagina_1 tried 2/3] 4.8 secs
				[on_top requires 8.7 bits]
				[to_right requires 8.7 bits]
				[allineato_al_centro_verticale requires 8.7 bits]
				[allineato_al_centro_orizzontale requires 8.7 bits]
				[numero_pagine tried 1/1] 4.8 secs
				[altezza_pagina tried 1/1] 4.8 secs
				[larghezza_pagina tried 1/1] 4.8 secs
				[altezza_rettangolo tried 4/4] 4.8 secs
				[ascissa_rettangolo tried 4/4] 4.8 secs
				[ordinata_rettangolo tried 4/4] 4.8 secs
				[larghezza_rettangolo tried 4/4] 4.8 secs

Best literal tipo_testo(F) (6.4 bits)


State (9280/25664 [2/11], 0.6 bits available)

				[= requires 8.0 bits]
				[tipo_testo requires 6.4 bits]
				[tipo_linea_orizzontale requires 6.4 bits]
				[tipo_misto requires 6.4 bits]
				[tipo_linea_obbliqua requires 6.4 bits]
				[tipo_immagine requires 6.4 bits]
				[tipo_vuoto requires 6.4 bits]
				[ultima_pagina requires 4.4 bits]
				[frame requires 7.6 bits]
				[pagina_1 requires 6.0 bits]
				[on_top requires 8.7 bits]
				[to_right requires 8.7 bits]
				[allineato_al_centro_verticale requires 8.7 bits]
				[allineato_al_centro_orizzontale requires 8.7 bits]
				[numero_pagine requires 4.4 bits]
				[altezza_pagina requires 4.4 bits]
				[larghezza_pagina requires 4.4 bits]
				[altezza_rettangolo requires 6.4 bits]
				[ascissa_rettangolo requires 6.4 bits]
				[ordinata_rettangolo requires 6.4 bits]
				[larghezza_rettangolo requires 6.4 bits]

No literals

Recover to class_jmlr(A) :- pagina_1(A,B), frame(B,C), to_right(C,D), tipo_testo(D), tipo_testo(C), allineato_al_centro_orizzontale(C,E), on_top(E,F).



State (9280/26816 [2/11], 4.0 bits available, 1 weak literal)

				[= requires 8.0 bits]
				[tipo_testo tried 2/4] 4.8 secs
				[tipo_linea_orizzontale tried 4/4] 4.8 secs
				[tipo_misto tried 4/4] 4.8 secs
				[tipo_linea_obbliqua tried 4/4] 4.8 secs
				[tipo_immagine tried 4/4] 4.8 secs
				[tipo_vuoto tried 4/4] 4.8 secs
				[ultima_pagina tried 1/1] 4.8 secs
				[frame requires 7.4 bits]
				[pagina_1 tried 2/3] 4.8 secs
				[on_top requires 8.6 bits]
				[to_right requires 8.6 bits]
				[allineato_al_centro_verticale requires 8.6 bits]
				[allineato_al_centro_orizzontale requires 8.6 bits]
				[numero_pagine tried 1/1] 4.8 secs
				[altezza_pagina tried 1/1] 4.8 secs
				[larghezza_pagina tried 1/1] 4.8 secs
				[altezza_rettangolo tried 3/3] 4.9 secs
				[ascissa_rettangolo tried 3/3] 4.9 secs
				[ordinata_rettangolo tried 3/3] 4.9 secs
				[larghezza_rettangolo tried 3/3] 4.9 secs

Best literal tipo_testo(F) (6.4 bits)


State (9280/26528 [2/11], 0.6 bits available)

				[= requires 8.0 bits]
				[tipo_testo requires 6.4 bits]
				[tipo_linea_orizzontale requires 6.4 bits]
				[tipo_misto requires 6.4 bits]
				[tipo_linea_obbliqua requires 6.4 bits]
				[tipo_immagine requires 6.4 bits]
				[tipo_vuoto requires 6.4 bits]
				[ultima_pagina requires 4.4 bits]
				[frame requires 7.4 bits]
				[pagina_1 requires 6.0 bits]
				[on_top requires 8.6 bits]
				[to_right requires 8.6 bits]
				[allineato_al_centro_verticale requires 8.6 bits]
				[allineato_al_centro_orizzontale requires 8.6 bits]
				[numero_pagine requires 4.4 bits]
				[altezza_pagina requires 4.4 bits]
				[larghezza_pagina requires 4.4 bits]
				[altezza_rettangolo requires 6.0 bits]
				[ascissa_rettangolo requires 6.0 bits]
				[ordinata_rettangolo requires 6.0 bits]
				[larghezza_rettangolo requires 6.0 bits]

No literals

Initial clause (9 errs): class_jmlr(A) :- pagina_1(A,B), frame(B,C), to_right(C,D), tipo_testo(D), tipo_testo(C), allineato_al_centro_orizzontale(C,E), on_top(E,F), tipo_testo(F).
		frame(B,C) needed for binding to_right(C,D)
		pagina_1(A,B) needed for binding frame(B,C)

Clause too inaccurate (2/11)

Delete clause
	class_jmlr(A) :- pagina_1(A,B), frame(B,C), to_right(D,C), allineato_al_centro_orizzontale(E,D), on_top(D,C), to_right(D,E), to_right(E,C), to_right(C,F).

***  Warning: the following definition
***  does not cover 3 tuples in the relation

class_jmlr(A) :- pagina_1(A,B), frame(B,C), to_right(C,D), tipo_testo(C), allineato_al_centro_orizzontale(C,E), on_top(C,D), to_right(D,F), on_top(D,F), allineato_al_centro_verticale(G,E), on_top(C,G).
class_jmlr(A) :- pagina_1(A,B), frame(B,C), to_right(C,D), tipo_testo(C), allineato_al_centro_orizzontale(C,E), on_top(C,D), to_right(D,F), to_right(F,E), allineato_al_centro_verticale(G,D).
class_jmlr(A) :- pagina_1(A,B), frame(B,C), to_right(C,D), allineato_al_centro_orizzontale(E,C), on_top(C,D), to_right(D,E), to_right(E,F).

Time 5.0 secs

Test relation class_jmlr
    (-)	d06060518285500732
    (-)	sciserv7
Summary: 2 errors in 35 trials
