FOIL 6.4   [January 1996]
--------

    Options:
	no negated literals
	verbosity level 2

Types Documento and Pagina are not compatible
Types Documento and Frame are not compatible
Types Documento and NumeroPagine are not compatible
Types Documento and LarghezzaPagina are not compatible
Types Documento and AltezzaPagina are not compatible
Types Documento and AscissaRettangolo are not compatible
Types Documento and OrdinataRettangolo are not compatible
Types Documento and LarghezzaRettangolo are not compatible
Types Documento and AltezzaRettangolo are not compatible
Types Pagina and Frame are not compatible
Types Pagina and NumeroPagine are not compatible
Types Pagina and LarghezzaPagina are not compatible
Types Pagina and AltezzaPagina are not compatible
Types Pagina and AscissaRettangolo are not compatible
Types Pagina and OrdinataRettangolo are not compatible
Types Pagina and LarghezzaRettangolo are not compatible
Types Pagina and AltezzaRettangolo are not compatible
Types Frame and NumeroPagine are not compatible
Types Frame and LarghezzaPagina are not compatible
Types Frame and AltezzaPagina are not compatible
Types Frame and AscissaRettangolo are not compatible
Types Frame and OrdinataRettangolo are not compatible
Types Frame and LarghezzaRettangolo are not compatible
Types Frame and AltezzaRettangolo are not compatible
Types NumeroPagine and LarghezzaPagina are not compatible
Types NumeroPagine and AltezzaPagina are not compatible
Types NumeroPagine and AscissaRettangolo are not compatible
Types NumeroPagine and OrdinataRettangolo are not compatible
Types NumeroPagine and LarghezzaRettangolo are not compatible
Types NumeroPagine and AltezzaRettangolo are not compatible
Types LarghezzaPagina and AltezzaPagina are not compatible
Types LarghezzaPagina and AscissaRettangolo are not compatible
Types LarghezzaPagina and OrdinataRettangolo are not compatible
Types LarghezzaPagina and LarghezzaRettangolo are not compatible
Types LarghezzaPagina and AltezzaRettangolo are not compatible
Types AltezzaPagina and AscissaRettangolo are not compatible
Types AltezzaPagina and OrdinataRettangolo are not compatible
Types AltezzaPagina and LarghezzaRettangolo are not compatible
Types AltezzaPagina and AltezzaRettangolo are not compatible
Types AscissaRettangolo and OrdinataRettangolo are not compatible
Types AscissaRettangolo and LarghezzaRettangolo are not compatible
Types AscissaRettangolo and AltezzaRettangolo are not compatible
Types OrdinataRettangolo and LarghezzaRettangolo are not compatible
Types OrdinataRettangolo and AltezzaRettangolo are not compatible
Types LarghezzaRettangolo and AltezzaRettangolo are not compatible

Relation class_jmlr

Relation *allineato_al_centro_orizzontale
    (warning: contains duplicate positive tuples)

Relation *allineato_al_centro_verticale
    (warning: contains duplicate positive tuples)

Relation *altezza_pagina
    (warning: contains duplicate positive tuples)

Relation *larghezza_pagina
    (warning: contains duplicate positive tuples)

Relation *altezza_rettangolo
    (warning: contains duplicate positive tuples)

Relation *ascissa_rettangolo
    (warning: contains duplicate positive tuples)

Relation *ordinata_rettangolo
    (warning: contains duplicate positive tuples)

Relation *larghezza_rettangolo
    (warning: contains duplicate positive tuples)

Relation *frame
    (warning: contains duplicate positive tuples)

Relation *numero_pagine
    (warning: contains duplicate positive tuples)

Relation *on_top
    (warning: contains duplicate positive tuples)

Relation *to_right
    (warning: contains duplicate positive tuples)

Relation *pagina_1
    (warning: contains duplicate positive tuples)

Relation *ultima_pagina

Relation *tipo_immagine

Relation *tipo_linea_obbliqua

Relation *tipo_linea_orizzontale

Relation *tipo_misto

Relation *tipo_testo

Relation *tipo_vuoto

----------
class_jmlr:

State (90/318, 305.0 bits available)

				[pagina_1 tried 1/1] 0.2 secs
				[numero_pagine tried 1/1] 0.2 secs

Best literal pagina_1(A,B) (1.0 bits)


State (180/636 [90/318], 304.0 bits available, 1 weak literal)

				[ultima_pagina tried 1/1] 0.2 secs
				[frame tried 1/1] 0.2 secs
				[pagina_1 tried 1/3] 0.2 secs
				[numero_pagine tried 1/1] 0.2 secs
				[altezza_pagina tried 1/1] 0.2 secs
				[larghezza_pagina tried 1/1] 0.2 secs

Best literal frame(B,C) (2.6 bits)


State (4920/14068 [90/318], 302.5 bits available, 2 weak literals)

				[tipo_testo tried 1/1] 0.2 secs
				[tipo_linea_orizzontale tried 1/1] 0.2 secs
				[tipo_misto tried 1/1] 0.2 secs
				[tipo_linea_obbliqua tried 1/1] 0.2 secs
				[tipo_immagine tried 1/1] 0.2 secs
				[tipo_vuoto tried 1/1] 0.2 secs
				[ultima_pagina tried 1/1] 0.2 secs
				[frame tried 1/3] 0.2 secs
				[pagina_1 tried 2/3] 0.2 secs
				[on_top tried 2/2] 0.2 secs
				[to_right tried 2/2] 0.2 secs
				[allineato_al_centro_verticale tried 2/2] 0.2 secs
				[allineato_al_centro_orizzontale tried 2/2] 0.2 secs
				[numero_pagine tried 1/1] 0.2 secs
				[altezza_pagina tried 1/1] 0.2 secs
				[larghezza_pagina tried 1/1] 0.2 secs
				[altezza_rettangolo tried 1/1] 0.2 secs
				[ascissa_rettangolo tried 1/1] 0.2 secs
				[ordinata_rettangolo tried 1/1] 0.2 secs
				[larghezza_rettangolo tried 1/1] 0.2 secs

	Save clause ending with tipo_vuoto(C) (cover 1, accuracy 100%)

Best literal tipo_testo(C) (4.3 bits)


State (4816/12272 [90/318], 299.7 bits available)

				[tipo_testo tried 0/1] 0.2 secs
				[tipo_linea_orizzontale tried 1/1] 0.2 secs
				[tipo_misto tried 1/1] 0.2 secs
				[tipo_linea_obbliqua tried 1/1] 0.2 secs
				[tipo_immagine tried 1/1] 0.2 secs
				[tipo_vuoto tried 1/1] 0.2 secs
				[ultima_pagina tried 1/1] 0.2 secs
				[frame tried 2/3] 0.2 secs
				[pagina_1 tried 2/3] 0.2 secs
				[on_top tried 2/2] 0.2 secs
				[to_right tried 2/2] 0.2 secs
				[allineato_al_centro_verticale tried 2/2] 0.2 secs
				[allineato_al_centro_orizzontale tried 2/2] 0.2 secs
				[numero_pagine tried 1/1] 0.2 secs
				[altezza_pagina tried 1/1] 0.2 secs
				[larghezza_pagina tried 1/1] 0.2 secs
				[altezza_rettangolo tried 1/1] 0.2 secs
				[ascissa_rettangolo tried 1/1] 0.2 secs
				[ordinata_rettangolo tried 1/1] 0.2 secs
				[larghezza_rettangolo tried 1/1] 0.2 secs

	Save allineato_al_centro_orizzontale(C,D) (89,98 value 148.8)

Best literal allineato_al_centro_orizzontale(D,C) (5.3 bits)


State (768/912 [90/100], 296.4 bits available)

				[= tried 1/1] 0.2 secs
				[tipo_testo tried 1/2] 0.2 secs
				[tipo_linea_orizzontale tried 2/2] 0.2 secs
				[tipo_misto tried 2/2] 0.2 secs
				[tipo_linea_obbliqua tried 2/2] 0.2 secs
				[tipo_immagine tried 2/2] 0.2 secs
				[tipo_vuoto tried 2/2] 0.2 secs
				[ultima_pagina tried 1/1] 0.2 secs
				[frame tried 4/5] 0.2 secs
				[pagina_1 tried 2/3] 0.2 secs
				[on_top tried 6/6] 0.2 secs
				[to_right tried 6/6] 0.2 secs
				[allineato_al_centro_verticale tried 6/6] 0.2 secs
				[allineato_al_centro_orizzontale tried 3/6] 0.2 secs
				[numero_pagine tried 1/1] 0.2 secs
				[altezza_pagina tried 1/1] 0.2 secs
				[larghezza_pagina tried 1/1] 0.2 secs
				[altezza_rettangolo tried 2/2] 0.2 secs
				[ascissa_rettangolo tried 2/2] 0.2 secs
				[ordinata_rettangolo tried 2/2] 0.2 secs
				[larghezza_rettangolo tried 2/2] 0.2 secs

Best literal to_right(C,E) (7.0 bits)


State (10288/11152 [90/100], 291.7 bits available)

				[= tried 3/3] 0.2 secs
				[tipo_testo tried 2/3] 0.2 secs
				[tipo_linea_orizzontale tried 3/3] 0.2 secs
				[tipo_misto tried 3/3] 0.2 secs
				[tipo_linea_obbliqua tried 3/3] 0.2 secs
				[tipo_immagine tried 3/3] 0.2 secs
				[tipo_vuoto tried 3/3] 0.2 secs
				[ultima_pagina tried 1/1] 0.2 secs
				[frame tried 6/7] 0.2 secs
				[pagina_1 tried 2/3] 0.2 secs
				[on_top tried 12/12] 0.2 secs
				[to_right tried 10/12] 0.3 secs
				[allineato_al_centro_verticale tried 6/12] 0.3 secs
				[allineato_al_centro_orizzontale tried 6/12] 0.3 secs
				[numero_pagine tried 1/1] 0.3 secs
				[altezza_pagina tried 1/1] 0.3 secs
				[larghezza_pagina tried 1/1] 0.3 secs
				[altezza_rettangolo tried 3/3] 0.3 secs
				[ascissa_rettangolo tried 3/3] 0.3 secs
				[ordinata_rettangolo tried 3/3] 0.3 secs
				[larghezza_rettangolo tried 3/3] 0.3 secs

	Save on_top(D,E) (90,97 value 153.2)

Best literal on_top(C,E) (8.0 bits)


State (17696/18304 [90/97], 286.3 bits available)

				[= tried 3/3] 0.3 secs
				[tipo_testo tried 2/3] 0.3 secs
				[tipo_linea_orizzontale tried 3/3] 0.3 secs
				[tipo_misto tried 3/3] 0.3 secs
				[tipo_linea_obbliqua tried 3/3] 0.3 secs
				[tipo_immagine tried 3/3] 0.3 secs
				[tipo_vuoto tried 3/3] 0.3 secs
				[ultima_pagina tried 1/1] 0.3 secs
				[frame tried 6/7] 0.3 secs
				[pagina_1 tried 2/3] 0.3 secs
				[on_top tried 11/12] 0.3 secs
				[to_right tried 11/12] 0.3 secs
				[allineato_al_centro_verticale tried 8/12] 0.3 secs
				[allineato_al_centro_orizzontale tried 6/12] 0.3 secs
				[numero_pagine tried 1/1] 0.3 secs
				[altezza_pagina tried 1/1] 0.3 secs
				[larghezza_pagina tried 1/1] 0.3 secs
				[altezza_rettangolo tried 3/3] 0.3 secs
				[ascissa_rettangolo tried 3/3] 0.3 secs
				[ordinata_rettangolo tried 3/3] 0.4 secs
				[larghezza_rettangolo tried 3/3] 0.4 secs

	Save clause ending with tipo_linea_orizzontale(E) (cover 2, accuracy 100%)

	Save to_right(E,D) (56,57 value 99.9)

Best literal to_right(C,D) (8.0 bits)


State (28672/29184 [57/59], 218.1 bits available)

				[= tried 3/3] 0.4 secs
				[tipo_testo tried 2/3] 0.4 secs
				[tipo_linea_orizzontale tried 3/3] 0.4 secs
				[tipo_misto tried 3/3] 0.4 secs
				[tipo_linea_obbliqua tried 3/3] 0.4 secs
				[tipo_immagine tried 3/3] 0.4 secs
				[tipo_vuoto tried 3/3] 0.4 secs
				[ultima_pagina tried 1/1] 0.4 secs
				[frame tried 6/7] 0.4 secs
				[pagina_1 tried 2/3] 0.4 secs
				[on_top tried 11/12] 0.4 secs
				[to_right tried 10/12] 0.4 secs
				[allineato_al_centro_verticale tried 8/12] 0.4 secs
				[allineato_al_centro_orizzontale tried 7/12] 0.4 secs
				[numero_pagine tried 1/1] 0.4 secs
				[altezza_pagina tried 1/1] 0.4 secs
				[larghezza_pagina tried 1/1] 0.4 secs
				[altezza_rettangolo tried 3/3] 0.5 secs
				[ascissa_rettangolo tried 3/3] 0.5 secs
				[ordinata_rettangolo tried 3/3] 0.5 secs
				[larghezza_rettangolo tried 3/3] 0.5 secs

Best literal to_right(D,E) (8.0 bits)


State (23424/23552 [57/58], 213.1 bits available)

				[= tried 3/3] 0.5 secs
				[tipo_testo tried 2/3] 0.5 secs
				[tipo_linea_orizzontale tried 3/3] 0.5 secs
				[tipo_misto tried 3/3] 0.5 secs
				[tipo_linea_obbliqua tried 3/3] 0.5 secs
				[tipo_immagine tried 3/3] 0.5 secs
				[tipo_vuoto tried 3/3] 0.5 secs
				[ultima_pagina tried 1/1] 0.5 secs
				[frame tried 6/7] 0.5 secs
				[pagina_1 tried 2/3] 0.5 secs
				[on_top tried 11/12] 0.5 secs
				[to_right tried 9/12] 0.5 secs
				[allineato_al_centro_verticale tried 6/12] 0.5 secs
				[allineato_al_centro_orizzontale tried 7/12] 0.5 secs
				[numero_pagine tried 1/1] 0.5 secs
				[altezza_pagina tried 1/1] 0.5 secs
				[larghezza_pagina tried 1/1] 0.5 secs
				[altezza_rettangolo tried 3/3] 0.6 secs
				[ascissa_rettangolo tried 3/3] 0.6 secs
				[ordinata_rettangolo tried 3/3] 0.6 secs
				[larghezza_rettangolo tried 3/3] 0.6 secs

	Save clause ending with to_right(E,F) (cover 51, accuracy 100%)

Best literal to_right(E,F) (8.0 bits)

Initial clause (0 errs): class_jmlr(A) :- pagina_1(A,B), frame(B,C), tipo_testo(C), allineato_al_centro_orizzontale(D,C), to_right(C,E), on_top(C,E), to_right(C,D), to_right(D,E), to_right(E,F).
		frame(B,C) needed for binding tipo_testo(C)
		pagina_1(A,B) needed for binding frame(B,C)

Clause 0: class_jmlr(A) :- pagina_1(A,B), frame(B,C), tipo_testo(C), allineato_al_centro_orizzontale(D,C), on_top(C,E), to_right(C,D), to_right(D,E), to_right(E,F).

State (39/267, 192.7 bits available)

				[pagina_1 tried 1/1] 0.6 secs
				[numero_pagine tried 1/1] 0.6 secs

Best literal pagina_1(A,B) (1.0 bits)


State (78/534 [39/267], 191.7 bits available, 1 weak literal)

				[ultima_pagina tried 1/1] 0.6 secs
				[frame tried 1/1] 0.6 secs
				[pagina_1 tried 1/3] 0.6 secs
				[numero_pagine tried 1/1] 0.6 secs
				[altezza_pagina tried 1/1] 0.6 secs
				[larghezza_pagina tried 1/1] 0.6 secs

Best literal frame(B,C) (2.6 bits)


State (2168/11316 [39/267], 190.1 bits available, 2 weak literals)

				[tipo_testo tried 1/1] 0.6 secs
				[tipo_linea_orizzontale tried 1/1] 0.6 secs
				[tipo_misto tried 1/1] 0.6 secs
				[tipo_linea_obbliqua tried 1/1] 0.6 secs
				[tipo_immagine tried 1/1] 0.6 secs
				[tipo_vuoto tried 1/1] 0.6 secs
				[ultima_pagina tried 1/1] 0.6 secs
				[frame tried 1/3] 0.6 secs
				[pagina_1 tried 2/3] 0.6 secs
				[on_top tried 2/2] 0.6 secs
				[to_right tried 2/2] 0.6 secs
				[allineato_al_centro_verticale tried 2/2] 0.6 secs
				[allineato_al_centro_orizzontale tried 2/2] 0.6 secs
				[numero_pagine tried 1/1] 0.6 secs
				[altezza_pagina tried 1/1] 0.6 secs
				[larghezza_pagina tried 1/1] 0.6 secs
				[altezza_rettangolo tried 1/1] 0.6 secs
				[ascissa_rettangolo tried 1/1] 0.6 secs
				[ordinata_rettangolo tried 1/1] 0.6 secs
				[larghezza_rettangolo tried 1/1] 0.6 secs

Best literal to_right(C,D) (5.3 bits)


State (24952/89384 [39/266], 186.4 bits available)

				[= tried 1/1] 0.6 secs
				[tipo_testo tried 2/2] 0.6 secs
				[tipo_linea_orizzontale tried 2/2] 0.6 secs
				[tipo_misto tried 2/2] 0.6 secs
				[tipo_linea_obbliqua tried 2/2] 0.6 secs
				[tipo_immagine tried 2/2] 0.6 secs
				[tipo_vuoto tried 2/2] 0.6 secs
				[ultima_pagina tried 1/1] 0.6 secs
				[frame tried 4/5] 0.7 secs
				[pagina_1 tried 2/3] 0.7 secs
				[on_top tried 6/6] 0.7 secs
				[to_right tried 4/6] 0.7 secs
				[allineato_al_centro_verticale tried 6/6] 0.7 secs
				[allineato_al_centro_orizzontale tried 6/6] 0.7 secs
				[numero_pagine tried 1/1] 0.7 secs
				[altezza_pagina tried 1/1] 0.7 secs
				[larghezza_pagina tried 1/1] 0.7 secs
				[altezza_rettangolo tried 2/2] 0.7 secs
				[ascissa_rettangolo tried 2/2] 0.7 secs
				[ordinata_rettangolo tried 2/2] 0.7 secs
				[larghezza_rettangolo tried 2/2] 0.7 secs

Best literal tipo_testo(D) (5.4 bits)


State (24544/70072 [39/263], 183.0 bits available)

				[= tried 1/1] 0.8 secs
				[tipo_testo tried 1/2] 0.8 secs
				[tipo_linea_orizzontale tried 2/2] 0.8 secs
				[tipo_misto tried 2/2] 0.8 secs
				[tipo_linea_obbliqua tried 2/2] 0.8 secs
				[tipo_immagine tried 2/2] 0.8 secs
				[tipo_vuoto tried 2/2] 0.8 secs
				[ultima_pagina tried 1/1] 0.8 secs
				[frame tried 4/5] 0.8 secs
				[pagina_1 tried 2/3] 0.8 secs
				[on_top tried 6/6] 0.8 secs
				[to_right tried 5/6] 0.8 secs
				[allineato_al_centro_verticale tried 6/6] 0.8 secs
				[allineato_al_centro_orizzontale tried 6/6] 0.8 secs
				[numero_pagine tried 1/1] 0.8 secs
				[altezza_pagina tried 1/1] 0.8 secs
				[larghezza_pagina tried 1/1] 0.8 secs
				[altezza_rettangolo tried 2/2] 0.9 secs
				[ascissa_rettangolo tried 2/2] 0.9 secs
				[ordinata_rettangolo tried 2/2] 0.9 secs
				[larghezza_rettangolo tried 2/2] 0.9 secs

Best literal tipo_testo(C) (5.4 bits)


State (24168/61720 [39/263], 179.9 bits available)

				[= tried 1/1] 0.9 secs
				[tipo_testo tried 0/2] 0.9 secs
				[tipo_linea_orizzontale tried 2/2] 0.9 secs
				[tipo_misto tried 2/2] 0.9 secs
				[tipo_linea_obbliqua tried 2/2] 0.9 secs
				[tipo_immagine tried 2/2] 0.9 secs
				[tipo_vuoto tried 2/2] 0.9 secs
				[ultima_pagina tried 1/1] 0.9 secs
				[frame tried 4/5] 0.9 secs
				[pagina_1 tried 2/3] 0.9 secs
				[on_top tried 6/6] 0.9 secs
				[to_right tried 5/6] 0.9 secs
				[allineato_al_centro_verticale tried 6/6] 1.0 secs
				[allineato_al_centro_orizzontale tried 5/6] 1.0 secs
				[numero_pagine tried 1/1] 1.0 secs
				[altezza_pagina tried 1/1] 1.0 secs
				[larghezza_pagina tried 1/1] 1.0 secs
				[altezza_rettangolo tried 2/2] 1.0 secs
				[ascissa_rettangolo tried 2/2] 1.0 secs
				[ordinata_rettangolo tried 2/2] 1.0 secs
				[larghezza_rettangolo tried 2/2] 1.0 secs

	Save clause ending with allineato_al_centro_orizzontale(C,E) (cover 38, accuracy 82%)

Best literal allineato_al_centro_orizzontale(C,E) (7.0 bits)


State (5280/6464 [38/46], 172.4 bits available)

				[= tried 3/3] 1.0 secs
				[tipo_testo tried 1/3] 1.0 secs
				[tipo_linea_orizzontale tried 3/3] 1.0 secs
				[tipo_misto tried 3/3] 1.0 secs
				[tipo_linea_obbliqua tried 3/3] 1.0 secs
				[tipo_immagine tried 3/3] 1.0 secs
				[tipo_vuoto tried 3/3] 1.0 secs
				[ultima_pagina tried 1/1] 1.0 secs
				[frame tried 6/7] 1.0 secs
				[pagina_1 tried 2/3] 1.0 secs
				[on_top tried 12/12] 1.0 secs
				[to_right tried 11/12] 1.0 secs
				[allineato_al_centro_verticale tried 6/12] 1.0 secs
				[allineato_al_centro_orizzontale tried 6/12] 1.0 secs
				[numero_pagine tried 1/1] 1.0 secs
				[altezza_pagina tried 1/1] 1.0 secs
				[larghezza_pagina tried 1/1] 1.0 secs
				[altezza_rettangolo tried 3/3] 1.0 secs
				[ascissa_rettangolo tried 3/3] 1.0 secs
				[ordinata_rettangolo tried 3/3] 1.0 secs
				[larghezza_rettangolo tried 3/3] 1.0 secs

	Save clause ending with on_top(C,D) (cover 38, accuracy 84%)

	Save on_top(E,D) (38,45 value 95.2)
	Save to_right(E,F) (38,45 value 95.2)

Best literal on_top(C,D) (8.0 bits)


State (8960/9728 [38/45], 167.2 bits available)

				[= tried 3/3] 1.0 secs
				[tipo_testo tried 1/3] 1.0 secs
				[tipo_linea_orizzontale tried 3/3] 1.0 secs
				[tipo_misto tried 3/3] 1.0 secs
				[tipo_linea_obbliqua tried 3/3] 1.1 secs
				[tipo_immagine tried 3/3] 1.1 secs
				[tipo_vuoto tried 3/3] 1.1 secs
				[ultima_pagina tried 1/1] 1.1 secs
				[frame tried 6/7] 1.1 secs
				[pagina_1 tried 2/3] 1.1 secs
				[on_top tried 11/12] 1.1 secs
				[to_right tried 11/12] 1.1 secs
				[allineato_al_centro_verticale tried 8/12] 1.1 secs
				[allineato_al_centro_orizzontale tried 6/12] 1.1 secs
				[numero_pagine tried 1/1] 1.1 secs
				[altezza_pagina tried 1/1] 1.1 secs
				[larghezza_pagina tried 1/1] 1.1 secs
				[altezza_rettangolo tried 3/3] 1.1 secs
				[ascissa_rettangolo tried 3/3] 1.1 secs
				[ordinata_rettangolo tried 3/3] 1.1 secs
				[larghezza_rettangolo tried 3/3] 1.1 secs

	Save clause ending with to_right(C,E) (cover 34, accuracy 85%)

Best literal to_right(D,F) (8.0 bits)


State (72448/75328 [34/40], 149.2 bits available)

				[= tried 6/6] 1.1 secs
				[tipo_testo tried 2/4] 1.1 secs
				[tipo_linea_orizzontale tried 4/4] 1.1 secs
				[tipo_misto tried 4/4] 1.1 secs
				[tipo_linea_obbliqua tried 4/4] 1.1 secs
				[tipo_immagine tried 4/4] 1.1 secs
				[tipo_vuoto tried 4/4] 1.1 secs
				[ultima_pagina tried 1/1] 1.2 secs
				[frame tried 7/8] 1.2 secs
				[pagina_1 tried 2/3] 1.2 secs
				[on_top tried 17/18] 1.2 secs
				[to_right tried 15/18] 1.3 secs
				[allineato_al_centro_verticale tried 15/18] 1.3 secs
				[allineato_al_centro_orizzontale tried 10/18] 1.4 secs
				[numero_pagine tried 1/1] 1.4 secs
				[altezza_pagina tried 1/1] 1.4 secs
				[larghezza_pagina tried 1/1] 1.4 secs
				[altezza_rettangolo tried 3/3] 1.4 secs
				[ascissa_rettangolo tried 3/3] 1.4 secs
				[ordinata_rettangolo tried 3/3] 1.4 secs
				[larghezza_rettangolo tried 3/3] 1.4 secs

	Save clause ending with to_right(F,E) (cover 34, accuracy 97%)

	Save to_right(F,E) (34,35 value 91.9)

Best literal on_top(D,F) (8.6 bits)


State (64512/65664 [34/39], 143.9 bits available)

				[= tried 6/6] 1.4 secs
				[tipo_testo tried 2/4] 1.4 secs
				[tipo_linea_orizzontale tried 4/4] 1.4 secs
				[tipo_misto tried 4/4] 1.4 secs
				[tipo_linea_obbliqua tried 4/4] 1.5 secs
				[tipo_immagine tried 4/4] 1.5 secs
				[tipo_vuoto tried 4/4] 1.5 secs
				[ultima_pagina tried 1/1] 1.5 secs
				[frame tried 7/8] 1.5 secs
				[pagina_1 tried 2/3] 1.5 secs
				[on_top tried 16/18] 1.5 secs
				[to_right tried 16/18] 1.6 secs
				[allineato_al_centro_verticale tried 18/18] 1.6 secs
				[allineato_al_centro_orizzontale tried 10/18] 1.7 secs
				[numero_pagine tried 1/1] 1.7 secs
				[altezza_pagina tried 1/1] 1.7 secs
				[larghezza_pagina tried 1/1] 1.7 secs
				[altezza_rettangolo tried 3/3] 1.7 secs
				[ascissa_rettangolo tried 3/3] 1.7 secs
				[ordinata_rettangolo tried 3/3] 1.7 secs
				[larghezza_rettangolo tried 3/3] 1.7 secs

Best literal to_right(F,E) (8.6 bits)


State (37888/38400 [33/34], 135.2 bits available)

				[= tried 6/6] 1.7 secs
				[tipo_testo tried 2/4] 1.7 secs
				[tipo_linea_orizzontale tried 4/4] 1.7 secs
				[tipo_misto tried 4/4] 1.7 secs
				[tipo_linea_obbliqua tried 4/4] 1.7 secs
				[tipo_immagine tried 4/4] 1.7 secs
				[tipo_vuoto tried 4/4] 1.8 secs
				[ultima_pagina tried 1/1] 1.8 secs
				[frame tried 7/8] 1.8 secs
				[pagina_1 tried 2/3] 1.8 secs
				[on_top tried 16/18] 1.8 secs
				[to_right tried 15/18] 1.9 secs
				[allineato_al_centro_verticale tried 15/18] 1.9 secs
				[allineato_al_centro_orizzontale tried 11/18] 1.9 secs
				[numero_pagine tried 1/1] 1.9 secs
				[altezza_pagina tried 1/1] 1.9 secs
				[larghezza_pagina tried 1/1] 1.9 secs
				[altezza_rettangolo tried 3/3] 1.9 secs
				[ascissa_rettangolo tried 3/3] 1.9 secs
				[ordinata_rettangolo tried 3/3] 1.9 secs
				[larghezza_rettangolo tried 3/3] 1.9 secs

	Save clause ending with allineato_al_centro_verticale(D,F) (cover 14, accuracy 100%)

	Save allineato_al_centro_verticale(G,E) (6,6 value 16.5)
	Save allineato_al_centro_verticale(F,D) (11,11 value 30.2)

Best literal allineato_al_centro_verticale(D,F) (8.6 bits)

Initial clause (0 errs): class_jmlr(A) :- pagina_1(A,B), frame(B,C), to_right(C,D), tipo_testo(D), tipo_testo(C), allineato_al_centro_orizzontale(C,E), on_top(C,D), to_right(D,F), on_top(D,F), to_right(F,E), allineato_al_centro_verticale(D,F).
		frame(B,C) needed for binding to_right(C,D)
		pagina_1(A,B) needed for binding frame(B,C)

Clause 1: class_jmlr(A) :- pagina_1(A,B), frame(B,C), to_right(C,D), tipo_testo(C), allineato_al_centro_orizzontale(C,E), on_top(C,D), to_right(D,F), allineato_al_centro_verticale(D,F).

State (13/241, 91.8 bits available)

				[pagina_1 tried 1/1] 2.0 secs
				[numero_pagine tried 1/1] 2.0 secs

Best literal pagina_1(A,B) (1.0 bits)


State (26/482 [13/241], 90.8 bits available, 1 weak literal)

				[ultima_pagina tried 1/1] 2.0 secs
				[frame tried 1/1] 2.0 secs
				[pagina_1 tried 1/3] 2.0 secs
				[numero_pagine tried 1/1] 2.0 secs
				[altezza_pagina tried 1/1] 2.0 secs
				[larghezza_pagina tried 1/1] 2.0 secs

Best literal frame(B,C) (2.6 bits)


State (716/9864 [13/241], 89.2 bits available, 2 weak literals)

				[tipo_testo tried 1/1] 2.0 secs
				[tipo_linea_orizzontale tried 1/1] 2.0 secs
				[tipo_misto tried 1/1] 2.0 secs
				[tipo_linea_obbliqua tried 1/1] 2.0 secs
				[tipo_immagine tried 1/1] 2.0 secs
				[tipo_vuoto tried 1/1] 2.0 secs
				[ultima_pagina tried 1/1] 2.0 secs
				[frame tried 1/3] 2.0 secs
				[pagina_1 tried 2/3] 2.0 secs
				[on_top tried 2/2] 2.1 secs
				[to_right tried 2/2] 2.1 secs
				[allineato_al_centro_verticale tried 2/2] 2.1 secs
				[allineato_al_centro_orizzontale tried 2/2] 2.1 secs
				[numero_pagine tried 1/1] 2.1 secs
				[altezza_pagina tried 1/1] 2.1 secs
				[larghezza_pagina tried 1/1] 2.1 secs
				[altezza_rettangolo tried 1/1] 2.1 secs
				[ascissa_rettangolo tried 1/1] 2.1 secs
				[ordinata_rettangolo tried 1/1] 2.1 secs
				[larghezza_rettangolo tried 1/1] 2.1 secs

Best literal to_right(C,D) (5.3 bits)


State (7872/72304 [13/240], 85.5 bits available)

				[= tried 1/1] 2.1 secs
				[tipo_testo tried 2/2] 2.1 secs
				[tipo_linea_orizzontale tried 2/2] 2.1 secs
				[tipo_misto tried 2/2] 2.1 secs
				[tipo_linea_obbliqua tried 2/2] 2.1 secs
				[tipo_immagine tried 2/2] 2.1 secs
				[tipo_vuoto tried 2/2] 2.1 secs
				[ultima_pagina tried 1/1] 2.1 secs
				[frame tried 4/5] 2.1 secs
				[pagina_1 tried 2/3] 2.1 secs
				[on_top tried 6/6] 2.1 secs
				[to_right tried 4/6] 2.1 secs
				[allineato_al_centro_verticale tried 6/6] 2.1 secs
				[allineato_al_centro_orizzontale tried 6/6] 2.1 secs
				[numero_pagine tried 1/1] 2.1 secs
				[altezza_pagina tried 1/1] 2.1 secs
				[larghezza_pagina tried 1/1] 2.1 secs
				[altezza_rettangolo tried 2/2] 2.2 secs
				[ascissa_rettangolo tried 2/2] 2.2 secs
				[ordinata_rettangolo tried 2/2] 2.2 secs
				[larghezza_rettangolo tried 2/2] 2.2 secs

Best literal tipo_testo(D) (5.4 bits)


State (7616/53144 [13/237], 82.1 bits available)

				[= tried 1/1] 2.2 secs
				[tipo_testo tried 1/2] 2.2 secs
				[tipo_linea_orizzontale tried 2/2] 2.2 secs
				[tipo_misto tried 2/2] 2.2 secs
				[tipo_linea_obbliqua tried 2/2] 2.2 secs
				[tipo_immagine tried 2/2] 2.2 secs
				[tipo_vuoto tried 2/2] 2.2 secs
				[ultima_pagina tried 1/1] 2.2 secs
				[frame tried 4/5] 2.2 secs
				[pagina_1 tried 2/3] 2.2 secs
				[on_top tried 6/6] 2.2 secs
				[to_right tried 5/6] 2.2 secs
				[allineato_al_centro_verticale tried 6/6] 2.2 secs
				[allineato_al_centro_orizzontale tried 6/6] 2.2 secs
				[numero_pagine tried 1/1] 2.2 secs
				[altezza_pagina tried 1/1] 2.3 secs
				[larghezza_pagina tried 1/1] 2.3 secs
				[altezza_rettangolo tried 2/2] 2.3 secs
				[ascissa_rettangolo tried 2/2] 2.3 secs
				[ordinata_rettangolo tried 2/2] 2.3 secs
				[larghezza_rettangolo tried 2/2] 2.3 secs

Best literal tipo_testo(C) (5.4 bits)


State (7480/45032 [13/237], 79.0 bits available)

				[= tried 1/1] 2.3 secs
				[tipo_testo tried 0/2] 2.3 secs
				[tipo_linea_orizzontale tried 2/2] 2.3 secs
				[tipo_misto tried 2/2] 2.3 secs
				[tipo_linea_obbliqua tried 2/2] 2.3 secs
				[tipo_immagine tried 2/2] 2.3 secs
				[tipo_vuoto tried 2/2] 2.3 secs
				[ultima_pagina tried 1/1] 2.3 secs
				[frame tried 4/5] 2.3 secs
				[pagina_1 tried 2/3] 2.3 secs
				[on_top tried 6/6] 2.3 secs
				[to_right tried 5/6] 2.3 secs
				[allineato_al_centro_verticale tried 6/6] 2.4 secs
				[allineato_al_centro_orizzontale tried 6/6] 2.4 secs
				[numero_pagine tried 1/1] 2.4 secs
				[altezza_pagina tried 1/1] 2.4 secs
				[larghezza_pagina tried 1/1] 2.4 secs
				[altezza_rettangolo tried 2/2] 2.4 secs
				[ascissa_rettangolo tried 2/2] 2.4 secs
				[ordinata_rettangolo tried 2/2] 2.4 secs
				[larghezza_rettangolo tried 2/2] 2.4 secs

	Save allineato_al_centro_orizzontale(C,E) (12,20 value 41.0)
	Save allineato_al_centro_verticale(E,D) (13,165 value 7.1)

Best literal allineato_al_centro_orizzontale(E,C) (7.0 bits)


State (1088/1936 [13/23], 74.7 bits available)

				[= tried 3/3] 2.4 secs
				[tipo_testo tried 1/3] 2.4 secs
				[tipo_linea_orizzontale tried 3/3] 2.4 secs
				[tipo_misto tried 3/3] 2.4 secs
				[tipo_linea_obbliqua tried 3/3] 2.4 secs
				[tipo_immagine tried 3/3] 2.4 secs
				[tipo_vuoto tried 3/3] 2.4 secs
				[ultima_pagina tried 1/1] 2.4 secs
				[frame tried 6/7] 2.4 secs
				[pagina_1 tried 2/3] 2.4 secs
				[on_top tried 12/12] 2.4 secs
				[to_right tried 11/12] 2.4 secs
				[allineato_al_centro_verticale tried 8/12] 2.4 secs
				[allineato_al_centro_orizzontale tried 6/12] 2.4 secs
				[numero_pagine tried 1/1] 2.4 secs
				[altezza_pagina tried 1/1] 2.4 secs
				[larghezza_pagina tried 1/1] 2.4 secs
				[altezza_rettangolo tried 3/3] 2.4 secs
				[ascissa_rettangolo tried 3/3] 2.4 secs
				[ordinata_rettangolo tried 3/3] 2.4 secs
				[larghezza_rettangolo tried 3/3] 2.4 secs

	Save on_top(E,D) (13,20 value 45.8)

Best literal on_top(C,D) (8.0 bits)


State (1824/2432 [13/20], 69.5 bits available)

				[= tried 3/3] 2.4 secs
				[tipo_testo tried 1/3] 2.4 secs
				[tipo_linea_orizzontale tried 3/3] 2.4 secs
				[tipo_misto tried 3/3] 2.4 secs
				[tipo_linea_obbliqua tried 3/3] 2.4 secs
				[tipo_immagine tried 3/3] 2.4 secs
				[tipo_vuoto tried 3/3] 2.4 secs
				[ultima_pagina tried 1/1] 2.4 secs
				[frame tried 6/7] 2.4 secs
				[pagina_1 tried 2/3] 2.4 secs
				[on_top tried 11/12] 2.4 secs
				[to_right tried 11/12] 2.4 secs
				[allineato_al_centro_verticale tried 8/12] 2.4 secs
				[allineato_al_centro_orizzontale tried 6/12] 2.4 secs
				[numero_pagine tried 1/1] 2.4 secs
				[altezza_pagina tried 1/1] 2.4 secs
				[larghezza_pagina tried 1/1] 2.4 secs
				[altezza_rettangolo tried 3/3] 2.4 secs
				[ascissa_rettangolo tried 3/3] 2.4 secs
				[ordinata_rettangolo tried 3/3] 2.4 secs
				[larghezza_rettangolo tried 3/3] 2.4 secs

	Save to_right(E,F) (13,19 value 46.8)
	Save on_top(E,F) (13,20 value 45.8)

Best literal on_top(D,F) (8.0 bits)


State (19904/23424 [12/19], 59.5 bits available)

				[= tried 6/6] 2.4 secs
				[tipo_testo tried 2/4] 2.4 secs
				[tipo_linea_orizzontale tried 4/4] 2.4 secs
				[tipo_misto tried 4/4] 2.4 secs
				[tipo_linea_obbliqua tried 4/4] 2.4 secs
				[tipo_immagine tried 4/4] 2.4 secs
				[tipo_vuoto tried 4/4] 2.4 secs
				[ultima_pagina tried 1/1] 2.4 secs
				[frame tried 7/8] 2.4 secs
				[pagina_1 tried 2/3] 2.5 secs
				[on_top tried 15/18] 2.5 secs
				[to_right tried 17/18] 2.5 secs
				[allineato_al_centro_verticale tried 12/18] 2.5 secs
				[allineato_al_centro_orizzontale tried 10/18] 2.5 secs
				[numero_pagine tried 1/1] 2.5 secs
				[altezza_pagina tried 1/1] 2.5 secs
				[larghezza_pagina tried 1/1] 2.5 secs
				[altezza_rettangolo tried 3/3] 2.5 secs
				[ascissa_rettangolo tried 3/3] 2.5 secs
				[ordinata_rettangolo tried 3/3] 2.5 secs
				[larghezza_rettangolo tried 3/3] 2.5 secs

	Save clause ending with to_right(D,E) (cover 4, accuracy 80%)

Best literal to_right(E,F) (8.6 bits)


State (16000/16512 [12/16], 54.1 bits available)

				[= tried 6/6] 2.5 secs
				[tipo_testo tried 2/4] 2.5 secs
				[tipo_linea_orizzontale tried 4/4] 2.5 secs
				[tipo_misto tried 4/4] 2.6 secs
				[tipo_linea_obbliqua tried 4/4] 2.6 secs
				[tipo_immagine tried 4/4] 2.6 secs
				[tipo_vuoto tried 4/4] 2.6 secs
				[ultima_pagina tried 1/1] 2.6 secs
				[frame tried 7/8] 2.6 secs
				[pagina_1 tried 2/3] 2.6 secs
				[on_top tried 16/18] 2.6 secs
				[to_right tried 16/18] 2.6 secs
				[allineato_al_centro_verticale tried 9/18] 2.6 secs
				[allineato_al_centro_orizzontale tried 11/18] 2.6 secs
				[numero_pagine tried 1/1] 2.6 secs
				[altezza_pagina tried 1/1] 2.6 secs
				[larghezza_pagina tried 1/1] 2.6 secs
				[altezza_rettangolo tried 3/3] 2.6 secs
				[ascissa_rettangolo tried 3/3] 2.6 secs
				[ordinata_rettangolo tried 3/3] 2.6 secs
				[larghezza_rettangolo tried 3/3] 2.6 secs

	Save clause ending with to_right(F,C) (cover 8, accuracy 100%)

	Save to_right(F,C) (8,8 value 32.9)

Best literal to_right(F,D) (8.6 bits)

Initial clause (0 errs): class_jmlr(A) :- pagina_1(A,B), frame(B,C), to_right(C,D), tipo_testo(D), tipo_testo(C), allineato_al_centro_orizzontale(E,C), on_top(C,D), on_top(D,F), to_right(E,F), to_right(F,D).
		frame(B,C) needed for binding to_right(C,D)
		pagina_1(A,B) needed for binding frame(B,C)

Clause 2: class_jmlr(A) :- pagina_1(A,B), frame(B,C), to_right(C,D), tipo_testo(C), allineato_al_centro_orizzontale(E,C), on_top(C,D), on_top(D,F), to_right(E,F), to_right(F,D).

State (5/233, 47.2 bits available)

				[pagina_1 tried 1/1] 2.7 secs
				[numero_pagine tried 1/1] 2.7 secs

Best literal pagina_1(A,B) (1.0 bits)


State (10/466 [5/233], 46.2 bits available, 1 weak literal)

				[ultima_pagina tried 1/1] 2.7 secs
				[frame tried 1/1] 2.7 secs
				[pagina_1 tried 1/3] 2.7 secs
				[numero_pagine tried 1/1] 2.7 secs
				[altezza_pagina tried 1/1] 2.7 secs
				[larghezza_pagina tried 1/1] 2.7 secs

Best literal frame(B,C) (2.6 bits)


State (260/9408 [5/233], 44.6 bits available, 2 weak literals)

				[tipo_testo tried 1/1] 2.7 secs
				[tipo_linea_orizzontale tried 1/1] 2.7 secs
				[tipo_misto tried 1/1] 2.7 secs
				[tipo_linea_obbliqua tried 1/1] 2.7 secs
				[tipo_immagine tried 1/1] 2.7 secs
				[tipo_vuoto tried 1/1] 2.7 secs
				[ultima_pagina tried 1/1] 2.7 secs
				[frame tried 1/3] 2.7 secs
				[pagina_1 tried 2/3] 2.7 secs
				[on_top tried 2/2] 2.7 secs
				[to_right tried 2/2] 2.7 secs
				[allineato_al_centro_verticale tried 2/2] 2.7 secs
				[allineato_al_centro_orizzontale tried 2/2] 2.7 secs
				[numero_pagine tried 1/1] 2.7 secs
				[altezza_pagina tried 1/1] 2.7 secs
				[larghezza_pagina tried 1/1] 2.7 secs
				[altezza_rettangolo tried 1/1] 2.7 secs
				[ascissa_rettangolo tried 1/1] 2.7 secs
				[ordinata_rettangolo tried 1/1] 2.7 secs
				[larghezza_rettangolo tried 1/1] 2.7 secs

Best literal to_right(C,D) (5.3 bits)


State (2736/67168 [5/232], 40.9 bits available)

				[= tried 1/1] 2.7 secs
				[tipo_testo tried 2/2] 2.7 secs
				[tipo_linea_orizzontale tried 2/2] 2.7 secs
				[tipo_misto tried 2/2] 2.7 secs
				[tipo_linea_obbliqua tried 2/2] 2.7 secs
				[tipo_immagine tried 2/2] 2.7 secs
				[tipo_vuoto tried 2/2] 2.7 secs
				[ultima_pagina tried 1/1] 2.7 secs
				[frame tried 4/5] 2.8 secs
				[pagina_1 tried 2/3] 2.8 secs
				[on_top tried 6/6] 2.8 secs
				[to_right tried 4/6] 2.8 secs
				[allineato_al_centro_verticale tried 6/6] 2.8 secs
				[allineato_al_centro_orizzontale tried 6/6] 2.8 secs
				[numero_pagine tried 1/1] 2.8 secs
				[altezza_pagina tried 1/1] 2.8 secs
				[larghezza_pagina tried 1/1] 2.8 secs
				[altezza_rettangolo tried 2/2] 2.8 secs
				[ascissa_rettangolo tried 2/2] 2.8 secs
				[ordinata_rettangolo tried 2/2] 2.8 secs
				[larghezza_rettangolo tried 2/2] 2.8 secs

Best literal tipo_testo(D) (5.4 bits)


State (2624/48152 [5/229], 37.5 bits available)

				[= tried 1/1] 2.8 secs
				[tipo_testo tried 1/2] 2.8 secs
				[tipo_linea_orizzontale tried 2/2] 2.8 secs
				[tipo_misto tried 2/2] 2.8 secs
				[tipo_linea_obbliqua tried 2/2] 2.8 secs
				[tipo_immagine tried 2/2] 2.8 secs
				[tipo_vuoto tried 2/2] 2.9 secs
				[ultima_pagina tried 1/1] 2.9 secs
				[frame tried 4/5] 2.9 secs
				[pagina_1 tried 2/3] 2.9 secs
				[on_top tried 6/6] 2.9 secs
				[to_right tried 5/6] 2.9 secs
				[allineato_al_centro_verticale tried 6/6] 2.9 secs
				[allineato_al_centro_orizzontale tried 6/6] 2.9 secs
				[numero_pagine tried 1/1] 2.9 secs
				[altezza_pagina tried 1/1] 2.9 secs
				[larghezza_pagina tried 1/1] 2.9 secs
				[altezza_rettangolo tried 2/2] 2.9 secs
				[ascissa_rettangolo tried 2/2] 2.9 secs
				[ordinata_rettangolo tried 2/2] 2.9 secs
				[larghezza_rettangolo tried 2/2] 2.9 secs

	Save allineato_al_centro_orizzontale(D,E) (4,8 value 17.7)

Best literal allineato_al_centro_verticale(E,D) (7.0 bits)


State (6512/76448 [5/163], 32.8 bits available)

				[= tried 3/3] 3.0 secs
				[tipo_testo tried 2/3] 3.0 secs
				[tipo_linea_orizzontale tried 3/3] 3.0 secs
				[tipo_misto tried 3/3] 3.0 secs
				[tipo_linea_obbliqua tried 3/3] 3.0 secs
				[tipo_immagine tried 3/3] 3.0 secs
				[tipo_vuoto tried 3/3] 3.0 secs
				[ultima_pagina tried 1/1] 3.0 secs
				[frame tried 5/6] 3.0 secs
				[pagina_1 tried 2/3] 3.0 secs
				[on_top tried 10/10] 3.0 secs
				[to_right tried 9/10] 3.0 secs
				[allineato_al_centro_verticale tried 8/10] 3.0 secs
				[allineato_al_centro_orizzontale tried 6/10] 3.0 secs
				[numero_pagine tried 1/1] 3.1 secs
				[altezza_pagina tried 1/1] 3.1 secs
				[larghezza_pagina tried 1/1] 3.1 secs
				[altezza_rettangolo tried 2/2] 3.1 secs
				[ascissa_rettangolo tried 2/2] 3.1 secs
				[ordinata_rettangolo tried 2/2] 3.1 secs
				[larghezza_rettangolo tried 2/2] 3.1 secs

Best literal tipo_testo(C) (6.0 bits)


State (6352/48480 [5/157], 29.5 bits available)

				[= tried 3/3] 3.1 secs
				[tipo_testo tried 1/3] 3.1 secs
				[tipo_linea_orizzontale tried 3/3] 3.1 secs
				[tipo_misto tried 3/3] 3.1 secs
				[tipo_linea_obbliqua tried 3/3] 3.1 secs
				[tipo_immagine tried 3/3] 3.1 secs
				[tipo_vuoto tried 3/3] 3.1 secs
				[ultima_pagina tried 1/1] 3.1 secs
				[frame tried 5/6] 3.1 secs
				[pagina_1 tried 2/3] 3.1 secs
				[on_top tried 10/10] 3.2 secs
				[to_right tried 9/10] 3.2 secs
				[allineato_al_centro_verticale tried 8/10] 3.2 secs
				[allineato_al_centro_orizzontale tried 6/10] 3.2 secs
				[numero_pagine tried 1/1] 3.2 secs
				[altezza_pagina tried 1/1] 3.2 secs
				[larghezza_pagina tried 1/1] 3.2 secs
				[altezza_rettangolo tried 2/2] 3.2 secs
				[ascissa_rettangolo tried 2/2] 3.2 secs
				[ordinata_rettangolo tried 2/2] 3.2 secs
				[larghezza_rettangolo tried 2/2] 3.2 secs

Best literal allineato_al_centro_orizzontale(F,C) (7.7 bits)


State (1792/2432 [5/9], 24.5 bits available)

				[= tried 6/6] 3.2 secs
				[tipo_testo tried 2/4] 3.2 secs
				[tipo_linea_orizzontale tried 4/4] 3.2 secs
				[tipo_misto tried 4/4] 3.2 secs
				[tipo_linea_obbliqua tried 4/4] 3.2 secs
				[tipo_immagine tried 4/4] 3.2 secs
				[tipo_vuoto tried 4/4] 3.2 secs
				[ultima_pagina tried 1/1] 3.2 secs
				[frame tried 7/8] 3.2 secs
				[pagina_1 tried 2/3] 3.2 secs
				[on_top tried 18/18] 3.2 secs
				[to_right tried 17/18] 3.2 secs
				[allineato_al_centro_verticale tried 7/18] 3.2 secs
				[allineato_al_centro_orizzontale tried 10/18] 3.2 secs
				[numero_pagine tried 1/1] 3.2 secs
				[altezza_pagina tried 1/1] 3.2 secs
				[larghezza_pagina tried 1/1] 3.2 secs
				[altezza_rettangolo tried 3/3] 3.2 secs
				[ascissa_rettangolo tried 3/3] 3.2 secs
				[ordinata_rettangolo tried 3/3] 3.2 secs
				[larghezza_rettangolo tried 3/3] 3.2 secs

	Save clause ending with to_right(D,F) (cover 5, accuracy 83%)

	Save to_right(D,G) (5,9 value 22.7)
	Save to_right(D,F) (5,6 value 25.3)

Best literal to_right(E,F) (8.6 bits)


State (3136/3264 [5/6], 19.0 bits available)

				[= tried 6/6] 3.2 secs
				[tipo_testo tried 2/4] 3.2 secs
				[tipo_linea_orizzontale tried 4/4] 3.2 secs
				[tipo_misto tried 4/4] 3.2 secs
				[tipo_linea_obbliqua tried 4/4] 3.2 secs
				[tipo_immagine tried 4/4] 3.2 secs
				[tipo_vuoto tried 4/4] 3.2 secs
				[ultima_pagina tried 1/1] 3.2 secs
				[frame tried 7/8] 3.2 secs
				[pagina_1 tried 2/3] 3.2 secs
				[on_top tried 3/18] 3.2 secs

	Save clause ending with on_top(C,E) (cover 5, accuracy 100%)

Best literal on_top(C,E) (8.6 bits)

Initial clause (0 errs): class_jmlr(A) :- pagina_1(A,B), frame(B,C), to_right(C,D), tipo_testo(D), allineato_al_centro_verticale(E,D), tipo_testo(C), allineato_al_centro_orizzontale(F,C), to_right(E,F), on_top(C,E).
		to_right(C,D) needed for binding allineato_al_centro_verticale(E,D)
		frame(B,C) needed for binding to_right(C,D)
		pagina_1(A,B) needed for binding frame(B,C)

Clause 3: class_jmlr(A) :- pagina_1(A,B), frame(B,C), to_right(C,D), allineato_al_centro_verticale(E,D), tipo_testo(C), allineato_al_centro_orizzontale(F,C), to_right(E,F), on_top(C,E).

Delete clause
	class_jmlr(A) :- pagina_1(A,B), frame(B,C), tipo_testo(C), allineato_al_centro_orizzontale(D,C), on_top(C,E), to_right(C,D), to_right(D,E), to_right(E,F).

class_jmlr(A) :- pagina_1(A,B), frame(B,C), to_right(C,D), tipo_testo(C), allineato_al_centro_orizzontale(C,E), on_top(C,D), to_right(D,F), allineato_al_centro_verticale(D,F).
class_jmlr(A) :- pagina_1(A,B), frame(B,C), to_right(C,D), tipo_testo(C), allineato_al_centro_orizzontale(E,C), on_top(C,D), on_top(D,F), to_right(E,F), to_right(F,D).
class_jmlr(A) :- pagina_1(A,B), frame(B,C), to_right(C,D), allineato_al_centro_verticale(E,D), tipo_testo(C), allineato_al_centro_orizzontale(F,C), to_right(E,F), on_top(C,E).

Time 3.4 secs

Test relation class_jmlr
Summary: 0 errors in 35 trials
