FOIL 6.4   [January 1996]
--------

    Options:
	no negated literals
	verbosity level 2

Types Documento and Pagina are not compatible
Types Documento and Frame are not compatible
Types Documento and NumeroPagine are not compatible
Types Documento and LarghezzaPagina are not compatible
Types Documento and AltezzaPagina are not compatible
Types Documento and AscissaRettangolo are not compatible
Types Documento and OrdinataRettangolo are not compatible
Types Documento and LarghezzaRettangolo are not compatible
Types Documento and AltezzaRettangolo are not compatible
Types Pagina and Frame are not compatible
Types Pagina and NumeroPagine are not compatible
Types Pagina and LarghezzaPagina are not compatible
Types Pagina and AltezzaPagina are not compatible
Types Pagina and AscissaRettangolo are not compatible
Types Pagina and OrdinataRettangolo are not compatible
Types Pagina and LarghezzaRettangolo are not compatible
Types Pagina and AltezzaRettangolo are not compatible
Types Frame and NumeroPagine are not compatible
Types Frame and LarghezzaPagina are not compatible
Types Frame and AltezzaPagina are not compatible
Types Frame and AscissaRettangolo are not compatible
Types Frame and OrdinataRettangolo are not compatible
Types Frame and LarghezzaRettangolo are not compatible
Types Frame and AltezzaRettangolo are not compatible
Types NumeroPagine and LarghezzaPagina are not compatible
Types NumeroPagine and AltezzaPagina are not compatible
Types NumeroPagine and AscissaRettangolo are not compatible
Types NumeroPagine and OrdinataRettangolo are not compatible
Types NumeroPagine and LarghezzaRettangolo are not compatible
Types NumeroPagine and AltezzaRettangolo are not compatible
Types LarghezzaPagina and AltezzaPagina are not compatible
Types LarghezzaPagina and AscissaRettangolo are not compatible
Types LarghezzaPagina and OrdinataRettangolo are not compatible
Types LarghezzaPagina and LarghezzaRettangolo are not compatible
Types LarghezzaPagina and AltezzaRettangolo are not compatible
Types AltezzaPagina and AscissaRettangolo are not compatible
Types AltezzaPagina and OrdinataRettangolo are not compatible
Types AltezzaPagina and LarghezzaRettangolo are not compatible
Types AltezzaPagina and AltezzaRettangolo are not compatible
Types AscissaRettangolo and OrdinataRettangolo are not compatible
Types AscissaRettangolo and LarghezzaRettangolo are not compatible
Types AscissaRettangolo and AltezzaRettangolo are not compatible
Types OrdinataRettangolo and LarghezzaRettangolo are not compatible
Types OrdinataRettangolo and AltezzaRettangolo are not compatible
Types LarghezzaRettangolo and AltezzaRettangolo are not compatible

Relation class_jmlr

Relation *allineato_al_centro_orizzontale
    (warning: contains duplicate positive tuples)

Relation *allineato_al_centro_verticale
    (warning: contains duplicate positive tuples)

Relation *altezza_pagina
    (warning: contains duplicate positive tuples)

Relation *larghezza_pagina
    (warning: contains duplicate positive tuples)

Relation *altezza_rettangolo
    (warning: contains duplicate positive tuples)

Relation *ascissa_rettangolo
    (warning: contains duplicate positive tuples)

Relation *ordinata_rettangolo
    (warning: contains duplicate positive tuples)

Relation *larghezza_rettangolo
    (warning: contains duplicate positive tuples)

Relation *frame
    (warning: contains duplicate positive tuples)

Relation *numero_pagine
    (warning: contains duplicate positive tuples)

Relation *on_top
    (warning: contains duplicate positive tuples)

Relation *to_right
    (warning: contains duplicate positive tuples)

Relation *pagina_1
    (warning: contains duplicate positive tuples)

Relation *ultima_pagina

Relation *tipo_immagine

Relation *tipo_linea_obbliqua

Relation *tipo_linea_orizzontale

Relation *tipo_misto

Relation *tipo_testo

Relation *tipo_vuoto

----------
class_jmlr:

State (90/318, 305.0 bits available)

				[pagina_1 tried 1/1] 0.2 secs
				[numero_pagine tried 1/1] 0.2 secs

Best literal pagina_1(A,B) (1.0 bits)


State (180/636 [90/318], 304.0 bits available, 1 weak literal)

				[ultima_pagina tried 1/1] 0.2 secs
				[frame tried 1/1] 0.2 secs
				[pagina_1 tried 1/3] 0.2 secs
				[numero_pagine tried 1/1] 0.2 secs
				[altezza_pagina tried 1/1] 0.2 secs
				[larghezza_pagina tried 1/1] 0.2 secs

Best literal frame(B,C) (2.6 bits)


State (4864/13924 [90/318], 302.5 bits available, 2 weak literals)

				[tipo_testo tried 1/1] 0.2 secs
				[tipo_linea_orizzontale tried 1/1] 0.2 secs
				[tipo_misto tried 1/1] 0.2 secs
				[tipo_linea_obbliqua tried 1/1] 0.2 secs
				[tipo_immagine tried 1/1] 0.2 secs
				[tipo_vuoto tried 1/1] 0.2 secs
				[ultima_pagina tried 1/1] 0.2 secs
				[frame tried 1/3] 0.2 secs
				[pagina_1 tried 2/3] 0.2 secs
				[on_top tried 2/2] 0.2 secs
				[to_right tried 2/2] 0.2 secs
				[allineato_al_centro_verticale tried 2/2] 0.2 secs
				[allineato_al_centro_orizzontale tried 2/2] 0.2 secs
				[numero_pagine tried 1/1] 0.2 secs
				[altezza_pagina tried 1/1] 0.2 secs
				[larghezza_pagina tried 1/1] 0.2 secs
				[altezza_rettangolo tried 1/1] 0.2 secs
				[ascissa_rettangolo tried 1/1] 0.2 secs
				[ordinata_rettangolo tried 1/1] 0.2 secs
				[larghezza_rettangolo tried 1/1] 0.2 secs

	Save clause ending with tipo_vuoto(C) (cover 1, accuracy 100%)

Best literal tipo_testo(C) (4.3 bits)


State (4760/12152 [90/318], 299.7 bits available)

				[tipo_testo tried 0/1] 0.2 secs
				[tipo_linea_orizzontale tried 1/1] 0.2 secs
				[tipo_misto tried 1/1] 0.2 secs
				[tipo_linea_obbliqua tried 1/1] 0.2 secs
				[tipo_immagine tried 1/1] 0.2 secs
				[tipo_vuoto tried 1/1] 0.2 secs
				[ultima_pagina tried 1/1] 0.2 secs
				[frame tried 2/3] 0.2 secs
				[pagina_1 tried 2/3] 0.2 secs
				[on_top tried 2/2] 0.2 secs
				[to_right tried 2/2] 0.2 secs
				[allineato_al_centro_verticale tried 2/2] 0.2 secs
				[allineato_al_centro_orizzontale tried 2/2] 0.2 secs
				[numero_pagine tried 1/1] 0.2 secs
				[altezza_pagina tried 1/1] 0.2 secs
				[larghezza_pagina tried 1/1] 0.2 secs
				[altezza_rettangolo tried 1/1] 0.2 secs
				[ascissa_rettangolo tried 1/1] 0.2 secs
				[ordinata_rettangolo tried 1/1] 0.2 secs
				[larghezza_rettangolo tried 1/1] 0.2 secs

Best literal to_right(D,C) (5.3 bits)


State (53856/98632 [90/314], 296.4 bits available)

				[= tried 1/1] 0.2 secs
				[tipo_testo tried 1/2] 0.2 secs
				[tipo_linea_orizzontale tried 2/2] 0.2 secs
				[tipo_misto tried 2/2] 0.2 secs
				[tipo_linea_obbliqua tried 2/2] 0.2 secs
				[tipo_immagine tried 2/2] 0.2 secs
				[tipo_vuoto tried 2/2] 0.2 secs
				[ultima_pagina tried 1/1] 0.2 secs
				[frame tried 4/5] 0.2 secs
				[pagina_1 tried 2/3] 0.3 secs
				[on_top tried 6/6] 0.3 secs
				[to_right tried 4/6] 0.3 secs
				[allineato_al_centro_verticale tried 6/6] 0.3 secs
				[allineato_al_centro_orizzontale tried 6/6] 0.3 secs
				[numero_pagine tried 1/1] 0.3 secs
				[altezza_pagina tried 1/1] 0.3 secs
				[larghezza_pagina tried 1/1] 0.3 secs
				[altezza_rettangolo tried 2/2] 0.3 secs
				[ascissa_rettangolo tried 2/2] 0.4 secs
				[ordinata_rettangolo tried 2/2] 0.4 secs
				[larghezza_rettangolo tried 2/2] 0.4 secs

Best literal tipo_testo(D) (5.4 bits)


State (52416/89560 [90/314], 293.3 bits available)

				[= tried 1/1] 0.4 secs
				[tipo_testo tried 0/2] 0.4 secs
				[tipo_linea_orizzontale tried 2/2] 0.4 secs
				[tipo_misto tried 2/2] 0.4 secs
				[tipo_linea_obbliqua tried 2/2] 0.4 secs
				[tipo_immagine tried 2/2] 0.4 secs
				[tipo_vuoto tried 2/2] 0.4 secs
				[ultima_pagina tried 1/1] 0.4 secs
				[frame tried 4/5] 0.4 secs
				[pagina_1 tried 2/3] 0.4 secs
				[on_top tried 6/6] 0.4 secs
				[to_right tried 5/6] 0.5 secs
				[allineato_al_centro_verticale tried 6/6] 0.5 secs
				[allineato_al_centro_orizzontale tried 6/6] 0.5 secs
				[numero_pagine tried 1/1] 0.5 secs
				[altezza_pagina tried 1/1] 0.5 secs
				[larghezza_pagina tried 1/1] 0.5 secs
				[altezza_rettangolo tried 2/2] 0.5 secs
				[ascissa_rettangolo tried 2/2] 0.5 secs
				[ordinata_rettangolo tried 2/2] 0.5 secs
				[larghezza_rettangolo tried 2/2] 0.5 secs

Best literal allineato_al_centro_orizzontale(E,D) (7.0 bits)


State (9616/10480 [90/100], 288.9 bits available)

				[= tried 3/3] 0.5 secs
				[tipo_testo tried 1/3] 0.5 secs
				[tipo_linea_orizzontale tried 3/3] 0.5 secs
				[tipo_misto tried 3/3] 0.5 secs
				[tipo_linea_obbliqua tried 3/3] 0.5 secs
				[tipo_immagine tried 3/3] 0.5 secs
				[tipo_vuoto tried 3/3] 0.5 secs
				[ultima_pagina tried 1/1] 0.5 secs
				[frame tried 5/6] 0.5 secs
				[pagina_1 tried 2/3] 0.5 secs
				[on_top tried 10/10] 0.6 secs
				[to_right tried 9/10] 0.6 secs
				[allineato_al_centro_verticale tried 6/10] 0.6 secs
				[allineato_al_centro_orizzontale tried 4/10] 0.6 secs
				[numero_pagine tried 1/1] 0.6 secs
				[altezza_pagina tried 1/1] 0.6 secs
				[larghezza_pagina tried 1/1] 0.6 secs
				[altezza_rettangolo tried 2/2] 0.6 secs
				[ascissa_rettangolo tried 2/2] 0.6 secs
				[ordinata_rettangolo tried 2/2] 0.6 secs
				[larghezza_rettangolo tried 2/2] 0.6 secs

	Save on_top(E,C) (90,97 value 153.2)

Best literal on_top(D,C) (7.7 bits)


State (16864/17504 [90/97], 284.0 bits available)

				[= tried 3/3] 0.6 secs
				[tipo_testo tried 1/3] 0.6 secs
				[tipo_linea_orizzontale tried 3/3] 0.6 secs
				[tipo_misto tried 3/3] 0.6 secs
				[tipo_linea_obbliqua tried 3/3] 0.6 secs
				[tipo_immagine tried 3/3] 0.6 secs
				[tipo_vuoto tried 3/3] 0.6 secs
				[ultima_pagina tried 1/1] 0.6 secs
				[frame tried 5/6] 0.6 secs
				[pagina_1 tried 2/3] 0.6 secs
				[on_top tried 9/10] 0.6 secs
				[to_right tried 9/10] 0.6 secs
				[allineato_al_centro_verticale tried 8/10] 0.6 secs
				[allineato_al_centro_orizzontale tried 4/10] 0.6 secs
				[numero_pagine tried 1/1] 0.6 secs
				[altezza_pagina tried 1/1] 0.6 secs
				[larghezza_pagina tried 1/1] 0.6 secs
				[altezza_rettangolo tried 2/2] 0.6 secs
				[ascissa_rettangolo tried 2/2] 0.6 secs
				[ordinata_rettangolo tried 2/2] 0.6 secs
				[larghezza_rettangolo tried 2/2] 0.6 secs

Best literal to_right(D,E) (7.7 bits)


State (26560/27072 [55/57], 211.3 bits available)

				[= tried 3/3] 0.6 secs
				[tipo_testo tried 1/3] 0.6 secs
				[tipo_linea_orizzontale tried 3/3] 0.7 secs
				[tipo_misto tried 3/3] 0.7 secs
				[tipo_linea_obbliqua tried 3/3] 0.7 secs
				[tipo_immagine tried 3/3] 0.7 secs
				[tipo_vuoto tried 3/3] 0.7 secs
				[ultima_pagina tried 1/1] 0.7 secs
				[frame tried 5/6] 0.7 secs
				[pagina_1 tried 2/3] 0.7 secs
				[on_top tried 9/10] 0.7 secs
				[to_right tried 8/10] 0.7 secs
				[allineato_al_centro_verticale tried 8/10] 0.7 secs
				[allineato_al_centro_orizzontale tried 5/10] 0.7 secs
				[numero_pagine tried 1/1] 0.7 secs
				[altezza_pagina tried 1/1] 0.7 secs
				[larghezza_pagina tried 1/1] 0.7 secs
				[altezza_rettangolo tried 2/2] 0.7 secs
				[ascissa_rettangolo tried 2/2] 0.7 secs
				[ordinata_rettangolo tried 2/2] 0.7 secs
				[larghezza_rettangolo tried 2/2] 0.7 secs

Best literal to_right(E,C) (7.7 bits)


State (21760/21888 [55/56], 206.8 bits available)

				[= tried 3/3] 0.7 secs
				[tipo_testo tried 1/3] 0.7 secs
				[tipo_linea_orizzontale tried 3/3] 0.7 secs
				[tipo_misto tried 3/3] 0.7 secs
				[tipo_linea_obbliqua tried 3/3] 0.7 secs
				[tipo_immagine tried 3/3] 0.7 secs
				[tipo_vuoto tried 3/3] 0.7 secs
				[ultima_pagina tried 1/1] 0.7 secs
				[frame tried 5/6] 0.8 secs
				[pagina_1 tried 2/3] 0.8 secs
				[on_top tried 9/10] 0.8 secs
				[to_right tried 7/10] 0.8 secs
				[allineato_al_centro_verticale tried 6/10] 0.8 secs
				[allineato_al_centro_orizzontale tried 5/10] 0.8 secs
				[numero_pagine tried 1/1] 0.8 secs
				[altezza_pagina tried 1/1] 0.8 secs
				[larghezza_pagina tried 1/1] 0.8 secs
				[altezza_rettangolo tried 2/2] 0.8 secs
				[ascissa_rettangolo tried 2/2] 0.8 secs
				[ordinata_rettangolo tried 2/2] 0.8 secs
				[larghezza_rettangolo tried 2/2] 0.8 secs

	Save clause ending with to_right(C,F) (cover 48, accuracy 100%)

Best literal to_right(C,F) (7.7 bits)

Initial clause (0 errs): class_jmlr(A) :- pagina_1(A,B), frame(B,C), tipo_testo(C), to_right(D,C), tipo_testo(D), allineato_al_centro_orizzontale(E,D), on_top(D,C), to_right(D,E), to_right(E,C), to_right(C,F).
		to_right(D,C) needed for binding tipo_testo(D)
		frame(B,C) needed for binding to_right(D,C)
		pagina_1(A,B) needed for binding frame(B,C)

Clause 0: class_jmlr(A) :- pagina_1(A,B), frame(B,C), to_right(D,C), tipo_testo(D), allineato_al_centro_orizzontale(E,D), on_top(D,C), to_right(D,E), to_right(E,C), to_right(C,F).

State (42/270, 201.8 bits available)

				[pagina_1 tried 1/1] 0.9 secs
				[numero_pagine tried 1/1] 0.9 secs

Best literal pagina_1(A,B) (1.0 bits)


State (84/540 [42/270], 200.8 bits available, 1 weak literal)

				[ultima_pagina tried 1/1] 0.9 secs
				[frame tried 1/1] 0.9 secs
				[pagina_1 tried 1/3] 0.9 secs
				[numero_pagine tried 1/1] 0.9 secs
				[altezza_pagina tried 1/1] 0.9 secs
				[larghezza_pagina tried 1/1] 0.9 secs

Best literal frame(B,C) (2.6 bits)


State (2304/11364 [42/270], 199.2 bits available, 2 weak literals)

				[tipo_testo tried 1/1] 0.9 secs
				[tipo_linea_orizzontale tried 1/1] 0.9 secs
				[tipo_misto tried 1/1] 0.9 secs
				[tipo_linea_obbliqua tried 1/1] 0.9 secs
				[tipo_immagine tried 1/1] 0.9 secs
				[tipo_vuoto tried 1/1] 0.9 secs
				[ultima_pagina tried 1/1] 0.9 secs
				[frame tried 1/3] 0.9 secs
				[pagina_1 tried 2/3] 0.9 secs
				[on_top tried 2/2] 0.9 secs
				[to_right tried 2/2] 0.9 secs
				[allineato_al_centro_verticale tried 2/2] 0.9 secs
				[allineato_al_centro_orizzontale tried 2/2] 0.9 secs
				[numero_pagine tried 1/1] 0.9 secs
				[altezza_pagina tried 1/1] 0.9 secs
				[larghezza_pagina tried 1/1] 0.9 secs
				[altezza_rettangolo tried 1/1] 0.9 secs
				[ascissa_rettangolo tried 1/1] 0.9 secs
				[ordinata_rettangolo tried 1/1] 0.9 secs
				[larghezza_rettangolo tried 1/1] 0.9 secs

Best literal to_right(C,D) (5.3 bits)


State (26152/89536 [42/269], 195.5 bits available)

				[= tried 1/1] 0.9 secs
				[tipo_testo tried 2/2] 0.9 secs
				[tipo_linea_orizzontale tried 2/2] 0.9 secs
				[tipo_misto tried 2/2] 0.9 secs
				[tipo_linea_obbliqua tried 2/2] 0.9 secs
				[tipo_immagine tried 2/2] 0.9 secs
				[tipo_vuoto tried 2/2] 0.9 secs
				[ultima_pagina tried 1/1] 0.9 secs
				[frame tried 4/5] 0.9 secs
				[pagina_1 tried 2/3] 0.9 secs
				[on_top tried 6/6] 1.0 secs
				[to_right tried 4/6] 1.0 secs
				[allineato_al_centro_verticale tried 6/6] 1.0 secs
				[allineato_al_centro_orizzontale tried 6/6] 1.0 secs
				[numero_pagine tried 1/1] 1.0 secs
				[altezza_pagina tried 1/1] 1.0 secs
				[larghezza_pagina tried 1/1] 1.0 secs
				[altezza_rettangolo tried 2/2] 1.0 secs
				[ascissa_rettangolo tried 2/2] 1.0 secs
				[ordinata_rettangolo tried 2/2] 1.0 secs
				[larghezza_rettangolo tried 2/2] 1.0 secs

Best literal tipo_testo(D) (5.4 bits)


State (25832/70608 [42/266], 192.1 bits available)

				[= tried 1/1] 1.0 secs
				[tipo_testo tried 1/2] 1.0 secs
				[tipo_linea_orizzontale tried 2/2] 1.0 secs
				[tipo_misto tried 2/2] 1.0 secs
				[tipo_linea_obbliqua tried 2/2] 1.0 secs
				[tipo_immagine tried 2/2] 1.0 secs
				[tipo_vuoto tried 2/2] 1.0 secs
				[ultima_pagina tried 1/1] 1.0 secs
				[frame tried 4/5] 1.1 secs
				[pagina_1 tried 2/3] 1.1 secs
				[on_top tried 6/6] 1.1 secs
				[to_right tried 5/6] 1.1 secs
				[allineato_al_centro_verticale tried 6/6] 1.1 secs
				[allineato_al_centro_orizzontale tried 6/6] 1.1 secs
				[numero_pagine tried 1/1] 1.1 secs
				[altezza_pagina tried 1/1] 1.1 secs
				[larghezza_pagina tried 1/1] 1.1 secs
				[altezza_rettangolo tried 2/2] 1.1 secs
				[ascissa_rettangolo tried 2/2] 1.1 secs
				[ordinata_rettangolo tried 2/2] 1.2 secs
				[larghezza_rettangolo tried 2/2] 1.2 secs

Best literal tipo_testo(C) (5.4 bits)


State (25472/62616 [42/266], 189.0 bits available)

				[= tried 1/1] 1.2 secs
				[tipo_testo tried 0/2] 1.2 secs
				[tipo_linea_orizzontale tried 2/2] 1.2 secs
				[tipo_misto tried 2/2] 1.2 secs
				[tipo_linea_obbliqua tried 2/2] 1.2 secs
				[tipo_immagine tried 2/2] 1.2 secs
				[tipo_vuoto tried 2/2] 1.2 secs
				[ultima_pagina tried 1/1] 1.2 secs
				[frame tried 4/5] 1.2 secs
				[pagina_1 tried 2/3] 1.2 secs
				[on_top tried 6/6] 1.2 secs
				[to_right tried 5/6] 1.2 secs
				[allineato_al_centro_verticale tried 6/6] 1.3 secs
				[allineato_al_centro_orizzontale tried 5/6] 1.3 secs
				[numero_pagine tried 1/1] 1.3 secs
				[altezza_pagina tried 1/1] 1.3 secs
				[larghezza_pagina tried 1/1] 1.3 secs
				[altezza_rettangolo tried 2/2] 1.3 secs
				[ascissa_rettangolo tried 2/2] 1.3 secs
				[ordinata_rettangolo tried 2/2] 1.3 secs
				[larghezza_rettangolo tried 2/2] 1.3 secs

	Save clause ending with allineato_al_centro_orizzontale(C,E) (cover 41, accuracy 83%)

Best literal allineato_al_centro_orizzontale(C,E) (7.0 bits)


State (5424/6608 [41/49], 181.6 bits available)

				[= tried 3/3] 1.3 secs
				[tipo_testo tried 1/3] 1.3 secs
				[tipo_linea_orizzontale tried 3/3] 1.3 secs
				[tipo_misto tried 3/3] 1.3 secs
				[tipo_linea_obbliqua tried 3/3] 1.3 secs
				[tipo_immagine tried 3/3] 1.3 secs
				[tipo_vuoto tried 3/3] 1.3 secs
				[ultima_pagina tried 1/1] 1.3 secs
				[frame tried 6/7] 1.3 secs
				[pagina_1 tried 2/3] 1.3 secs
				[on_top tried 12/12] 1.3 secs
				[to_right tried 11/12] 1.3 secs
				[allineato_al_centro_verticale tried 6/12] 1.3 secs
				[allineato_al_centro_orizzontale tried 6/12] 1.3 secs
				[numero_pagine tried 1/1] 1.3 secs
				[altezza_pagina tried 1/1] 1.3 secs
				[larghezza_pagina tried 1/1] 1.3 secs
				[altezza_rettangolo tried 3/3] 1.3 secs
				[ascissa_rettangolo tried 3/3] 1.3 secs
				[ordinata_rettangolo tried 3/3] 1.3 secs
				[larghezza_rettangolo tried 3/3] 1.3 secs

	Save clause ending with on_top(C,D) (cover 41, accuracy 85%)

	Save on_top(E,D) (41,48 value 99.8)

Best literal on_top(C,D) (8.0 bits)


State (9408/10176 [41/48], 176.5 bits available)

				[= tried 3/3] 1.3 secs
				[tipo_testo tried 1/3] 1.3 secs
				[tipo_linea_orizzontale tried 3/3] 1.3 secs
				[tipo_misto tried 3/3] 1.3 secs
				[tipo_linea_obbliqua tried 3/3] 1.3 secs
				[tipo_immagine tried 3/3] 1.3 secs
				[tipo_vuoto tried 3/3] 1.3 secs
				[ultima_pagina tried 1/1] 1.3 secs
				[frame tried 6/7] 1.4 secs
				[pagina_1 tried 2/3] 1.4 secs
				[on_top tried 11/12] 1.4 secs
				[to_right tried 11/12] 1.4 secs
				[allineato_al_centro_verticale tried 8/12] 1.4 secs
				[allineato_al_centro_orizzontale tried 6/12] 1.4 secs
				[numero_pagine tried 1/1] 1.4 secs
				[altezza_pagina tried 1/1] 1.4 secs
				[larghezza_pagina tried 1/1] 1.4 secs
				[altezza_rettangolo tried 3/3] 1.4 secs
				[ascissa_rettangolo tried 3/3] 1.4 secs
				[ordinata_rettangolo tried 3/3] 1.4 secs
				[larghezza_rettangolo tried 3/3] 1.4 secs

	Save clause ending with to_right(C,E) (cover 36, accuracy 85%)

Best literal to_right(D,F) (8.0 bits)


State (74624/77504 [36/42], 155.8 bits available)

				[= tried 6/6] 1.4 secs
				[tipo_testo tried 2/4] 1.4 secs
				[tipo_linea_orizzontale tried 4/4] 1.4 secs
				[tipo_misto tried 4/4] 1.4 secs
				[tipo_linea_obbliqua tried 4/4] 1.4 secs
				[tipo_immagine tried 4/4] 1.4 secs
				[tipo_vuoto tried 4/4] 1.4 secs
				[ultima_pagina tried 1/1] 1.4 secs
				[frame tried 7/8] 1.5 secs
				[pagina_1 tried 2/3] 1.5 secs
				[on_top tried 17/18] 1.5 secs
				[to_right tried 15/18] 1.6 secs
				[allineato_al_centro_verticale tried 15/18] 1.6 secs
				[allineato_al_centro_orizzontale tried 10/18] 1.7 secs
				[numero_pagine tried 1/1] 1.7 secs
				[altezza_pagina tried 1/1] 1.7 secs
				[larghezza_pagina tried 1/1] 1.7 secs
				[altezza_rettangolo tried 3/3] 1.7 secs
				[ascissa_rettangolo tried 3/3] 1.7 secs
				[ordinata_rettangolo tried 3/3] 1.7 secs
				[larghezza_rettangolo tried 3/3] 1.7 secs

	Save clause ending with to_right(F,E) (cover 36, accuracy 97%)

	Save to_right(F,E) (36,37 value 94.2)

Best literal on_top(D,F) (8.6 bits)


State (66944/68096 [36/41], 150.4 bits available)

				[= tried 6/6] 1.7 secs
				[tipo_testo tried 2/4] 1.7 secs
				[tipo_linea_orizzontale tried 4/4] 1.7 secs
				[tipo_misto tried 4/4] 1.7 secs
				[tipo_linea_obbliqua tried 4/4] 1.8 secs
				[tipo_immagine tried 4/4] 1.8 secs
				[tipo_vuoto tried 4/4] 1.8 secs
				[ultima_pagina tried 1/1] 1.8 secs
				[frame tried 7/8] 1.8 secs
				[pagina_1 tried 2/3] 1.8 secs
				[on_top tried 16/18] 1.9 secs
				[to_right tried 16/18] 1.9 secs
				[allineato_al_centro_verticale tried 18/18] 1.9 secs
				[allineato_al_centro_orizzontale tried 10/18] 2.0 secs
				[numero_pagine tried 1/1] 2.0 secs
				[altezza_pagina tried 1/1] 2.0 secs
				[larghezza_pagina tried 1/1] 2.0 secs
				[altezza_rettangolo tried 3/3] 2.0 secs
				[ascissa_rettangolo tried 3/3] 2.0 secs
				[ordinata_rettangolo tried 3/3] 2.0 secs
				[larghezza_rettangolo tried 3/3] 2.0 secs

	Save clause ending with allineato_al_centro_verticale(G,E) (cover 6, accuracy 100%)

Best literal allineato_al_centro_verticale(G,E) (8.6 bits)

Initial clause (0 errs): class_jmlr(A) :- pagina_1(A,B), frame(B,C), to_right(C,D), tipo_testo(D), tipo_testo(C), allineato_al_centro_orizzontale(C,E), on_top(C,D), to_right(D,F), on_top(D,F), allineato_al_centro_verticale(G,E).
		allineato_al_centro_orizzontale(C,E) needed for binding allineato_al_centro_verticale(G,E)
		frame(B,C) needed for binding to_right(C,D)
		pagina_1(A,B) needed for binding frame(B,C)

Clause 1: class_jmlr(A) :- pagina_1(A,B), frame(B,C), to_right(C,D), tipo_testo(C), allineato_al_centro_orizzontale(C,E), on_top(C,D), to_right(D,F), on_top(D,F), allineato_al_centro_verticale(G,E).

State (36/264, 183.2 bits available)

				[pagina_1 tried 1/1] 2.1 secs
				[numero_pagine tried 1/1] 2.1 secs

Best literal pagina_1(A,B) (1.0 bits)


State (72/528 [36/264], 182.2 bits available, 1 weak literal)

				[ultima_pagina tried 1/1] 2.1 secs
				[frame tried 1/1] 2.1 secs
				[pagina_1 tried 1/3] 2.1 secs
				[numero_pagine tried 1/1] 2.1 secs
				[altezza_pagina tried 1/1] 2.1 secs
				[larghezza_pagina tried 1/1] 2.1 secs

Best literal frame(B,C) (2.6 bits)


State (2004/11064 [36/264], 180.6 bits available, 2 weak literals)

				[tipo_testo tried 1/1] 2.1 secs
				[tipo_linea_orizzontale tried 1/1] 2.1 secs
				[tipo_misto tried 1/1] 2.1 secs
				[tipo_linea_obbliqua tried 1/1] 2.1 secs
				[tipo_immagine tried 1/1] 2.1 secs
				[tipo_vuoto tried 1/1] 2.1 secs
				[ultima_pagina tried 1/1] 2.1 secs
				[frame tried 1/3] 2.1 secs
				[pagina_1 tried 2/3] 2.1 secs
				[on_top tried 2/2] 2.1 secs
				[to_right tried 2/2] 2.1 secs
				[allineato_al_centro_verticale tried 2/2] 2.1 secs
				[allineato_al_centro_orizzontale tried 2/2] 2.1 secs
				[numero_pagine tried 1/1] 2.1 secs
				[altezza_pagina tried 1/1] 2.1 secs
				[larghezza_pagina tried 1/1] 2.1 secs
				[altezza_rettangolo tried 1/1] 2.1 secs
				[ascissa_rettangolo tried 1/1] 2.1 secs
				[ordinata_rettangolo tried 1/1] 2.1 secs
				[larghezza_rettangolo tried 1/1] 2.1 secs

Best literal to_right(C,D) (5.3 bits)


State (23088/86472 [36/263], 176.8 bits available)

				[= tried 1/1] 2.1 secs
				[tipo_testo tried 2/2] 2.1 secs
				[tipo_linea_orizzontale tried 2/2] 2.1 secs
				[tipo_misto tried 2/2] 2.1 secs
				[tipo_linea_obbliqua tried 2/2] 2.1 secs
				[tipo_immagine tried 2/2] 2.1 secs
				[tipo_vuoto tried 2/2] 2.1 secs
				[ultima_pagina tried 1/1] 2.1 secs
				[frame tried 4/5] 2.2 secs
				[pagina_1 tried 2/3] 2.2 secs
				[on_top tried 6/6] 2.2 secs
				[to_right tried 4/6] 2.2 secs
				[allineato_al_centro_verticale tried 6/6] 2.2 secs
				[allineato_al_centro_orizzontale tried 6/6] 2.2 secs
				[numero_pagine tried 1/1] 2.2 secs
				[altezza_pagina tried 1/1] 2.2 secs
				[larghezza_pagina tried 1/1] 2.2 secs
				[altezza_rettangolo tried 2/2] 2.2 secs
				[ascissa_rettangolo tried 2/2] 2.2 secs
				[ordinata_rettangolo tried 2/2] 2.2 secs
				[larghezza_rettangolo tried 2/2] 2.3 secs

Best literal tipo_testo(D) (5.4 bits)


State (22768/67544 [36/260], 173.4 bits available)

				[= tried 1/1] 2.3 secs
				[tipo_testo tried 1/2] 2.3 secs
				[tipo_linea_orizzontale tried 2/2] 2.3 secs
				[tipo_misto tried 2/2] 2.3 secs
				[tipo_linea_obbliqua tried 2/2] 2.3 secs
				[tipo_immagine tried 2/2] 2.3 secs
				[tipo_vuoto tried 2/2] 2.3 secs
				[ultima_pagina tried 1/1] 2.3 secs
				[frame tried 4/5] 2.3 secs
				[pagina_1 tried 2/3] 2.3 secs
				[on_top tried 6/6] 2.3 secs
				[to_right tried 5/6] 2.3 secs
				[allineato_al_centro_verticale tried 6/6] 2.3 secs
				[allineato_al_centro_orizzontale tried 6/6] 2.3 secs
				[numero_pagine tried 1/1] 2.3 secs
				[altezza_pagina tried 1/1] 2.4 secs
				[larghezza_pagina tried 1/1] 2.4 secs
				[altezza_rettangolo tried 2/2] 2.4 secs
				[ascissa_rettangolo tried 2/2] 2.4 secs
				[ordinata_rettangolo tried 2/2] 2.4 secs
				[larghezza_rettangolo tried 2/2] 2.4 secs

Best literal tipo_testo(C) (5.4 bits)


State (22408/59552 [36/260], 170.4 bits available)

				[= tried 1/1] 2.4 secs
				[tipo_testo tried 0/2] 2.4 secs
				[tipo_linea_orizzontale tried 2/2] 2.4 secs
				[tipo_misto tried 2/2] 2.4 secs
				[tipo_linea_obbliqua tried 2/2] 2.4 secs
				[tipo_immagine tried 2/2] 2.4 secs
				[tipo_vuoto tried 2/2] 2.4 secs
				[ultima_pagina tried 1/1] 2.4 secs
				[frame tried 4/5] 2.4 secs
				[pagina_1 tried 2/3] 2.4 secs
				[on_top tried 6/6] 2.4 secs
				[to_right tried 5/6] 2.5 secs
				[allineato_al_centro_verticale tried 6/6] 2.5 secs
				[allineato_al_centro_orizzontale tried 5/6] 2.5 secs
				[numero_pagine tried 1/1] 2.5 secs
				[altezza_pagina tried 1/1] 2.5 secs
				[larghezza_pagina tried 1/1] 2.5 secs
				[altezza_rettangolo tried 2/2] 2.5 secs
				[ascissa_rettangolo tried 2/2] 2.5 secs
				[ordinata_rettangolo tried 2/2] 2.5 secs
				[larghezza_rettangolo tried 2/2] 2.5 secs

	Save clause ending with allineato_al_centro_orizzontale(C,E) (cover 35, accuracy 81%)

Best literal allineato_al_centro_orizzontale(C,E) (7.0 bits)


State (4624/5808 [35/43], 162.7 bits available)

				[= tried 3/3] 2.5 secs
				[tipo_testo tried 1/3] 2.5 secs
				[tipo_linea_orizzontale tried 3/3] 2.5 secs
				[tipo_misto tried 3/3] 2.5 secs
				[tipo_linea_obbliqua tried 3/3] 2.5 secs
				[tipo_immagine tried 3/3] 2.5 secs
				[tipo_vuoto tried 3/3] 2.5 secs
				[ultima_pagina tried 1/1] 2.5 secs
				[frame tried 6/7] 2.5 secs
				[pagina_1 tried 2/3] 2.5 secs
				[on_top tried 12/12] 2.5 secs
				[to_right tried 11/12] 2.5 secs
				[allineato_al_centro_verticale tried 6/12] 2.5 secs
				[allineato_al_centro_orizzontale tried 6/12] 2.5 secs
				[numero_pagine tried 1/1] 2.5 secs
				[altezza_pagina tried 1/1] 2.5 secs
				[larghezza_pagina tried 1/1] 2.5 secs
				[altezza_rettangolo tried 3/3] 2.5 secs
				[ascissa_rettangolo tried 3/3] 2.5 secs
				[ordinata_rettangolo tried 3/3] 2.5 secs
				[larghezza_rettangolo tried 3/3] 2.5 secs

	Save clause ending with on_top(C,D) (cover 35, accuracy 83%)

	Save on_top(E,D) (35,42 value 90.4)

Best literal on_top(C,D) (8.0 bits)


State (8000/8768 [35/42], 157.5 bits available)

				[= tried 3/3] 2.5 secs
				[tipo_testo tried 1/3] 2.6 secs
				[tipo_linea_orizzontale tried 3/3] 2.6 secs
				[tipo_misto tried 3/3] 2.6 secs
				[tipo_linea_obbliqua tried 3/3] 2.6 secs
				[tipo_immagine tried 3/3] 2.6 secs
				[tipo_vuoto tried 3/3] 2.6 secs
				[ultima_pagina tried 1/1] 2.6 secs
				[frame tried 6/7] 2.6 secs
				[pagina_1 tried 2/3] 2.6 secs
				[on_top tried 11/12] 2.6 secs
				[to_right tried 11/12] 2.6 secs
				[allineato_al_centro_verticale tried 8/12] 2.6 secs
				[allineato_al_centro_orizzontale tried 6/12] 2.6 secs
				[numero_pagine tried 1/1] 2.6 secs
				[altezza_pagina tried 1/1] 2.6 secs
				[larghezza_pagina tried 1/1] 2.6 secs
				[altezza_rettangolo tried 3/3] 2.6 secs
				[ascissa_rettangolo tried 3/3] 2.6 secs
				[ordinata_rettangolo tried 3/3] 2.6 secs
				[larghezza_rettangolo tried 3/3] 2.6 secs

	Save to_right(D,F) (30,36 value 77.6)

Best literal on_top(D,F) (8.0 bits)


State (89024/93120 [35/42], 152.6 bits available)

				[= tried 6/6] 2.6 secs
				[tipo_testo tried 2/4] 2.6 secs
				[tipo_linea_orizzontale tried 4/4] 2.6 secs
				[tipo_misto tried 4/4] 2.6 secs
				[tipo_linea_obbliqua tried 4/4] 2.6 secs
				[tipo_immagine tried 4/4] 2.6 secs
				[tipo_vuoto tried 4/4] 2.6 secs
				[ultima_pagina tried 1/1] 2.7 secs
				[frame tried 7/8] 2.7 secs
				[pagina_1 tried 2/3] 2.7 secs
				[on_top tried 15/18] 2.7 secs
				[to_right tried 17/18] 2.8 secs
				[allineato_al_centro_verticale tried 15/18] 2.9 secs
				[allineato_al_centro_orizzontale tried 10/18] 2.9 secs
				[numero_pagine tried 1/1] 2.9 secs
				[altezza_pagina tried 1/1] 2.9 secs
				[larghezza_pagina tried 1/1] 2.9 secs
				[altezza_rettangolo tried 3/3] 2.9 secs
				[ascissa_rettangolo tried 3/3] 2.9 secs
				[ordinata_rettangolo tried 3/3] 2.9 secs
				[larghezza_rettangolo tried 3/3] 3.0 secs

	Save clause ending with to_right(E,F) (cover 33, accuracy 86%)

	Save to_right(E,F) (33,38 value 87.2)

Best literal to_right(D,F) (8.6 bits)


State (57344/58496 [30/35], 130.0 bits available)

				[= tried 6/6] 3.0 secs
				[tipo_testo tried 2/4] 3.0 secs
				[tipo_linea_orizzontale tried 4/4] 3.0 secs
				[tipo_misto tried 4/4] 3.0 secs
				[tipo_linea_obbliqua tried 4/4] 3.0 secs
				[tipo_immagine tried 4/4] 3.0 secs
				[tipo_vuoto tried 4/4] 3.0 secs
				[ultima_pagina tried 1/1] 3.0 secs
				[frame tried 7/8] 3.0 secs
				[pagina_1 tried 2/3] 3.0 secs
				[on_top tried 16/18] 3.1 secs
				[to_right tried 16/18] 3.2 secs
				[allineato_al_centro_verticale tried 12/18] 3.2 secs
				[allineato_al_centro_orizzontale tried 10/18] 3.2 secs
				[numero_pagine tried 1/1] 3.2 secs
				[altezza_pagina tried 1/1] 3.2 secs
				[larghezza_pagina tried 1/1] 3.2 secs
				[altezza_rettangolo tried 3/3] 3.2 secs
				[ascissa_rettangolo tried 3/3] 3.2 secs
				[ordinata_rettangolo tried 3/3] 3.2 secs
				[larghezza_rettangolo tried 3/3] 3.2 secs

	Save clause ending with to_right(D,E) (cover 30, accuracy 96%)

Best literal to_right(D,E) (8.6 bits)


State (96000/97024 [30/31], 124.8 bits available)

				[= tried 6/6] 3.3 secs
				[tipo_testo tried 2/4] 3.3 secs
				[tipo_linea_orizzontale tried 4/4] 3.3 secs
				[tipo_misto tried 4/4] 3.3 secs
				[tipo_linea_obbliqua tried 4/4] 3.3 secs
				[tipo_immagine tried 4/4] 3.3 secs
				[tipo_vuoto tried 4/4] 3.3 secs
				[ultima_pagina tried 1/1] 3.3 secs
				[frame tried 7/8] 3.3 secs
				[pagina_1 tried 2/3] 3.4 secs
				[on_top tried 16/18] 3.4 secs
				[to_right tried 15/18] 3.5 secs
				[allineato_al_centro_verticale tried 18/18] 3.5 secs
				[allineato_al_centro_orizzontale tried 11/18] 3.5 secs
				[numero_pagine tried 1/1] 3.6 secs
				[altezza_pagina tried 1/1] 3.6 secs
				[larghezza_pagina tried 1/1] 3.6 secs
				[altezza_rettangolo tried 3/3] 3.6 secs
				[ascissa_rettangolo tried 3/3] 3.6 secs
				[ordinata_rettangolo tried 3/3] 3.6 secs
				[larghezza_rettangolo tried 3/3] 3.6 secs

	Save clause ending with allineato_al_centro_verticale(D,F) (cover 14, accuracy 100%)

Best literal allineato_al_centro_verticale(D,F) (8.6 bits)

Initial clause (0 errs): class_jmlr(A) :- pagina_1(A,B), frame(B,C), to_right(C,D), tipo_testo(D), tipo_testo(C), allineato_al_centro_orizzontale(C,E), on_top(C,D), on_top(D,F), to_right(D,F), to_right(D,E), allineato_al_centro_verticale(D,F).
		frame(B,C) needed for binding to_right(C,D)
		pagina_1(A,B) needed for binding frame(B,C)

Clause 2: class_jmlr(A) :- pagina_1(A,B), frame(B,C), to_right(C,D), tipo_testo(C), allineato_al_centro_orizzontale(C,E), on_top(C,D), on_top(D,F), allineato_al_centro_verticale(D,F).

State (10/238, 76.4 bits available)

				[pagina_1 tried 1/1] 3.7 secs
				[numero_pagine tried 1/1] 3.7 secs

Best literal pagina_1(A,B) (1.0 bits)


State (20/476 [10/238], 75.4 bits available, 1 weak literal)

				[ultima_pagina tried 1/1] 3.7 secs
				[frame tried 1/1] 3.7 secs
				[pagina_1 tried 1/3] 3.7 secs
				[numero_pagine tried 1/1] 3.7 secs
				[altezza_pagina tried 1/1] 3.7 secs
				[larghezza_pagina tried 1/1] 3.7 secs

Best literal frame(B,C) (2.6 bits)


State (520/9580 [10/238], 73.8 bits available, 2 weak literals)

				[tipo_testo tried 1/1] 3.7 secs
				[tipo_linea_orizzontale tried 1/1] 3.7 secs
				[tipo_misto tried 1/1] 3.7 secs
				[tipo_linea_obbliqua tried 1/1] 3.7 secs
				[tipo_immagine tried 1/1] 3.7 secs
				[tipo_vuoto tried 1/1] 3.7 secs
				[ultima_pagina tried 1/1] 3.7 secs
				[frame tried 1/3] 3.7 secs
				[pagina_1 tried 2/3] 3.7 secs
				[on_top tried 2/2] 3.7 secs
				[to_right tried 2/2] 3.7 secs
				[allineato_al_centro_verticale tried 2/2] 3.7 secs
				[allineato_al_centro_orizzontale tried 2/2] 3.7 secs
				[numero_pagine tried 1/1] 3.7 secs
				[altezza_pagina tried 1/1] 3.7 secs
				[larghezza_pagina tried 1/1] 3.7 secs
				[altezza_rettangolo tried 1/1] 3.7 secs
				[ascissa_rettangolo tried 1/1] 3.7 secs
				[ordinata_rettangolo tried 1/1] 3.7 secs
				[larghezza_rettangolo tried 1/1] 3.7 secs

Best literal to_right(C,D) (5.3 bits)


State (5368/68752 [10/237], 70.1 bits available)

				[= tried 1/1] 3.7 secs
				[tipo_testo tried 2/2] 3.7 secs
				[tipo_linea_orizzontale tried 2/2] 3.7 secs
				[tipo_misto tried 2/2] 3.8 secs
				[tipo_linea_obbliqua tried 2/2] 3.8 secs
				[tipo_immagine tried 2/2] 3.8 secs
				[tipo_vuoto tried 2/2] 3.8 secs
				[ultima_pagina tried 1/1] 3.8 secs
				[frame tried 4/5] 3.8 secs
				[pagina_1 tried 2/3] 3.8 secs
				[on_top tried 6/6] 3.8 secs
				[to_right tried 4/6] 3.8 secs
				[allineato_al_centro_verticale tried 6/6] 3.8 secs
				[allineato_al_centro_orizzontale tried 6/6] 3.8 secs
				[numero_pagine tried 1/1] 3.8 secs
				[altezza_pagina tried 1/1] 3.8 secs
				[larghezza_pagina tried 1/1] 3.8 secs
				[altezza_rettangolo tried 2/2] 3.8 secs
				[ascissa_rettangolo tried 2/2] 3.8 secs
				[ordinata_rettangolo tried 2/2] 3.8 secs
				[larghezza_rettangolo tried 2/2] 3.9 secs

Best literal tipo_testo(D) (5.4 bits)


State (5256/50032 [10/234], 66.7 bits available)

				[= tried 1/1] 3.9 secs
				[tipo_testo tried 1/2] 3.9 secs
				[tipo_linea_orizzontale tried 2/2] 3.9 secs
				[tipo_misto tried 2/2] 3.9 secs
				[tipo_linea_obbliqua tried 2/2] 3.9 secs
				[tipo_immagine tried 2/2] 3.9 secs
				[tipo_vuoto tried 2/2] 3.9 secs
				[ultima_pagina tried 1/1] 3.9 secs
				[frame tried 4/5] 3.9 secs
				[pagina_1 tried 2/3] 3.9 secs
				[on_top tried 6/6] 3.9 secs
				[to_right tried 5/6] 3.9 secs
				[allineato_al_centro_verticale tried 6/6] 3.9 secs
				[allineato_al_centro_orizzontale tried 6/6] 3.9 secs
				[numero_pagine tried 1/1] 3.9 secs
				[altezza_pagina tried 1/1] 3.9 secs
				[larghezza_pagina tried 1/1] 3.9 secs
				[altezza_rettangolo tried 2/2] 3.9 secs
				[ascissa_rettangolo tried 2/2] 3.9 secs
				[ordinata_rettangolo tried 2/2] 3.9 secs
				[larghezza_rettangolo tried 2/2] 4.0 secs

Best literal tipo_testo(C) (5.4 bits)


State (5184/42328 [10/234], 63.6 bits available)

				[= tried 1/1] 4.0 secs
				[tipo_testo tried 0/2] 4.0 secs
				[tipo_linea_orizzontale tried 2/2] 4.0 secs
				[tipo_misto tried 2/2] 4.0 secs
				[tipo_linea_obbliqua tried 2/2] 4.0 secs
				[tipo_immagine tried 2/2] 4.0 secs
				[tipo_vuoto tried 2/2] 4.0 secs
				[ultima_pagina tried 1/1] 4.0 secs
				[frame tried 4/5] 4.0 secs
				[pagina_1 tried 2/3] 4.0 secs
				[on_top tried 6/6] 4.0 secs
				[to_right tried 5/6] 4.0 secs
				[allineato_al_centro_verticale tried 6/6] 4.0 secs
				[allineato_al_centro_orizzontale tried 5/6] 4.0 secs
				[numero_pagine tried 1/1] 4.0 secs
				[altezza_pagina tried 1/1] 4.0 secs
				[larghezza_pagina tried 1/1] 4.0 secs
				[altezza_rettangolo tried 2/2] 4.0 secs
				[ascissa_rettangolo tried 2/2] 4.0 secs
				[ordinata_rettangolo tried 2/2] 4.0 secs
				[larghezza_rettangolo tried 2/2] 4.1 secs

	Save allineato_al_centro_orizzontale(E,C) (10,20 value 35.1)

Best literal allineato_al_centro_verticale(E,D) (7.0 bits)


State (8944/46304 [10/160], 59.2 bits available)

				[= tried 3/3] 4.1 secs
				[tipo_testo tried 1/3] 4.1 secs
				[tipo_linea_orizzontale tried 3/3] 4.1 secs
				[tipo_misto tried 3/3] 4.1 secs
				[tipo_linea_obbliqua tried 3/3] 4.1 secs
				[tipo_immagine tried 3/3] 4.1 secs
				[tipo_vuoto tried 3/3] 4.1 secs
				[ultima_pagina tried 1/1] 4.1 secs
				[frame tried 5/6] 4.1 secs
				[pagina_1 tried 2/3] 4.1 secs
				[on_top tried 10/10] 4.1 secs
				[to_right tried 9/10] 4.1 secs
				[allineato_al_centro_verticale tried 8/10] 4.1 secs
				[allineato_al_centro_orizzontale tried 6/10] 4.1 secs
				[numero_pagine tried 1/1] 4.1 secs
				[altezza_pagina tried 1/1] 4.2 secs
				[larghezza_pagina tried 1/1] 4.2 secs
				[altezza_rettangolo tried 2/2] 4.2 secs
				[ascissa_rettangolo tried 2/2] 4.2 secs
				[ordinata_rettangolo tried 2/2] 4.2 secs
				[larghezza_rettangolo tried 2/2] 4.2 secs

Best literal on_top(D,E) (7.7 bits)


State (15008/59744 [10/121], 54.3 bits available)

				[= tried 3/3] 4.2 secs
				[tipo_testo tried 1/3] 4.2 secs
				[tipo_linea_orizzontale tried 3/3] 4.2 secs
				[tipo_misto tried 3/3] 4.2 secs
				[tipo_linea_obbliqua tried 3/3] 4.2 secs
				[tipo_immagine tried 3/3] 4.2 secs
				[tipo_vuoto tried 3/3] 4.2 secs
				[ultima_pagina tried 1/1] 4.2 secs
				[frame tried 5/6] 4.2 secs
				[pagina_1 tried 2/3] 4.2 secs
				[on_top tried 9/10] 4.2 secs
				[to_right tried 9/10] 4.3 secs
				[allineato_al_centro_verticale tried 9/10] 4.3 secs
				[allineato_al_centro_orizzontale tried 6/10] 4.3 secs
				[numero_pagine tried 1/1] 4.3 secs
				[altezza_pagina tried 1/1] 4.3 secs
				[larghezza_pagina tried 1/1] 4.3 secs
				[altezza_rettangolo tried 2/2] 4.3 secs
				[ascissa_rettangolo tried 2/2] 4.3 secs
				[ordinata_rettangolo tried 2/2] 4.3 secs
				[larghezza_rettangolo tried 2/2] 4.3 secs

	Save allineato_al_centro_orizzontale(F,C) (8,12 value 31.3)

Best literal tipo_testo(E) (6.0 bits)


State (14304/48480 [10/108], 51.3 bits available)

				[= tried 3/3] 4.3 secs
				[tipo_testo tried 0/3] 4.3 secs
				[tipo_linea_orizzontale tried 3/3] 4.3 secs
				[tipo_misto tried 3/3] 4.3 secs
				[tipo_linea_obbliqua tried 3/3] 4.3 secs
				[tipo_immagine tried 3/3] 4.3 secs
				[tipo_vuoto tried 3/3] 4.3 secs
				[ultima_pagina tried 1/1] 4.3 secs
				[frame tried 5/6] 4.4 secs
				[pagina_1 tried 2/3] 4.4 secs
				[on_top tried 9/10] 4.4 secs
				[to_right tried 9/10] 4.4 secs
				[allineato_al_centro_verticale tried 9/10] 4.4 secs
				[allineato_al_centro_orizzontale tried 6/10] 4.4 secs
				[numero_pagine tried 1/1] 4.4 secs
				[altezza_pagina tried 1/1] 4.4 secs
				[larghezza_pagina tried 1/1] 4.4 secs
				[altezza_rettangolo tried 2/2] 4.5 secs
				[ascissa_rettangolo tried 2/2] 4.5 secs
				[ordinata_rettangolo tried 2/2] 4.5 secs
				[larghezza_rettangolo tried 2/2] 4.5 secs

Best literal allineato_al_centro_orizzontale(F,C) (7.7 bits)


State (3328/3968 [8/12], 35.7 bits available)

				[= tried 6/6] 4.5 secs
				[tipo_testo tried 1/4] 4.5 secs
				[tipo_linea_orizzontale tried 4/4] 4.5 secs
				[tipo_misto tried 4/4] 4.5 secs
				[tipo_linea_obbliqua tried 4/4] 4.5 secs
				[tipo_immagine tried 4/4] 4.5 secs
				[tipo_vuoto tried 4/4] 4.5 secs
				[ultima_pagina tried 1/1] 4.5 secs
				[frame tried 7/8] 4.5 secs
				[pagina_1 tried 2/3] 4.5 secs
				[on_top tried 17/18] 4.5 secs
				[to_right tried 17/18] 4.5 secs
				[allineato_al_centro_verticale tried 8/18] 4.5 secs
				[allineato_al_centro_orizzontale tried 10/18] 4.5 secs
				[numero_pagine tried 1/1] 4.5 secs
				[altezza_pagina tried 1/1] 4.5 secs
				[larghezza_pagina tried 1/1] 4.5 secs
				[altezza_rettangolo tried 3/3] 4.5 secs
				[ascissa_rettangolo tried 3/3] 4.5 secs
				[ordinata_rettangolo tried 3/3] 4.5 secs
				[larghezza_rettangolo tried 3/3] 4.5 secs

	Save clause ending with to_right(D,F) (cover 7, accuracy 100%)

	Save to_right(D,G) (8,11 value 32.2)
	Save to_right(D,F) (7,7 value 31.1)

Best literal to_right(E,F) (8.6 bits)

Initial clause (0 errs): class_jmlr(A) :- pagina_1(A,B), frame(B,C), to_right(C,D), tipo_testo(D), tipo_testo(C), allineato_al_centro_verticale(E,D), on_top(D,E), tipo_testo(E), allineato_al_centro_orizzontale(F,C), to_right(E,F).
		to_right(C,D) needed for binding allineato_al_centro_verticale(E,D)
		frame(B,C) needed for binding to_right(C,D)
		pagina_1(A,B) needed for binding frame(B,C)

Clause 3: class_jmlr(A) :- pagina_1(A,B), frame(B,C), to_right(C,D), tipo_testo(C), allineato_al_centro_verticale(E,D), on_top(D,E), allineato_al_centro_orizzontale(F,C), to_right(E,F).

State (3/231, 33.7 bits available)

				[pagina_1 tried 1/1] 4.6 secs
				[numero_pagine tried 1/1] 4.6 secs

Best literal pagina_1(A,B) (1.0 bits)


State (6/462 [3/231], 32.7 bits available, 1 weak literal)

				[ultima_pagina tried 1/1] 4.6 secs
				[frame tried 1/1] 4.6 secs
				[pagina_1 tried 1/3] 4.6 secs
				[numero_pagine tried 1/1] 4.6 secs
				[altezza_pagina tried 1/1] 4.6 secs
				[larghezza_pagina tried 1/1] 4.6 secs

Best literal frame(B,C) (2.6 bits)


State (148/9208 [3/231], 31.1 bits available, 2 weak literals)

				[tipo_testo tried 1/1] 4.6 secs
				[tipo_linea_orizzontale tried 1/1] 4.6 secs
				[tipo_misto tried 1/1] 4.6 secs
				[tipo_linea_obbliqua tried 1/1] 4.6 secs
				[tipo_immagine tried 1/1] 4.6 secs
				[tipo_vuoto tried 1/1] 4.6 secs
				[ultima_pagina tried 1/1] 4.6 secs
				[frame tried 1/3] 4.6 secs
				[pagina_1 tried 2/3] 4.6 secs
				[on_top tried 2/2] 4.6 secs
				[to_right tried 2/2] 4.6 secs
				[allineato_al_centro_verticale tried 2/2] 4.6 secs
				[allineato_al_centro_orizzontale tried 2/2] 4.6 secs
				[numero_pagine tried 1/1] 4.6 secs
				[altezza_pagina tried 1/1] 4.6 secs
				[larghezza_pagina tried 1/1] 4.6 secs
				[altezza_rettangolo tried 1/1] 4.6 secs
				[ascissa_rettangolo tried 1/1] 4.6 secs
				[ordinata_rettangolo tried 1/1] 4.6 secs
				[larghezza_rettangolo tried 1/1] 4.6 secs

Best literal to_right(C,D) (5.3 bits)


State (1392/64776 [3/230], 27.4 bits available)

				[= tried 1/1] 4.6 secs
				[tipo_testo tried 2/2] 4.6 secs
				[tipo_linea_orizzontale tried 2/2] 4.6 secs
				[tipo_misto tried 2/2] 4.6 secs
				[tipo_linea_obbliqua tried 2/2] 4.6 secs
				[tipo_immagine tried 2/2] 4.6 secs
				[tipo_vuoto tried 2/2] 4.6 secs
				[ultima_pagina tried 1/1] 4.6 secs
				[frame tried 4/5] 4.7 secs
				[pagina_1 tried 2/3] 4.7 secs
				[on_top tried 6/6] 4.7 secs
				[to_right tried 4/6] 4.7 secs
				[allineato_al_centro_verticale tried 6/6] 4.7 secs
				[allineato_al_centro_orizzontale tried 5/6] 4.7 secs
				[numero_pagine tried 1/1] 4.7 secs
				[altezza_pagina tried 1/1] 4.7 secs
				[larghezza_pagina tried 1/1] 4.7 secs
				[altezza_rettangolo tried 2/2] 4.7 secs
				[ascissa_rettangolo tried 2/2] 4.7 secs
				[ordinata_rettangolo tried 2/2] 4.7 secs
				[larghezza_rettangolo tried 2/2] 4.7 secs

Best literal tipo_testo(D) (5.4 bits)


State (1392/46168 [3/227], 24.0 bits available)

				[= tried 1/1] 4.7 secs
				[tipo_testo tried 1/2] 4.7 secs
				[tipo_linea_orizzontale tried 2/2] 4.7 secs
				[tipo_misto tried 2/2] 4.7 secs
				[tipo_linea_obbliqua tried 2/2] 4.7 secs
				[tipo_immagine tried 2/2] 4.7 secs
				[tipo_vuoto tried 2/2] 4.7 secs
				[ultima_pagina tried 1/1] 4.7 secs
				[frame tried 4/5] 4.8 secs
				[pagina_1 tried 2/3] 4.8 secs
				[on_top tried 6/6] 4.8 secs
				[to_right tried 5/6] 4.8 secs
				[allineato_al_centro_verticale tried 6/6] 4.8 secs
				[allineato_al_centro_orizzontale tried 5/6] 4.8 secs
				[numero_pagine tried 1/1] 4.8 secs
				[altezza_pagina tried 1/1] 4.8 secs
				[larghezza_pagina tried 1/1] 4.8 secs
				[altezza_rettangolo tried 2/2] 4.8 secs
				[ascissa_rettangolo tried 2/2] 4.8 secs
				[ordinata_rettangolo tried 2/2] 4.8 secs
				[larghezza_rettangolo tried 2/2] 4.8 secs

	Save tipo_testo(C) (3,227 value 0.1)

Best literal allineato_al_centro_orizzontale(E,D) (7.0 bits)


State (400/3056 [3/11], 19.3 bits available)

				[= tried 3/3] 4.8 secs
				[tipo_testo tried 2/3] 4.8 secs
				[tipo_linea_orizzontale tried 3/3] 4.8 secs
				[tipo_misto tried 3/3] 4.8 secs
				[tipo_linea_obbliqua tried 3/3] 4.8 secs
				[tipo_immagine tried 3/3] 4.8 secs
				[tipo_vuoto tried 3/3] 4.8 secs
				[ultima_pagina tried 1/1] 4.8 secs
				[frame tried 5/6] 4.8 secs
				[pagina_1 tried 2/3] 4.8 secs
				[on_top tried 10/10] 4.8 secs
				[to_right tried 9/10] 4.8 secs
				[allineato_al_centro_verticale tried 8/10] 4.8 secs
				[allineato_al_centro_orizzontale tried 4/10] 4.8 secs
				[numero_pagine tried 1/1] 4.8 secs
				[altezza_pagina tried 1/1] 4.8 secs
				[larghezza_pagina tried 1/1] 4.8 secs
				[altezza_rettangolo tried 2/2] 4.8 secs
				[ascissa_rettangolo tried 2/2] 4.8 secs
				[ordinata_rettangolo tried 2/2] 4.8 secs
				[larghezza_rettangolo tried 2/2] 4.8 secs

	Save on_top(D,C) (3,11 value 12.8)
	Save on_top(D,F) (3,11 value 12.8)

Best literal on_top(E,C) (7.7 bits)


State (704/3584 [3/11], 14.2 bits available)

				[= tried 3/3] 4.8 secs
				[tipo_testo tried 2/3] 4.8 secs
				[tipo_linea_orizzontale tried 3/3] 4.8 secs
				[tipo_misto tried 3/3] 4.8 secs
				[tipo_linea_obbliqua tried 3/3] 4.8 secs
				[tipo_immagine tried 3/3] 4.8 secs
				[tipo_vuoto tried 3/3] 4.8 secs
				[ultima_pagina tried 1/1] 4.8 secs
				[frame tried 5/6] 4.8 secs
				[pagina_1 tried 2/3] 4.8 secs
				[on_top tried 9/10] 4.8 secs
				[to_right tried 9/10] 4.8 secs
				[allineato_al_centro_verticale tried 8/10] 4.8 secs
				[allineato_al_centro_orizzontale tried 5/10] 4.8 secs
				[numero_pagine tried 1/1] 4.8 secs
				[altezza_pagina tried 1/1] 4.8 secs
				[larghezza_pagina tried 1/1] 4.8 secs
				[altezza_rettangolo tried 2/2] 4.8 secs
				[ascissa_rettangolo tried 2/2] 4.8 secs
				[ordinata_rettangolo tried 2/2] 4.9 secs
				[larghezza_rettangolo tried 2/2] 4.9 secs

Best literal to_right(E,C) (7.7 bits)


State (576/1152 [3/5], 9.3 bits available)

				[= tried 3/3] 4.9 secs
				[tipo_testo tried 2/3] 4.9 secs
				[tipo_linea_orizzontale tried 3/3] 4.9 secs
				[tipo_misto tried 3/3] 4.9 secs
				[tipo_linea_obbliqua tried 3/3] 4.9 secs
				[tipo_immagine tried 3/3] 4.9 secs
				[tipo_vuoto tried 3/3] 4.9 secs
				[ultima_pagina tried 1/1] 4.9 secs
				[frame tried 5/6] 4.9 secs
				[pagina_1 tried 2/3] 4.9 secs
				[on_top tried 9/10] 4.9 secs
				[to_right tried 8/10] 4.9 secs
				[allineato_al_centro_verticale tried 5/10] 4.9 secs

	Save clause ending with allineato_al_centro_verticale(F,C) (cover 3, accuracy 100%)

Best literal allineato_al_centro_verticale(F,C) (7.7 bits)

Initial clause (0 errs): class_jmlr(A) :- pagina_1(A,B), frame(B,C), to_right(C,D), tipo_testo(D), allineato_al_centro_orizzontale(E,D), on_top(E,C), to_right(E,C), allineato_al_centro_verticale(F,C).
		to_right(C,D) needed for binding tipo_testo(D)
		frame(B,C) needed for binding to_right(C,D)
		pagina_1(A,B) needed for binding frame(B,C)

Clause 4: class_jmlr(A) :- pagina_1(A,B), frame(B,C), to_right(C,D), tipo_testo(D), allineato_al_centro_orizzontale(E,D), on_top(E,C), to_right(E,C), allineato_al_centro_verticale(F,C).

Delete clause
	class_jmlr(A) :- pagina_1(A,B), frame(B,C), to_right(C,D), tipo_testo(C), allineato_al_centro_orizzontale(C,E), on_top(C,D), to_right(D,F), on_top(D,F), allineato_al_centro_verticale(G,E).

class_jmlr(A) :- pagina_1(A,B), frame(B,C), to_right(D,C), tipo_testo(D), allineato_al_centro_orizzontale(E,D), on_top(D,C), to_right(D,E), to_right(E,C), to_right(C,F).
class_jmlr(A) :- pagina_1(A,B), frame(B,C), to_right(C,D), tipo_testo(C), allineato_al_centro_orizzontale(C,E), on_top(C,D), on_top(D,F), allineato_al_centro_verticale(D,F).
class_jmlr(A) :- pagina_1(A,B), frame(B,C), to_right(C,D), tipo_testo(C), allineato_al_centro_verticale(E,D), on_top(D,E), allineato_al_centro_orizzontale(F,C), to_right(E,F).
class_jmlr(A) :- pagina_1(A,B), frame(B,C), to_right(C,D), tipo_testo(D), allineato_al_centro_orizzontale(E,D), on_top(E,C), to_right(E,C), allineato_al_centro_verticale(F,C).

Time 4.9 secs

Test relation class_jmlr
Summary: 0 errors in 35 trials
