FOIL 6.4   [January 1996]
--------

    Options:
	no negated literals
	verbosity level 2

Types Documento and Pagina are not compatible
Types Documento and Frame are not compatible
Types Documento and NumeroPagine are not compatible
Types Documento and LarghezzaPagina are not compatible
Types Documento and AltezzaPagina are not compatible
Types Documento and AscissaRettangolo are not compatible
Types Documento and OrdinataRettangolo are not compatible
Types Documento and LarghezzaRettangolo are not compatible
Types Documento and AltezzaRettangolo are not compatible
Types Pagina and Frame are not compatible
Types Pagina and NumeroPagine are not compatible
Types Pagina and LarghezzaPagina are not compatible
Types Pagina and AltezzaPagina are not compatible
Types Pagina and AscissaRettangolo are not compatible
Types Pagina and OrdinataRettangolo are not compatible
Types Pagina and LarghezzaRettangolo are not compatible
Types Pagina and AltezzaRettangolo are not compatible
Types Frame and NumeroPagine are not compatible
Types Frame and LarghezzaPagina are not compatible
Types Frame and AltezzaPagina are not compatible
Types Frame and AscissaRettangolo are not compatible
Types Frame and OrdinataRettangolo are not compatible
Types Frame and LarghezzaRettangolo are not compatible
Types Frame and AltezzaRettangolo are not compatible
Types NumeroPagine and LarghezzaPagina are not compatible
Types NumeroPagine and AltezzaPagina are not compatible
Types NumeroPagine and AscissaRettangolo are not compatible
Types NumeroPagine and OrdinataRettangolo are not compatible
Types NumeroPagine and LarghezzaRettangolo are not compatible
Types NumeroPagine and AltezzaRettangolo are not compatible
Types LarghezzaPagina and AltezzaPagina are not compatible
Types LarghezzaPagina and AscissaRettangolo are not compatible
Types LarghezzaPagina and OrdinataRettangolo are not compatible
Types LarghezzaPagina and LarghezzaRettangolo are not compatible
Types LarghezzaPagina and AltezzaRettangolo are not compatible
Types AltezzaPagina and AscissaRettangolo are not compatible
Types AltezzaPagina and OrdinataRettangolo are not compatible
Types AltezzaPagina and LarghezzaRettangolo are not compatible
Types AltezzaPagina and AltezzaRettangolo are not compatible
Types AscissaRettangolo and OrdinataRettangolo are not compatible
Types AscissaRettangolo and LarghezzaRettangolo are not compatible
Types AscissaRettangolo and AltezzaRettangolo are not compatible
Types OrdinataRettangolo and LarghezzaRettangolo are not compatible
Types OrdinataRettangolo and AltezzaRettangolo are not compatible
Types LarghezzaRettangolo and AltezzaRettangolo are not compatible

Relation class_jmlr

Relation *allineato_al_centro_orizzontale
    (warning: contains duplicate positive tuples)

Relation *allineato_al_centro_verticale
    (warning: contains duplicate positive tuples)

Relation *altezza_pagina
    (warning: contains duplicate positive tuples)

Relation *larghezza_pagina
    (warning: contains duplicate positive tuples)

Relation *altezza_rettangolo
    (warning: contains duplicate positive tuples)

Relation *ascissa_rettangolo
    (warning: contains duplicate positive tuples)

Relation *ordinata_rettangolo
    (warning: contains duplicate positive tuples)

Relation *larghezza_rettangolo
    (warning: contains duplicate positive tuples)

Relation *frame
    (warning: contains duplicate positive tuples)

Relation *numero_pagine
    (warning: contains duplicate positive tuples)

Relation *on_top
    (warning: contains duplicate positive tuples)

Relation *to_right
    (warning: contains duplicate positive tuples)

Relation *pagina_1
    (warning: contains duplicate positive tuples)

Relation *ultima_pagina

Relation *tipo_immagine

Relation *tipo_linea_obbliqua

Relation *tipo_linea_orizzontale

Relation *tipo_misto

Relation *tipo_testo

Relation *tipo_vuoto

----------
class_jmlr:

State (90/317, 304.5 bits available)

				[pagina_1 tried 1/1] 0.2 secs
				[numero_pagine tried 1/1] 0.2 secs

Best literal pagina_1(A,B) (1.0 bits)


State (180/634 [90/317], 303.5 bits available, 1 weak literal)

				[ultima_pagina tried 1/1] 0.2 secs
				[frame tried 1/1] 0.2 secs
				[pagina_1 tried 1/3] 0.2 secs
				[numero_pagine tried 1/1] 0.2 secs
				[altezza_pagina tried 1/1] 0.2 secs
				[larghezza_pagina tried 1/1] 0.2 secs

Best literal frame(B,C) (2.6 bits)


State (4880/13904 [90/317], 301.9 bits available, 2 weak literals)

				[tipo_testo tried 1/1] 0.2 secs
				[tipo_linea_orizzontale tried 1/1] 0.2 secs
				[tipo_misto tried 1/1] 0.2 secs
				[tipo_linea_obbliqua tried 1/1] 0.2 secs
				[tipo_immagine tried 1/1] 0.2 secs
				[tipo_vuoto tried 1/1] 0.2 secs
				[ultima_pagina tried 1/1] 0.2 secs
				[frame tried 1/3] 0.2 secs
				[pagina_1 tried 2/3] 0.2 secs
				[on_top tried 2/2] 0.2 secs
				[to_right tried 2/2] 0.2 secs
				[allineato_al_centro_verticale tried 2/2] 0.2 secs
				[allineato_al_centro_orizzontale tried 2/2] 0.2 secs
				[numero_pagine tried 1/1] 0.2 secs
				[altezza_pagina tried 1/1] 0.2 secs
				[larghezza_pagina tried 1/1] 0.2 secs
				[altezza_rettangolo tried 1/1] 0.2 secs
				[ascissa_rettangolo tried 1/1] 0.2 secs
				[ordinata_rettangolo tried 1/1] 0.2 secs
				[larghezza_rettangolo tried 1/1] 0.2 secs

Best literal tipo_testo(C) (4.3 bits)


State (4784/12160 [90/317], 299.2 bits available)

				[tipo_testo tried 0/1] 0.2 secs
				[tipo_linea_orizzontale tried 1/1] 0.2 secs
				[tipo_misto tried 1/1] 0.2 secs
				[tipo_linea_obbliqua tried 1/1] 0.2 secs
				[tipo_immagine tried 1/1] 0.2 secs
				[tipo_vuoto tried 1/1] 0.2 secs
				[ultima_pagina tried 1/1] 0.2 secs
				[frame tried 2/3] 0.2 secs
				[pagina_1 tried 2/3] 0.2 secs
				[on_top tried 2/2] 0.2 secs
				[to_right tried 2/2] 0.2 secs
				[allineato_al_centro_verticale tried 2/2] 0.2 secs
				[allineato_al_centro_orizzontale tried 2/2] 0.2 secs
				[numero_pagine tried 1/1] 0.2 secs
				[altezza_pagina tried 1/1] 0.2 secs
				[larghezza_pagina tried 1/1] 0.2 secs
				[altezza_rettangolo tried 1/1] 0.2 secs
				[ascissa_rettangolo tried 1/1] 0.2 secs
				[ordinata_rettangolo tried 1/1] 0.2 secs
				[larghezza_rettangolo tried 1/1] 0.2 secs

Best literal to_right(D,C) (5.3 bits)


State (54224/99168 [90/313], 295.9 bits available)

				[= tried 1/1] 0.2 secs
				[tipo_testo tried 1/2] 0.2 secs
				[tipo_linea_orizzontale tried 2/2] 0.2 secs
				[tipo_misto tried 2/2] 0.2 secs
				[tipo_linea_obbliqua tried 2/2] 0.2 secs
				[tipo_immagine tried 2/2] 0.2 secs
				[tipo_vuoto tried 2/2] 0.2 secs
				[ultima_pagina tried 1/1] 0.2 secs
				[frame tried 4/5] 0.3 secs
				[pagina_1 tried 2/3] 0.3 secs
				[on_top tried 6/6] 0.3 secs
				[to_right tried 4/6] 0.3 secs
				[allineato_al_centro_verticale tried 6/6] 0.3 secs
				[allineato_al_centro_orizzontale tried 6/6] 0.3 secs
				[numero_pagine tried 1/1] 0.3 secs
				[altezza_pagina tried 1/1] 0.3 secs
				[larghezza_pagina tried 1/1] 0.3 secs
				[altezza_rettangolo tried 2/2] 0.3 secs
				[ascissa_rettangolo tried 2/2] 0.4 secs
				[ordinata_rettangolo tried 2/2] 0.4 secs
				[larghezza_rettangolo tried 2/2] 0.4 secs

Best literal tipo_testo(D) (5.4 bits)


State (52928/90288 [90/313], 292.8 bits available)

				[= tried 1/1] 0.4 secs
				[tipo_testo tried 0/2] 0.4 secs
				[tipo_linea_orizzontale tried 2/2] 0.4 secs
				[tipo_misto tried 2/2] 0.4 secs
				[tipo_linea_obbliqua tried 2/2] 0.4 secs
				[tipo_immagine tried 2/2] 0.4 secs
				[tipo_vuoto tried 2/2] 0.4 secs
				[ultima_pagina tried 1/1] 0.4 secs
				[frame tried 4/5] 0.4 secs
				[pagina_1 tried 2/3] 0.4 secs
				[on_top tried 6/6] 0.4 secs
				[to_right tried 5/6] 0.5 secs
				[allineato_al_centro_verticale tried 6/6] 0.5 secs
				[allineato_al_centro_orizzontale tried 6/6] 0.5 secs
				[numero_pagine tried 1/1] 0.5 secs
				[altezza_pagina tried 1/1] 0.5 secs
				[larghezza_pagina tried 1/1] 0.5 secs
				[altezza_rettangolo tried 2/2] 0.5 secs
				[ascissa_rettangolo tried 2/2] 0.5 secs
				[ordinata_rettangolo tried 2/2] 0.5 secs
				[larghezza_rettangolo tried 2/2] 0.5 secs

	Save clause ending with allineato_al_centro_orizzontale(C,E) (cover 56, accuracy 94%)

Best literal allineato_al_centro_orizzontale(E,D) (7.0 bits)


State (9984/10848 [90/100], 288.4 bits available)

				[= tried 3/3] 0.5 secs
				[tipo_testo tried 1/3] 0.5 secs
				[tipo_linea_orizzontale tried 3/3] 0.5 secs
				[tipo_misto tried 3/3] 0.5 secs
				[tipo_linea_obbliqua tried 3/3] 0.5 secs
				[tipo_immagine tried 3/3] 0.5 secs
				[tipo_vuoto tried 3/3] 0.5 secs
				[ultima_pagina tried 1/1] 0.5 secs
				[frame tried 5/6] 0.5 secs
				[pagina_1 tried 2/3] 0.5 secs
				[on_top tried 10/10] 0.6 secs
				[to_right tried 9/10] 0.6 secs
				[allineato_al_centro_verticale tried 6/10] 0.6 secs
				[allineato_al_centro_orizzontale tried 4/10] 0.6 secs
				[numero_pagine tried 1/1] 0.6 secs
				[altezza_pagina tried 1/1] 0.6 secs
				[larghezza_pagina tried 1/1] 0.6 secs
				[altezza_rettangolo tried 2/2] 0.6 secs
				[ascissa_rettangolo tried 2/2] 0.6 secs
				[ordinata_rettangolo tried 2/2] 0.6 secs
				[larghezza_rettangolo tried 2/2] 0.6 secs

	Save clause ending with C=E (cover 56, accuracy 96%)

	Save on_top(E,C) (90,98 value 151.5)

Best literal on_top(D,C) (7.7 bits)


State (17152/17824 [90/98], 283.5 bits available)

				[= tried 3/3] 0.6 secs
				[tipo_testo tried 1/3] 0.6 secs
				[tipo_linea_orizzontale tried 3/3] 0.6 secs
				[tipo_misto tried 3/3] 0.6 secs
				[tipo_linea_obbliqua tried 3/3] 0.6 secs
				[tipo_immagine tried 3/3] 0.6 secs
				[tipo_vuoto tried 3/3] 0.6 secs
				[ultima_pagina tried 1/1] 0.6 secs
				[frame tried 5/6] 0.6 secs
				[pagina_1 tried 2/3] 0.6 secs
				[on_top tried 9/10] 0.6 secs
				[to_right tried 9/10] 0.6 secs
				[allineato_al_centro_verticale tried 8/10] 0.6 secs
				[allineato_al_centro_orizzontale tried 4/10] 0.6 secs
				[numero_pagine tried 1/1] 0.6 secs
				[altezza_pagina tried 1/1] 0.6 secs
				[larghezza_pagina tried 1/1] 0.6 secs
				[altezza_rettangolo tried 2/2] 0.6 secs
				[ascissa_rettangolo tried 2/2] 0.6 secs
				[ordinata_rettangolo tried 2/2] 0.6 secs
				[larghezza_rettangolo tried 2/2] 0.6 secs

	Save clause ending with to_right(C,E) (cover 55, accuracy 98%)

Best literal to_right(D,E) (7.7 bits)


State (27584/28096 [56/58], 213.5 bits available)

				[= tried 3/3] 0.7 secs
				[tipo_testo tried 1/3] 0.7 secs
				[tipo_linea_orizzontale tried 3/3] 0.7 secs
				[tipo_misto tried 3/3] 0.7 secs
				[tipo_linea_obbliqua tried 3/3] 0.7 secs
				[tipo_immagine tried 3/3] 0.7 secs
				[tipo_vuoto tried 3/3] 0.7 secs
				[ultima_pagina tried 1/1] 0.7 secs
				[frame tried 5/6] 0.7 secs
				[pagina_1 tried 2/3] 0.7 secs
				[on_top tried 9/10] 0.7 secs
				[to_right tried 8/10] 0.7 secs
				[allineato_al_centro_verticale tried 8/10] 0.7 secs
				[allineato_al_centro_orizzontale tried 5/10] 0.7 secs
				[numero_pagine tried 1/1] 0.7 secs
				[altezza_pagina tried 1/1] 0.7 secs
				[larghezza_pagina tried 1/1] 0.7 secs
				[altezza_rettangolo tried 2/2] 0.7 secs
				[ascissa_rettangolo tried 2/2] 0.7 secs
				[ordinata_rettangolo tried 2/2] 0.7 secs
				[larghezza_rettangolo tried 2/2] 0.7 secs

	Save clause ending with to_right(E,C) (cover 56, accuracy 98%)

Best literal to_right(E,C) (7.7 bits)


State (22144/22272 [56/57], 208.9 bits available)

				[= tried 3/3] 0.7 secs
				[tipo_testo tried 1/3] 0.7 secs
				[tipo_linea_orizzontale tried 3/3] 0.7 secs
				[tipo_misto tried 3/3] 0.7 secs
				[tipo_linea_obbliqua tried 3/3] 0.7 secs
				[tipo_immagine tried 3/3] 0.7 secs
				[tipo_vuoto tried 3/3] 0.8 secs
				[ultima_pagina tried 1/1] 0.8 secs
				[frame tried 5/6] 0.8 secs
				[pagina_1 tried 2/3] 0.8 secs
				[on_top tried 9/10] 0.8 secs
				[to_right tried 7/10] 0.8 secs
				[allineato_al_centro_verticale tried 6/10] 0.8 secs
				[allineato_al_centro_orizzontale tried 5/10] 0.8 secs
				[numero_pagine tried 1/1] 0.8 secs
				[altezza_pagina tried 1/1] 0.8 secs
				[larghezza_pagina tried 1/1] 0.8 secs
				[altezza_rettangolo tried 2/2] 0.8 secs
				[ascissa_rettangolo tried 2/2] 0.8 secs
				[ordinata_rettangolo tried 2/2] 0.8 secs
				[larghezza_rettangolo tried 2/2] 0.8 secs

	Save clause ending with to_right(C,F) (cover 49, accuracy 100%)

Best literal to_right(C,F) (7.7 bits)

Initial clause (0 errs): class_jmlr(A) :- pagina_1(A,B), frame(B,C), tipo_testo(C), to_right(D,C), tipo_testo(D), allineato_al_centro_orizzontale(E,D), on_top(D,C), to_right(D,E), to_right(E,C), to_right(C,F).
		to_right(D,C) needed for binding tipo_testo(D)
		frame(B,C) needed for binding to_right(D,C)
		pagina_1(A,B) needed for binding frame(B,C)

Clause 0: class_jmlr(A) :- pagina_1(A,B), frame(B,C), to_right(D,C), tipo_testo(D), allineato_al_centro_orizzontale(E,D), on_top(D,C), to_right(D,E), to_right(E,C), to_right(C,F).

State (41/268, 198.6 bits available)

				[pagina_1 tried 1/1] 0.9 secs
				[numero_pagine tried 1/1] 0.9 secs

Best literal pagina_1(A,B) (1.0 bits)


State (82/536 [41/268], 197.6 bits available, 1 weak literal)

				[ultima_pagina tried 1/1] 0.9 secs
				[frame tried 1/1] 0.9 secs
				[pagina_1 tried 1/3] 0.9 secs
				[numero_pagine tried 1/1] 0.9 secs
				[altezza_pagina tried 1/1] 0.9 secs
				[larghezza_pagina tried 1/1] 0.9 secs

Best literal frame(B,C) (2.6 bits)


State (2236/11260 [41/268], 196.0 bits available, 2 weak literals)

				[tipo_testo tried 1/1] 0.9 secs
				[tipo_linea_orizzontale tried 1/1] 0.9 secs
				[tipo_misto tried 1/1] 0.9 secs
				[tipo_linea_obbliqua tried 1/1] 0.9 secs
				[tipo_immagine tried 1/1] 0.9 secs
				[tipo_vuoto tried 1/1] 0.9 secs
				[ultima_pagina tried 1/1] 0.9 secs
				[frame tried 1/3] 0.9 secs
				[pagina_1 tried 2/3] 0.9 secs
				[on_top tried 2/2] 0.9 secs
				[to_right tried 2/2] 0.9 secs
				[allineato_al_centro_verticale tried 2/2] 0.9 secs
				[allineato_al_centro_orizzontale tried 2/2] 0.9 secs
				[numero_pagine tried 1/1] 0.9 secs
				[altezza_pagina tried 1/1] 0.9 secs
				[larghezza_pagina tried 1/1] 0.9 secs
				[altezza_rettangolo tried 1/1] 0.9 secs
				[ascissa_rettangolo tried 1/1] 0.9 secs
				[ordinata_rettangolo tried 1/1] 0.9 secs
				[larghezza_rettangolo tried 1/1] 0.9 secs

Best literal to_right(C,D) (5.3 bits)


State (25280/88304 [41/267], 192.3 bits available)

				[= tried 1/1] 0.9 secs
				[tipo_testo tried 2/2] 0.9 secs
				[tipo_linea_orizzontale tried 2/2] 0.9 secs
				[tipo_misto tried 2/2] 0.9 secs
				[tipo_linea_obbliqua tried 2/2] 0.9 secs
				[tipo_immagine tried 2/2] 0.9 secs
				[tipo_vuoto tried 2/2] 0.9 secs
				[ultima_pagina tried 1/1] 0.9 secs
				[frame tried 4/5] 0.9 secs
				[pagina_1 tried 2/3] 0.9 secs
				[on_top tried 6/6] 1.0 secs
				[to_right tried 4/6] 1.0 secs
				[allineato_al_centro_verticale tried 6/6] 1.0 secs
				[allineato_al_centro_orizzontale tried 6/6] 1.0 secs
				[numero_pagine tried 1/1] 1.0 secs
				[altezza_pagina tried 1/1] 1.0 secs
				[larghezza_pagina tried 1/1] 1.0 secs
				[altezza_rettangolo tried 2/2] 1.0 secs
				[ascissa_rettangolo tried 2/2] 1.0 secs
				[ordinata_rettangolo tried 2/2] 1.0 secs
				[larghezza_rettangolo tried 2/2] 1.0 secs

Best literal tipo_testo(D) (5.4 bits)


State (24872/69816 [41/264], 188.9 bits available)

				[= tried 1/1] 1.0 secs
				[tipo_testo tried 1/2] 1.0 secs
				[tipo_linea_orizzontale tried 2/2] 1.0 secs
				[tipo_misto tried 2/2] 1.0 secs
				[tipo_linea_obbliqua tried 2/2] 1.0 secs
				[tipo_immagine tried 2/2] 1.0 secs
				[tipo_vuoto tried 2/2] 1.0 secs
				[ultima_pagina tried 1/1] 1.0 secs
				[frame tried 4/5] 1.1 secs
				[pagina_1 tried 2/3] 1.1 secs
				[on_top tried 6/6] 1.1 secs
				[to_right tried 5/6] 1.1 secs
				[allineato_al_centro_verticale tried 6/6] 1.1 secs
				[allineato_al_centro_orizzontale tried 6/6] 1.1 secs
				[numero_pagine tried 1/1] 1.1 secs
				[altezza_pagina tried 1/1] 1.1 secs
				[larghezza_pagina tried 1/1] 1.1 secs
				[altezza_rettangolo tried 2/2] 1.1 secs
				[ascissa_rettangolo tried 2/2] 1.1 secs
				[ordinata_rettangolo tried 2/2] 1.2 secs
				[larghezza_rettangolo tried 2/2] 1.2 secs

Best literal tipo_testo(C) (5.4 bits)


State (24584/61944 [41/264], 185.8 bits available)

				[= tried 1/1] 1.2 secs
				[tipo_testo tried 0/2] 1.2 secs
				[tipo_linea_orizzontale tried 2/2] 1.2 secs
				[tipo_misto tried 2/2] 1.2 secs
				[tipo_linea_obbliqua tried 2/2] 1.2 secs
				[tipo_immagine tried 2/2] 1.2 secs
				[tipo_vuoto tried 2/2] 1.2 secs
				[ultima_pagina tried 1/1] 1.2 secs
				[frame tried 4/5] 1.2 secs
				[pagina_1 tried 2/3] 1.2 secs
				[on_top tried 6/6] 1.2 secs
				[to_right tried 5/6] 1.2 secs
				[allineato_al_centro_verticale tried 6/6] 1.2 secs
				[allineato_al_centro_orizzontale tried 5/6] 1.2 secs
				[numero_pagine tried 1/1] 1.3 secs
				[altezza_pagina tried 1/1] 1.3 secs
				[larghezza_pagina tried 1/1] 1.3 secs
				[altezza_rettangolo tried 2/2] 1.3 secs
				[ascissa_rettangolo tried 2/2] 1.3 secs
				[ordinata_rettangolo tried 2/2] 1.3 secs
				[larghezza_rettangolo tried 2/2] 1.3 secs

	Save clause ending with allineato_al_centro_orizzontale(C,E) (cover 40, accuracy 81%)

Best literal allineato_al_centro_orizzontale(C,E) (7.0 bits)


State (5392/6640 [40/49], 178.4 bits available)

				[= tried 3/3] 1.3 secs
				[tipo_testo tried 1/3] 1.3 secs
				[tipo_linea_orizzontale tried 3/3] 1.3 secs
				[tipo_misto tried 3/3] 1.3 secs
				[tipo_linea_obbliqua tried 3/3] 1.3 secs
				[tipo_immagine tried 3/3] 1.3 secs
				[tipo_vuoto tried 3/3] 1.3 secs
				[ultima_pagina tried 1/1] 1.3 secs
				[frame tried 6/7] 1.3 secs
				[pagina_1 tried 2/3] 1.3 secs
				[on_top tried 12/12] 1.3 secs
				[to_right tried 11/12] 1.3 secs
				[allineato_al_centro_verticale tried 6/12] 1.3 secs
				[allineato_al_centro_orizzontale tried 6/12] 1.3 secs
				[numero_pagine tried 1/1] 1.3 secs
				[altezza_pagina tried 1/1] 1.3 secs
				[larghezza_pagina tried 1/1] 1.3 secs
				[altezza_rettangolo tried 3/3] 1.3 secs
				[ascissa_rettangolo tried 3/3] 1.3 secs
				[ordinata_rettangolo tried 3/3] 1.3 secs
				[larghezza_rettangolo tried 3/3] 1.3 secs

	Save clause ending with on_top(C,D) (cover 40, accuracy 83%)

	Save on_top(E,D) (40,48 value 96.9)
	Save to_right(E,F) (40,48 value 96.9)

Best literal on_top(C,D) (8.0 bits)


State (9152/9984 [40/48], 173.2 bits available)

				[= tried 3/3] 1.3 secs
				[tipo_testo tried 1/3] 1.3 secs
				[tipo_linea_orizzontale tried 3/3] 1.3 secs
				[tipo_misto tried 3/3] 1.3 secs
				[tipo_linea_obbliqua tried 3/3] 1.3 secs
				[tipo_immagine tried 3/3] 1.3 secs
				[tipo_vuoto tried 3/3] 1.3 secs
				[ultima_pagina tried 1/1] 1.3 secs
				[frame tried 6/7] 1.3 secs
				[pagina_1 tried 2/3] 1.3 secs
				[on_top tried 11/12] 1.4 secs
				[to_right tried 11/12] 1.4 secs
				[allineato_al_centro_verticale tried 8/12] 1.4 secs
				[allineato_al_centro_orizzontale tried 6/12] 1.4 secs
				[numero_pagine tried 1/1] 1.4 secs
				[altezza_pagina tried 1/1] 1.4 secs
				[larghezza_pagina tried 1/1] 1.4 secs
				[altezza_rettangolo tried 3/3] 1.4 secs
				[ascissa_rettangolo tried 3/3] 1.4 secs
				[ordinata_rettangolo tried 3/3] 1.4 secs
				[larghezza_rettangolo tried 3/3] 1.4 secs

Best literal to_right(D,F) (8.0 bits)


State (73152/76096 [35/42], 152.4 bits available)

				[= tried 6/6] 1.4 secs
				[tipo_testo tried 2/4] 1.4 secs
				[tipo_linea_orizzontale tried 4/4] 1.4 secs
				[tipo_misto tried 4/4] 1.4 secs
				[tipo_linea_obbliqua tried 4/4] 1.4 secs
				[tipo_immagine tried 4/4] 1.4 secs
				[tipo_vuoto tried 4/4] 1.4 secs
				[ultima_pagina tried 1/1] 1.4 secs
				[frame tried 7/8] 1.5 secs
				[pagina_1 tried 2/3] 1.5 secs
				[on_top tried 17/18] 1.5 secs
				[to_right tried 15/18] 1.6 secs
				[allineato_al_centro_verticale tried 15/18] 1.6 secs
				[allineato_al_centro_orizzontale tried 10/18] 1.6 secs
				[numero_pagine tried 1/1] 1.6 secs
				[altezza_pagina tried 1/1] 1.7 secs
				[larghezza_pagina tried 1/1] 1.7 secs
				[altezza_rettangolo tried 3/3] 1.7 secs
				[ascissa_rettangolo tried 3/3] 1.7 secs
				[ordinata_rettangolo tried 3/3] 1.7 secs
				[larghezza_rettangolo tried 3/3] 1.7 secs

	Save clause ending with to_right(F,E) (cover 35, accuracy 97%)

	Save to_right(F,E) (35,36 value 92.4)

Best literal on_top(D,F) (8.6 bits)


State (65792/67072 [35/41], 147.0 bits available)

				[= tried 6/6] 1.7 secs
				[tipo_testo tried 2/4] 1.7 secs
				[tipo_linea_orizzontale tried 4/4] 1.7 secs
				[tipo_misto tried 4/4] 1.7 secs
				[tipo_linea_obbliqua tried 4/4] 1.7 secs
				[tipo_immagine tried 4/4] 1.7 secs
				[tipo_vuoto tried 4/4] 1.8 secs
				[ultima_pagina tried 1/1] 1.8 secs
				[frame tried 7/8] 1.8 secs
				[pagina_1 tried 2/3] 1.8 secs
				[on_top tried 16/18] 1.8 secs
				[to_right tried 16/18] 1.9 secs
				[allineato_al_centro_verticale tried 18/18] 1.9 secs
				[allineato_al_centro_orizzontale tried 10/18] 2.0 secs
				[numero_pagine tried 1/1] 2.0 secs
				[altezza_pagina tried 1/1] 2.0 secs
				[larghezza_pagina tried 1/1] 2.0 secs
				[altezza_rettangolo tried 3/3] 2.0 secs
				[ascissa_rettangolo tried 3/3] 2.0 secs
				[ordinata_rettangolo tried 3/3] 2.0 secs
				[larghezza_rettangolo tried 3/3] 2.0 secs

	Save allineato_al_centro_verticale(G,E) (6,7 value 14.9)

Best literal to_right(F,E) (8.6 bits)


State (36608/37120 [34/35], 138.4 bits available)

				[= tried 6/6] 2.0 secs
				[tipo_testo tried 2/4] 2.0 secs
				[tipo_linea_orizzontale tried 4/4] 2.0 secs
				[tipo_misto tried 4/4] 2.0 secs
				[tipo_linea_obbliqua tried 4/4] 2.0 secs
				[tipo_immagine tried 4/4] 2.0 secs
				[tipo_vuoto tried 4/4] 2.0 secs
				[ultima_pagina tried 1/1] 2.0 secs
				[frame tried 7/8] 2.1 secs
				[pagina_1 tried 2/3] 2.1 secs
				[on_top tried 16/18] 2.1 secs
				[to_right tried 15/18] 2.1 secs
				[allineato_al_centro_verticale tried 15/18] 2.2 secs
				[allineato_al_centro_orizzontale tried 11/18] 2.2 secs
				[numero_pagine tried 1/1] 2.2 secs
				[altezza_pagina tried 1/1] 2.2 secs
				[larghezza_pagina tried 1/1] 2.2 secs
				[altezza_rettangolo tried 3/3] 2.2 secs
				[ascissa_rettangolo tried 3/3] 2.2 secs
				[ordinata_rettangolo tried 3/3] 2.2 secs
				[larghezza_rettangolo tried 3/3] 2.2 secs

	Save clause ending with allineato_al_centro_verticale(G,D) (cover 28, accuracy 100%)

Best literal allineato_al_centro_verticale(G,D) (8.6 bits)

Initial clause (0 errs): class_jmlr(A) :- pagina_1(A,B), frame(B,C), to_right(C,D), tipo_testo(D), tipo_testo(C), allineato_al_centro_orizzontale(C,E), on_top(C,D), to_right(D,F), on_top(D,F), to_right(F,E), allineato_al_centro_verticale(G,D).
		frame(B,C) needed for binding to_right(C,D)
		pagina_1(A,B) needed for binding frame(B,C)

Clause 1: class_jmlr(A) :- pagina_1(A,B), frame(B,C), to_right(C,D), tipo_testo(C), allineato_al_centro_orizzontale(C,E), on_top(C,D), to_right(D,F), to_right(F,E), allineato_al_centro_verticale(G,D).

State (9/236, 70.9 bits available)

				[pagina_1 tried 1/1] 2.3 secs
				[numero_pagine tried 1/1] 2.3 secs

Best literal pagina_1(A,B) (1.0 bits)


State (18/472 [9/236], 69.9 bits available, 1 weak literal)

				[ultima_pagina tried 1/1] 2.3 secs
				[frame tried 1/1] 2.3 secs
				[pagina_1 tried 1/3] 2.3 secs
				[numero_pagine tried 1/1] 2.3 secs
				[altezza_pagina tried 1/1] 2.3 secs
				[larghezza_pagina tried 1/1] 2.3 secs

Best literal frame(B,C) (2.6 bits)


State (464/9488 [9/236], 68.3 bits available, 2 weak literals)

				[tipo_testo tried 1/1] 2.3 secs
				[tipo_linea_orizzontale tried 1/1] 2.3 secs
				[tipo_misto tried 1/1] 2.3 secs
				[tipo_linea_obbliqua tried 1/1] 2.3 secs
				[tipo_immagine tried 1/1] 2.3 secs
				[tipo_vuoto tried 1/1] 2.3 secs
				[ultima_pagina tried 1/1] 2.3 secs
				[frame tried 1/3] 2.3 secs
				[pagina_1 tried 2/3] 2.4 secs
				[on_top tried 2/2] 2.4 secs
				[to_right tried 2/2] 2.4 secs
				[allineato_al_centro_verticale tried 2/2] 2.4 secs
				[allineato_al_centro_orizzontale tried 2/2] 2.4 secs
				[numero_pagine tried 1/1] 2.4 secs
				[altezza_pagina tried 1/1] 2.4 secs
				[larghezza_pagina tried 1/1] 2.4 secs
				[altezza_rettangolo tried 1/1] 2.4 secs
				[ascissa_rettangolo tried 1/1] 2.4 secs
				[ordinata_rettangolo tried 1/1] 2.4 secs
				[larghezza_rettangolo tried 1/1] 2.4 secs

Best literal to_right(C,D) (5.3 bits)


State (4856/67880 [9/235], 64.6 bits available)

				[= tried 1/1] 2.4 secs
				[tipo_testo tried 2/2] 2.4 secs
				[tipo_linea_orizzontale tried 2/2] 2.4 secs
				[tipo_misto tried 2/2] 2.4 secs
				[tipo_linea_obbliqua tried 2/2] 2.4 secs
				[tipo_immagine tried 2/2] 2.4 secs
				[tipo_vuoto tried 2/2] 2.4 secs
				[ultima_pagina tried 1/1] 2.4 secs
				[frame tried 4/5] 2.4 secs
				[pagina_1 tried 2/3] 2.4 secs
				[on_top tried 6/6] 2.4 secs
				[to_right tried 4/6] 2.4 secs
				[allineato_al_centro_verticale tried 6/6] 2.4 secs
				[allineato_al_centro_orizzontale tried 6/6] 2.4 secs
				[numero_pagine tried 1/1] 2.4 secs
				[altezza_pagina tried 1/1] 2.4 secs
				[larghezza_pagina tried 1/1] 2.4 secs
				[altezza_rettangolo tried 2/2] 2.5 secs
				[ascissa_rettangolo tried 2/2] 2.5 secs
				[ordinata_rettangolo tried 2/2] 2.5 secs
				[larghezza_rettangolo tried 2/2] 2.5 secs

Best literal tipo_testo(D) (5.4 bits)


State (4744/49688 [9/232], 61.2 bits available)

				[= tried 1/1] 2.5 secs
				[tipo_testo tried 1/2] 2.5 secs
				[tipo_linea_orizzontale tried 2/2] 2.5 secs
				[tipo_misto tried 2/2] 2.5 secs
				[tipo_linea_obbliqua tried 2/2] 2.5 secs
				[tipo_immagine tried 2/2] 2.5 secs
				[tipo_vuoto tried 2/2] 2.5 secs
				[ultima_pagina tried 1/1] 2.5 secs
				[frame tried 4/5] 2.5 secs
				[pagina_1 tried 2/3] 2.5 secs
				[on_top tried 6/6] 2.5 secs
				[to_right tried 5/6] 2.5 secs
				[allineato_al_centro_verticale tried 6/6] 2.5 secs
				[allineato_al_centro_orizzontale tried 6/6] 2.5 secs
				[numero_pagine tried 1/1] 2.5 secs
				[altezza_pagina tried 1/1] 2.6 secs
				[larghezza_pagina tried 1/1] 2.6 secs
				[altezza_rettangolo tried 2/2] 2.6 secs
				[ascissa_rettangolo tried 2/2] 2.6 secs
				[ordinata_rettangolo tried 2/2] 2.6 secs
				[larghezza_rettangolo tried 2/2] 2.6 secs

Best literal tipo_testo(C) (5.4 bits)


State (4672/42032 [9/232], 58.1 bits available)

				[= tried 1/1] 2.6 secs
				[tipo_testo tried 0/2] 2.6 secs
				[tipo_linea_orizzontale tried 2/2] 2.6 secs
				[tipo_misto tried 2/2] 2.6 secs
				[tipo_linea_obbliqua tried 2/2] 2.6 secs
				[tipo_immagine tried 2/2] 2.6 secs
				[tipo_vuoto tried 2/2] 2.6 secs
				[ultima_pagina tried 1/1] 2.6 secs
				[frame tried 4/5] 2.6 secs
				[pagina_1 tried 2/3] 2.6 secs
				[on_top tried 6/6] 2.6 secs
				[to_right tried 5/6] 2.6 secs
				[allineato_al_centro_verticale tried 6/6] 2.6 secs
				[allineato_al_centro_orizzontale tried 6/6] 2.7 secs
				[numero_pagine tried 1/1] 2.7 secs
				[altezza_pagina tried 1/1] 2.7 secs
				[larghezza_pagina tried 1/1] 2.7 secs
				[altezza_rettangolo tried 2/2] 2.7 secs
				[ascissa_rettangolo tried 2/2] 2.7 secs
				[ordinata_rettangolo tried 2/2] 2.7 secs
				[larghezza_rettangolo tried 2/2] 2.7 secs

	Save allineato_al_centro_verticale(E,D) (9,160 value 5.0)

Best literal allineato_al_centro_orizzontale(E,C) (7.0 bits)


State (880/1744 [9/19], 53.7 bits available)

				[= tried 3/3] 2.7 secs
				[tipo_testo tried 1/3] 2.7 secs
				[tipo_linea_orizzontale tried 3/3] 2.7 secs
				[tipo_misto tried 3/3] 2.7 secs
				[tipo_linea_obbliqua tried 3/3] 2.7 secs
				[tipo_immagine tried 3/3] 2.7 secs
				[tipo_vuoto tried 3/3] 2.7 secs
				[ultima_pagina tried 1/1] 2.7 secs
				[frame tried 6/7] 2.7 secs
				[pagina_1 tried 2/3] 2.7 secs
				[on_top tried 12/12] 2.7 secs
				[to_right tried 11/12] 2.7 secs
				[allineato_al_centro_verticale tried 8/12] 2.7 secs
				[allineato_al_centro_orizzontale tried 6/12] 2.7 secs
				[numero_pagine tried 1/1] 2.7 secs
				[altezza_pagina tried 1/1] 2.7 secs
				[larghezza_pagina tried 1/1] 2.7 secs
				[altezza_rettangolo tried 3/3] 2.7 secs
				[ascissa_rettangolo tried 3/3] 2.7 secs
				[ordinata_rettangolo tried 3/3] 2.7 secs
				[larghezza_rettangolo tried 3/3] 2.7 secs

	Save on_top(E,D) (9,17 value 33.5)
	Save to_right(C,E) (6,9 value 24.3)
	Save allineato_al_centro_verticale(F,D) (7,11 value 27.9)
	Save to_right(D,E) (6,8 value 25.2)

Best literal on_top(C,D) (8.0 bits)


State (1376/2048 [9/17], 48.5 bits available)

				[= tried 3/3] 2.7 secs
				[tipo_testo tried 1/3] 2.7 secs
				[tipo_linea_orizzontale tried 3/3] 2.7 secs
				[tipo_misto tried 3/3] 2.7 secs
				[tipo_linea_obbliqua tried 3/3] 2.7 secs
				[tipo_immagine tried 3/3] 2.7 secs
				[tipo_vuoto tried 3/3] 2.7 secs
				[ultima_pagina tried 1/1] 2.7 secs
				[frame tried 6/7] 2.7 secs
				[pagina_1 tried 2/3] 2.7 secs
				[on_top tried 11/12] 2.7 secs
				[to_right tried 11/12] 2.7 secs
				[allineato_al_centro_verticale tried 8/12] 2.7 secs
				[allineato_al_centro_orizzontale tried 6/12] 2.7 secs
				[numero_pagine tried 1/1] 2.7 secs
				[altezza_pagina tried 1/1] 2.7 secs
				[larghezza_pagina tried 1/1] 2.7 secs
				[altezza_rettangolo tried 3/3] 2.7 secs
				[ascissa_rettangolo tried 3/3] 2.7 secs
				[ordinata_rettangolo tried 3/3] 2.7 secs
				[larghezza_rettangolo tried 3/3] 2.7 secs

	Save clause ending with to_right(D,E) (cover 5, accuracy 83%)

	Save to_right(C,E) (6,8 value 25.2)
	Save to_right(D,F) (7,13 value 26.3)

Best literal to_right(D,E) (8.0 bits)


State (1664/1856 [5/6], 19.9 bits available)

				[= tried 3/3] 2.7 secs
				[tipo_testo tried 1/3] 2.7 secs
				[tipo_linea_orizzontale tried 3/3] 2.7 secs
				[tipo_misto tried 3/3] 2.7 secs
				[tipo_linea_obbliqua tried 3/3] 2.7 secs
				[tipo_immagine tried 3/3] 2.7 secs
				[tipo_vuoto tried 3/3] 2.7 secs
				[ultima_pagina tried 1/1] 2.7 secs
				[frame tried 6/7] 2.7 secs
				[pagina_1 tried 2/3] 2.7 secs
				[on_top tried 11/12] 2.7 secs
				[to_right tried 5/12] 2.7 secs

	Save clause ending with to_right(E,F) (cover 5, accuracy 100%)

Best literal to_right(E,F) (8.0 bits)

Initial clause (0 errs): class_jmlr(A) :- pagina_1(A,B), frame(B,C), to_right(C,D), tipo_testo(D), tipo_testo(C), allineato_al_centro_orizzontale(E,C), on_top(C,D), to_right(D,E), to_right(E,F).
		frame(B,C) needed for binding to_right(C,D)
		pagina_1(A,B) needed for binding frame(B,C)

Clause 2: class_jmlr(A) :- pagina_1(A,B), frame(B,C), to_right(C,D), tipo_testo(C), allineato_al_centro_orizzontale(E,C), on_top(C,D), to_right(D,E), to_right(E,F).

State (4/231, 40.6 bits available)

				[pagina_1 tried 1/1] 2.8 secs
				[numero_pagine tried 1/1] 2.8 secs

Best literal pagina_1(A,B) (1.0 bits)


State (8/462 [4/231], 39.6 bits available, 1 weak literal)

				[ultima_pagina tried 1/1] 2.8 secs
				[frame tried 1/1] 2.8 secs
				[pagina_1 tried 1/3] 2.8 secs
				[numero_pagine tried 1/1] 2.8 secs
				[altezza_pagina tried 1/1] 2.8 secs
				[larghezza_pagina tried 1/1] 2.8 secs

Best literal frame(B,C) (2.6 bits)


State (212/9236 [4/231], 38.0 bits available, 2 weak literals)

				[tipo_testo tried 1/1] 2.8 secs
				[tipo_linea_orizzontale tried 1/1] 2.8 secs
				[tipo_misto tried 1/1] 2.8 secs
				[tipo_linea_obbliqua tried 1/1] 2.8 secs
				[tipo_immagine tried 1/1] 2.8 secs
				[tipo_vuoto tried 1/1] 2.8 secs
				[ultima_pagina tried 1/1] 2.8 secs
				[frame tried 1/3] 2.8 secs
				[pagina_1 tried 2/3] 2.8 secs
				[on_top tried 2/2] 2.8 secs
				[to_right tried 2/2] 2.8 secs
				[allineato_al_centro_verticale tried 2/2] 2.8 secs
				[allineato_al_centro_orizzontale tried 2/2] 2.8 secs
				[numero_pagine tried 1/1] 2.8 secs
				[altezza_pagina tried 1/1] 2.8 secs
				[larghezza_pagina tried 1/1] 2.8 secs
				[altezza_rettangolo tried 1/1] 2.8 secs
				[ascissa_rettangolo tried 1/1] 2.8 secs
				[ordinata_rettangolo tried 1/1] 2.8 secs
				[larghezza_rettangolo tried 1/1] 2.8 secs

Best literal to_right(C,D) (5.3 bits)


State (2288/65312 [4/230], 34.3 bits available)

				[= tried 1/1] 2.8 secs
				[tipo_testo tried 2/2] 2.8 secs
				[tipo_linea_orizzontale tried 2/2] 2.8 secs
				[tipo_misto tried 2/2] 2.8 secs
				[tipo_linea_obbliqua tried 2/2] 2.8 secs
				[tipo_immagine tried 2/2] 2.8 secs
				[tipo_vuoto tried 2/2] 2.8 secs
				[ultima_pagina tried 1/1] 2.8 secs
				[frame tried 4/5] 2.8 secs
				[pagina_1 tried 2/3] 2.8 secs
				[on_top tried 6/6] 2.8 secs
				[to_right tried 4/6] 2.8 secs
				[allineato_al_centro_verticale tried 6/6] 2.8 secs
				[allineato_al_centro_orizzontale tried 6/6] 2.8 secs
				[numero_pagine tried 1/1] 2.8 secs
				[altezza_pagina tried 1/1] 2.8 secs
				[larghezza_pagina tried 1/1] 2.9 secs
				[altezza_rettangolo tried 2/2] 2.9 secs
				[ascissa_rettangolo tried 2/2] 2.9 secs
				[ordinata_rettangolo tried 2/2] 2.9 secs
				[larghezza_rettangolo tried 2/2] 2.9 secs

Best literal tipo_testo(D) (5.4 bits)


State (2224/47168 [4/227], 30.9 bits available)

				[= tried 1/1] 2.9 secs
				[tipo_testo tried 1/2] 2.9 secs
				[tipo_linea_orizzontale tried 2/2] 2.9 secs
				[tipo_misto tried 2/2] 2.9 secs
				[tipo_linea_obbliqua tried 2/2] 2.9 secs
				[tipo_immagine tried 2/2] 2.9 secs
				[tipo_vuoto tried 2/2] 2.9 secs
				[ultima_pagina tried 1/1] 2.9 secs
				[frame tried 4/5] 2.9 secs
				[pagina_1 tried 2/3] 2.9 secs
				[on_top tried 6/6] 2.9 secs
				[to_right tried 5/6] 2.9 secs
				[allineato_al_centro_verticale tried 6/6] 2.9 secs
				[allineato_al_centro_orizzontale tried 5/6] 2.9 secs
				[numero_pagine tried 1/1] 2.9 secs
				[altezza_pagina tried 1/1] 3.0 secs
				[larghezza_pagina tried 1/1] 3.0 secs
				[altezza_rettangolo tried 2/2] 3.0 secs
				[ascissa_rettangolo tried 2/2] 3.0 secs
				[ordinata_rettangolo tried 2/2] 3.0 secs
				[larghezza_rettangolo tried 2/2] 3.0 secs

Best literal tipo_testo(C) (5.4 bits)


State (2176/39536 [4/227], 27.8 bits available)

				[= tried 1/1] 3.0 secs
				[tipo_testo tried 0/2] 3.0 secs
				[tipo_linea_orizzontale tried 2/2] 3.0 secs
				[tipo_misto tried 2/2] 3.0 secs
				[tipo_linea_obbliqua tried 2/2] 3.0 secs
				[tipo_immagine tried 2/2] 3.0 secs
				[tipo_vuoto tried 2/2] 3.0 secs
				[ultima_pagina tried 1/1] 3.0 secs
				[frame tried 4/5] 3.0 secs
				[pagina_1 tried 2/3] 3.0 secs
				[on_top tried 6/6] 3.0 secs
				[to_right tried 5/6] 3.0 secs
				[allineato_al_centro_verticale tried 6/6] 3.0 secs
				[allineato_al_centro_orizzontale tried 5/6] 3.0 secs
				[numero_pagine tried 1/1] 3.0 secs
				[altezza_pagina tried 1/1] 3.0 secs
				[larghezza_pagina tried 1/1] 3.0 secs
				[altezza_rettangolo tried 2/2] 3.1 secs
				[ascissa_rettangolo tried 2/2] 3.1 secs
				[ordinata_rettangolo tried 2/2] 3.1 secs
				[larghezza_rettangolo tried 2/2] 3.1 secs

	Save allineato_al_centro_verticale(E,D) (4,155 value 2.3)

Best literal allineato_al_centro_orizzontale(C,E) (7.0 bits)


State (384/1632 [3/12], 16.5 bits available)

				[= tried 3/3] 3.1 secs
				[tipo_testo tried 1/3] 3.1 secs
				[tipo_linea_orizzontale tried 3/3] 3.1 secs
				[tipo_misto tried 3/3] 3.1 secs
				[tipo_linea_obbliqua tried 3/3] 3.1 secs
				[tipo_immagine tried 3/3] 3.1 secs
				[tipo_vuoto tried 3/3] 3.1 secs
				[ultima_pagina tried 1/1] 3.1 secs
				[frame tried 6/7] 3.1 secs
				[pagina_1 tried 2/3] 3.1 secs
				[on_top tried 12/12] 3.1 secs
				[to_right tried 11/12] 3.1 secs
				[allineato_al_centro_verticale tried 8/12] 3.1 secs
				[allineato_al_centro_orizzontale tried 6/12] 3.1 secs
				[numero_pagine tried 1/1] 3.1 secs
				[altezza_pagina tried 1/1] 3.1 secs
				[larghezza_pagina tried 1/1] 3.1 secs
				[altezza_rettangolo tried 3/3] 3.1 secs
				[ascissa_rettangolo tried 3/3] 3.1 secs
				[ordinata_rettangolo tried 3/3] 3.1 secs
				[larghezza_rettangolo tried 3/3] 3.1 secs

	Save on_top(E,D) (3,11 value 11.9)

Best literal on_top(C,D) (8.0 bits)


State (672/1504 [3/11], 11.3 bits available)

				[= tried 3/3] 3.1 secs
				[tipo_testo tried 1/3] 3.1 secs
				[tipo_linea_orizzontale tried 3/3] 3.1 secs
				[tipo_misto tried 3/3] 3.1 secs
				[tipo_linea_obbliqua tried 3/3] 3.1 secs
				[tipo_immagine tried 3/3] 3.1 secs
				[tipo_vuoto tried 3/3] 3.1 secs
				[ultima_pagina tried 1/1] 3.1 secs
				[frame tried 6/7] 3.1 secs
				[pagina_1 tried 2/3] 3.1 secs
				[on_top tried 11/12] 3.1 secs
				[to_right tried 11/12] 3.1 secs
				[allineato_al_centro_verticale tried 12/12] 3.1 secs
				[allineato_al_centro_orizzontale tried 6/12] 3.1 secs
				[numero_pagine tried 1/1] 3.1 secs
				[altezza_pagina tried 1/1] 3.1 secs
				[larghezza_pagina tried 1/1] 3.1 secs
				[altezza_rettangolo tried 3/3] 3.1 secs
				[ascissa_rettangolo tried 3/3] 3.1 secs
				[ordinata_rettangolo tried 3/3] 3.1 secs
				[larghezza_rettangolo tried 3/3] 3.1 secs

	Save to_right(C,F) (3,11 value 11.9)
	Save on_top(D,F) (3,11 value 11.9)
	Save on_top(C,F) (3,11 value 11.9)

Best literal to_right(D,F) (8.0 bits)


State (4736/7680 [3/10], 6.4 bits available)

				[= tried 6/6] 3.1 secs
				[tipo_testo tried 2/4] 3.1 secs
				[tipo_linea_orizzontale tried 4/4] 3.1 secs
				[tipo_misto tried 4/4] 3.1 secs
				[tipo_linea_obbliqua tried 4/4] 3.1 secs
				[tipo_immagine tried 4/4] 3.1 secs
				[tipo_vuoto tried 4/4] 3.1 secs
				[ultima_pagina tried 1/1] 3.1 secs
				[frame tried 7/8] 3.1 secs
				[pagina_1 tried 2/3] 3.1 secs
				[on_top tried 17/18] 3.1 secs
				[to_right tried 15/18] 3.1 secs
				[allineato_al_centro_verticale tried 12/18] 3.1 secs
				[allineato_al_centro_orizzontale tried 10/18] 3.1 secs
				[numero_pagine tried 1/1] 3.1 secs
				[altezza_pagina tried 1/1] 3.1 secs
				[larghezza_pagina tried 1/1] 3.1 secs
				[altezza_rettangolo tried 3/3] 3.1 secs
				[ascissa_rettangolo tried 3/3] 3.1 secs
				[ordinata_rettangolo tried 3/3] 3.1 secs
				[larghezza_rettangolo tried 3/3] 3.1 secs

	Save on_top(E,F) (3,10 value 12.2)

Best literal on_top(C,F) (8.6 bits)


State (7808/9344 [3/10], 1.0 bits available)

				[= requires 8.0 bits]
				[tipo_testo requires 6.4 bits]
				[tipo_linea_orizzontale requires 6.4 bits]
				[tipo_misto requires 6.4 bits]
				[tipo_linea_obbliqua requires 6.4 bits]
				[tipo_immagine requires 6.4 bits]
				[tipo_vuoto requires 6.4 bits]
				[ultima_pagina requires 4.4 bits]
				[frame requires 7.4 bits]
				[pagina_1 requires 6.0 bits]
				[on_top requires 8.6 bits]
				[to_right requires 8.6 bits]
				[allineato_al_centro_verticale requires 8.6 bits]
				[allineato_al_centro_orizzontale requires 8.6 bits]
				[numero_pagine requires 4.4 bits]
				[altezza_pagina requires 4.4 bits]
				[larghezza_pagina requires 4.4 bits]
				[altezza_rettangolo requires 6.0 bits]
				[ascissa_rettangolo requires 6.0 bits]
				[ordinata_rettangolo requires 6.0 bits]
				[larghezza_rettangolo requires 6.0 bits]

No literals

Recover to class_jmlr(A) :- pagina_1(A,B), frame(B,C), to_right(C,D), tipo_testo(D), tipo_testo(C), allineato_al_centro_orizzontale(C,E), on_top(C,D), to_right(D,F), on_top(E,F).



State (7808/9344 [3/10], 1.0 bits available)

				[= requires 8.0 bits]
				[tipo_testo requires 6.4 bits]
				[tipo_linea_orizzontale requires 6.4 bits]
				[tipo_misto requires 6.4 bits]
				[tipo_linea_obbliqua requires 6.4 bits]
				[tipo_immagine requires 6.4 bits]
				[tipo_vuoto requires 6.4 bits]
				[ultima_pagina requires 4.4 bits]
				[frame requires 7.4 bits]
				[pagina_1 requires 6.0 bits]
				[on_top requires 8.6 bits]
				[to_right requires 8.6 bits]
				[allineato_al_centro_verticale requires 8.6 bits]
				[allineato_al_centro_orizzontale requires 8.6 bits]
				[numero_pagine requires 4.4 bits]
				[altezza_pagina requires 4.4 bits]
				[larghezza_pagina requires 4.4 bits]
				[altezza_rettangolo requires 6.0 bits]
				[ascissa_rettangolo requires 6.0 bits]
				[ordinata_rettangolo requires 6.0 bits]
				[larghezza_rettangolo requires 6.0 bits]

No literals

Recover to class_jmlr(A) :- pagina_1(A,B), frame(B,C), to_right(C,D), tipo_testo(D), tipo_testo(C), allineato_al_centro_orizzontale(C,E), on_top(E,D).



State (672/1504 [3/11], 11.3 bits available)

				[= tried 3/3] 3.2 secs
				[tipo_testo tried 1/3] 3.2 secs
				[tipo_linea_orizzontale tried 3/3] 3.2 secs
				[tipo_misto tried 3/3] 3.2 secs
				[tipo_linea_obbliqua tried 3/3] 3.2 secs
				[tipo_immagine tried 3/3] 3.2 secs
				[tipo_vuoto tried 3/3] 3.2 secs
				[ultima_pagina tried 1/1] 3.2 secs
				[frame tried 6/7] 3.2 secs
				[pagina_1 tried 2/3] 3.2 secs
				[on_top tried 11/12] 3.2 secs
				[to_right tried 11/12] 3.2 secs
				[allineato_al_centro_verticale tried 12/12] 3.2 secs
				[allineato_al_centro_orizzontale tried 7/12] 3.2 secs
				[numero_pagine tried 1/1] 3.2 secs
				[altezza_pagina tried 1/1] 3.2 secs
				[larghezza_pagina tried 1/1] 3.2 secs
				[altezza_rettangolo tried 3/3] 3.2 secs
				[ascissa_rettangolo tried 3/3] 3.2 secs
				[ordinata_rettangolo tried 3/3] 3.2 secs
				[larghezza_rettangolo tried 3/3] 3.2 secs

	Save to_right(C,F) (3,11 value 11.9)
	Save on_top(D,F) (3,11 value 11.9)
	Save on_top(C,F) (3,11 value 11.9)

Best literal to_right(D,F) (8.0 bits)


State (4736/7680 [3/10], 6.4 bits available)

				[= tried 6/6] 3.2 secs
				[tipo_testo tried 2/4] 3.2 secs
				[tipo_linea_orizzontale tried 4/4] 3.2 secs
				[tipo_misto tried 4/4] 3.2 secs
				[tipo_linea_obbliqua tried 4/4] 3.2 secs
				[tipo_immagine tried 4/4] 3.2 secs
				[tipo_vuoto tried 4/4] 3.2 secs
				[ultima_pagina tried 1/1] 3.2 secs
				[frame tried 7/8] 3.2 secs
				[pagina_1 tried 2/3] 3.2 secs
				[on_top tried 17/18] 3.2 secs
				[to_right tried 15/18] 3.2 secs
				[allineato_al_centro_verticale tried 12/18] 3.2 secs
				[allineato_al_centro_orizzontale tried 11/18] 3.2 secs
				[numero_pagine tried 1/1] 3.2 secs
				[altezza_pagina tried 1/1] 3.2 secs
				[larghezza_pagina tried 1/1] 3.2 secs
				[altezza_rettangolo tried 3/3] 3.2 secs
				[ascissa_rettangolo tried 3/3] 3.2 secs
				[ordinata_rettangolo tried 3/3] 3.2 secs
				[larghezza_rettangolo tried 3/3] 3.2 secs

	Save on_top(E,F) (3,10 value 12.2)

Best literal on_top(C,F) (8.6 bits)


State (7808/9344 [3/10], 1.0 bits available)

				[= requires 8.0 bits]
				[tipo_testo requires 6.4 bits]
				[tipo_linea_orizzontale requires 6.4 bits]
				[tipo_misto requires 6.4 bits]
				[tipo_linea_obbliqua requires 6.4 bits]
				[tipo_immagine requires 6.4 bits]
				[tipo_vuoto requires 6.4 bits]
				[ultima_pagina requires 4.4 bits]
				[frame requires 7.4 bits]
				[pagina_1 requires 6.0 bits]
				[on_top requires 8.6 bits]
				[to_right requires 8.6 bits]
				[allineato_al_centro_verticale requires 8.6 bits]
				[allineato_al_centro_orizzontale requires 8.6 bits]
				[numero_pagine requires 4.4 bits]
				[altezza_pagina requires 4.4 bits]
				[larghezza_pagina requires 4.4 bits]
				[altezza_rettangolo requires 6.0 bits]
				[ascissa_rettangolo requires 6.0 bits]
				[ordinata_rettangolo requires 6.0 bits]
				[larghezza_rettangolo requires 6.0 bits]

No literals

Recover to class_jmlr(A) :- pagina_1(A,B), frame(B,C), to_right(C,D), tipo_testo(D), tipo_testo(C), allineato_al_centro_orizzontale(C,E), on_top(E,D), to_right(D,F), on_top(E,F).



State (7808/9344 [3/10], 1.0 bits available)

				[= requires 8.0 bits]
				[tipo_testo requires 6.4 bits]
				[tipo_linea_orizzontale requires 6.4 bits]
				[tipo_misto requires 6.4 bits]
				[tipo_linea_obbliqua requires 6.4 bits]
				[tipo_immagine requires 6.4 bits]
				[tipo_vuoto requires 6.4 bits]
				[ultima_pagina requires 4.4 bits]
				[frame requires 7.4 bits]
				[pagina_1 requires 6.0 bits]
				[on_top requires 8.6 bits]
				[to_right requires 8.6 bits]
				[allineato_al_centro_verticale requires 8.6 bits]
				[allineato_al_centro_orizzontale requires 8.6 bits]
				[numero_pagine requires 4.4 bits]
				[altezza_pagina requires 4.4 bits]
				[larghezza_pagina requires 4.4 bits]
				[altezza_rettangolo requires 6.0 bits]
				[ascissa_rettangolo requires 6.0 bits]
				[ordinata_rettangolo requires 6.0 bits]
				[larghezza_rettangolo requires 6.0 bits]

No literals

Recover to class_jmlr(A) :- pagina_1(A,B), frame(B,C), to_right(C,D), tipo_testo(D), tipo_testo(C), allineato_al_centro_orizzontale(C,E), on_top(C,D), to_right(C,F).



State (11136/19776 [3/11], 6.4 bits available, 1 weak literal)

				[= tried 6/6] 3.3 secs
				[tipo_testo tried 2/4] 3.3 secs
				[tipo_linea_orizzontale tried 4/4] 3.3 secs
				[tipo_misto tried 4/4] 3.3 secs
				[tipo_linea_obbliqua tried 4/4] 3.3 secs
				[tipo_immagine tried 4/4] 3.3 secs
				[tipo_vuoto tried 4/4] 3.3 secs
				[ultima_pagina tried 1/1] 3.3 secs
				[frame tried 8/9] 3.3 secs
				[pagina_1 tried 2/3] 3.3 secs
				[on_top tried 19/20] 3.3 secs
				[to_right tried 17/20] 3.3 secs
				[allineato_al_centro_verticale tried 11/20] 3.3 secs
				[allineato_al_centro_orizzontale tried 9/20] 3.3 secs
				[numero_pagine tried 1/1] 3.3 secs
				[altezza_pagina tried 1/1] 3.3 secs
				[larghezza_pagina tried 1/1] 3.3 secs
				[altezza_rettangolo tried 4/4] 3.3 secs
				[ascissa_rettangolo tried 4/4] 3.3 secs
				[ordinata_rettangolo tried 4/4] 3.3 secs
				[larghezza_rettangolo tried 4/4] 3.4 secs

	Save on_top(E,F) (3,11 value 11.9)

Best literal on_top(C,F) (8.7 bits)


State (19584/26240 [3/11], 0.8 bits available)

				[= requires 8.0 bits]
				[tipo_testo requires 6.4 bits]
				[tipo_linea_orizzontale requires 6.4 bits]
				[tipo_misto requires 6.4 bits]
				[tipo_linea_obbliqua requires 6.4 bits]
				[tipo_immagine requires 6.4 bits]
				[tipo_vuoto requires 6.4 bits]
				[ultima_pagina requires 4.4 bits]
				[frame requires 7.6 bits]
				[pagina_1 requires 6.0 bits]
				[on_top requires 8.7 bits]
				[to_right requires 8.7 bits]
				[allineato_al_centro_verticale requires 8.7 bits]
				[allineato_al_centro_orizzontale requires 8.7 bits]
				[numero_pagine requires 4.4 bits]
				[altezza_pagina requires 4.4 bits]
				[larghezza_pagina requires 4.4 bits]
				[altezza_rettangolo requires 6.4 bits]
				[ascissa_rettangolo requires 6.4 bits]
				[ordinata_rettangolo requires 6.4 bits]
				[larghezza_rettangolo requires 6.4 bits]

No literals

Recover to class_jmlr(A) :- pagina_1(A,B), frame(B,C), to_right(C,D), tipo_testo(D), tipo_testo(C), allineato_al_centro_orizzontale(C,E), on_top(C,D), on_top(D,F).



State (6272/10816 [3/11], 6.4 bits available)

				[= tried 6/6] 3.4 secs
				[tipo_testo tried 2/4] 3.4 secs
				[tipo_linea_orizzontale tried 4/4] 3.4 secs
				[tipo_misto tried 4/4] 3.4 secs
				[tipo_linea_obbliqua tried 4/4] 3.4 secs
				[tipo_immagine tried 4/4] 3.4 secs
				[tipo_vuoto tried 4/4] 3.4 secs
				[ultima_pagina tried 1/1] 3.4 secs
				[frame tried 7/8] 3.4 secs
				[pagina_1 tried 2/3] 3.4 secs
				[on_top tried 15/18] 3.4 secs
				[to_right tried 17/18] 3.4 secs
				[allineato_al_centro_verticale tried 12/18] 3.4 secs
				[allineato_al_centro_orizzontale tried 10/18] 3.4 secs
				[numero_pagine tried 1/1] 3.4 secs
				[altezza_pagina tried 1/1] 3.4 secs
				[larghezza_pagina tried 1/1] 3.4 secs
				[altezza_rettangolo tried 3/3] 3.4 secs
				[ascissa_rettangolo tried 3/3] 3.4 secs
				[ordinata_rettangolo tried 3/3] 3.4 secs
				[larghezza_rettangolo tried 3/3] 3.4 secs

	Save to_right(D,G) (3,10 value 12.2)

Best literal to_right(C,F) (8.6 bits)


State (8448/10112 [3/10], 1.0 bits available)

				[= requires 8.0 bits]
				[tipo_testo requires 6.4 bits]
				[tipo_linea_orizzontale requires 6.4 bits]
				[tipo_misto requires 6.4 bits]
				[tipo_linea_obbliqua requires 6.4 bits]
				[tipo_immagine requires 6.4 bits]
				[tipo_vuoto requires 6.4 bits]
				[ultima_pagina requires 4.4 bits]
				[frame requires 7.4 bits]
				[pagina_1 requires 6.0 bits]
				[on_top requires 8.6 bits]
				[to_right requires 8.6 bits]
				[allineato_al_centro_verticale requires 8.6 bits]
				[allineato_al_centro_orizzontale requires 8.6 bits]
				[numero_pagine requires 4.4 bits]
				[altezza_pagina requires 4.4 bits]
				[larghezza_pagina requires 4.4 bits]
				[altezza_rettangolo requires 6.0 bits]
				[ascissa_rettangolo requires 6.0 bits]
				[ordinata_rettangolo requires 6.0 bits]
				[larghezza_rettangolo requires 6.0 bits]

No literals

Recover to class_jmlr(A) :- pagina_1(A,B), frame(B,C), to_right(C,D), tipo_testo(D), tipo_testo(C), allineato_al_centro_orizzontale(C,E), on_top(C,D), on_top(D,F), to_right(D,G).



State (58112/76800 [3/10], 1.0 bits available)

				[= requires 8.7 bits]
				[tipo_testo requires 6.7 bits]
				[tipo_linea_orizzontale requires 6.7 bits]
				[tipo_misto requires 6.7 bits]
				[tipo_linea_obbliqua requires 6.7 bits]
				[tipo_immagine requires 6.7 bits]
				[tipo_vuoto requires 6.7 bits]
				[ultima_pagina requires 4.4 bits]
				[frame requires 7.6 bits]
				[pagina_1 requires 6.0 bits]
				[on_top requires 9.1 bits]
				[to_right requires 9.1 bits]
				[allineato_al_centro_verticale requires 9.1 bits]
				[allineato_al_centro_orizzontale requires 9.1 bits]
				[numero_pagine requires 4.4 bits]
				[altezza_pagina requires 4.4 bits]
				[larghezza_pagina requires 4.4 bits]
				[altezza_rettangolo requires 6.0 bits]
				[ascissa_rettangolo requires 6.0 bits]
				[ordinata_rettangolo requires 6.0 bits]
				[larghezza_rettangolo requires 6.0 bits]

No literals

Recover to class_jmlr(A) :- pagina_1(A,B), frame(B,C), to_right(C,D), tipo_testo(D), tipo_testo(C), allineato_al_centro_orizzontale(C,E), on_top(C,D), on_top(C,F).



State (14976/27328 [3/11], 6.4 bits available, 1 weak literal)

				[= tried 6/6] 3.5 secs
				[tipo_testo tried 2/4] 3.5 secs
				[tipo_linea_orizzontale tried 4/4] 3.5 secs
				[tipo_misto tried 4/4] 3.5 secs
				[tipo_linea_obbliqua tried 4/4] 3.5 secs
				[tipo_immagine tried 4/4] 3.5 secs
				[tipo_vuoto tried 4/4] 3.5 secs
				[ultima_pagina tried 1/1] 3.5 secs
				[frame tried 8/9] 3.5 secs
				[pagina_1 tried 2/3] 3.5 secs
				[on_top tried 17/20] 3.5 secs
				[to_right tried 19/20] 3.6 secs
				[allineato_al_centro_verticale tried 14/20] 3.6 secs
				[allineato_al_centro_orizzontale tried 9/20] 3.6 secs
				[numero_pagine tried 1/1] 3.6 secs
				[altezza_pagina tried 1/1] 3.6 secs
				[larghezza_pagina tried 1/1] 3.6 secs
				[altezza_rettangolo tried 4/4] 3.6 secs
				[ascissa_rettangolo tried 4/4] 3.6 secs
				[ordinata_rettangolo tried 4/4] 3.6 secs
				[larghezza_rettangolo tried 4/4] 3.6 secs

Best literal to_right(C,F) (8.7 bits)


State (19584/26240 [3/11], 0.8 bits available)

				[= requires 8.0 bits]
				[tipo_testo requires 6.4 bits]
				[tipo_linea_orizzontale requires 6.4 bits]
				[tipo_misto requires 6.4 bits]
				[tipo_linea_obbliqua requires 6.4 bits]
				[tipo_immagine requires 6.4 bits]
				[tipo_vuoto requires 6.4 bits]
				[ultima_pagina requires 4.4 bits]
				[frame requires 7.6 bits]
				[pagina_1 requires 6.0 bits]
				[on_top requires 8.7 bits]
				[to_right requires 8.7 bits]
				[allineato_al_centro_verticale requires 8.7 bits]
				[allineato_al_centro_orizzontale requires 8.7 bits]
				[numero_pagine requires 4.4 bits]
				[altezza_pagina requires 4.4 bits]
				[larghezza_pagina requires 4.4 bits]
				[altezza_rettangolo requires 6.4 bits]
				[ascissa_rettangolo requires 6.4 bits]
				[ordinata_rettangolo requires 6.4 bits]
				[larghezza_rettangolo requires 6.4 bits]

No literals

Recover to class_jmlr(A) :- pagina_1(A,B), frame(B,C), to_right(C,D), tipo_testo(D), tipo_testo(C), allineato_al_centro_orizzontale(C,E), on_top(E,D), to_right(C,F).



State (11136/19776 [3/11], 6.4 bits available, 1 weak literal)

				[= tried 6/6] 3.6 secs
				[tipo_testo tried 2/4] 3.6 secs
				[tipo_linea_orizzontale tried 4/4] 3.6 secs
				[tipo_misto tried 4/4] 3.6 secs
				[tipo_linea_obbliqua tried 4/4] 3.6 secs
				[tipo_immagine tried 4/4] 3.6 secs
				[tipo_vuoto tried 4/4] 3.6 secs
				[ultima_pagina tried 1/1] 3.6 secs
				[frame tried 8/9] 3.6 secs
				[pagina_1 tried 2/3] 3.7 secs
				[on_top tried 19/20] 3.7 secs
				[to_right tried 17/20] 3.7 secs
				[allineato_al_centro_verticale tried 11/20] 3.7 secs
				[allineato_al_centro_orizzontale tried 10/20] 3.7 secs
				[numero_pagine tried 1/1] 3.7 secs
				[altezza_pagina tried 1/1] 3.7 secs
				[larghezza_pagina tried 1/1] 3.7 secs
				[altezza_rettangolo tried 4/4] 3.7 secs
				[ascissa_rettangolo tried 4/4] 3.7 secs
				[ordinata_rettangolo tried 4/4] 3.7 secs
				[larghezza_rettangolo tried 4/4] 3.7 secs

	Save on_top(E,F) (3,11 value 11.9)

Best literal on_top(C,F) (8.7 bits)


State (19584/26240 [3/11], 0.8 bits available)

				[= requires 8.0 bits]
				[tipo_testo requires 6.4 bits]
				[tipo_linea_orizzontale requires 6.4 bits]
				[tipo_misto requires 6.4 bits]
				[tipo_linea_obbliqua requires 6.4 bits]
				[tipo_immagine requires 6.4 bits]
				[tipo_vuoto requires 6.4 bits]
				[ultima_pagina requires 4.4 bits]
				[frame requires 7.6 bits]
				[pagina_1 requires 6.0 bits]
				[on_top requires 8.7 bits]
				[to_right requires 8.7 bits]
				[allineato_al_centro_verticale requires 8.7 bits]
				[allineato_al_centro_orizzontale requires 8.7 bits]
				[numero_pagine requires 4.4 bits]
				[altezza_pagina requires 4.4 bits]
				[larghezza_pagina requires 4.4 bits]
				[altezza_rettangolo requires 6.4 bits]
				[ascissa_rettangolo requires 6.4 bits]
				[ordinata_rettangolo requires 6.4 bits]
				[larghezza_rettangolo requires 6.4 bits]

No literals

Recover to class_jmlr(A) :- pagina_1(A,B), frame(B,C), to_right(C,D), tipo_testo(D), tipo_testo(C), allineato_al_centro_orizzontale(C,E), on_top(E,D), on_top(D,F).



State (6272/10816 [3/11], 6.4 bits available)

				[= tried 6/6] 3.8 secs
				[tipo_testo tried 2/4] 3.8 secs
				[tipo_linea_orizzontale tried 4/4] 3.8 secs
				[tipo_misto tried 4/4] 3.8 secs
				[tipo_linea_obbliqua tried 4/4] 3.8 secs
				[tipo_immagine tried 4/4] 3.8 secs
				[tipo_vuoto tried 4/4] 3.8 secs
				[ultima_pagina tried 1/1] 3.8 secs
				[frame tried 7/8] 3.8 secs
				[pagina_1 tried 2/3] 3.8 secs
				[on_top tried 15/18] 3.8 secs
				[to_right tried 17/18] 3.8 secs
				[allineato_al_centro_verticale tried 12/18] 3.8 secs
				[allineato_al_centro_orizzontale tried 11/18] 3.8 secs
				[numero_pagine tried 1/1] 3.8 secs
				[altezza_pagina tried 1/1] 3.8 secs
				[larghezza_pagina tried 1/1] 3.8 secs
				[altezza_rettangolo tried 3/3] 3.8 secs
				[ascissa_rettangolo tried 3/3] 3.8 secs
				[ordinata_rettangolo tried 3/3] 3.8 secs
				[larghezza_rettangolo tried 3/3] 3.8 secs

	Save to_right(D,G) (3,10 value 12.2)

Best literal to_right(C,F) (8.6 bits)


State (8448/10112 [3/10], 1.0 bits available)

				[= requires 8.0 bits]
				[tipo_testo requires 6.4 bits]
				[tipo_linea_orizzontale requires 6.4 bits]
				[tipo_misto requires 6.4 bits]
				[tipo_linea_obbliqua requires 6.4 bits]
				[tipo_immagine requires 6.4 bits]
				[tipo_vuoto requires 6.4 bits]
				[ultima_pagina requires 4.4 bits]
				[frame requires 7.4 bits]
				[pagina_1 requires 6.0 bits]
				[on_top requires 8.6 bits]
				[to_right requires 8.6 bits]
				[allineato_al_centro_verticale requires 8.6 bits]
				[allineato_al_centro_orizzontale requires 8.6 bits]
				[numero_pagine requires 4.4 bits]
				[altezza_pagina requires 4.4 bits]
				[larghezza_pagina requires 4.4 bits]
				[altezza_rettangolo requires 6.0 bits]
				[ascissa_rettangolo requires 6.0 bits]
				[ordinata_rettangolo requires 6.0 bits]
				[larghezza_rettangolo requires 6.0 bits]

No literals

Recover to class_jmlr(A) :- pagina_1(A,B), frame(B,C), to_right(C,D), tipo_testo(D), tipo_testo(C), allineato_al_centro_orizzontale(C,E), on_top(E,D), on_top(D,F), to_right(D,G).



State (58112/76800 [3/10], 1.0 bits available)

				[= requires 8.7 bits]
				[tipo_testo requires 6.7 bits]
				[tipo_linea_orizzontale requires 6.7 bits]
				[tipo_misto requires 6.7 bits]
				[tipo_linea_obbliqua requires 6.7 bits]
				[tipo_immagine requires 6.7 bits]
				[tipo_vuoto requires 6.7 bits]
				[ultima_pagina requires 4.4 bits]
				[frame requires 7.6 bits]
				[pagina_1 requires 6.0 bits]
				[on_top requires 9.1 bits]
				[to_right requires 9.1 bits]
				[allineato_al_centro_verticale requires 9.1 bits]
				[allineato_al_centro_orizzontale requires 9.1 bits]
				[numero_pagine requires 4.4 bits]
				[altezza_pagina requires 4.4 bits]
				[larghezza_pagina requires 4.4 bits]
				[altezza_rettangolo requires 6.0 bits]
				[ascissa_rettangolo requires 6.0 bits]
				[ordinata_rettangolo requires 6.0 bits]
				[larghezza_rettangolo requires 6.0 bits]

No literals

Recover to class_jmlr(A) :- pagina_1(A,B), frame(B,C), to_right(C,D), tipo_testo(D), tipo_testo(C), allineato_al_centro_orizzontale(C,E), on_top(E,D), on_top(C,F).



State (14976/27328 [3/11], 6.4 bits available, 1 weak literal)

				[= tried 6/6] 3.9 secs
				[tipo_testo tried 2/4] 3.9 secs
				[tipo_linea_orizzontale tried 4/4] 3.9 secs
				[tipo_misto tried 4/4] 3.9 secs
				[tipo_linea_obbliqua tried 4/4] 3.9 secs
				[tipo_immagine tried 4/4] 3.9 secs
				[tipo_vuoto tried 4/4] 3.9 secs
				[ultima_pagina tried 1/1] 3.9 secs
				[frame tried 8/9] 3.9 secs
				[pagina_1 tried 2/3] 3.9 secs
				[on_top tried 17/20] 3.9 secs
				[to_right tried 19/20] 3.9 secs
				[allineato_al_centro_verticale tried 14/20] 4.0 secs
				[allineato_al_centro_orizzontale tried 10/20] 4.0 secs
				[numero_pagine tried 1/1] 4.0 secs
				[altezza_pagina tried 1/1] 4.0 secs
				[larghezza_pagina tried 1/1] 4.0 secs
				[altezza_rettangolo tried 4/4] 4.0 secs
				[ascissa_rettangolo tried 4/4] 4.0 secs
				[ordinata_rettangolo tried 4/4] 4.0 secs
				[larghezza_rettangolo tried 4/4] 4.0 secs

Best literal to_right(C,F) (8.7 bits)


State (19584/26240 [3/11], 0.8 bits available)

				[= requires 8.0 bits]
				[tipo_testo requires 6.4 bits]
				[tipo_linea_orizzontale requires 6.4 bits]
				[tipo_misto requires 6.4 bits]
				[tipo_linea_obbliqua requires 6.4 bits]
				[tipo_immagine requires 6.4 bits]
				[tipo_vuoto requires 6.4 bits]
				[ultima_pagina requires 4.4 bits]
				[frame requires 7.6 bits]
				[pagina_1 requires 6.0 bits]
				[on_top requires 8.7 bits]
				[to_right requires 8.7 bits]
				[allineato_al_centro_verticale requires 8.7 bits]
				[allineato_al_centro_orizzontale requires 8.7 bits]
				[numero_pagine requires 4.4 bits]
				[altezza_pagina requires 4.4 bits]
				[larghezza_pagina requires 4.4 bits]
				[altezza_rettangolo requires 6.4 bits]
				[ascissa_rettangolo requires 6.4 bits]
				[ordinata_rettangolo requires 6.4 bits]
				[larghezza_rettangolo requires 6.4 bits]

No literals

Recover to class_jmlr(A) :- pagina_1(A,B), frame(B,C), to_right(C,D), tipo_testo(D), tipo_testo(C), allineato_al_centro_orizzontale(C,E), on_top(C,D), to_right(C,F), on_top(E,F).



State (19584/26240 [3/11], 0.8 bits available)

				[= requires 8.0 bits]
				[tipo_testo requires 6.4 bits]
				[tipo_linea_orizzontale requires 6.4 bits]
				[tipo_misto requires 6.4 bits]
				[tipo_linea_obbliqua requires 6.4 bits]
				[tipo_immagine requires 6.4 bits]
				[tipo_vuoto requires 6.4 bits]
				[ultima_pagina requires 4.4 bits]
				[frame requires 7.6 bits]
				[pagina_1 requires 6.0 bits]
				[on_top requires 8.7 bits]
				[to_right requires 8.7 bits]
				[allineato_al_centro_verticale requires 8.7 bits]
				[allineato_al_centro_orizzontale requires 8.7 bits]
				[numero_pagine requires 4.4 bits]
				[altezza_pagina requires 4.4 bits]
				[larghezza_pagina requires 4.4 bits]
				[altezza_rettangolo requires 6.4 bits]
				[ascissa_rettangolo requires 6.4 bits]
				[ordinata_rettangolo requires 6.4 bits]
				[larghezza_rettangolo requires 6.4 bits]

No literals

Recover to class_jmlr(A) :- pagina_1(A,B), frame(B,C), to_right(C,D), tipo_testo(D), tipo_testo(C), allineato_al_centro_orizzontale(C,E), on_top(E,D), to_right(C,F), on_top(E,F).



State (19584/26240 [3/11], 0.8 bits available)

				[= requires 8.0 bits]
				[tipo_testo requires 6.4 bits]
				[tipo_linea_orizzontale requires 6.4 bits]
				[tipo_misto requires 6.4 bits]
				[tipo_linea_obbliqua requires 6.4 bits]
				[tipo_immagine requires 6.4 bits]
				[tipo_vuoto requires 6.4 bits]
				[ultima_pagina requires 4.4 bits]
				[frame requires 7.6 bits]
				[pagina_1 requires 6.0 bits]
				[on_top requires 8.7 bits]
				[to_right requires 8.7 bits]
				[allineato_al_centro_verticale requires 8.7 bits]
				[allineato_al_centro_orizzontale requires 8.7 bits]
				[numero_pagine requires 4.4 bits]
				[altezza_pagina requires 4.4 bits]
				[larghezza_pagina requires 4.4 bits]
				[altezza_rettangolo requires 6.4 bits]
				[ascissa_rettangolo requires 6.4 bits]
				[ordinata_rettangolo requires 6.4 bits]
				[larghezza_rettangolo requires 6.4 bits]

No literals

Recover to class_jmlr(A) :- pagina_1(A,B), frame(B,C), to_right(C,D), tipo_testo(D), tipo_testo(C), allineato_al_centro_verticale(E,D).



State (3456/45616 [4/155], 23.4 bits available)

				[= tried 3/3] 4.1 secs
				[tipo_testo tried 1/3] 4.1 secs
				[tipo_linea_orizzontale tried 3/3] 4.1 secs
				[tipo_misto tried 3/3] 4.1 secs
				[tipo_linea_obbliqua tried 3/3] 4.1 secs
				[tipo_immagine tried 3/3] 4.1 secs
				[tipo_vuoto tried 3/3] 4.1 secs
				[ultima_pagina tried 1/1] 4.1 secs
				[frame tried 5/6] 4.1 secs
				[pagina_1 tried 2/3] 4.1 secs
				[on_top tried 10/10] 4.1 secs
				[to_right tried 9/10] 4.1 secs
				[allineato_al_centro_verticale tried 8/10] 4.1 secs
				[allineato_al_centro_orizzontale tried 8/10] 4.1 secs
				[numero_pagine tried 1/1] 4.2 secs
				[altezza_pagina tried 1/1] 4.2 secs
				[larghezza_pagina tried 1/1] 4.2 secs
				[altezza_rettangolo tried 2/2] 4.2 secs
				[ascissa_rettangolo tried 2/2] 4.2 secs
				[ordinata_rettangolo tried 2/2] 4.2 secs
				[larghezza_rettangolo tried 2/2] 4.2 secs

Best literal allineato_al_centro_orizzontale(F,C) (7.7 bits)


State (672/1312 [2/6], 4.2 bits available)

				[= requires 8.0 bits]
				[tipo_testo tried 2/4] 4.2 secs
				[tipo_linea_orizzontale tried 4/4] 4.2 secs
				[tipo_misto tried 4/4] 4.2 secs
				[tipo_linea_obbliqua tried 4/4] 4.2 secs
				[tipo_immagine tried 4/4] 4.2 secs
				[tipo_vuoto tried 4/4] 4.2 secs
				[ultima_pagina tried 1/1] 4.2 secs
				[frame requires 7.4 bits]
				[pagina_1 tried 2/3] 4.2 secs
				[on_top requires 8.6 bits]
				[to_right requires 8.6 bits]
				[allineato_al_centro_verticale requires 8.6 bits]
				[allineato_al_centro_orizzontale requires 8.6 bits]
				[numero_pagine tried 1/1] 4.2 secs
				[altezza_pagina tried 1/1] 4.2 secs
				[larghezza_pagina tried 1/1] 4.2 secs
				[altezza_rettangolo tried 3/3] 4.2 secs
				[ascissa_rettangolo tried 3/3] 4.2 secs
				[ordinata_rettangolo tried 3/3] 4.2 secs
				[larghezza_rettangolo tried 3/3] 4.2 secs

No literals

Initial clause (4 errs): class_jmlr(A) :- pagina_1(A,B), frame(B,C), to_right(C,D), tipo_testo(D), tipo_testo(C), allineato_al_centro_verticale(E,D), allineato_al_centro_orizzontale(F,C).
		to_right(C,D) needed for binding allineato_al_centro_verticale(E,D)
		frame(B,C) needed for binding to_right(C,D)
		pagina_1(A,B) needed for binding frame(B,C)

Clause too inaccurate (2/6)

Delete clause
	class_jmlr(A) :- pagina_1(A,B), frame(B,C), to_right(D,C), tipo_testo(D), allineato_al_centro_orizzontale(E,D), on_top(D,C), to_right(D,E), to_right(E,C), to_right(C,F).

***  Warning: the following definition
***  does not cover 4 tuples in the relation

class_jmlr(A) :- pagina_1(A,B), frame(B,C), to_right(C,D), tipo_testo(C), allineato_al_centro_orizzontale(C,E), on_top(C,D), to_right(D,F), to_right(F,E), allineato_al_centro_verticale(G,D).
class_jmlr(A) :- pagina_1(A,B), frame(B,C), to_right(C,D), tipo_testo(C), allineato_al_centro_orizzontale(E,C), on_top(C,D), to_right(D,E), to_right(E,F).

Time 4.3 secs

Test relation class_jmlr
    (+)	getoor02a
Summary: 1 error in 36 trials
