FOIL 6.4   [January 1996]
--------

    Options:
	no negated literals
	verbosity level 2

Types Documento and Pagina are not compatible
Types Documento and Frame are not compatible
Types Documento and NumeroPagine are not compatible
Types Documento and LarghezzaPagina are not compatible
Types Documento and AltezzaPagina are not compatible
Types Documento and AscissaRettangolo are not compatible
Types Documento and OrdinataRettangolo are not compatible
Types Documento and LarghezzaRettangolo are not compatible
Types Documento and AltezzaRettangolo are not compatible
Types Pagina and Frame are not compatible
Types Pagina and NumeroPagine are not compatible
Types Pagina and LarghezzaPagina are not compatible
Types Pagina and AltezzaPagina are not compatible
Types Pagina and AscissaRettangolo are not compatible
Types Pagina and OrdinataRettangolo are not compatible
Types Pagina and LarghezzaRettangolo are not compatible
Types Pagina and AltezzaRettangolo are not compatible
Types Frame and NumeroPagine are not compatible
Types Frame and LarghezzaPagina are not compatible
Types Frame and AltezzaPagina are not compatible
Types Frame and AscissaRettangolo are not compatible
Types Frame and OrdinataRettangolo are not compatible
Types Frame and LarghezzaRettangolo are not compatible
Types Frame and AltezzaRettangolo are not compatible
Types NumeroPagine and LarghezzaPagina are not compatible
Types NumeroPagine and AltezzaPagina are not compatible
Types NumeroPagine and AscissaRettangolo are not compatible
Types NumeroPagine and OrdinataRettangolo are not compatible
Types NumeroPagine and LarghezzaRettangolo are not compatible
Types NumeroPagine and AltezzaRettangolo are not compatible
Types LarghezzaPagina and AltezzaPagina are not compatible
Types LarghezzaPagina and AscissaRettangolo are not compatible
Types LarghezzaPagina and OrdinataRettangolo are not compatible
Types LarghezzaPagina and LarghezzaRettangolo are not compatible
Types LarghezzaPagina and AltezzaRettangolo are not compatible
Types AltezzaPagina and AscissaRettangolo are not compatible
Types AltezzaPagina and OrdinataRettangolo are not compatible
Types AltezzaPagina and LarghezzaRettangolo are not compatible
Types AltezzaPagina and AltezzaRettangolo are not compatible
Types AscissaRettangolo and OrdinataRettangolo are not compatible
Types AscissaRettangolo and LarghezzaRettangolo are not compatible
Types AscissaRettangolo and AltezzaRettangolo are not compatible
Types OrdinataRettangolo and LarghezzaRettangolo are not compatible
Types OrdinataRettangolo and AltezzaRettangolo are not compatible
Types LarghezzaRettangolo and AltezzaRettangolo are not compatible

Relation class_svln

Relation *allineato_al_centro_orizzontale

Relation *allineato_al_centro_verticale

Relation *altezza_pagina

Relation *larghezza_pagina

Relation *frame

Relation *numero_pagine

Relation *on_top

Relation *to_right

Relation *pagina_1

Relation *ultima_pagina

Relation *tipo_immagine

Relation *tipo_linea_obbliqua

Relation *tipo_linea_orizzontale

Relation *tipo_misto

Relation *tipo_testo

Relation *tipo_vuoto

Relation *pos_upper

Relation *pos_middle

Relation *pos_lower

Relation *pos_left

Relation *pos_center

Relation *pos_right

Relation *height_smallest

Relation *height_very_very_small

Relation *height_very_small

Relation *height_small

Relation *height_medium_small

Relation *height_medium

Relation *height_medium_large

Relation *height_large

Relation *height_very_large

Relation *height_very_very_large

Relation *height_largest

Relation *width_very_small

Relation *width_small

Relation *width_medium_small

Relation *width_medium

Relation *width_medium_large

Relation *width_large

Relation *width_very_large

----------
class_svln:

State (63/318, 255.8 bits available)

				[pagina_1 tried 1/1] 0.1 secs
				[numero_pagine tried 1/1] 0.1 secs

Determinate literals
	pagina_1(A,B)


State (63/318, 255.8 bits available, 1 weak literal)

				[ultima_pagina tried 1/1] 0.1 secs
				[frame tried 1/1] 0.1 secs
				[pagina_1 tried 1/3] 0.1 secs
				[altezza_pagina tried 1/1] 0.1 secs
				[larghezza_pagina tried 1/1] 0.1 secs
				[numero_pagine tried 1/1] 0.1 secs

Best literal frame(B,C) (2.6 bits)


State (502/3504 [63/318], 253.2 bits available, 2 weak literals)

				[width_large tried 1/1] 0.1 secs
				[pos_upper tried 1/1] 0.1 secs
				[height_very_very_small tried 1/1] 0.1 secs
				[pos_middle tried 1/1] 0.1 secs
				[pos_center tried 1/1] 0.1 secs
				[pos_lower tried 1/1] 0.1 secs
				[pos_left tried 1/1] 0.1 secs
				[width_medium_large tried 1/1] 0.1 secs
				[height_very_small tried 1/1] 0.1 secs
				[tipo_testo tried 1/1] 0.1 secs
				[width_medium tried 1/1] 0.1 secs
				[height_small tried 1/1] 0.1 secs
				[width_very_large tried 1/1] 0.1 secs
				[pos_right tried 1/1] 0.1 secs
				[height_medium_small tried 1/1] 0.1 secs
				[width_medium_small tried 1/1] 0.1 secs
				[height_smallest tried 1/1] 0.1 secs
				[tipo_linea_orizzontale tried 1/1] 0.1 secs
				[tipo_misto tried 1/1] 0.1 secs
				[height_medium_large tried 1/1] 0.1 secs
				[height_medium tried 1/1] 0.1 secs
				[height_large tried 1/1] 0.1 secs
				[width_small tried 1/1] 0.1 secs
				[width_very_small tried 1/1] 0.1 secs
				[tipo_linea_obbliqua tried 1/1] 0.1 secs
				[height_very_large tried 1/1] 0.1 secs
				[tipo_immagine tried 1/1] 0.1 secs
				[tipo_vuoto tried 1/1] 0.1 secs
				[ultima_pagina tried 1/1] 0.1 secs
				[height_very_very_large tried 1/1] 0.1 secs
				[height_largest tried 1/1] 0.1 secs
				[frame tried 1/3] 0.1 secs
				[pagina_1 tried 2/3] 0.1 secs
				[on_top tried 2/2] 0.1 secs
				[to_right tried 2/2] 0.1 secs
				[allineato_al_centro_verticale tried 2/2] 0.1 secs
				[allineato_al_centro_orizzontale tried 2/2] 0.1 secs
				[altezza_pagina tried 1/1] 0.1 secs
				[larghezza_pagina tried 1/1] 0.1 secs
				[numero_pagine tried 1/1] 0.1 secs

Best literal tipo_misto(C) (5.3 bits)


State (115/213 [62/144], 246.6 bits available)

				[width_large tried 1/1] 0.1 secs
				[pos_upper tried 1/1] 0.1 secs
				[height_very_very_small tried 1/1] 0.1 secs
				[pos_middle tried 1/1] 0.1 secs
				[pos_center tried 1/1] 0.1 secs
				[pos_lower tried 1/1] 0.1 secs
				[pos_left tried 1/1] 0.1 secs
				[width_medium_large tried 1/1] 0.1 secs
				[height_very_small tried 1/1] 0.1 secs
				[tipo_testo tried 1/1] 0.1 secs
				[width_medium tried 1/1] 0.1 secs
				[height_small tried 1/1] 0.1 secs
				[width_very_large tried 1/1] 0.1 secs
				[pos_right tried 1/1] 0.1 secs
				[height_medium_small tried 1/1] 0.1 secs
				[width_medium_small tried 1/1] 0.1 secs
				[height_smallest tried 1/1] 0.1 secs
				[tipo_linea_orizzontale tried 1/1] 0.1 secs
				[tipo_misto tried 0/1] 0.1 secs
				[height_medium_large tried 1/1] 0.1 secs
				[height_medium tried 1/1] 0.1 secs
				[height_large tried 1/1] 0.1 secs
				[width_small tried 1/1] 0.1 secs
				[width_very_small tried 1/1] 0.1 secs
				[tipo_linea_obbliqua tried 1/1] 0.1 secs
				[height_very_large tried 1/1] 0.1 secs
				[tipo_immagine tried 1/1] 0.1 secs
				[tipo_vuoto tried 1/1] 0.1 secs
				[ultima_pagina tried 1/1] 0.1 secs
				[height_very_very_large tried 1/1] 0.1 secs
				[height_largest tried 1/1] 0.1 secs
				[frame tried 2/3] 0.1 secs
				[pagina_1 tried 2/3] 0.1 secs
				[on_top tried 2/2] 0.1 secs
				[to_right tried 2/2] 0.1 secs
				[allineato_al_centro_verticale tried 2/2] 0.1 secs
				[allineato_al_centro_orizzontale tried 2/2] 0.1 secs
				[altezza_pagina tried 1/1] 0.1 secs
				[larghezza_pagina tried 1/1] 0.1 secs
				[numero_pagine tried 1/1] 0.1 secs

	Save clause ending with width_medium_large(C) (cover 59, accuracy 95%)

	Save pos_lower(C) (61,84 value 113.6)

Best literal width_medium_large(C) (5.3 bits)


State (61/64 [59/62], 236.0 bits available)

				[width_large tried 1/1] 0.1 secs
				[pos_upper tried 1/1] 0.1 secs
				[height_very_very_small tried 1/1] 0.1 secs
				[pos_middle tried 1/1] 0.1 secs
				[pos_center tried 1/1] 0.1 secs
				[pos_lower tried 1/1] 0.1 secs
				[pos_left tried 1/1] 0.1 secs
				[width_medium_large tried 0/1] 0.1 secs
				[height_very_small tried 1/1] 0.1 secs
				[tipo_testo tried 1/1] 0.1 secs
				[width_medium tried 1/1] 0.1 secs
				[height_small tried 1/1] 0.1 secs
				[width_very_large tried 1/1] 0.1 secs
				[pos_right tried 1/1] 0.1 secs
				[height_medium_small tried 1/1] 0.1 secs
				[width_medium_small tried 1/1] 0.1 secs
				[height_smallest tried 1/1] 0.1 secs
				[tipo_linea_orizzontale tried 1/1] 0.1 secs
				[tipo_misto tried 0/1] 0.1 secs
				[height_medium_large tried 1/1] 0.1 secs
				[height_medium tried 1/1] 0.1 secs
				[height_large tried 1/1] 0.1 secs
				[width_small tried 1/1] 0.1 secs
				[width_very_small tried 1/1] 0.1 secs
				[tipo_linea_obbliqua tried 1/1] 0.1 secs
				[height_very_large tried 1/1] 0.1 secs
				[tipo_immagine tried 1/1] 0.1 secs
				[tipo_vuoto tried 1/1] 0.1 secs
				[ultima_pagina tried 1/1] 0.1 secs
				[height_very_very_large tried 1/1] 0.1 secs
				[height_largest tried 1/1] 0.1 secs
				[frame tried 2/3] 0.1 secs
				[pagina_1 tried 2/3] 0.1 secs
				[on_top tried 2/2] 0.1 secs
				[to_right tried 2/2] 0.1 secs
				[allineato_al_centro_verticale tried 2/2] 0.1 secs
				[allineato_al_centro_orizzontale tried 2/2] 0.1 secs
				[altezza_pagina tried 1/1] 0.1 secs
				[larghezza_pagina tried 1/1] 0.1 secs
				[numero_pagine tried 1/1] 0.1 secs

	Save clause ending with pos_center(C) (cover 59, accuracy 100%)

	Save height_very_small(C) (59,59 value 136.7)

Best literal pos_center(C) (5.3 bits)

Initial clause (0 errs): class_svln(A) :- pagina_1(A,B), frame(B,C), tipo_misto(C), width_medium_large(C), pos_center(C).
		frame(B,C) needed for binding tipo_misto(C)
		pagina_1(A,B) needed for binding frame(B,C)

Clause 0: class_svln(A) :- pagina_1(A,B), frame(B,C), tipo_misto(C), width_medium_large(C), pos_center(C).

State (4/259, 40.6 bits available)

				[pagina_1 tried 1/1] 0.1 secs
				[numero_pagine tried 1/1] 0.1 secs

Determinate literals
	pagina_1(A,B)


State (4/259, 40.6 bits available, 1 weak literal)

				[ultima_pagina tried 1/1] 0.1 secs
				[frame tried 1/1] 0.1 secs
				[pagina_1 tried 1/3] 0.1 secs
				[altezza_pagina tried 1/1] 0.1 secs
				[larghezza_pagina tried 1/1] 0.1 secs
				[numero_pagine tried 1/1] 0.1 secs

Best literal frame(B,C) (2.6 bits)


State (35/3037 [4/259], 38.1 bits available, 2 weak literals)

				[width_large tried 1/1] 0.1 secs
				[pos_upper tried 1/1] 0.1 secs
				[height_very_very_small tried 1/1] 0.1 secs
				[pos_middle tried 1/1] 0.1 secs
				[pos_center tried 1/1] 0.1 secs
				[pos_lower tried 1/1] 0.1 secs
				[pos_left tried 1/1] 0.1 secs
				[width_medium_large tried 1/1] 0.1 secs
				[height_very_small tried 1/1] 0.1 secs
				[tipo_testo tried 1/1] 0.1 secs
				[width_medium tried 1/1] 0.1 secs
				[height_small tried 1/1] 0.1 secs
				[width_very_large tried 1/1] 0.1 secs
				[pos_right tried 1/1] 0.1 secs
				[height_medium_small tried 1/1] 0.1 secs
				[width_medium_small tried 1/1] 0.1 secs
				[height_smallest tried 1/1] 0.1 secs
				[tipo_linea_orizzontale tried 1/1] 0.1 secs
				[tipo_misto tried 1/1] 0.1 secs
				[height_medium_large tried 1/1] 0.1 secs
				[height_medium tried 1/1] 0.1 secs
				[height_large tried 1/1] 0.1 secs
				[width_small tried 1/1] 0.1 secs
				[width_very_small tried 1/1] 0.1 secs
				[tipo_linea_obbliqua tried 1/1] 0.1 secs
				[height_very_large tried 1/1] 0.1 secs
				[tipo_immagine tried 1/1] 0.1 secs
				[tipo_vuoto tried 1/1] 0.1 secs
				[ultima_pagina tried 1/1] 0.1 secs
				[height_very_very_large tried 1/1] 0.1 secs
				[height_largest tried 1/1] 0.1 secs
				[frame tried 1/3] 0.1 secs
				[pagina_1 tried 2/3] 0.1 secs
				[on_top tried 2/2] 0.1 secs
				[to_right tried 2/2] 0.1 secs
				[allineato_al_centro_verticale tried 2/2] 0.1 secs
				[allineato_al_centro_orizzontale tried 2/2] 0.1 secs
				[altezza_pagina tried 1/1] 0.1 secs
				[larghezza_pagina tried 1/1] 0.1 secs
				[numero_pagine tried 1/1] 0.1 secs

	Save pos_center(C) (4,259 value 0.0)
	Save allineato_al_centro_verticale(C,D) (4,258 value 0.0)
	Save allineato_al_centro_verticale(D,C) (4,258 value 0.0)

Best literal tipo_misto(C) (5.3 bits)


State (6/104 [3/85], 26.8 bits available)

				[width_large tried 1/1] 0.1 secs
				[pos_upper tried 1/1] 0.1 secs
				[height_very_very_small tried 1/1] 0.1 secs
				[pos_middle tried 1/1] 0.1 secs
				[pos_center tried 1/1] 0.1 secs
				[pos_lower tried 1/1] 0.1 secs
				[pos_left tried 1/1] 0.1 secs
				[width_medium_large tried 1/1] 0.1 secs
				[height_very_small tried 1/1] 0.1 secs
				[tipo_testo tried 1/1] 0.1 secs
				[width_medium tried 1/1] 0.1 secs
				[height_small tried 1/1] 0.1 secs
				[width_very_large tried 1/1] 0.1 secs
				[pos_right tried 1/1] 0.1 secs
				[height_medium_small tried 1/1] 0.1 secs
				[width_medium_small tried 1/1] 0.1 secs
				[height_smallest tried 1/1] 0.1 secs
				[tipo_linea_orizzontale tried 1/1] 0.1 secs
				[tipo_misto tried 0/1] 0.1 secs
				[height_medium_large tried 1/1] 0.1 secs
				[height_medium tried 1/1] 0.1 secs
				[height_large tried 1/1] 0.1 secs
				[width_small tried 1/1] 0.1 secs
				[width_very_small tried 1/1] 0.1 secs
				[tipo_linea_obbliqua tried 1/1] 0.1 secs
				[height_very_large tried 1/1] 0.1 secs
				[tipo_immagine tried 1/1] 0.1 secs
				[tipo_vuoto tried 1/1] 0.1 secs
				[ultima_pagina tried 1/1] 0.1 secs
				[height_very_very_large tried 1/1] 0.1 secs
				[height_largest tried 1/1] 0.1 secs
				[frame tried 2/3] 0.1 secs
				[pagina_1 tried 2/3] 0.1 secs
				[on_top tried 2/2] 0.1 secs
				[to_right tried 2/2] 0.1 secs
				[allineato_al_centro_verticale tried 2/2] 0.1 secs
				[allineato_al_centro_orizzontale tried 2/2] 0.1 secs
				[altezza_pagina tried 1/1] 0.1 secs
				[larghezza_pagina tried 1/1] 0.1 secs
				[numero_pagine tried 1/1] 0.1 secs

Best literal pos_lower(C) (5.3 bits)


State (4/27 [2/25], 15.7 bits available)

				[width_large tried 1/1] 0.1 secs
				[pos_upper tried 1/1] 0.1 secs
				[height_very_very_small tried 1/1] 0.1 secs
				[pos_middle tried 1/1] 0.1 secs
				[pos_center tried 1/1] 0.1 secs
				[pos_lower tried 0/1] 0.1 secs
				[pos_left tried 1/1] 0.1 secs
				[width_medium_large tried 1/1] 0.1 secs
				[height_very_small tried 1/1] 0.1 secs
				[tipo_testo tried 1/1] 0.1 secs
				[width_medium tried 1/1] 0.1 secs
				[height_small tried 1/1] 0.1 secs
				[width_very_large tried 1/1] 0.1 secs
				[pos_right tried 1/1] 0.1 secs
				[height_medium_small tried 1/1] 0.1 secs
				[width_medium_small tried 1/1] 0.1 secs
				[height_smallest tried 1/1] 0.1 secs
				[tipo_linea_orizzontale tried 1/1] 0.1 secs
				[tipo_misto tried 0/1] 0.1 secs
				[height_medium_large tried 1/1] 0.1 secs
				[height_medium tried 1/1] 0.1 secs
				[height_large tried 1/1] 0.1 secs
				[width_small tried 1/1] 0.1 secs
				[width_very_small tried 1/1] 0.1 secs
				[tipo_linea_obbliqua tried 1/1] 0.1 secs
				[height_very_large tried 1/1] 0.1 secs
				[tipo_immagine tried 1/1] 0.1 secs
				[tipo_vuoto tried 1/1] 0.1 secs
				[ultima_pagina tried 1/1] 0.1 secs
				[height_very_very_large tried 1/1] 0.1 secs
				[height_largest tried 1/1] 0.1 secs
				[frame tried 2/3] 0.1 secs
				[pagina_1 tried 2/3] 0.1 secs
				[on_top tried 2/2] 0.1 secs
				[to_right tried 2/2] 0.1 secs
				[allineato_al_centro_verticale tried 2/2] 0.1 secs
				[allineato_al_centro_orizzontale tried 2/2] 0.1 secs
				[altezza_pagina tried 1/1] 0.1 secs
				[larghezza_pagina tried 1/1] 0.1 secs
				[numero_pagine tried 1/1] 0.1 secs

Best literal width_large(C) (5.3 bits)


State (4/12 [2/10], 12.4 bits available)

				[width_large tried 0/1] 0.1 secs
				[pos_upper tried 1/1] 0.1 secs
				[height_very_very_small tried 1/1] 0.1 secs
				[pos_middle tried 1/1] 0.1 secs
				[pos_center tried 1/1] 0.1 secs
				[pos_lower tried 0/1] 0.1 secs
				[pos_left tried 1/1] 0.1 secs
				[width_medium_large tried 1/1] 0.1 secs
				[height_very_small tried 1/1] 0.1 secs
				[tipo_testo tried 1/1] 0.1 secs
				[width_medium tried 1/1] 0.1 secs
				[height_small tried 1/1] 0.1 secs
				[width_very_large tried 1/1] 0.1 secs
				[pos_right tried 1/1] 0.1 secs
				[height_medium_small tried 1/1] 0.1 secs
				[width_medium_small tried 1/1] 0.1 secs
				[height_smallest tried 1/1] 0.1 secs
				[tipo_linea_orizzontale tried 1/1] 0.1 secs
				[tipo_misto tried 0/1] 0.1 secs
				[height_medium_large tried 1/1] 0.1 secs
				[height_medium tried 1/1] 0.1 secs
				[height_large tried 1/1] 0.1 secs
				[width_small tried 1/1] 0.1 secs
				[width_very_small tried 1/1] 0.1 secs
				[tipo_linea_obbliqua tried 1/1] 0.1 secs
				[height_very_large tried 1/1] 0.1 secs
				[tipo_immagine tried 1/1] 0.1 secs
				[tipo_vuoto tried 1/1] 0.1 secs
				[ultima_pagina tried 1/1] 0.1 secs
				[height_very_very_large tried 1/1] 0.1 secs
				[height_largest tried 1/1] 0.1 secs
				[frame tried 2/3] 0.1 secs
				[pagina_1 tried 2/3] 0.1 secs
				[on_top tried 2/2] 0.1 secs
				[to_right tried 2/2] 0.1 secs
				[allineato_al_centro_verticale tried 2/2] 0.1 secs
				[allineato_al_centro_orizzontale tried 2/2] 0.1 secs
				[altezza_pagina tried 1/1] 0.1 secs
				[larghezza_pagina tried 1/1] 0.1 secs
				[numero_pagine tried 1/1] 0.1 secs

	Save clause ending with height_small(C) (cover 1, accuracy 100%)

Best literal allineato_al_centro_verticale(C,D) (6.3 bits)


State (14/18 [2/6], 8.4 bits available)

				[= tried 1/1] 0.1 secs
				[width_large tried 1/2] 0.1 secs
				[pos_upper tried 2/2] 0.1 secs
				[height_very_very_small tried 2/2] 0.1 secs
				[pos_middle tried 2/2] 0.1 secs
				[pos_center tried 2/2] 0.1 secs
				[pos_lower tried 1/2] 0.1 secs
				[pos_left tried 2/2] 0.1 secs
				[width_medium_large tried 2/2] 0.1 secs
				[height_very_small tried 2/2] 0.1 secs
				[tipo_testo tried 2/2] 0.1 secs
				[width_medium tried 2/2] 0.1 secs
				[height_small tried 2/2] 0.1 secs
				[width_very_large tried 2/2] 0.1 secs
				[pos_right tried 2/2] 0.1 secs
				[height_medium_small tried 2/2] 0.1 secs
				[width_medium_small tried 2/2] 0.1 secs
				[height_smallest tried 2/2] 0.1 secs
				[tipo_linea_orizzontale tried 2/2] 0.1 secs
				[tipo_misto tried 1/2] 0.1 secs
				[height_medium_large tried 2/2] 0.1 secs
				[height_medium tried 2/2] 0.1 secs
				[height_large tried 2/2] 0.1 secs
				[width_small tried 2/2] 0.1 secs
				[width_very_small tried 2/2] 0.1 secs
				[tipo_linea_obbliqua tried 2/2] 0.1 secs
				[height_very_large tried 2/2] 0.1 secs
				[tipo_immagine tried 2/2] 0.1 secs
				[tipo_vuoto tried 2/2] 0.1 secs
				[ultima_pagina tried 1/1] 0.1 secs
				[height_very_very_large tried 2/2] 0.1 secs
				[height_largest tried 2/2] 0.1 secs
				[frame tried 4/5] 0.1 secs
				[pagina_1 tried 2/3] 0.1 secs
				[on_top tried 6/6] 0.1 secs
				[to_right tried 6/6] 0.1 secs
				[allineato_al_centro_verticale tried 4/6] 0.1 secs
				[allineato_al_centro_orizzontale tried 4/6] 0.1 secs
				[altezza_pagina tried 1/1] 0.1 secs
				[larghezza_pagina tried 1/1] 0.1 secs
				[numero_pagine tried 1/1] 0.1 secs

	Save clause ending with pos_upper(D) (cover 2, accuracy 100%)

Best literal pos_upper(D) (6.4 bits)

Initial clause (0 errs): class_svln(A) :- pagina_1(A,B), frame(B,C), tipo_misto(C), pos_lower(C), width_large(C), allineato_al_centro_verticale(C,D), pos_upper(D).
		allineato_al_centro_verticale(C,D) needed for binding pos_upper(D)
		frame(B,C) needed for binding tipo_misto(C)
		pagina_1(A,B) needed for binding frame(B,C)

Clause 1: class_svln(A) :- pagina_1(A,B), frame(B,C), tipo_misto(C), pos_lower(C), width_large(C), allineato_al_centro_verticale(C,D), pos_upper(D).

State (2/257, 26.3 bits available)

				[pagina_1 tried 1/1] 0.1 secs
				[numero_pagine tried 1/1] 0.1 secs

Determinate literals
	pagina_1(A,B)


State (2/257, 26.3 bits available, 1 weak literal)

				[ultima_pagina tried 1/1] 0.1 secs
				[frame tried 1/1] 0.1 secs
				[pagina_1 tried 1/3] 0.1 secs
				[altezza_pagina tried 1/1] 0.1 secs
				[larghezza_pagina tried 1/1] 0.1 secs
				[numero_pagine tried 1/1] 0.1 secs

Best literal frame(B,C) (2.6 bits)


State (17/3019 [2/257], 23.7 bits available, 2 weak literals)

				[width_large tried 1/1] 0.1 secs
				[pos_upper tried 1/1] 0.1 secs
				[height_very_very_small tried 1/1] 0.1 secs
				[pos_middle tried 1/1] 0.1 secs
				[pos_center tried 1/1] 0.1 secs
				[pos_lower tried 1/1] 0.1 secs
				[pos_left tried 1/1] 0.1 secs
				[width_medium_large tried 1/1] 0.1 secs
				[height_very_small tried 1/1] 0.1 secs
				[tipo_testo tried 1/1] 0.1 secs
				[width_medium tried 1/1] 0.1 secs
				[height_small tried 1/1] 0.1 secs
				[width_very_large tried 1/1] 0.1 secs
				[pos_right tried 1/1] 0.1 secs
				[height_medium_small tried 1/1] 0.1 secs
				[width_medium_small tried 1/1] 0.1 secs
				[height_smallest tried 1/1] 0.1 secs
				[tipo_linea_orizzontale tried 1/1] 0.1 secs
				[tipo_misto tried 1/1] 0.1 secs
				[height_medium_large tried 1/1] 0.1 secs
				[height_medium tried 1/1] 0.1 secs
				[height_large tried 1/1] 0.1 secs
				[width_small tried 1/1] 0.1 secs
				[width_very_small tried 1/1] 0.1 secs
				[tipo_linea_obbliqua tried 1/1] 0.1 secs
				[height_very_large tried 1/1] 0.1 secs
				[tipo_immagine tried 1/1] 0.1 secs
				[tipo_vuoto tried 1/1] 0.1 secs
				[ultima_pagina tried 1/1] 0.1 secs
				[height_very_very_large tried 1/1] 0.1 secs
				[height_largest tried 1/1] 0.1 secs
				[frame tried 1/3] 0.1 secs
				[pagina_1 tried 2/3] 0.1 secs
				[on_top tried 2/2] 0.1 secs
				[to_right tried 2/2] 0.1 secs
				[allineato_al_centro_verticale tried 2/2] 0.1 secs
				[allineato_al_centro_orizzontale tried 2/2] 0.1 secs
				[altezza_pagina tried 1/1] 0.1 secs
				[larghezza_pagina tried 1/1] 0.1 secs
				[numero_pagine tried 1/1] 0.1 secs

Best literal tipo_linea_obbliqua(C) (5.3 bits)


State (2/4 [2/3], 19.4 bits available)

				[width_large tried 1/1] 0.1 secs
				[pos_upper tried 1/1] 0.1 secs
				[height_very_very_small tried 1/1] 0.1 secs
				[pos_middle tried 1/1] 0.1 secs
				[pos_center tried 1/1] 0.1 secs
				[pos_lower tried 1/1] 0.1 secs
				[pos_left tried 1/1] 0.1 secs
				[width_medium_large tried 1/1] 0.1 secs
				[height_very_small tried 1/1] 0.1 secs
				[tipo_testo tried 1/1] 0.1 secs
				[width_medium tried 1/1] 0.1 secs
				[height_small tried 1/1] 0.1 secs
				[width_very_large tried 1/1] 0.1 secs
				[pos_right tried 1/1] 0.1 secs
				[height_medium_small tried 1/1] 0.1 secs
				[width_medium_small tried 1/1] 0.1 secs
				[height_smallest tried 1/1] 0.1 secs
				[tipo_linea_orizzontale tried 1/1] 0.1 secs
				[tipo_misto tried 1/1] 0.1 secs
				[height_medium_large tried 1/1] 0.1 secs
				[height_medium tried 1/1] 0.1 secs
				[height_large tried 1/1] 0.1 secs
				[width_small tried 1/1] 0.1 secs
				[width_very_small tried 1/1] 0.1 secs

	Save clause ending with width_very_small(C) (cover 2, accuracy 100%)

Best literal width_very_small(C) (5.3 bits)

Initial clause (0 errs): class_svln(A) :- pagina_1(A,B), frame(B,C), tipo_linea_obbliqua(C), width_very_small(C).
		frame(B,C) needed for binding tipo_linea_obbliqua(C)
		pagina_1(A,B) needed for binding frame(B,C)

Clause 2: class_svln(A) :- pagina_1(A,B), frame(B,C), tipo_linea_obbliqua(C), width_very_small(C).

class_svln(A) :- pagina_1(A,B), frame(B,C), tipo_misto(C), width_medium_large(C), pos_center(C).
class_svln(A) :- pagina_1(A,B), frame(B,C), tipo_misto(C), pos_lower(C), width_large(C), allineato_al_centro_verticale(C,D), pos_upper(D).
class_svln(A) :- pagina_1(A,B), frame(B,C), tipo_linea_obbliqua(C), width_very_small(C).

Time 0.1 secs

Test relation class_svln
    (-)	d06090909542126399
    (-)	maurer06a
Summary: 2 errors in 35 trials
