FOIL 6.4   [January 1996]
--------

    Options:
	no negated literals
	verbosity level 2

Types Documento and Pagina are not compatible
Types Documento and Frame are not compatible
Types Documento and NumeroPagine are not compatible
Types Documento and LarghezzaPagina are not compatible
Types Documento and AltezzaPagina are not compatible
Types Documento and AscissaRettangolo are not compatible
Types Documento and OrdinataRettangolo are not compatible
Types Documento and LarghezzaRettangolo are not compatible
Types Documento and AltezzaRettangolo are not compatible
Types Pagina and Frame are not compatible
Types Pagina and NumeroPagine are not compatible
Types Pagina and LarghezzaPagina are not compatible
Types Pagina and AltezzaPagina are not compatible
Types Pagina and AscissaRettangolo are not compatible
Types Pagina and OrdinataRettangolo are not compatible
Types Pagina and LarghezzaRettangolo are not compatible
Types Pagina and AltezzaRettangolo are not compatible
Types Frame and NumeroPagine are not compatible
Types Frame and LarghezzaPagina are not compatible
Types Frame and AltezzaPagina are not compatible
Types Frame and AscissaRettangolo are not compatible
Types Frame and OrdinataRettangolo are not compatible
Types Frame and LarghezzaRettangolo are not compatible
Types Frame and AltezzaRettangolo are not compatible
Types NumeroPagine and LarghezzaPagina are not compatible
Types NumeroPagine and AltezzaPagina are not compatible
Types NumeroPagine and AscissaRettangolo are not compatible
Types NumeroPagine and OrdinataRettangolo are not compatible
Types NumeroPagine and LarghezzaRettangolo are not compatible
Types NumeroPagine and AltezzaRettangolo are not compatible
Types LarghezzaPagina and AltezzaPagina are not compatible
Types LarghezzaPagina and AscissaRettangolo are not compatible
Types LarghezzaPagina and OrdinataRettangolo are not compatible
Types LarghezzaPagina and LarghezzaRettangolo are not compatible
Types LarghezzaPagina and AltezzaRettangolo are not compatible
Types AltezzaPagina and AscissaRettangolo are not compatible
Types AltezzaPagina and OrdinataRettangolo are not compatible
Types AltezzaPagina and LarghezzaRettangolo are not compatible
Types AltezzaPagina and AltezzaRettangolo are not compatible
Types AscissaRettangolo and OrdinataRettangolo are not compatible
Types AscissaRettangolo and LarghezzaRettangolo are not compatible
Types AscissaRettangolo and AltezzaRettangolo are not compatible
Types OrdinataRettangolo and LarghezzaRettangolo are not compatible
Types OrdinataRettangolo and AltezzaRettangolo are not compatible
Types LarghezzaRettangolo and AltezzaRettangolo are not compatible

Relation class_svln

Relation *allineato_al_centro_orizzontale

Relation *allineato_al_centro_verticale

Relation *altezza_pagina

Relation *larghezza_pagina

Relation *frame

Relation *numero_pagine

Relation *on_top

Relation *to_right

Relation *pagina_1

Relation *ultima_pagina

Relation *tipo_immagine

Relation *tipo_linea_obbliqua

Relation *tipo_linea_orizzontale

Relation *tipo_misto

Relation *tipo_testo

Relation *tipo_vuoto

Relation *pos_upper

Relation *pos_middle

Relation *pos_lower

Relation *pos_left

Relation *pos_center

Relation *pos_right

Relation *height_smallest

Relation *height_very_very_small

Relation *height_very_small

Relation *height_small

Relation *height_medium_small

Relation *height_medium

Relation *height_medium_large

Relation *height_large

Relation *height_very_large

Relation *height_very_very_large

Relation *height_largest

Relation *width_very_small

Relation *width_small

Relation *width_medium_small

Relation *width_medium

Relation *width_medium_large

Relation *width_large

Relation *width_very_large

----------
class_svln:

State (63/318, 255.8 bits available)

				[pagina_1 tried 1/1] 0.1 secs
				[numero_pagine tried 1/1] 0.1 secs

Determinate literals
	pagina_1(A,B)


State (63/318, 255.8 bits available, 1 weak literal)

				[ultima_pagina tried 1/1] 0.1 secs
				[frame tried 1/1] 0.1 secs
				[pagina_1 tried 1/3] 0.1 secs
				[altezza_pagina tried 1/1] 0.1 secs
				[larghezza_pagina tried 1/1] 0.1 secs
				[numero_pagine tried 1/1] 0.1 secs

Best literal frame(B,C) (2.6 bits)


State (498/3474 [63/318], 253.2 bits available, 2 weak literals)

				[width_large tried 1/1] 0.1 secs
				[pos_upper tried 1/1] 0.1 secs
				[height_very_very_small tried 1/1] 0.1 secs
				[pos_middle tried 1/1] 0.1 secs
				[pos_center tried 1/1] 0.1 secs
				[pos_lower tried 1/1] 0.1 secs
				[pos_left tried 1/1] 0.1 secs
				[width_medium_large tried 1/1] 0.1 secs
				[height_very_small tried 1/1] 0.1 secs
				[tipo_testo tried 1/1] 0.1 secs
				[width_medium tried 1/1] 0.1 secs
				[height_small tried 1/1] 0.1 secs
				[width_very_large tried 1/1] 0.1 secs
				[pos_right tried 1/1] 0.1 secs
				[height_medium_small tried 1/1] 0.1 secs
				[width_medium_small tried 1/1] 0.1 secs
				[height_smallest tried 1/1] 0.1 secs
				[tipo_linea_orizzontale tried 1/1] 0.1 secs
				[tipo_misto tried 1/1] 0.1 secs
				[height_medium_large tried 1/1] 0.1 secs
				[height_medium tried 1/1] 0.1 secs
				[height_large tried 1/1] 0.1 secs
				[width_small tried 1/1] 0.1 secs
				[width_very_small tried 1/1] 0.1 secs
				[tipo_linea_obbliqua tried 1/1] 0.1 secs
				[height_very_large tried 1/1] 0.1 secs
				[tipo_immagine tried 1/1] 0.1 secs
				[tipo_vuoto tried 1/1] 0.1 secs
				[ultima_pagina tried 1/1] 0.1 secs
				[height_very_very_large tried 1/1] 0.1 secs
				[height_largest tried 1/1] 0.1 secs
				[frame tried 1/3] 0.1 secs
				[pagina_1 tried 2/3] 0.1 secs
				[on_top tried 2/2] 0.1 secs
				[to_right tried 2/2] 0.1 secs
				[allineato_al_centro_verticale tried 2/2] 0.1 secs
				[allineato_al_centro_orizzontale tried 2/2] 0.1 secs
				[altezza_pagina tried 1/1] 0.1 secs
				[larghezza_pagina tried 1/1] 0.1 secs
				[numero_pagine tried 1/1] 0.1 secs

Best literal tipo_misto(C) (5.3 bits)


State (112/218 [62/148], 246.6 bits available)

				[width_large tried 1/1] 0.1 secs
				[pos_upper tried 1/1] 0.1 secs
				[height_very_very_small tried 1/1] 0.1 secs
				[pos_middle tried 1/1] 0.1 secs
				[pos_center tried 1/1] 0.1 secs
				[pos_lower tried 1/1] 0.1 secs
				[pos_left tried 1/1] 0.1 secs
				[width_medium_large tried 1/1] 0.1 secs
				[height_very_small tried 1/1] 0.1 secs
				[tipo_testo tried 1/1] 0.1 secs
				[width_medium tried 1/1] 0.1 secs
				[height_small tried 1/1] 0.1 secs
				[width_very_large tried 1/1] 0.1 secs
				[pos_right tried 1/1] 0.1 secs
				[height_medium_small tried 1/1] 0.1 secs
				[width_medium_small tried 1/1] 0.1 secs
				[height_smallest tried 1/1] 0.1 secs
				[tipo_linea_orizzontale tried 1/1] 0.1 secs
				[tipo_misto tried 0/1] 0.1 secs
				[height_medium_large tried 1/1] 0.1 secs
				[height_medium tried 1/1] 0.1 secs
				[height_large tried 1/1] 0.1 secs
				[width_small tried 1/1] 0.1 secs
				[width_very_small tried 1/1] 0.1 secs
				[tipo_linea_obbliqua tried 1/1] 0.1 secs
				[height_very_large tried 1/1] 0.1 secs
				[tipo_immagine tried 1/1] 0.1 secs
				[tipo_vuoto tried 1/1] 0.1 secs
				[ultima_pagina tried 1/1] 0.1 secs
				[height_very_very_large tried 1/1] 0.1 secs
				[height_largest tried 1/1] 0.1 secs
				[frame tried 2/3] 0.1 secs
				[pagina_1 tried 2/3] 0.1 secs
				[on_top tried 2/2] 0.1 secs
				[to_right tried 2/2] 0.1 secs
				[allineato_al_centro_verticale tried 2/2] 0.1 secs
				[allineato_al_centro_orizzontale tried 2/2] 0.1 secs
				[altezza_pagina tried 1/1] 0.1 secs
				[larghezza_pagina tried 1/1] 0.1 secs
				[numero_pagine tried 1/1] 0.1 secs

	Save clause ending with width_medium_large(C) (cover 60, accuracy 92%)

	Save width_medium_large(C) (60,65 value 132.2)

Best literal pos_lower(C) (5.3 bits)


State (86/109 [61/84], 240.6 bits available)

				[width_large tried 1/1] 0.1 secs
				[pos_upper tried 1/1] 0.1 secs
				[height_very_very_small tried 1/1] 0.1 secs
				[pos_middle tried 1/1] 0.1 secs
				[pos_center tried 1/1] 0.1 secs
				[pos_lower tried 0/1] 0.1 secs
				[pos_left tried 1/1] 0.1 secs
				[width_medium_large tried 1/1] 0.1 secs
				[height_very_small tried 1/1] 0.1 secs
				[tipo_testo tried 1/1] 0.1 secs
				[width_medium tried 1/1] 0.1 secs
				[height_small tried 1/1] 0.1 secs
				[width_very_large tried 1/1] 0.1 secs
				[pos_right tried 1/1] 0.1 secs
				[height_medium_small tried 1/1] 0.1 secs
				[width_medium_small tried 1/1] 0.1 secs
				[height_smallest tried 1/1] 0.1 secs
				[tipo_linea_orizzontale tried 1/1] 0.1 secs
				[tipo_misto tried 0/1] 0.1 secs
				[height_medium_large tried 1/1] 0.1 secs
				[height_medium tried 1/1] 0.1 secs
				[height_large tried 1/1] 0.1 secs
				[width_small tried 1/1] 0.1 secs
				[width_very_small tried 1/1] 0.1 secs
				[tipo_linea_obbliqua tried 1/1] 0.1 secs
				[height_very_large tried 1/1] 0.1 secs
				[tipo_immagine tried 1/1] 0.1 secs
				[tipo_vuoto tried 1/1] 0.1 secs
				[ultima_pagina tried 1/1] 0.1 secs
				[height_very_very_large tried 1/1] 0.1 secs
				[height_largest tried 1/1] 0.1 secs
				[frame tried 2/3] 0.1 secs
				[pagina_1 tried 2/3] 0.1 secs
				[on_top tried 2/2] 0.1 secs
				[to_right tried 2/2] 0.1 secs
				[allineato_al_centro_verticale tried 2/2] 0.1 secs
				[allineato_al_centro_orizzontale tried 2/2] 0.1 secs
				[altezza_pagina tried 1/1] 0.1 secs
				[larghezza_pagina tried 1/1] 0.1 secs
				[numero_pagine tried 1/1] 0.1 secs

	Save clause ending with width_medium_large(C) (cover 60, accuracy 96%)

Best literal width_medium_large(C) (5.3 bits)


State (62/64 [60/62], 235.0 bits available)

				[width_large tried 1/1] 0.1 secs
				[pos_upper tried 1/1] 0.1 secs
				[height_very_very_small tried 1/1] 0.1 secs
				[pos_middle tried 1/1] 0.1 secs
				[pos_center tried 1/1] 0.1 secs
				[pos_lower tried 0/1] 0.1 secs
				[pos_left tried 1/1] 0.1 secs
				[width_medium_large tried 0/1] 0.1 secs
				[height_very_small tried 1/1] 0.1 secs
				[tipo_testo tried 1/1] 0.1 secs
				[width_medium tried 1/1] 0.1 secs
				[height_small tried 1/1] 0.1 secs
				[width_very_large tried 1/1] 0.1 secs
				[pos_right tried 1/1] 0.1 secs
				[height_medium_small tried 1/1] 0.1 secs
				[width_medium_small tried 1/1] 0.1 secs
				[height_smallest tried 1/1] 0.1 secs
				[tipo_linea_orizzontale tried 1/1] 0.1 secs
				[tipo_misto tried 0/1] 0.1 secs
				[height_medium_large tried 1/1] 0.1 secs
				[height_medium tried 1/1] 0.1 secs
				[height_large tried 1/1] 0.1 secs
				[width_small tried 1/1] 0.1 secs
				[width_very_small tried 1/1] 0.1 secs
				[tipo_linea_obbliqua tried 1/1] 0.1 secs
				[height_very_large tried 1/1] 0.1 secs
				[tipo_immagine tried 1/1] 0.1 secs
				[tipo_vuoto tried 1/1] 0.1 secs
				[ultima_pagina tried 1/1] 0.1 secs
				[height_very_very_large tried 1/1] 0.1 secs
				[height_largest tried 1/1] 0.1 secs
				[frame tried 2/3] 0.1 secs
				[pagina_1 tried 2/3] 0.1 secs
				[on_top tried 2/2] 0.1 secs
				[to_right tried 2/2] 0.1 secs
				[allineato_al_centro_verticale tried 2/2] 0.1 secs
				[allineato_al_centro_orizzontale tried 2/2] 0.1 secs
				[altezza_pagina tried 1/1] 0.1 secs
				[larghezza_pagina tried 1/1] 0.1 secs
				[numero_pagine tried 1/1] 0.1 secs

	Save clause ending with height_very_very_small(C) (cover 1, accuracy 100%)

	Save height_very_small(C) (60,61 value 137.6)

Best literal pos_center(C) (5.3 bits)


State (61/62 [60/61], 232.0 bits available)

				[width_large tried 1/1] 0.1 secs
				[pos_upper tried 1/1] 0.1 secs
				[height_very_very_small tried 1/1] 0.1 secs
				[pos_middle tried 1/1] 0.1 secs
				[pos_center tried 0/1] 0.1 secs
				[pos_lower tried 0/1] 0.1 secs
				[pos_left tried 1/1] 0.1 secs
				[width_medium_large tried 0/1] 0.1 secs
				[height_very_small tried 1/1] 0.1 secs
				[tipo_testo tried 1/1] 0.1 secs
				[width_medium tried 1/1] 0.1 secs
				[height_small tried 1/1] 0.1 secs
				[width_very_large tried 1/1] 0.1 secs
				[pos_right tried 1/1] 0.1 secs
				[height_medium_small tried 1/1] 0.1 secs
				[width_medium_small tried 1/1] 0.1 secs
				[height_smallest tried 1/1] 0.1 secs
				[tipo_linea_orizzontale tried 1/1] 0.1 secs
				[tipo_misto tried 0/1] 0.1 secs
				[height_medium_large tried 1/1] 0.1 secs
				[height_medium tried 1/1] 0.1 secs
				[height_large tried 1/1] 0.1 secs
				[width_small tried 1/1] 0.1 secs
				[width_very_small tried 1/1] 0.1 secs
				[tipo_linea_obbliqua tried 1/1] 0.1 secs
				[height_very_large tried 1/1] 0.1 secs
				[tipo_immagine tried 1/1] 0.1 secs
				[tipo_vuoto tried 1/1] 0.1 secs
				[ultima_pagina tried 1/1] 0.1 secs
				[height_very_very_large tried 1/1] 0.1 secs
				[height_largest tried 1/1] 0.1 secs
				[frame tried 2/3] 0.1 secs
				[pagina_1 tried 2/3] 0.1 secs
				[on_top tried 2/2] 0.1 secs
				[to_right tried 2/2] 0.1 secs
				[allineato_al_centro_verticale tried 2/2] 0.1 secs
				[allineato_al_centro_orizzontale tried 2/2] 0.1 secs
				[altezza_pagina tried 1/1] 0.1 secs
				[larghezza_pagina tried 1/1] 0.1 secs
				[numero_pagine tried 1/1] 0.1 secs

No literals

[Replace by saved clause]

Initial clause (0 errs): class_svln(A) :- pagina_1(A,B), frame(B,C), tipo_misto(C), pos_lower(C), width_medium_large(C), height_very_very_small(C).
		frame(B,C) needed for binding tipo_misto(C)
		pagina_1(A,B) needed for binding frame(B,C)

Clause 0: class_svln(A) :- pagina_1(A,B), frame(B,C), tipo_misto(C), width_medium_large(C), height_very_very_small(C).

State (62/317, 253.6 bits available)

				[pagina_1 tried 1/1] 0.1 secs
				[numero_pagine tried 1/1] 0.1 secs

Determinate literals
	pagina_1(A,B)


State (62/317, 253.6 bits available, 1 weak literal)

				[ultima_pagina tried 1/1] 0.1 secs
				[frame tried 1/1] 0.1 secs
				[pagina_1 tried 1/3] 0.1 secs
				[altezza_pagina tried 1/1] 0.1 secs
				[larghezza_pagina tried 1/1] 0.1 secs
				[numero_pagine tried 1/1] 0.1 secs

Best literal frame(B,C) (2.6 bits)


State (489/3465 [62/317], 251.0 bits available, 2 weak literals)

				[width_large tried 1/1] 0.1 secs
				[pos_upper tried 1/1] 0.1 secs
				[height_very_very_small tried 1/1] 0.1 secs
				[pos_middle tried 1/1] 0.1 secs
				[pos_center tried 1/1] 0.1 secs
				[pos_lower tried 1/1] 0.1 secs
				[pos_left tried 1/1] 0.1 secs
				[width_medium_large tried 1/1] 0.1 secs
				[height_very_small tried 1/1] 0.1 secs
				[tipo_testo tried 1/1] 0.1 secs
				[width_medium tried 1/1] 0.1 secs
				[height_small tried 1/1] 0.1 secs
				[width_very_large tried 1/1] 0.1 secs
				[pos_right tried 1/1] 0.1 secs
				[height_medium_small tried 1/1] 0.1 secs
				[width_medium_small tried 1/1] 0.1 secs
				[height_smallest tried 1/1] 0.1 secs
				[tipo_linea_orizzontale tried 1/1] 0.1 secs
				[tipo_misto tried 1/1] 0.1 secs
				[height_medium_large tried 1/1] 0.1 secs
				[height_medium tried 1/1] 0.1 secs
				[height_large tried 1/1] 0.1 secs
				[width_small tried 1/1] 0.1 secs
				[width_very_small tried 1/1] 0.1 secs
				[tipo_linea_obbliqua tried 1/1] 0.1 secs
				[height_very_large tried 1/1] 0.1 secs
				[tipo_immagine tried 1/1] 0.1 secs
				[tipo_vuoto tried 1/1] 0.1 secs
				[ultima_pagina tried 1/1] 0.1 secs
				[height_very_very_large tried 1/1] 0.1 secs
				[height_largest tried 1/1] 0.1 secs
				[frame tried 1/3] 0.1 secs
				[pagina_1 tried 2/3] 0.1 secs
				[on_top tried 2/2] 0.1 secs
				[to_right tried 2/2] 0.1 secs
				[allineato_al_centro_verticale tried 2/2] 0.1 secs
				[allineato_al_centro_orizzontale tried 2/2] 0.1 secs
				[altezza_pagina tried 1/1] 0.1 secs
				[larghezza_pagina tried 1/1] 0.1 secs
				[numero_pagine tried 1/1] 0.1 secs

Best literal tipo_misto(C) (5.3 bits)


State (109/215 [61/147], 244.4 bits available)

				[width_large tried 1/1] 0.1 secs
				[pos_upper tried 1/1] 0.1 secs
				[height_very_very_small tried 1/1] 0.1 secs
				[pos_middle tried 1/1] 0.1 secs
				[pos_center tried 1/1] 0.1 secs
				[pos_lower tried 1/1] 0.1 secs
				[pos_left tried 1/1] 0.1 secs
				[width_medium_large tried 1/1] 0.1 secs
				[height_very_small tried 1/1] 0.1 secs
				[tipo_testo tried 1/1] 0.1 secs
				[width_medium tried 1/1] 0.1 secs
				[height_small tried 1/1] 0.1 secs
				[width_very_large tried 1/1] 0.1 secs
				[pos_right tried 1/1] 0.1 secs
				[height_medium_small tried 1/1] 0.1 secs
				[width_medium_small tried 1/1] 0.1 secs
				[height_smallest tried 1/1] 0.1 secs
				[tipo_linea_orizzontale tried 1/1] 0.1 secs
				[tipo_misto tried 0/1] 0.1 secs
				[height_medium_large tried 1/1] 0.1 secs
				[height_medium tried 1/1] 0.1 secs
				[height_large tried 1/1] 0.1 secs
				[width_small tried 1/1] 0.1 secs
				[width_very_small tried 1/1] 0.1 secs
				[tipo_linea_obbliqua tried 1/1] 0.1 secs
				[height_very_large tried 1/1] 0.1 secs
				[tipo_immagine tried 1/1] 0.1 secs
				[tipo_vuoto tried 1/1] 0.1 secs
				[ultima_pagina tried 1/1] 0.1 secs
				[height_very_very_large tried 1/1] 0.1 secs
				[height_largest tried 1/1] 0.1 secs
				[frame tried 2/3] 0.1 secs
				[pagina_1 tried 2/3] 0.1 secs
				[on_top tried 2/2] 0.1 secs
				[to_right tried 2/2] 0.1 secs
				[allineato_al_centro_verticale tried 2/2] 0.1 secs
				[allineato_al_centro_orizzontale tried 2/2] 0.1 secs
				[altezza_pagina tried 1/1] 0.1 secs
				[larghezza_pagina tried 1/1] 0.1 secs
				[numero_pagine tried 1/1] 0.1 secs

	Save clause ending with width_medium_large(C) (cover 59, accuracy 92%)

	Save width_medium_large(C) (59,64 value 131.0)

Best literal pos_lower(C) (5.3 bits)


State (83/106 [60/83], 238.4 bits available)

				[width_large tried 1/1] 0.1 secs
				[pos_upper tried 1/1] 0.1 secs
				[height_very_very_small tried 1/1] 0.1 secs
				[pos_middle tried 1/1] 0.1 secs
				[pos_center tried 1/1] 0.1 secs
				[pos_lower tried 0/1] 0.1 secs
				[pos_left tried 1/1] 0.1 secs
				[width_medium_large tried 1/1] 0.1 secs
				[height_very_small tried 1/1] 0.1 secs
				[tipo_testo tried 1/1] 0.1 secs
				[width_medium tried 1/1] 0.1 secs
				[height_small tried 1/1] 0.1 secs
				[width_very_large tried 1/1] 0.1 secs
				[pos_right tried 1/1] 0.1 secs
				[height_medium_small tried 1/1] 0.1 secs
				[width_medium_small tried 1/1] 0.1 secs
				[height_smallest tried 1/1] 0.1 secs
				[tipo_linea_orizzontale tried 1/1] 0.1 secs
				[tipo_misto tried 0/1] 0.1 secs
				[height_medium_large tried 1/1] 0.1 secs
				[height_medium tried 1/1] 0.1 secs
				[height_large tried 1/1] 0.1 secs
				[width_small tried 1/1] 0.1 secs
				[width_very_small tried 1/1] 0.1 secs
				[tipo_linea_obbliqua tried 1/1] 0.1 secs
				[height_very_large tried 1/1] 0.1 secs
				[tipo_immagine tried 1/1] 0.1 secs
				[tipo_vuoto tried 1/1] 0.1 secs
				[ultima_pagina tried 1/1] 0.1 secs
				[height_very_very_large tried 1/1] 0.1 secs
				[height_largest tried 1/1] 0.1 secs
				[frame tried 2/3] 0.1 secs
				[pagina_1 tried 2/3] 0.1 secs
				[on_top tried 2/2] 0.1 secs
				[to_right tried 2/2] 0.1 secs
				[allineato_al_centro_verticale tried 2/2] 0.1 secs
				[allineato_al_centro_orizzontale tried 2/2] 0.1 secs
				[altezza_pagina tried 1/1] 0.1 secs
				[larghezza_pagina tried 1/1] 0.1 secs
				[numero_pagine tried 1/1] 0.1 secs

	Save clause ending with width_medium_large(C) (cover 59, accuracy 96%)

Best literal width_medium_large(C) (5.3 bits)


State (60/62 [59/61], 232.7 bits available)

				[width_large tried 1/1] 0.1 secs
				[pos_upper tried 1/1] 0.1 secs
				[height_very_very_small tried 1/1] 0.1 secs
				[pos_middle tried 1/1] 0.1 secs
				[pos_center tried 1/1] 0.1 secs
				[pos_lower tried 0/1] 0.1 secs
				[pos_left tried 1/1] 0.1 secs
				[width_medium_large tried 0/1] 0.1 secs
				[height_very_small tried 1/1] 0.1 secs
				[tipo_testo tried 1/1] 0.1 secs
				[width_medium tried 1/1] 0.1 secs
				[height_small tried 1/1] 0.1 secs
				[width_very_large tried 1/1] 0.1 secs
				[pos_right tried 1/1] 0.1 secs
				[height_medium_small tried 1/1] 0.1 secs
				[width_medium_small tried 1/1] 0.1 secs
				[height_smallest tried 1/1] 0.1 secs
				[tipo_linea_orizzontale tried 1/1] 0.1 secs
				[tipo_misto tried 0/1] 0.1 secs
				[height_medium_large tried 1/1] 0.1 secs
				[height_medium tried 1/1] 0.1 secs
				[height_large tried 1/1] 0.1 secs
				[width_small tried 1/1] 0.1 secs
				[width_very_small tried 1/1] 0.1 secs
				[tipo_linea_obbliqua tried 1/1] 0.1 secs
				[height_very_large tried 1/1] 0.1 secs
				[tipo_immagine tried 1/1] 0.1 secs
				[tipo_vuoto tried 1/1] 0.1 secs
				[ultima_pagina tried 1/1] 0.1 secs
				[height_very_very_large tried 1/1] 0.1 secs
				[height_largest tried 1/1] 0.1 secs
				[frame tried 2/3] 0.1 secs
				[pagina_1 tried 2/3] 0.1 secs
				[on_top tried 2/2] 0.1 secs
				[to_right tried 2/2] 0.1 secs
				[allineato_al_centro_verticale tried 2/2] 0.1 secs
				[allineato_al_centro_orizzontale tried 2/2] 0.1 secs
				[altezza_pagina tried 1/1] 0.1 secs
				[larghezza_pagina tried 1/1] 0.1 secs
				[numero_pagine tried 1/1] 0.1 secs

	Save clause ending with pos_center(C) (cover 59, accuracy 98%)

	Save height_very_small(C) (59,60 value 136.4)

Best literal pos_center(C) (5.3 bits)


State (60/61 [59/60], 229.7 bits available)

				[width_large tried 1/1] 0.1 secs
				[pos_upper tried 1/1] 0.1 secs
				[height_very_very_small tried 1/1] 0.1 secs
				[pos_middle tried 1/1] 0.1 secs
				[pos_center tried 0/1] 0.1 secs
				[pos_lower tried 0/1] 0.1 secs
				[pos_left tried 1/1] 0.1 secs
				[width_medium_large tried 0/1] 0.1 secs
				[height_very_small tried 1/1] 0.1 secs
				[tipo_testo tried 1/1] 0.1 secs
				[width_medium tried 1/1] 0.1 secs
				[height_small tried 1/1] 0.1 secs
				[width_very_large tried 1/1] 0.1 secs
				[pos_right tried 1/1] 0.1 secs
				[height_medium_small tried 1/1] 0.1 secs
				[width_medium_small tried 1/1] 0.1 secs
				[height_smallest tried 1/1] 0.1 secs
				[tipo_linea_orizzontale tried 1/1] 0.1 secs
				[tipo_misto tried 0/1] 0.1 secs
				[height_medium_large tried 1/1] 0.1 secs
				[height_medium tried 1/1] 0.1 secs
				[height_large tried 1/1] 0.1 secs
				[width_small tried 1/1] 0.1 secs
				[width_very_small tried 1/1] 0.1 secs
				[tipo_linea_obbliqua tried 1/1] 0.1 secs
				[height_very_large tried 1/1] 0.1 secs
				[tipo_immagine tried 1/1] 0.1 secs
				[tipo_vuoto tried 1/1] 0.1 secs
				[ultima_pagina tried 1/1] 0.1 secs
				[height_very_very_large tried 1/1] 0.1 secs
				[height_largest tried 1/1] 0.1 secs
				[frame tried 2/3] 0.1 secs
				[pagina_1 tried 2/3] 0.1 secs
				[on_top tried 2/2] 0.1 secs
				[to_right tried 2/2] 0.1 secs
				[allineato_al_centro_verticale tried 2/2] 0.1 secs
				[allineato_al_centro_orizzontale tried 2/2] 0.1 secs
				[altezza_pagina tried 1/1] 0.1 secs
				[larghezza_pagina tried 1/1] 0.1 secs
				[numero_pagine tried 1/1] 0.1 secs

	Save on_top(C,D) (2,3 value 3.8)
	Save on_top(D,C) (59,60 value 136.4)
	Save to_right(C,D) (56,57 value 129.4)
	Save to_right(D,C) (59,60 value 136.4)

Best literal frame(B,D) (6.9 bits)


State (473/488 [59/60], 225.4 bits available, 1 weak literal)

				[= tried 1/1] 0.1 secs
				[width_large tried 2/2] 0.1 secs
				[pos_upper tried 2/2] 0.1 secs
				[height_very_very_small tried 2/2] 0.1 secs
				[pos_middle tried 2/2] 0.1 secs
				[pos_center tried 1/2] 0.1 secs
				[pos_lower tried 1/2] 0.1 secs
				[pos_left tried 2/2] 0.1 secs
				[width_medium_large tried 1/2] 0.1 secs
				[height_very_small tried 2/2] 0.1 secs
				[tipo_testo tried 2/2] 0.1 secs
				[width_medium tried 2/2] 0.1 secs
				[height_small tried 2/2] 0.1 secs
				[width_very_large tried 2/2] 0.1 secs
				[pos_right tried 2/2] 0.1 secs
				[height_medium_small tried 2/2] 0.1 secs
				[width_medium_small tried 2/2] 0.1 secs
				[height_smallest tried 2/2] 0.1 secs
				[tipo_linea_orizzontale tried 2/2] 0.1 secs
				[tipo_misto tried 1/2] 0.1 secs
				[height_medium_large tried 2/2] 0.1 secs
				[height_medium tried 2/2] 0.1 secs
				[height_large tried 2/2] 0.1 secs
				[width_small tried 2/2] 0.1 secs
				[width_very_small tried 2/2] 0.1 secs
				[tipo_linea_obbliqua tried 2/2] 0.1 secs
				[height_very_large tried 2/2] 0.1 secs
				[tipo_immagine tried 2/2] 0.1 secs
				[tipo_vuoto tried 2/2] 0.1 secs
				[ultima_pagina tried 1/1] 0.1 secs
				[height_very_very_large tried 2/2] 0.1 secs
				[height_largest tried 2/2] 0.1 secs
				[frame tried 2/5] 0.1 secs
				[pagina_1 tried 2/3] 0.1 secs
				[on_top tried 5/6] 0.1 secs
				[to_right tried 6/6] 0.1 secs
				[allineato_al_centro_verticale tried 5/6] 0.1 secs
				[allineato_al_centro_orizzontale tried 4/6] 0.1 secs
				[altezza_pagina tried 1/1] 0.1 secs
				[larghezza_pagina tried 1/1] 0.1 secs
				[numero_pagine tried 1/1] 0.1 secs

Best literal width_large(D) (6.4 bits)


State (296/299 [59/60], 221.8 bits available)

				[= tried 1/1] 0.1 secs
				[width_large tried 1/2] 0.1 secs
				[pos_upper tried 2/2] 0.1 secs
				[height_very_very_small tried 2/2] 0.1 secs
				[pos_middle tried 2/2] 0.1 secs
				[pos_center tried 1/2] 0.1 secs
				[pos_lower tried 1/2] 0.1 secs
				[pos_left tried 2/2] 0.1 secs
				[width_medium_large tried 1/2] 0.1 secs
				[height_very_small tried 2/2] 0.1 secs
				[tipo_testo tried 2/2] 0.1 secs
				[width_medium tried 2/2] 0.1 secs
				[height_small tried 2/2] 0.1 secs
				[width_very_large tried 2/2] 0.1 secs
				[pos_right tried 2/2] 0.1 secs
				[height_medium_small tried 2/2] 0.1 secs
				[width_medium_small tried 2/2] 0.1 secs
				[height_smallest tried 2/2] 0.1 secs
				[tipo_linea_orizzontale tried 2/2] 0.1 secs
				[tipo_misto tried 1/2] 0.1 secs
				[height_medium_large tried 2/2] 0.1 secs
				[height_medium tried 2/2] 0.1 secs
				[height_large tried 2/2] 0.1 secs
				[width_small tried 2/2] 0.1 secs
				[width_very_small tried 2/2] 0.1 secs
				[tipo_linea_obbliqua tried 2/2] 0.1 secs
				[height_very_large tried 2/2] 0.1 secs
				[tipo_immagine tried 2/2] 0.1 secs
				[tipo_vuoto tried 2/2] 0.1 secs
				[ultima_pagina tried 1/1] 0.1 secs
				[height_very_very_large tried 2/2] 0.1 secs
				[height_largest tried 2/2] 0.1 secs
				[frame tried 3/5] 0.1 secs
				[pagina_1 tried 2/3] 0.1 secs
				[on_top tried 5/6] 0.1 secs
				[to_right tried 6/6] 0.1 secs
				[allineato_al_centro_verticale tried 5/6] 0.1 secs
				[allineato_al_centro_orizzontale tried 4/6] 0.1 secs
				[altezza_pagina tried 1/1] 0.1 secs
				[larghezza_pagina tried 1/1] 0.1 secs
				[numero_pagine tried 1/1] 0.1 secs

	Save clause ending with height_small(D) (cover 47, accuracy 100%)

Best literal allineato_al_centro_verticale(D,E) (7.9 bits)


State (643/644 [59/60], 216.9 bits available)

				[= tried 3/3] 0.1 secs
				[width_large tried 2/3] 0.1 secs
				[pos_upper tried 3/3] 0.1 secs
				[height_very_very_small tried 3/3] 0.1 secs
				[pos_middle tried 3/3] 0.1 secs
				[pos_center tried 2/3] 0.1 secs
				[pos_lower tried 2/3] 0.1 secs
				[pos_left tried 3/3] 0.1 secs
				[width_medium_large tried 2/3] 0.1 secs
				[height_very_small tried 3/3] 0.1 secs
				[tipo_testo tried 3/3] 0.1 secs
				[width_medium tried 3/3] 0.1 secs
				[height_small tried 3/3] 0.1 secs
				[width_very_large tried 3/3] 0.1 secs
				[pos_right tried 3/3] 0.1 secs
				[height_medium_small tried 3/3] 0.1 secs
				[width_medium_small tried 3/3] 0.1 secs
				[height_smallest tried 3/3] 0.1 secs
				[tipo_linea_orizzontale tried 3/3] 0.1 secs
				[tipo_misto tried 2/3] 0.1 secs
				[height_medium_large tried 3/3] 0.1 secs
				[height_medium tried 3/3] 0.1 secs
				[height_large tried 3/3] 0.1 secs
				[width_small tried 3/3] 0.1 secs
				[width_very_small tried 3/3] 0.1 secs
				[tipo_linea_obbliqua tried 3/3] 0.1 secs
				[height_very_large tried 3/3] 0.1 secs
				[tipo_immagine tried 3/3] 0.1 secs
				[tipo_vuoto tried 3/3] 0.1 secs
				[ultima_pagina tried 1/1] 0.1 secs
				[height_very_very_large tried 3/3] 0.1 secs
				[height_largest tried 3/3] 0.1 secs
				[frame tried 5/7] 0.1 secs
				[pagina_1 tried 2/3] 0.1 secs
				[on_top tried 10/12] 0.1 secs
				[to_right tried 12/12] 0.1 secs
				[allineato_al_centro_verticale tried 6/12] 0.1 secs
				[allineato_al_centro_orizzontale tried 6/12] 0.1 secs
				[altezza_pagina tried 1/1] 0.1 secs
				[larghezza_pagina tried 1/1] 0.1 secs
				[numero_pagine tried 1/1] 0.1 secs

	Save clause ending with width_large(E) (cover 59, accuracy 100%)

	Save width_large(E) (59,59 value 137.8)

Best literal to_right(E,C) (8.9 bits)

[Replace by saved clause]

Initial clause (0 errs): class_svln(A) :- pagina_1(A,B), frame(B,C), tipo_misto(C), pos_lower(C), width_medium_large(C), pos_center(C), frame(B,D), width_large(D), allineato_al_centro_verticale(D,E), width_large(E).
		allineato_al_centro_verticale(D,E) needed for binding width_large(E)
		frame(B,D) needed for binding width_large(D)
		frame(B,C) needed for binding tipo_misto(C)
		pagina_1(A,B) needed for binding frame(B,C)

Clause 1: class_svln(A) :- pagina_1(A,B), frame(B,C), tipo_misto(C), pos_lower(C), width_medium_large(C), frame(B,D), width_large(D), allineato_al_centro_verticale(D,E), width_large(E).

State (3/258, 33.7 bits available)

				[pagina_1 tried 1/1] 0.1 secs
				[numero_pagine tried 1/1] 0.1 secs

Determinate literals
	pagina_1(A,B)


State (3/258, 33.7 bits available, 1 weak literal)

				[ultima_pagina tried 1/1] 0.1 secs
				[frame tried 1/1] 0.1 secs
				[pagina_1 tried 1/3] 0.1 secs
				[altezza_pagina tried 1/1] 0.1 secs
				[larghezza_pagina tried 1/1] 0.1 secs
				[numero_pagine tried 1/1] 0.1 secs

Best literal frame(B,C) (2.6 bits)


State (24/3000 [3/258], 31.1 bits available, 2 weak literals)

				[width_large tried 1/1] 0.1 secs
				[pos_upper tried 1/1] 0.1 secs
				[height_very_very_small tried 1/1] 0.1 secs
				[pos_middle tried 1/1] 0.1 secs
				[pos_center tried 1/1] 0.1 secs
				[pos_lower tried 1/1] 0.1 secs
				[pos_left tried 1/1] 0.1 secs
				[width_medium_large tried 1/1] 0.1 secs
				[height_very_small tried 1/1] 0.1 secs
				[tipo_testo tried 1/1] 0.1 secs
				[width_medium tried 1/1] 0.1 secs
				[height_small tried 1/1] 0.1 secs
				[width_very_large tried 1/1] 0.1 secs
				[pos_right tried 1/1] 0.1 secs
				[height_medium_small tried 1/1] 0.1 secs
				[width_medium_small tried 1/1] 0.1 secs
				[height_smallest tried 1/1] 0.1 secs
				[tipo_linea_orizzontale tried 1/1] 0.1 secs
				[tipo_misto tried 1/1] 0.1 secs
				[height_medium_large tried 1/1] 0.1 secs
				[height_medium tried 1/1] 0.1 secs
				[height_large tried 1/1] 0.1 secs
				[width_small tried 1/1] 0.1 secs
				[width_very_small tried 1/1] 0.1 secs
				[tipo_linea_obbliqua tried 1/1] 0.1 secs
				[height_very_large tried 1/1] 0.1 secs
				[tipo_immagine tried 1/1] 0.1 secs
				[tipo_vuoto tried 1/1] 0.1 secs
				[ultima_pagina tried 1/1] 0.1 secs
				[height_very_very_large tried 1/1] 0.1 secs
				[height_largest tried 1/1] 0.1 secs
				[frame tried 1/3] 0.1 secs
				[pagina_1 tried 2/3] 0.1 secs
				[on_top tried 2/2] 0.1 secs
				[to_right tried 2/2] 0.1 secs
				[allineato_al_centro_verticale tried 2/2] 0.1 secs
				[allineato_al_centro_orizzontale tried 2/2] 0.1 secs
				[altezza_pagina tried 1/1] 0.1 secs
				[larghezza_pagina tried 1/1] 0.1 secs
				[numero_pagine tried 1/1] 0.1 secs

Best literal tipo_linea_obbliqua(C) (5.3 bits)


State (2/4 [2/3], 19.4 bits available)

				[width_large tried 1/1] 0.1 secs
				[pos_upper tried 1/1] 0.1 secs
				[height_very_very_small tried 1/1] 0.1 secs
				[pos_middle tried 1/1] 0.1 secs
				[pos_center tried 1/1] 0.1 secs
				[pos_lower tried 1/1] 0.1 secs
				[pos_left tried 1/1] 0.1 secs
				[width_medium_large tried 1/1] 0.1 secs
				[height_very_small tried 1/1] 0.1 secs
				[tipo_testo tried 1/1] 0.1 secs
				[width_medium tried 1/1] 0.1 secs
				[height_small tried 1/1] 0.1 secs
				[width_very_large tried 1/1] 0.1 secs
				[pos_right tried 1/1] 0.1 secs
				[height_medium_small tried 1/1] 0.1 secs
				[width_medium_small tried 1/1] 0.1 secs
				[height_smallest tried 1/1] 0.1 secs
				[tipo_linea_orizzontale tried 1/1] 0.1 secs
				[tipo_misto tried 1/1] 0.1 secs
				[height_medium_large tried 1/1] 0.1 secs
				[height_medium tried 1/1] 0.1 secs
				[height_large tried 1/1] 0.1 secs
				[width_small tried 1/1] 0.1 secs
				[width_very_small tried 1/1] 0.1 secs

	Save clause ending with width_very_small(C) (cover 2, accuracy 100%)

Best literal width_very_small(C) (5.3 bits)

Initial clause (0 errs): class_svln(A) :- pagina_1(A,B), frame(B,C), tipo_linea_obbliqua(C), width_very_small(C).
		frame(B,C) needed for binding tipo_linea_obbliqua(C)
		pagina_1(A,B) needed for binding frame(B,C)

Clause 2: class_svln(A) :- pagina_1(A,B), frame(B,C), tipo_linea_obbliqua(C), width_very_small(C).

State (1/256, 18.3 bits available)

				[pagina_1 tried 1/1] 0.1 secs
				[numero_pagine tried 1/1] 0.1 secs

Determinate literals
	pagina_1(A,B)


State (1/256, 18.3 bits available, 1 weak literal)

				[ultima_pagina tried 1/1] 0.1 secs
				[frame tried 1/1] 0.1 secs
				[pagina_1 tried 1/3] 0.1 secs
				[altezza_pagina tried 1/1] 0.1 secs
				[larghezza_pagina tried 1/1] 0.1 secs
				[numero_pagine tried 1/1] 0.1 secs

Best literal frame(B,C) (2.6 bits)


State (7/2983 [1/256], 15.7 bits available, 2 weak literals)

				[width_large tried 1/1] 0.1 secs
				[pos_upper tried 1/1] 0.1 secs
				[height_very_very_small tried 1/1] 0.1 secs
				[pos_middle tried 1/1] 0.1 secs
				[pos_center tried 1/1] 0.1 secs
				[pos_lower tried 1/1] 0.1 secs
				[pos_left tried 1/1] 0.1 secs
				[width_medium_large tried 1/1] 0.1 secs
				[height_very_small tried 1/1] 0.1 secs
				[tipo_testo tried 1/1] 0.1 secs
				[width_medium tried 1/1] 0.1 secs
				[height_small tried 1/1] 0.1 secs
				[width_very_large tried 1/1] 0.1 secs
				[pos_right tried 1/1] 0.1 secs
				[height_medium_small tried 1/1] 0.1 secs
				[width_medium_small tried 1/1] 0.1 secs
				[height_smallest tried 1/1] 0.1 secs
				[tipo_linea_orizzontale tried 1/1] 0.1 secs
				[tipo_misto tried 1/1] 0.1 secs
				[height_medium_large tried 1/1] 0.1 secs
				[height_medium tried 1/1] 0.1 secs
				[height_large tried 1/1] 0.1 secs
				[width_small tried 1/1] 0.1 secs
				[width_very_small tried 1/1] 0.1 secs
				[tipo_linea_obbliqua tried 1/1] 0.1 secs
				[height_very_large tried 1/1] 0.1 secs
				[tipo_immagine tried 1/1] 0.1 secs
				[tipo_vuoto tried 1/1] 0.1 secs
				[ultima_pagina tried 1/1] 0.1 secs
				[height_very_very_large tried 1/1] 0.1 secs
				[height_largest tried 1/1] 0.1 secs
				[frame tried 1/3] 0.1 secs
				[pagina_1 tried 2/3] 0.1 secs
				[on_top tried 2/2] 0.1 secs
				[to_right tried 2/2] 0.1 secs
				[allineato_al_centro_verticale tried 2/2] 0.1 secs
				[allineato_al_centro_orizzontale tried 2/2] 0.1 secs
				[altezza_pagina tried 1/1] 0.1 secs
				[larghezza_pagina tried 1/1] 0.1 secs
				[numero_pagine tried 1/1] 0.1 secs

Best literal width_large(C) (5.3 bits)


State (6/1371 [1/246], 11.4 bits available)

				[width_large tried 0/1] 0.1 secs
				[pos_upper tried 1/1] 0.1 secs
				[height_very_very_small tried 1/1] 0.1 secs
				[pos_middle tried 1/1] 0.1 secs
				[pos_center tried 1/1] 0.1 secs
				[pos_lower tried 1/1] 0.1 secs
				[pos_left tried 1/1] 0.1 secs
				[width_medium_large tried 1/1] 0.1 secs
				[height_very_small tried 1/1] 0.1 secs
				[tipo_testo tried 1/1] 0.1 secs
				[width_medium tried 1/1] 0.1 secs
				[height_small tried 1/1] 0.1 secs
				[width_very_large tried 1/1] 0.1 secs
				[pos_right tried 1/1] 0.1 secs
				[height_medium_small tried 1/1] 0.1 secs
				[width_medium_small tried 1/1] 0.1 secs
				[height_smallest tried 1/1] 0.1 secs
				[tipo_linea_orizzontale tried 1/1] 0.1 secs
				[tipo_misto tried 1/1] 0.1 secs
				[height_medium_large tried 1/1] 0.1 secs
				[height_medium tried 1/1] 0.1 secs
				[height_large tried 1/1] 0.1 secs
				[width_small tried 1/1] 0.1 secs
				[width_very_small tried 1/1] 0.1 secs
				[tipo_linea_obbliqua tried 1/1] 0.1 secs
				[height_very_large tried 1/1] 0.1 secs
				[tipo_immagine tried 1/1] 0.1 secs
				[tipo_vuoto tried 1/1] 0.1 secs
				[ultima_pagina tried 1/1] 0.1 secs
				[height_very_very_large tried 1/1] 0.1 secs
				[height_largest tried 1/1] 0.1 secs
				[frame tried 2/3] 0.1 secs
				[pagina_1 tried 2/3] 0.1 secs
				[on_top tried 2/2] 0.1 secs
				[to_right tried 2/2] 0.1 secs
				[allineato_al_centro_verticale tried 2/2] 0.1 secs
				[allineato_al_centro_orizzontale tried 2/2] 0.1 secs
				[altezza_pagina tried 1/1] 0.1 secs
				[larghezza_pagina tried 1/1] 0.1 secs
				[numero_pagine tried 1/1] 0.1 secs

Best literal pos_upper(C) (5.3 bits)


State (4/530 [1/234], 7.6 bits available)

				[width_large tried 0/1] 0.1 secs
				[pos_upper tried 0/1] 0.1 secs
				[height_very_very_small tried 1/1] 0.1 secs
				[pos_middle tried 1/1] 0.1 secs
				[pos_center tried 1/1] 0.1 secs
				[pos_lower tried 1/1] 0.1 secs
				[pos_left tried 1/1] 0.1 secs
				[width_medium_large tried 1/1] 0.1 secs
				[height_very_small tried 1/1] 0.1 secs
				[tipo_testo tried 1/1] 0.1 secs
				[width_medium tried 1/1] 0.1 secs
				[height_small tried 1/1] 0.1 secs
				[width_very_large tried 1/1] 0.1 secs
				[pos_right tried 1/1] 0.1 secs
				[height_medium_small tried 1/1] 0.1 secs
				[width_medium_small tried 1/1] 0.1 secs
				[height_smallest tried 1/1] 0.1 secs
				[tipo_linea_orizzontale tried 1/1] 0.1 secs
				[tipo_misto tried 1/1] 0.1 secs
				[height_medium_large tried 1/1] 0.1 secs
				[height_medium tried 1/1] 0.1 secs
				[height_large tried 1/1] 0.1 secs
				[width_small tried 1/1] 0.1 secs
				[width_very_small tried 1/1] 0.1 secs
				[tipo_linea_obbliqua tried 1/1] 0.1 secs
				[height_very_large tried 1/1] 0.1 secs
				[tipo_immagine tried 1/1] 0.1 secs
				[tipo_vuoto tried 1/1] 0.1 secs
				[ultima_pagina tried 1/1] 0.1 secs
				[height_very_very_large tried 1/1] 0.1 secs
				[height_largest tried 1/1] 0.1 secs
				[frame tried 2/3] 0.1 secs
				[pagina_1 tried 2/3] 0.1 secs
				[on_top tried 2/2] 0.1 secs
				[to_right tried 2/2] 0.1 secs
				[allineato_al_centro_verticale tried 2/2] 0.1 secs
				[allineato_al_centro_orizzontale tried 2/2] 0.1 secs
				[altezza_pagina tried 1/1] 0.1 secs
				[larghezza_pagina tried 1/1] 0.1 secs
				[numero_pagine tried 1/1] 0.1 secs

	Save height_medium_small(C) (1,68 value 1.9)
	Save allineato_al_centro_verticale(C,D) (1,190 value 0.4)

Best literal height_very_very_small(C) (5.3 bits)


State (1/66 [1/55], 4.3 bits available)

				[width_large tried 0/1] 0.1 secs
				[pos_upper tried 0/1] 0.1 secs
				[height_very_very_small tried 0/1] 0.1 secs
				[pos_middle tried 1/1] 0.1 secs
				[pos_center tried 1/1] 0.1 secs
				[pos_lower tried 1/1] 0.1 secs
				[pos_left tried 1/1] 0.1 secs
				[width_medium_large tried 1/1] 0.1 secs
				[height_very_small tried 1/1] 0.1 secs
				[tipo_testo tried 1/1] 0.1 secs
				[width_medium tried 1/1] 0.1 secs
				[height_small tried 1/1] 0.1 secs
				[width_very_large tried 1/1] 0.1 secs
				[pos_right tried 1/1] 0.1 secs
				[height_medium_small tried 1/1] 0.1 secs
				[width_medium_small tried 1/1] 0.1 secs
				[height_smallest tried 1/1] 0.1 secs
				[tipo_linea_orizzontale tried 1/1] 0.1 secs
				[tipo_misto tried 1/1] 0.1 secs
				[height_medium_large tried 1/1] 0.1 secs
				[height_medium tried 1/1] 0.1 secs
				[height_large tried 1/1] 0.1 secs
				[width_small tried 1/1] 0.1 secs
				[width_very_small tried 1/1] 0.1 secs
				[tipo_linea_obbliqua tried 1/1] 0.1 secs
				[height_very_large tried 1/1] 0.1 secs
				[tipo_immagine tried 1/1] 0.1 secs
				[tipo_vuoto tried 1/1] 0.1 secs
				[ultima_pagina tried 1/1] 0.1 secs
				[height_very_very_large tried 1/1] 0.1 secs
				[height_largest tried 1/1] 0.1 secs
				[frame requires 6.9 bits]
				[pagina_1 requires 6.9 bits]
				[on_top tried 2/2] 0.1 secs
				[to_right tried 2/2] 0.1 secs
				[allineato_al_centro_verticale tried 2/2] 0.1 secs
				[allineato_al_centro_orizzontale tried 2/2] 0.1 secs
				[altezza_pagina tried 1/1] 0.1 secs
				[larghezza_pagina tried 1/1] 0.1 secs
				[numero_pagine tried 1/1] 0.1 secs

Best literal allineato_al_centro_verticale(C,D) (6.3 bits)


State (5/69 [1/25], 0.3 bits available)

				[= requires 6.4 bits]
				[width_large requires 6.4 bits]
				[pos_upper requires 6.4 bits]
				[height_very_very_small requires 6.4 bits]
				[pos_middle requires 6.4 bits]
				[pos_center requires 6.4 bits]
				[pos_lower requires 6.4 bits]
				[pos_left requires 6.4 bits]
				[width_medium_large requires 6.4 bits]
				[height_very_small requires 6.4 bits]
				[tipo_testo requires 6.4 bits]
				[width_medium requires 6.4 bits]
				[height_small requires 6.4 bits]
				[width_very_large requires 6.4 bits]
				[pos_right requires 6.4 bits]
				[height_medium_small requires 6.4 bits]
				[width_medium_small requires 6.4 bits]
				[height_smallest requires 6.4 bits]
				[tipo_linea_orizzontale requires 6.4 bits]
				[tipo_misto requires 6.4 bits]
				[height_medium_large requires 6.4 bits]
				[height_medium requires 6.4 bits]
				[height_large requires 6.4 bits]
				[width_small requires 6.4 bits]
				[width_very_small requires 6.4 bits]
				[tipo_linea_obbliqua requires 6.4 bits]
				[height_very_large requires 6.4 bits]
				[tipo_immagine requires 6.4 bits]
				[tipo_vuoto requires 6.4 bits]
				[ultima_pagina requires 5.4 bits]
				[height_very_very_large requires 6.4 bits]
				[height_largest requires 6.4 bits]
				[frame requires 7.7 bits]
				[pagina_1 requires 6.9 bits]
				[on_top requires 7.9 bits]
				[to_right requires 7.9 bits]
				[allineato_al_centro_verticale requires 7.9 bits]
				[allineato_al_centro_orizzontale requires 7.9 bits]
				[altezza_pagina requires 5.4 bits]
				[larghezza_pagina requires 5.4 bits]
				[numero_pagine requires 5.4 bits]

No literals

Recover to class_svln(A) :- pagina_1(A,B), frame(B,C), width_large(C), pos_upper(C), height_medium_small(C).



State (1/69 [1/68], 4.3 bits available)

				[width_large tried 0/1] 0.1 secs
				[pos_upper tried 0/1] 0.1 secs
				[height_very_very_small tried 1/1] 0.1 secs
				[pos_middle tried 1/1] 0.1 secs
				[pos_center tried 1/1] 0.1 secs
				[pos_lower tried 1/1] 0.1 secs
				[pos_left tried 1/1] 0.1 secs
				[width_medium_large tried 1/1] 0.1 secs
				[height_very_small tried 1/1] 0.1 secs
				[tipo_testo tried 1/1] 0.1 secs
				[width_medium tried 1/1] 0.1 secs
				[height_small tried 1/1] 0.1 secs
				[width_very_large tried 1/1] 0.1 secs
				[pos_right tried 1/1] 0.1 secs
				[height_medium_small tried 0/1] 0.1 secs
				[width_medium_small tried 1/1] 0.1 secs
				[height_smallest tried 1/1] 0.1 secs
				[tipo_linea_orizzontale tried 1/1] 0.1 secs
				[tipo_misto tried 1/1] 0.1 secs
				[height_medium_large tried 1/1] 0.1 secs
				[height_medium tried 1/1] 0.1 secs
				[height_large tried 1/1] 0.1 secs
				[width_small tried 1/1] 0.1 secs
				[width_very_small tried 1/1] 0.1 secs
				[tipo_linea_obbliqua tried 1/1] 0.1 secs
				[height_very_large tried 1/1] 0.1 secs
				[tipo_immagine tried 1/1] 0.1 secs
				[tipo_vuoto tried 1/1] 0.1 secs
				[ultima_pagina tried 1/1] 0.1 secs
				[height_very_very_large tried 1/1] 0.1 secs
				[height_largest tried 1/1] 0.1 secs
				[frame requires 6.9 bits]
				[pagina_1 requires 6.9 bits]
				[on_top tried 2/2] 0.1 secs
				[to_right tried 2/2] 0.1 secs
				[allineato_al_centro_verticale tried 2/2] 0.1 secs
				[allineato_al_centro_orizzontale tried 2/2] 0.1 secs
				[altezza_pagina tried 1/1] 0.1 secs
				[larghezza_pagina tried 1/1] 0.1 secs
				[numero_pagine tried 1/1] 0.1 secs

Best literal tipo_testo(C) (5.3 bits)


State (1/14 [1/13], 1.3 bits available)

				[width_large requires 5.3 bits]
				[pos_upper requires 5.3 bits]
				[height_very_very_small requires 5.3 bits]
				[pos_middle requires 5.3 bits]
				[pos_center requires 5.3 bits]
				[pos_lower requires 5.3 bits]
				[pos_left requires 5.3 bits]
				[width_medium_large requires 5.3 bits]
				[height_very_small requires 5.3 bits]
				[tipo_testo requires 5.3 bits]
				[width_medium requires 5.3 bits]
				[height_small requires 5.3 bits]
				[width_very_large requires 5.3 bits]
				[pos_right requires 5.3 bits]
				[height_medium_small requires 5.3 bits]
				[width_medium_small requires 5.3 bits]
				[height_smallest requires 5.3 bits]
				[tipo_linea_orizzontale requires 5.3 bits]
				[tipo_misto requires 5.3 bits]
				[height_medium_large requires 5.3 bits]
				[height_medium requires 5.3 bits]
				[height_large requires 5.3 bits]
				[width_small requires 5.3 bits]
				[width_very_small requires 5.3 bits]
				[tipo_linea_obbliqua requires 5.3 bits]
				[height_very_large requires 5.3 bits]
				[tipo_immagine requires 5.3 bits]
				[tipo_vuoto requires 5.3 bits]
				[ultima_pagina requires 5.3 bits]
				[height_very_very_large requires 5.3 bits]
				[height_largest requires 5.3 bits]
				[frame requires 6.9 bits]
				[pagina_1 requires 6.9 bits]
				[on_top requires 6.3 bits]
				[to_right requires 6.3 bits]
				[allineato_al_centro_verticale requires 6.3 bits]
				[allineato_al_centro_orizzontale requires 6.3 bits]
				[altezza_pagina requires 5.3 bits]
				[larghezza_pagina requires 5.3 bits]
				[numero_pagine requires 5.3 bits]

No literals

Recover to class_svln(A) :- pagina_1(A,B), frame(B,C), width_large(C), pos_upper(C), allineato_al_centro_verticale(C,D).



State (11/904 [1/190], 3.3 bits available)

				[= requires 6.4 bits]
				[width_large requires 6.4 bits]
				[pos_upper requires 6.4 bits]
				[height_very_very_small requires 6.4 bits]
				[pos_middle requires 6.4 bits]
				[pos_center requires 6.4 bits]
				[pos_lower requires 6.4 bits]
				[pos_left requires 6.4 bits]
				[width_medium_large requires 6.4 bits]
				[height_very_small requires 6.4 bits]
				[tipo_testo requires 6.4 bits]
				[width_medium requires 6.4 bits]
				[height_small requires 6.4 bits]
				[width_very_large requires 6.4 bits]
				[pos_right requires 6.4 bits]
				[height_medium_small requires 6.4 bits]
				[width_medium_small requires 6.4 bits]
				[height_smallest requires 6.4 bits]
				[tipo_linea_orizzontale requires 6.4 bits]
				[tipo_misto requires 6.4 bits]
				[height_medium_large requires 6.4 bits]
				[height_medium requires 6.4 bits]
				[height_large requires 6.4 bits]
				[width_small requires 6.4 bits]
				[width_very_small requires 6.4 bits]
				[tipo_linea_obbliqua requires 6.4 bits]
				[height_very_large requires 6.4 bits]
				[tipo_immagine requires 6.4 bits]
				[tipo_vuoto requires 6.4 bits]
				[ultima_pagina tried 1/1] 0.1 secs
				[height_very_very_large requires 6.4 bits]
				[height_largest requires 6.4 bits]
				[frame requires 7.7 bits]
				[pagina_1 requires 6.9 bits]
				[on_top requires 7.9 bits]
				[to_right requires 7.9 bits]
				[allineato_al_centro_verticale requires 7.9 bits]
				[allineato_al_centro_orizzontale requires 7.9 bits]
				[altezza_pagina tried 1/1] 0.1 secs
				[larghezza_pagina tried 1/1] 0.1 secs
				[numero_pagine tried 1/1] 0.1 secs

No literals

Initial clause (189 errs): class_svln(A) :- pagina_1(A,B), frame(B,C), width_large(C), pos_upper(C), allineato_al_centro_verticale(C,D).
		frame(B,C) needed for binding width_large(C)
		pagina_1(A,B) needed for binding frame(B,C)

Clause too inaccurate (1/190)

Delete clause
	class_svln(A) :- pagina_1(A,B), frame(B,C), tipo_misto(C), width_medium_large(C), height_very_very_small(C).

***  Warning: the following definition
***  does not cover 1 tuple in the relation

class_svln(A) :- pagina_1(A,B), frame(B,C), tipo_misto(C), pos_lower(C), width_medium_large(C), frame(B,D), width_large(D), allineato_al_centro_verticale(D,E), width_large(E).
class_svln(A) :- pagina_1(A,B), frame(B,C), tipo_linea_obbliqua(C), width_very_small(C).

Time 0.1 secs

Test relation class_svln
    (+)	d37290368
Summary: 1 error in 35 trials
