FOIL 6.4   [January 1996]
--------

    Options:
	no negated literals
	verbosity level 2

Types Documento and Pagina are not compatible
Types Documento and Frame are not compatible
Types Documento and NumeroPagine are not compatible
Types Documento and LarghezzaPagina are not compatible
Types Documento and AltezzaPagina are not compatible
Types Documento and AscissaRettangolo are not compatible
Types Documento and OrdinataRettangolo are not compatible
Types Documento and LarghezzaRettangolo are not compatible
Types Documento and AltezzaRettangolo are not compatible
Types Pagina and Frame are not compatible
Types Pagina and NumeroPagine are not compatible
Types Pagina and LarghezzaPagina are not compatible
Types Pagina and AltezzaPagina are not compatible
Types Pagina and AscissaRettangolo are not compatible
Types Pagina and OrdinataRettangolo are not compatible
Types Pagina and LarghezzaRettangolo are not compatible
Types Pagina and AltezzaRettangolo are not compatible
Types Frame and NumeroPagine are not compatible
Types Frame and LarghezzaPagina are not compatible
Types Frame and AltezzaPagina are not compatible
Types Frame and AscissaRettangolo are not compatible
Types Frame and OrdinataRettangolo are not compatible
Types Frame and LarghezzaRettangolo are not compatible
Types Frame and AltezzaRettangolo are not compatible
Types NumeroPagine and LarghezzaPagina are not compatible
Types NumeroPagine and AltezzaPagina are not compatible
Types NumeroPagine and AscissaRettangolo are not compatible
Types NumeroPagine and OrdinataRettangolo are not compatible
Types NumeroPagine and LarghezzaRettangolo are not compatible
Types NumeroPagine and AltezzaRettangolo are not compatible
Types LarghezzaPagina and AltezzaPagina are not compatible
Types LarghezzaPagina and AscissaRettangolo are not compatible
Types LarghezzaPagina and OrdinataRettangolo are not compatible
Types LarghezzaPagina and LarghezzaRettangolo are not compatible
Types LarghezzaPagina and AltezzaRettangolo are not compatible
Types AltezzaPagina and AscissaRettangolo are not compatible
Types AltezzaPagina and OrdinataRettangolo are not compatible
Types AltezzaPagina and LarghezzaRettangolo are not compatible
Types AltezzaPagina and AltezzaRettangolo are not compatible
Types AscissaRettangolo and OrdinataRettangolo are not compatible
Types AscissaRettangolo and LarghezzaRettangolo are not compatible
Types AscissaRettangolo and AltezzaRettangolo are not compatible
Types OrdinataRettangolo and LarghezzaRettangolo are not compatible
Types OrdinataRettangolo and AltezzaRettangolo are not compatible
Types LarghezzaRettangolo and AltezzaRettangolo are not compatible

Relation class_svln

Relation *allineato_al_centro_orizzontale
    (warning: contains duplicate positive tuples)

Relation *allineato_al_centro_verticale
    (warning: contains duplicate positive tuples)

Relation *altezza_pagina
    (warning: contains duplicate positive tuples)

Relation *larghezza_pagina
    (warning: contains duplicate positive tuples)

Relation *altezza_rettangolo
    (warning: contains duplicate positive tuples)

Relation *ascissa_rettangolo
    (warning: contains duplicate positive tuples)

Relation *ordinata_rettangolo
    (warning: contains duplicate positive tuples)

Relation *larghezza_rettangolo
    (warning: contains duplicate positive tuples)

Relation *frame
    (warning: contains duplicate positive tuples)

Relation *numero_pagine
    (warning: contains duplicate positive tuples)

Relation *on_top
    (warning: contains duplicate positive tuples)

Relation *to_right
    (warning: contains duplicate positive tuples)

Relation *pagina_1
    (warning: contains duplicate positive tuples)

Relation *ultima_pagina

Relation *tipo_immagine

Relation *tipo_linea_obbliqua

Relation *tipo_linea_orizzontale

Relation *tipo_misto

Relation *tipo_testo

Relation *tipo_vuoto

----------
class_svln:

State (63/317, 255.4 bits available)

				[pagina_1 tried 1/1] 0.2 secs
				[numero_pagine tried 1/1] 0.2 secs

Best literal pagina_1(A,B) (1.0 bits)


State (126/634 [63/317], 254.4 bits available, 1 weak literal)

				[ultima_pagina tried 1/1] 0.2 secs
				[frame tried 1/1] 0.2 secs
				[pagina_1 tried 1/3] 0.2 secs
				[numero_pagine tried 1/1] 0.2 secs
				[altezza_pagina tried 1/1] 0.2 secs
				[larghezza_pagina tried 1/1] 0.2 secs

Best literal frame(B,C) (2.6 bits)


State (1988/13884 [63/317], 252.8 bits available, 2 weak literals)

				[tipo_testo tried 1/1] 0.2 secs
				[tipo_linea_orizzontale tried 1/1] 0.2 secs
				[tipo_misto tried 1/1] 0.2 secs
				[tipo_linea_obbliqua tried 1/1] 0.2 secs
				[tipo_immagine tried 1/1] 0.2 secs
				[tipo_vuoto tried 1/1] 0.2 secs
				[ultima_pagina tried 1/1] 0.2 secs
				[frame tried 1/3] 0.2 secs
				[pagina_1 tried 2/3] 0.2 secs
				[on_top tried 2/2] 0.2 secs
				[to_right tried 2/2] 0.2 secs
				[allineato_al_centro_verticale tried 2/2] 0.2 secs
				[allineato_al_centro_orizzontale tried 2/2] 0.2 secs
				[numero_pagine tried 1/1] 0.2 secs
				[altezza_pagina tried 1/1] 0.2 secs
				[larghezza_pagina tried 1/1] 0.2 secs
				[altezza_rettangolo tried 1/1] 0.2 secs
				[ascissa_rettangolo tried 1/1] 0.2 secs
				[ordinata_rettangolo tried 1/1] 0.2 secs
				[larghezza_rettangolo tried 1/1] 0.2 secs

Best literal tipo_misto(C) (4.3 bits)


State (460/880 [62/149], 247.9 bits available)

				[tipo_testo tried 1/1] 0.2 secs
				[tipo_linea_orizzontale tried 1/1] 0.2 secs
				[tipo_misto tried 0/1] 0.2 secs
				[tipo_linea_obbliqua tried 1/1] 0.2 secs
				[tipo_immagine tried 1/1] 0.2 secs
				[tipo_vuoto tried 1/1] 0.2 secs
				[ultima_pagina tried 1/1] 0.2 secs
				[frame tried 2/3] 0.2 secs
				[pagina_1 tried 2/3] 0.2 secs
				[on_top tried 2/2] 0.2 secs
				[to_right tried 2/2] 0.2 secs
				[allineato_al_centro_verticale tried 2/2] 0.2 secs
				[allineato_al_centro_orizzontale tried 2/2] 0.2 secs
				[numero_pagine tried 1/1] 0.2 secs
				[altezza_pagina tried 1/1] 0.2 secs
				[larghezza_pagina tried 1/1] 0.2 secs
				[altezza_rettangolo tried 1/1] 0.2 secs
				[ascissa_rettangolo tried 1/1] 0.2 secs
				[ordinata_rettangolo tried 1/1] 0.2 secs
				[larghezza_rettangolo tried 1/1] 0.2 secs

Best literal on_top(D,C) (5.3 bits)


State (5824/8824 [62/113], 244.6 bits available)

				[= tried 1/1] 0.2 secs
				[tipo_testo tried 2/2] 0.2 secs
				[tipo_linea_orizzontale tried 2/2] 0.2 secs
				[tipo_misto tried 1/2] 0.2 secs
				[tipo_linea_obbliqua tried 2/2] 0.2 secs
				[tipo_immagine tried 2/2] 0.2 secs
				[tipo_vuoto tried 2/2] 0.2 secs
				[ultima_pagina tried 1/1] 0.2 secs
				[frame tried 4/5] 0.2 secs
				[pagina_1 tried 2/3] 0.2 secs
				[on_top tried 4/6] 0.2 secs
				[to_right tried 6/6] 0.2 secs
				[allineato_al_centro_verticale tried 6/6] 0.2 secs
				[allineato_al_centro_orizzontale tried 5/6] 0.2 secs
				[numero_pagine tried 1/1] 0.2 secs
				[altezza_pagina tried 1/1] 0.2 secs
				[larghezza_pagina tried 1/1] 0.2 secs
				[altezza_rettangolo tried 2/2] 0.2 secs
				[ascissa_rettangolo tried 2/2] 0.2 secs
				[ordinata_rettangolo tried 2/2] 0.2 secs
				[larghezza_rettangolo tried 2/2] 0.2 secs

	Save allineato_al_centro_verticale(E,D) (62,109 value 93.5)
	Save allineato_al_centro_verticale(D,E) (62,106 value 96.0)

Best literal to_right(D,C) (7.0 bits)


State (5600/6688 [59/84], 233.1 bits available)

				[= tried 1/1] 0.2 secs
				[tipo_testo tried 2/2] 0.2 secs
				[tipo_linea_orizzontale tried 2/2] 0.2 secs
				[tipo_misto tried 1/2] 0.2 secs
				[tipo_linea_obbliqua tried 2/2] 0.2 secs
				[tipo_immagine tried 2/2] 0.2 secs
				[tipo_vuoto tried 2/2] 0.2 secs
				[ultima_pagina tried 1/1] 0.2 secs
				[frame tried 4/5] 0.2 secs
				[pagina_1 tried 2/3] 0.2 secs
				[on_top tried 4/6] 0.2 secs
				[to_right tried 5/6] 0.2 secs
				[allineato_al_centro_verticale tried 5/6] 0.2 secs
				[allineato_al_centro_orizzontale tried 4/6] 0.2 secs
				[numero_pagine tried 1/1] 0.2 secs
				[altezza_pagina tried 1/1] 0.2 secs
				[larghezza_pagina tried 1/1] 0.2 secs
				[altezza_rettangolo tried 2/2] 0.2 secs
				[ascissa_rettangolo tried 2/2] 0.2 secs
				[ordinata_rettangolo tried 2/2] 0.2 secs
				[larghezza_rettangolo tried 2/2] 0.2 secs

	Save clause ending with tipo_misto(D) (cover 34, accuracy 97%)

	Save allineato_al_centro_verticale(E,D) (59,77 value 114.1)

Best literal allineato_al_centro_verticale(D,E) (7.0 bits)


State (24000/26144 [59/74], 228.7 bits available)

				[= tried 3/3] 0.2 secs
				[tipo_testo tried 3/3] 0.2 secs
				[tipo_linea_orizzontale tried 3/3] 0.2 secs
				[tipo_misto tried 2/3] 0.2 secs
				[tipo_linea_obbliqua tried 3/3] 0.2 secs
				[tipo_immagine tried 3/3] 0.2 secs
				[tipo_vuoto tried 3/3] 0.3 secs
				[ultima_pagina tried 1/1] 0.3 secs
				[frame tried 5/6] 0.3 secs
				[pagina_1 tried 2/3] 0.3 secs
				[on_top tried 7/10] 0.3 secs
				[to_right tried 9/10] 0.3 secs
				[allineato_al_centro_verticale tried 6/10] 0.3 secs
				[allineato_al_centro_orizzontale tried 6/10] 0.3 secs
				[numero_pagine tried 1/1] 0.3 secs
				[altezza_pagina tried 1/1] 0.3 secs
				[larghezza_pagina tried 1/1] 0.3 secs
				[altezza_rettangolo tried 2/2] 0.3 secs
				[ascissa_rettangolo tried 2/2] 0.3 secs
				[ordinata_rettangolo tried 2/2] 0.3 secs
				[larghezza_rettangolo tried 2/2] 0.3 secs

	Save to_right(E,C) (59,74 value 117.5)

Best literal on_top(E,C) (7.7 bits)


State (47936/51392 [59/68], 223.8 bits available)

				[= tried 3/3] 0.3 secs
				[tipo_testo tried 3/3] 0.3 secs
				[tipo_linea_orizzontale tried 3/3] 0.3 secs
				[tipo_misto tried 2/3] 0.3 secs
				[tipo_linea_obbliqua tried 3/3] 0.3 secs
				[tipo_immagine tried 3/3] 0.4 secs
				[tipo_vuoto tried 3/3] 0.4 secs
				[ultima_pagina tried 1/1] 0.4 secs
				[frame tried 5/6] 0.4 secs
				[pagina_1 tried 2/3] 0.4 secs
				[on_top tried 6/10] 0.4 secs
				[to_right tried 9/10] 0.4 secs
				[allineato_al_centro_verticale tried 7/10] 0.4 secs
				[allineato_al_centro_orizzontale tried 6/10] 0.4 secs
				[numero_pagine tried 1/1] 0.4 secs
				[altezza_pagina tried 1/1] 0.4 secs
				[larghezza_pagina tried 1/1] 0.5 secs
				[altezza_rettangolo tried 2/2] 0.5 secs
				[ascissa_rettangolo tried 2/2] 0.5 secs
				[ordinata_rettangolo tried 2/2] 0.5 secs
				[larghezza_rettangolo tried 2/2] 0.5 secs

Best literal to_right(E,D) (7.7 bits)


State (25984/26880 [54/56], 207.0 bits available)

				[= tried 3/3] 0.5 secs
				[tipo_testo tried 3/3] 0.5 secs
				[tipo_linea_orizzontale tried 3/3] 0.5 secs
				[tipo_misto tried 2/3] 0.5 secs
				[tipo_linea_obbliqua tried 3/3] 0.5 secs
				[tipo_immagine tried 3/3] 0.5 secs
				[tipo_vuoto tried 3/3] 0.5 secs
				[ultima_pagina tried 1/1] 0.5 secs
				[frame tried 5/6] 0.5 secs
				[pagina_1 tried 2/3] 0.5 secs
				[on_top tried 6/10] 0.5 secs
				[to_right tried 8/10] 0.5 secs
				[allineato_al_centro_verticale tried 7/10] 0.5 secs
				[allineato_al_centro_orizzontale tried 6/10] 0.6 secs
				[numero_pagine tried 1/1] 0.6 secs
				[altezza_pagina tried 1/1] 0.6 secs
				[larghezza_pagina tried 1/1] 0.6 secs
				[altezza_rettangolo tried 2/2] 0.6 secs
				[ascissa_rettangolo tried 2/2] 0.6 secs
				[ordinata_rettangolo tried 2/2] 0.6 secs
				[larghezza_rettangolo tried 2/2] 0.6 secs

	Save clause ending with tipo_misto(E) (cover 24, accuracy 100%)

	Save tipo_misto(E) (24,24 value 55.5)

Best literal on_top(E,D) (7.7 bits)


State (20224/20480 [40/41], 163.7 bits available)

				[= tried 3/3] 0.6 secs
				[tipo_testo tried 3/3] 0.6 secs
				[tipo_linea_orizzontale tried 3/3] 0.6 secs
				[tipo_misto tried 2/3] 0.6 secs
				[tipo_linea_obbliqua tried 3/3] 0.6 secs
				[tipo_immagine tried 3/3] 0.6 secs
				[tipo_vuoto tried 3/3] 0.6 secs
				[ultima_pagina tried 1/1] 0.6 secs
				[frame tried 5/6] 0.6 secs
				[pagina_1 tried 2/3] 0.6 secs
				[on_top tried 7/10] 0.6 secs
				[to_right tried 8/10] 0.6 secs
				[allineato_al_centro_verticale tried 9/10] 0.6 secs
				[allineato_al_centro_orizzontale tried 10/10] 0.6 secs
				[numero_pagine tried 1/1] 0.6 secs
				[altezza_pagina tried 1/1] 0.6 secs
				[larghezza_pagina tried 1/1] 0.6 secs
				[altezza_rettangolo tried 2/2] 0.6 secs
				[ascissa_rettangolo tried 2/2] 0.6 secs
				[ordinata_rettangolo tried 2/2] 0.6 secs
				[larghezza_rettangolo tried 2/2] 0.6 secs

No literals

[Replace by saved clause]

Initial clause (0 errs): class_svln(A) :- pagina_1(A,B), frame(B,C), tipo_misto(C), on_top(D,C), to_right(D,C), allineato_al_centro_verticale(D,E), on_top(E,C), to_right(E,D), tipo_misto(E).
		frame(B,C) needed for binding tipo_misto(C)
		pagina_1(A,B) needed for binding frame(B,C)

Clause 0: class_svln(A) :- pagina_1(A,B), frame(B,C), tipo_misto(C), to_right(D,C), allineato_al_centro_verticale(D,E), to_right(E,D), tipo_misto(E).

State (39/293, 192.5 bits available)

				[pagina_1 tried 1/1] 0.7 secs
				[numero_pagine tried 1/1] 0.7 secs

Best literal pagina_1(A,B) (1.0 bits)


State (78/586 [39/293], 191.5 bits available, 1 weak literal)

				[ultima_pagina tried 1/1] 0.7 secs
				[frame tried 1/1] 0.7 secs
				[pagina_1 tried 1/3] 0.7 secs
				[numero_pagine tried 1/1] 0.7 secs
				[altezza_pagina tried 1/1] 0.7 secs
				[larghezza_pagina tried 1/1] 0.7 secs

Best literal frame(B,C) (2.6 bits)


State (1188/13084 [39/293], 189.9 bits available, 2 weak literals)

				[tipo_testo tried 1/1] 0.7 secs
				[tipo_linea_orizzontale tried 1/1] 0.7 secs
				[tipo_misto tried 1/1] 0.7 secs
				[tipo_linea_obbliqua tried 1/1] 0.7 secs
				[tipo_immagine tried 1/1] 0.7 secs
				[tipo_vuoto tried 1/1] 0.7 secs
				[ultima_pagina tried 1/1] 0.7 secs
				[frame tried 1/3] 0.7 secs
				[pagina_1 tried 2/3] 0.7 secs
				[on_top tried 2/2] 0.7 secs
				[to_right tried 2/2] 0.7 secs
				[allineato_al_centro_verticale tried 2/2] 0.7 secs
				[allineato_al_centro_orizzontale tried 2/2] 0.7 secs
				[numero_pagine tried 1/1] 0.7 secs
				[altezza_pagina tried 1/1] 0.7 secs
				[larghezza_pagina tried 1/1] 0.7 secs
				[altezza_rettangolo tried 1/1] 0.7 secs
				[ascissa_rettangolo tried 1/1] 0.7 secs
				[ordinata_rettangolo tried 1/1] 0.7 secs
				[larghezza_rettangolo tried 1/1] 0.7 secs

Best literal tipo_misto(C) (4.3 bits)


State (212/632 [38/125], 184.0 bits available)

				[tipo_testo tried 1/1] 0.7 secs
				[tipo_linea_orizzontale tried 1/1] 0.7 secs
				[tipo_misto tried 0/1] 0.7 secs
				[tipo_linea_obbliqua tried 1/1] 0.7 secs
				[tipo_immagine tried 1/1] 0.7 secs
				[tipo_vuoto tried 1/1] 0.7 secs
				[ultima_pagina tried 1/1] 0.7 secs
				[frame tried 2/3] 0.7 secs
				[pagina_1 tried 2/3] 0.7 secs
				[on_top tried 2/2] 0.7 secs
				[to_right tried 2/2] 0.7 secs
				[allineato_al_centro_verticale tried 2/2] 0.7 secs
				[allineato_al_centro_orizzontale tried 2/2] 0.7 secs
				[numero_pagine tried 1/1] 0.7 secs
				[altezza_pagina tried 1/1] 0.7 secs
				[larghezza_pagina tried 1/1] 0.7 secs
				[altezza_rettangolo tried 1/1] 0.7 secs
				[ascissa_rettangolo tried 1/1] 0.7 secs
				[ordinata_rettangolo tried 1/1] 0.7 secs
				[larghezza_rettangolo tried 1/1] 0.7 secs

	Save on_top(D,C) (38,89 value 63.5)

Best literal to_right(D,C) (5.3 bits)


State (1616/2792 [35/63], 171.1 bits available)

				[= tried 1/1] 0.7 secs
				[tipo_testo tried 2/2] 0.7 secs
				[tipo_linea_orizzontale tried 2/2] 0.7 secs
				[tipo_misto tried 1/2] 0.7 secs
				[tipo_linea_obbliqua tried 2/2] 0.7 secs
				[tipo_immagine tried 2/2] 0.7 secs
				[tipo_vuoto tried 2/2] 0.7 secs
				[ultima_pagina tried 1/1] 0.7 secs
				[frame tried 4/5] 0.7 secs
				[pagina_1 tried 2/3] 0.7 secs
				[on_top tried 6/6] 0.7 secs
				[to_right tried 4/6] 0.7 secs
				[allineato_al_centro_verticale tried 6/6] 0.7 secs
				[allineato_al_centro_orizzontale tried 4/6] 0.7 secs
				[numero_pagine tried 1/1] 0.7 secs
				[altezza_pagina tried 1/1] 0.7 secs
				[larghezza_pagina tried 1/1] 0.7 secs
				[altezza_rettangolo tried 2/2] 0.7 secs
				[ascissa_rettangolo tried 2/2] 0.7 secs
				[ordinata_rettangolo tried 2/2] 0.7 secs
				[larghezza_rettangolo tried 2/2] 0.7 secs

Best literal on_top(D,C) (7.0 bits)


State (3216/4304 [35/60], 166.4 bits available)

				[= tried 1/1] 0.7 secs
				[tipo_testo tried 2/2] 0.7 secs
				[tipo_linea_orizzontale tried 2/2] 0.7 secs
				[tipo_misto tried 1/2] 0.7 secs
				[tipo_linea_obbliqua tried 2/2] 0.7 secs
				[tipo_immagine tried 2/2] 0.7 secs
				[tipo_vuoto tried 2/2] 0.7 secs
				[ultima_pagina tried 1/1] 0.7 secs
				[frame tried 4/5] 0.7 secs
				[pagina_1 tried 2/3] 0.7 secs
				[on_top tried 4/6] 0.7 secs
				[to_right tried 5/6] 0.7 secs
				[allineato_al_centro_verticale tried 5/6] 0.7 secs
				[allineato_al_centro_orizzontale tried 4/6] 0.7 secs
				[numero_pagine tried 1/1] 0.7 secs
				[altezza_pagina tried 1/1] 0.7 secs
				[larghezza_pagina tried 1/1] 0.7 secs
				[altezza_rettangolo tried 2/2] 0.7 secs
				[ascissa_rettangolo tried 2/2] 0.7 secs
				[ordinata_rettangolo tried 2/2] 0.7 secs
				[larghezza_rettangolo tried 2/2] 0.7 secs

	Save allineato_al_centro_verticale(E,D) (35,53 value 80.2)

Best literal allineato_al_centro_verticale(D,E) (7.0 bits)


State (12320/14464 [35/50], 162.0 bits available)

				[= tried 3/3] 0.7 secs
				[tipo_testo tried 3/3] 0.7 secs
				[tipo_linea_orizzontale tried 3/3] 0.7 secs
				[tipo_misto tried 2/3] 0.7 secs
				[tipo_linea_obbliqua tried 3/3] 0.7 secs
				[tipo_immagine tried 3/3] 0.7 secs
				[tipo_vuoto tried 3/3] 0.7 secs
				[ultima_pagina tried 1/1] 0.7 secs
				[frame tried 5/6] 0.7 secs
				[pagina_1 tried 2/3] 0.7 secs
				[on_top tried 7/10] 0.7 secs
				[to_right tried 9/10] 0.8 secs
				[allineato_al_centro_verticale tried 6/10] 0.8 secs
				[allineato_al_centro_orizzontale tried 6/10] 0.8 secs
				[numero_pagine tried 1/1] 0.8 secs
				[altezza_pagina tried 1/1] 0.8 secs
				[larghezza_pagina tried 1/1] 0.8 secs
				[altezza_rettangolo tried 2/2] 0.8 secs
				[ascissa_rettangolo tried 2/2] 0.8 secs
				[ordinata_rettangolo tried 2/2] 0.8 secs
				[larghezza_rettangolo tried 2/2] 0.8 secs

	Save to_right(E,C) (35,50 value 83.1)

Best literal on_top(E,C) (7.7 bits)


State (24640/28096 [35/44], 157.1 bits available)

				[= tried 3/3] 0.8 secs
				[tipo_testo tried 3/3] 0.8 secs
				[tipo_linea_orizzontale tried 3/3] 0.8 secs
				[tipo_misto tried 2/3] 0.8 secs
				[tipo_linea_obbliqua tried 3/3] 0.8 secs
				[tipo_immagine tried 3/3] 0.8 secs
				[tipo_vuoto tried 3/3] 0.8 secs
				[ultima_pagina tried 1/1] 0.8 secs
				[frame tried 5/6] 0.8 secs
				[pagina_1 tried 2/3] 0.8 secs
				[on_top tried 8/10] 0.8 secs
				[to_right tried 9/10] 0.8 secs
				[allineato_al_centro_verticale tried 7/10] 0.8 secs
				[allineato_al_centro_orizzontale tried 6/10] 0.8 secs
				[numero_pagine tried 1/1] 0.8 secs
				[altezza_pagina tried 1/1] 0.8 secs
				[larghezza_pagina tried 1/1] 0.9 secs
				[altezza_rettangolo tried 2/2] 0.9 secs
				[ascissa_rettangolo tried 2/2] 0.9 secs
				[ordinata_rettangolo tried 2/2] 0.9 secs
				[larghezza_rettangolo tried 2/2] 0.9 secs

	Save clause ending with to_right(E,C) (cover 35, accuracy 81%)

Best literal to_right(E,C) (7.7 bits)


State (48896/54400 [35/43], 152.4 bits available)

				[= tried 3/3] 0.9 secs
				[tipo_testo tried 3/3] 0.9 secs
				[tipo_linea_orizzontale tried 3/3] 0.9 secs
				[tipo_misto tried 2/3] 0.9 secs
				[tipo_linea_obbliqua tried 3/3] 0.9 secs
				[tipo_immagine tried 3/3] 0.9 secs
				[tipo_vuoto tried 3/3] 0.9 secs
				[ultima_pagina tried 1/1] 0.9 secs
				[frame tried 5/6] 0.9 secs
				[pagina_1 tried 2/3] 0.9 secs
				[on_top tried 8/10] 0.9 secs
				[to_right tried 8/10] 1.0 secs
				[allineato_al_centro_verticale tried 7/10] 1.0 secs
				[allineato_al_centro_orizzontale tried 6/10] 1.0 secs
				[numero_pagine tried 1/1] 1.0 secs
				[altezza_pagina tried 1/1] 1.0 secs
				[larghezza_pagina tried 1/1] 1.0 secs
				[altezza_rettangolo tried 2/2] 1.0 secs
				[ascissa_rettangolo tried 2/2] 1.0 secs
				[ordinata_rettangolo tried 2/2] 1.0 secs
				[larghezza_rettangolo tried 2/2] 1.0 secs

	Save clause ending with to_right(E,D) (cover 30, accuracy 93%)

Best literal to_right(E,D) (7.7 bits)


State (24064/25856 [30/32], 130.7 bits available)

				[= tried 3/3] 1.0 secs
				[tipo_testo tried 3/3] 1.0 secs
				[tipo_linea_orizzontale tried 3/3] 1.0 secs
				[tipo_misto tried 2/3] 1.0 secs
				[tipo_linea_obbliqua tried 3/3] 1.0 secs
				[tipo_immagine tried 3/3] 1.0 secs
				[tipo_vuoto tried 3/3] 1.0 secs
				[ultima_pagina tried 1/1] 1.0 secs
				[frame tried 5/6] 1.1 secs
				[pagina_1 tried 2/3] 1.1 secs
				[on_top tried 8/10] 1.1 secs
				[to_right tried 7/10] 1.1 secs
				[allineato_al_centro_verticale tried 7/10] 1.1 secs
				[allineato_al_centro_orizzontale tried 6/10] 1.1 secs
				[numero_pagine tried 1/1] 1.1 secs
				[altezza_pagina tried 1/1] 1.1 secs
				[larghezza_pagina tried 1/1] 1.1 secs
				[altezza_rettangolo tried 2/2] 1.1 secs
				[ascissa_rettangolo tried 2/2] 1.1 secs
				[ordinata_rettangolo tried 2/2] 1.1 secs
				[larghezza_rettangolo tried 2/2] 1.1 secs

	Save clause ending with on_top(E,D) (cover 21, accuracy 95%)

Best literal on_top(E,D) (7.7 bits)


State (19456/19968 [21/22], 91.7 bits available)

				[= tried 3/3] 1.1 secs
				[tipo_testo tried 3/3] 1.1 secs
				[tipo_linea_orizzontale tried 3/3] 1.1 secs
				[tipo_misto tried 2/3] 1.1 secs
				[tipo_linea_obbliqua tried 3/3] 1.1 secs
				[tipo_immagine tried 3/3] 1.1 secs
				[tipo_vuoto tried 3/3] 1.1 secs
				[ultima_pagina tried 1/1] 1.1 secs
				[frame tried 5/6] 1.1 secs
				[pagina_1 tried 2/3] 1.1 secs
				[on_top tried 7/10] 1.1 secs
				[to_right tried 7/10] 1.2 secs
				[allineato_al_centro_verticale tried 9/10] 1.2 secs
				[allineato_al_centro_orizzontale tried 6/10] 1.2 secs
				[numero_pagine tried 1/1] 1.2 secs
				[altezza_pagina tried 1/1] 1.2 secs
				[larghezza_pagina tried 1/1] 1.2 secs
				[altezza_rettangolo tried 2/2] 1.2 secs
				[ascissa_rettangolo tried 2/2] 1.2 secs
				[ordinata_rettangolo tried 2/2] 1.2 secs
				[larghezza_rettangolo tried 2/2] 1.2 secs

	Save to_right(D,F) (21,22 value 59.1)
	Save allineato_al_centro_verticale(F,D) (17,18 value 47.6)

Best literal to_right(C,F) (7.7 bits)


State (36864/43008 [20/21], 83.3 bits available, 1 weak literal)

				[= tried 6/6] 1.2 secs
				[tipo_testo tried 4/4] 1.2 secs
				[tipo_linea_orizzontale tried 4/4] 1.2 secs
				[tipo_misto tried 3/4] 1.2 secs
				[tipo_linea_obbliqua tried 4/4] 1.2 secs
				[tipo_immagine tried 4/4] 1.2 secs
				[tipo_vuoto tried 4/4] 1.2 secs
				[ultima_pagina tried 1/1] 1.2 secs
				[frame tried 7/8] 1.2 secs
				[pagina_1 tried 2/3] 1.2 secs
				[on_top tried 15/18] 1.3 secs
				[to_right tried 10/18] 1.3 secs
				[allineato_al_centro_verticale tried 11/18] 1.3 secs
				[allineato_al_centro_orizzontale tried 9/18] 1.3 secs
				[numero_pagine tried 1/1] 1.3 secs
				[altezza_pagina tried 1/1] 1.3 secs
				[larghezza_pagina tried 1/1] 1.3 secs
				[altezza_rettangolo tried 3/3] 1.3 secs
				[ascissa_rettangolo tried 3/3] 1.3 secs
				[ordinata_rettangolo tried 3/3] 1.3 secs
				[larghezza_rettangolo tried 3/3] 1.4 secs

Best literal on_top(D,F) (8.6 bits)


State (73728/79872 [20/21], 78.3 bits available)

				[= tried 6/6] 1.4 secs
				[tipo_testo tried 4/4] 1.4 secs
				[tipo_linea_orizzontale tried 4/4] 1.4 secs
				[tipo_misto tried 3/4] 1.4 secs
				[tipo_linea_obbliqua tried 4/4] 1.4 secs
				[tipo_immagine tried 4/4] 1.4 secs
				[tipo_vuoto tried 4/4] 1.4 secs
				[ultima_pagina tried 1/1] 1.4 secs
				[frame tried 7/8] 1.4 secs
				[pagina_1 tried 2/3] 1.4 secs
				[on_top tried 14/18] 1.5 secs
				[to_right tried 14/18] 1.5 secs
				[allineato_al_centro_verticale tried 17/18] 1.6 secs
				[allineato_al_centro_orizzontale tried 18/18] 1.6 secs
				[numero_pagine tried 1/1] 1.6 secs
				[altezza_pagina tried 1/1] 1.6 secs
				[larghezza_pagina tried 1/1] 1.6 secs
				[altezza_rettangolo tried 3/3] 1.6 secs
				[ascissa_rettangolo tried 3/3] 1.6 secs
				[ordinata_rettangolo tried 3/3] 1.6 secs
				[larghezza_rettangolo tried 3/3] 1.6 secs

No literals

[Replace by saved clause]

Initial clause (1 errs): class_svln(A) :- pagina_1(A,B), frame(B,C), tipo_misto(C), to_right(D,C), on_top(D,C), allineato_al_centro_verticale(D,E), on_top(E,C), to_right(E,C), to_right(E,D), on_top(E,D).
		frame(B,C) needed for binding tipo_misto(C)
		pagina_1(A,B) needed for binding frame(B,C)

Clause 1: class_svln(A) :- pagina_1(A,B), frame(B,C), tipo_misto(C), to_right(D,C), on_top(D,C), allineato_al_centro_verticale(D,E), to_right(E,D), on_top(E,D).

State (18/272, 115.1 bits available)

				[pagina_1 tried 1/1] 1.7 secs
				[numero_pagine tried 1/1] 1.7 secs

Best literal pagina_1(A,B) (1.0 bits)


State (36/544 [18/272], 114.1 bits available, 1 weak literal)

				[ultima_pagina tried 1/1] 1.7 secs
				[frame tried 1/1] 1.7 secs
				[pagina_1 tried 1/3] 1.7 secs
				[numero_pagine tried 1/1] 1.7 secs
				[altezza_pagina tried 1/1] 1.7 secs
				[larghezza_pagina tried 1/1] 1.7 secs

Best literal frame(B,C) (2.6 bits)


State (580/12476 [18/272], 112.5 bits available, 2 weak literals)

				[tipo_testo tried 1/1] 1.7 secs
				[tipo_linea_orizzontale tried 1/1] 1.7 secs
				[tipo_misto tried 1/1] 1.7 secs
				[tipo_linea_obbliqua tried 1/1] 1.7 secs
				[tipo_immagine tried 1/1] 1.7 secs
				[tipo_vuoto tried 1/1] 1.7 secs
				[ultima_pagina tried 1/1] 1.7 secs
				[frame tried 1/3] 1.7 secs
				[pagina_1 tried 2/3] 1.7 secs
				[on_top tried 2/2] 1.7 secs
				[to_right tried 2/2] 1.7 secs
				[allineato_al_centro_verticale tried 2/2] 1.7 secs
				[allineato_al_centro_orizzontale tried 2/2] 1.7 secs
				[numero_pagine tried 1/1] 1.7 secs
				[altezza_pagina tried 1/1] 1.7 secs
				[larghezza_pagina tried 1/1] 1.7 secs
				[altezza_rettangolo tried 1/1] 1.7 secs
				[ascissa_rettangolo tried 1/1] 1.7 secs
				[ordinata_rettangolo tried 1/1] 1.7 secs
				[larghezza_rettangolo tried 1/1] 1.7 secs

Best literal tipo_misto(C) (4.3 bits)


State (112/532 [17/104], 105.3 bits available)

				[tipo_testo tried 1/1] 1.7 secs
				[tipo_linea_orizzontale tried 1/1] 1.7 secs
				[tipo_misto tried 0/1] 1.7 secs
				[tipo_linea_obbliqua tried 1/1] 1.7 secs
				[tipo_immagine tried 1/1] 1.7 secs
				[tipo_vuoto tried 1/1] 1.7 secs
				[ultima_pagina tried 1/1] 1.7 secs
				[frame tried 2/3] 1.7 secs
				[pagina_1 tried 2/3] 1.7 secs
				[on_top tried 2/2] 1.7 secs
				[to_right tried 2/2] 1.7 secs
				[allineato_al_centro_verticale tried 2/2] 1.7 secs
				[allineato_al_centro_orizzontale tried 2/2] 1.7 secs
				[numero_pagine tried 1/1] 1.7 secs
				[altezza_pagina tried 1/1] 1.7 secs
				[larghezza_pagina tried 1/1] 1.7 secs
				[altezza_rettangolo tried 1/1] 1.7 secs
				[ascissa_rettangolo tried 1/1] 1.7 secs
				[ordinata_rettangolo tried 1/1] 1.7 secs
				[larghezza_rettangolo tried 1/1] 1.7 secs

Best literal on_top(D,C) (5.3 bits)


State (1464/4464 [17/68], 102.0 bits available)

				[= tried 1/1] 1.7 secs
				[tipo_testo tried 2/2] 1.7 secs
				[tipo_linea_orizzontale tried 2/2] 1.7 secs
				[tipo_misto tried 1/2] 1.7 secs
				[tipo_linea_obbliqua tried 2/2] 1.7 secs
				[tipo_immagine tried 2/2] 1.7 secs
				[tipo_vuoto tried 2/2] 1.7 secs
				[ultima_pagina tried 1/1] 1.7 secs
				[frame tried 4/5] 1.7 secs
				[pagina_1 tried 2/3] 1.7 secs
				[on_top tried 4/6] 1.7 secs
				[to_right tried 6/6] 1.7 secs
				[allineato_al_centro_verticale tried 6/6] 1.7 secs
				[allineato_al_centro_orizzontale tried 4/6] 1.7 secs
				[numero_pagine tried 1/1] 1.7 secs
				[altezza_pagina tried 1/1] 1.7 secs
				[larghezza_pagina tried 1/1] 1.7 secs
				[altezza_rettangolo tried 2/2] 1.7 secs
				[ascissa_rettangolo tried 2/2] 1.7 secs
				[ordinata_rettangolo tried 2/2] 1.7 secs
				[larghezza_rettangolo tried 2/2] 1.7 secs

Best literal to_right(D,C) (7.0 bits)


State (1392/2480 [14/39], 83.3 bits available)

				[= tried 1/1] 1.7 secs
				[tipo_testo tried 2/2] 1.7 secs
				[tipo_linea_orizzontale tried 2/2] 1.7 secs
				[tipo_misto tried 1/2] 1.7 secs
				[tipo_linea_obbliqua tried 2/2] 1.7 secs
				[tipo_immagine tried 2/2] 1.7 secs
				[tipo_vuoto tried 2/2] 1.7 secs
				[ultima_pagina tried 1/1] 1.7 secs
				[frame tried 4/5] 1.7 secs
				[pagina_1 tried 2/3] 1.7 secs
				[on_top tried 4/6] 1.7 secs
				[to_right tried 5/6] 1.7 secs
				[allineato_al_centro_verticale tried 5/6] 1.7 secs
				[allineato_al_centro_orizzontale tried 4/6] 1.7 secs
				[numero_pagine tried 1/1] 1.7 secs
				[altezza_pagina tried 1/1] 1.7 secs
				[larghezza_pagina tried 1/1] 1.7 secs
				[altezza_rettangolo tried 2/2] 1.7 secs
				[ascissa_rettangolo tried 2/2] 1.7 secs
				[ordinata_rettangolo tried 2/2] 1.7 secs
				[larghezza_rettangolo tried 2/2] 1.7 secs

	Save allineato_al_centro_verticale(E,D) (14,32 value 37.9)

Best literal allineato_al_centro_verticale(D,E) (7.0 bits)


State (4864/7008 [14/29], 79.0 bits available)

				[= tried 3/3] 1.7 secs
				[tipo_testo tried 3/3] 1.7 secs
				[tipo_linea_orizzontale tried 3/3] 1.7 secs
				[tipo_misto tried 2/3] 1.7 secs
				[tipo_linea_obbliqua tried 3/3] 1.7 secs
				[tipo_immagine tried 3/3] 1.7 secs
				[tipo_vuoto tried 3/3] 1.7 secs
				[ultima_pagina tried 1/1] 1.7 secs
				[frame tried 5/6] 1.7 secs
				[pagina_1 tried 2/3] 1.7 secs
				[on_top tried 9/10] 1.7 secs
				[to_right tried 9/10] 1.7 secs
				[allineato_al_centro_verticale tried 6/10] 1.7 secs
				[allineato_al_centro_orizzontale tried 6/10] 1.7 secs
				[numero_pagine tried 1/1] 1.7 secs
				[altezza_pagina tried 1/1] 1.7 secs
				[larghezza_pagina tried 1/1] 1.7 secs
				[altezza_rettangolo tried 2/2] 1.7 secs
				[ascissa_rettangolo tried 2/2] 1.7 secs
				[ordinata_rettangolo tried 2/2] 1.7 secs
				[larghezza_rettangolo tried 2/2] 1.7 secs

	Save to_right(E,C) (14,29 value 39.8)

Best literal on_top(E,C) (7.7 bits)


State (9728/13184 [14/23], 74.0 bits available)

				[= tried 3/3] 1.8 secs
				[tipo_testo tried 3/3] 1.8 secs
				[tipo_linea_orizzontale tried 3/3] 1.8 secs
				[tipo_misto tried 2/3] 1.8 secs
				[tipo_linea_obbliqua tried 3/3] 1.8 secs
				[tipo_immagine tried 3/3] 1.8 secs
				[tipo_vuoto tried 3/3] 1.8 secs
				[ultima_pagina tried 1/1] 1.8 secs
				[frame tried 5/6] 1.8 secs
				[pagina_1 tried 2/3] 1.8 secs
				[on_top tried 8/10] 1.8 secs
				[to_right tried 9/10] 1.8 secs
				[allineato_al_centro_verticale tried 7/10] 1.8 secs
				[allineato_al_centro_orizzontale tried 6/10] 1.8 secs
				[numero_pagine tried 1/1] 1.8 secs
				[altezza_pagina tried 1/1] 1.8 secs
				[larghezza_pagina tried 1/1] 1.8 secs
				[altezza_rettangolo tried 2/2] 1.8 secs
				[ascissa_rettangolo tried 2/2] 1.8 secs
				[ordinata_rettangolo tried 2/2] 1.8 secs
				[larghezza_rettangolo tried 2/2] 1.8 secs

	Save clause ending with tipo_misto(D) (cover 6, accuracy 85%)

Best literal to_right(E,C) (7.7 bits)


State (19072/24576 [14/22], 69.3 bits available)

				[= tried 3/3] 1.8 secs
				[tipo_testo tried 3/3] 1.8 secs
				[tipo_linea_orizzontale tried 3/3] 1.8 secs
				[tipo_misto tried 2/3] 1.8 secs
				[tipo_linea_obbliqua tried 3/3] 1.8 secs
				[tipo_immagine tried 3/3] 1.8 secs
				[tipo_vuoto tried 3/3] 1.8 secs
				[ultima_pagina tried 1/1] 1.8 secs
				[frame tried 5/6] 1.8 secs
				[pagina_1 tried 2/3] 1.8 secs
				[on_top tried 8/10] 1.8 secs
				[to_right tried 8/10] 1.8 secs
				[allineato_al_centro_verticale tried 7/10] 1.9 secs
				[allineato_al_centro_orizzontale tried 6/10] 1.9 secs
				[numero_pagine tried 1/1] 1.9 secs
				[altezza_pagina tried 1/1] 1.9 secs
				[larghezza_pagina tried 1/1] 1.9 secs
				[altezza_rettangolo tried 2/2] 1.9 secs
				[ascissa_rettangolo tried 2/2] 1.9 secs
				[ordinata_rettangolo tried 2/2] 1.9 secs
				[larghezza_rettangolo tried 2/2] 1.9 secs

Best literal to_right(D,E) (7.7 bits)


State (16128/19712 [12/17], 54.9 bits available)

				[= tried 3/3] 1.9 secs
				[tipo_testo tried 3/3] 1.9 secs
				[tipo_linea_orizzontale tried 3/3] 1.9 secs
				[tipo_misto tried 2/3] 1.9 secs
				[tipo_linea_obbliqua tried 3/3] 1.9 secs
				[tipo_immagine tried 3/3] 1.9 secs
				[tipo_vuoto tried 3/3] 1.9 secs
				[ultima_pagina tried 1/1] 1.9 secs
				[frame tried 5/6] 1.9 secs
				[pagina_1 tried 2/3] 1.9 secs
				[on_top tried 8/10] 1.9 secs
				[to_right tried 7/10] 1.9 secs
				[allineato_al_centro_verticale tried 7/10] 1.9 secs
				[allineato_al_centro_orizzontale tried 6/10] 1.9 secs
				[numero_pagine tried 1/1] 1.9 secs
				[altezza_pagina tried 1/1] 1.9 secs
				[larghezza_pagina tried 1/1] 1.9 secs
				[altezza_rettangolo tried 2/2] 1.9 secs
				[ascissa_rettangolo tried 2/2] 1.9 secs
				[ordinata_rettangolo tried 2/2] 1.9 secs
				[larghezza_rettangolo tried 2/2] 1.9 secs

Best literal on_top(D,E) (7.7 bits)


State (15872/17408 [10/13], 40.1 bits available)

				[= tried 3/3] 1.9 secs
				[tipo_testo tried 3/3] 1.9 secs
				[tipo_linea_orizzontale tried 3/3] 1.9 secs
				[tipo_misto tried 2/3] 1.9 secs
				[tipo_linea_obbliqua tried 3/3] 1.9 secs
				[tipo_immagine tried 3/3] 1.9 secs
				[tipo_vuoto tried 3/3] 1.9 secs
				[ultima_pagina tried 1/1] 1.9 secs
				[frame tried 5/6] 2.0 secs
				[pagina_1 tried 2/3] 2.0 secs
				[on_top tried 5/10] 2.0 secs
				[to_right tried 7/10] 2.0 secs
				[allineato_al_centro_verticale tried 7/10] 2.0 secs
				[allineato_al_centro_orizzontale tried 6/10] 2.0 secs
				[numero_pagine tried 1/1] 2.0 secs
				[altezza_pagina tried 1/1] 2.0 secs
				[larghezza_pagina tried 1/1] 2.0 secs
				[altezza_rettangolo tried 2/2] 2.0 secs
				[ascissa_rettangolo tried 2/2] 2.0 secs
				[ordinata_rettangolo tried 2/2] 2.0 secs
				[larghezza_rettangolo tried 2/2] 2.0 secs

Best literal tipo_testo(D) (6.0 bits)


State (15872/16896 [10/12], 37.6 bits available)

				[= tried 3/3] 2.0 secs
				[tipo_testo tried 2/3] 2.0 secs
				[tipo_linea_orizzontale tried 3/3] 2.0 secs
				[tipo_misto tried 2/3] 2.0 secs
				[tipo_linea_obbliqua tried 3/3] 2.0 secs
				[tipo_immagine tried 3/3] 2.0 secs
				[tipo_vuoto tried 3/3] 2.0 secs
				[ultima_pagina tried 1/1] 2.0 secs
				[frame tried 5/6] 2.0 secs
				[pagina_1 tried 2/3] 2.0 secs
				[on_top tried 7/10] 2.0 secs
				[to_right tried 7/10] 2.0 secs
				[allineato_al_centro_verticale tried 7/10] 2.0 secs
				[allineato_al_centro_orizzontale tried 6/10] 2.0 secs
				[numero_pagine tried 1/1] 2.0 secs
				[altezza_pagina tried 1/1] 2.0 secs
				[larghezza_pagina tried 1/1] 2.0 secs
				[altezza_rettangolo tried 2/2] 2.0 secs
				[ascissa_rettangolo tried 2/2] 2.0 secs
				[ordinata_rettangolo tried 2/2] 2.0 secs
				[larghezza_rettangolo tried 2/2] 2.0 secs

	Save clause ending with on_top(F,D) (cover 9, accuracy 90%)

	Save to_right(C,F) (9,11 value 32.2)
	Save allineato_al_centro_verticale(F,D) (9,10 value 33.4)

Best literal on_top(F,D) (7.7 bits)


State (24576/29696 [9/10], 28.0 bits available, 1 weak literal)

				[= tried 6/6] 2.1 secs
				[tipo_testo tried 3/4] 2.1 secs
				[tipo_linea_orizzontale tried 4/4] 2.1 secs
				[tipo_misto tried 3/4] 2.1 secs
				[tipo_linea_obbliqua tried 4/4] 2.1 secs
				[tipo_immagine tried 4/4] 2.1 secs
				[tipo_vuoto tried 4/4] 2.1 secs
				[ultima_pagina tried 1/1] 2.1 secs
				[frame tried 6/7] 2.1 secs
				[pagina_1 tried 2/3] 2.1 secs
				[on_top tried 11/16] 2.1 secs
				[to_right tried 13/16] 2.1 secs
				[allineato_al_centro_verticale tried 12/16] 2.1 secs
				[allineato_al_centro_orizzontale tried 10/16] 2.1 secs
				[numero_pagine tried 1/1] 2.1 secs
				[altezza_pagina tried 1/1] 2.1 secs
				[larghezza_pagina tried 1/1] 2.1 secs
				[altezza_rettangolo tried 2/2] 2.1 secs
				[ascissa_rettangolo tried 2/2] 2.2 secs
				[ordinata_rettangolo tried 2/2] 2.2 secs
				[larghezza_rettangolo tried 2/2] 2.2 secs

Best literal allineato_al_centro_verticale(F,E) (8.4 bits)


State (47104/49152 [9/10], 23.3 bits available)

				[= tried 6/6] 2.2 secs
				[tipo_testo tried 3/4] 2.2 secs
				[tipo_linea_orizzontale tried 4/4] 2.2 secs
				[tipo_misto tried 3/4] 2.2 secs
				[tipo_linea_obbliqua tried 4/4] 2.2 secs
				[tipo_immagine tried 4/4] 2.2 secs
				[tipo_vuoto tried 4/4] 2.2 secs
				[ultima_pagina tried 1/1] 2.2 secs
				[frame tried 6/7] 2.2 secs
				[pagina_1 tried 2/3] 2.2 secs
				[on_top tried 12/16] 2.3 secs
				[to_right tried 9/16] 2.3 secs

	Save clause ending with to_right(F,C) (cover 9, accuracy 100%)

Best literal to_right(F,C) (8.4 bits)

Initial clause (0 errs): class_svln(A) :- pagina_1(A,B), frame(B,C), tipo_misto(C), on_top(D,C), to_right(D,C), allineato_al_centro_verticale(D,E), on_top(E,C), to_right(E,C), to_right(D,E), on_top(D,E), tipo_testo(D), on_top(F,D), allineato_al_centro_verticale(F,E), to_right(F,C).
		on_top(D,C) needed for binding allineato_al_centro_verticale(D,E)
		frame(B,C) needed for binding tipo_misto(C)
		pagina_1(A,B) needed for binding frame(B,C)

Clause 2: class_svln(A) :- pagina_1(A,B), frame(B,C), tipo_misto(C), on_top(D,C), allineato_al_centro_verticale(D,E), to_right(E,C), to_right(D,E), on_top(D,E), on_top(F,D), allineato_al_centro_verticale(F,E), to_right(F,C).

State (9/263, 70.9 bits available)

				[pagina_1 tried 1/1] 2.3 secs
				[numero_pagine tried 1/1] 2.3 secs

Best literal pagina_1(A,B) (1.0 bits)


State (18/526 [9/263], 69.9 bits available, 1 weak literal)

				[ultima_pagina tried 1/1] 2.3 secs
				[frame tried 1/1] 2.3 secs
				[pagina_1 tried 1/3] 2.3 secs
				[numero_pagine tried 1/1] 2.3 secs
				[altezza_pagina tried 1/1] 2.3 secs
				[larghezza_pagina tried 1/1] 2.3 secs

Best literal frame(B,C) (2.6 bits)


State (288/12184 [9/263], 68.3 bits available, 2 weak literals)

				[tipo_testo tried 1/1] 2.3 secs
				[tipo_linea_orizzontale tried 1/1] 2.3 secs
				[tipo_misto tried 1/1] 2.3 secs
				[tipo_linea_obbliqua tried 1/1] 2.3 secs
				[tipo_immagine tried 1/1] 2.3 secs
				[tipo_vuoto tried 1/1] 2.3 secs
				[ultima_pagina tried 1/1] 2.3 secs
				[frame tried 1/3] 2.3 secs
				[pagina_1 tried 2/3] 2.3 secs
				[on_top tried 2/2] 2.3 secs
				[to_right tried 2/2] 2.3 secs
				[allineato_al_centro_verticale tried 2/2] 2.3 secs
				[allineato_al_centro_orizzontale tried 2/2] 2.3 secs
				[numero_pagine tried 1/1] 2.3 secs
				[altezza_pagina tried 1/1] 2.3 secs
				[larghezza_pagina tried 1/1] 2.3 secs
				[altezza_rettangolo tried 1/1] 2.3 secs
				[ascissa_rettangolo tried 1/1] 2.3 secs
				[ordinata_rettangolo tried 1/1] 2.3 secs
				[larghezza_rettangolo tried 1/1] 2.3 secs

Best literal tipo_misto(C) (4.3 bits)


State (48/468 [8/95], 60.0 bits available)

				[tipo_testo tried 1/1] 2.3 secs
				[tipo_linea_orizzontale tried 1/1] 2.3 secs
				[tipo_misto tried 0/1] 2.3 secs
				[tipo_linea_obbliqua tried 1/1] 2.3 secs
				[tipo_immagine tried 1/1] 2.3 secs
				[tipo_vuoto tried 1/1] 2.3 secs
				[ultima_pagina tried 1/1] 2.3 secs
				[frame tried 2/3] 2.3 secs
				[pagina_1 tried 2/3] 2.3 secs
				[on_top tried 2/2] 2.3 secs
				[to_right tried 2/2] 2.3 secs
				[allineato_al_centro_verticale tried 2/2] 2.3 secs
				[allineato_al_centro_orizzontale tried 2/2] 2.3 secs
				[numero_pagine tried 1/1] 2.3 secs
				[altezza_pagina tried 1/1] 2.3 secs
				[larghezza_pagina tried 1/1] 2.3 secs
				[altezza_rettangolo tried 1/1] 2.3 secs
				[ascissa_rettangolo tried 1/1] 2.3 secs
				[ordinata_rettangolo tried 1/1] 2.3 secs
				[larghezza_rettangolo tried 1/1] 2.3 secs

Best literal on_top(D,C) (5.3 bits)


State (648/3648 [8/59], 56.6 bits available)

				[= tried 1/1] 2.3 secs
				[tipo_testo tried 2/2] 2.3 secs
				[tipo_linea_orizzontale tried 2/2] 2.3 secs
				[tipo_misto tried 1/2] 2.3 secs
				[tipo_linea_obbliqua tried 2/2] 2.3 secs
				[tipo_immagine tried 2/2] 2.3 secs
				[tipo_vuoto tried 2/2] 2.3 secs
				[ultima_pagina tried 1/1] 2.3 secs
				[frame tried 4/5] 2.3 secs
				[pagina_1 tried 2/3] 2.3 secs
				[on_top tried 4/6] 2.3 secs
				[to_right tried 6/6] 2.3 secs
				[allineato_al_centro_verticale tried 6/6] 2.3 secs
				[allineato_al_centro_orizzontale tried 4/6] 2.3 secs
				[numero_pagine tried 1/1] 2.3 secs
				[altezza_pagina tried 1/1] 2.3 secs
				[larghezza_pagina tried 1/1] 2.3 secs
				[altezza_rettangolo tried 2/2] 2.3 secs
				[ascissa_rettangolo tried 2/2] 2.3 secs
				[ordinata_rettangolo tried 2/2] 2.3 secs
				[larghezza_rettangolo tried 2/2] 2.3 secs

	Save allineato_al_centro_verticale(E,D) (8,55 value 16.7)

Best literal allineato_al_centro_verticale(D,E) (7.0 bits)


State (2848/9824 [8/52], 52.0 bits available)

				[= tried 3/3] 2.3 secs
				[tipo_testo tried 3/3] 2.4 secs
				[tipo_linea_orizzontale tried 3/3] 2.4 secs
				[tipo_misto tried 2/3] 2.4 secs
				[tipo_linea_obbliqua tried 3/3] 2.4 secs
				[tipo_immagine tried 3/3] 2.4 secs
				[tipo_vuoto tried 3/3] 2.4 secs
				[ultima_pagina tried 1/1] 2.4 secs
				[frame tried 5/6] 2.4 secs
				[pagina_1 tried 2/3] 2.4 secs
				[on_top tried 9/10] 2.4 secs
				[to_right tried 10/10] 2.4 secs
				[allineato_al_centro_verticale tried 8/10] 2.4 secs
				[allineato_al_centro_orizzontale tried 6/10] 2.4 secs
				[numero_pagine tried 1/1] 2.4 secs
				[altezza_pagina tried 1/1] 2.4 secs
				[larghezza_pagina tried 1/1] 2.4 secs
				[altezza_rettangolo tried 2/2] 2.4 secs
				[ascissa_rettangolo tried 2/2] 2.4 secs
				[ordinata_rettangolo tried 2/2] 2.4 secs
				[larghezza_rettangolo tried 2/2] 2.4 secs

Best literal allineato_al_centro_verticale(F,D) (7.7 bits)


State (11712/29664 [7/38], 41.0 bits available)

				[= tried 6/6] 2.4 secs
				[tipo_testo tried 4/4] 2.4 secs
				[tipo_linea_orizzontale tried 4/4] 2.4 secs
				[tipo_misto tried 3/4] 2.4 secs
				[tipo_linea_obbliqua tried 4/4] 2.4 secs
				[tipo_immagine tried 4/4] 2.4 secs
				[tipo_vuoto tried 4/4] 2.4 secs
				[ultima_pagina tried 1/1] 2.4 secs
				[frame tried 6/7] 2.4 secs
				[pagina_1 tried 2/3] 2.4 secs
				[on_top tried 15/16] 2.4 secs
				[to_right tried 16/16] 2.5 secs
				[allineato_al_centro_verticale tried 12/16] 2.5 secs
				[allineato_al_centro_orizzontale tried 10/16] 2.5 secs
				[numero_pagine tried 1/1] 2.5 secs
				[altezza_pagina tried 1/1] 2.5 secs
				[larghezza_pagina tried 1/1] 2.5 secs
				[altezza_rettangolo tried 2/2] 2.5 secs
				[ascissa_rettangolo tried 2/2] 2.5 secs
				[ordinata_rettangolo tried 2/2] 2.5 secs
				[larghezza_rettangolo tried 2/2] 2.5 secs

	Save tipo_misto(E) (2,18 value 4.1)

Best literal to_right(D,F) (8.4 bits)


State (8320/14272 [6/24], 29.4 bits available)

				[= tried 6/6] 2.5 secs
				[tipo_testo tried 4/4] 2.5 secs
				[tipo_linea_orizzontale tried 4/4] 2.5 secs
				[tipo_misto tried 3/4] 2.5 secs
				[tipo_linea_obbliqua tried 4/4] 2.5 secs
				[tipo_immagine tried 4/4] 2.5 secs
				[tipo_vuoto tried 4/4] 2.5 secs
				[ultima_pagina tried 1/1] 2.5 secs
				[frame tried 6/7] 2.5 secs
				[pagina_1 tried 2/3] 2.5 secs
				[on_top tried 15/16] 2.5 secs
				[to_right tried 15/16] 2.6 secs
				[allineato_al_centro_verticale tried 13/16] 2.6 secs
				[allineato_al_centro_orizzontale tried 10/16] 2.6 secs
				[numero_pagine tried 1/1] 2.6 secs
				[altezza_pagina tried 1/1] 2.6 secs
				[larghezza_pagina tried 1/1] 2.6 secs
				[altezza_rettangolo tried 2/2] 2.6 secs
				[ascissa_rettangolo tried 2/2] 2.6 secs
				[ordinata_rettangolo tried 2/2] 2.6 secs
				[larghezza_rettangolo tried 2/2] 2.6 secs

Best literal allineato_al_centro_verticale(G,C) (8.4 bits)


State (67584/94336 [3/14], 4.3 bits available)

				[= requires 8.7 bits]
				[tipo_testo tried 5/5] 2.6 secs
				[tipo_linea_orizzontale tried 5/5] 2.6 secs
				[tipo_misto tried 4/5] 2.6 secs
				[tipo_linea_obbliqua tried 5/5] 2.6 secs
				[tipo_immagine tried 5/5] 2.6 secs
				[tipo_vuoto tried 5/5] 2.6 secs
				[ultima_pagina tried 1/1] 2.6 secs
				[frame requires 7.6 bits]
				[pagina_1 tried 2/3] 2.6 secs
				[on_top requires 9.1 bits]
				[to_right requires 9.1 bits]
				[allineato_al_centro_verticale requires 9.1 bits]
				[allineato_al_centro_orizzontale requires 9.1 bits]
				[numero_pagine tried 1/1] 2.7 secs
				[altezza_pagina tried 1/1] 2.7 secs
				[larghezza_pagina tried 1/1] 2.7 secs
				[altezza_rettangolo tried 3/3] 2.7 secs
				[ascissa_rettangolo tried 3/3] 2.7 secs
				[ordinata_rettangolo tried 3/3] 2.7 secs
				[larghezza_rettangolo tried 3/3] 2.7 secs

Best literal tipo_testo(D) (6.7 bits)


State (55808/74880 [3/13], 0.7 bits available)

				[= requires 8.7 bits]
				[tipo_testo requires 6.7 bits]
				[tipo_linea_orizzontale requires 6.7 bits]
				[tipo_misto requires 6.7 bits]
				[tipo_linea_obbliqua requires 6.7 bits]
				[tipo_immagine requires 6.7 bits]
				[tipo_vuoto requires 6.7 bits]
				[ultima_pagina requires 4.4 bits]
				[frame requires 7.6 bits]
				[pagina_1 requires 6.0 bits]
				[on_top requires 9.1 bits]
				[to_right requires 9.1 bits]
				[allineato_al_centro_verticale requires 9.1 bits]
				[allineato_al_centro_orizzontale requires 9.1 bits]
				[numero_pagine requires 4.4 bits]
				[altezza_pagina requires 4.4 bits]
				[larghezza_pagina requires 4.4 bits]
				[altezza_rettangolo requires 6.0 bits]
				[ascissa_rettangolo requires 6.0 bits]
				[ordinata_rettangolo requires 6.0 bits]
				[larghezza_rettangolo requires 6.0 bits]

No literals

Recover to class_svln(A) :- pagina_1(A,B), frame(B,C), tipo_misto(C), on_top(D,C), allineato_al_centro_verticale(E,D).



State (2896/9952 [8/55], 52.0 bits available)

				[= tried 3/3] 2.7 secs
				[tipo_testo tried 3/3] 2.7 secs
				[tipo_linea_orizzontale tried 3/3] 2.7 secs
				[tipo_misto tried 2/3] 2.7 secs
				[tipo_linea_obbliqua tried 3/3] 2.7 secs
				[tipo_immagine tried 3/3] 2.7 secs
				[tipo_vuoto tried 3/3] 2.7 secs
				[ultima_pagina tried 1/1] 2.7 secs
				[frame tried 5/6] 2.7 secs
				[pagina_1 tried 2/3] 2.7 secs
				[on_top tried 9/10] 2.7 secs
				[to_right tried 10/10] 2.7 secs
				[allineato_al_centro_verticale tried 8/10] 2.7 secs
				[allineato_al_centro_orizzontale tried 6/10] 2.7 secs
				[numero_pagine tried 1/1] 2.7 secs
				[altezza_pagina tried 1/1] 2.7 secs
				[larghezza_pagina tried 1/1] 2.8 secs
				[altezza_rettangolo tried 2/2] 2.8 secs
				[ascissa_rettangolo tried 2/2] 2.8 secs
				[ordinata_rettangolo tried 2/2] 2.8 secs
				[larghezza_rettangolo tried 2/2] 2.8 secs

Best literal allineato_al_centro_verticale(D,F) (7.7 bits)


State (11712/29664 [7/38], 41.0 bits available)

				[= tried 6/6] 2.8 secs
				[tipo_testo tried 4/4] 2.8 secs
				[tipo_linea_orizzontale tried 4/4] 2.8 secs
				[tipo_misto tried 3/4] 2.8 secs
				[tipo_linea_obbliqua tried 4/4] 2.8 secs
				[tipo_immagine tried 4/4] 2.8 secs
				[tipo_vuoto tried 4/4] 2.8 secs
				[ultima_pagina tried 1/1] 2.8 secs
				[frame tried 6/7] 2.8 secs
				[pagina_1 tried 2/3] 2.8 secs
				[on_top tried 15/16] 2.8 secs
				[to_right tried 16/16] 2.8 secs
				[allineato_al_centro_verticale tried 12/16] 2.9 secs
				[allineato_al_centro_orizzontale tried 10/16] 2.9 secs
				[numero_pagine tried 1/1] 2.9 secs
				[altezza_pagina tried 1/1] 2.9 secs
				[larghezza_pagina tried 1/1] 2.9 secs
				[altezza_rettangolo tried 2/2] 2.9 secs
				[ascissa_rettangolo tried 2/2] 2.9 secs
				[ordinata_rettangolo tried 2/2] 2.9 secs
				[larghezza_rettangolo tried 2/2] 2.9 secs

	Save tipo_misto(F) (2,18 value 4.1)

Best literal to_right(D,E) (8.4 bits)


State (8320/14272 [6/24], 29.4 bits available)

				[= tried 6/6] 2.9 secs
				[tipo_testo tried 4/4] 2.9 secs
				[tipo_linea_orizzontale tried 4/4] 2.9 secs
				[tipo_misto tried 3/4] 2.9 secs
				[tipo_linea_obbliqua tried 4/4] 2.9 secs
				[tipo_immagine tried 4/4] 2.9 secs
				[tipo_vuoto tried 4/4] 2.9 secs
				[ultima_pagina tried 1/1] 2.9 secs
				[frame tried 6/7] 2.9 secs
				[pagina_1 tried 2/3] 2.9 secs
				[on_top tried 15/16] 2.9 secs
				[to_right tried 15/16] 2.9 secs
				[allineato_al_centro_verticale tried 13/16] 2.9 secs
				[allineato_al_centro_orizzontale tried 10/16] 2.9 secs
				[numero_pagine tried 1/1] 2.9 secs
				[altezza_pagina tried 1/1] 2.9 secs
				[larghezza_pagina tried 1/1] 2.9 secs
				[altezza_rettangolo tried 2/2] 2.9 secs
				[ascissa_rettangolo tried 2/2] 2.9 secs
				[ordinata_rettangolo tried 2/2] 2.9 secs
				[larghezza_rettangolo tried 2/2] 2.9 secs

Best literal allineato_al_centro_verticale(G,C) (8.4 bits)


State (67584/94336 [3/14], 4.3 bits available)

				[= requires 8.7 bits]
				[tipo_testo tried 5/5] 3.0 secs
				[tipo_linea_orizzontale tried 5/5] 3.0 secs
				[tipo_misto tried 4/5] 3.0 secs
				[tipo_linea_obbliqua tried 5/5] 3.0 secs
				[tipo_immagine tried 5/5] 3.0 secs
				[tipo_vuoto tried 5/5] 3.0 secs
				[ultima_pagina tried 1/1] 3.0 secs
				[frame requires 7.6 bits]
				[pagina_1 tried 2/3] 3.0 secs
				[on_top requires 9.1 bits]
				[to_right requires 9.1 bits]
				[allineato_al_centro_verticale requires 9.1 bits]
				[allineato_al_centro_orizzontale requires 9.1 bits]
				[numero_pagine tried 1/1] 3.0 secs
				[altezza_pagina tried 1/1] 3.0 secs
				[larghezza_pagina tried 1/1] 3.0 secs
				[altezza_rettangolo tried 3/3] 3.0 secs
				[ascissa_rettangolo tried 3/3] 3.1 secs
				[ordinata_rettangolo tried 3/3] 3.1 secs
				[larghezza_rettangolo tried 3/3] 3.1 secs

Best literal tipo_testo(D) (6.7 bits)


State (55808/74880 [3/13], 0.7 bits available)

				[= requires 8.7 bits]
				[tipo_testo requires 6.7 bits]
				[tipo_linea_orizzontale requires 6.7 bits]
				[tipo_misto requires 6.7 bits]
				[tipo_linea_obbliqua requires 6.7 bits]
				[tipo_immagine requires 6.7 bits]
				[tipo_vuoto requires 6.7 bits]
				[ultima_pagina requires 4.4 bits]
				[frame requires 7.6 bits]
				[pagina_1 requires 6.0 bits]
				[on_top requires 9.1 bits]
				[to_right requires 9.1 bits]
				[allineato_al_centro_verticale requires 9.1 bits]
				[allineato_al_centro_orizzontale requires 9.1 bits]
				[numero_pagine requires 4.4 bits]
				[altezza_pagina requires 4.4 bits]
				[larghezza_pagina requires 4.4 bits]
				[altezza_rettangolo requires 6.0 bits]
				[ascissa_rettangolo requires 6.0 bits]
				[ordinata_rettangolo requires 6.0 bits]
				[larghezza_rettangolo requires 6.0 bits]

No literals

Recover to class_svln(A) :- pagina_1(A,B), frame(B,C), tipo_misto(C), on_top(D,C), allineato_al_centro_verticale(D,E), allineato_al_centro_verticale(F,D), tipo_misto(E).



State (5664/11072 [2/18], 4.3 bits available)

				[= requires 8.0 bits]
				[tipo_testo tried 4/4] 3.1 secs
				[tipo_linea_orizzontale tried 4/4] 3.1 secs
				[tipo_misto tried 2/4] 3.1 secs
				[tipo_linea_obbliqua tried 4/4] 3.1 secs
				[tipo_immagine tried 4/4] 3.1 secs
				[tipo_vuoto tried 4/4] 3.1 secs
				[ultima_pagina tried 1/1] 3.1 secs
				[frame tried 6/7] 3.1 secs
				[pagina_1 tried 2/3] 3.1 secs
				[on_top requires 8.4 bits]
				[to_right requires 8.4 bits]
				[allineato_al_centro_verticale requires 8.4 bits]
				[allineato_al_centro_orizzontale requires 8.4 bits]
				[numero_pagine tried 1/1] 3.1 secs
				[altezza_pagina tried 1/1] 3.1 secs
				[larghezza_pagina tried 1/1] 3.1 secs
				[altezza_rettangolo tried 2/2] 3.1 secs
				[ascissa_rettangolo tried 2/2] 3.1 secs
				[ordinata_rettangolo tried 2/2] 3.1 secs
				[larghezza_rettangolo tried 2/2] 3.1 secs

No literals

Recover to class_svln(A) :- pagina_1(A,B), frame(B,C), tipo_misto(C), on_top(D,C), allineato_al_centro_verticale(E,D), allineato_al_centro_verticale(D,F), tipo_misto(F).



State (5664/11072 [2/18], 4.3 bits available)

				[= requires 8.0 bits]
				[tipo_testo tried 4/4] 3.1 secs
				[tipo_linea_orizzontale tried 4/4] 3.1 secs
				[tipo_misto tried 2/4] 3.1 secs
				[tipo_linea_obbliqua tried 4/4] 3.1 secs
				[tipo_immagine tried 4/4] 3.1 secs
				[tipo_vuoto tried 4/4] 3.1 secs
				[ultima_pagina tried 1/1] 3.1 secs
				[frame tried 6/7] 3.1 secs
				[pagina_1 tried 2/3] 3.1 secs
				[on_top requires 8.4 bits]
				[to_right requires 8.4 bits]
				[allineato_al_centro_verticale requires 8.4 bits]
				[allineato_al_centro_orizzontale requires 8.4 bits]
				[numero_pagine tried 1/1] 3.1 secs
				[altezza_pagina tried 1/1] 3.1 secs
				[larghezza_pagina tried 1/1] 3.1 secs
				[altezza_rettangolo tried 2/2] 3.1 secs
				[ascissa_rettangolo tried 2/2] 3.1 secs
				[ordinata_rettangolo tried 2/2] 3.1 secs
				[larghezza_rettangolo tried 2/2] 3.1 secs

No literals

Initial clause (16 errs): class_svln(A) :- pagina_1(A,B), frame(B,C), tipo_misto(C), on_top(D,C), allineato_al_centro_verticale(E,D), allineato_al_centro_verticale(D,F), tipo_misto(F).
		allineato_al_centro_verticale(D,F) needed for binding tipo_misto(F)
		on_top(D,C) needed for binding allineato_al_centro_verticale(E,D)
		frame(B,C) needed for binding tipo_misto(C)
		pagina_1(A,B) needed for binding frame(B,C)

Clause too inaccurate (2/18)

***  Warning: the following definition
***  matches 1 tuple not in the relation
***  does not cover 9 tuples in the relation

class_svln(A) :- pagina_1(A,B), frame(B,C), tipo_misto(C), to_right(D,C), allineato_al_centro_verticale(D,E), to_right(E,D), tipo_misto(E).
class_svln(A) :- pagina_1(A,B), frame(B,C), tipo_misto(C), to_right(D,C), on_top(D,C), allineato_al_centro_verticale(D,E), to_right(E,D), on_top(E,D).
class_svln(A) :- pagina_1(A,B), frame(B,C), tipo_misto(C), on_top(D,C), allineato_al_centro_verticale(D,E), to_right(E,C), to_right(D,E), on_top(D,E), on_top(F,D), allineato_al_centro_verticale(F,E), to_right(F,C).

Time 3.2 secs

Test relation class_svln
    (+)	d37290537
    (-)	d06090909541226395
Summary: 2 errors in 36 trials
