mar 19 ago 2014, 12.44.56, CEST
lusio-laptop
[settings]
        cache_clauselength=5
        caching=true
        check_useless=true
        clauselength=8
        clauses=8
        construct_bottom=saturation
        depth=15
        evalfn=coverage
        explore=false
        greedy=true
        gsamplesize=100
        i=10
        lazy_on_contradiction=true
        lazy_on_cost=false
        minpos=2
        nodes=50000
        noise=0
        print=4
        prior=0.19811320754717
        proof_strategy=restricted_sld
        prune_defs=false
        record=true
        recordfile=./svln_f1.log
        refine=false
        refineop=false
        rulefile=./svln_f1.rul
        samplesize=1
        search=bf
        splitvars=false
        stage=command
        test_neg=./svln_f1_test.n
        test_pos=./svln_f1_test.f
        thread=8
        train_neg=svln_f1.n
        train_pos=svln_f1.f
        verbosity=0
        version=2.7.5
[sat] [55]
[-------------------------------------]
[found clause]
class_svln(A) :-
   pagina_1(A,B), frame(B,C), altezza_rettangolo(C,0.24494949).
[pos-neg] [2]
[clause label] [[2,0,4,2]]
[clauses explored] [157]
[-------------------------------------]
[-------------------------------------]
[found clause]
class_svln(A) :-
   pagina_1(A,B), frame(B,C), ascissa_rettangolo(C,0.4852941), larghezza_rettangolo(C,0.5653595).
[pos-neg] [21]
[clause label] [[21,0,5,21]]
[clauses explored] [165]
[-------------------------------------]
[-------------------------------------]
[found clause]
class_svln(A) :-
   pagina_1(A,B), frame(B,C), altezza_rettangolo(C,0.021464646), tipo_misto(C).
[pos-neg] [22]
[clause label] [[22,0,5,22]]
[clauses explored] [243]
[-------------------------------------]
[-------------------------------------]
[found clause]
class_svln(A) :-
   pagina_1(A,B), frame(B,C), altezza_rettangolo(C,0.011363637), frame(B,D), 
   ascissa_rettangolo(D,0.4852941), tipo_misto(D).
[pos-neg] [24]
[clause label] [[24,0,7,24]]
[clauses explored] [44672]
[-------------------------------------]
[clauses constructed] [50000]
[search time] [12.921]
[best clause]
class_svln(A) :-
   pagina_1(A,B), frame(B,C), altezza_rettangolo(C,0.011363637), frame(B,D), 
   ascissa_rettangolo(D,0.4852941), tipo_misto(D).
[sat] [48]
[-------------------------------------]
[found clause]
class_svln(A) :-
   pagina_1(A,B), frame(B,C), larghezza_rettangolo(C,0.47549018).
[pos-neg] [11]
[clause label] [[11,0,4,11]]
[clauses explored] [38]
[-------------------------------------]
[-------------------------------------]
[found clause]
class_svln(A) :-
   pagina_1(A,B), frame(B,C), ordinata_rettangolo(C,0.8371212), tipo_misto(C).
[pos-neg] [12]
[clause label] [[12,0,5,12]]
[clauses explored] [160]
[-------------------------------------]
[-------------------------------------]
[found clause]
class_svln(A) :-
   pagina_1(A,B), frame(B,C), altezza_rettangolo(C,0.018939395), tipo_misto(C).
[pos-neg] [13]
[clause label] [[13,0,5,13]]
[clauses explored] [167]
[-------------------------------------]
[clauses constructed] [50000]
[search time] [44.91]
[best clause]
class_svln(A) :-
   pagina_1(A,B), frame(B,C), altezza_rettangolo(C,0.018939395), tipo_misto(C).
[sat] [43]
[-------------------------------------]
[found clause]
class_svln(A) :-
   pagina_1(A,B), frame(B,C), ordinata_rettangolo(C,0.12373737).
[pos-neg] [3]
[clause label] [[3,0,4,3]]
[clauses explored] [121]
[-------------------------------------]
[-------------------------------------]
[found clause]
class_svln(A) :-
   pagina_1(A,B), frame(B,C), ascissa_rettangolo(C,0.4869281), larghezza_rettangolo(C,0.47712418).
[pos-neg] [6]
[clause label] [[6,0,5,6]]
[clauses explored] [288]
[-------------------------------------]
[-------------------------------------]
[found clause]
class_svln(A) :-
   pagina_1(A,B), frame(B,C), allineato_al_centro_verticale(C,D), ascissa_rettangolo(C,0.48202613), 
   tipo_testo(C).
[pos-neg] [13]
[clause label] [[13,0,6,13]]
[clauses explored] [2836]
[-------------------------------------]
[-------------------------------------]
[found clause]
class_svln(A) :-
   pagina_1(A,B), frame(B,C), ascissa_rettangolo(C,0.48202613), on_top(C,D), 
   tipo_misto(D).
[pos-neg] [14]
[clause label] [[14,0,6,14]]
[clauses explored] [2852]
[-------------------------------------]
[clauses constructed] [50000]
[search time] [10.702]
[best clause]
class_svln(A) :-
   pagina_1(A,B), frame(B,C), ascissa_rettangolo(C,0.48202613), on_top(C,D), 
   tipo_misto(D).
[sat] [14]
[-------------------------------------]
[found clause]
class_svln(A) :-
   pagina_1(A,B), frame(B,C), ordinata_rettangolo(C,0.84090906), tipo_misto(C).
[pos-neg] [8]
[clause label] [[8,0,5,8]]
[clauses explored] [136]
[-------------------------------------]
[-------------------------------------]
[found clause]
class_svln(A) :-
   pagina_1(A,B), frame(B,C), ascissa_rettangolo(C,0.48366013), on_top(C,D), 
   tipo_misto(D).
[pos-neg] [9]
[clause label] [[9,0,6,9]]
[clauses explored] [1476]
[-------------------------------------]
[clauses constructed] [50000]
[search time] [14.984]
[best clause]
class_svln(A) :-
   pagina_1(A,B), frame(B,C), ascissa_rettangolo(C,0.48366013), on_top(C,D), 
   tipo_misto(D).
[sat] [30]
[-------------------------------------]
[found clause]
class_svln(A) :-
   pagina_1(A,B), frame(B,C), ascissa_rettangolo(C,0.4869281), larghezza_rettangolo(C,0.47712418).
[pos-neg] [2]
[clause label] [[2,0,5,2]]
[clauses explored] [148]
[-------------------------------------]
[-------------------------------------]
[found clause]
class_svln(A) :-
   pagina_1(A,B), frame(B,C), ascissa_rettangolo(C,0.4869281), on_top(C,D), 
   tipo_misto(D).
[pos-neg] [3]
[clause label] [[3,0,6,3]]
[clauses explored] [1293]
[-------------------------------------]
[clauses constructed] [1302]
[search time] [0.070999999999998]
[best clause]
class_svln(A) :-
   pagina_1(A,B), frame(B,C), ascissa_rettangolo(C,0.4869281), on_top(C,D), 
   tipo_misto(D).

[theory]

[Rule 1] [Pos cover = 24 Neg cover = 0]
class_svln(A) :-
   pagina_1(A,B), frame(B,C), altezza_rettangolo(C,0.011363637), frame(B,D), 
   ascissa_rettangolo(D,0.4852941), tipo_misto(D).
[pos-neg] [24]

[Rule 2] [Pos cover = 24 Neg cover = 0]
class_svln(A) :-
   pagina_1(A,B), frame(B,C), altezza_rettangolo(C,0.018939395), tipo_misto(C).
[pos-neg] [24]

[Rule 3] [Pos cover = 17 Neg cover = 0]
class_svln(A) :-
   pagina_1(A,B), frame(B,C), ascissa_rettangolo(C,0.48202613), on_top(C,D), 
   tipo_misto(D).
[pos-neg] [17]

[Rule 4] [Pos cover = 29 Neg cover = 0]
class_svln(A) :-
   pagina_1(A,B), frame(B,C), ascissa_rettangolo(C,0.48366013), on_top(C,D), 
   tipo_misto(D).
[pos-neg] [29]

[Rule 5] [Pos cover = 21 Neg cover = 0]
class_svln(A) :-
   pagina_1(A,B), frame(B,C), ascissa_rettangolo(C,0.4869281), on_top(C,D), 
   tipo_misto(D).
[pos-neg] [21]

[Training set performance]
           Actual
        +          -  
     + 63         0         63 
Pred 
     -  0         255        255 

       63        255        318 

Accuracy = 1.0
[Training set summary] [[63,0,0,255]]
[Test set performance]
          Actual
       +        - 
     + 6        0        6 
Pred 
     - 1        28        29 

       7        28        35 

Accuracy = 0.971428571428571
[Test set summary] [[6,0,1,28]]
[time taken] [83.894]

