mar 19 ago 2014, 12.49.52, CEST
lusio-laptop
[settings]
        cache_clauselength=5
        caching=true
        check_useless=true
        clauselength=8
        clauses=8
        construct_bottom=saturation
        depth=15
        evalfn=coverage
        explore=false
        greedy=true
        gsamplesize=100
        i=10
        lazy_on_contradiction=true
        lazy_on_cost=false
        minpos=2
        nodes=50000
        noise=0
        print=4
        prior=0.19811320754717
        proof_strategy=restricted_sld
        prune_defs=false
        record=true
        recordfile=./svln_f5.log
        refine=false
        refineop=false
        rulefile=./svln_f5.rul
        samplesize=1
        search=bf
        splitvars=false
        stage=command
        test_neg=./svln_f5_test.n
        test_pos=./svln_f5_test.f
        thread=8
        train_neg=svln_f5.n
        train_pos=svln_f5.f
        verbosity=0
        version=2.7.5
[sat] [20]
[-------------------------------------]
[found clause]
class_svln(A) :-
   pagina_1(A,B), frame(B,C), ordinata_rettangolo(C,0.72853535).
[pos-neg] [3]
[clause label] [[3,0,4,3]]
[clauses explored] [57]
[-------------------------------------]
[-------------------------------------]
[found clause]
class_svln(A) :-
   pagina_1(A,B), frame(B,C), larghezza_rettangolo(C,0.36601308).
[pos-neg] [14]
[clause label] [[14,0,4,14]]
[clauses explored] [175]
[-------------------------------------]
[-------------------------------------]
[found clause]
class_svln(A) :-
   pagina_1(A,B), frame(B,C), larghezza_rettangolo(C,0.47549018).
[pos-neg] [24]
[clause label] [[24,0,4,24]]
[clauses explored] [221]
[-------------------------------------]
[-------------------------------------]
[found clause]
class_svln(A) :-
   pagina_1(A,B), frame(B,C), ascissa_rettangolo(C,0.48366013), on_top(C,D), 
   tipo_misto(D).
[pos-neg] [30]
[clause label] [[30,0,6,30]]
[clauses explored] [6608]
[-------------------------------------]
[clauses constructed] [50000]
[search time] [20.803]
[best clause]
class_svln(A) :-
   pagina_1(A,B), frame(B,C), ascissa_rettangolo(C,0.48366013), on_top(C,D), 
   tipo_misto(D).
[sat] [34]
[-------------------------------------]
[found clause]
class_svln(A) :-
   pagina_1(A,B), frame(B,C), larghezza_rettangolo(C,0.47549018).
[pos-neg] [13]
[clause label] [[13,0,4,13]]
[clauses explored] [69]
[-------------------------------------]
[-------------------------------------]
[found clause]
class_svln(A) :-
   pagina_1(A,B), frame(B,C), ascissa_rettangolo(C,0.4852941), larghezza_rettangolo(C,0.5653595).
[pos-neg] [14]
[clause label] [[14,0,5,14]]
[clauses explored] [197]
[-------------------------------------]
[clauses constructed] [50000]
[search time] [17.632]
[best clause]
class_svln(A) :-
   pagina_1(A,B), frame(B,C), ascissa_rettangolo(C,0.4852941), larghezza_rettangolo(C,0.5653595).
[sat] [7]
[-------------------------------------]
[found clause]
class_svln(A) :-
   pagina_1(A,B), frame(B,C), larghezza_rettangolo(C,0.47549018).
[pos-neg] [5]
[clause label] [[5,0,4,5]]
[clauses explored] [67]
[-------------------------------------]
[-------------------------------------]
[found clause]
class_svln(A) :-
   pagina_1(A,B), frame(B,C), larghezza_rettangolo(C,0.5669935), tipo_misto(C).
[pos-neg] [7]
[clause label] [[7,0,5,7]]
[clauses explored] [137]
[-------------------------------------]
[-------------------------------------]
[found clause]
class_svln(A) :-
   pagina_1(A,B), frame(B,C), ascissa_rettangolo(C,0.4852941), larghezza_rettangolo(C,0.5669935).
[pos-neg] [8]
[clause label] [[8,0,5,8]]
[clauses explored] [176]
[-------------------------------------]
[clauses constructed] [50000]
[search time] [12.563]
[best clause]
class_svln(A) :-
   pagina_1(A,B), frame(B,C), ascissa_rettangolo(C,0.4852941), larghezza_rettangolo(C,0.5669935).
[sat] [26]
[-------------------------------------]
[found clause]
class_svln(A) :-
   pagina_1(A,B), frame(B,C), ascissa_rettangolo(C,0.375817), larghezza_rettangolo(C,0.3480392).
[pos-neg] [4]
[clause label] [[4,0,5,4]]
[clauses explored] [135]
[-------------------------------------]
[-------------------------------------]
[found clause]
class_svln(A) :-
   pagina_1(A,B), frame(B,C), ascissa_rettangolo(C,0.375817), ordinata_rettangolo(C,0.84090906).
[pos-neg] [5]
[clause label] [[5,0,5,5]]
[clauses explored] [136]
[-------------------------------------]
[-------------------------------------]
[found clause]
class_svln(A) :-
   pagina_1(A,B), frame(B,C), ascissa_rettangolo(C,0.375817), tipo_misto(C).
[pos-neg] [6]
[clause label] [[6,0,5,6]]
[clauses explored] [137]
[-------------------------------------]
[-------------------------------------]
[found clause]
class_svln(A) :-
   pagina_1(A,B), frame(B,C), ordinata_rettangolo(C,0.84090906), tipo_misto(C).
[pos-neg] [8]
[clause label] [[8,0,5,8]]
[clauses explored] [146]
[-------------------------------------]
[clauses constructed] [50000]
[search time] [14.179]
[best clause]
class_svln(A) :-
   pagina_1(A,B), frame(B,C), ordinata_rettangolo(C,0.84090906), tipo_misto(C).
[sat] [12]
[-------------------------------------]
[found clause]
class_svln(A) :-
   pagina_1(A,B), frame(B,C), ordinata_rettangolo(C,0.834596).
[pos-neg] [2]
[clause label] [[2,0,4,2]]
[clauses explored] [67]
[-------------------------------------]
[clauses constructed] [50000]
[search time] [10.036]
[best clause]
class_svln(A) :-
   pagina_1(A,B), frame(B,C), ordinata_rettangolo(C,0.834596).
[sat] [39]

[theory]

[Rule 1] [Pos cover = 30 Neg cover = 0]
class_svln(A) :-
   pagina_1(A,B), frame(B,C), ascissa_rettangolo(C,0.48366013), on_top(C,D), 
   tipo_misto(D).
[pos-neg] [30]

[Rule 2] [Pos cover = 22 Neg cover = 0]
class_svln(A) :-
   pagina_1(A,B), frame(B,C), ascissa_rettangolo(C,0.4852941), larghezza_rettangolo(C,0.5653595).
[pos-neg] [22]

[Rule 3] [Pos cover = 16 Neg cover = 0]
class_svln(A) :-
   pagina_1(A,B), frame(B,C), ascissa_rettangolo(C,0.4852941), larghezza_rettangolo(C,0.5669935).
[pos-neg] [16]

[Rule 4] [Pos cover = 21 Neg cover = 0]
class_svln(A) :-
   pagina_1(A,B), frame(B,C), ordinata_rettangolo(C,0.84090906), tipo_misto(C).
[pos-neg] [21]

[Rule 5] [Pos cover = 2 Neg cover = 0]
class_svln(A) :-
   pagina_1(A,B), frame(B,C), ordinata_rettangolo(C,0.834596).
[pos-neg] [2]

[Rule 6] [Pos cover = 1 Neg cover = 0]
class_svln(d37290171).
[pos-neg] [1]

[Training set performance]
           Actual
        +          -  
     + 63         0         63 
Pred 
     -  0         255        255 

       63        255        318 

Accuracy = 1.0
[Training set summary] [[63,0,0,255]]
[Test set performance]
          Actual
       +        - 
     + 7        0        7 
Pred 
     - 0        28        28 

       7        28        35 

Accuracy = 1.0
[Test set summary] [[7,0,0,28]]
[time taken] [75.597]

