mar 19 ago 2014, 12.52.52, CEST
lusio-laptop
[settings]
        cache_clauselength=5
        caching=true
        check_useless=true
        clauselength=8
        clauses=8
        construct_bottom=saturation
        depth=15
        evalfn=coverage
        explore=false
        greedy=true
        gsamplesize=100
        i=10
        lazy_on_contradiction=true
        lazy_on_cost=false
        minpos=2
        nodes=50000
        noise=0
        print=4
        prior=0.198738170347003
        proof_strategy=restricted_sld
        prune_defs=false
        record=true
        recordfile=./svln_f8.log
        refine=false
        refineop=false
        rulefile=./svln_f8.rul
        samplesize=1
        search=bf
        splitvars=false
        stage=command
        test_neg=./svln_f8_test.n
        test_pos=./svln_f8_test.f
        thread=8
        train_neg=svln_f8.n
        train_pos=svln_f8.f
        verbosity=0
        version=2.7.5
[sat] [30]
[-------------------------------------]
[found clause]
class_svln(A) :-
   pagina_1(A,B), frame(B,C), ordinata_rettangolo(C,0.16919191).
[pos-neg] [10]
[clause label] [[10,0,4,10]]
[clauses explored] [76]
[-------------------------------------]
[-------------------------------------]
[found clause]
class_svln(A) :-
   pagina_1(A,B), frame(B,C), larghezza_rettangolo(C,0.47549018).
[pos-neg] [25]
[clause label] [[25,0,4,25]]
[clauses explored] [144]
[-------------------------------------]
[clauses constructed] [50000]
[search time] [15.267]
[best clause]
class_svln(A) :-
   pagina_1(A,B), frame(B,C), larghezza_rettangolo(C,0.47549018).
[sat] [27]
[-------------------------------------]
[found clause]
class_svln(A) :-
   pagina_1(A,B), frame(B,C), altezza_rettangolo(C,0.28661618).
[pos-neg] [2]
[clause label] [[2,0,4,2]]
[clauses explored] [77]
[-------------------------------------]
[-------------------------------------]
[found clause]
class_svln(A) :-
   pagina_1(A,B), frame(B,C), ordinata_rettangolo(C,0.20328283).
[pos-neg] [7]
[clause label] [[7,0,4,7]]
[clauses explored] [112]
[-------------------------------------]
[-------------------------------------]
[found clause]
class_svln(A) :-
   pagina_1(A,B), frame(B,C), ascissa_rettangolo(C,0.375817), larghezza_rettangolo(C,0.3480392).
[pos-neg] [19]
[clause label] [[19,0,5,19]]
[clauses explored] [130]
[-------------------------------------]
[-------------------------------------]
[found clause]
class_svln(A) :-
   pagina_1(A,B), frame(B,C), ascissa_rettangolo(C,0.375817), tipo_misto(C).
[pos-neg] [21]
[clause label] [[21,0,5,21]]
[clauses explored] [132]
[-------------------------------------]
[clauses constructed] [50000]
[search time] [45.542]
[best clause]
class_svln(A) :-
   pagina_1(A,B), frame(B,C), ascissa_rettangolo(C,0.375817), tipo_misto(C).
[sat] [21]
[-------------------------------------]
[found clause]
class_svln(A) :-
   pagina_1(A,B), frame(B,C), ascissa_rettangolo(C,0.38235295), larghezza_rettangolo(C,0.3611111).
[pos-neg] [2]
[clause label] [[2,0,5,2]]
[clauses explored] [183]
[-------------------------------------]
[-------------------------------------]
[found clause]
class_svln(A) :-
   pagina_1(A,B), frame(B,C), ordinata_rettangolo(C,0.84090906), tipo_misto(C).
[pos-neg] [3]
[clause label] [[3,0,5,3]]
[clauses explored] [203]
[-------------------------------------]
[-------------------------------------]
[found clause]
class_svln(A) :-
   pagina_1(A,B), frame(B,C), ascissa_rettangolo(C,0.27124184), larghezza_rettangolo(C,0.13725491).
[pos-neg] [5]
[clause label] [[5,0,5,5]]
[clauses explored] [209]
[-------------------------------------]
[-------------------------------------]
[found clause]
class_svln(A) :-
   pagina_1(A,B), frame(B,C), ascissa_rettangolo(C,0.48366013), on_top(C,D), 
   tipo_misto(D).
[pos-neg] [7]
[clause label] [[7,0,6,7]]
[clauses explored] [1740]
[-------------------------------------]
[clauses constructed] [50000]
[search time] [12.771]
[best clause]
class_svln(A) :-
   pagina_1(A,B), frame(B,C), ascissa_rettangolo(C,0.48366013), on_top(C,D), 
   tipo_misto(D).
[sat] [50]
[-------------------------------------]
[found clause]
class_svln(A) :-
   pagina_1(A,B), frame(B,C), ordinata_rettangolo(C,0.834596).
[pos-neg] [2]
[clause label] [[2,0,4,2]]
[clauses explored] [48]
[-------------------------------------]
[-------------------------------------]
[found clause]
class_svln(A) :-
   pagina_1(A,B), frame(B,C), ordinata_rettangolo(C,0.12373737).
[pos-neg] [5]
[clause label] [[5,0,4,5]]
[clauses explored] [121]
[-------------------------------------]
[-------------------------------------]
[found clause]
class_svln(A) :-
   pagina_1(A,B), frame(B,C), larghezza_rettangolo(C,0.47712418).
[pos-neg] [7]
[clause label] [[7,0,4,7]]
[clauses explored] [174]
[-------------------------------------]
[clauses constructed] [50000]
[search time] [9.71900000000001]
[best clause]
class_svln(A) :-
   pagina_1(A,B), frame(B,C), larghezza_rettangolo(C,0.47712418).
[sat] [12]
[-------------------------------------]
[found clause]
class_svln(A) :-
   pagina_1(A,B), frame(B,C), ascissa_rettangolo(C,0.27124184), larghezza_rettangolo(C,0.13725491).
[pos-neg] [3]
[clause label] [[3,0,5,3]]
[clauses explored] [262]
[-------------------------------------]
[clauses constructed] [270]
[search time] [0.0150000000000006]
[best clause]
class_svln(A) :-
   pagina_1(A,B), frame(B,C), ascissa_rettangolo(C,0.27124184), larghezza_rettangolo(C,0.13725491).

[theory]

[Rule 1] [Pos cover = 25 Neg cover = 0]
class_svln(A) :-
   pagina_1(A,B), frame(B,C), larghezza_rettangolo(C,0.47549018).
[pos-neg] [25]

[Rule 2] [Pos cover = 21 Neg cover = 0]
class_svln(A) :-
   pagina_1(A,B), frame(B,C), ascissa_rettangolo(C,0.375817), tipo_misto(C).
[pos-neg] [21]

[Rule 3] [Pos cover = 28 Neg cover = 0]
class_svln(A) :-
   pagina_1(A,B), frame(B,C), ascissa_rettangolo(C,0.48366013), on_top(C,D), 
   tipo_misto(D).
[pos-neg] [28]

[Rule 4] [Pos cover = 12 Neg cover = 0]
class_svln(A) :-
   pagina_1(A,B), frame(B,C), larghezza_rettangolo(C,0.47712418).
[pos-neg] [12]

[Rule 5] [Pos cover = 19 Neg cover = 0]
class_svln(A) :-
   pagina_1(A,B), frame(B,C), ascissa_rettangolo(C,0.27124184), larghezza_rettangolo(C,0.13725491).
[pos-neg] [19]

[Training set performance]
           Actual
        +          -  
     + 63         0         63 
Pred 
     -  0         254        254 

       63        254        317 

Accuracy = 1.0
[Training set summary] [[63,0,0,254]]
[Test set performance]
          Actual
       +        - 
     + 6        1        7 
Pred 
     - 1        28        29 

       7        29        36 

Accuracy = 0.944444444444444
[Test set summary] [[6,1,1,28]]
[time taken] [83.624]

