mar 19 ago 2014, 12.51.08, CEST
lusio-laptop
[settings]
        cache_clauselength=5
        caching=true
        check_useless=true
        clauselength=8
        clauses=8
        construct_bottom=saturation
        depth=15
        evalfn=coverage
        explore=false
        greedy=true
        gsamplesize=100
        i=10
        lazy_on_contradiction=true
        lazy_on_cost=false
        minpos=2
        nodes=50000
        noise=0
        print=4
        prior=0.19811320754717
        proof_strategy=restricted_sld
        prune_defs=false
        record=true
        recordfile=./svln_f6.log
        refine=false
        refineop=false
        rulefile=./svln_f6.rul
        samplesize=1
        search=bf
        splitvars=false
        stage=command
        test_neg=./svln_f6_test.n
        test_pos=./svln_f6_test.f
        thread=8
        train_neg=svln_f6.n
        train_pos=svln_f6.f
        verbosity=0
        version=2.7.5
[sat] [35]
[-------------------------------------]
[found clause]
class_svln(A) :-
   pagina_1(A,B), frame(B,C), ordinata_rettangolo(C,0.6679293).
[pos-neg] [5]
[clause label] [[5,0,4,5]]
[clauses explored] [69]
[-------------------------------------]
[-------------------------------------]
[found clause]
class_svln(A) :-
   pagina_1(A,B), frame(B,C), ascissa_rettangolo(C,0.4852941), larghezza_rettangolo(C,0.5669935).
[pos-neg] [16]
[clause label] [[16,0,5,16]]
[clauses explored] [165]
[-------------------------------------]
[-------------------------------------]
[found clause]
class_svln(A) :-
   pagina_1(A,B), frame(B,C), altezza_rettangolo(C,0.021464646), tipo_misto(C).
[pos-neg] [20]
[clause label] [[20,0,5,20]]
[clauses explored] [259]
[-------------------------------------]
[-------------------------------------]
[found clause]
class_svln(A) :-
   pagina_1(A,B), frame(B,C), altezza_rettangolo(C,0.011363637), on_top(C,D), 
   ascissa_rettangolo(D,0.4852941), tipo_misto(D).
[pos-neg] [23]
[clause label] [[23,0,7,23]]
[clauses explored] [46257]
[-------------------------------------]
[-------------------------------------]
[found clause]
class_svln(A) :-
   pagina_1(A,B), frame(B,C), altezza_rettangolo(C,0.011363637), frame(B,D), 
   ascissa_rettangolo(D,0.4852941), tipo_misto(D).
[pos-neg] [25]
[clause label] [[25,0,7,25]]
[clauses explored] [46323]
[-------------------------------------]
[clauses constructed] [50000]
[search time] [13.359]
[best clause]
class_svln(A) :-
   pagina_1(A,B), frame(B,C), altezza_rettangolo(C,0.011363637), frame(B,D), 
   ascissa_rettangolo(D,0.4852941), tipo_misto(D).
[sat] [54]
[-------------------------------------]
[found clause]
class_svln(A) :-
   pagina_1(A,B), frame(B,C), larghezza_rettangolo(C,0.47549018).
[pos-neg] [11]
[clause label] [[11,0,4,11]]
[clauses explored] [86]
[-------------------------------------]
[-------------------------------------]
[found clause]
class_svln(A) :-
   pagina_1(A,B), frame(B,C), altezza_rettangolo(C,0.018939395), tipo_misto(C).
[pos-neg] [12]
[clause label] [[12,0,5,12]]
[clauses explored] [280]
[-------------------------------------]
[-------------------------------------]
[found clause]
class_svln(A) :-
   pagina_1(A,B), frame(B,C), ascissa_rettangolo(C,0.48366013), on_top(C,D), 
   tipo_misto(D).
[pos-neg] [19]
[clause label] [[19,0,6,19]]
[clauses explored] [2570]
[-------------------------------------]
[clauses constructed] [50000]
[search time] [12.243]
[best clause]
class_svln(A) :-
   pagina_1(A,B), frame(B,C), ascissa_rettangolo(C,0.48366013), on_top(C,D), 
   tipo_misto(D).
[sat] [37]
[-------------------------------------]
[found clause]
class_svln(A) :-
   pagina_1(A,B), frame(B,C), larghezza_rettangolo(C,0.5653595).
[pos-neg] [4]
[clause label] [[4,0,4,4]]
[clauses explored] [68]
[-------------------------------------]
[-------------------------------------]
[found clause]
class_svln(A) :-
   pagina_1(A,B), frame(B,C), ordinata_rettangolo(C,0.12373737).
[pos-neg] [6]
[clause label] [[6,0,4,6]]
[clauses explored] [75]
[-------------------------------------]
[-------------------------------------]
[found clause]
class_svln(A) :-
   pagina_1(A,B), frame(B,C), altezza_rettangolo(C,0.016414141), ascissa_rettangolo(C,0.4852941), 
   on_top(C,D), tipo_misto(D).
[pos-neg] [7]
[clause label] [[7,0,7,7]]
[clauses explored] [12406]
[-------------------------------------]
[clauses constructed] [50000]
[search time] [13.921]
[best clause]
class_svln(A) :-
   pagina_1(A,B), frame(B,C), altezza_rettangolo(C,0.016414141), ascissa_rettangolo(C,0.4852941), 
   on_top(C,D), tipo_misto(D).
[sat] [17]
[-------------------------------------]
[found clause]
class_svln(A) :-
   pagina_1(A,B), frame(B,C), larghezza_rettangolo(C,0.46895424).
[pos-neg] [3]
[clause label] [[3,0,4,3]]
[clauses explored] [102]
[-------------------------------------]
[-------------------------------------]
[found clause]
class_svln(A) :-
   pagina_1(A,B), frame(B,C), ascissa_rettangolo(C,0.48202613), tipo_testo(C).
[pos-neg] [7]
[clause label] [[7,0,5,7]]
[clauses explored] [229]
[-------------------------------------]
[-------------------------------------]
[found clause]
class_svln(A) :-
   pagina_1(A,B), frame(B,C), ordinata_rettangolo(C,0.84090906), tipo_misto(C).
[pos-neg] [8]
[clause label] [[8,0,5,8]]
[clauses explored] [237]
[-------------------------------------]
[clauses constructed] [50000]
[search time] [10.847]
[best clause]
class_svln(A) :-
   pagina_1(A,B), frame(B,C), ordinata_rettangolo(C,0.84090906), tipo_misto(C).
[sat] [32]
[-------------------------------------]
[found clause]
class_svln(A) :-
   pagina_1(A,B), frame(B,C), altezza_rettangolo(C,0.16287878), ascissa_rettangolo(C,0.4852941).
[pos-neg] [2]
[clause label] [[2,0,5,2]]
[clauses explored] [197]
[-------------------------------------]
[-------------------------------------]
[found clause]
class_svln(A) :-
   pagina_1(A,B), frame(B,C), altezza_rettangolo(C,0.16287878), on_top(C,D), 
   tipo_misto(D).
[pos-neg] [3]
[clause label] [[3,0,6,3]]
[clauses explored] [2452]
[-------------------------------------]
[clauses constructed] [50000]
[search time] [8.848]
[best clause]
class_svln(A) :-
   pagina_1(A,B), frame(B,C), altezza_rettangolo(C,0.16287878), on_top(C,D), 
   tipo_misto(D).
[sat] [12]

[theory]

[Rule 1] [Pos cover = 25 Neg cover = 0]
class_svln(A) :-
   pagina_1(A,B), frame(B,C), altezza_rettangolo(C,0.011363637), frame(B,D), 
   ascissa_rettangolo(D,0.4852941), tipo_misto(D).
[pos-neg] [25]

[Rule 2] [Pos cover = 28 Neg cover = 0]
class_svln(A) :-
   pagina_1(A,B), frame(B,C), ascissa_rettangolo(C,0.48366013), on_top(C,D), 
   tipo_misto(D).
[pos-neg] [28]

[Rule 3] [Pos cover = 14 Neg cover = 0]
class_svln(A) :-
   pagina_1(A,B), frame(B,C), altezza_rettangolo(C,0.016414141), ascissa_rettangolo(C,0.4852941), 
   on_top(C,D), tipo_misto(D).
[pos-neg] [14]

[Rule 4] [Pos cover = 20 Neg cover = 0]
class_svln(A) :-
   pagina_1(A,B), frame(B,C), ordinata_rettangolo(C,0.84090906), tipo_misto(C).
[pos-neg] [20]

[Rule 5] [Pos cover = 5 Neg cover = 0]
class_svln(A) :-
   pagina_1(A,B), frame(B,C), altezza_rettangolo(C,0.16287878), on_top(C,D), 
   tipo_misto(D).
[pos-neg] [5]

[Rule 6] [Pos cover = 1 Neg cover = 0]
class_svln(d37290127).
[pos-neg] [1]

[Training set performance]
           Actual
        +          -  
     + 63         0         63 
Pred 
     -  0         255        255 

       63        255        318 

Accuracy = 1.0
[Training set summary] [[63,0,0,255]]
[Test set performance]
          Actual
       +        - 
     + 5        0        5 
Pred 
     - 2        28        30 

       7        28        35 

Accuracy = 0.942857142857143
[Test set summary] [[5,0,2,28]]
[time taken] [59.597]

