./run.py
mlj started at 10:50:46
---Fold 0 started at 10:50:46
---Fold 0 ended in: 0:02:22.892649
---Fold 1 started at 10:53:09
---Fold 1 ended in: 0:04:18.557353
---Fold 2 started at 10:57:28
---Fold 2 ended in: 0:04:47.881002
---Fold 3 started at 11:02:16
---Fold 3 ended in: 0:04:29.419479
---Fold 4 started at 11:06:45
---Fold 4 ended in: 0:04:46.395089
---Fold 5 started at 11:11:32
---Fold 5 ended in: 0:04:25.253382
---Fold 6 started at 11:15:57
---Fold 6 ended in: 0:05:36.912906
---Fold 7 started at 11:21:34
---Fold 7 ended in: 0:04:56.384816
---Fold 8 started at 11:26:30
---Fold 8 ended in: 0:08:53.007029
---Fold 9 started at 11:35:23
---Fold 9 ended in: 0:05:42.300671
mlj ended in 0:50:19.004795
---------------------------------------------------
