./run.py
elsevier started at 11:01:11
---Fold 0 started at 11:01:11
---Fold 0 ended in: 0:01:07.420187
---Fold 1 started at 11:02:18
---Fold 1 ended in: 0:01:01.548477
---Fold 2 started at 11:03:20
---Fold 2 ended in: 0:01:02.835115
---Fold 3 started at 11:04:22
---Fold 3 ended in: 0:00:52.029641
---Fold 4 started at 11:05:15
---Fold 4 ended in: 0:00:49.625426
---Fold 5 started at 11:06:04
---Fold 5 ended in: 0:00:51.361754
---Fold 6 started at 11:06:56
---Fold 6 ended in: 0:01:01.812113
---Fold 7 started at 11:07:57
---Fold 7 ended in: 0:01:02.918118
---Fold 8 started at 11:09:00
---Fold 8 ended in: 0:00:52.163519
---Fold 9 started at 11:09:52
---Fold 9 ended in: 0:00:52.159813
elsevier ended in 0:09:33.875592
---------------------------------------------------
jmlr started at 11:13:25
---Fold 0 started at 11:13:25
---Fold 0 ended in: 0:00:52.134475
---Fold 1 started at 11:14:17
---Fold 1 ended in: 0:01:08.411522
---Fold 2 started at 11:15:26
---Fold 2 ended in: 0:00:49.018030
---Fold 3 started at 11:16:15
---Fold 3 ended in: 0:00:37.047886
---Fold 4 started at 11:16:52
---Fold 4 ended in: 0:01:06.183307
---Fold 5 started at 11:17:58
---Fold 5 ended in: 0:01:08.136606
---Fold 6 started at 11:19:06
---Fold 6 ended in: 0:01:07.164949
---Fold 7 started at 11:20:13
---Fold 7 ended in: 0:01:08.588528
---Fold 8 started at 11:21:22
---Fold 8 ended in: 0:00:49.511986
---Fold 9 started at 11:22:11
---Fold 9 ended in: 0:00:51.310390
jmlr ended in 0:09:37.509020
---------------------------------------------------
svln started at 11:29:28
---Fold 0 started at 11:29:28
---Fold 0 ended in: 0:02:00.530260
---Fold 1 started at 11:31:29
---Fold 1 ended in: 0:01:44.300624
---Fold 2 started at 11:33:13
---Fold 2 ended in: 0:01:51.603866
---Fold 3 started at 11:35:05
---Fold 3 ended in: 0:01:50.864874
---Fold 4 started at 11:36:56
---Fold 4 ended in: 0:02:26.154421
---Fold 5 started at 11:39:22
---Fold 5 ended in: 0:01:51.111796
---Fold 6 started at 11:41:13
---Fold 6 ended in: 0:01:52.075417
---Fold 7 started at 11:43:05
---Fold 7 ended in: 0:01:13.255981
---Fold 8 started at 11:44:18
---Fold 8 ended in: 0:01:50.508668
---Fold 9 started at 11:46:09
---Fold 9 ended in: 0:02:06.025209
svln ended in 0:18:46.432464
---------------------------------------------------
