
[settings]
        abduce=false
        cache_clauselength=5
        caching=true
        check_good=false
        check_redundant=false
        check_useless=true
        clauselength=8
        clauses=8
        condition=false
        confidence=0.95
        construct_bottom=saturation
        depth=15
        evalfn=coverage
        explore=false
        good=false
        greedy=true
        gsamplesize=100
        i=10
        interactive=false
        language=(+inf)
        lazy_negs=false
        lazy_on_contradiction=false
        lazy_on_cost=false
        lookahead=1
        max_abducibles=2
        max_features=(+inf)
        minacc=0.0
        mingain=0.05
        minpos=2
        minposfrac=0
        minscore=(-inf)
        moves=5
        newvars=(+inf)
        nodes=50000
        noise=0
        nreduce_bottom=false
        openlist=(+inf)
        optimise_clauses=false
        permute_bottom=false
        portray_examples=false
        portray_hypothesis=false
        portray_literals=false
        portray_search=false
        print=4
        prior=[0.283018867924528-pos,0.716981132075472-neg]
        proof_strategy=restricted_sld
        prooftime=(+inf)
        prune_tree=false
        record=true
        recordfile=./jmlr_f1.log
        recordfile_stream=$stream(5)
        refine=false
        refineop=false
        resample=1
        rls_type=gsat
        rulefile=./jmlr_f1.rul
        samplesize=0
        search=bf
        searchstrat=bf
        searchtime=(+inf)
        skolemvars=10000
        splitvars=false
        stage=command
        store_bottom=false
        subsample=false
        subsamplesize=(+inf)
        test_neg=./jmlr_f1_test.n
        test_pos=./jmlr_f1_test.f
        thread=8
        threads=1
        train_neg=jmlr_f1.n
        train_pos=jmlr_f1.f
        tries=10
        typeoverlap=0.95
        uniform_sample=false
        updateback=true
        verbosity=0
        version=5
[sat] [1]
[-------------------------------------]
[found clause]
class_jmlr(A) :-
   pagina_1(A,B), frame(B,C), ordinata_rettangolo(C,0.5858586).
[pos cover = 2 neg cover = 0] [pos-neg] [2]
[clause label] [[2,0,4,2]]
[clauses constructed] [57]
[-------------------------------------]
[-------------------------------------]
[found clause]
class_jmlr(A) :-
   pagina_1(A,B), frame(B,C), larghezza_rettangolo(C,0.083333336).
[pos cover = 17 neg cover = 0] [pos-neg] [17]
[clause label] [[17,0,4,17]]
[clauses constructed] [78]
[-------------------------------------]
[-------------------------------------]
[found clause]
class_jmlr(A) :-
   pagina_1(A,B), frame(B,C), larghezza_rettangolo(C,0.7075163).
[pos cover = 46 neg cover = 0] [pos-neg] [46]
[clause label] [[46,0,4,46]]
[clauses constructed] [102]
[-------------------------------------]
[-------------------------------------]
[found clause]
class_jmlr(A) :-
   pagina_1(A,B), frame(B,C), ordinata_rettangolo(C,0.92171717).
[pos cover = 75 neg cover = 0] [pos-neg] [75]
[clause label] [[75,0,4,75]]
[clauses constructed] [103]
[-------------------------------------]
[-------------------------------------]
[found clause]
class_jmlr(A) :-
   pagina_1(A,B), frame(B,C), ascissa_rettangolo(C,0.498366), on_top(C,D), 
   altezza_rettangolo(D,0.01010101).
[pos cover = 76 neg cover = 0] [pos-neg] [76]
[clause label] [[76,0,6,76]]
[clauses constructed] [3809]
[-------------------------------------]
[-------------------------------------]
[found clause]
class_jmlr(A) :-
   pagina_1(A,B), frame(B,C), ascissa_rettangolo(C,0.498366), frame(B,D), 
   allineato_al_centro_orizzontale(D,E).
[pos cover = 85 neg cover = 0] [pos-neg] [85]
[clause label] [[85,0,6,85]]
[clauses constructed] [3904]
[-------------------------------------]
[clauses constructed] [50000]
[search time] [30.121]
[best clause]
class_jmlr(A) :-
   pagina_1(A,B), frame(B,C), ascissa_rettangolo(C,0.498366), frame(B,D), 
   allineato_al_centro_orizzontale(D,E).
[positive examples left] [5]
[estimated time to finish (secs)] [1.77182352941176]
[sat] [13]
[-------------------------------------]
[found clause]
class_jmlr(A) :-
   pagina_1(A,B), frame(B,C), ordinata_rettangolo(C,0.058080807).
[pos cover = 2 neg cover = 0] [pos-neg] [2]
[clause label] [[2,0,4,2]]
[clauses constructed] [100]
[-------------------------------------]
[clauses constructed] [50000]
[search time] [15.005]
[best clause]
class_jmlr(A) :-
   pagina_1(A,B), frame(B,C), ordinata_rettangolo(C,0.058080807).
[positive examples left] [3]
[estimated time to finish (secs)] [1.55606896551724]
[sat] [19]
[-------------------------------------]
[found clause]
class_jmlr(A) :-
   pagina_1(A,B), frame(B,C), ordinata_rettangolo(C,0.27525252), frame(B,D), 
   altezza_rettangolo(D,0.0088383835).
[pos cover = 2 neg cover = 0] [pos-neg] [2]
[clause label] [[2,0,6,2]]
[clauses constructed] [6299]
[-------------------------------------]
[clauses constructed] [50000]
[search time] [11.985]
[best clause]
class_jmlr(A) :-
   pagina_1(A,B), frame(B,C), ordinata_rettangolo(C,0.27525252), frame(B,D), 
   altezza_rettangolo(D,0.0088383835).
[positive examples left] [1]
[estimated time to finish (secs)] [0.641696629213483]
[sat] [21]
[positive examples left] [0]
[estimated time to finish (secs)] [0.0]

[theory]

[Rule 1] [Pos cover = 85 Neg cover = 0]
class_jmlr(A) :-
   pagina_1(A,B), frame(B,C), ascissa_rettangolo(C,0.498366), frame(B,D), 
   allineato_al_centro_orizzontale(D,E).

[Rule 2] [Pos cover = 37 Neg cover = 0]
class_jmlr(A) :-
   pagina_1(A,B), frame(B,C), ordinata_rettangolo(C,0.058080807).

[Rule 3] [Pos cover = 4 Neg cover = 0]
class_jmlr(A) :-
   pagina_1(A,B), frame(B,C), ordinata_rettangolo(C,0.27525252), frame(B,D), 
   altezza_rettangolo(D,0.0088383835).

[Training set performance]
           Actual
        +          -  
     + 89         0         89 
Pred 
     -  1         228        229 

       90        228        318 

Accuracy = 0.99685534591195
[Training set summary] [[89,0,1,228]]
[Test set performance]
          Actual
       +        - 
     + 10        0        10 
Pred 
     - 0        25        25 

       10        25        35 

Accuracy = 1.0
[Test set summary] [[10,0,0,25]]
[time taken] [57.683]

[total clauses constructed] [150000]
