
[settings]
        abduce=false
        cache_clauselength=5
        caching=true
        check_good=false
        check_redundant=false
        check_useless=true
        clauselength=8
        clauses=8
        condition=false
        confidence=0.95
        construct_bottom=saturation
        depth=15
        evalfn=coverage
        explore=false
        good=false
        greedy=true
        gsamplesize=100
        i=10
        interactive=false
        language=(+inf)
        lazy_negs=false
        lazy_on_contradiction=false
        lazy_on_cost=false
        lookahead=1
        max_abducibles=2
        max_features=(+inf)
        minacc=0.0
        mingain=0.05
        minpos=2
        minposfrac=0
        minscore=(-inf)
        moves=5
        newvars=(+inf)
        nodes=50000
        noise=0
        nreduce_bottom=false
        openlist=(+inf)
        optimise_clauses=false
        permute_bottom=false
        portray_examples=false
        portray_hypothesis=false
        portray_literals=false
        portray_search=false
        print=4
        prior=[0.28391167192429-pos,0.71608832807571-neg]
        proof_strategy=restricted_sld
        prooftime=(+inf)
        prune_tree=false
        record=true
        recordfile=./jmlr_f9.log
        recordfile_stream=$stream(5)
        refine=false
        refineop=false
        resample=1
        rls_type=gsat
        rulefile=./jmlr_f9.rul
        samplesize=0
        search=bf
        searchstrat=bf
        searchtime=(+inf)
        skolemvars=10000
        splitvars=false
        stage=command
        store_bottom=false
        subsample=false
        subsamplesize=(+inf)
        test_neg=./jmlr_f9_test.n
        test_pos=./jmlr_f9_test.f
        thread=8
        threads=1
        train_neg=jmlr_f9.n
        train_pos=jmlr_f9.f
        tries=10
        typeoverlap=0.95
        uniform_sample=false
        updateback=true
        verbosity=0
        version=5
[sat] [1]
[-------------------------------------]
[found clause]
class_jmlr(A) :-
   pagina_1(A,B), frame(B,C), larghezza_rettangolo(C,0.083333336).
[pos cover = 15 neg cover = 0] [pos-neg] [15]
[clause label] [[15,0,4,15]]
[clauses constructed] [78]
[-------------------------------------]
[-------------------------------------]
[found clause]
class_jmlr(A) :-
   pagina_1(A,B), frame(B,C), larghezza_rettangolo(C,0.7075163).
[pos cover = 45 neg cover = 0] [pos-neg] [45]
[clause label] [[45,0,4,45]]
[clauses constructed] [102]
[-------------------------------------]
[-------------------------------------]
[found clause]
class_jmlr(A) :-
   pagina_1(A,B), frame(B,C), ordinata_rettangolo(C,0.92171717).
[pos cover = 75 neg cover = 0] [pos-neg] [75]
[clause label] [[75,0,4,75]]
[clauses constructed] [103]
[-------------------------------------]
[-------------------------------------]
[found clause]
class_jmlr(A) :-
   pagina_1(A,B), frame(B,C), ascissa_rettangolo(C,0.498366), on_top(C,D), 
   altezza_rettangolo(D,0.01010101).
[pos cover = 76 neg cover = 0] [pos-neg] [76]
[clause label] [[76,0,6,76]]
[clauses constructed] [3805]
[-------------------------------------]
[-------------------------------------]
[found clause]
class_jmlr(A) :-
   pagina_1(A,B), frame(B,C), ascissa_rettangolo(C,0.498366), frame(B,D), 
   allineato_al_centro_orizzontale(D,E).
[pos cover = 85 neg cover = 0] [pos-neg] [85]
[clause label] [[85,0,6,85]]
[clauses constructed] [3900]
[-------------------------------------]
[clauses constructed] [50000]
[search time] [29.613]
[best clause]
class_jmlr(A) :-
   pagina_1(A,B), frame(B,C), ascissa_rettangolo(C,0.498366), frame(B,D), 
   allineato_al_centro_orizzontale(D,E).
[positive examples left] [5]
[estimated time to finish (secs)] [1.74194117647059]
[sat] [23]
[-------------------------------------]
[found clause]
class_jmlr(A) :-
   pagina_1(A,B), frame(B,C), ordinata_rettangolo(C,0.058080807).
[pos cover = 2 neg cover = 0] [pos-neg] [2]
[clause label] [[2,0,4,2]]
[clauses constructed] [100]
[-------------------------------------]
[-------------------------------------]
[found clause]
class_jmlr(A) :-
   pagina_1(A,B), frame(B,C), altezza_rettangolo(C,0.01010101), on_top(C,D), 
   ascissa_rettangolo(D,0.5).
[pos cover = 3 neg cover = 0] [pos-neg] [3]
[clause label] [[3,0,6,3]]
[clauses constructed] [9841]
[-------------------------------------]
[clauses constructed] [50000]
[search time] [12.418]
[best clause]
class_jmlr(A) :-
   pagina_1(A,B), frame(B,C), altezza_rettangolo(C,0.01010101), on_top(C,D), 
   ascissa_rettangolo(D,0.5).
[positive examples left] [2]
[estimated time to finish (secs)] [0.95525]
[sat] [31]
[-------------------------------------]
[found clause]
class_jmlr(A) :-
   pagina_1(A,B), frame(B,C), larghezza_rettangolo(C,0.70261437).
[pos cover = 2 neg cover = 0] [pos-neg] [2]
[clause label] [[2,0,4,2]]
[clauses constructed] [239]
[-------------------------------------]
[clauses constructed] [253]
[search time] [0.0169999999999959]
[best clause]
class_jmlr(A) :-
   pagina_1(A,B), frame(B,C), larghezza_rettangolo(C,0.70261437).
[positive examples left] [0]
[estimated time to finish (secs)] [0.0]

[theory]

[Rule 1] [Pos cover = 85 Neg cover = 0]
class_jmlr(A) :-
   pagina_1(A,B), frame(B,C), ascissa_rettangolo(C,0.498366), frame(B,D), 
   allineato_al_centro_orizzontale(D,E).

[Rule 2] [Pos cover = 31 Neg cover = 0]
class_jmlr(A) :-
   pagina_1(A,B), frame(B,C), altezza_rettangolo(C,0.01010101), on_top(C,D), 
   ascissa_rettangolo(D,0.5).

[Rule 3] [Pos cover = 2 Neg cover = 0]
class_jmlr(A) :-
   pagina_1(A,B), frame(B,C), larghezza_rettangolo(C,0.70261437).

[Training set performance]
           Actual
        +          -  
     + 90         0         90 
Pred 
     -  0         227        227 

       90        227        317 

Accuracy = 1.0
[Training set summary] [[90,0,0,227]]
[Test set performance]
          Actual
       +        - 
     + 10        1        11 
Pred 
     - 0        25        25 

       10        26        36 

Accuracy = 0.972222222222222
[Test set summary] [[10,1,0,25]]
[time taken] [42.423]

[total clauses constructed] [100253]
