FOIL 6.4   [January 1996]
--------

    Options:
	no negated literals
	verbosity level 2

Types Documento and Pagina are not compatible
Types Documento and Frame are not compatible
Types Documento and NumeroPagine are not compatible
Types Documento and LarghezzaPagina are not compatible
Types Documento and AltezzaPagina are not compatible
Types Documento and AscissaRettangolo are not compatible
Types Documento and OrdinataRettangolo are not compatible
Types Documento and LarghezzaRettangolo are not compatible
Types Documento and AltezzaRettangolo are not compatible
Types Pagina and Frame are not compatible
Types Pagina and NumeroPagine are not compatible
Types Pagina and LarghezzaPagina are not compatible
Types Pagina and AltezzaPagina are not compatible
Types Pagina and AscissaRettangolo are not compatible
Types Pagina and OrdinataRettangolo are not compatible
Types Pagina and LarghezzaRettangolo are not compatible
Types Pagina and AltezzaRettangolo are not compatible
Types Frame and NumeroPagine are not compatible
Types Frame and LarghezzaPagina are not compatible
Types Frame and AltezzaPagina are not compatible
Types Frame and AscissaRettangolo are not compatible
Types Frame and OrdinataRettangolo are not compatible
Types Frame and LarghezzaRettangolo are not compatible
Types Frame and AltezzaRettangolo are not compatible
Types NumeroPagine and LarghezzaPagina are not compatible
Types NumeroPagine and AltezzaPagina are not compatible
Types NumeroPagine and AscissaRettangolo are not compatible
Types NumeroPagine and OrdinataRettangolo are not compatible
Types NumeroPagine and LarghezzaRettangolo are not compatible
Types NumeroPagine and AltezzaRettangolo are not compatible
Types LarghezzaPagina and AltezzaPagina are not compatible
Types LarghezzaPagina and AscissaRettangolo are not compatible
Types LarghezzaPagina and OrdinataRettangolo are not compatible
Types LarghezzaPagina and LarghezzaRettangolo are not compatible
Types LarghezzaPagina and AltezzaRettangolo are not compatible
Types AltezzaPagina and AscissaRettangolo are not compatible
Types AltezzaPagina and OrdinataRettangolo are not compatible
Types AltezzaPagina and LarghezzaRettangolo are not compatible
Types AltezzaPagina and AltezzaRettangolo are not compatible
Types AscissaRettangolo and OrdinataRettangolo are not compatible
Types AscissaRettangolo and LarghezzaRettangolo are not compatible
Types AscissaRettangolo and AltezzaRettangolo are not compatible
Types OrdinataRettangolo and LarghezzaRettangolo are not compatible
Types OrdinataRettangolo and AltezzaRettangolo are not compatible
Types LarghezzaRettangolo and AltezzaRettangolo are not compatible

Relation class_elsevier

Relation *allineato_al_centro_orizzontale

Relation *allineato_al_centro_verticale

Relation *altezza_pagina

Relation *larghezza_pagina

Relation *altezza_rettangolo

Relation *ascissa_rettangolo

Relation *ordinata_rettangolo

Relation *larghezza_rettangolo

Relation *frame

Relation *numero_pagine

Relation *on_top

Relation *to_right

Relation *pagina_1

Relation *ultima_pagina

Relation *tipo_immagine

Relation *tipo_linea_obbliqua

Relation *tipo_linea_orizzontale

Relation *tipo_misto

Relation *tipo_testo

Relation *tipo_vuoto

----------
class_elsevier:

State (55/318, 237.1 bits available)

				[pagina_1 tried 1/1] 0.1 secs
				[numero_pagine tried 1/1] 0.1 secs

Determinate literals
	pagina_1(A,B)


State (55/318, 237.1 bits available, 1 weak literal)

				[ultima_pagina tried 1/1] 0.1 secs
				[frame tried 1/1] 0.1 secs
				[pagina_1 tried 1/3] 0.1 secs
				[altezza_pagina tried 1/1] 0.1 secs
				[larghezza_pagina tried 1/1] 0.1 secs
				[numero_pagine tried 1/1] 0.1 secs

Best literal frame(B,C) (2.6 bits)


State (709/3508 [55/318], 234.5 bits available, 2 weak literals)

				[tipo_testo tried 1/1] 0.1 secs
				[tipo_linea_orizzontale tried 1/1] 0.1 secs
				[tipo_misto tried 1/1] 0.1 secs
				[tipo_linea_obbliqua tried 1/1] 0.1 secs
				[tipo_immagine tried 1/1] 0.1 secs
				[tipo_vuoto tried 1/1] 0.1 secs
				[ultima_pagina tried 1/1] 0.1 secs
				[frame tried 1/3] 0.1 secs
				[pagina_1 tried 2/3] 0.1 secs
				[on_top tried 2/2] 0.1 secs
				[to_right tried 2/2] 0.1 secs
				[allineato_al_centro_verticale tried 2/2] 0.1 secs
				[allineato_al_centro_orizzontale tried 2/2] 0.1 secs
				[altezza_pagina tried 1/1] 0.1 secs
				[larghezza_pagina tried 1/1] 0.1 secs
				[altezza_rettangolo tried 1/1] 0.1 secs
				[ascissa_rettangolo tried 1/1] 0.1 secs
				[ordinata_rettangolo tried 1/1] 0.1 secs
				[larghezza_rettangolo tried 1/1] 0.1 secs
				[numero_pagine tried 1/1] 0.1 secs

	Save allineato_al_centro_verticale(D,C) (55,317 value 0.2)
	Save tipo_linea_orizzontale(C) (47,64 value 97.4)

Best literal allineato_al_centro_verticale(C,D) (5.3 bits)


State (1942/4977 [55/317], 230.2 bits available)

				[= tried 1/1] 0.1 secs
				[tipo_testo tried 2/2] 0.1 secs
				[tipo_linea_orizzontale tried 2/2] 0.1 secs
				[tipo_misto tried 2/2] 0.1 secs
				[tipo_linea_obbliqua tried 2/2] 0.1 secs
				[tipo_immagine tried 2/2] 0.1 secs
				[tipo_vuoto tried 2/2] 0.1 secs
				[ultima_pagina tried 1/1] 0.1 secs
				[frame tried 4/5] 0.1 secs
				[pagina_1 tried 2/3] 0.1 secs
				[on_top tried 6/6] 0.1 secs
				[to_right tried 6/6] 0.1 secs
				[allineato_al_centro_verticale tried 4/6] 0.1 secs
				[allineato_al_centro_orizzontale tried 4/6] 0.1 secs
				[altezza_pagina tried 1/1] 0.1 secs
				[larghezza_pagina tried 1/1] 0.1 secs
				[altezza_rettangolo tried 2/2] 0.1 secs
				[ascissa_rettangolo tried 2/2] 0.1 secs
				[ordinata_rettangolo tried 2/2] 0.1 secs
				[larghezza_rettangolo tried 2/2] 0.1 secs
				[numero_pagine tried 1/1] 0.1 secs

	Save clause ending with tipo_linea_orizzontale(C) (cover 47, accuracy 92%)

	Save allineato_al_centro_verticale(E,C) (55,312 value 1.5)
	Save allineato_al_centro_verticale(D,E) (55,312 value 1.5)

Best literal allineato_al_centro_verticale(E,D) (7.0 bits)


State (11104/20783 [55/317], 224.8 bits available, 1 weak literal)

				[= tried 3/3] 0.1 secs
				[tipo_testo tried 3/3] 0.1 secs
				[tipo_linea_orizzontale tried 3/3] 0.1 secs
				[tipo_misto tried 3/3] 0.1 secs
				[tipo_linea_obbliqua tried 3/3] 0.1 secs
				[tipo_immagine tried 3/3] 0.1 secs
				[tipo_vuoto tried 3/3] 0.1 secs
				[ultima_pagina tried 1/1] 0.1 secs
				[frame tried 5/6] 0.1 secs
				[pagina_1 tried 2/3] 0.1 secs
				[on_top tried 10/10] 0.2 secs
				[to_right tried 10/10] 0.2 secs
				[allineato_al_centro_verticale tried 7/10] 0.2 secs
				[allineato_al_centro_orizzontale tried 6/10] 0.2 secs
				[altezza_pagina tried 1/1] 0.2 secs
				[larghezza_pagina tried 1/1] 0.2 secs
				[altezza_rettangolo tried 2/2] 0.2 secs
				[ascissa_rettangolo tried 2/2] 0.2 secs
				[ordinata_rettangolo tried 2/2] 0.2 secs
				[larghezza_rettangolo tried 2/2] 0.2 secs
				[numero_pagine tried 1/1] 0.2 secs

	Save allineato_al_centro_verticale(C,F) (55,317 value 0.2)
	Save allineato_al_centro_verticale(D,F) (55,312 value 1.5)

Best literal allineato_al_centro_verticale(F,C) (7.7 bits)


State (31317/45340 [55/312], 219.1 bits available)

				[= tried 6/6] 0.2 secs
				[tipo_testo tried 4/4] 0.2 secs
				[tipo_linea_orizzontale tried 4/4] 0.2 secs
				[tipo_misto tried 4/4] 0.2 secs
				[tipo_linea_obbliqua tried 4/4] 0.2 secs
				[tipo_immagine tried 4/4] 0.2 secs
				[tipo_vuoto tried 4/4] 0.2 secs
				[ultima_pagina tried 1/1] 0.2 secs
				[frame tried 7/8] 0.2 secs
				[pagina_1 tried 2/3] 0.2 secs
				[on_top tried 18/18] 0.3 secs
				[to_right tried 18/18] 0.3 secs
				[allineato_al_centro_verticale tried 13/18] 0.4 secs
				[allineato_al_centro_orizzontale tried 9/18] 0.4 secs
				[altezza_pagina tried 1/1] 0.4 secs
				[larghezza_pagina tried 1/1] 0.4 secs
				[altezza_rettangolo tried 3/3] 0.4 secs
				[ascissa_rettangolo tried 3/3] 0.4 secs
				[ordinata_rettangolo tried 3/3] 0.4 secs
				[larghezza_rettangolo tried 3/3] 0.4 secs
				[numero_pagine tried 1/1] 0.4 secs

	Save clause ending with tipo_linea_orizzontale(C) (cover 47, accuracy 94%)

	Save allineato_al_centro_verticale(D,G) (55,290 value 7.3)

Best literal allineato_al_centro_verticale(G,F) (8.6 bits)


State (55894/68379 [55/290], 212.8 bits available)

				[= tried 10/10] 0.4 secs
				[tipo_testo tried 5/5] 0.4 secs
				[tipo_linea_orizzontale tried 5/5] 0.4 secs
				[tipo_misto tried 5/5] 0.4 secs
				[tipo_linea_obbliqua tried 5/5] 0.4 secs
				[tipo_immagine tried 5/5] 0.5 secs
				[tipo_vuoto tried 5/5] 0.5 secs
				[ultima_pagina tried 1/1] 0.5 secs
				[frame tried 8/9] 0.5 secs
				[pagina_1 tried 2/3] 0.5 secs
				[on_top tried 26/26] 0.6 secs
				[to_right tried 26/26] 0.7 secs
				[allineato_al_centro_verticale tried 20/26] 0.8 secs
				[allineato_al_centro_orizzontale tried 14/26] 0.8 secs
				[altezza_pagina tried 1/1] 0.8 secs
				[larghezza_pagina tried 1/1] 0.8 secs
				[altezza_rettangolo tried 3/3] 0.8 secs
				[ascissa_rettangolo tried 3/3] 0.8 secs
				[ordinata_rettangolo tried 3/3] 0.8 secs
				[larghezza_rettangolo tried 3/3] 0.8 secs
				[numero_pagine tried 1/1] 0.8 secs

	Save clause ending with tipo_linea_orizzontale(F) (cover 47, accuracy 97%)

	Save tipo_linea_orizzontale(C) (41,44 value 98.8)
	Save tipo_linea_orizzontale(D) (39,41 value 95.1)

Best literal allineato_al_centro_verticale(D,H) (9.1 bits)


State (53092/58863 [55/235], 206.3 bits available)

				[= tried 15/15] 0.9 secs
				[tipo_testo tried 6/6] 0.9 secs
				[tipo_linea_orizzontale tried 6/6] 0.9 secs
				[tipo_misto tried 6/6] 0.9 secs
				[tipo_linea_obbliqua tried 6/6] 0.9 secs
				[tipo_immagine tried 6/6] 0.9 secs
				[tipo_vuoto tried 6/6] 0.9 secs
				[ultima_pagina tried 1/1] 0.9 secs
				[frame tried 9/10] 0.9 secs
				[pagina_1 tried 2/3] 0.9 secs
				[on_top tried 36/36] 1.1 secs
				[to_right tried 36/36] 1.2 secs
				[allineato_al_centro_verticale tried 28/36] 1.3 secs
				[allineato_al_centro_orizzontale tried 21/36] 1.3 secs
				[altezza_pagina tried 1/1] 1.3 secs
				[larghezza_pagina tried 1/1] 1.3 secs
				[altezza_rettangolo tried 3/3] 1.3 secs
				[ascissa_rettangolo tried 3/3] 1.3 secs
				[ordinata_rettangolo tried 3/3] 1.3 secs
				[larghezza_rettangolo tried 3/3] 1.3 secs
				[numero_pagine tried 1/1] 1.4 secs

	Save clause ending with tipo_linea_orizzontale(H) (cover 37, accuracy 100%)

	Save tipo_linea_orizzontale(D) (36,36 value 90.4)
	Save tipo_linea_orizzontale(H) (37,37 value 92.9)
	Save tipo_linea_orizzontale(F) (43,44 value 106.5)

Best literal tipo_linea_orizzontale(C) (7.0 bits)


State (12103/12105 [41/42], 163.9 bits available)

				[= tried 15/15] 1.4 secs
				[tipo_testo tried 6/6] 1.4 secs
				[tipo_linea_orizzontale tried 5/6] 1.4 secs
				[tipo_misto tried 6/6] 1.4 secs
				[tipo_linea_obbliqua tried 6/6] 1.4 secs
				[tipo_immagine tried 6/6] 1.4 secs
				[tipo_vuoto tried 6/6] 1.4 secs
				[ultima_pagina tried 1/1] 1.4 secs
				[frame tried 9/10] 1.4 secs
				[pagina_1 tried 2/3] 1.4 secs
				[on_top tried 36/36] 1.4 secs
				[to_right tried 36/36] 1.4 secs
				[allineato_al_centro_verticale tried 28/36] 1.4 secs
				[allineato_al_centro_orizzontale tried 21/36] 1.4 secs
				[altezza_pagina tried 1/1] 1.4 secs
				[larghezza_pagina tried 1/1] 1.4 secs
				[altezza_rettangolo tried 3/3] 1.4 secs
				[ascissa_rettangolo tried 3/3] 1.5 secs
				[ordinata_rettangolo tried 3/3] 1.5 secs
				[larghezza_rettangolo tried 3/3] 1.5 secs
				[numero_pagine tried 1/1] 1.5 secs

	Save clause ending with E=G (cover 41, accuracy 100%)

	Save to_right(H,C) (40,40 value 100.4)
	Save to_right(D,C) (39,39 value 97.9)

Best literal allineato_al_centro_verticale(G,D) (9.6 bits)

[Replace by saved clause]

Initial clause (0 errs): class_elsevier(A) :- pagina_1(A,B), frame(B,C), allineato_al_centro_verticale(C,D), allineato_al_centro_verticale(E,D), allineato_al_centro_verticale(F,C), allineato_al_centro_verticale(G,F), allineato_al_centro_verticale(D,H), tipo_linea_orizzontale(C), E=G.
		allineato_al_centro_verticale(C,D) needed for binding allineato_al_centro_verticale(E,D)
		frame(B,C) needed for binding allineato_al_centro_verticale(C,D)
		pagina_1(A,B) needed for binding frame(B,C)

Clause 0: class_elsevier(A) :- pagina_1(A,B), frame(B,C), allineato_al_centro_verticale(C,D), allineato_al_centro_verticale(E,D), allineato_al_centro_verticale(F,C), allineato_al_centro_verticale(E,F), allineato_al_centro_verticale(D,H), tipo_linea_orizzontale(C).

State (14/277, 96.7 bits available)

				[pagina_1 tried 1/1] 1.5 secs
				[numero_pagine tried 1/1] 1.5 secs

Determinate literals
	pagina_1(A,B)


State (14/277, 96.7 bits available, 1 weak literal)

				[ultima_pagina tried 1/1] 1.5 secs
				[frame tried 1/1] 1.5 secs
				[pagina_1 tried 1/3] 1.5 secs
				[altezza_pagina tried 1/1] 1.5 secs
				[larghezza_pagina tried 1/1] 1.5 secs
				[numero_pagine tried 1/1] 1.5 secs

Best literal frame(B,C) (2.6 bits)


State (140/2939 [14/277], 94.1 bits available, 2 weak literals)

				[tipo_testo tried 1/1] 1.5 secs
				[tipo_linea_orizzontale tried 1/1] 1.5 secs
				[tipo_misto tried 1/1] 1.5 secs
				[tipo_linea_obbliqua tried 1/1] 1.5 secs
				[tipo_immagine tried 1/1] 1.5 secs
				[tipo_vuoto tried 1/1] 1.5 secs
				[ultima_pagina tried 1/1] 1.5 secs
				[frame tried 1/3] 1.5 secs
				[pagina_1 tried 2/3] 1.5 secs
				[on_top tried 2/2] 1.5 secs
				[to_right tried 2/2] 1.5 secs
				[allineato_al_centro_verticale tried 2/2] 1.5 secs
				[allineato_al_centro_orizzontale tried 2/2] 1.5 secs
				[altezza_pagina tried 1/1] 1.5 secs
				[larghezza_pagina tried 1/1] 1.5 secs
				[altezza_rettangolo tried 1/1] 1.5 secs
				[ascissa_rettangolo tried 1/1] 1.5 secs
				[ordinata_rettangolo tried 1/1] 1.5 secs
				[larghezza_rettangolo tried 1/1] 1.5 secs
				[numero_pagine tried 1/1] 1.5 secs

	Save allineato_al_centro_verticale(C,D) (14,276 value 0.1)
	Save tipo_linea_orizzontale(C) (6,23 value 14.6)

Best literal allineato_al_centro_verticale(D,C) (5.3 bits)


State (326/3361 [14/276], 89.8 bits available)

				[= tried 1/1] 1.5 secs
				[tipo_testo tried 2/2] 1.5 secs
				[tipo_linea_orizzontale tried 2/2] 1.5 secs
				[tipo_misto tried 2/2] 1.5 secs
				[tipo_linea_obbliqua tried 2/2] 1.5 secs
				[tipo_immagine tried 2/2] 1.5 secs
				[tipo_vuoto tried 2/2] 1.5 secs
				[ultima_pagina tried 1/1] 1.5 secs
				[frame tried 4/5] 1.5 secs
				[pagina_1 tried 2/3] 1.5 secs
				[on_top tried 6/6] 1.5 secs
				[to_right tried 6/6] 1.5 secs
				[allineato_al_centro_verticale tried 4/6] 1.5 secs
				[allineato_al_centro_orizzontale tried 6/6] 1.5 secs
				[altezza_pagina tried 1/1] 1.5 secs
				[larghezza_pagina tried 1/1] 1.5 secs
				[altezza_rettangolo tried 2/2] 1.5 secs
				[ascissa_rettangolo tried 2/2] 1.5 secs
				[ordinata_rettangolo tried 2/2] 1.5 secs
				[larghezza_rettangolo tried 2/2] 1.5 secs
				[numero_pagine tried 1/1] 1.5 secs

	Save allineato_al_centro_verticale(E,D) (14,271 value 0.4)
	Save allineato_al_centro_verticale(C,E) (14,271 value 0.4)
	Save tipo_misto(D) (12,65 value 22.4)
	Save tipo_linea_orizzontale(D) (6,10 value 21.4)

Best literal allineato_al_centro_verticale(D,E) (7.0 bits)


State (1566/11239 [14/276], 84.4 bits available, 1 weak literal)

				[= tried 3/3] 1.5 secs
				[tipo_testo tried 3/3] 1.5 secs
				[tipo_linea_orizzontale tried 3/3] 1.5 secs
				[tipo_misto tried 3/3] 1.5 secs
				[tipo_linea_obbliqua tried 3/3] 1.5 secs
				[tipo_immagine tried 3/3] 1.5 secs
				[tipo_vuoto tried 3/3] 1.5 secs
				[ultima_pagina tried 1/1] 1.5 secs
				[frame tried 5/6] 1.5 secs
				[pagina_1 tried 2/3] 1.5 secs
				[on_top tried 10/10] 1.5 secs
				[to_right tried 10/10] 1.5 secs
				[allineato_al_centro_verticale tried 7/10] 1.5 secs
				[allineato_al_centro_orizzontale tried 10/10] 1.5 secs
				[altezza_pagina tried 1/1] 1.5 secs
				[larghezza_pagina tried 1/1] 1.5 secs
				[altezza_rettangolo tried 2/2] 1.5 secs
				[ascissa_rettangolo tried 2/2] 1.5 secs
				[ordinata_rettangolo tried 2/2] 1.5 secs
				[larghezza_rettangolo tried 2/2] 1.5 secs
				[numero_pagine tried 1/1] 1.5 secs

	Save allineato_al_centro_verticale(C,F) (14,271 value 0.4)
	Save allineato_al_centro_verticale(F,C) (14,276 value 0.1)
	Save tipo_misto(D) (12,65 value 22.4)
	Save allineato_al_centro_verticale(F,D) (14,271 value 0.4)

Best literal tipo_linea_orizzontale(D) (6.0 bits)


State (283/312 [6/10], 37.2 bits available)

				[= tried 3/3] 1.5 secs
				[tipo_testo tried 3/3] 1.5 secs
				[tipo_linea_orizzontale tried 2/3] 1.5 secs
				[tipo_misto tried 3/3] 1.5 secs
				[tipo_linea_obbliqua tried 3/3] 1.5 secs
				[tipo_immagine tried 3/3] 1.5 secs
				[tipo_vuoto tried 3/3] 1.5 secs
				[ultima_pagina tried 1/1] 1.5 secs
				[frame tried 5/6] 1.5 secs
				[pagina_1 tried 2/3] 1.5 secs
				[on_top tried 10/10] 1.5 secs
				[to_right tried 10/10] 1.5 secs
				[allineato_al_centro_verticale tried 7/10] 1.5 secs
				[allineato_al_centro_orizzontale tried 6/10] 1.5 secs
				[altezza_pagina tried 1/1] 1.5 secs
				[larghezza_pagina tried 1/1] 1.5 secs
				[altezza_rettangolo tried 2/2] 1.5 secs
				[ascissa_rettangolo tried 2/2] 1.5 secs
				[ordinata_rettangolo tried 2/2] 1.5 secs
				[larghezza_rettangolo tried 2/2] 1.5 secs
				[numero_pagine tried 1/1] 1.5 secs

	Save to_right(C,D) (6,8 value 23.1)
	Save to_right(E,D) (6,8 value 23.1)
	Save allineato_al_centro_verticale(F,C) (6,10 value 21.4)

Best literal allineato_al_centro_verticale(C,F) (7.7 bits)


State (789/811 [6/9], 31.8 bits available)

				[= tried 6/6] 1.5 secs
				[tipo_testo tried 4/4] 1.5 secs
				[tipo_linea_orizzontale tried 3/4] 1.5 secs
				[tipo_misto tried 4/4] 1.5 secs
				[tipo_linea_obbliqua tried 4/4] 1.5 secs
				[tipo_immagine tried 4/4] 1.5 secs
				[tipo_vuoto tried 4/4] 1.5 secs
				[ultima_pagina tried 1/1] 1.5 secs
				[frame tried 7/8] 1.5 secs
				[pagina_1 tried 2/3] 1.5 secs
				[on_top tried 18/18] 1.5 secs
				[to_right tried 18/18] 1.5 secs
				[allineato_al_centro_verticale tried 13/18] 1.5 secs
				[allineato_al_centro_orizzontale tried 9/18] 1.5 secs
				[altezza_pagina tried 1/1] 1.5 secs
				[larghezza_pagina tried 1/1] 1.5 secs
				[altezza_rettangolo tried 3/3] 1.5 secs
				[ascissa_rettangolo tried 3/3] 1.5 secs
				[ordinata_rettangolo tried 3/3] 1.5 secs
				[larghezza_rettangolo tried 3/3] 1.5 secs
				[numero_pagine tried 1/1] 1.5 secs

	Save clause ending with on_top(C,D) (cover 6, accuracy 85%)

	Save allineato_al_centro_verticale(G,C) (6,9 value 22.2)
	Save allineato_al_centro_verticale(G,F) (6,9 value 22.2)
	Save on_top(C,D) (6,7 value 24.1)

Best literal allineato_al_centro_verticale(F,G) (8.6 bits)


State (1347/1353 [6/8], 25.8 bits available)

				[= tried 10/10] 1.5 secs
				[tipo_testo tried 5/5] 1.5 secs
				[tipo_linea_orizzontale tried 4/5] 1.5 secs
				[tipo_misto tried 5/5] 1.5 secs
				[tipo_linea_obbliqua tried 5/5] 1.5 secs
				[tipo_immagine tried 5/5] 1.5 secs
				[tipo_vuoto tried 5/5] 1.5 secs
				[ultima_pagina tried 1/1] 1.5 secs
				[frame tried 8/9] 1.5 secs
				[pagina_1 tried 2/3] 1.5 secs
				[on_top tried 26/26] 1.5 secs
				[to_right tried 26/26] 1.6 secs
				[allineato_al_centro_verticale tried 20/26] 1.6 secs
				[allineato_al_centro_orizzontale tried 14/26] 1.6 secs
				[altezza_pagina tried 1/1] 1.6 secs
				[larghezza_pagina tried 1/1] 1.6 secs
				[altezza_rettangolo tried 3/3] 1.6 secs
				[ascissa_rettangolo tried 3/3] 1.6 secs
				[ordinata_rettangolo tried 3/3] 1.6 secs
				[larghezza_rettangolo tried 3/3] 1.6 secs
				[numero_pagine tried 1/1] 1.6 secs

	Save clause ending with on_top(C,D) (cover 6, accuracy 100%)

	Save on_top(C,D) (6,6 value 25.3)
	Save allineato_al_centro_verticale(H,F) (6,8 value 23.1)
	Save on_top(F,G) (6,6 value 25.3)
	Save on_top(F,D) (6,6 value 25.3)

Best literal allineato_al_centro_verticale(C,H) (9.1 bits)


State (7161/7173 [6/8], 19.6 bits available, 1 weak literal)

				[= tried 15/15] 1.6 secs
				[tipo_testo tried 6/6] 1.6 secs
				[tipo_linea_orizzontale tried 5/6] 1.6 secs
				[tipo_misto tried 6/6] 1.6 secs
				[tipo_linea_obbliqua tried 6/6] 1.6 secs
				[tipo_immagine tried 6/6] 1.6 secs
				[tipo_vuoto tried 6/6] 1.6 secs
				[ultima_pagina tried 1/1] 1.6 secs
				[frame tried 10/11] 1.6 secs
				[pagina_1 tried 2/3] 1.6 secs
				[on_top tried 38/38] 1.6 secs
				[to_right tried 38/38] 1.6 secs
				[allineato_al_centro_verticale tried 30/38] 1.6 secs
				[allineato_al_centro_orizzontale tried 18/38] 1.6 secs
				[altezza_pagina tried 1/1] 1.6 secs
				[larghezza_pagina tried 1/1] 1.6 secs
				[altezza_rettangolo tried 4/4] 1.6 secs
				[ascissa_rettangolo tried 4/4] 1.6 secs
				[ordinata_rettangolo tried 4/4] 1.6 secs
				[larghezza_rettangolo tried 4/4] 1.6 secs
				[numero_pagine tried 1/1] 1.6 secs

	Save on_top(C,D) (6,6 value 25.3)
	Save on_top(F,G) (6,6 value 25.3)

Best literal allineato_al_centro_verticale(H,I) (9.6 bits)


State (16785/16791 [6/8], 12.9 bits available)

				[= tried 21/21] 1.6 secs
				[tipo_testo tried 7/7] 1.6 secs
				[tipo_linea_orizzontale tried 6/7] 1.6 secs
				[tipo_misto tried 7/7] 1.6 secs
				[tipo_linea_obbliqua tried 7/7] 1.6 secs
				[tipo_immagine tried 7/7] 1.6 secs
				[tipo_vuoto tried 7/7] 1.6 secs
				[ultima_pagina tried 1/1] 1.6 secs
				[frame tried 11/12] 1.7 secs
				[pagina_1 tried 2/3] 1.7 secs
				[on_top tried 50/50] 1.7 secs
				[to_right tried 50/50] 1.7 secs
				[allineato_al_centro_verticale tried 41/50] 1.8 secs
				[allineato_al_centro_orizzontale tried 26/50] 1.8 secs
				[altezza_pagina tried 1/1] 1.8 secs
				[larghezza_pagina tried 1/1] 1.8 secs
				[altezza_rettangolo tried 4/4] 1.8 secs
				[ascissa_rettangolo tried 4/4] 1.8 secs
				[ordinata_rettangolo tried 4/4] 1.8 secs
				[larghezza_rettangolo tried 4/4] 1.8 secs
				[numero_pagine tried 1/1] 1.8 secs

	Save on_top(F,I) (6,6 value 25.3)
	Save on_top(H,G) (6,6 value 25.3)
	Save on_top(F,G) (6,6 value 25.3)
	Save on_top(H,I) (6,6 value 25.3)

Best literal on_top(C,D) (10.0 bits)

[Replace by saved clause]

Initial clause (0 errs): class_elsevier(A) :- pagina_1(A,B), frame(B,C), allineato_al_centro_verticale(D,C), allineato_al_centro_verticale(D,E), tipo_linea_orizzontale(D), allineato_al_centro_verticale(C,F), allineato_al_centro_verticale(F,G), on_top(C,D).
		allineato_al_centro_verticale(C,F) needed for binding allineato_al_centro_verticale(F,G)
		allineato_al_centro_verticale(D,C) needed for binding tipo_linea_orizzontale(D)
		frame(B,C) needed for binding allineato_al_centro_verticale(D,C)
		pagina_1(A,B) needed for binding frame(B,C)

Clause 1: class_elsevier(A) :- pagina_1(A,B), frame(B,C), allineato_al_centro_verticale(D,C), tipo_linea_orizzontale(D), allineato_al_centro_verticale(C,E), allineato_al_centro_verticale(E,F), on_top(C,D).

State (8/271, 65.3 bits available)

				[pagina_1 tried 1/1] 1.8 secs
				[numero_pagine tried 1/1] 1.8 secs

Determinate literals
	pagina_1(A,B)


State (8/271, 65.3 bits available, 1 weak literal)

				[ultima_pagina tried 1/1] 1.8 secs
				[frame tried 1/1] 1.8 secs
				[pagina_1 tried 1/3] 1.8 secs
				[altezza_pagina tried 1/1] 1.8 secs
				[larghezza_pagina tried 1/1] 1.8 secs
				[numero_pagine tried 1/1] 1.8 secs

Best literal frame(B,C) (2.6 bits)


State (67/2866 [8/271], 62.7 bits available, 2 weak literals)

				[tipo_testo tried 1/1] 1.8 secs
				[tipo_linea_orizzontale tried 1/1] 1.8 secs
				[tipo_misto tried 1/1] 1.8 secs
				[tipo_linea_obbliqua tried 1/1] 1.8 secs
				[tipo_immagine tried 1/1] 1.8 secs
				[tipo_vuoto tried 1/1] 1.8 secs
				[ultima_pagina tried 1/1] 1.8 secs
				[frame tried 1/3] 1.8 secs
				[pagina_1 tried 2/3] 1.8 secs
				[on_top tried 2/2] 1.8 secs
				[to_right tried 2/2] 1.8 secs
				[allineato_al_centro_verticale tried 2/2] 1.8 secs
				[allineato_al_centro_orizzontale tried 2/2] 1.8 secs
				[altezza_pagina tried 1/1] 1.8 secs
				[larghezza_pagina tried 1/1] 1.8 secs
				[altezza_rettangolo tried 1/1] 1.8 secs
				[ascissa_rettangolo tried 1/1] 1.8 secs
				[ordinata_rettangolo tried 1/1] 1.8 secs
				[larghezza_rettangolo tried 1/1] 1.8 secs
				[numero_pagine tried 1/1] 1.8 secs

	Save allineato_al_centro_verticale(C,D) (8,270 value 0.0)
	Save allineato_al_centro_verticale(D,C) (8,270 value 0.0)

Best literal tipo_misto(C) (4.3 bits)


State (21/166 [8/101], 59.4 bits available)

				[tipo_testo tried 1/1] 1.8 secs
				[tipo_linea_orizzontale tried 1/1] 1.8 secs
				[tipo_misto tried 0/1] 1.8 secs
				[tipo_linea_obbliqua tried 1/1] 1.8 secs
				[tipo_immagine tried 1/1] 1.8 secs
				[tipo_vuoto tried 1/1] 1.8 secs
				[ultima_pagina tried 1/1] 1.8 secs
				[frame tried 2/3] 1.8 secs
				[pagina_1 tried 2/3] 1.8 secs
				[on_top tried 2/2] 1.8 secs
				[to_right tried 2/2] 1.8 secs
				[allineato_al_centro_verticale tried 2/2] 1.8 secs
				[allineato_al_centro_orizzontale tried 2/2] 1.8 secs
				[altezza_pagina tried 1/1] 1.8 secs
				[larghezza_pagina tried 1/1] 1.8 secs
				[altezza_rettangolo tried 1/1] 1.8 secs
				[ascissa_rettangolo tried 1/1] 1.8 secs
				[ordinata_rettangolo tried 1/1] 1.8 secs
				[larghezza_rettangolo tried 1/1] 1.8 secs
				[numero_pagine tried 1/1] 1.8 secs

Best literal on_top(C,D) (5.3 bits)


State (85/317 [8/72], 55.7 bits available)

				[= tried 1/1] 1.8 secs
				[tipo_testo tried 2/2] 1.8 secs
				[tipo_linea_orizzontale tried 2/2] 1.8 secs
				[tipo_misto tried 1/2] 1.8 secs
				[tipo_linea_obbliqua tried 2/2] 1.8 secs
				[tipo_immagine tried 2/2] 1.8 secs
				[tipo_vuoto tried 2/2] 1.8 secs
				[ultima_pagina tried 1/1] 1.8 secs
				[frame tried 4/5] 1.8 secs
				[pagina_1 tried 2/3] 1.8 secs
				[on_top tried 4/6] 1.8 secs
				[to_right tried 6/6] 1.8 secs
				[allineato_al_centro_verticale tried 6/6] 1.8 secs
				[allineato_al_centro_orizzontale tried 4/6] 1.8 secs
				[altezza_pagina tried 1/1] 1.8 secs
				[larghezza_pagina tried 1/1] 1.8 secs
				[altezza_rettangolo tried 2/2] 1.8 secs
				[ascissa_rettangolo tried 2/2] 1.8 secs
				[ordinata_rettangolo tried 2/2] 1.8 secs
				[larghezza_rettangolo tried 2/2] 1.8 secs
				[numero_pagine tried 1/1] 1.8 secs

Best literal allineato_al_centro_verticale(C,E) (7.0 bits)


State (338/731 [8/57], 50.7 bits available)

				[= tried 3/3] 1.8 secs
				[tipo_testo tried 3/3] 1.8 secs
				[tipo_linea_orizzontale tried 3/3] 1.8 secs
				[tipo_misto tried 2/3] 1.8 secs
				[tipo_linea_obbliqua tried 3/3] 1.8 secs
				[tipo_immagine tried 3/3] 1.8 secs
				[tipo_vuoto tried 3/3] 1.8 secs
				[ultima_pagina tried 1/1] 1.8 secs
				[frame tried 6/7] 1.8 secs
				[pagina_1 tried 2/3] 1.8 secs
				[on_top tried 10/12] 1.8 secs
				[to_right tried 12/12] 1.8 secs
				[allineato_al_centro_verticale tried 10/12] 1.8 secs
				[allineato_al_centro_orizzontale tried 6/12] 1.8 secs
				[altezza_pagina tried 1/1] 1.8 secs
				[larghezza_pagina tried 1/1] 1.8 secs
				[altezza_rettangolo tried 3/3] 1.8 secs
				[ascissa_rettangolo tried 3/3] 1.8 secs
				[ordinata_rettangolo tried 3/3] 1.8 secs
				[larghezza_rettangolo tried 3/3] 1.8 secs
				[numero_pagine tried 1/1] 1.8 secs

	Save on_top(D,F) (8,31 value 24.7)

Best literal on_top(C,E) (8.0 bits)


State (288/379 [8/23], 45.1 bits available)

				[= tried 3/3] 1.8 secs
				[tipo_testo tried 3/3] 1.8 secs
				[tipo_linea_orizzontale tried 3/3] 1.8 secs
				[tipo_misto tried 2/3] 1.8 secs
				[tipo_linea_obbliqua tried 3/3] 1.8 secs
				[tipo_immagine tried 3/3] 1.8 secs
				[tipo_vuoto tried 3/3] 1.8 secs
				[ultima_pagina tried 1/1] 1.8 secs
				[frame tried 6/7] 1.8 secs
				[pagina_1 tried 2/3] 1.8 secs
				[on_top tried 9/12] 1.8 secs
				[to_right tried 12/12] 1.8 secs
				[allineato_al_centro_verticale tried 11/12] 1.8 secs
				[allineato_al_centro_orizzontale tried 6/12] 1.8 secs
				[altezza_pagina tried 1/1] 1.8 secs
				[larghezza_pagina tried 1/1] 1.8 secs
				[altezza_rettangolo tried 3/3] 1.8 secs
				[ascissa_rettangolo tried 3/3] 1.8 secs
				[ordinata_rettangolo tried 3/3] 1.8 secs
				[larghezza_rettangolo tried 3/3] 1.8 secs
				[numero_pagine tried 1/1] 1.8 secs

	Save on_top(D,F) (8,23 value 28.0)

Best literal on_top(E,F) (8.0 bits)


State (1098/1224 [8/22], 39.7 bits available)

				[= tried 6/6] 1.8 secs
				[tipo_testo tried 4/4] 1.8 secs
				[tipo_linea_orizzontale tried 4/4] 1.8 secs
				[tipo_misto tried 3/4] 1.8 secs
				[tipo_linea_obbliqua tried 4/4] 1.8 secs
				[tipo_immagine tried 4/4] 1.8 secs
				[tipo_vuoto tried 4/4] 1.8 secs
				[ultima_pagina tried 1/1] 1.8 secs
				[frame tried 7/8] 1.8 secs
				[pagina_1 tried 2/3] 1.8 secs
				[on_top tried 13/18] 1.8 secs
				[to_right tried 18/18] 1.8 secs
				[allineato_al_centro_verticale tried 17/18] 1.8 secs
				[allineato_al_centro_orizzontale tried 9/18] 1.8 secs
				[altezza_pagina tried 1/1] 1.8 secs
				[larghezza_pagina tried 1/1] 1.8 secs
				[altezza_rettangolo tried 3/3] 1.8 secs
				[ascissa_rettangolo tried 3/3] 1.8 secs
				[ordinata_rettangolo tried 3/3] 1.8 secs
				[larghezza_rettangolo tried 3/3] 1.8 secs
				[numero_pagine tried 1/1] 1.8 secs

Best literal on_top(D,G) (8.6 bits)


State (3886/4047 [8/22], 33.9 bits available)

				[= tried 10/10] 1.8 secs
				[tipo_testo tried 5/5] 1.8 secs
				[tipo_linea_orizzontale tried 5/5] 1.8 secs
				[tipo_misto tried 4/5] 1.8 secs
				[tipo_linea_obbliqua tried 5/5] 1.8 secs
				[tipo_immagine tried 5/5] 1.8 secs
				[tipo_vuoto tried 5/5] 1.8 secs
				[ultima_pagina tried 1/1] 1.8 secs
				[frame tried 8/9] 1.8 secs
				[pagina_1 tried 2/3] 1.8 secs
				[on_top tried 20/26] 1.8 secs
				[to_right tried 26/26] 1.8 secs
				[allineato_al_centro_verticale tried 25/26] 1.9 secs
				[allineato_al_centro_orizzontale tried 14/26] 1.9 secs
				[altezza_pagina tried 1/1] 1.9 secs
				[larghezza_pagina tried 1/1] 1.9 secs
				[altezza_rettangolo tried 3/3] 1.9 secs
				[ascissa_rettangolo tried 3/3] 1.9 secs
				[ordinata_rettangolo tried 3/3] 1.9 secs
				[larghezza_rettangolo tried 3/3] 1.9 secs
				[numero_pagine tried 1/1] 1.9 secs

Best literal on_top(C,H) (9.1 bits)


State (32468/33090 [8/22], 27.8 bits available, 1 weak literal)

				[= tried 15/15] 1.9 secs
				[tipo_testo tried 6/6] 1.9 secs
				[tipo_linea_orizzontale tried 6/6] 1.9 secs
				[tipo_misto tried 5/6] 1.9 secs
				[tipo_linea_obbliqua tried 6/6] 1.9 secs
				[tipo_immagine tried 6/6] 1.9 secs
				[tipo_vuoto tried 6/6] 1.9 secs
				[ultima_pagina tried 1/1] 1.9 secs
				[frame tried 10/11] 1.9 secs
				[pagina_1 tried 2/3] 1.9 secs
				[on_top tried 30/38] 2.0 secs
				[to_right tried 38/38] 2.0 secs
				[allineato_al_centro_verticale tried 37/38] 2.1 secs
				[allineato_al_centro_orizzontale tried 18/38] 2.1 secs
				[altezza_pagina tried 1/1] 2.1 secs
				[larghezza_pagina tried 1/1] 2.1 secs
				[altezza_rettangolo tried 4/4] 2.1 secs
				[ascissa_rettangolo tried 4/4] 2.1 secs
				[ordinata_rettangolo tried 4/4] 2.1 secs
				[larghezza_rettangolo tried 4/4] 2.1 secs
				[numero_pagine tried 1/1] 2.1 secs

	Save on_top(E,D) (8,15 value 32.7)
	Save allineato_al_centro_verticale(I,H) (8,22 value 28.5)
	Save allineato_al_centro_verticale(H,I) (8,20 value 29.6)
	Save allineato_al_centro_verticale(D,E) (8,16 value 32.0)

Best literal allineato_al_centro_verticale(C,F) (9.6 bits)


State (16994/17161 [8/15], 21.3 bits available)

				[= tried 15/15] 2.1 secs
				[tipo_testo tried 6/6] 2.1 secs
				[tipo_linea_orizzontale tried 6/6] 2.1 secs
				[tipo_misto tried 5/6] 2.1 secs
				[tipo_linea_obbliqua tried 6/6] 2.1 secs
				[tipo_immagine tried 6/6] 2.1 secs
				[tipo_vuoto tried 6/6] 2.2 secs
				[ultima_pagina tried 1/1] 2.2 secs
				[frame tried 10/11] 2.2 secs
				[pagina_1 tried 2/3] 2.2 secs
				[on_top tried 31/38] 2.2 secs
				[to_right tried 38/38] 2.2 secs
				[allineato_al_centro_verticale tried 36/38] 2.2 secs
				[allineato_al_centro_orizzontale tried 18/38] 2.3 secs
				[altezza_pagina tried 1/1] 2.3 secs
				[larghezza_pagina tried 1/1] 2.3 secs
				[altezza_rettangolo tried 4/4] 2.3 secs
				[ascissa_rettangolo tried 4/4] 2.3 secs
				[ordinata_rettangolo tried 4/4] 2.3 secs
				[larghezza_rettangolo tried 4/4] 2.3 secs
				[numero_pagine tried 1/1] 2.3 secs

	Save clause ending with tipo_testo(E) (cover 8, accuracy 80%)

	Save on_top(H,I) (8,15 value 32.7)

Best literal on_top(E,I) (9.6 bits)


State (98963/99395 [8/15], 15.0 bits available, 1 weak literal)

				[= tried 21/21] 2.3 secs
				[tipo_testo tried 7/7] 2.3 secs
				[tipo_linea_orizzontale tried 7/7] 2.3 secs
				[tipo_misto tried 6/7] 2.4 secs
				[tipo_linea_obbliqua tried 7/7] 2.4 secs
				[tipo_immagine tried 7/7] 2.4 secs
				[tipo_vuoto tried 7/7] 2.4 secs
				[ultima_pagina tried 1/1] 2.4 secs
				[frame tried 11/12] 2.5 secs
				[pagina_1 tried 2/3] 2.5 secs
				[on_top tried 41/50] 2.7 secs
				[to_right tried 50/50] 2.9 secs
				[allineato_al_centro_verticale tried 48/50] 3.1 secs
				[allineato_al_centro_orizzontale tried 26/50] 3.1 secs
				[altezza_pagina tried 1/1] 3.1 secs
				[larghezza_pagina tried 1/1] 3.1 secs
				[altezza_rettangolo tried 4/4] 3.2 secs
				[ascissa_rettangolo tried 4/4] 3.2 secs
				[ordinata_rettangolo tried 4/4] 3.2 secs
				[larghezza_rettangolo tried 4/4] 3.2 secs
				[numero_pagine tried 1/1] 3.2 secs

	Save clause ending with allineato_al_centro_verticale(G,F) (cover 8, accuracy 88%)

	Save allineato_al_centro_verticale(D,E) (8,10 value 37.0)
	Save allineato_al_centro_verticale(G,F) (8,9 value 38.1)
	Save allineato_al_centro_verticale(H,F) (8,13 value 34.2)

Best literal allineato_al_centro_verticale(I,F) (10.0 bits)


State (34031/34055 [8/9], 8.4 bits available)

				[= tried 21/21] 3.2 secs

	Save clause ending with E=G (cover 8, accuracy 100%)

Best literal E=G (9.8 bits)

Initial clause (0 errs): class_elsevier(A) :- pagina_1(A,B), frame(B,C), tipo_misto(C), on_top(C,D), allineato_al_centro_verticale(C,E), on_top(C,E), on_top(E,F), on_top(D,G), on_top(C,H), allineato_al_centro_verticale(C,F), on_top(E,I), allineato_al_centro_verticale(I,F), E=G.
		allineato_al_centro_verticale(C,E) needed for binding on_top(E,F)
		frame(B,C) needed for binding tipo_misto(C)
		pagina_1(A,B) needed for binding frame(B,C)

Clause 2: class_elsevier(A) :- pagina_1(A,B), frame(B,C), tipo_misto(C), on_top(C,D), allineato_al_centro_verticale(C,E), on_top(E,F), on_top(D,E), on_top(E,G), allineato_al_centro_verticale(G,F).

class_elsevier(A) :- pagina_1(A,B), frame(B,C), allineato_al_centro_verticale(C,D), allineato_al_centro_verticale(E,D), allineato_al_centro_verticale(F,C), allineato_al_centro_verticale(E,F), allineato_al_centro_verticale(D,H), tipo_linea_orizzontale(C).
class_elsevier(A) :- pagina_1(A,B), frame(B,C), allineato_al_centro_verticale(D,C), tipo_linea_orizzontale(D), allineato_al_centro_verticale(C,E), allineato_al_centro_verticale(E,F), on_top(C,D).
class_elsevier(A) :- pagina_1(A,B), frame(B,C), tipo_misto(C), on_top(C,D), allineato_al_centro_verticale(C,E), on_top(E,F), on_top(D,E), on_top(E,G), allineato_al_centro_verticale(G,F).

Time 3.3 secs

Test relation class_elsevier
    (+)	d06090909534026371
Summary: 1 error in 35 trials
