FOIL 6.4   [January 1996]
--------

    Options:
	no negated literals
	verbosity level 2

Types Documento and Pagina are not compatible
Types Documento and Frame are not compatible
Types Documento and NumeroPagine are not compatible
Types Documento and LarghezzaPagina are not compatible
Types Documento and AltezzaPagina are not compatible
Types Documento and AscissaRettangolo are not compatible
Types Documento and OrdinataRettangolo are not compatible
Types Documento and LarghezzaRettangolo are not compatible
Types Documento and AltezzaRettangolo are not compatible
Types Pagina and Frame are not compatible
Types Pagina and NumeroPagine are not compatible
Types Pagina and LarghezzaPagina are not compatible
Types Pagina and AltezzaPagina are not compatible
Types Pagina and AscissaRettangolo are not compatible
Types Pagina and OrdinataRettangolo are not compatible
Types Pagina and LarghezzaRettangolo are not compatible
Types Pagina and AltezzaRettangolo are not compatible
Types Frame and NumeroPagine are not compatible
Types Frame and LarghezzaPagina are not compatible
Types Frame and AltezzaPagina are not compatible
Types Frame and AscissaRettangolo are not compatible
Types Frame and OrdinataRettangolo are not compatible
Types Frame and LarghezzaRettangolo are not compatible
Types Frame and AltezzaRettangolo are not compatible
Types NumeroPagine and LarghezzaPagina are not compatible
Types NumeroPagine and AltezzaPagina are not compatible
Types NumeroPagine and AscissaRettangolo are not compatible
Types NumeroPagine and OrdinataRettangolo are not compatible
Types NumeroPagine and LarghezzaRettangolo are not compatible
Types NumeroPagine and AltezzaRettangolo are not compatible
Types LarghezzaPagina and AltezzaPagina are not compatible
Types LarghezzaPagina and AscissaRettangolo are not compatible
Types LarghezzaPagina and OrdinataRettangolo are not compatible
Types LarghezzaPagina and LarghezzaRettangolo are not compatible
Types LarghezzaPagina and AltezzaRettangolo are not compatible
Types AltezzaPagina and AscissaRettangolo are not compatible
Types AltezzaPagina and OrdinataRettangolo are not compatible
Types AltezzaPagina and LarghezzaRettangolo are not compatible
Types AltezzaPagina and AltezzaRettangolo are not compatible
Types AscissaRettangolo and OrdinataRettangolo are not compatible
Types AscissaRettangolo and LarghezzaRettangolo are not compatible
Types AscissaRettangolo and AltezzaRettangolo are not compatible
Types OrdinataRettangolo and LarghezzaRettangolo are not compatible
Types OrdinataRettangolo and AltezzaRettangolo are not compatible
Types LarghezzaRettangolo and AltezzaRettangolo are not compatible

Relation class_elsevier

Relation *allineato_al_centro_orizzontale

Relation *allineato_al_centro_verticale

Relation *altezza_pagina

Relation *larghezza_pagina

Relation *altezza_rettangolo

Relation *ascissa_rettangolo

Relation *ordinata_rettangolo

Relation *larghezza_rettangolo

Relation *frame

Relation *numero_pagine

Relation *on_top

Relation *to_right

Relation *pagina_1

Relation *ultima_pagina

Relation *tipo_immagine

Relation *tipo_linea_obbliqua

Relation *tipo_linea_orizzontale

Relation *tipo_misto

Relation *tipo_testo

Relation *tipo_vuoto

----------
class_elsevier:

State (55/318, 237.1 bits available)

				[pagina_1 tried 1/1] 0.1 secs
				[numero_pagine tried 1/1] 0.1 secs

Determinate literals
	pagina_1(A,B)


State (55/318, 237.1 bits available, 1 weak literal)

				[ultima_pagina tried 1/1] 0.1 secs
				[frame tried 1/1] 0.1 secs
				[pagina_1 tried 1/3] 0.1 secs
				[altezza_pagina tried 1/1] 0.1 secs
				[larghezza_pagina tried 1/1] 0.1 secs
				[numero_pagine tried 1/1] 0.1 secs

Best literal frame(B,C) (2.6 bits)


State (702/3506 [55/318], 234.5 bits available, 2 weak literals)

				[tipo_testo tried 1/1] 0.1 secs
				[tipo_linea_orizzontale tried 1/1] 0.1 secs
				[tipo_misto tried 1/1] 0.1 secs
				[tipo_linea_obbliqua tried 1/1] 0.1 secs
				[tipo_immagine tried 1/1] 0.1 secs
				[tipo_vuoto tried 1/1] 0.1 secs
				[ultima_pagina tried 1/1] 0.1 secs
				[frame tried 1/3] 0.1 secs
				[pagina_1 tried 2/3] 0.1 secs
				[on_top tried 2/2] 0.1 secs
				[to_right tried 2/2] 0.1 secs
				[allineato_al_centro_verticale tried 2/2] 0.1 secs
				[allineato_al_centro_orizzontale tried 2/2] 0.1 secs
				[altezza_pagina tried 1/1] 0.1 secs
				[larghezza_pagina tried 1/1] 0.1 secs
				[altezza_rettangolo tried 1/1] 0.1 secs
				[ascissa_rettangolo tried 1/1] 0.1 secs
				[ordinata_rettangolo tried 1/1] 0.1 secs
				[larghezza_rettangolo tried 1/1] 0.1 secs
				[numero_pagine tried 1/1] 0.1 secs

	Save allineato_al_centro_verticale(D,C) (55,317 value 0.2)
	Save tipo_linea_orizzontale(C) (47,63 value 98.5)

Best literal allineato_al_centro_verticale(C,D) (5.3 bits)


State (1941/5010 [55/317], 230.2 bits available)

				[= tried 1/1] 0.1 secs
				[tipo_testo tried 2/2] 0.1 secs
				[tipo_linea_orizzontale tried 2/2] 0.1 secs
				[tipo_misto tried 2/2] 0.1 secs
				[tipo_linea_obbliqua tried 2/2] 0.1 secs
				[tipo_immagine tried 2/2] 0.1 secs
				[tipo_vuoto tried 2/2] 0.1 secs
				[ultima_pagina tried 1/1] 0.1 secs
				[frame tried 4/5] 0.1 secs
				[pagina_1 tried 2/3] 0.1 secs
				[on_top tried 6/6] 0.1 secs
				[to_right tried 6/6] 0.1 secs
				[allineato_al_centro_verticale tried 4/6] 0.1 secs
				[allineato_al_centro_orizzontale tried 4/6] 0.1 secs
				[altezza_pagina tried 1/1] 0.1 secs
				[larghezza_pagina tried 1/1] 0.1 secs
				[altezza_rettangolo tried 2/2] 0.1 secs
				[ascissa_rettangolo tried 2/2] 0.1 secs
				[ordinata_rettangolo tried 2/2] 0.1 secs
				[larghezza_rettangolo tried 2/2] 0.1 secs
				[numero_pagine tried 1/1] 0.1 secs

	Save clause ending with tipo_linea_orizzontale(C) (cover 47, accuracy 94%)

	Save allineato_al_centro_verticale(E,C) (55,311 value 1.8)
	Save allineato_al_centro_verticale(D,E) (55,311 value 1.8)

Best literal allineato_al_centro_verticale(E,D) (7.0 bits)


State (11141/21008 [55/317], 224.8 bits available, 1 weak literal)

				[= tried 3/3] 0.1 secs
				[tipo_testo tried 3/3] 0.1 secs
				[tipo_linea_orizzontale tried 3/3] 0.1 secs
				[tipo_misto tried 3/3] 0.1 secs
				[tipo_linea_obbliqua tried 3/3] 0.1 secs
				[tipo_immagine tried 3/3] 0.1 secs
				[tipo_vuoto tried 3/3] 0.1 secs
				[ultima_pagina tried 1/1] 0.1 secs
				[frame tried 5/6] 0.1 secs
				[pagina_1 tried 2/3] 0.1 secs
				[on_top tried 10/10] 0.1 secs
				[to_right tried 10/10] 0.2 secs
				[allineato_al_centro_verticale tried 7/10] 0.2 secs
				[allineato_al_centro_orizzontale tried 6/10] 0.2 secs
				[altezza_pagina tried 1/1] 0.2 secs
				[larghezza_pagina tried 1/1] 0.2 secs
				[altezza_rettangolo tried 2/2] 0.2 secs
				[ascissa_rettangolo tried 2/2] 0.2 secs
				[ordinata_rettangolo tried 2/2] 0.2 secs
				[larghezza_rettangolo tried 2/2] 0.2 secs
				[numero_pagine tried 1/1] 0.2 secs

	Save allineato_al_centro_verticale(C,F) (55,317 value 0.2)
	Save allineato_al_centro_verticale(D,F) (55,311 value 1.8)

Best literal allineato_al_centro_verticale(F,C) (7.7 bits)


State (31564/46124 [55/311], 219.1 bits available)

				[= tried 6/6] 0.2 secs
				[tipo_testo tried 4/4] 0.2 secs
				[tipo_linea_orizzontale tried 4/4] 0.2 secs
				[tipo_misto tried 4/4] 0.2 secs
				[tipo_linea_obbliqua tried 4/4] 0.2 secs
				[tipo_immagine tried 4/4] 0.2 secs
				[tipo_vuoto tried 4/4] 0.2 secs
				[ultima_pagina tried 1/1] 0.2 secs
				[frame tried 7/8] 0.2 secs
				[pagina_1 tried 2/3] 0.2 secs
				[on_top tried 18/18] 0.3 secs
				[to_right tried 18/18] 0.3 secs
				[allineato_al_centro_verticale tried 13/18] 0.4 secs
				[allineato_al_centro_orizzontale tried 9/18] 0.4 secs
				[altezza_pagina tried 1/1] 0.4 secs
				[larghezza_pagina tried 1/1] 0.4 secs
				[altezza_rettangolo tried 3/3] 0.4 secs
				[ascissa_rettangolo tried 3/3] 0.4 secs
				[ordinata_rettangolo tried 3/3] 0.4 secs
				[larghezza_rettangolo tried 3/3] 0.4 secs
				[numero_pagine tried 1/1] 0.4 secs

	Save clause ending with tipo_linea_orizzontale(C) (cover 47, accuracy 95%)

	Save allineato_al_centro_verticale(D,G) (55,287 value 8.1)

Best literal allineato_al_centro_verticale(G,F) (8.6 bits)


State (56724/70101 [55/287], 212.8 bits available)

				[= tried 10/10] 0.4 secs
				[tipo_testo tried 5/5] 0.4 secs
				[tipo_linea_orizzontale tried 5/5] 0.4 secs
				[tipo_misto tried 5/5] 0.4 secs
				[tipo_linea_obbliqua tried 5/5] 0.5 secs
				[tipo_immagine tried 5/5] 0.5 secs
				[tipo_vuoto tried 5/5] 0.5 secs
				[ultima_pagina tried 1/1] 0.5 secs
				[frame tried 8/9] 0.5 secs
				[pagina_1 tried 2/3] 0.5 secs
				[on_top tried 26/26] 0.6 secs
				[to_right tried 26/26] 0.7 secs
				[allineato_al_centro_verticale tried 20/26] 0.8 secs
				[allineato_al_centro_orizzontale tried 14/26] 0.8 secs
				[altezza_pagina tried 1/1] 0.8 secs
				[larghezza_pagina tried 1/1] 0.8 secs
				[altezza_rettangolo tried 3/3] 0.8 secs
				[ascissa_rettangolo tried 3/3] 0.8 secs
				[ordinata_rettangolo tried 3/3] 0.8 secs
				[larghezza_rettangolo tried 3/3] 0.9 secs
				[numero_pagine tried 1/1] 0.9 secs

	Save clause ending with tipo_linea_orizzontale(F) (cover 46, accuracy 100%)

	Save tipo_linea_orizzontale(C) (42,44 value 102.7)
	Save tipo_linea_orizzontale(F) (46,46 value 115.5)

Best literal allineato_al_centro_verticale(D,H) (9.1 bits)


State (54421/60909 [55/233], 206.3 bits available)

				[= tried 15/15] 0.9 secs
				[tipo_testo tried 6/6] 0.9 secs
				[tipo_linea_orizzontale tried 6/6] 0.9 secs
				[tipo_misto tried 6/6] 0.9 secs
				[tipo_linea_obbliqua tried 6/6] 0.9 secs
				[tipo_immagine tried 6/6] 0.9 secs
				[tipo_vuoto tried 6/6] 0.9 secs
				[ultima_pagina tried 1/1] 0.9 secs
				[frame tried 9/10] 1.0 secs
				[pagina_1 tried 2/3] 1.0 secs
				[on_top tried 36/36] 1.1 secs
				[to_right tried 36/36] 1.2 secs
				[allineato_al_centro_verticale tried 28/36] 1.3 secs
				[allineato_al_centro_orizzontale tried 21/36] 1.3 secs
				[altezza_pagina tried 1/1] 1.3 secs
				[larghezza_pagina tried 1/1] 1.3 secs
				[altezza_rettangolo tried 3/3] 1.4 secs
				[ascissa_rettangolo tried 3/3] 1.4 secs
				[ordinata_rettangolo tried 3/3] 1.4 secs
				[larghezza_rettangolo tried 3/3] 1.4 secs
				[numero_pagine tried 1/1] 1.4 secs

	Save tipo_linea_orizzontale(C) (41,41 value 102.9)
	Save tipo_linea_orizzontale(F) (41,41 value 102.9)
	Save tipo_linea_orizzontale(E) (46,46 value 115.5)

Best literal tipo_linea_orizzontale(D) (7.0 bits)

[Replace by saved clause]

Initial clause (0 errs): class_elsevier(A) :- pagina_1(A,B), frame(B,C), allineato_al_centro_verticale(C,D), allineato_al_centro_verticale(E,D), allineato_al_centro_verticale(F,C), allineato_al_centro_verticale(G,F), tipo_linea_orizzontale(F).
		allineato_al_centro_verticale(F,C) needed for binding allineato_al_centro_verticale(G,F)
		frame(B,C) needed for binding allineato_al_centro_verticale(C,D)
		pagina_1(A,B) needed for binding frame(B,C)

Clause 0: class_elsevier(A) :- pagina_1(A,B), frame(B,C), allineato_al_centro_verticale(C,D), allineato_al_centro_verticale(E,C), allineato_al_centro_verticale(F,E), tipo_linea_orizzontale(E).

State (9/272, 70.9 bits available)

				[pagina_1 tried 1/1] 1.4 secs
				[numero_pagine tried 1/1] 1.4 secs

Determinate literals
	pagina_1(A,B)


State (9/272, 70.9 bits available, 1 weak literal)

				[ultima_pagina tried 1/1] 1.4 secs
				[frame tried 1/1] 1.4 secs
				[pagina_1 tried 1/3] 1.4 secs
				[altezza_pagina tried 1/1] 1.4 secs
				[larghezza_pagina tried 1/1] 1.4 secs
				[numero_pagine tried 1/1] 1.4 secs

Best literal frame(B,C) (2.6 bits)


State (75/2879 [9/272], 68.4 bits available, 2 weak literals)

				[tipo_testo tried 1/1] 1.4 secs
				[tipo_linea_orizzontale tried 1/1] 1.4 secs
				[tipo_misto tried 1/1] 1.4 secs
				[tipo_linea_obbliqua tried 1/1] 1.4 secs
				[tipo_immagine tried 1/1] 1.4 secs
				[tipo_vuoto tried 1/1] 1.4 secs
				[ultima_pagina tried 1/1] 1.4 secs
				[frame tried 1/3] 1.4 secs
				[pagina_1 tried 2/3] 1.4 secs
				[on_top tried 2/2] 1.4 secs
				[to_right tried 2/2] 1.4 secs
				[allineato_al_centro_verticale tried 2/2] 1.4 secs
				[allineato_al_centro_orizzontale tried 2/2] 1.4 secs
				[altezza_pagina tried 1/1] 1.4 secs
				[larghezza_pagina tried 1/1] 1.4 secs
				[altezza_rettangolo tried 1/1] 1.4 secs
				[ascissa_rettangolo tried 1/1] 1.4 secs
				[ordinata_rettangolo tried 1/1] 1.4 secs
				[larghezza_rettangolo tried 1/1] 1.4 secs
				[numero_pagine tried 1/1] 1.4 secs

	Save allineato_al_centro_verticale(C,D) (9,271 value 0.0)
	Save allineato_al_centro_verticale(D,C) (9,271 value 0.0)

Best literal tipo_misto(C) (4.3 bits)


State (22/170 [9/102], 65.0 bits available)

				[tipo_testo tried 1/1] 1.4 secs
				[tipo_linea_orizzontale tried 1/1] 1.4 secs
				[tipo_misto tried 0/1] 1.4 secs
				[tipo_linea_obbliqua tried 1/1] 1.4 secs
				[tipo_immagine tried 1/1] 1.4 secs
				[tipo_vuoto tried 1/1] 1.4 secs
				[ultima_pagina tried 1/1] 1.4 secs
				[frame tried 2/3] 1.4 secs
				[pagina_1 tried 2/3] 1.4 secs
				[on_top tried 2/2] 1.4 secs
				[to_right tried 2/2] 1.4 secs
				[allineato_al_centro_verticale tried 2/2] 1.4 secs
				[allineato_al_centro_orizzontale tried 2/2] 1.4 secs
				[altezza_pagina tried 1/1] 1.4 secs
				[larghezza_pagina tried 1/1] 1.4 secs
				[altezza_rettangolo tried 1/1] 1.4 secs
				[ascissa_rettangolo tried 1/1] 1.4 secs
				[ordinata_rettangolo tried 1/1] 1.4 secs
				[larghezza_rettangolo tried 1/1] 1.4 secs
				[numero_pagine tried 1/1] 1.4 secs

Best literal on_top(C,D) (5.3 bits)


State (91/317 [9/74], 61.3 bits available)

				[= tried 1/1] 1.4 secs
				[tipo_testo tried 2/2] 1.4 secs
				[tipo_linea_orizzontale tried 2/2] 1.4 secs
				[tipo_misto tried 1/2] 1.4 secs
				[tipo_linea_obbliqua tried 2/2] 1.4 secs
				[tipo_immagine tried 2/2] 1.4 secs
				[tipo_vuoto tried 2/2] 1.4 secs
				[ultima_pagina tried 1/1] 1.4 secs
				[frame tried 4/5] 1.4 secs
				[pagina_1 tried 2/3] 1.4 secs
				[on_top tried 4/6] 1.4 secs
				[to_right tried 6/6] 1.4 secs
				[allineato_al_centro_verticale tried 6/6] 1.4 secs
				[allineato_al_centro_orizzontale tried 4/6] 1.4 secs
				[altezza_pagina tried 1/1] 1.4 secs
				[larghezza_pagina tried 1/1] 1.4 secs
				[altezza_rettangolo tried 2/2] 1.4 secs
				[ascissa_rettangolo tried 2/2] 1.4 secs
				[ordinata_rettangolo tried 2/2] 1.4 secs
				[larghezza_rettangolo tried 2/2] 1.4 secs
				[numero_pagine tried 1/1] 1.4 secs

Best literal allineato_al_centro_verticale(C,E) (7.0 bits)


State (337/731 [9/57], 56.3 bits available)

				[= tried 3/3] 1.4 secs
				[tipo_testo tried 3/3] 1.4 secs
				[tipo_linea_orizzontale tried 3/3] 1.4 secs
				[tipo_misto tried 2/3] 1.4 secs
				[tipo_linea_obbliqua tried 3/3] 1.4 secs
				[tipo_immagine tried 3/3] 1.4 secs
				[tipo_vuoto tried 3/3] 1.4 secs
				[ultima_pagina tried 1/1] 1.4 secs
				[frame tried 6/7] 1.4 secs
				[pagina_1 tried 2/3] 1.4 secs
				[on_top tried 10/12] 1.4 secs
				[to_right tried 12/12] 1.4 secs
				[allineato_al_centro_verticale tried 10/12] 1.4 secs
				[allineato_al_centro_orizzontale tried 6/12] 1.4 secs
				[altezza_pagina tried 1/1] 1.4 secs
				[larghezza_pagina tried 1/1] 1.4 secs
				[altezza_rettangolo tried 3/3] 1.4 secs
				[ascissa_rettangolo tried 3/3] 1.4 secs
				[ordinata_rettangolo tried 3/3] 1.4 secs
				[larghezza_rettangolo tried 3/3] 1.4 secs
				[numero_pagine tried 1/1] 1.4 secs

	Save on_top(D,F) (9,33 value 27.0)

Best literal on_top(C,E) (8.0 bits)


State (281/381 [9/27], 50.7 bits available)

				[= tried 3/3] 1.4 secs
				[tipo_testo tried 3/3] 1.4 secs
				[tipo_linea_orizzontale tried 3/3] 1.4 secs
				[tipo_misto tried 2/3] 1.4 secs
				[tipo_linea_obbliqua tried 3/3] 1.4 secs
				[tipo_immagine tried 3/3] 1.4 secs
				[tipo_vuoto tried 3/3] 1.4 secs
				[ultima_pagina tried 1/1] 1.4 secs
				[frame tried 6/7] 1.4 secs
				[pagina_1 tried 2/3] 1.4 secs
				[on_top tried 9/12] 1.4 secs
				[to_right tried 12/12] 1.4 secs
				[allineato_al_centro_verticale tried 11/12] 1.4 secs
				[allineato_al_centro_orizzontale tried 6/12] 1.4 secs
				[altezza_pagina tried 1/1] 1.4 secs
				[larghezza_pagina tried 1/1] 1.4 secs
				[altezza_rettangolo tried 3/3] 1.4 secs
				[ascissa_rettangolo tried 3/3] 1.4 secs
				[ordinata_rettangolo tried 3/3] 1.4 secs
				[larghezza_rettangolo tried 3/3] 1.4 secs
				[numero_pagine tried 1/1] 1.4 secs

	Save on_top(D,F) (9,26 value 30.0)

Best literal on_top(E,F) (8.0 bits)


State (1046/1183 [9/25], 45.3 bits available)

				[= tried 6/6] 1.4 secs
				[tipo_testo tried 4/4] 1.4 secs
				[tipo_linea_orizzontale tried 4/4] 1.4 secs
				[tipo_misto tried 3/4] 1.4 secs
				[tipo_linea_obbliqua tried 4/4] 1.4 secs
				[tipo_immagine tried 4/4] 1.4 secs
				[tipo_vuoto tried 4/4] 1.4 secs
				[ultima_pagina tried 1/1] 1.4 secs
				[frame tried 7/8] 1.4 secs
				[pagina_1 tried 2/3] 1.4 secs
				[on_top tried 13/18] 1.4 secs
				[to_right tried 18/18] 1.4 secs
				[allineato_al_centro_verticale tried 17/18] 1.4 secs
				[allineato_al_centro_orizzontale tried 9/18] 1.4 secs
				[altezza_pagina tried 1/1] 1.4 secs
				[larghezza_pagina tried 1/1] 1.4 secs
				[altezza_rettangolo tried 3/3] 1.4 secs
				[ascissa_rettangolo tried 3/3] 1.4 secs
				[ordinata_rettangolo tried 3/3] 1.4 secs
				[larghezza_rettangolo tried 3/3] 1.4 secs
				[numero_pagine tried 1/1] 1.4 secs

Best literal on_top(D,G) (8.6 bits)


State (3671/3842 [9/25], 39.5 bits available)

				[= tried 10/10] 1.4 secs
				[tipo_testo tried 5/5] 1.4 secs
				[tipo_linea_orizzontale tried 5/5] 1.4 secs
				[tipo_misto tried 4/5] 1.4 secs
				[tipo_linea_obbliqua tried 5/5] 1.4 secs
				[tipo_immagine tried 5/5] 1.4 secs
				[tipo_vuoto tried 5/5] 1.4 secs
				[ultima_pagina tried 1/1] 1.4 secs
				[frame tried 8/9] 1.4 secs
				[pagina_1 tried 2/3] 1.4 secs
				[on_top tried 20/26] 1.4 secs
				[to_right tried 26/26] 1.4 secs
				[allineato_al_centro_verticale tried 25/26] 1.4 secs
				[allineato_al_centro_orizzontale tried 14/26] 1.5 secs
				[altezza_pagina tried 1/1] 1.5 secs
				[larghezza_pagina tried 1/1] 1.5 secs
				[altezza_rettangolo tried 3/3] 1.5 secs
				[ascissa_rettangolo tried 3/3] 1.5 secs
				[ordinata_rettangolo tried 3/3] 1.5 secs
				[larghezza_rettangolo tried 3/3] 1.5 secs
				[numero_pagine tried 1/1] 1.5 secs

Best literal on_top(C,H) (9.1 bits)


State (30526/31177 [9/25], 33.4 bits available, 1 weak literal)

				[= tried 15/15] 1.5 secs
				[tipo_testo tried 6/6] 1.5 secs
				[tipo_linea_orizzontale tried 6/6] 1.5 secs
				[tipo_misto tried 5/6] 1.5 secs
				[tipo_linea_obbliqua tried 6/6] 1.5 secs
				[tipo_immagine tried 6/6] 1.5 secs
				[tipo_vuoto tried 6/6] 1.5 secs
				[ultima_pagina tried 1/1] 1.5 secs
				[frame tried 10/11] 1.5 secs
				[pagina_1 tried 2/3] 1.5 secs
				[on_top tried 30/38] 1.6 secs
				[to_right tried 38/38] 1.6 secs
				[allineato_al_centro_verticale tried 37/38] 1.7 secs
				[allineato_al_centro_orizzontale tried 18/38] 1.7 secs
				[altezza_pagina tried 1/1] 1.7 secs
				[larghezza_pagina tried 1/1] 1.7 secs
				[altezza_rettangolo tried 4/4] 1.7 secs
				[ascissa_rettangolo tried 4/4] 1.7 secs
				[ordinata_rettangolo tried 4/4] 1.7 secs
				[larghezza_rettangolo tried 4/4] 1.7 secs
				[numero_pagine tried 1/1] 1.7 secs

	Save allineato_al_centro_verticale(C,F) (8,16 value 30.8)
	Save allineato_al_centro_verticale(F,E) (8,12 value 33.9)
	Save on_top(F,G) (8,16 value 30.8)

Best literal on_top(E,D) (9.6 bits)


State (14076/14209 [8/16], 21.3 bits available)

				[= tried 15/15] 1.7 secs
				[tipo_testo tried 6/6] 1.7 secs
				[tipo_linea_orizzontale tried 6/6] 1.7 secs
				[tipo_misto tried 5/6] 1.7 secs
				[tipo_linea_obbliqua tried 6/6] 1.7 secs
				[tipo_immagine tried 6/6] 1.7 secs
				[tipo_vuoto tried 6/6] 1.7 secs
				[ultima_pagina tried 1/1] 1.7 secs
				[frame tried 10/11] 1.7 secs
				[pagina_1 tried 2/3] 1.7 secs
				[on_top tried 29/38] 1.8 secs
				[to_right tried 38/38] 1.8 secs
				[allineato_al_centro_verticale tried 37/38] 1.8 secs
				[allineato_al_centro_orizzontale tried 18/38] 1.8 secs
				[altezza_pagina tried 1/1] 1.8 secs
				[larghezza_pagina tried 1/1] 1.8 secs
				[altezza_rettangolo tried 4/4] 1.8 secs
				[ascissa_rettangolo tried 4/4] 1.8 secs
				[ordinata_rettangolo tried 4/4] 1.8 secs
				[larghezza_rettangolo tried 4/4] 1.8 secs
				[numero_pagine tried 1/1] 1.8 secs

	Save clause ending with tipo_testo(E) (cover 8, accuracy 80%)

Best literal on_top(H,I) (9.6 bits)


State (53169/53373 [8/16], 15.0 bits available)

				[= tried 21/21] 1.8 secs
				[tipo_testo tried 7/7] 1.9 secs
				[tipo_linea_orizzontale tried 7/7] 1.9 secs
				[tipo_misto tried 6/7] 1.9 secs
				[tipo_linea_obbliqua tried 7/7] 1.9 secs
				[tipo_immagine tried 7/7] 1.9 secs
				[tipo_vuoto tried 7/7] 1.9 secs
				[ultima_pagina tried 1/1] 1.9 secs
				[frame tried 11/12] 1.9 secs
				[pagina_1 tried 2/3] 1.9 secs
				[on_top tried 40/50] 2.1 secs
				[to_right tried 50/50] 2.2 secs
				[allineato_al_centro_verticale tried 49/50] 2.3 secs
				[allineato_al_centro_orizzontale tried 26/50] 2.3 secs
				[altezza_pagina tried 1/1] 2.3 secs
				[larghezza_pagina tried 1/1] 2.3 secs
				[altezza_rettangolo tried 4/4] 2.3 secs
				[ascissa_rettangolo tried 4/4] 2.3 secs
				[ordinata_rettangolo tried 4/4] 2.3 secs
				[larghezza_rettangolo tried 4/4] 2.4 secs
				[numero_pagine tried 1/1] 2.4 secs

	Save clause ending with allineato_al_centro_verticale(D,G) (cover 7, accuracy 100%)

	Save allineato_al_centro_verticale(H,E) (8,12 value 33.9)
	Save allineato_al_centro_verticale(D,G) (7,7 value 33.4)
	Save allineato_al_centro_verticale(D,E) (8,11 value 34.8)

Best literal on_top(E,H) (10.0 bits)


State (32878/32948 [8/16], 8.4 bits available)

				[= tried 21/21] 2.4 secs
				[tipo_testo tried 7/7] 2.4 secs
				[tipo_linea_orizzontale tried 7/7] 2.4 secs
				[tipo_misto tried 6/7] 2.4 secs
				[tipo_linea_obbliqua tried 7/7] 2.4 secs
				[tipo_immagine tried 7/7] 2.4 secs
				[tipo_vuoto tried 7/7] 2.4 secs
				[ultima_pagina tried 1/1] 2.4 secs
				[frame tried 11/12] 2.4 secs
				[pagina_1 tried 2/3] 2.4 secs
				[on_top tried 39/50] 2.5 secs
				[to_right tried 50/50] 2.6 secs
				[allineato_al_centro_verticale tried 49/50] 2.7 secs
				[allineato_al_centro_orizzontale tried 26/50] 2.7 secs
				[altezza_pagina tried 1/1] 2.7 secs
				[larghezza_pagina tried 1/1] 2.7 secs
				[altezza_rettangolo tried 4/4] 2.7 secs
				[ascissa_rettangolo tried 4/4] 2.7 secs
				[ordinata_rettangolo tried 4/4] 2.7 secs
				[larghezza_rettangolo tried 4/4] 2.7 secs
				[numero_pagine tried 1/1] 2.7 secs

	Save allineato_al_centro_verticale(H,E) (8,11 value 34.8)
	Save on_top(D,H) (8,10 value 35.9)
	Save on_top(G,I) (8,10 value 35.9)
	Save on_top(H,D) (8,10 value 35.9)

Best literal allineato_al_centro_verticale(D,E) (10.0 bits)


State (18628/18650 [8/11], 2.0 bits available)

				[= requires 9.8 bits]
				[tipo_testo requires 7.2 bits]
				[tipo_linea_orizzontale requires 7.2 bits]
				[tipo_misto requires 7.2 bits]
				[tipo_linea_obbliqua requires 7.2 bits]
				[tipo_immagine requires 7.2 bits]
				[tipo_vuoto requires 7.2 bits]
				[ultima_pagina tried 1/1] 2.7 secs
				[frame requires 8.0 bits]
				[pagina_1 requires 6.0 bits]
				[on_top requires 10.0 bits]
				[to_right requires 10.0 bits]
				[allineato_al_centro_verticale requires 10.0 bits]
				[allineato_al_centro_orizzontale requires 10.0 bits]
				[altezza_pagina tried 1/1] 2.7 secs
				[larghezza_pagina tried 1/1] 2.7 secs
				[altezza_rettangolo requires 6.4 bits]
				[ascissa_rettangolo requires 6.4 bits]
				[ordinata_rettangolo requires 6.4 bits]
				[larghezza_rettangolo requires 6.4 bits]
				[numero_pagine tried 1/1] 2.7 secs

No literals

[Replace by saved clause]

Initial clause (0 errs): class_elsevier(A) :- pagina_1(A,B), frame(B,C), tipo_misto(C), on_top(C,D), allineato_al_centro_verticale(C,E), on_top(C,E), on_top(E,F), on_top(D,G), on_top(C,H), on_top(E,D), on_top(H,I), allineato_al_centro_verticale(D,G).
		on_top(C,D) needed for binding on_top(D,G)
		frame(B,C) needed for binding tipo_misto(C)
		pagina_1(A,B) needed for binding frame(B,C)

Clause 1: class_elsevier(A) :- pagina_1(A,B), frame(B,C), tipo_misto(C), on_top(C,D), allineato_al_centro_verticale(C,E), on_top(C,E), on_top(D,F), on_top(E,D), allineato_al_centro_verticale(D,F).

State (2/265, 26.3 bits available)

				[pagina_1 tried 1/1] 2.7 secs
				[numero_pagine tried 1/1] 2.7 secs

Determinate literals
	pagina_1(A,B)


State (2/265, 26.3 bits available, 1 weak literal)

				[ultima_pagina tried 1/1] 2.7 secs
				[frame tried 1/1] 2.7 secs
				[pagina_1 tried 1/3] 2.7 secs
				[altezza_pagina tried 1/1] 2.7 secs
				[larghezza_pagina tried 1/1] 2.7 secs
				[numero_pagine tried 1/1] 2.7 secs

Best literal frame(B,C) (2.6 bits)


State (14/2818 [2/265], 23.7 bits available, 2 weak literals)

				[tipo_testo tried 1/1] 2.7 secs
				[tipo_linea_orizzontale tried 1/1] 2.7 secs
				[tipo_misto tried 1/1] 2.7 secs
				[tipo_linea_obbliqua tried 1/1] 2.7 secs
				[tipo_immagine tried 1/1] 2.7 secs
				[tipo_vuoto tried 1/1] 2.7 secs
				[ultima_pagina tried 1/1] 2.7 secs
				[frame tried 1/3] 2.7 secs
				[pagina_1 tried 2/3] 2.7 secs
				[on_top tried 2/2] 2.7 secs
				[to_right tried 2/2] 2.7 secs
				[allineato_al_centro_verticale tried 2/2] 2.7 secs
				[allineato_al_centro_orizzontale tried 2/2] 2.7 secs
				[altezza_pagina tried 1/1] 2.7 secs
				[larghezza_pagina tried 1/1] 2.7 secs
				[altezza_rettangolo tried 1/1] 2.7 secs
				[ascissa_rettangolo tried 1/1] 2.7 secs
				[ordinata_rettangolo tried 1/1] 2.7 secs
				[larghezza_rettangolo tried 1/1] 2.7 secs
				[numero_pagine tried 1/1] 2.7 secs

Best literal tipo_misto(C) (4.3 bits)


State (5/153 [2/95], 20.4 bits available)

				[tipo_testo tried 1/1] 2.7 secs
				[tipo_linea_orizzontale tried 1/1] 2.7 secs
				[tipo_misto tried 0/1] 2.7 secs
				[tipo_linea_obbliqua tried 1/1] 2.7 secs
				[tipo_immagine tried 1/1] 2.7 secs
				[tipo_vuoto tried 1/1] 2.7 secs
				[ultima_pagina tried 1/1] 2.7 secs
				[frame tried 2/3] 2.7 secs
				[pagina_1 tried 2/3] 2.7 secs
				[on_top tried 2/2] 2.7 secs
				[to_right tried 2/2] 2.7 secs
				[allineato_al_centro_verticale tried 2/2] 2.7 secs
				[allineato_al_centro_orizzontale tried 2/2] 2.7 secs
				[altezza_pagina tried 1/1] 2.7 secs
				[larghezza_pagina tried 1/1] 2.7 secs
				[altezza_rettangolo tried 1/1] 2.7 secs
				[ascissa_rettangolo tried 1/1] 2.7 secs
				[ordinata_rettangolo tried 1/1] 2.7 secs
				[larghezza_rettangolo tried 1/1] 2.7 secs
				[numero_pagine tried 1/1] 2.7 secs

	Save allineato_al_centro_verticale(D,C) (2,51 value 4.7)
	Save allineato_al_centro_verticale(C,D) (2,54 value 4.5)

Best literal on_top(C,D) (5.3 bits)


State (16/242 [2/67], 16.7 bits available)

				[= tried 1/1] 2.7 secs
				[tipo_testo tried 2/2] 2.7 secs
				[tipo_linea_orizzontale tried 2/2] 2.7 secs
				[tipo_misto tried 1/2] 2.7 secs
				[tipo_linea_obbliqua tried 2/2] 2.7 secs
				[tipo_immagine tried 2/2] 2.7 secs
				[tipo_vuoto tried 2/2] 2.7 secs
				[ultima_pagina tried 1/1] 2.7 secs
				[frame tried 4/5] 2.7 secs
				[pagina_1 tried 2/3] 2.7 secs
				[on_top tried 4/6] 2.7 secs
				[to_right tried 6/6] 2.7 secs
				[allineato_al_centro_verticale tried 6/6] 2.7 secs
				[allineato_al_centro_orizzontale tried 4/6] 2.7 secs
				[altezza_pagina tried 1/1] 2.7 secs
				[larghezza_pagina tried 1/1] 2.7 secs
				[altezza_rettangolo tried 2/2] 2.7 secs
				[ascissa_rettangolo tried 2/2] 2.7 secs
				[ordinata_rettangolo tried 2/2] 2.7 secs
				[larghezza_rettangolo tried 2/2] 2.7 secs
				[numero_pagine tried 1/1] 2.7 secs

	Save allineato_al_centro_verticale(D,C) (2,17 value 7.8)

Best literal allineato_al_centro_verticale(E,C) (7.0 bits)


State (54/363 [2/48], 11.7 bits available)

				[= tried 3/3] 2.7 secs
				[tipo_testo tried 3/3] 2.7 secs
				[tipo_linea_orizzontale tried 3/3] 2.7 secs
				[tipo_misto tried 2/3] 2.7 secs
				[tipo_linea_obbliqua tried 3/3] 2.7 secs
				[tipo_immagine tried 3/3] 2.7 secs
				[tipo_vuoto tried 3/3] 2.7 secs
				[ultima_pagina tried 1/1] 2.7 secs
				[frame tried 6/7] 2.7 secs
				[pagina_1 tried 2/3] 2.7 secs
				[on_top tried 10/12] 2.7 secs
				[to_right tried 12/12] 2.7 secs
				[allineato_al_centro_verticale tried 8/12] 2.7 secs
				[allineato_al_centro_orizzontale tried 6/12] 2.7 secs
				[altezza_pagina tried 1/1] 2.7 secs
				[larghezza_pagina tried 1/1] 2.7 secs
				[altezza_rettangolo tried 3/3] 2.7 secs
				[ascissa_rettangolo tried 3/3] 2.7 secs
				[ordinata_rettangolo tried 3/3] 2.7 secs
				[larghezza_rettangolo tried 3/3] 2.7 secs
				[numero_pagine tried 1/1] 2.7 secs

Best literal on_top(C,E) (8.0 bits)


State (47/113 [2/17], 6.1 bits available)

				[= tried 3/3] 2.7 secs
				[tipo_testo tried 3/3] 2.7 secs
				[tipo_linea_orizzontale tried 3/3] 2.7 secs
				[tipo_misto tried 2/3] 2.7 secs
				[tipo_linea_obbliqua tried 3/3] 2.7 secs
				[tipo_immagine tried 3/3] 2.7 secs
				[tipo_vuoto tried 3/3] 2.7 secs
				[ultima_pagina tried 1/1] 2.7 secs
				[frame tried 6/7] 2.7 secs
				[pagina_1 tried 2/3] 2.7 secs
				[on_top tried 9/12] 2.7 secs
				[to_right tried 12/12] 2.7 secs
				[allineato_al_centro_verticale tried 9/12] 2.7 secs
				[allineato_al_centro_orizzontale tried 6/12] 2.7 secs
				[altezza_pagina tried 1/1] 2.7 secs
				[larghezza_pagina tried 1/1] 2.7 secs
				[altezza_rettangolo tried 3/3] 2.7 secs
				[ascissa_rettangolo tried 3/3] 2.7 secs
				[ordinata_rettangolo tried 3/3] 2.7 secs
				[larghezza_rettangolo tried 3/3] 2.7 secs
				[numero_pagine tried 1/1] 2.7 secs

	Save on_top(D,F) (2,14 value 8.3)

Best literal on_top(E,F) (8.0 bits)


State (152/251 [2/14], 0.7 bits available)

				[= requires 8.0 bits]
				[tipo_testo requires 6.4 bits]
				[tipo_linea_orizzontale requires 6.4 bits]
				[tipo_misto requires 6.4 bits]
				[tipo_linea_obbliqua requires 6.4 bits]
				[tipo_immagine requires 6.4 bits]
				[tipo_vuoto requires 6.4 bits]
				[ultima_pagina requires 4.4 bits]
				[frame requires 7.4 bits]
				[pagina_1 requires 6.0 bits]
				[on_top requires 8.6 bits]
				[to_right requires 8.6 bits]
				[allineato_al_centro_verticale requires 8.6 bits]
				[allineato_al_centro_orizzontale requires 8.6 bits]
				[altezza_pagina requires 4.4 bits]
				[larghezza_pagina requires 4.4 bits]
				[altezza_rettangolo requires 6.0 bits]
				[ascissa_rettangolo requires 6.0 bits]
				[ordinata_rettangolo requires 6.0 bits]
				[larghezza_rettangolo requires 6.0 bits]
				[numero_pagine requires 4.4 bits]

No literals

Recover to class_elsevier(A) :- pagina_1(A,B), frame(B,C), tipo_misto(C), on_top(C,D), allineato_al_centro_verticale(E,C), on_top(C,E), on_top(D,F).



State (136/215 [2/14], 0.7 bits available)

				[= requires 8.0 bits]
				[tipo_testo requires 6.4 bits]
				[tipo_linea_orizzontale requires 6.4 bits]
				[tipo_misto requires 6.4 bits]
				[tipo_linea_obbliqua requires 6.4 bits]
				[tipo_immagine requires 6.4 bits]
				[tipo_vuoto requires 6.4 bits]
				[ultima_pagina requires 4.4 bits]
				[frame requires 7.4 bits]
				[pagina_1 requires 6.0 bits]
				[on_top requires 8.6 bits]
				[to_right requires 8.6 bits]
				[allineato_al_centro_verticale requires 8.6 bits]
				[allineato_al_centro_orizzontale requires 8.6 bits]
				[altezza_pagina requires 4.4 bits]
				[larghezza_pagina requires 4.4 bits]
				[altezza_rettangolo requires 6.0 bits]
				[ascissa_rettangolo requires 6.0 bits]
				[ordinata_rettangolo requires 6.0 bits]
				[larghezza_rettangolo requires 6.0 bits]
				[numero_pagine requires 4.4 bits]

No literals

Recover to class_elsevier(A) :- pagina_1(A,B), frame(B,C), tipo_misto(C), on_top(C,D), allineato_al_centro_verticale(D,C).



State (7/29 [2/17], 11.7 bits available)

				[= tried 1/1] 2.7 secs
				[tipo_testo tried 2/2] 2.7 secs
				[tipo_linea_orizzontale tried 2/2] 2.7 secs
				[tipo_misto tried 1/2] 2.7 secs
				[tipo_linea_obbliqua tried 2/2] 2.7 secs
				[tipo_immagine tried 2/2] 2.7 secs
				[tipo_vuoto tried 2/2] 2.7 secs
				[ultima_pagina tried 1/1] 2.7 secs
				[frame tried 4/5] 2.7 secs
				[pagina_1 tried 2/3] 2.7 secs
				[on_top tried 5/6] 2.7 secs
				[to_right tried 6/6] 2.7 secs
				[allineato_al_centro_verticale tried 4/6] 2.7 secs
				[allineato_al_centro_orizzontale tried 4/6] 2.7 secs
				[altezza_pagina tried 1/1] 2.7 secs
				[larghezza_pagina tried 1/1] 2.7 secs
				[altezza_rettangolo tried 2/2] 2.7 secs
				[ascissa_rettangolo tried 2/2] 2.7 secs
				[ordinata_rettangolo tried 2/2] 2.7 secs
				[larghezza_rettangolo tried 2/2] 2.7 secs
				[numero_pagine tried 1/1] 2.7 secs

	Save on_top(C,E) (2,17 value 7.8)

Best literal on_top(D,E) (7.0 bits)


State (22/50 [2/14], 7.1 bits available)

				[= tried 3/3] 2.7 secs
				[tipo_testo tried 3/3] 2.7 secs
				[tipo_linea_orizzontale tried 3/3] 2.7 secs
				[tipo_misto tried 2/3] 2.7 secs
				[tipo_linea_obbliqua tried 3/3] 2.7 secs
				[tipo_immagine tried 3/3] 2.7 secs
				[tipo_vuoto tried 3/3] 2.7 secs
				[ultima_pagina tried 1/1] 2.7 secs
				[frame tried 5/6] 2.7 secs
				[pagina_1 tried 2/3] 2.7 secs
				[on_top tried 7/10] 2.7 secs
				[to_right tried 10/10] 2.7 secs
				[allineato_al_centro_verticale tried 7/10] 2.7 secs
				[allineato_al_centro_orizzontale tried 6/10] 2.7 secs
				[altezza_pagina tried 1/1] 2.7 secs
				[larghezza_pagina tried 1/1] 2.7 secs
				[altezza_rettangolo tried 2/2] 2.7 secs
				[ascissa_rettangolo tried 2/2] 2.7 secs
				[ordinata_rettangolo tried 2/2] 2.7 secs
				[larghezza_rettangolo tried 2/2] 2.7 secs
				[numero_pagine tried 1/1] 2.7 secs

Best literal on_top(C,F) (7.7 bits)


State (152/251 [2/14], 1.9 bits available, 1 weak literal)

				[= requires 8.0 bits]
				[tipo_testo requires 6.4 bits]
				[tipo_linea_orizzontale requires 6.4 bits]
				[tipo_misto requires 6.4 bits]
				[tipo_linea_obbliqua requires 6.4 bits]
				[tipo_immagine requires 6.4 bits]
				[tipo_vuoto requires 6.4 bits]
				[ultima_pagina tried 1/1] 2.7 secs
				[frame requires 7.4 bits]
				[pagina_1 requires 6.0 bits]
				[on_top requires 8.6 bits]
				[to_right requires 8.6 bits]
				[allineato_al_centro_verticale requires 8.6 bits]
				[allineato_al_centro_orizzontale requires 8.6 bits]
				[altezza_pagina tried 1/1] 2.7 secs
				[larghezza_pagina tried 1/1] 2.7 secs
				[altezza_rettangolo requires 6.0 bits]
				[ascissa_rettangolo requires 6.0 bits]
				[ordinata_rettangolo requires 6.0 bits]
				[larghezza_rettangolo requires 6.0 bits]
				[numero_pagine tried 1/1] 2.7 secs

No literals

Recover to class_elsevier(A) :- pagina_1(A,B), frame(B,C), tipo_misto(C), on_top(C,D), allineato_al_centro_verticale(D,C), on_top(C,E).



State (47/113 [2/17], 7.1 bits available, 1 weak literal)

				[= tried 3/3] 2.7 secs
				[tipo_testo tried 3/3] 2.7 secs
				[tipo_linea_orizzontale tried 3/3] 2.7 secs
				[tipo_misto tried 2/3] 2.7 secs
				[tipo_linea_obbliqua tried 3/3] 2.7 secs
				[tipo_immagine tried 3/3] 2.7 secs
				[tipo_vuoto tried 3/3] 2.7 secs
				[ultima_pagina tried 1/1] 2.7 secs
				[frame tried 6/7] 2.7 secs
				[pagina_1 tried 2/3] 2.7 secs
				[on_top tried 9/12] 2.7 secs
				[to_right tried 12/12] 2.7 secs
				[allineato_al_centro_verticale tried 9/12] 2.7 secs
				[allineato_al_centro_orizzontale tried 6/12] 2.7 secs
				[altezza_pagina tried 1/1] 2.7 secs
				[larghezza_pagina tried 1/1] 2.7 secs
				[altezza_rettangolo tried 3/3] 2.7 secs
				[ascissa_rettangolo tried 3/3] 2.7 secs
				[ordinata_rettangolo tried 3/3] 2.7 secs
				[larghezza_rettangolo tried 3/3] 2.7 secs
				[numero_pagine tried 1/1] 2.7 secs

	Save on_top(E,F) (2,14 value 8.3)

Best literal on_top(D,F) (8.0 bits)


State (152/251 [2/14], 1.7 bits available)

				[= requires 8.0 bits]
				[tipo_testo requires 6.4 bits]
				[tipo_linea_orizzontale requires 6.4 bits]
				[tipo_misto requires 6.4 bits]
				[tipo_linea_obbliqua requires 6.4 bits]
				[tipo_immagine requires 6.4 bits]
				[tipo_vuoto requires 6.4 bits]
				[ultima_pagina tried 1/1] 2.7 secs
				[frame requires 7.4 bits]
				[pagina_1 requires 6.0 bits]
				[on_top requires 8.6 bits]
				[to_right requires 8.6 bits]
				[allineato_al_centro_verticale requires 8.6 bits]
				[allineato_al_centro_orizzontale requires 8.6 bits]
				[altezza_pagina tried 1/1] 2.7 secs
				[larghezza_pagina tried 1/1] 2.7 secs
				[altezza_rettangolo requires 6.0 bits]
				[ascissa_rettangolo requires 6.0 bits]
				[ordinata_rettangolo requires 6.0 bits]
				[larghezza_rettangolo requires 6.0 bits]
				[numero_pagine tried 1/1] 2.7 secs

No literals

Recover to class_elsevier(A) :- pagina_1(A,B), frame(B,C), tipo_misto(C), on_top(C,D), allineato_al_centro_verticale(D,C), on_top(C,E), on_top(E,F).



State (136/215 [2/14], 1.7 bits available)

				[= requires 8.0 bits]
				[tipo_testo requires 6.4 bits]
				[tipo_linea_orizzontale requires 6.4 bits]
				[tipo_misto requires 6.4 bits]
				[tipo_linea_obbliqua requires 6.4 bits]
				[tipo_immagine requires 6.4 bits]
				[tipo_vuoto requires 6.4 bits]
				[ultima_pagina tried 1/1] 2.7 secs
				[frame requires 7.4 bits]
				[pagina_1 requires 6.0 bits]
				[on_top requires 8.6 bits]
				[to_right requires 8.6 bits]
				[allineato_al_centro_verticale requires 8.6 bits]
				[allineato_al_centro_orizzontale requires 8.6 bits]
				[altezza_pagina tried 1/1] 2.7 secs
				[larghezza_pagina tried 1/1] 2.7 secs
				[altezza_rettangolo requires 6.0 bits]
				[ascissa_rettangolo requires 6.0 bits]
				[ordinata_rettangolo requires 6.0 bits]
				[larghezza_rettangolo requires 6.0 bits]
				[numero_pagine tried 1/1] 2.7 secs

No literals

Recover to class_elsevier(A) :- pagina_1(A,B), frame(B,C), tipo_misto(C), allineato_al_centro_verticale(D,C).



State (12/176 [2/51], 16.7 bits available)

				[= tried 1/1] 2.7 secs
				[tipo_testo tried 2/2] 2.7 secs
				[tipo_linea_orizzontale tried 2/2] 2.7 secs
				[tipo_misto tried 1/2] 2.7 secs
				[tipo_linea_obbliqua tried 2/2] 2.7 secs
				[tipo_immagine tried 2/2] 2.7 secs
				[tipo_vuoto tried 2/2] 2.7 secs
				[ultima_pagina tried 1/1] 2.7 secs
				[frame tried 4/5] 2.7 secs
				[pagina_1 tried 2/3] 2.7 secs
				[on_top tried 6/6] 2.7 secs
				[to_right tried 6/6] 2.7 secs
				[allineato_al_centro_verticale tried 4/6] 2.7 secs
				[allineato_al_centro_orizzontale tried 4/6] 2.7 secs
				[altezza_pagina tried 1/1] 2.7 secs
				[larghezza_pagina tried 1/1] 2.7 secs
				[altezza_rettangolo tried 2/2] 2.7 secs
				[ascissa_rettangolo tried 2/2] 2.7 secs
				[ordinata_rettangolo tried 2/2] 2.7 secs
				[larghezza_rettangolo tried 2/2] 2.7 secs
				[numero_pagine tried 1/1] 2.7 secs

	Save on_top(C,E) (2,48 value 4.9)

Best literal on_top(C,D) (7.0 bits)


State (7/29 [2/17], 11.7 bits available)

				[= tried 1/1] 2.7 secs
				[tipo_testo tried 2/2] 2.7 secs
				[tipo_linea_orizzontale tried 2/2] 2.7 secs
				[tipo_misto tried 1/2] 2.7 secs
				[tipo_linea_obbliqua tried 2/2] 2.7 secs
				[tipo_immagine tried 2/2] 2.7 secs
				[tipo_vuoto tried 2/2] 2.7 secs
				[ultima_pagina tried 1/1] 2.7 secs
				[frame tried 4/5] 2.7 secs
				[pagina_1 tried 2/3] 2.7 secs
				[on_top tried 5/6] 2.7 secs
				[to_right tried 6/6] 2.7 secs
				[allineato_al_centro_verticale tried 4/6] 2.7 secs
				[allineato_al_centro_orizzontale tried 4/6] 2.7 secs
				[altezza_pagina tried 1/1] 2.7 secs
				[larghezza_pagina tried 1/1] 2.7 secs
				[altezza_rettangolo tried 2/2] 2.7 secs
				[ascissa_rettangolo tried 2/2] 2.7 secs
				[ordinata_rettangolo tried 2/2] 2.7 secs
				[larghezza_rettangolo tried 2/2] 2.7 secs
				[numero_pagine tried 1/1] 2.7 secs

	Save on_top(C,E) (2,17 value 7.8)

Best literal on_top(D,E) (7.0 bits)


State (22/50 [2/14], 7.1 bits available)

				[= tried 3/3] 2.7 secs
				[tipo_testo tried 3/3] 2.7 secs
				[tipo_linea_orizzontale tried 3/3] 2.7 secs
				[tipo_misto tried 2/3] 2.7 secs
				[tipo_linea_obbliqua tried 3/3] 2.7 secs
				[tipo_immagine tried 3/3] 2.7 secs
				[tipo_vuoto tried 3/3] 2.7 secs
				[ultima_pagina tried 1/1] 2.7 secs
				[frame tried 5/6] 2.7 secs
				[pagina_1 tried 2/3] 2.7 secs
				[on_top tried 7/10] 2.7 secs
				[to_right tried 10/10] 2.7 secs
				[allineato_al_centro_verticale tried 7/10] 2.7 secs
				[allineato_al_centro_orizzontale tried 6/10] 2.7 secs
				[altezza_pagina tried 1/1] 2.7 secs
				[larghezza_pagina tried 1/1] 2.7 secs
				[altezza_rettangolo tried 2/2] 2.7 secs
				[ascissa_rettangolo tried 2/2] 2.7 secs
				[ordinata_rettangolo tried 2/2] 2.7 secs
				[larghezza_rettangolo tried 2/2] 2.7 secs
				[numero_pagine tried 1/1] 2.7 secs

Best literal on_top(C,F) (7.7 bits)


State (152/251 [2/14], 1.9 bits available, 1 weak literal)

				[= requires 8.0 bits]
				[tipo_testo requires 6.4 bits]
				[tipo_linea_orizzontale requires 6.4 bits]
				[tipo_misto requires 6.4 bits]
				[tipo_linea_obbliqua requires 6.4 bits]
				[tipo_immagine requires 6.4 bits]
				[tipo_vuoto requires 6.4 bits]
				[ultima_pagina tried 1/1] 2.7 secs
				[frame requires 7.4 bits]
				[pagina_1 requires 6.0 bits]
				[on_top requires 8.6 bits]
				[to_right requires 8.6 bits]
				[allineato_al_centro_verticale requires 8.6 bits]
				[allineato_al_centro_orizzontale requires 8.6 bits]
				[altezza_pagina tried 1/1] 2.7 secs
				[larghezza_pagina tried 1/1] 2.7 secs
				[altezza_rettangolo requires 6.0 bits]
				[ascissa_rettangolo requires 6.0 bits]
				[ordinata_rettangolo requires 6.0 bits]
				[larghezza_rettangolo requires 6.0 bits]
				[numero_pagine tried 1/1] 2.7 secs

No literals

Recover to class_elsevier(A) :- pagina_1(A,B), frame(B,C), tipo_misto(C), allineato_al_centro_verticale(D,C), on_top(C,D), on_top(C,E).



State (47/113 [2/17], 7.1 bits available, 1 weak literal)

				[= tried 3/3] 2.7 secs
				[tipo_testo tried 3/3] 2.7 secs
				[tipo_linea_orizzontale tried 3/3] 2.7 secs
				[tipo_misto tried 2/3] 2.7 secs
				[tipo_linea_obbliqua tried 3/3] 2.7 secs
				[tipo_immagine tried 3/3] 2.7 secs
				[tipo_vuoto tried 3/3] 2.7 secs
				[ultima_pagina tried 1/1] 2.7 secs
				[frame tried 6/7] 2.7 secs
				[pagina_1 tried 2/3] 2.7 secs
				[on_top tried 9/12] 2.7 secs
				[to_right tried 12/12] 2.7 secs
				[allineato_al_centro_verticale tried 9/12] 2.7 secs
				[allineato_al_centro_orizzontale tried 6/12] 2.7 secs
				[altezza_pagina tried 1/1] 2.7 secs
				[larghezza_pagina tried 1/1] 2.7 secs
				[altezza_rettangolo tried 3/3] 2.7 secs
				[ascissa_rettangolo tried 3/3] 2.7 secs
				[ordinata_rettangolo tried 3/3] 2.7 secs
				[larghezza_rettangolo tried 3/3] 2.7 secs
				[numero_pagine tried 1/1] 2.7 secs

	Save on_top(E,F) (2,14 value 8.3)

Best literal on_top(D,F) (8.0 bits)


State (152/251 [2/14], 1.7 bits available)

				[= requires 8.0 bits]
				[tipo_testo requires 6.4 bits]
				[tipo_linea_orizzontale requires 6.4 bits]
				[tipo_misto requires 6.4 bits]
				[tipo_linea_obbliqua requires 6.4 bits]
				[tipo_immagine requires 6.4 bits]
				[tipo_vuoto requires 6.4 bits]
				[ultima_pagina tried 1/1] 2.7 secs
				[frame requires 7.4 bits]
				[pagina_1 requires 6.0 bits]
				[on_top requires 8.6 bits]
				[to_right requires 8.6 bits]
				[allineato_al_centro_verticale requires 8.6 bits]
				[allineato_al_centro_orizzontale requires 8.6 bits]
				[altezza_pagina tried 1/1] 2.7 secs
				[larghezza_pagina tried 1/1] 2.7 secs
				[altezza_rettangolo requires 6.0 bits]
				[ascissa_rettangolo requires 6.0 bits]
				[ordinata_rettangolo requires 6.0 bits]
				[larghezza_rettangolo requires 6.0 bits]
				[numero_pagine tried 1/1] 2.7 secs

No literals

Recover to class_elsevier(A) :- pagina_1(A,B), frame(B,C), tipo_misto(C), allineato_al_centro_verticale(D,C), on_top(C,D), on_top(C,E), on_top(E,F).



State (136/215 [2/14], 1.7 bits available)

				[= requires 8.0 bits]
				[tipo_testo requires 6.4 bits]
				[tipo_linea_orizzontale requires 6.4 bits]
				[tipo_misto requires 6.4 bits]
				[tipo_linea_obbliqua requires 6.4 bits]
				[tipo_immagine requires 6.4 bits]
				[tipo_vuoto requires 6.4 bits]
				[ultima_pagina tried 1/1] 2.7 secs
				[frame requires 7.4 bits]
				[pagina_1 requires 6.0 bits]
				[on_top requires 8.6 bits]
				[to_right requires 8.6 bits]
				[allineato_al_centro_verticale requires 8.6 bits]
				[allineato_al_centro_orizzontale requires 8.6 bits]
				[altezza_pagina tried 1/1] 2.7 secs
				[larghezza_pagina tried 1/1] 2.7 secs
				[altezza_rettangolo requires 6.0 bits]
				[ascissa_rettangolo requires 6.0 bits]
				[ordinata_rettangolo requires 6.0 bits]
				[larghezza_rettangolo requires 6.0 bits]
				[numero_pagine tried 1/1] 2.7 secs

No literals

Recover to class_elsevier(A) :- pagina_1(A,B), frame(B,C), tipo_misto(C), allineato_al_centro_verticale(D,C), on_top(C,E).



State (54/363 [2/48], 11.7 bits available)

				[= tried 3/3] 2.7 secs
				[tipo_testo tried 3/3] 2.7 secs
				[tipo_linea_orizzontale tried 3/3] 2.7 secs
				[tipo_misto tried 2/3] 2.7 secs
				[tipo_linea_obbliqua tried 3/3] 2.7 secs
				[tipo_immagine tried 3/3] 2.7 secs
				[tipo_vuoto tried 3/3] 2.7 secs
				[ultima_pagina tried 1/1] 2.7 secs
				[frame tried 6/7] 2.7 secs
				[pagina_1 tried 2/3] 2.7 secs
				[on_top tried 10/12] 2.7 secs
				[to_right tried 12/12] 2.7 secs
				[allineato_al_centro_verticale tried 8/12] 2.7 secs
				[allineato_al_centro_orizzontale tried 6/12] 2.7 secs
				[altezza_pagina tried 1/1] 2.7 secs
				[larghezza_pagina tried 1/1] 2.7 secs
				[altezza_rettangolo tried 3/3] 2.7 secs
				[ascissa_rettangolo tried 3/3] 2.7 secs
				[ordinata_rettangolo tried 3/3] 2.7 secs
				[larghezza_rettangolo tried 3/3] 2.7 secs
				[numero_pagine tried 1/1] 2.7 secs

Best literal on_top(C,D) (8.0 bits)


State (47/113 [2/17], 6.1 bits available)

				[= tried 3/3] 2.7 secs
				[tipo_testo tried 3/3] 2.7 secs
				[tipo_linea_orizzontale tried 3/3] 2.7 secs
				[tipo_misto tried 2/3] 2.7 secs
				[tipo_linea_obbliqua tried 3/3] 2.7 secs
				[tipo_immagine tried 3/3] 2.7 secs
				[tipo_vuoto tried 3/3] 2.7 secs
				[ultima_pagina tried 1/1] 2.7 secs
				[frame tried 6/7] 2.7 secs
				[pagina_1 tried 2/3] 2.7 secs
				[on_top tried 9/12] 2.7 secs
				[to_right tried 12/12] 2.7 secs
				[allineato_al_centro_verticale tried 9/12] 2.7 secs
				[allineato_al_centro_orizzontale tried 6/12] 2.7 secs
				[altezza_pagina tried 1/1] 2.7 secs
				[larghezza_pagina tried 1/1] 2.7 secs
				[altezza_rettangolo tried 3/3] 2.7 secs
				[ascissa_rettangolo tried 3/3] 2.7 secs
				[ordinata_rettangolo tried 3/3] 2.7 secs
				[larghezza_rettangolo tried 3/3] 2.7 secs
				[numero_pagine tried 1/1] 2.7 secs

	Save on_top(E,F) (2,14 value 8.3)

Best literal on_top(D,F) (8.0 bits)


State (152/251 [2/14], 0.7 bits available)

				[= requires 8.0 bits]
				[tipo_testo requires 6.4 bits]
				[tipo_linea_orizzontale requires 6.4 bits]
				[tipo_misto requires 6.4 bits]
				[tipo_linea_obbliqua requires 6.4 bits]
				[tipo_immagine requires 6.4 bits]
				[tipo_vuoto requires 6.4 bits]
				[ultima_pagina requires 4.4 bits]
				[frame requires 7.4 bits]
				[pagina_1 requires 6.0 bits]
				[on_top requires 8.6 bits]
				[to_right requires 8.6 bits]
				[allineato_al_centro_verticale requires 8.6 bits]
				[allineato_al_centro_orizzontale requires 8.6 bits]
				[altezza_pagina requires 4.4 bits]
				[larghezza_pagina requires 4.4 bits]
				[altezza_rettangolo requires 6.0 bits]
				[ascissa_rettangolo requires 6.0 bits]
				[ordinata_rettangolo requires 6.0 bits]
				[larghezza_rettangolo requires 6.0 bits]
				[numero_pagine requires 4.4 bits]

No literals

Recover to class_elsevier(A) :- pagina_1(A,B), frame(B,C), tipo_misto(C), allineato_al_centro_verticale(D,C), on_top(C,E), on_top(C,D), on_top(E,F).



State (136/215 [2/14], 0.7 bits available)

				[= requires 8.0 bits]
				[tipo_testo requires 6.4 bits]
				[tipo_linea_orizzontale requires 6.4 bits]
				[tipo_misto requires 6.4 bits]
				[tipo_linea_obbliqua requires 6.4 bits]
				[tipo_immagine requires 6.4 bits]
				[tipo_vuoto requires 6.4 bits]
				[ultima_pagina requires 4.4 bits]
				[frame requires 7.4 bits]
				[pagina_1 requires 6.0 bits]
				[on_top requires 8.6 bits]
				[to_right requires 8.6 bits]
				[allineato_al_centro_verticale requires 8.6 bits]
				[allineato_al_centro_orizzontale requires 8.6 bits]
				[altezza_pagina requires 4.4 bits]
				[larghezza_pagina requires 4.4 bits]
				[altezza_rettangolo requires 6.0 bits]
				[ascissa_rettangolo requires 6.0 bits]
				[ordinata_rettangolo requires 6.0 bits]
				[larghezza_rettangolo requires 6.0 bits]
				[numero_pagine requires 4.4 bits]

No literals

Recover to class_elsevier(A) :- pagina_1(A,B), frame(B,C), tipo_misto(C), allineato_al_centro_verticale(C,D).



State (14/205 [2/54], 16.7 bits available)

				[= tried 1/1] 2.7 secs
				[tipo_testo tried 2/2] 2.7 secs
				[tipo_linea_orizzontale tried 2/2] 2.7 secs
				[tipo_misto tried 1/2] 2.7 secs
				[tipo_linea_obbliqua tried 2/2] 2.7 secs
				[tipo_immagine tried 2/2] 2.7 secs
				[tipo_vuoto tried 2/2] 2.7 secs
				[ultima_pagina tried 1/1] 2.7 secs
				[frame tried 4/5] 2.7 secs
				[pagina_1 tried 2/3] 2.7 secs
				[on_top tried 6/6] 2.7 secs
				[to_right tried 6/6] 2.7 secs
				[allineato_al_centro_verticale tried 4/6] 2.7 secs
				[allineato_al_centro_orizzontale tried 4/6] 2.7 secs
				[altezza_pagina tried 1/1] 2.7 secs
				[larghezza_pagina tried 1/1] 2.7 secs
				[altezza_rettangolo tried 2/2] 2.7 secs
				[ascissa_rettangolo tried 2/2] 2.7 secs
				[ordinata_rettangolo tried 2/2] 2.7 secs
				[larghezza_rettangolo tried 2/2] 2.7 secs
				[numero_pagine tried 1/1] 2.7 secs

Best literal tipo_misto(D) (5.4 bits)


State (4/28 [2/12], 13.3 bits available)

				[= tried 1/1] 2.7 secs
				[tipo_testo tried 2/2] 2.7 secs
				[tipo_linea_orizzontale tried 2/2] 2.7 secs
				[tipo_misto tried 0/2] 2.7 secs
				[tipo_linea_obbliqua tried 2/2] 2.7 secs
				[tipo_immagine tried 2/2] 2.7 secs
				[tipo_vuoto tried 2/2] 2.7 secs
				[ultima_pagina tried 1/1] 2.7 secs
				[frame tried 4/5] 2.7 secs
				[pagina_1 tried 2/3] 2.7 secs
				[on_top tried 6/6] 2.7 secs
				[to_right tried 6/6] 2.7 secs
				[allineato_al_centro_verticale tried 5/6] 2.7 secs
				[allineato_al_centro_orizzontale tried 4/6] 2.7 secs
				[altezza_pagina tried 1/1] 2.7 secs
				[larghezza_pagina tried 1/1] 2.7 secs
				[altezza_rettangolo tried 2/2] 2.7 secs
				[ascissa_rettangolo tried 2/2] 2.7 secs
				[ordinata_rettangolo tried 2/2] 2.7 secs
				[larghezza_rettangolo tried 2/2] 2.7 secs
				[numero_pagine tried 1/1] 2.7 secs

Best literal on_top(D,E) (7.0 bits)


State (20/76 [2/12], 8.6 bits available)

				[= tried 3/3] 2.7 secs
				[tipo_testo tried 3/3] 2.7 secs
				[tipo_linea_orizzontale tried 3/3] 2.7 secs
				[tipo_misto tried 1/3] 2.7 secs
				[tipo_linea_obbliqua tried 3/3] 2.7 secs
				[tipo_immagine tried 3/3] 2.7 secs
				[tipo_vuoto tried 3/3] 2.7 secs
				[ultima_pagina tried 1/1] 2.7 secs
				[frame tried 5/6] 2.7 secs
				[pagina_1 tried 2/3] 2.7 secs
				[on_top tried 8/10] 2.7 secs
				[to_right tried 10/10] 2.7 secs
				[allineato_al_centro_verticale tried 7/10] 2.7 secs
				[allineato_al_centro_orizzontale tried 6/10] 2.7 secs
				[altezza_pagina tried 1/1] 2.7 secs
				[larghezza_pagina tried 1/1] 2.7 secs
				[altezza_rettangolo tried 2/2] 2.7 secs
				[ascissa_rettangolo tried 2/2] 2.7 secs
				[ordinata_rettangolo tried 2/2] 2.7 secs
				[larghezza_rettangolo tried 2/2] 2.7 secs
				[numero_pagine tried 1/1] 2.7 secs

Best literal tipo_testo(E) (6.0 bits)


State (15/21 [2/6], 5.2 bits available)

				[= tried 3/3] 2.7 secs
				[tipo_testo tried 2/3] 2.7 secs
				[tipo_linea_orizzontale tried 3/3] 2.7 secs
				[tipo_misto tried 1/3] 2.7 secs
				[tipo_linea_obbliqua tried 3/3] 2.7 secs
				[tipo_immagine tried 3/3] 2.7 secs
				[tipo_vuoto tried 3/3] 2.7 secs
				[ultima_pagina tried 1/1] 2.7 secs
				[frame tried 5/6] 2.7 secs
				[pagina_1 tried 2/3] 2.7 secs
				[on_top tried 6/10] 2.7 secs

	Save clause ending with on_top(E,C) (cover 2, accuracy 100%)

Best literal on_top(E,C) (7.7 bits)

Initial clause (0 errs): class_elsevier(A) :- pagina_1(A,B), frame(B,C), tipo_misto(C), allineato_al_centro_verticale(C,D), tipo_misto(D), on_top(D,E), tipo_testo(E), on_top(E,C).
		on_top(D,E) needed for binding tipo_testo(E)
		allineato_al_centro_verticale(C,D) needed for binding tipo_misto(D)
		frame(B,C) needed for binding tipo_misto(C)
		pagina_1(A,B) needed for binding frame(B,C)

Clause 2: class_elsevier(A) :- pagina_1(A,B), frame(B,C), tipo_misto(C), allineato_al_centro_verticale(C,D), tipo_misto(D), on_top(D,E), tipo_testo(E), on_top(E,C).

class_elsevier(A) :- pagina_1(A,B), frame(B,C), allineato_al_centro_verticale(C,D), allineato_al_centro_verticale(E,C), allineato_al_centro_verticale(F,E), tipo_linea_orizzontale(E).
class_elsevier(A) :- pagina_1(A,B), frame(B,C), tipo_misto(C), on_top(C,D), allineato_al_centro_verticale(C,E), on_top(C,E), on_top(D,F), on_top(E,D), allineato_al_centro_verticale(D,F).
class_elsevier(A) :- pagina_1(A,B), frame(B,C), tipo_misto(C), allineato_al_centro_verticale(C,D), tipo_misto(D), on_top(D,E), tipo_testo(E), on_top(E,C).

Time 2.7 secs

Test relation class_elsevier
    (-)	d06053013201212609
Summary: 1 error in 35 trials
