FOIL 6.4   [January 1996]
--------

    Options:
	no negated literals
	verbosity level 2

Types Documento and Pagina are not compatible
Types Documento and Frame are not compatible
Types Documento and NumeroPagine are not compatible
Types Documento and LarghezzaPagina are not compatible
Types Documento and AltezzaPagina are not compatible
Types Documento and AscissaRettangolo are not compatible
Types Documento and OrdinataRettangolo are not compatible
Types Documento and LarghezzaRettangolo are not compatible
Types Documento and AltezzaRettangolo are not compatible
Types Pagina and Frame are not compatible
Types Pagina and NumeroPagine are not compatible
Types Pagina and LarghezzaPagina are not compatible
Types Pagina and AltezzaPagina are not compatible
Types Pagina and AscissaRettangolo are not compatible
Types Pagina and OrdinataRettangolo are not compatible
Types Pagina and LarghezzaRettangolo are not compatible
Types Pagina and AltezzaRettangolo are not compatible
Types Frame and NumeroPagine are not compatible
Types Frame and LarghezzaPagina are not compatible
Types Frame and AltezzaPagina are not compatible
Types Frame and AscissaRettangolo are not compatible
Types Frame and OrdinataRettangolo are not compatible
Types Frame and LarghezzaRettangolo are not compatible
Types Frame and AltezzaRettangolo are not compatible
Types NumeroPagine and LarghezzaPagina are not compatible
Types NumeroPagine and AltezzaPagina are not compatible
Types NumeroPagine and AscissaRettangolo are not compatible
Types NumeroPagine and OrdinataRettangolo are not compatible
Types NumeroPagine and LarghezzaRettangolo are not compatible
Types NumeroPagine and AltezzaRettangolo are not compatible
Types LarghezzaPagina and AltezzaPagina are not compatible
Types LarghezzaPagina and AscissaRettangolo are not compatible
Types LarghezzaPagina and OrdinataRettangolo are not compatible
Types LarghezzaPagina and LarghezzaRettangolo are not compatible
Types LarghezzaPagina and AltezzaRettangolo are not compatible
Types AltezzaPagina and AscissaRettangolo are not compatible
Types AltezzaPagina and OrdinataRettangolo are not compatible
Types AltezzaPagina and LarghezzaRettangolo are not compatible
Types AltezzaPagina and AltezzaRettangolo are not compatible
Types AscissaRettangolo and OrdinataRettangolo are not compatible
Types AscissaRettangolo and LarghezzaRettangolo are not compatible
Types AscissaRettangolo and AltezzaRettangolo are not compatible
Types OrdinataRettangolo and LarghezzaRettangolo are not compatible
Types OrdinataRettangolo and AltezzaRettangolo are not compatible
Types LarghezzaRettangolo and AltezzaRettangolo are not compatible

Relation class_elsevier

Relation *allineato_al_centro_orizzontale

Relation *allineato_al_centro_verticale

Relation *altezza_pagina

Relation *larghezza_pagina

Relation *altezza_rettangolo

Relation *ascissa_rettangolo

Relation *ordinata_rettangolo

Relation *larghezza_rettangolo

Relation *frame

Relation *numero_pagine

Relation *on_top

Relation *to_right

Relation *pagina_1

Relation *ultima_pagina

Relation *tipo_immagine

Relation *tipo_linea_obbliqua

Relation *tipo_linea_orizzontale

Relation *tipo_misto

Relation *tipo_testo

Relation *tipo_vuoto

----------
class_elsevier:

State (55/318, 237.1 bits available)

				[pagina_1 tried 1/1] 0.1 secs
				[numero_pagine tried 1/1] 0.1 secs

Determinate literals
	pagina_1(A,B)


State (55/318, 237.1 bits available, 1 weak literal)

				[ultima_pagina tried 1/1] 0.1 secs
				[frame tried 1/1] 0.1 secs
				[pagina_1 tried 1/3] 0.1 secs
				[altezza_pagina tried 1/1] 0.1 secs
				[larghezza_pagina tried 1/1] 0.1 secs
				[numero_pagine tried 1/1] 0.1 secs

Best literal frame(B,C) (2.6 bits)


State (687/3472 [55/318], 234.5 bits available, 2 weak literals)

				[tipo_testo tried 1/1] 0.1 secs
				[tipo_linea_orizzontale tried 1/1] 0.1 secs
				[tipo_misto tried 1/1] 0.1 secs
				[tipo_linea_obbliqua tried 1/1] 0.1 secs
				[tipo_immagine tried 1/1] 0.1 secs
				[tipo_vuoto tried 1/1] 0.1 secs
				[ultima_pagina tried 1/1] 0.1 secs
				[frame tried 1/3] 0.1 secs
				[pagina_1 tried 2/3] 0.1 secs
				[on_top tried 2/2] 0.1 secs
				[to_right tried 2/2] 0.1 secs
				[allineato_al_centro_verticale tried 2/2] 0.1 secs
				[allineato_al_centro_orizzontale tried 2/2] 0.1 secs
				[altezza_pagina tried 1/1] 0.1 secs
				[larghezza_pagina tried 1/1] 0.1 secs
				[altezza_rettangolo tried 1/1] 0.1 secs
				[ascissa_rettangolo tried 1/1] 0.1 secs
				[ordinata_rettangolo tried 1/1] 0.1 secs
				[larghezza_rettangolo tried 1/1] 0.1 secs
				[numero_pagine tried 1/1] 0.1 secs

	Save allineato_al_centro_verticale(D,C) (55,317 value 0.2)
	Save tipo_linea_orizzontale(C) (47,63 value 98.5)

Best literal allineato_al_centro_verticale(C,D) (5.3 bits)


State (1907/4963 [55/317], 230.2 bits available)

				[= tried 1/1] 0.1 secs
				[tipo_testo tried 2/2] 0.1 secs
				[tipo_linea_orizzontale tried 2/2] 0.1 secs
				[tipo_misto tried 2/2] 0.1 secs
				[tipo_linea_obbliqua tried 2/2] 0.1 secs
				[tipo_immagine tried 2/2] 0.1 secs
				[tipo_vuoto tried 2/2] 0.1 secs
				[ultima_pagina tried 1/1] 0.1 secs
				[frame tried 4/5] 0.1 secs
				[pagina_1 tried 2/3] 0.1 secs
				[on_top tried 6/6] 0.1 secs
				[to_right tried 6/6] 0.1 secs
				[allineato_al_centro_verticale tried 4/6] 0.1 secs
				[allineato_al_centro_orizzontale tried 4/6] 0.1 secs
				[altezza_pagina tried 1/1] 0.1 secs
				[larghezza_pagina tried 1/1] 0.1 secs
				[altezza_rettangolo tried 2/2] 0.1 secs
				[ascissa_rettangolo tried 2/2] 0.1 secs
				[ordinata_rettangolo tried 2/2] 0.1 secs
				[larghezza_rettangolo tried 2/2] 0.1 secs
				[numero_pagine tried 1/1] 0.1 secs

	Save clause ending with tipo_linea_orizzontale(C) (cover 47, accuracy 92%)

	Save allineato_al_centro_verticale(D,E) (55,312 value 1.5)
	Save allineato_al_centro_verticale(E,C) (55,312 value 1.5)

Best literal allineato_al_centro_verticale(E,D) (7.0 bits)


State (10851/20705 [55/317], 224.8 bits available, 1 weak literal)

				[= tried 3/3] 0.1 secs
				[tipo_testo tried 3/3] 0.1 secs
				[tipo_linea_orizzontale tried 3/3] 0.1 secs
				[tipo_misto tried 3/3] 0.1 secs
				[tipo_linea_obbliqua tried 3/3] 0.1 secs
				[tipo_immagine tried 3/3] 0.1 secs
				[tipo_vuoto tried 3/3] 0.1 secs
				[ultima_pagina tried 1/1] 0.1 secs
				[frame tried 5/6] 0.1 secs
				[pagina_1 tried 2/3] 0.1 secs
				[on_top tried 10/10] 0.1 secs
				[to_right tried 10/10] 0.2 secs
				[allineato_al_centro_verticale tried 7/10] 0.2 secs
				[allineato_al_centro_orizzontale tried 6/10] 0.2 secs
				[altezza_pagina tried 1/1] 0.2 secs
				[larghezza_pagina tried 1/1] 0.2 secs
				[altezza_rettangolo tried 2/2] 0.2 secs
				[ascissa_rettangolo tried 2/2] 0.2 secs
				[ordinata_rettangolo tried 2/2] 0.2 secs
				[larghezza_rettangolo tried 2/2] 0.2 secs
				[numero_pagine tried 1/1] 0.2 secs

	Save allineato_al_centro_verticale(C,F) (55,317 value 0.2)
	Save allineato_al_centro_verticale(D,F) (55,312 value 1.5)

Best literal allineato_al_centro_verticale(F,C) (7.7 bits)


State (30387/45005 [55/312], 219.1 bits available)

				[= tried 6/6] 0.2 secs
				[tipo_testo tried 4/4] 0.2 secs
				[tipo_linea_orizzontale tried 4/4] 0.2 secs
				[tipo_misto tried 4/4] 0.2 secs
				[tipo_linea_obbliqua tried 4/4] 0.2 secs
				[tipo_immagine tried 4/4] 0.2 secs
				[tipo_vuoto tried 4/4] 0.2 secs
				[ultima_pagina tried 1/1] 0.2 secs
				[frame tried 7/8] 0.2 secs
				[pagina_1 tried 2/3] 0.2 secs
				[on_top tried 18/18] 0.3 secs
				[to_right tried 18/18] 0.3 secs
				[allineato_al_centro_verticale tried 13/18] 0.4 secs
				[allineato_al_centro_orizzontale tried 9/18] 0.4 secs
				[altezza_pagina tried 1/1] 0.4 secs
				[larghezza_pagina tried 1/1] 0.4 secs
				[altezza_rettangolo tried 3/3] 0.4 secs
				[ascissa_rettangolo tried 3/3] 0.4 secs
				[ordinata_rettangolo tried 3/3] 0.4 secs
				[larghezza_rettangolo tried 3/3] 0.4 secs
				[numero_pagine tried 1/1] 0.4 secs

	Save clause ending with tipo_linea_orizzontale(C) (cover 47, accuracy 94%)

	Save allineato_al_centro_verticale(D,G) (55,287 value 8.1)

Best literal allineato_al_centro_verticale(G,F) (8.6 bits)


State (53920/67469 [55/287], 212.8 bits available)

				[= tried 10/10] 0.4 secs
				[tipo_testo tried 5/5] 0.4 secs
				[tipo_linea_orizzontale tried 5/5] 0.4 secs
				[tipo_misto tried 5/5] 0.4 secs
				[tipo_linea_obbliqua tried 5/5] 0.4 secs
				[tipo_immagine tried 5/5] 0.4 secs
				[tipo_vuoto tried 5/5] 0.4 secs
				[ultima_pagina tried 1/1] 0.5 secs
				[frame tried 8/9] 0.5 secs
				[pagina_1 tried 2/3] 0.5 secs
				[on_top tried 26/26] 0.6 secs
				[to_right tried 26/26] 0.7 secs
				[allineato_al_centro_verticale tried 20/26] 0.7 secs
				[allineato_al_centro_orizzontale tried 14/26] 0.8 secs
				[altezza_pagina tried 1/1] 0.8 secs
				[larghezza_pagina tried 1/1] 0.8 secs
				[altezza_rettangolo tried 3/3] 0.8 secs
				[ascissa_rettangolo tried 3/3] 0.8 secs
				[ordinata_rettangolo tried 3/3] 0.8 secs
				[larghezza_rettangolo tried 3/3] 0.8 secs
				[numero_pagine tried 1/1] 0.8 secs

	Save clause ending with tipo_linea_orizzontale(F) (cover 46, accuracy 97%)

	Save tipo_linea_orizzontale(C) (41,44 value 98.8)
	Save tipo_linea_orizzontale(D) (40,42 value 97.7)
	Save tipo_linea_orizzontale(F) (46,47 value 114.1)

Best literal allineato_al_centro_verticale(D,H) (9.1 bits)


State (51052/57682 [55/231], 206.3 bits available)

				[= tried 15/15] 0.8 secs
				[tipo_testo tried 6/6] 0.8 secs
				[tipo_linea_orizzontale tried 6/6] 0.9 secs
				[tipo_misto tried 6/6] 0.9 secs
				[tipo_linea_obbliqua tried 6/6] 0.9 secs
				[tipo_immagine tried 6/6] 0.9 secs
				[tipo_vuoto tried 6/6] 0.9 secs
				[ultima_pagina tried 1/1] 0.9 secs
				[frame tried 9/10] 0.9 secs
				[pagina_1 tried 2/3] 0.9 secs
				[on_top tried 36/36] 1.1 secs
				[to_right tried 36/36] 1.2 secs
				[allineato_al_centro_verticale tried 28/36] 1.2 secs
				[allineato_al_centro_orizzontale tried 21/36] 1.3 secs
				[altezza_pagina tried 1/1] 1.3 secs
				[larghezza_pagina tried 1/1] 1.3 secs
				[altezza_rettangolo tried 3/3] 1.3 secs
				[ascissa_rettangolo tried 3/3] 1.3 secs
				[ordinata_rettangolo tried 3/3] 1.3 secs
				[larghezza_rettangolo tried 3/3] 1.3 secs
				[numero_pagine tried 1/1] 1.3 secs

	Save clause ending with tipo_linea_orizzontale(D) (cover 37, accuracy 100%)

	Save tipo_linea_orizzontale(C) (40,41 value 99.0)
	Save tipo_linea_orizzontale(H) (37,37 value 92.9)

Best literal tipo_linea_orizzontale(D) (7.0 bits)

Initial clause (0 errs): class_elsevier(A) :- pagina_1(A,B), frame(B,C), allineato_al_centro_verticale(C,D), allineato_al_centro_verticale(E,D), allineato_al_centro_verticale(F,C), allineato_al_centro_verticale(G,F), allineato_al_centro_verticale(D,H), tipo_linea_orizzontale(D).
		allineato_al_centro_verticale(F,C) needed for binding allineato_al_centro_verticale(G,F)
		allineato_al_centro_verticale(C,D) needed for binding allineato_al_centro_verticale(D,H)
		frame(B,C) needed for binding allineato_al_centro_verticale(C,D)
		pagina_1(A,B) needed for binding frame(B,C)

Clause 0: class_elsevier(A) :- pagina_1(A,B), frame(B,C), allineato_al_centro_verticale(C,D), allineato_al_centro_verticale(E,C), allineato_al_centro_verticale(F,E), allineato_al_centro_verticale(D,G), tipo_linea_orizzontale(D).

State (18/281, 115.2 bits available)

				[pagina_1 tried 1/1] 1.3 secs
				[numero_pagine tried 1/1] 1.3 secs

Determinate literals
	pagina_1(A,B)


State (18/281, 115.2 bits available, 1 weak literal)

				[ultima_pagina tried 1/1] 1.3 secs
				[frame tried 1/1] 1.3 secs
				[pagina_1 tried 1/3] 1.3 secs
				[altezza_pagina tried 1/1] 1.3 secs
				[larghezza_pagina tried 1/1] 1.3 secs
				[numero_pagine tried 1/1] 1.3 secs

Best literal frame(B,C) (2.6 bits)


State (187/2972 [18/281], 112.6 bits available, 2 weak literals)

				[tipo_testo tried 1/1] 1.3 secs
				[tipo_linea_orizzontale tried 1/1] 1.3 secs
				[tipo_misto tried 1/1] 1.3 secs
				[tipo_linea_obbliqua tried 1/1] 1.3 secs
				[tipo_immagine tried 1/1] 1.3 secs
				[tipo_vuoto tried 1/1] 1.3 secs
				[ultima_pagina tried 1/1] 1.3 secs
				[frame tried 1/3] 1.3 secs
				[pagina_1 tried 2/3] 1.3 secs
				[on_top tried 2/2] 1.3 secs
				[to_right tried 2/2] 1.3 secs
				[allineato_al_centro_verticale tried 2/2] 1.3 secs
				[allineato_al_centro_orizzontale tried 2/2] 1.3 secs
				[altezza_pagina tried 1/1] 1.3 secs
				[larghezza_pagina tried 1/1] 1.3 secs
				[altezza_rettangolo tried 1/1] 1.3 secs
				[ascissa_rettangolo tried 1/1] 1.3 secs
				[ordinata_rettangolo tried 1/1] 1.3 secs
				[larghezza_rettangolo tried 1/1] 1.3 secs
				[numero_pagine tried 1/1] 1.3 secs

	Save allineato_al_centro_verticale(D,C) (18,280 value 0.1)
	Save tipo_linea_orizzontale(C) (10,26 value 26.0)

Best literal allineato_al_centro_verticale(C,D) (5.3 bits)


State (448/3504 [18/280], 108.3 bits available)

				[= tried 1/1] 1.3 secs
				[tipo_testo tried 2/2] 1.3 secs
				[tipo_linea_orizzontale tried 2/2] 1.3 secs
				[tipo_misto tried 2/2] 1.3 secs
				[tipo_linea_obbliqua tried 2/2] 1.3 secs
				[tipo_immagine tried 2/2] 1.3 secs
				[tipo_vuoto tried 2/2] 1.3 secs
				[ultima_pagina tried 1/1] 1.3 secs
				[frame tried 4/5] 1.3 secs
				[pagina_1 tried 2/3] 1.3 secs
				[on_top tried 6/6] 1.3 secs
				[to_right tried 6/6] 1.3 secs
				[allineato_al_centro_verticale tried 4/6] 1.3 secs
				[allineato_al_centro_orizzontale tried 6/6] 1.3 secs
				[altezza_pagina tried 1/1] 1.3 secs
				[larghezza_pagina tried 1/1] 1.3 secs
				[altezza_rettangolo tried 2/2] 1.3 secs
				[ascissa_rettangolo tried 2/2] 1.3 secs
				[ordinata_rettangolo tried 2/2] 1.3 secs
				[larghezza_rettangolo tried 2/2] 1.3 secs
				[numero_pagine tried 1/1] 1.3 secs

	Save allineato_al_centro_verticale(E,C) (18,275 value 0.6)
	Save allineato_al_centro_verticale(D,E) (18,275 value 0.6)
	Save tipo_linea_orizzontale(C) (10,14 value 34.4)

Best literal allineato_al_centro_verticale(E,D) (7.0 bits)


State (2200/12054 [18/280], 102.9 bits available, 1 weak literal)

				[= tried 3/3] 1.3 secs
				[tipo_testo tried 3/3] 1.3 secs
				[tipo_linea_orizzontale tried 3/3] 1.3 secs
				[tipo_misto tried 3/3] 1.3 secs
				[tipo_linea_obbliqua tried 3/3] 1.3 secs
				[tipo_immagine tried 3/3] 1.3 secs
				[tipo_vuoto tried 3/3] 1.3 secs
				[ultima_pagina tried 1/1] 1.3 secs
				[frame tried 5/6] 1.3 secs
				[pagina_1 tried 2/3] 1.3 secs
				[on_top tried 10/10] 1.4 secs
				[to_right tried 10/10] 1.4 secs
				[allineato_al_centro_verticale tried 7/10] 1.4 secs
				[allineato_al_centro_orizzontale tried 10/10] 1.4 secs
				[altezza_pagina tried 1/1] 1.4 secs
				[larghezza_pagina tried 1/1] 1.4 secs
				[altezza_rettangolo tried 2/2] 1.4 secs
				[ascissa_rettangolo tried 2/2] 1.4 secs
				[ordinata_rettangolo tried 2/2] 1.4 secs
				[larghezza_rettangolo tried 2/2] 1.4 secs
				[numero_pagine tried 1/1] 1.4 secs

	Save allineato_al_centro_verticale(C,F) (18,280 value 0.1)
	Save allineato_al_centro_verticale(D,F) (18,275 value 0.6)

Best literal allineato_al_centro_verticale(F,C) (7.7 bits)


State (5249/19867 [18/275], 97.2 bits available)

				[= tried 6/6] 1.4 secs
				[tipo_testo tried 4/4] 1.4 secs
				[tipo_linea_orizzontale tried 4/4] 1.4 secs
				[tipo_misto tried 4/4] 1.4 secs
				[tipo_linea_obbliqua tried 4/4] 1.4 secs
				[tipo_immagine tried 4/4] 1.4 secs
				[tipo_vuoto tried 4/4] 1.4 secs
				[ultima_pagina tried 1/1] 1.4 secs
				[frame tried 7/8] 1.4 secs
				[pagina_1 tried 2/3] 1.4 secs
				[on_top tried 18/18] 1.4 secs
				[to_right tried 18/18] 1.4 secs
				[allineato_al_centro_verticale tried 13/18] 1.4 secs
				[allineato_al_centro_orizzontale tried 9/18] 1.4 secs
				[altezza_pagina tried 1/1] 1.4 secs
				[larghezza_pagina tried 1/1] 1.4 secs
				[altezza_rettangolo tried 3/3] 1.4 secs
				[ascissa_rettangolo tried 3/3] 1.5 secs
				[ordinata_rettangolo tried 3/3] 1.5 secs
				[larghezza_rettangolo tried 3/3] 1.5 secs
				[numero_pagine tried 1/1] 1.5 secs

	Save allineato_al_centro_verticale(C,G) (18,275 value 0.6)
	Save allineato_al_centro_verticale(G,F) (18,250 value 3.0)
	Save allineato_al_centro_verticale(F,G) (18,275 value 0.6)

Best literal tipo_linea_orizzontale(F) (6.4 bits)


State (1041/1065 [10/13], 54.3 bits available)

				[= tried 6/6] 1.5 secs
				[tipo_testo tried 4/4] 1.5 secs
				[tipo_linea_orizzontale tried 3/4] 1.5 secs
				[tipo_misto tried 4/4] 1.5 secs
				[tipo_linea_obbliqua tried 4/4] 1.5 secs
				[tipo_immagine tried 4/4] 1.5 secs
				[tipo_vuoto tried 4/4] 1.5 secs
				[ultima_pagina tried 1/1] 1.5 secs
				[frame tried 7/8] 1.5 secs
				[pagina_1 tried 2/3] 1.5 secs
				[on_top tried 18/18] 1.5 secs
				[to_right tried 18/18] 1.5 secs
				[allineato_al_centro_verticale tried 14/18] 1.5 secs
				[allineato_al_centro_orizzontale tried 9/18] 1.5 secs
				[altezza_pagina tried 1/1] 1.5 secs
				[larghezza_pagina tried 1/1] 1.5 secs
				[altezza_rettangolo tried 3/3] 1.5 secs
				[ascissa_rettangolo tried 3/3] 1.5 secs
				[ordinata_rettangolo tried 3/3] 1.5 secs
				[larghezza_rettangolo tried 3/3] 1.5 secs
				[numero_pagine tried 1/1] 1.5 secs

	Save clause ending with to_right(C,F) (cover 10, accuracy 90%)

	Save allineato_al_centro_verticale(F,G) (10,13 value 35.4)
	Save allineato_al_centro_verticale(G,C) (10,13 value 35.4)
	Save allineato_al_centro_verticale(D,G) (10,12 value 36.5)

Best literal allineato_al_centro_verticale(C,G) (8.6 bits)


State (4096/4131 [10/13], 48.3 bits available, 1 weak literal)

				[= tried 10/10] 1.5 secs
				[tipo_testo tried 5/5] 1.5 secs
				[tipo_linea_orizzontale tried 4/5] 1.5 secs
				[tipo_misto tried 5/5] 1.5 secs
				[tipo_linea_obbliqua tried 5/5] 1.5 secs
				[tipo_immagine tried 5/5] 1.5 secs
				[tipo_vuoto tried 5/5] 1.5 secs
				[ultima_pagina tried 1/1] 1.5 secs
				[frame tried 9/10] 1.5 secs
				[pagina_1 tried 2/3] 1.5 secs
				[on_top tried 28/28] 1.5 secs
				[to_right tried 28/28] 1.5 secs
				[allineato_al_centro_verticale tried 22/28] 1.5 secs
				[allineato_al_centro_orizzontale tried 12/28] 1.5 secs
				[altezza_pagina tried 1/1] 1.5 secs
				[larghezza_pagina tried 1/1] 1.5 secs
				[altezza_rettangolo tried 4/4] 1.5 secs
				[ascissa_rettangolo tried 4/4] 1.5 secs
				[ordinata_rettangolo tried 4/4] 1.5 secs
				[larghezza_rettangolo tried 4/4] 1.5 secs
				[numero_pagine tried 1/1] 1.5 secs

	Save allineato_al_centro_verticale(F,H) (10,13 value 35.4)
	Save allineato_al_centro_verticale(D,H) (10,12 value 36.5)
	Save allineato_al_centro_verticale(H,G) (10,13 value 35.4)
	Save on_top(C,F) (9,10 value 33.8)

Best literal allineato_al_centro_verticale(G,H) (9.2 bits)


State (7541/7552 [10/12], 41.9 bits available)

				[= tried 15/15] 1.5 secs
				[tipo_testo tried 6/6] 1.5 secs
				[tipo_linea_orizzontale tried 5/6] 1.5 secs
				[tipo_misto tried 6/6] 1.5 secs
				[tipo_linea_obbliqua tried 6/6] 1.5 secs
				[tipo_immagine tried 6/6] 1.5 secs
				[tipo_vuoto tried 6/6] 1.5 secs
				[ultima_pagina tried 1/1] 1.5 secs
				[frame tried 10/11] 1.5 secs
				[pagina_1 tried 2/3] 1.5 secs
				[on_top tried 38/38] 1.5 secs
				[to_right tried 38/38] 1.6 secs
				[allineato_al_centro_verticale tried 31/38] 1.6 secs
				[allineato_al_centro_orizzontale tried 18/38] 1.6 secs
				[altezza_pagina tried 1/1] 1.6 secs
				[larghezza_pagina tried 1/1] 1.6 secs
				[altezza_rettangolo tried 4/4] 1.6 secs
				[ascissa_rettangolo tried 4/4] 1.6 secs
				[ordinata_rettangolo tried 4/4] 1.6 secs
				[larghezza_rettangolo tried 4/4] 1.6 secs
				[numero_pagine tried 1/1] 1.6 secs

	Save clause ending with on_top(E,F) (cover 10, accuracy 100%)

	Save allineato_al_centro_verticale(I,G) (10,12 value 36.5)
	Save allineato_al_centro_verticale(F,I) (10,12 value 36.5)
	Save allineato_al_centro_verticale(D,I) (10,12 value 36.5)
	Save on_top(C,F) (8,8 value 31.1)

Best literal allineato_al_centro_verticale(C,I) (9.6 bits)


State (40318/40340 [10/12], 35.3 bits available, 1 weak literal)

				[= tried 21/21] 1.6 secs
				[tipo_testo tried 7/7] 1.6 secs
				[tipo_linea_orizzontale tried 6/7] 1.6 secs
				[tipo_misto tried 7/7] 1.6 secs
				[tipo_linea_obbliqua tried 7/7] 1.6 secs
				[tipo_immagine tried 7/7] 1.6 secs
				[tipo_vuoto tried 7/7] 1.6 secs
				[ultima_pagina tried 1/1] 1.6 secs
				[frame tried 12/13] 1.7 secs
				[pagina_1 tried 2/3] 1.7 secs
				[on_top tried 52/52] 1.8 secs
				[to_right tried 52/52] 1.9 secs
				[allineato_al_centro_verticale tried 43/52] 1.9 secs
				[allineato_al_centro_orizzontale tried 22/52] 2.0 secs
				[altezza_pagina tried 1/1] 2.0 secs
				[larghezza_pagina tried 1/1] 2.0 secs
				[altezza_rettangolo tried 5/5] 2.0 secs
				[ascissa_rettangolo tried 5/5] 2.0 secs
				[ordinata_rettangolo tried 5/5] 2.0 secs
				[larghezza_rettangolo tried 5/5] 2.0 secs
				[numero_pagine tried 1/1] 2.0 secs

	Save on_top(G,H) (9,9 value 35.0)
	Save on_top(G,F) (9,9 value 35.0)
	Save on_top(E,F) (10,10 value 38.9)
	Save to_right(G,F) (10,11 value 37.7)

Best literal on_top(C,F) (10.1 bits)

[Replace by saved clause]

Initial clause (0 errs): class_elsevier(A) :- pagina_1(A,B), frame(B,C), allineato_al_centro_verticale(C,D), allineato_al_centro_verticale(E,D), allineato_al_centro_verticale(F,C), tipo_linea_orizzontale(F), allineato_al_centro_verticale(C,G), allineato_al_centro_verticale(G,H), on_top(E,F).
		allineato_al_centro_verticale(C,G) needed for binding allineato_al_centro_verticale(G,H)
		allineato_al_centro_verticale(F,C) needed for binding tipo_linea_orizzontale(F)
		allineato_al_centro_verticale(C,D) needed for binding allineato_al_centro_verticale(E,D)
		frame(B,C) needed for binding allineato_al_centro_verticale(C,D)
		pagina_1(A,B) needed for binding frame(B,C)

Clause 1: class_elsevier(A) :- pagina_1(A,B), frame(B,C), allineato_al_centro_verticale(C,D), allineato_al_centro_verticale(E,D), allineato_al_centro_verticale(F,C), tipo_linea_orizzontale(F), allineato_al_centro_verticale(C,G), allineato_al_centro_verticale(G,H), on_top(E,F).

State (8/271, 65.3 bits available)

				[pagina_1 tried 1/1] 2.0 secs
				[numero_pagine tried 1/1] 2.0 secs

Determinate literals
	pagina_1(A,B)


State (8/271, 65.3 bits available, 1 weak literal)

				[ultima_pagina tried 1/1] 2.0 secs
				[frame tried 1/1] 2.0 secs
				[pagina_1 tried 1/3] 2.0 secs
				[altezza_pagina tried 1/1] 2.0 secs
				[larghezza_pagina tried 1/1] 2.0 secs
				[numero_pagine tried 1/1] 2.0 secs

Best literal frame(B,C) (2.6 bits)


State (65/2850 [8/271], 62.7 bits available, 2 weak literals)

				[tipo_testo tried 1/1] 2.0 secs
				[tipo_linea_orizzontale tried 1/1] 2.0 secs
				[tipo_misto tried 1/1] 2.0 secs
				[tipo_linea_obbliqua tried 1/1] 2.0 secs
				[tipo_immagine tried 1/1] 2.0 secs
				[tipo_vuoto tried 1/1] 2.0 secs
				[ultima_pagina tried 1/1] 2.0 secs
				[frame tried 1/3] 2.0 secs
				[pagina_1 tried 2/3] 2.0 secs
				[on_top tried 2/2] 2.0 secs
				[to_right tried 2/2] 2.0 secs
				[allineato_al_centro_verticale tried 2/2] 2.0 secs
				[allineato_al_centro_orizzontale tried 2/2] 2.0 secs
				[altezza_pagina tried 1/1] 2.0 secs
				[larghezza_pagina tried 1/1] 2.0 secs
				[altezza_rettangolo tried 1/1] 2.0 secs
				[ascissa_rettangolo tried 1/1] 2.0 secs
				[ordinata_rettangolo tried 1/1] 2.0 secs
				[larghezza_rettangolo tried 1/1] 2.0 secs
				[numero_pagine tried 1/1] 2.0 secs

	Save allineato_al_centro_verticale(D,C) (8,270 value 0.0)
	Save tipo_misto(C) (8,104 value 11.0)

Best literal allineato_al_centro_verticale(C,D) (5.3 bits)


State (170/3226 [8/270], 58.4 bits available)

				[= tried 1/1] 2.0 secs
				[tipo_testo tried 2/2] 2.0 secs
				[tipo_linea_orizzontale tried 2/2] 2.0 secs
				[tipo_misto tried 2/2] 2.0 secs
				[tipo_linea_obbliqua tried 2/2] 2.0 secs
				[tipo_immagine tried 2/2] 2.0 secs
				[tipo_vuoto tried 2/2] 2.0 secs
				[ultima_pagina tried 1/1] 2.0 secs
				[frame tried 4/5] 2.0 secs
				[pagina_1 tried 2/3] 2.0 secs
				[on_top tried 6/6] 2.0 secs
				[to_right tried 6/6] 2.0 secs
				[allineato_al_centro_verticale tried 4/6] 2.0 secs
				[allineato_al_centro_orizzontale tried 4/6] 2.0 secs
				[altezza_pagina tried 1/1] 2.0 secs
				[larghezza_pagina tried 1/1] 2.0 secs
				[altezza_rettangolo tried 2/2] 2.0 secs
				[ascissa_rettangolo tried 2/2] 2.0 secs
				[ordinata_rettangolo tried 2/2] 2.0 secs
				[larghezza_rettangolo tried 2/2] 2.0 secs
				[numero_pagine tried 1/1] 2.0 secs

	Save tipo_misto(D) (8,57 value 17.8)

Best literal tipo_misto(C) (5.4 bits)


State (66/266 [8/61], 54.6 bits available)

				[= tried 1/1] 2.0 secs
				[tipo_testo tried 2/2] 2.0 secs
				[tipo_linea_orizzontale tried 2/2] 2.0 secs
				[tipo_misto tried 1/2] 2.0 secs
				[tipo_linea_obbliqua tried 2/2] 2.0 secs
				[tipo_immagine tried 2/2] 2.0 secs
				[tipo_vuoto tried 2/2] 2.0 secs
				[ultima_pagina tried 1/1] 2.0 secs
				[frame tried 4/5] 2.0 secs
				[pagina_1 tried 2/3] 2.0 secs
				[on_top tried 6/6] 2.0 secs
				[to_right tried 6/6] 2.0 secs
				[allineato_al_centro_verticale tried 4/6] 2.0 secs
				[allineato_al_centro_orizzontale tried 4/6] 2.0 secs
				[altezza_pagina tried 1/1] 2.0 secs
				[larghezza_pagina tried 1/1] 2.0 secs
				[altezza_rettangolo tried 2/2] 2.0 secs
				[ascissa_rettangolo tried 2/2] 2.0 secs
				[ordinata_rettangolo tried 2/2] 2.0 secs
				[larghezza_rettangolo tried 2/2] 2.0 secs
				[numero_pagine tried 1/1] 2.0 secs

	Save on_top(C,D) (8,26 value 26.7)

Best literal on_top(C,E) (7.0 bits)


State (312/725 [8/58], 49.6 bits available)

				[= tried 3/3] 2.0 secs
				[tipo_testo tried 3/3] 2.0 secs
				[tipo_linea_orizzontale tried 3/3] 2.0 secs
				[tipo_misto tried 2/3] 2.0 secs
				[tipo_linea_obbliqua tried 3/3] 2.0 secs
				[tipo_immagine tried 3/3] 2.0 secs
				[tipo_vuoto tried 3/3] 2.0 secs
				[ultima_pagina tried 1/1] 2.0 secs
				[frame tried 6/7] 2.0 secs
				[pagina_1 tried 2/3] 2.0 secs
				[on_top tried 10/12] 2.0 secs
				[to_right tried 12/12] 2.0 secs
				[allineato_al_centro_verticale tried 10/12] 2.0 secs
				[allineato_al_centro_orizzontale tried 6/12] 2.0 secs
				[altezza_pagina tried 1/1] 2.0 secs
				[larghezza_pagina tried 1/1] 2.0 secs
				[altezza_rettangolo tried 3/3] 2.0 secs
				[ascissa_rettangolo tried 3/3] 2.0 secs
				[ordinata_rettangolo tried 3/3] 2.0 secs
				[larghezza_rettangolo tried 3/3] 2.0 secs
				[numero_pagine tried 1/1] 2.0 secs

	Save on_top(E,F) (8,33 value 24.0)

Best literal on_top(C,D) (8.0 bits)


State (258/358 [8/26], 44.0 bits available)

				[= tried 3/3] 2.0 secs
				[tipo_testo tried 3/3] 2.0 secs
				[tipo_linea_orizzontale tried 3/3] 2.0 secs
				[tipo_misto tried 2/3] 2.0 secs
				[tipo_linea_obbliqua tried 3/3] 2.0 secs
				[tipo_immagine tried 3/3] 2.0 secs
				[tipo_vuoto tried 3/3] 2.0 secs
				[ultima_pagina tried 1/1] 2.0 secs
				[frame tried 6/7] 2.0 secs
				[pagina_1 tried 2/3] 2.0 secs
				[on_top tried 9/12] 2.0 secs
				[to_right tried 12/12] 2.0 secs
				[allineato_al_centro_verticale tried 11/12] 2.0 secs
				[allineato_al_centro_orizzontale tried 6/12] 2.0 secs
				[altezza_pagina tried 1/1] 2.0 secs
				[larghezza_pagina tried 1/1] 2.0 secs
				[altezza_rettangolo tried 3/3] 2.0 secs
				[ascissa_rettangolo tried 3/3] 2.0 secs
				[ordinata_rettangolo tried 3/3] 2.0 secs
				[larghezza_rettangolo tried 3/3] 2.0 secs
				[numero_pagine tried 1/1] 2.0 secs

	Save on_top(E,F) (8,25 value 27.1)

Best literal on_top(D,F) (8.0 bits)


State (955/1092 [8/24], 38.6 bits available)

				[= tried 6/6] 2.0 secs
				[tipo_testo tried 4/4] 2.0 secs
				[tipo_linea_orizzontale tried 4/4] 2.0 secs
				[tipo_misto tried 3/4] 2.0 secs
				[tipo_linea_obbliqua tried 4/4] 2.0 secs
				[tipo_immagine tried 4/4] 2.0 secs
				[tipo_vuoto tried 4/4] 2.0 secs
				[ultima_pagina tried 1/1] 2.0 secs
				[frame tried 7/8] 2.0 secs
				[pagina_1 tried 2/3] 2.0 secs
				[on_top tried 13/18] 2.0 secs
				[to_right tried 18/18] 2.0 secs
				[allineato_al_centro_verticale tried 17/18] 2.0 secs
				[allineato_al_centro_orizzontale tried 9/18] 2.0 secs
				[altezza_pagina tried 1/1] 2.0 secs
				[larghezza_pagina tried 1/1] 2.0 secs
				[altezza_rettangolo tried 3/3] 2.0 secs
				[ascissa_rettangolo tried 3/3] 2.0 secs
				[ordinata_rettangolo tried 3/3] 2.0 secs
				[larghezza_rettangolo tried 3/3] 2.0 secs
				[numero_pagine tried 1/1] 2.0 secs

Best literal on_top(E,G) (8.6 bits)


State (3327/3498 [8/24], 32.8 bits available)

				[= tried 10/10] 2.0 secs
				[tipo_testo tried 5/5] 2.0 secs
				[tipo_linea_orizzontale tried 5/5] 2.0 secs
				[tipo_misto tried 4/5] 2.0 secs
				[tipo_linea_obbliqua tried 5/5] 2.0 secs
				[tipo_immagine tried 5/5] 2.0 secs
				[tipo_vuoto tried 5/5] 2.0 secs
				[ultima_pagina tried 1/1] 2.0 secs
				[frame tried 8/9] 2.0 secs
				[pagina_1 tried 2/3] 2.0 secs
				[on_top tried 20/26] 2.0 secs
				[to_right tried 26/26] 2.1 secs
				[allineato_al_centro_verticale tried 25/26] 2.1 secs
				[allineato_al_centro_orizzontale tried 14/26] 2.1 secs
				[altezza_pagina tried 1/1] 2.1 secs
				[larghezza_pagina tried 1/1] 2.1 secs
				[altezza_rettangolo tried 3/3] 2.1 secs
				[ascissa_rettangolo tried 3/3] 2.1 secs
				[ordinata_rettangolo tried 3/3] 2.1 secs
				[larghezza_rettangolo tried 3/3] 2.1 secs
				[numero_pagine tried 1/1] 2.1 secs

Best literal on_top(C,H) (9.1 bits)


State (27510/28161 [8/24], 26.7 bits available, 1 weak literal)

				[= tried 15/15] 2.1 secs
				[tipo_testo tried 6/6] 2.1 secs
				[tipo_linea_orizzontale tried 6/6] 2.1 secs
				[tipo_misto tried 5/6] 2.1 secs
				[tipo_linea_obbliqua tried 6/6] 2.1 secs
				[tipo_immagine tried 6/6] 2.1 secs
				[tipo_vuoto tried 6/6] 2.1 secs
				[ultima_pagina tried 1/1] 2.1 secs
				[frame tried 10/11] 2.1 secs
				[pagina_1 tried 2/3] 2.1 secs
				[on_top tried 30/38] 2.2 secs
				[to_right tried 38/38] 2.2 secs
				[allineato_al_centro_verticale tried 37/38] 2.3 secs
				[allineato_al_centro_orizzontale tried 18/38] 2.3 secs
				[altezza_pagina tried 1/1] 2.3 secs
				[larghezza_pagina tried 1/1] 2.3 secs
				[altezza_rettangolo tried 4/4] 2.3 secs
				[ascissa_rettangolo tried 4/4] 2.3 secs
				[ordinata_rettangolo tried 4/4] 2.3 secs
				[larghezza_rettangolo tried 4/4] 2.3 secs
				[numero_pagine tried 1/1] 2.3 secs

	Save allineato_al_centro_verticale(I,H) (8,24 value 27.5)
	Save allineato_al_centro_verticale(H,I) (8,21 value 29.0)

Best literal allineato_al_centro_verticale(C,F) (9.6 bits)


State (16022/16198 [7/15], 14.5 bits available)

				[= tried 15/15] 2.3 secs
				[tipo_testo tried 6/6] 2.3 secs
				[tipo_linea_orizzontale tried 6/6] 2.3 secs
				[tipo_misto tried 5/6] 2.3 secs
				[tipo_linea_obbliqua tried 6/6] 2.3 secs
				[tipo_immagine tried 6/6] 2.3 secs
				[tipo_vuoto tried 6/6] 2.3 secs
				[ultima_pagina tried 1/1] 2.3 secs
				[frame tried 10/11] 2.3 secs
				[pagina_1 tried 2/3] 2.3 secs
				[on_top tried 31/38] 2.4 secs
				[to_right tried 38/38] 2.4 secs
				[allineato_al_centro_verticale tried 36/38] 2.4 secs
				[allineato_al_centro_orizzontale tried 18/38] 2.4 secs
				[altezza_pagina tried 1/1] 2.4 secs
				[larghezza_pagina tried 1/1] 2.4 secs
				[altezza_rettangolo tried 4/4] 2.4 secs
				[ascissa_rettangolo tried 4/4] 2.4 secs
				[ordinata_rettangolo tried 4/4] 2.4 secs
				[larghezza_rettangolo tried 4/4] 2.4 secs
				[numero_pagine tried 1/1] 2.4 secs

	Save on_top(H,I) (7,15 value 27.4)

Best literal on_top(D,I) (9.6 bits)


State (92159/92609 [7/15], 8.1 bits available, 1 weak literal)

				[= tried 21/21] 2.5 secs
				[tipo_testo tried 7/7] 2.5 secs
				[tipo_linea_orizzontale tried 7/7] 2.5 secs
				[tipo_misto tried 6/7] 2.5 secs
				[tipo_linea_obbliqua tried 7/7] 2.5 secs
				[tipo_immagine tried 7/7] 2.5 secs
				[tipo_vuoto tried 7/7] 2.5 secs
				[ultima_pagina tried 1/1] 2.5 secs
				[frame tried 11/12] 2.6 secs
				[pagina_1 tried 2/3] 2.6 secs
				[on_top tried 41/50] 2.8 secs
				[to_right tried 50/50] 3.0 secs
				[allineato_al_centro_verticale tried 48/50] 3.2 secs
				[allineato_al_centro_orizzontale tried 26/50] 3.2 secs
				[altezza_pagina tried 1/1] 3.2 secs
				[larghezza_pagina tried 1/1] 3.2 secs
				[altezza_rettangolo tried 4/4] 3.3 secs
				[ascissa_rettangolo tried 4/4] 3.3 secs
				[ordinata_rettangolo tried 4/4] 3.3 secs
				[larghezza_rettangolo tried 4/4] 3.3 secs
				[numero_pagine tried 1/1] 3.3 secs

	Save clause ending with allineato_al_centro_verticale(G,F) (cover 7, accuracy 87%)

	Save allineato_al_centro_verticale(E,D) (7,10 value 31.2)
	Save allineato_al_centro_verticale(G,F) (7,8 value 33.2)
	Save allineato_al_centro_verticale(H,F) (7,12 value 29.5)

Best literal allineato_al_centro_verticale(I,F) (10.0 bits)


State (32735/32759 [7/8], 1.6 bits available)

				[= requires 9.8 bits]
				[tipo_testo requires 7.2 bits]
				[tipo_linea_orizzontale requires 7.2 bits]
				[tipo_misto requires 7.2 bits]
				[tipo_linea_obbliqua requires 7.2 bits]
				[tipo_immagine requires 7.2 bits]
				[tipo_vuoto requires 7.2 bits]
				[ultima_pagina tried 1/1] 3.3 secs
				[frame requires 8.0 bits]
				[pagina_1 requires 6.0 bits]
				[on_top requires 10.0 bits]
				[to_right requires 10.0 bits]
				[allineato_al_centro_verticale requires 10.0 bits]
				[allineato_al_centro_orizzontale requires 10.0 bits]
				[altezza_pagina tried 1/1] 3.3 secs
				[larghezza_pagina tried 1/1] 3.3 secs
				[altezza_rettangolo requires 6.4 bits]
				[ascissa_rettangolo requires 6.4 bits]
				[ordinata_rettangolo requires 6.4 bits]
				[larghezza_rettangolo requires 6.4 bits]
				[numero_pagine tried 1/1] 3.3 secs

No literals

Initial clause (1 errs): class_elsevier(A) :- pagina_1(A,B), frame(B,C), allineato_al_centro_verticale(C,D), tipo_misto(C), on_top(C,E), on_top(C,D), on_top(D,F), on_top(E,G), on_top(C,H), allineato_al_centro_verticale(C,F), on_top(D,I), allineato_al_centro_verticale(I,F).
		frame(B,C) needed for binding allineato_al_centro_verticale(C,D)
		pagina_1(A,B) needed for binding frame(B,C)

Clause 2: class_elsevier(A) :- pagina_1(A,B), frame(B,C), allineato_al_centro_verticale(C,D), tipo_misto(C), on_top(C,D), on_top(D,E), on_top(D,F), allineato_al_centro_verticale(F,E).

State (1/264, 18.3 bits available)

				[pagina_1 tried 1/1] 3.3 secs
				[numero_pagine tried 1/1] 3.3 secs

Determinate literals
	pagina_1(A,B)


State (1/264, 18.3 bits available, 1 weak literal)

				[ultima_pagina tried 1/1] 3.3 secs
				[frame tried 1/1] 3.3 secs
				[pagina_1 tried 1/3] 3.3 secs
				[altezza_pagina tried 1/1] 3.3 secs
				[larghezza_pagina tried 1/1] 3.3 secs
				[numero_pagine tried 1/1] 3.3 secs

Best literal frame(B,C) (2.6 bits)


State (8/2793 [1/264], 15.7 bits available, 2 weak literals)

				[tipo_testo tried 1/1] 3.3 secs
				[tipo_linea_orizzontale tried 1/1] 3.3 secs
				[tipo_misto tried 1/1] 3.3 secs
				[tipo_linea_obbliqua tried 1/1] 3.3 secs
				[tipo_immagine tried 1/1] 3.3 secs
				[tipo_vuoto tried 1/1] 3.3 secs
				[ultima_pagina tried 1/1] 3.3 secs
				[frame tried 1/3] 3.3 secs
				[pagina_1 tried 2/3] 3.3 secs
				[on_top tried 2/2] 3.3 secs
				[to_right tried 2/2] 3.3 secs
				[allineato_al_centro_verticale tried 2/2] 3.3 secs
				[allineato_al_centro_orizzontale tried 2/2] 3.3 secs
				[altezza_pagina tried 1/1] 3.3 secs
				[larghezza_pagina tried 1/1] 3.3 secs
				[altezza_rettangolo tried 1/1] 3.3 secs
				[ascissa_rettangolo tried 1/1] 3.3 secs
				[ordinata_rettangolo tried 1/1] 3.3 secs
				[larghezza_rettangolo tried 1/1] 3.3 secs
				[numero_pagine tried 1/1] 3.3 secs

Best literal tipo_misto(C) (4.3 bits)


State (3/153 [1/97], 12.4 bits available)

				[tipo_testo tried 1/1] 3.3 secs
				[tipo_linea_orizzontale tried 1/1] 3.3 secs
				[tipo_misto tried 0/1] 3.3 secs
				[tipo_linea_obbliqua tried 1/1] 3.3 secs
				[tipo_immagine tried 1/1] 3.3 secs
				[tipo_vuoto tried 1/1] 3.3 secs
				[ultima_pagina tried 1/1] 3.3 secs
				[frame tried 2/3] 3.3 secs
				[pagina_1 tried 2/3] 3.3 secs
				[on_top tried 2/2] 3.3 secs
				[to_right tried 2/2] 3.3 secs
				[allineato_al_centro_verticale tried 2/2] 3.3 secs
				[allineato_al_centro_orizzontale tried 2/2] 3.3 secs
				[altezza_pagina tried 1/1] 3.3 secs
				[larghezza_pagina tried 1/1] 3.3 secs
				[altezza_rettangolo tried 1/1] 3.3 secs
				[ascissa_rettangolo tried 1/1] 3.3 secs
				[ordinata_rettangolo tried 1/1] 3.3 secs
				[larghezza_rettangolo tried 1/1] 3.3 secs
				[numero_pagine tried 1/1] 3.3 secs

Best literal allineato_al_centro_verticale(D,C) (5.3 bits)


State (11/173 [1/50], 8.6 bits available)

				[= tried 1/1] 3.3 secs
				[tipo_testo tried 2/2] 3.3 secs
				[tipo_linea_orizzontale tried 2/2] 3.3 secs
				[tipo_misto tried 1/2] 3.3 secs
				[tipo_linea_obbliqua tried 2/2] 3.3 secs
				[tipo_immagine tried 2/2] 3.3 secs
				[tipo_vuoto tried 2/2] 3.3 secs
				[ultima_pagina tried 1/1] 3.3 secs
				[frame tried 4/5] 3.3 secs
				[pagina_1 tried 2/3] 3.3 secs
				[on_top tried 6/6] 3.3 secs
				[to_right tried 6/6] 3.3 secs
				[allineato_al_centro_verticale tried 4/6] 3.3 secs
				[allineato_al_centro_orizzontale tried 4/6] 3.3 secs
				[altezza_pagina tried 1/1] 3.3 secs
				[larghezza_pagina tried 1/1] 3.3 secs
				[altezza_rettangolo tried 2/2] 3.3 secs
				[ascissa_rettangolo tried 2/2] 3.3 secs
				[ordinata_rettangolo tried 2/2] 3.3 secs
				[larghezza_rettangolo tried 2/2] 3.3 secs
				[numero_pagine tried 1/1] 3.3 secs

	Save on_top(C,D) (1,16 value 4.0)

Best literal on_top(C,E) (7.0 bits)


State (49/359 [1/47], 3.7 bits available)

				[= requires 7.0 bits]
				[tipo_testo tried 3/3] 3.3 secs
				[tipo_linea_orizzontale tried 3/3] 3.3 secs
				[tipo_misto tried 2/3] 3.3 secs
				[tipo_linea_obbliqua tried 3/3] 3.3 secs
				[tipo_immagine tried 3/3] 3.3 secs
				[tipo_vuoto tried 3/3] 3.3 secs
				[ultima_pagina tried 1/1] 3.3 secs
				[frame requires 7.2 bits]
				[pagina_1 tried 2/3] 3.3 secs
				[on_top requires 8.0 bits]
				[to_right requires 8.0 bits]
				[allineato_al_centro_verticale requires 8.0 bits]
				[allineato_al_centro_orizzontale requires 8.0 bits]
				[altezza_pagina tried 1/1] 3.3 secs
				[larghezza_pagina tried 1/1] 3.3 secs
				[altezza_rettangolo tried 3/3] 3.3 secs
				[ascissa_rettangolo tried 3/3] 3.3 secs
				[ordinata_rettangolo tried 3/3] 3.3 secs
				[larghezza_rettangolo tried 3/3] 3.3 secs
				[numero_pagine tried 1/1] 3.3 secs

Best literal tipo_testo(E) (6.0 bits)


State (35/140 [1/28], 0.0 bits available)

				[= requires 7.0 bits]
				[tipo_testo requires 6.0 bits]
				[tipo_linea_orizzontale requires 6.0 bits]
				[tipo_misto requires 6.0 bits]
				[tipo_linea_obbliqua requires 6.0 bits]
				[tipo_immagine requires 6.0 bits]
				[tipo_vuoto requires 6.0 bits]
				[ultima_pagina requires 4.4 bits]
				[frame requires 7.2 bits]
				[pagina_1 requires 6.0 bits]
				[on_top requires 8.0 bits]
				[to_right requires 8.0 bits]
				[allineato_al_centro_verticale requires 8.0 bits]
				[allineato_al_centro_orizzontale requires 8.0 bits]
				[altezza_pagina requires 4.4 bits]
				[larghezza_pagina requires 4.4 bits]
				[altezza_rettangolo requires 6.0 bits]
				[ascissa_rettangolo requires 6.0 bits]
				[ordinata_rettangolo requires 6.0 bits]
				[larghezza_rettangolo requires 6.0 bits]
				[numero_pagine requires 4.4 bits]

No literals

Recover to class_elsevier(A) :- pagina_1(A,B), frame(B,C), tipo_misto(C), allineato_al_centro_verticale(D,C), on_top(C,D).



State (6/30 [1/16], 3.7 bits available)

				[= tried 1/1] 3.3 secs
				[tipo_testo tried 2/2] 3.3 secs
				[tipo_linea_orizzontale tried 2/2] 3.3 secs
				[tipo_misto tried 1/2] 3.3 secs
				[tipo_linea_obbliqua tried 2/2] 3.3 secs
				[tipo_immagine tried 2/2] 3.3 secs
				[tipo_vuoto tried 2/2] 3.3 secs
				[ultima_pagina tried 1/1] 3.3 secs
				[frame requires 6.7 bits]
				[pagina_1 tried 2/3] 3.3 secs
				[on_top requires 7.0 bits]
				[to_right requires 7.0 bits]
				[allineato_al_centro_verticale requires 7.0 bits]
				[allineato_al_centro_orizzontale requires 7.0 bits]
				[altezza_pagina tried 1/1] 3.3 secs
				[larghezza_pagina tried 1/1] 3.3 secs
				[altezza_rettangolo tried 2/2] 3.3 secs
				[ascissa_rettangolo tried 2/2] 3.3 secs
				[ordinata_rettangolo tried 2/2] 3.3 secs
				[larghezza_rettangolo tried 2/2] 3.3 secs
				[numero_pagine tried 1/1] 3.3 secs

Best literal tipo_testo(D) (5.4 bits)


State (4/16 [1/11], 0.6 bits available)

				[= requires 5.4 bits]
				[tipo_testo requires 5.4 bits]
				[tipo_linea_orizzontale requires 5.4 bits]
				[tipo_misto requires 5.4 bits]
				[tipo_linea_obbliqua requires 5.4 bits]
				[tipo_immagine requires 5.4 bits]
				[tipo_vuoto requires 5.4 bits]
				[ultima_pagina requires 4.4 bits]
				[frame requires 6.7 bits]
				[pagina_1 requires 6.0 bits]
				[on_top requires 7.0 bits]
				[to_right requires 7.0 bits]
				[allineato_al_centro_verticale requires 7.0 bits]
				[allineato_al_centro_orizzontale requires 7.0 bits]
				[altezza_pagina requires 4.4 bits]
				[larghezza_pagina requires 4.4 bits]
				[altezza_rettangolo requires 5.4 bits]
				[ascissa_rettangolo requires 5.4 bits]
				[ordinata_rettangolo requires 5.4 bits]
				[larghezza_rettangolo requires 5.4 bits]
				[numero_pagine requires 4.4 bits]

No literals

Initial clause (10 errs): class_elsevier(A) :- pagina_1(A,B), frame(B,C), tipo_misto(C), allineato_al_centro_verticale(D,C), on_top(C,D), tipo_testo(D).
		frame(B,C) needed for binding tipo_misto(C)
		pagina_1(A,B) needed for binding frame(B,C)

Clause too inaccurate (1/11)

***  Warning: the following definition
***  matches 1 tuple not in the relation
***  does not cover 1 tuple in the relation

class_elsevier(A) :- pagina_1(A,B), frame(B,C), allineato_al_centro_verticale(C,D), allineato_al_centro_verticale(E,C), allineato_al_centro_verticale(F,E), allineato_al_centro_verticale(D,G), tipo_linea_orizzontale(D).
class_elsevier(A) :- pagina_1(A,B), frame(B,C), allineato_al_centro_verticale(C,D), allineato_al_centro_verticale(E,D), allineato_al_centro_verticale(F,C), tipo_linea_orizzontale(F), allineato_al_centro_verticale(C,G), allineato_al_centro_verticale(G,H), on_top(E,F).
class_elsevier(A) :- pagina_1(A,B), frame(B,C), allineato_al_centro_verticale(C,D), tipo_misto(C), on_top(C,D), on_top(D,E), on_top(D,F), allineato_al_centro_verticale(F,E).

Time 3.3 secs

Test relation class_elsevier
Summary: 0 errors in 35 trials
