FOIL 6.4   [January 1996]
--------

    Options:
	no negated literals
	verbosity level 2

Types Documento and Pagina are not compatible
Types Documento and Frame are not compatible
Types Documento and NumeroPagine are not compatible
Types Documento and LarghezzaPagina are not compatible
Types Documento and AltezzaPagina are not compatible
Types Documento and AscissaRettangolo are not compatible
Types Documento and OrdinataRettangolo are not compatible
Types Documento and LarghezzaRettangolo are not compatible
Types Documento and AltezzaRettangolo are not compatible
Types Pagina and Frame are not compatible
Types Pagina and NumeroPagine are not compatible
Types Pagina and LarghezzaPagina are not compatible
Types Pagina and AltezzaPagina are not compatible
Types Pagina and AscissaRettangolo are not compatible
Types Pagina and OrdinataRettangolo are not compatible
Types Pagina and LarghezzaRettangolo are not compatible
Types Pagina and AltezzaRettangolo are not compatible
Types Frame and NumeroPagine are not compatible
Types Frame and LarghezzaPagina are not compatible
Types Frame and AltezzaPagina are not compatible
Types Frame and AscissaRettangolo are not compatible
Types Frame and OrdinataRettangolo are not compatible
Types Frame and LarghezzaRettangolo are not compatible
Types Frame and AltezzaRettangolo are not compatible
Types NumeroPagine and LarghezzaPagina are not compatible
Types NumeroPagine and AltezzaPagina are not compatible
Types NumeroPagine and AscissaRettangolo are not compatible
Types NumeroPagine and OrdinataRettangolo are not compatible
Types NumeroPagine and LarghezzaRettangolo are not compatible
Types NumeroPagine and AltezzaRettangolo are not compatible
Types LarghezzaPagina and AltezzaPagina are not compatible
Types LarghezzaPagina and AscissaRettangolo are not compatible
Types LarghezzaPagina and OrdinataRettangolo are not compatible
Types LarghezzaPagina and LarghezzaRettangolo are not compatible
Types LarghezzaPagina and AltezzaRettangolo are not compatible
Types AltezzaPagina and AscissaRettangolo are not compatible
Types AltezzaPagina and OrdinataRettangolo are not compatible
Types AltezzaPagina and LarghezzaRettangolo are not compatible
Types AltezzaPagina and AltezzaRettangolo are not compatible
Types AscissaRettangolo and OrdinataRettangolo are not compatible
Types AscissaRettangolo and LarghezzaRettangolo are not compatible
Types AscissaRettangolo and AltezzaRettangolo are not compatible
Types OrdinataRettangolo and LarghezzaRettangolo are not compatible
Types OrdinataRettangolo and AltezzaRettangolo are not compatible
Types LarghezzaRettangolo and AltezzaRettangolo are not compatible

Relation class_elsevier

Relation *allineato_al_centro_orizzontale

Relation *allineato_al_centro_verticale

Relation *altezza_pagina

Relation *larghezza_pagina

Relation *altezza_rettangolo

Relation *ascissa_rettangolo

Relation *ordinata_rettangolo

Relation *larghezza_rettangolo

Relation *frame

Relation *numero_pagine

Relation *on_top

Relation *to_right

Relation *pagina_1

Relation *ultima_pagina

Relation *tipo_immagine

Relation *tipo_linea_obbliqua

Relation *tipo_linea_orizzontale

Relation *tipo_misto

Relation *tipo_testo

Relation *tipo_vuoto

----------
class_elsevier:

State (55/318, 237.1 bits available)

				[pagina_1 tried 1/1] 0.1 secs
				[numero_pagine tried 1/1] 0.1 secs

Determinate literals
	pagina_1(A,B)


State (55/318, 237.1 bits available, 1 weak literal)

				[ultima_pagina tried 1/1] 0.1 secs
				[frame tried 1/1] 0.1 secs
				[pagina_1 tried 1/3] 0.1 secs
				[altezza_pagina tried 1/1] 0.1 secs
				[larghezza_pagina tried 1/1] 0.1 secs
				[numero_pagine tried 1/1] 0.1 secs

Best literal frame(B,C) (2.6 bits)


State (705/3475 [55/318], 234.5 bits available, 2 weak literals)

				[tipo_testo tried 1/1] 0.1 secs
				[tipo_linea_orizzontale tried 1/1] 0.1 secs
				[tipo_misto tried 1/1] 0.1 secs
				[tipo_linea_obbliqua tried 1/1] 0.1 secs
				[tipo_immagine tried 1/1] 0.1 secs
				[tipo_vuoto tried 1/1] 0.1 secs
				[ultima_pagina tried 1/1] 0.1 secs
				[frame tried 1/3] 0.1 secs
				[pagina_1 tried 2/3] 0.1 secs
				[on_top tried 2/2] 0.1 secs
				[to_right tried 2/2] 0.1 secs
				[allineato_al_centro_verticale tried 2/2] 0.1 secs
				[allineato_al_centro_orizzontale tried 2/2] 0.1 secs
				[altezza_pagina tried 1/1] 0.1 secs
				[larghezza_pagina tried 1/1] 0.1 secs
				[altezza_rettangolo tried 1/1] 0.1 secs
				[ascissa_rettangolo tried 1/1] 0.1 secs
				[ordinata_rettangolo tried 1/1] 0.1 secs
				[larghezza_rettangolo tried 1/1] 0.1 secs
				[numero_pagine tried 1/1] 0.1 secs

	Save allineato_al_centro_verticale(D,C) (55,317 value 0.2)
	Save tipo_linea_orizzontale(C) (47,61 value 100.6)

Best literal allineato_al_centro_verticale(C,D) (5.3 bits)


State (1957/5009 [55/317], 230.2 bits available)

				[= tried 1/1] 0.1 secs
				[tipo_testo tried 2/2] 0.1 secs
				[tipo_linea_orizzontale tried 2/2] 0.1 secs
				[tipo_misto tried 2/2] 0.1 secs
				[tipo_linea_obbliqua tried 2/2] 0.1 secs
				[tipo_immagine tried 2/2] 0.1 secs
				[tipo_vuoto tried 2/2] 0.1 secs
				[ultima_pagina tried 1/1] 0.1 secs
				[frame tried 4/5] 0.1 secs
				[pagina_1 tried 2/3] 0.1 secs
				[on_top tried 6/6] 0.1 secs
				[to_right tried 6/6] 0.1 secs
				[allineato_al_centro_verticale tried 4/6] 0.1 secs
				[allineato_al_centro_orizzontale tried 4/6] 0.1 secs
				[altezza_pagina tried 1/1] 0.1 secs
				[larghezza_pagina tried 1/1] 0.1 secs
				[altezza_rettangolo tried 2/2] 0.1 secs
				[ascissa_rettangolo tried 2/2] 0.1 secs
				[ordinata_rettangolo tried 2/2] 0.1 secs
				[larghezza_rettangolo tried 2/2] 0.1 secs
				[numero_pagine tried 1/1] 0.1 secs

	Save clause ending with tipo_linea_orizzontale(C) (cover 47, accuracy 94%)

	Save allineato_al_centro_verticale(E,C) (55,312 value 1.5)
	Save allineato_al_centro_verticale(D,E) (55,312 value 1.5)

Best literal allineato_al_centro_verticale(E,D) (7.0 bits)


State (11265/20997 [55/317], 224.8 bits available, 1 weak literal)

				[= tried 3/3] 0.1 secs
				[tipo_testo tried 3/3] 0.1 secs
				[tipo_linea_orizzontale tried 3/3] 0.1 secs
				[tipo_misto tried 3/3] 0.1 secs
				[tipo_linea_obbliqua tried 3/3] 0.1 secs
				[tipo_immagine tried 3/3] 0.1 secs
				[tipo_vuoto tried 3/3] 0.1 secs
				[ultima_pagina tried 1/1] 0.1 secs
				[frame tried 5/6] 0.1 secs
				[pagina_1 tried 2/3] 0.1 secs
				[on_top tried 10/10] 0.1 secs
				[to_right tried 10/10] 0.2 secs
				[allineato_al_centro_verticale tried 7/10] 0.2 secs
				[allineato_al_centro_orizzontale tried 6/10] 0.2 secs
				[altezza_pagina tried 1/1] 0.2 secs
				[larghezza_pagina tried 1/1] 0.2 secs
				[altezza_rettangolo tried 2/2] 0.2 secs
				[ascissa_rettangolo tried 2/2] 0.2 secs
				[ordinata_rettangolo tried 2/2] 0.2 secs
				[larghezza_rettangolo tried 2/2] 0.2 secs
				[numero_pagine tried 1/1] 0.2 secs

	Save allineato_al_centro_verticale(C,F) (55,317 value 0.2)
	Save allineato_al_centro_verticale(D,F) (55,312 value 1.5)

Best literal allineato_al_centro_verticale(F,C) (7.7 bits)


State (32147/46167 [55/312], 219.1 bits available)

				[= tried 6/6] 0.2 secs
				[tipo_testo tried 4/4] 0.2 secs
				[tipo_linea_orizzontale tried 4/4] 0.2 secs
				[tipo_misto tried 4/4] 0.2 secs
				[tipo_linea_obbliqua tried 4/4] 0.2 secs
				[tipo_immagine tried 4/4] 0.2 secs
				[tipo_vuoto tried 4/4] 0.2 secs
				[ultima_pagina tried 1/1] 0.2 secs
				[frame tried 7/8] 0.2 secs
				[pagina_1 tried 2/3] 0.2 secs
				[on_top tried 18/18] 0.3 secs
				[to_right tried 18/18] 0.3 secs
				[allineato_al_centro_verticale tried 13/18] 0.4 secs
				[allineato_al_centro_orizzontale tried 9/18] 0.4 secs
				[altezza_pagina tried 1/1] 0.4 secs
				[larghezza_pagina tried 1/1] 0.4 secs
				[altezza_rettangolo tried 3/3] 0.4 secs
				[ascissa_rettangolo tried 3/3] 0.4 secs
				[ordinata_rettangolo tried 3/3] 0.4 secs
				[larghezza_rettangolo tried 3/3] 0.4 secs
				[numero_pagine tried 1/1] 0.4 secs

	Save allineato_al_centro_verticale(D,G) (55,291 value 7.0)

Best literal allineato_al_centro_verticale(G,F) (8.6 bits)


State (58241/70526 [55/291], 212.8 bits available)

				[= tried 10/10] 0.4 secs
				[tipo_testo tried 5/5] 0.4 secs
				[tipo_linea_orizzontale tried 5/5] 0.4 secs
				[tipo_misto tried 5/5] 0.4 secs
				[tipo_linea_obbliqua tried 5/5] 0.4 secs
				[tipo_immagine tried 5/5] 0.5 secs
				[tipo_vuoto tried 5/5] 0.5 secs
				[ultima_pagina tried 1/1] 0.5 secs
				[frame tried 8/9] 0.5 secs
				[pagina_1 tried 2/3] 0.5 secs
				[on_top tried 26/26] 0.6 secs
				[to_right tried 26/26] 0.7 secs
				[allineato_al_centro_verticale tried 20/26] 0.8 secs
				[allineato_al_centro_orizzontale tried 14/26] 0.8 secs
				[altezza_pagina tried 1/1] 0.8 secs
				[larghezza_pagina tried 1/1] 0.8 secs
				[altezza_rettangolo tried 3/3] 0.8 secs
				[ascissa_rettangolo tried 3/3] 0.8 secs
				[ordinata_rettangolo tried 3/3] 0.8 secs
				[larghezza_rettangolo tried 3/3] 0.8 secs
				[numero_pagine tried 1/1] 0.9 secs

	Save clause ending with tipo_linea_orizzontale(F) (cover 46, accuracy 97%)

	Save tipo_linea_orizzontale(C) (43,46 value 103.8)

Best literal allineato_al_centro_verticale(D,H) (9.1 bits)


State (56353/61863 [55/235], 206.3 bits available)

				[= tried 15/15] 0.9 secs
				[tipo_testo tried 6/6] 0.9 secs
				[tipo_linea_orizzontale tried 6/6] 0.9 secs
				[tipo_misto tried 6/6] 0.9 secs
				[tipo_linea_obbliqua tried 6/6] 0.9 secs
				[tipo_immagine tried 6/6] 0.9 secs
				[tipo_vuoto tried 6/6] 0.9 secs
				[ultima_pagina tried 1/1] 0.9 secs
				[frame tried 9/10] 1.0 secs
				[pagina_1 tried 2/3] 1.0 secs
				[on_top tried 36/36] 1.1 secs
				[to_right tried 36/36] 1.2 secs
				[allineato_al_centro_verticale tried 28/36] 1.3 secs
				[allineato_al_centro_orizzontale tried 21/36] 1.3 secs
				[altezza_pagina tried 1/1] 1.3 secs
				[larghezza_pagina tried 1/1] 1.4 secs
				[altezza_rettangolo tried 3/3] 1.4 secs
				[ascissa_rettangolo tried 3/3] 1.4 secs
				[ordinata_rettangolo tried 3/3] 1.4 secs
				[larghezza_rettangolo tried 3/3] 1.4 secs
				[numero_pagine tried 1/1] 1.4 secs

	Save clause ending with tipo_linea_orizzontale(D) (cover 38, accuracy 100%)

	Save tipo_linea_orizzontale(D) (38,38 value 95.4)
	Save tipo_linea_orizzontale(H) (38,38 value 95.4)
	Save tipo_linea_orizzontale(F) (42,43 value 104.0)
	Save to_right(C,G) (45,101 value 61.3)

Best literal tipo_linea_orizzontale(C) (7.0 bits)


State (12663/12665 [42/43], 166.9 bits available)

				[= tried 15/15] 1.4 secs
				[tipo_testo tried 6/6] 1.4 secs
				[tipo_linea_orizzontale tried 5/6] 1.4 secs
				[tipo_misto tried 6/6] 1.4 secs
				[tipo_linea_obbliqua tried 6/6] 1.4 secs
				[tipo_immagine tried 6/6] 1.4 secs
				[tipo_vuoto tried 6/6] 1.4 secs
				[ultima_pagina tried 1/1] 1.4 secs
				[frame tried 9/10] 1.4 secs
				[pagina_1 tried 2/3] 1.4 secs
				[on_top tried 36/36] 1.5 secs
				[to_right tried 36/36] 1.5 secs
				[allineato_al_centro_verticale tried 28/36] 1.5 secs
				[allineato_al_centro_orizzontale tried 21/36] 1.5 secs
				[altezza_pagina tried 1/1] 1.5 secs
				[larghezza_pagina tried 1/1] 1.5 secs
				[altezza_rettangolo tried 3/3] 1.5 secs
				[ascissa_rettangolo tried 3/3] 1.5 secs
				[ordinata_rettangolo tried 3/3] 1.5 secs
				[larghezza_rettangolo tried 3/3] 1.5 secs
				[numero_pagine tried 1/1] 1.5 secs

	Save clause ending with E=G (cover 42, accuracy 100%)

Best literal allineato_al_centro_verticale(G,D) (9.6 bits)

[Replace by saved clause]

Initial clause (0 errs): class_elsevier(A) :- pagina_1(A,B), frame(B,C), allineato_al_centro_verticale(C,D), allineato_al_centro_verticale(E,D), allineato_al_centro_verticale(F,C), allineato_al_centro_verticale(G,F), allineato_al_centro_verticale(D,H), tipo_linea_orizzontale(C), E=G.
		allineato_al_centro_verticale(C,D) needed for binding allineato_al_centro_verticale(E,D)
		frame(B,C) needed for binding allineato_al_centro_verticale(C,D)
		pagina_1(A,B) needed for binding frame(B,C)

Clause 0: class_elsevier(A) :- pagina_1(A,B), frame(B,C), allineato_al_centro_verticale(C,D), allineato_al_centro_verticale(E,D), allineato_al_centro_verticale(F,C), allineato_al_centro_verticale(E,F), allineato_al_centro_verticale(D,H), tipo_linea_orizzontale(C).

State (13/276, 91.8 bits available)

				[pagina_1 tried 1/1] 1.5 secs
				[numero_pagine tried 1/1] 1.5 secs

Determinate literals
	pagina_1(A,B)


State (13/276, 91.8 bits available, 1 weak literal)

				[ultima_pagina tried 1/1] 1.5 secs
				[frame tried 1/1] 1.5 secs
				[pagina_1 tried 1/3] 1.5 secs
				[altezza_pagina tried 1/1] 1.5 secs
				[larghezza_pagina tried 1/1] 1.5 secs
				[numero_pagine tried 1/1] 1.5 secs

Best literal frame(B,C) (2.6 bits)


State (126/2896 [13/276], 89.2 bits available, 2 weak literals)

				[tipo_testo tried 1/1] 1.5 secs
				[tipo_linea_orizzontale tried 1/1] 1.5 secs
				[tipo_misto tried 1/1] 1.5 secs
				[tipo_linea_obbliqua tried 1/1] 1.5 secs
				[tipo_immagine tried 1/1] 1.5 secs
				[tipo_vuoto tried 1/1] 1.5 secs
				[ultima_pagina tried 1/1] 1.5 secs
				[frame tried 1/3] 1.5 secs
				[pagina_1 tried 2/3] 1.5 secs
				[on_top tried 2/2] 1.5 secs
				[to_right tried 2/2] 1.6 secs
				[allineato_al_centro_verticale tried 2/2] 1.6 secs
				[allineato_al_centro_orizzontale tried 2/2] 1.6 secs
				[altezza_pagina tried 1/1] 1.6 secs
				[larghezza_pagina tried 1/1] 1.6 secs
				[altezza_rettangolo tried 1/1] 1.6 secs
				[ascissa_rettangolo tried 1/1] 1.6 secs
				[ordinata_rettangolo tried 1/1] 1.6 secs
				[larghezza_rettangolo tried 1/1] 1.6 secs
				[numero_pagine tried 1/1] 1.6 secs

	Save allineato_al_centro_verticale(C,D) (13,275 value 0.1)
	Save tipo_linea_orizzontale(C) (5,19 value 12.8)

Best literal allineato_al_centro_verticale(D,C) (5.3 bits)


State (295/3347 [13/275], 84.9 bits available)

				[= tried 1/1] 1.6 secs
				[tipo_testo tried 2/2] 1.6 secs
				[tipo_linea_orizzontale tried 2/2] 1.6 secs
				[tipo_misto tried 2/2] 1.6 secs
				[tipo_linea_obbliqua tried 2/2] 1.6 secs
				[tipo_immagine tried 2/2] 1.6 secs
				[tipo_vuoto tried 2/2] 1.6 secs
				[ultima_pagina tried 1/1] 1.6 secs
				[frame tried 4/5] 1.6 secs
				[pagina_1 tried 2/3] 1.6 secs
				[on_top tried 6/6] 1.6 secs
				[to_right tried 6/6] 1.6 secs
				[allineato_al_centro_verticale tried 4/6] 1.6 secs
				[allineato_al_centro_orizzontale tried 6/6] 1.6 secs
				[altezza_pagina tried 1/1] 1.6 secs
				[larghezza_pagina tried 1/1] 1.6 secs
				[altezza_rettangolo tried 2/2] 1.6 secs
				[ascissa_rettangolo tried 2/2] 1.6 secs
				[ordinata_rettangolo tried 2/2] 1.6 secs
				[larghezza_rettangolo tried 2/2] 1.6 secs
				[numero_pagine tried 1/1] 1.6 secs

	Save allineato_al_centro_verticale(D,E) (13,275 value 0.1)
	Save allineato_al_centro_verticale(E,D) (13,270 value 0.4)
	Save allineato_al_centro_verticale(C,E) (13,270 value 0.4)

Best literal tipo_misto(D) (5.4 bits)


State (87/280 [13/69], 81.1 bits available)

				[= tried 1/1] 1.6 secs
				[tipo_testo tried 2/2] 1.6 secs
				[tipo_linea_orizzontale tried 2/2] 1.6 secs
				[tipo_misto tried 1/2] 1.6 secs
				[tipo_linea_obbliqua tried 2/2] 1.6 secs
				[tipo_immagine tried 2/2] 1.6 secs
				[tipo_vuoto tried 2/2] 1.6 secs
				[ultima_pagina tried 1/1] 1.6 secs
				[frame tried 4/5] 1.6 secs
				[pagina_1 tried 2/3] 1.6 secs
				[on_top tried 6/6] 1.6 secs
				[to_right tried 6/6] 1.6 secs
				[allineato_al_centro_verticale tried 5/6] 1.6 secs
				[allineato_al_centro_orizzontale tried 4/6] 1.6 secs
				[altezza_pagina tried 1/1] 1.6 secs
				[larghezza_pagina tried 1/1] 1.6 secs
				[altezza_rettangolo tried 2/2] 1.6 secs
				[ascissa_rettangolo tried 2/2] 1.6 secs
				[ordinata_rettangolo tried 2/2] 1.6 secs
				[larghezza_rettangolo tried 2/2] 1.6 secs
				[numero_pagine tried 1/1] 1.6 secs

	Save clause ending with tipo_linea_orizzontale(C) (cover 4, accuracy 100%)

	Save on_top(D,C) (13,30 value 41.1)

Best literal on_top(D,E) (7.0 bits)


State (579/976 [13/65], 76.1 bits available)

				[= tried 3/3] 1.6 secs
				[tipo_testo tried 3/3] 1.6 secs
				[tipo_linea_orizzontale tried 3/3] 1.6 secs
				[tipo_misto tried 2/3] 1.6 secs
				[tipo_linea_obbliqua tried 3/3] 1.6 secs
				[tipo_immagine tried 3/3] 1.6 secs
				[tipo_vuoto tried 3/3] 1.6 secs
				[ultima_pagina tried 1/1] 1.6 secs
				[frame tried 5/6] 1.6 secs
				[pagina_1 tried 2/3] 1.6 secs
				[on_top tried 8/10] 1.6 secs
				[to_right tried 10/10] 1.6 secs
				[allineato_al_centro_verticale tried 9/10] 1.6 secs
				[allineato_al_centro_orizzontale tried 6/10] 1.6 secs
				[altezza_pagina tried 1/1] 1.6 secs
				[larghezza_pagina tried 1/1] 1.6 secs
				[altezza_rettangolo tried 2/2] 1.6 secs
				[ascissa_rettangolo tried 2/2] 1.6 secs
				[ordinata_rettangolo tried 2/2] 1.6 secs
				[larghezza_rettangolo tried 2/2] 1.6 secs
				[numero_pagine tried 1/1] 1.6 secs

Best literal on_top(D,C) (7.7 bits)


State (525/615 [13/30], 70.8 bits available)

				[= tried 3/3] 1.6 secs
				[tipo_testo tried 3/3] 1.6 secs
				[tipo_linea_orizzontale tried 3/3] 1.6 secs
				[tipo_misto tried 2/3] 1.6 secs
				[tipo_linea_obbliqua tried 3/3] 1.6 secs
				[tipo_immagine tried 3/3] 1.6 secs
				[tipo_vuoto tried 3/3] 1.6 secs
				[ultima_pagina tried 1/1] 1.6 secs
				[frame tried 5/6] 1.6 secs
				[pagina_1 tried 2/3] 1.6 secs
				[on_top tried 7/10] 1.6 secs
				[to_right tried 10/10] 1.6 secs
				[allineato_al_centro_verticale tried 9/10] 1.6 secs
				[allineato_al_centro_orizzontale tried 6/10] 1.6 secs
				[altezza_pagina tried 1/1] 1.6 secs
				[larghezza_pagina tried 1/1] 1.6 secs
				[altezza_rettangolo tried 2/2] 1.6 secs
				[ascissa_rettangolo tried 2/2] 1.6 secs
				[ordinata_rettangolo tried 2/2] 1.6 secs
				[larghezza_rettangolo tried 2/2] 1.6 secs
				[numero_pagine tried 1/1] 1.6 secs

Best literal on_top(C,F) (7.7 bits)


State (2460/2583 [13/28], 65.6 bits available)

				[= tried 6/6] 1.6 secs
				[tipo_testo tried 4/4] 1.6 secs
				[tipo_linea_orizzontale tried 4/4] 1.6 secs
				[tipo_misto tried 3/4] 1.6 secs
				[tipo_linea_obbliqua tried 4/4] 1.6 secs
				[tipo_immagine tried 4/4] 1.6 secs
				[tipo_vuoto tried 4/4] 1.6 secs
				[ultima_pagina tried 1/1] 1.6 secs
				[frame tried 7/8] 1.6 secs
				[pagina_1 tried 2/3] 1.6 secs
				[on_top tried 13/18] 1.6 secs
				[to_right tried 18/18] 1.6 secs
				[allineato_al_centro_verticale tried 17/18] 1.6 secs
				[allineato_al_centro_orizzontale tried 9/18] 1.6 secs
				[altezza_pagina tried 1/1] 1.6 secs
				[larghezza_pagina tried 1/1] 1.6 secs
				[altezza_rettangolo tried 3/3] 1.6 secs
				[ascissa_rettangolo tried 3/3] 1.6 secs
				[ordinata_rettangolo tried 3/3] 1.6 secs
				[larghezza_rettangolo tried 3/3] 1.6 secs
				[numero_pagine tried 1/1] 1.6 secs

	Save clause ending with tipo_linea_orizzontale(F) (cover 5, accuracy 100%)

Best literal on_top(F,G) (8.6 bits)


State (6635/6681 [12/19], 54.9 bits available)

				[= tried 10/10] 1.6 secs
				[tipo_testo tried 5/5] 1.6 secs
				[tipo_linea_orizzontale tried 5/5] 1.6 secs
				[tipo_misto tried 4/5] 1.6 secs
				[tipo_linea_obbliqua tried 5/5] 1.6 secs
				[tipo_immagine tried 5/5] 1.6 secs
				[tipo_vuoto tried 5/5] 1.6 secs
				[ultima_pagina tried 1/1] 1.6 secs
				[frame tried 8/9] 1.6 secs
				[pagina_1 tried 2/3] 1.6 secs
				[on_top tried 20/26] 1.6 secs
				[to_right tried 26/26] 1.6 secs
				[allineato_al_centro_verticale tried 25/26] 1.6 secs
				[allineato_al_centro_orizzontale tried 14/26] 1.6 secs
				[altezza_pagina tried 1/1] 1.6 secs
				[larghezza_pagina tried 1/1] 1.6 secs
				[altezza_rettangolo tried 3/3] 1.6 secs
				[ascissa_rettangolo tried 3/3] 1.6 secs
				[ordinata_rettangolo tried 3/3] 1.6 secs
				[larghezza_rettangolo tried 3/3] 1.6 secs
				[numero_pagine tried 1/1] 1.6 secs

	Save tipo_linea_orizzontale(G) (5,5 value 21.5)

Best literal allineato_al_centro_verticale(H,D) (9.1 bits)


State (5646/5655 [7/9], 21.5 bits available)

				[= tried 15/15] 1.6 secs
				[tipo_testo tried 6/6] 1.6 secs
				[tipo_linea_orizzontale tried 6/6] 1.6 secs
				[tipo_misto tried 5/6] 1.6 secs
				[tipo_linea_obbliqua tried 6/6] 1.6 secs
				[tipo_immagine tried 6/6] 1.6 secs
				[tipo_vuoto tried 6/6] 1.6 secs
				[ultima_pagina tried 1/1] 1.6 secs
				[frame tried 9/10] 1.6 secs
				[pagina_1 tried 2/3] 1.6 secs
				[on_top tried 30/36] 1.6 secs
				[to_right tried 36/36] 1.6 secs
				[allineato_al_centro_verticale tried 23/36] 1.7 secs
				[allineato_al_centro_orizzontale tried 21/36] 1.7 secs
				[altezza_pagina tried 1/1] 1.7 secs
				[larghezza_pagina tried 1/1] 1.7 secs
				[altezza_rettangolo tried 3/3] 1.7 secs
				[ascissa_rettangolo tried 3/3] 1.7 secs
				[ordinata_rettangolo tried 3/3] 1.7 secs
				[larghezza_rettangolo tried 3/3] 1.7 secs
				[numero_pagine tried 1/1] 1.7 secs

	Save clause ending with E=H (cover 7, accuracy 100%)

	Save on_top(C,H) (7,7 value 30.1)
	Save tipo_testo(C) (7,7 value 30.1)
	Save to_right(I,C) (6,6 value 25.8)

Best literal on_top(D,H) (9.6 bits)

[Replace by saved clause]

Initial clause (0 errs): class_elsevier(A) :- pagina_1(A,B), frame(B,C), allineato_al_centro_verticale(D,C), tipo_misto(D), on_top(D,E), on_top(D,C), on_top(C,F), on_top(F,G), allineato_al_centro_verticale(H,D), E=H.
		on_top(C,F) needed for binding on_top(F,G)
		allineato_al_centro_verticale(D,C) needed for binding tipo_misto(D)
		frame(B,C) needed for binding allineato_al_centro_verticale(D,C)
		pagina_1(A,B) needed for binding frame(B,C)

Clause 1: class_elsevier(A) :- pagina_1(A,B), frame(B,C), allineato_al_centro_verticale(D,C), tipo_misto(D), on_top(D,E), on_top(D,C), on_top(C,F), on_top(F,G), allineato_al_centro_verticale(E,D).

State (6/269, 53.5 bits available)

				[pagina_1 tried 1/1] 1.7 secs
				[numero_pagine tried 1/1] 1.7 secs

Determinate literals
	pagina_1(A,B)


State (6/269, 53.5 bits available, 1 weak literal)

				[ultima_pagina tried 1/1] 1.7 secs
				[frame tried 1/1] 1.7 secs
				[pagina_1 tried 1/3] 1.7 secs
				[altezza_pagina tried 1/1] 1.7 secs
				[larghezza_pagina tried 1/1] 1.7 secs
				[numero_pagine tried 1/1] 1.7 secs

Best literal frame(B,C) (2.6 bits)


State (59/2829 [6/269], 50.9 bits available, 2 weak literals)

				[tipo_testo tried 1/1] 1.7 secs
				[tipo_linea_orizzontale tried 1/1] 1.7 secs
				[tipo_misto tried 1/1] 1.7 secs
				[tipo_linea_obbliqua tried 1/1] 1.7 secs
				[tipo_immagine tried 1/1] 1.7 secs
				[tipo_vuoto tried 1/1] 1.7 secs
				[ultima_pagina tried 1/1] 1.7 secs
				[frame tried 1/3] 1.7 secs
				[pagina_1 tried 2/3] 1.7 secs
				[on_top tried 2/2] 1.7 secs
				[to_right tried 2/2] 1.7 secs
				[allineato_al_centro_verticale tried 2/2] 1.7 secs
				[allineato_al_centro_orizzontale tried 2/2] 1.7 secs
				[altezza_pagina tried 1/1] 1.7 secs
				[larghezza_pagina tried 1/1] 1.7 secs
				[altezza_rettangolo tried 1/1] 1.7 secs
				[ascissa_rettangolo tried 1/1] 1.7 secs
				[ordinata_rettangolo tried 1/1] 1.7 secs
				[larghezza_rettangolo tried 1/1] 1.7 secs
				[numero_pagine tried 1/1] 1.7 secs

	Save allineato_al_centro_verticale(D,C) (6,268 value 0.0)
	Save allineato_al_centro_verticale(C,D) (6,268 value 0.0)

Best literal tipo_linea_orizzontale(C) (4.3 bits)


State (11/31 [3/17], 27.8 bits available)

				[tipo_testo tried 1/1] 1.7 secs
				[tipo_linea_orizzontale tried 0/1] 1.7 secs
				[tipo_misto tried 1/1] 1.7 secs
				[tipo_linea_obbliqua tried 1/1] 1.7 secs
				[tipo_immagine tried 1/1] 1.7 secs
				[tipo_vuoto tried 1/1] 1.7 secs
				[ultima_pagina tried 1/1] 1.7 secs
				[frame tried 2/3] 1.7 secs
				[pagina_1 tried 2/3] 1.7 secs
				[on_top tried 2/2] 1.7 secs
				[to_right tried 2/2] 1.7 secs
				[allineato_al_centro_verticale tried 2/2] 1.7 secs
				[allineato_al_centro_orizzontale tried 2/2] 1.7 secs
				[altezza_pagina tried 1/1] 1.7 secs
				[larghezza_pagina tried 1/1] 1.7 secs
				[altezza_rettangolo tried 1/1] 1.7 secs
				[ascissa_rettangolo tried 1/1] 1.7 secs
				[ordinata_rettangolo tried 1/1] 1.7 secs
				[larghezza_rettangolo tried 1/1] 1.7 secs
				[numero_pagine tried 1/1] 1.7 secs

	Save clause ending with allineato_al_centro_orizzontale(C,D) (cover 1, accuracy 100%)

	Save allineato_al_centro_verticale(D,C) (3,6 value 13.4)
	Save allineato_al_centro_orizzontale(C,D) (1,1 value 5.3)
	Save allineato_al_centro_orizzontale(D,C) (1,1 value 5.3)

Best literal allineato_al_centro_verticale(C,D) (5.3 bits)


State (16/27 [3/6], 24.1 bits available)

				[= tried 1/1] 1.7 secs
				[tipo_testo tried 2/2] 1.7 secs
				[tipo_linea_orizzontale tried 1/2] 1.7 secs
				[tipo_misto tried 2/2] 1.7 secs
				[tipo_linea_obbliqua tried 2/2] 1.7 secs
				[tipo_immagine tried 2/2] 1.7 secs
				[tipo_vuoto tried 2/2] 1.7 secs
				[ultima_pagina tried 1/1] 1.7 secs
				[frame tried 4/5] 1.7 secs
				[pagina_1 tried 2/3] 1.7 secs
				[on_top tried 6/6] 1.7 secs
				[to_right tried 6/6] 1.7 secs
				[allineato_al_centro_verticale tried 4/6] 1.7 secs
				[allineato_al_centro_orizzontale tried 4/6] 1.7 secs
				[altezza_pagina tried 1/1] 1.7 secs
				[larghezza_pagina tried 1/1] 1.7 secs
				[altezza_rettangolo tried 2/2] 1.7 secs
				[ascissa_rettangolo tried 2/2] 1.7 secs
				[ordinata_rettangolo tried 2/2] 1.7 secs
				[larghezza_rettangolo tried 2/2] 1.7 secs
				[numero_pagine tried 1/1] 1.7 secs

	Save on_top(D,C) (3,4 value 14.8)
	Save to_right(D,C) (3,5 value 14.1)

Best literal allineato_al_centro_verticale(D,E) (7.0 bits)


State (34/41 [2/4], 11.7 bits available)

				[= tried 3/3] 1.7 secs
				[tipo_testo tried 3/3] 1.7 secs
				[tipo_linea_orizzontale tried 2/3] 1.7 secs
				[tipo_misto tried 3/3] 1.7 secs
				[tipo_linea_obbliqua tried 3/3] 1.7 secs
				[tipo_immagine tried 3/3] 1.7 secs
				[tipo_vuoto tried 3/3] 1.7 secs
				[ultima_pagina tried 1/1] 1.7 secs
				[frame tried 5/6] 1.7 secs
				[pagina_1 tried 2/3] 1.7 secs
				[on_top tried 10/10] 1.7 secs
				[to_right tried 10/10] 1.7 secs
				[allineato_al_centro_verticale tried 7/10] 1.7 secs
				[allineato_al_centro_orizzontale tried 6/10] 1.7 secs
				[altezza_pagina tried 1/1] 1.7 secs
				[larghezza_pagina tried 1/1] 1.7 secs
				[altezza_rettangolo tried 2/2] 1.7 secs
				[ascissa_rettangolo tried 2/2] 1.7 secs
				[ordinata_rettangolo tried 2/2] 1.7 secs
				[larghezza_rettangolo tried 2/2] 1.7 secs
				[numero_pagine tried 1/1] 1.7 secs

	Save clause ending with on_top(D,C) (cover 2, accuracy 100%)

	Save to_right(D,C) (2,3 value 9.7)

Best literal on_top(D,C) (7.7 bits)

Initial clause (0 errs): class_elsevier(A) :- pagina_1(A,B), frame(B,C), tipo_linea_orizzontale(C), allineato_al_centro_verticale(C,D), allineato_al_centro_verticale(D,E), on_top(D,C).
		allineato_al_centro_verticale(C,D) needed for binding allineato_al_centro_verticale(D,E)
		frame(B,C) needed for binding tipo_linea_orizzontale(C)
		pagina_1(A,B) needed for binding frame(B,C)

Clause 2: class_elsevier(A) :- pagina_1(A,B), frame(B,C), tipo_linea_orizzontale(C), allineato_al_centro_verticale(C,D), allineato_al_centro_verticale(D,E), on_top(D,C).

State (4/267, 40.6 bits available)

				[pagina_1 tried 1/1] 1.7 secs
				[numero_pagine tried 1/1] 1.7 secs

Determinate literals
	pagina_1(A,B)


State (4/267, 40.6 bits available, 1 weak literal)

				[ultima_pagina tried 1/1] 1.7 secs
				[frame tried 1/1] 1.7 secs
				[pagina_1 tried 1/3] 1.7 secs
				[altezza_pagina tried 1/1] 1.7 secs
				[larghezza_pagina tried 1/1] 1.7 secs
				[numero_pagine tried 1/1] 1.7 secs

Best literal frame(B,C) (2.6 bits)


State (34/2804 [4/267], 38.1 bits available, 2 weak literals)

				[tipo_testo tried 1/1] 1.7 secs
				[tipo_linea_orizzontale tried 1/1] 1.7 secs
				[tipo_misto tried 1/1] 1.7 secs
				[tipo_linea_obbliqua tried 1/1] 1.7 secs
				[tipo_immagine tried 1/1] 1.7 secs
				[tipo_vuoto tried 1/1] 1.7 secs
				[ultima_pagina tried 1/1] 1.7 secs
				[frame tried 1/3] 1.7 secs
				[pagina_1 tried 2/3] 1.7 secs
				[on_top tried 2/2] 1.7 secs
				[to_right tried 2/2] 1.7 secs
				[allineato_al_centro_verticale tried 2/2] 1.7 secs
				[allineato_al_centro_orizzontale tried 2/2] 1.7 secs
				[altezza_pagina tried 1/1] 1.7 secs
				[larghezza_pagina tried 1/1] 1.7 secs
				[altezza_rettangolo tried 1/1] 1.7 secs
				[ascissa_rettangolo tried 1/1] 1.7 secs
				[ordinata_rettangolo tried 1/1] 1.7 secs
				[larghezza_rettangolo tried 1/1] 1.7 secs
				[numero_pagine tried 1/1] 1.7 secs

	Save allineato_al_centro_verticale(D,C) (4,266 value 0.0)
	Save tipo_misto(C) (4,103 value 5.5)

Best literal allineato_al_centro_verticale(C,D) (5.3 bits)


State (81/3133 [4/266], 33.7 bits available)

				[= tried 1/1] 1.7 secs
				[tipo_testo tried 2/2] 1.7 secs
				[tipo_linea_orizzontale tried 2/2] 1.7 secs
				[tipo_misto tried 2/2] 1.7 secs
				[tipo_linea_obbliqua tried 2/2] 1.7 secs
				[tipo_immagine tried 2/2] 1.7 secs
				[tipo_vuoto tried 2/2] 1.7 secs
				[ultima_pagina tried 1/1] 1.7 secs
				[frame tried 4/5] 1.7 secs
				[pagina_1 tried 2/3] 1.7 secs
				[on_top tried 6/6] 1.7 secs
				[to_right tried 6/6] 1.7 secs
				[allineato_al_centro_verticale tried 4/6] 1.7 secs
				[allineato_al_centro_orizzontale tried 4/6] 1.7 secs
				[altezza_pagina tried 1/1] 1.7 secs
				[larghezza_pagina tried 1/1] 1.7 secs
				[altezza_rettangolo tried 2/2] 1.7 secs
				[ascissa_rettangolo tried 2/2] 1.7 secs
				[ordinata_rettangolo tried 2/2] 1.7 secs
				[larghezza_rettangolo tried 2/2] 1.7 secs
				[numero_pagine tried 1/1] 1.7 secs

	Save tipo_misto(D) (3,55 value 5.8)

Best literal tipo_misto(C) (5.4 bits)


State (25/218 [4/60], 29.9 bits available)

				[= tried 1/1] 1.7 secs
				[tipo_testo tried 2/2] 1.7 secs
				[tipo_linea_orizzontale tried 2/2] 1.7 secs
				[tipo_misto tried 1/2] 1.7 secs
				[tipo_linea_obbliqua tried 2/2] 1.7 secs
				[tipo_immagine tried 2/2] 1.7 secs
				[tipo_vuoto tried 2/2] 1.7 secs
				[ultima_pagina tried 1/1] 1.7 secs
				[frame tried 4/5] 1.7 secs
				[pagina_1 tried 2/3] 1.7 secs
				[on_top tried 6/6] 1.7 secs
				[to_right tried 6/6] 1.7 secs
				[allineato_al_centro_verticale tried 4/6] 1.7 secs
				[allineato_al_centro_orizzontale tried 4/6] 1.7 secs
				[altezza_pagina tried 1/1] 1.7 secs
				[larghezza_pagina tried 1/1] 1.7 secs
				[altezza_rettangolo tried 2/2] 1.7 secs
				[ascissa_rettangolo tried 2/2] 1.7 secs
				[ordinata_rettangolo tried 2/2] 1.7 secs
				[larghezza_rettangolo tried 2/2] 1.7 secs
				[numero_pagine tried 1/1] 1.7 secs

	Save clause ending with tipo_linea_orizzontale(D) (cover 1, accuracy 100%)

	Save on_top(C,E) (4,56 value 8.9)

Best literal on_top(C,D) (7.0 bits)


State (18/48 [4/21], 25.0 bits available)

				[= tried 1/1] 1.7 secs
				[tipo_testo tried 2/2] 1.7 secs
				[tipo_linea_orizzontale tried 2/2] 1.7 secs
				[tipo_misto tried 1/2] 1.7 secs
				[tipo_linea_obbliqua tried 2/2] 1.7 secs
				[tipo_immagine tried 2/2] 1.7 secs
				[tipo_vuoto tried 2/2] 1.7 secs
				[ultima_pagina tried 1/1] 1.7 secs
				[frame tried 4/5] 1.7 secs
				[pagina_1 tried 2/3] 1.7 secs
				[on_top tried 5/6] 1.7 secs
				[to_right tried 6/6] 1.7 secs
				[allineato_al_centro_verticale tried 5/6] 1.7 secs
				[allineato_al_centro_orizzontale tried 4/6] 1.7 secs
				[altezza_pagina tried 1/1] 1.7 secs
				[larghezza_pagina tried 1/1] 1.7 secs
				[altezza_rettangolo tried 2/2] 1.7 secs
				[ascissa_rettangolo tried 2/2] 1.7 secs
				[ordinata_rettangolo tried 2/2] 1.7 secs
				[larghezza_rettangolo tried 2/2] 1.7 secs
				[numero_pagine tried 1/1] 1.7 secs

Best literal on_top(D,E) (7.0 bits)


State (75/113 [4/19], 20.3 bits available)

				[= tried 3/3] 1.7 secs
				[tipo_testo tried 3/3] 1.7 secs
				[tipo_linea_orizzontale tried 3/3] 1.7 secs
				[tipo_misto tried 2/3] 1.7 secs
				[tipo_linea_obbliqua tried 3/3] 1.7 secs
				[tipo_immagine tried 3/3] 1.7 secs
				[tipo_vuoto tried 3/3] 1.7 secs
				[ultima_pagina tried 1/1] 1.7 secs
				[frame tried 5/6] 1.7 secs
				[pagina_1 tried 2/3] 1.7 secs
				[on_top tried 7/10] 1.7 secs
				[to_right tried 10/10] 1.7 secs
				[allineato_al_centro_verticale tried 9/10] 1.7 secs
				[allineato_al_centro_orizzontale tried 6/10] 1.7 secs
				[altezza_pagina tried 1/1] 1.7 secs
				[larghezza_pagina tried 1/1] 1.7 secs
				[altezza_rettangolo tried 2/2] 1.7 secs
				[ascissa_rettangolo tried 2/2] 1.7 secs
				[ordinata_rettangolo tried 2/2] 1.7 secs
				[larghezza_rettangolo tried 2/2] 1.7 secs
				[numero_pagine tried 1/1] 1.7 secs

	Save tipo_testo(E) (4,12 value 17.5)

Best literal allineato_al_centro_verticale(C,E) (7.7 bits)


State (42/51 [3/10], 8.2 bits available)

				[= tried 3/3] 1.7 secs
				[tipo_testo tried 3/3] 1.7 secs
				[tipo_linea_orizzontale tried 3/3] 1.7 secs
				[tipo_misto tried 2/3] 1.7 secs
				[tipo_linea_obbliqua tried 3/3] 1.7 secs
				[tipo_immagine tried 3/3] 1.7 secs
				[tipo_vuoto tried 3/3] 1.7 secs
				[ultima_pagina tried 1/1] 1.7 secs
				[frame tried 5/6] 1.7 secs
				[pagina_1 tried 2/3] 1.7 secs
				[on_top tried 8/10] 1.7 secs
				[to_right tried 10/10] 1.7 secs
				[allineato_al_centro_verticale tried 8/10] 1.7 secs
				[allineato_al_centro_orizzontale tried 6/10] 1.7 secs
				[altezza_pagina tried 1/1] 1.7 secs
				[larghezza_pagina tried 1/1] 1.7 secs
				[altezza_rettangolo tried 2/2] 1.7 secs
				[ascissa_rettangolo tried 2/2] 1.7 secs
				[ordinata_rettangolo tried 2/2] 1.7 secs
				[larghezza_rettangolo tried 2/2] 1.7 secs
				[numero_pagine tried 1/1] 1.7 secs

Best literal tipo_testo(D) (6.0 bits)


State (39/43 [3/5], 5.1 bits available)

				[= tried 3/3] 1.7 secs
				[tipo_testo tried 2/3] 1.7 secs
				[tipo_linea_orizzontale tried 3/3] 1.7 secs
				[tipo_misto tried 2/3] 1.7 secs
				[tipo_linea_obbliqua tried 3/3] 1.7 secs
				[tipo_immagine tried 3/3] 1.7 secs
				[tipo_vuoto tried 3/3] 1.7 secs
				[ultima_pagina tried 1/1] 1.7 secs
				[frame tried 5/6] 1.7 secs
				[pagina_1 tried 2/3] 1.7 secs
				[on_top tried 8/10] 1.7 secs
				[to_right tried 10/10] 1.7 secs
				[allineato_al_centro_verticale tried 8/10] 1.7 secs
				[allineato_al_centro_orizzontale tried 6/10] 1.7 secs
				[altezza_pagina tried 1/1] 1.7 secs
				[larghezza_pagina tried 1/1] 1.7 secs
				[altezza_rettangolo tried 2/2] 1.7 secs
				[ascissa_rettangolo tried 2/2] 1.7 secs
				[ordinata_rettangolo tried 2/2] 1.7 secs
				[larghezza_rettangolo tried 2/2] 1.7 secs
				[numero_pagine tried 1/1] 1.7 secs

Best literal allineato_al_centro_verticale(D,E) (7.7 bits)


State (20/21 [3/4], 0.4 bits available)

				[= requires 7.0 bits]
				[tipo_testo requires 6.0 bits]
				[tipo_linea_orizzontale requires 6.0 bits]
				[tipo_misto requires 6.0 bits]
				[tipo_linea_obbliqua requires 6.0 bits]
				[tipo_immagine requires 6.0 bits]
				[tipo_vuoto requires 6.0 bits]
				[ultima_pagina requires 4.4 bits]
				[frame requires 7.0 bits]
				[pagina_1 requires 6.0 bits]
				[on_top requires 7.7 bits]
				[to_right requires 7.7 bits]
				[allineato_al_centro_verticale requires 7.7 bits]
				[allineato_al_centro_orizzontale requires 7.7 bits]
				[altezza_pagina requires 4.4 bits]
				[larghezza_pagina requires 4.4 bits]
				[altezza_rettangolo requires 5.4 bits]
				[ascissa_rettangolo requires 5.4 bits]
				[ordinata_rettangolo requires 5.4 bits]
				[larghezza_rettangolo requires 5.4 bits]
				[numero_pagine requires 4.4 bits]

No literals

[Replace by saved clause]

Initial clause (0 errs): class_elsevier(A) :- pagina_1(A,B), frame(B,C), allineato_al_centro_verticale(C,D), tipo_misto(C), tipo_linea_orizzontale(D).
		allineato_al_centro_verticale(C,D) needed for binding tipo_linea_orizzontale(D)
		frame(B,C) needed for binding allineato_al_centro_verticale(C,D)
		pagina_1(A,B) needed for binding frame(B,C)

Clause 3: class_elsevier(A) :- pagina_1(A,B), frame(B,C), allineato_al_centro_verticale(C,D), tipo_misto(C), tipo_linea_orizzontale(D).

State (3/266, 33.7 bits available)

				[pagina_1 tried 1/1] 1.7 secs
				[numero_pagine tried 1/1] 1.7 secs

Determinate literals
	pagina_1(A,B)


State (3/266, 33.7 bits available, 1 weak literal)

				[ultima_pagina tried 1/1] 1.7 secs
				[frame tried 1/1] 1.7 secs
				[pagina_1 tried 1/3] 1.7 secs
				[altezza_pagina tried 1/1] 1.7 secs
				[larghezza_pagina tried 1/1] 1.7 secs
				[numero_pagine tried 1/1] 1.7 secs

Best literal frame(B,C) (2.6 bits)


State (24/2794 [3/266], 31.1 bits available, 2 weak literals)

				[tipo_testo tried 1/1] 1.7 secs
				[tipo_linea_orizzontale tried 1/1] 1.7 secs
				[tipo_misto tried 1/1] 1.7 secs
				[tipo_linea_obbliqua tried 1/1] 1.7 secs
				[tipo_immagine tried 1/1] 1.7 secs
				[tipo_vuoto tried 1/1] 1.7 secs
				[ultima_pagina tried 1/1] 1.7 secs
				[frame tried 1/3] 1.7 secs
				[pagina_1 tried 2/3] 1.7 secs
				[on_top tried 2/2] 1.7 secs
				[to_right tried 2/2] 1.7 secs
				[allineato_al_centro_verticale tried 2/2] 1.7 secs
				[allineato_al_centro_orizzontale tried 2/2] 1.7 secs
				[altezza_pagina tried 1/1] 1.7 secs
				[larghezza_pagina tried 1/1] 1.7 secs
				[altezza_rettangolo tried 1/1] 1.7 secs
				[ascissa_rettangolo tried 1/1] 1.7 secs
				[ordinata_rettangolo tried 1/1] 1.7 secs
				[larghezza_rettangolo tried 1/1] 1.7 secs
				[numero_pagine tried 1/1] 1.7 secs

	Save allineato_al_centro_verticale(C,D) (3,265 value 0.0)
	Save allineato_al_centro_verticale(D,C) (3,265 value 0.0)

Best literal tipo_misto(C) (4.3 bits)


State (8/162 [3/102], 27.8 bits available)

				[tipo_testo tried 1/1] 1.7 secs
				[tipo_linea_orizzontale tried 1/1] 1.7 secs
				[tipo_misto tried 0/1] 1.7 secs
				[tipo_linea_obbliqua tried 1/1] 1.7 secs
				[tipo_immagine tried 1/1] 1.7 secs
				[tipo_vuoto tried 1/1] 1.7 secs
				[ultima_pagina tried 1/1] 1.7 secs
				[frame tried 2/3] 1.7 secs
				[pagina_1 tried 2/3] 1.7 secs
				[on_top tried 2/2] 1.7 secs
				[to_right tried 2/2] 1.7 secs
				[allineato_al_centro_verticale tried 2/2] 1.7 secs
				[allineato_al_centro_orizzontale tried 2/2] 1.7 secs
				[altezza_pagina tried 1/1] 1.7 secs
				[larghezza_pagina tried 1/1] 1.7 secs
				[altezza_rettangolo tried 1/1] 1.7 secs
				[ascissa_rettangolo tried 1/1] 1.7 secs
				[ordinata_rettangolo tried 1/1] 1.7 secs
				[larghezza_rettangolo tried 1/1] 1.7 secs
				[numero_pagine tried 1/1] 1.7 secs

	Save allineato_al_centro_verticale(D,C) (3,55 value 6.8)

Best literal on_top(C,D) (5.3 bits)


State (29/273 [3/74], 24.1 bits available)

				[= tried 1/1] 1.7 secs
				[tipo_testo tried 2/2] 1.7 secs
				[tipo_linea_orizzontale tried 2/2] 1.7 secs
				[tipo_misto tried 1/2] 1.7 secs
				[tipo_linea_obbliqua tried 2/2] 1.7 secs
				[tipo_immagine tried 2/2] 1.7 secs
				[tipo_vuoto tried 2/2] 1.7 secs
				[ultima_pagina tried 1/1] 1.7 secs
				[frame tried 4/5] 1.7 secs
				[pagina_1 tried 2/3] 1.7 secs
				[on_top tried 4/6] 1.7 secs
				[to_right tried 6/6] 1.7 secs
				[allineato_al_centro_verticale tried 6/6] 1.7 secs
				[allineato_al_centro_orizzontale tried 4/6] 1.7 secs
				[altezza_pagina tried 1/1] 1.7 secs
				[larghezza_pagina tried 1/1] 1.7 secs
				[altezza_rettangolo tried 2/2] 1.7 secs
				[ascissa_rettangolo tried 2/2] 1.7 secs
				[ordinata_rettangolo tried 2/2] 1.7 secs
				[larghezza_rettangolo tried 2/2] 1.7 secs
				[numero_pagine tried 1/1] 1.7 secs

	Save allineato_al_centro_verticale(C,E) (3,55 value 6.8)

Best literal allineato_al_centro_verticale(C,D) (7.0 bits)


State (12/42 [3/20], 19.1 bits available)

				[= tried 1/1] 1.7 secs
				[tipo_testo tried 2/2] 1.7 secs
				[tipo_linea_orizzontale tried 2/2] 1.7 secs
				[tipo_misto tried 1/2] 1.7 secs
				[tipo_linea_obbliqua tried 2/2] 1.7 secs
				[tipo_immagine tried 2/2] 1.7 secs
				[tipo_vuoto tried 2/2] 1.7 secs
				[ultima_pagina tried 1/1] 1.7 secs
				[frame tried 4/5] 1.7 secs
				[pagina_1 tried 2/3] 1.7 secs
				[on_top tried 5/6] 1.7 secs
				[to_right tried 6/6] 1.7 secs
				[allineato_al_centro_verticale tried 5/6] 1.7 secs
				[allineato_al_centro_orizzontale tried 4/6] 1.7 secs
				[altezza_pagina tried 1/1] 1.7 secs
				[larghezza_pagina tried 1/1] 1.7 secs
				[altezza_rettangolo tried 2/2] 1.7 secs
				[ascissa_rettangolo tried 2/2] 1.7 secs
				[ordinata_rettangolo tried 2/2] 1.7 secs
				[larghezza_rettangolo tried 2/2] 1.7 secs
				[numero_pagine tried 1/1] 1.7 secs

Best literal on_top(D,E) (7.0 bits)


State (46/84 [3/18], 14.4 bits available)

				[= tried 3/3] 1.7 secs
				[tipo_testo tried 3/3] 1.7 secs
				[tipo_linea_orizzontale tried 3/3] 1.7 secs
				[tipo_misto tried 2/3] 1.7 secs
				[tipo_linea_obbliqua tried 3/3] 1.7 secs
				[tipo_immagine tried 3/3] 1.7 secs
				[tipo_vuoto tried 3/3] 1.7 secs
				[ultima_pagina tried 1/1] 1.7 secs
				[frame tried 5/6] 1.7 secs
				[pagina_1 tried 2/3] 1.7 secs
				[on_top tried 7/10] 1.7 secs
				[to_right tried 10/10] 1.7 secs
				[allineato_al_centro_verticale tried 9/10] 1.7 secs
				[allineato_al_centro_orizzontale tried 6/10] 1.7 secs
				[altezza_pagina tried 1/1] 1.7 secs
				[larghezza_pagina tried 1/1] 1.7 secs
				[altezza_rettangolo tried 2/2] 1.7 secs
				[ascissa_rettangolo tried 2/2] 1.7 secs
				[ordinata_rettangolo tried 2/2] 1.7 secs
				[larghezza_rettangolo tried 2/2] 1.7 secs
				[numero_pagine tried 1/1] 1.7 secs

Best literal on_top(C,F) (7.7 bits)


State (367/490 [3/18], 9.3 bits available, 1 weak literal)

				[= tried 6/6] 1.7 secs
				[tipo_testo tried 4/4] 1.7 secs
				[tipo_linea_orizzontale tried 4/4] 1.7 secs
				[tipo_misto tried 3/4] 1.7 secs
				[tipo_linea_obbliqua tried 4/4] 1.7 secs
				[tipo_immagine tried 4/4] 1.7 secs
				[tipo_vuoto tried 4/4] 1.7 secs
				[ultima_pagina tried 1/1] 1.7 secs
				[frame tried 7/8] 1.7 secs
				[pagina_1 tried 2/3] 1.7 secs
				[on_top tried 13/18] 1.7 secs
				[to_right tried 18/18] 1.7 secs
				[allineato_al_centro_verticale tried 17/18] 1.7 secs
				[allineato_al_centro_orizzontale tried 9/18] 1.7 secs
				[altezza_pagina tried 1/1] 1.7 secs
				[larghezza_pagina tried 1/1] 1.7 secs
				[altezza_rettangolo tried 3/3] 1.7 secs
				[ascissa_rettangolo tried 3/3] 1.7 secs
				[ordinata_rettangolo tried 3/3] 1.7 secs
				[larghezza_rettangolo tried 3/3] 1.7 secs
				[numero_pagine tried 1/1] 1.7 secs

Best literal on_top(F,G) (8.6 bits)


State (1361/1514 [3/18], 3.6 bits available)

				[= requires 8.7 bits]
				[tipo_testo requires 6.7 bits]
				[tipo_linea_orizzontale requires 6.7 bits]
				[tipo_misto requires 6.7 bits]
				[tipo_linea_obbliqua requires 6.7 bits]
				[tipo_immagine requires 6.7 bits]
				[tipo_vuoto requires 6.7 bits]
				[ultima_pagina tried 1/1] 1.7 secs
				[frame requires 7.6 bits]
				[pagina_1 tried 2/3] 1.7 secs
				[on_top requires 9.1 bits]
				[to_right requires 9.1 bits]
				[allineato_al_centro_verticale requires 9.1 bits]
				[allineato_al_centro_orizzontale requires 9.1 bits]
				[altezza_pagina tried 1/1] 1.7 secs
				[larghezza_pagina tried 1/1] 1.7 secs
				[altezza_rettangolo tried 3/3] 1.7 secs
				[ascissa_rettangolo tried 3/3] 1.7 secs
				[ordinata_rettangolo tried 3/3] 1.7 secs
				[larghezza_rettangolo tried 3/3] 1.7 secs
				[numero_pagine tried 1/1] 1.7 secs

No literals

Recover to class_elsevier(A) :- pagina_1(A,B), frame(B,C), tipo_misto(C), allineato_al_centro_verticale(D,C).



State (22/176 [3/55], 24.1 bits available)

				[= tried 1/1] 1.7 secs
				[tipo_testo tried 2/2] 1.7 secs
				[tipo_linea_orizzontale tried 2/2] 1.7 secs
				[tipo_misto tried 1/2] 1.7 secs
				[tipo_linea_obbliqua tried 2/2] 1.7 secs
				[tipo_immagine tried 2/2] 1.7 secs
				[tipo_vuoto tried 2/2] 1.7 secs
				[ultima_pagina tried 1/1] 1.7 secs
				[frame tried 4/5] 1.7 secs
				[pagina_1 tried 2/3] 1.7 secs
				[on_top tried 6/6] 1.7 secs
				[to_right tried 6/6] 1.7 secs
				[allineato_al_centro_verticale tried 4/6] 1.7 secs
				[allineato_al_centro_orizzontale tried 4/6] 1.7 secs
				[altezza_pagina tried 1/1] 1.7 secs
				[larghezza_pagina tried 1/1] 1.7 secs
				[altezza_rettangolo tried 2/2] 1.7 secs
				[ascissa_rettangolo tried 2/2] 1.7 secs
				[ordinata_rettangolo tried 2/2] 1.7 secs
				[larghezza_rettangolo tried 2/2] 1.7 secs
				[numero_pagine tried 1/1] 1.7 secs

Best literal on_top(C,E) (7.0 bits)


State (72/351 [3/52], 19.1 bits available)

				[= tried 3/3] 1.7 secs
				[tipo_testo tried 3/3] 1.7 secs
				[tipo_linea_orizzontale tried 3/3] 1.7 secs
				[tipo_misto tried 2/3] 1.7 secs
				[tipo_linea_obbliqua tried 3/3] 1.7 secs
				[tipo_immagine tried 3/3] 1.7 secs
				[tipo_vuoto tried 3/3] 1.7 secs
				[ultima_pagina tried 1/1] 1.7 secs
				[frame tried 6/7] 1.7 secs
				[pagina_1 tried 2/3] 1.7 secs
				[on_top tried 10/12] 1.7 secs
				[to_right tried 12/12] 1.7 secs
				[allineato_al_centro_verticale tried 10/12] 1.7 secs
				[allineato_al_centro_orizzontale tried 6/12] 1.7 secs
				[altezza_pagina tried 1/1] 1.7 secs
				[larghezza_pagina tried 1/1] 1.7 secs
				[altezza_rettangolo tried 3/3] 1.7 secs
				[ascissa_rettangolo tried 3/3] 1.7 secs
				[ordinata_rettangolo tried 3/3] 1.7 secs
				[larghezza_rettangolo tried 3/3] 1.7 secs
				[numero_pagine tried 1/1] 1.7 secs

	Save on_top(C,D) (2,18 value 6.8)
	Save allineato_al_centro_verticale(F,D) (3,38 value 8.3)

Best literal on_top(E,F) (8.0 bits)


State (146/365 [2/24], 6.1 bits available)

				[= tried 6/6] 1.7 secs
				[tipo_testo tried 4/4] 1.7 secs
				[tipo_linea_orizzontale tried 4/4] 1.7 secs
				[tipo_misto tried 3/4] 1.7 secs
				[tipo_linea_obbliqua tried 4/4] 1.7 secs
				[tipo_immagine tried 4/4] 1.7 secs
				[tipo_vuoto tried 4/4] 1.7 secs
				[ultima_pagina tried 1/1] 1.7 secs
				[frame tried 7/8] 1.7 secs
				[pagina_1 tried 2/3] 1.7 secs
				[on_top tried 15/18] 1.7 secs
				[to_right tried 18/18] 1.7 secs
				[allineato_al_centro_verticale tried 13/18] 1.7 secs
				[allineato_al_centro_orizzontale tried 9/18] 1.7 secs
				[altezza_pagina tried 1/1] 1.7 secs
				[larghezza_pagina tried 1/1] 1.7 secs
				[altezza_rettangolo tried 3/3] 1.7 secs
				[ascissa_rettangolo tried 3/3] 1.7 secs
				[ordinata_rettangolo tried 3/3] 1.7 secs
				[larghezza_rettangolo tried 3/3] 1.7 secs
				[numero_pagine tried 1/1] 1.7 secs

	Save allineato_al_centro_verticale(F,E) (2,4 value 10.6)
	Save on_top(C,G) (2,24 value 6.0)

Best literal on_top(C,D) (8.6 bits)


State (129/203 [2/15], 0.1 bits available)

				[= requires 8.0 bits]
				[tipo_testo requires 6.4 bits]
				[tipo_linea_orizzontale requires 6.4 bits]
				[tipo_misto requires 6.4 bits]
				[tipo_linea_obbliqua requires 6.4 bits]
				[tipo_immagine requires 6.4 bits]
				[tipo_vuoto requires 6.4 bits]
				[ultima_pagina requires 4.4 bits]
				[frame requires 7.4 bits]
				[pagina_1 requires 6.0 bits]
				[on_top requires 8.6 bits]
				[to_right requires 8.6 bits]
				[allineato_al_centro_verticale requires 8.6 bits]
				[allineato_al_centro_orizzontale requires 8.6 bits]
				[altezza_pagina requires 4.4 bits]
				[larghezza_pagina requires 4.4 bits]
				[altezza_rettangolo requires 6.0 bits]
				[ascissa_rettangolo requires 6.0 bits]
				[ordinata_rettangolo requires 6.0 bits]
				[larghezza_rettangolo requires 6.0 bits]
				[numero_pagine requires 4.4 bits]

No literals

Recover to class_elsevier(A) :- pagina_1(A,B), frame(B,C), tipo_misto(C), allineato_al_centro_verticale(D,C), on_top(C,E), on_top(E,F), allineato_al_centro_verticale(F,E).



State (60/65 [2/4], 0.1 bits available)

				[= requires 8.0 bits]
				[tipo_testo requires 6.4 bits]
				[tipo_linea_orizzontale requires 6.4 bits]
				[tipo_misto requires 6.4 bits]
				[tipo_linea_obbliqua requires 6.4 bits]
				[tipo_immagine requires 6.4 bits]
				[tipo_vuoto requires 6.4 bits]
				[ultima_pagina requires 4.4 bits]
				[frame requires 7.4 bits]
				[pagina_1 requires 6.0 bits]
				[on_top requires 8.6 bits]
				[to_right requires 8.6 bits]
				[allineato_al_centro_verticale requires 8.6 bits]
				[allineato_al_centro_orizzontale requires 8.6 bits]
				[altezza_pagina requires 4.4 bits]
				[larghezza_pagina requires 4.4 bits]
				[altezza_rettangolo requires 6.0 bits]
				[ascissa_rettangolo requires 6.0 bits]
				[ordinata_rettangolo requires 6.0 bits]
				[larghezza_rettangolo requires 6.0 bits]
				[numero_pagine requires 4.4 bits]

No literals

Recover to class_elsevier(A) :- pagina_1(A,B), frame(B,C), tipo_misto(C), allineato_al_centro_verticale(D,C), on_top(C,E), allineato_al_centro_verticale(F,D).



State (161/489 [3/38], 13.4 bits available)

				[= tried 6/6] 1.7 secs
				[tipo_testo tried 4/4] 1.7 secs
				[tipo_linea_orizzontale tried 4/4] 1.7 secs
				[tipo_misto tried 3/4] 1.7 secs
				[tipo_linea_obbliqua tried 4/4] 1.7 secs
				[tipo_immagine tried 4/4] 1.7 secs
				[tipo_vuoto tried 4/4] 1.7 secs
				[ultima_pagina tried 1/1] 1.7 secs
				[frame tried 7/8] 1.7 secs
				[pagina_1 tried 2/3] 1.7 secs
				[on_top tried 16/18] 1.7 secs
				[to_right tried 18/18] 1.7 secs
				[allineato_al_centro_verticale tried 12/18] 1.7 secs
				[allineato_al_centro_orizzontale tried 9/18] 1.7 secs
				[altezza_pagina tried 1/1] 1.7 secs
				[larghezza_pagina tried 1/1] 1.7 secs
				[altezza_rettangolo tried 3/3] 1.7 secs
				[ascissa_rettangolo tried 3/3] 1.7 secs
				[ordinata_rettangolo tried 3/3] 1.7 secs
				[larghezza_rettangolo tried 3/3] 1.7 secs
				[numero_pagine tried 1/1] 1.7 secs

	Save on_top(E,G) (2,19 value 6.6)

Best literal on_top(C,D) (8.6 bits)


State (111/180 [2/13], 0.1 bits available)

				[= requires 8.0 bits]
				[tipo_testo requires 6.4 bits]
				[tipo_linea_orizzontale requires 6.4 bits]
				[tipo_misto requires 6.4 bits]
				[tipo_linea_obbliqua requires 6.4 bits]
				[tipo_immagine requires 6.4 bits]
				[tipo_vuoto requires 6.4 bits]
				[ultima_pagina requires 4.4 bits]
				[frame requires 7.4 bits]
				[pagina_1 requires 6.0 bits]
				[on_top requires 8.6 bits]
				[to_right requires 8.6 bits]
				[allineato_al_centro_verticale requires 8.6 bits]
				[allineato_al_centro_orizzontale requires 8.6 bits]
				[altezza_pagina requires 4.4 bits]
				[larghezza_pagina requires 4.4 bits]
				[altezza_rettangolo requires 6.0 bits]
				[ascissa_rettangolo requires 6.0 bits]
				[ordinata_rettangolo requires 6.0 bits]
				[larghezza_rettangolo requires 6.0 bits]
				[numero_pagine requires 4.4 bits]

No literals

Recover to class_elsevier(A) :- pagina_1(A,B), frame(B,C), tipo_misto(C), allineato_al_centro_verticale(D,C), on_top(C,E), on_top(C,D).



State (46/112 [2/18], 6.1 bits available)

				[= tried 3/3] 1.7 secs
				[tipo_testo tried 3/3] 1.7 secs
				[tipo_linea_orizzontale tried 3/3] 1.7 secs
				[tipo_misto tried 2/3] 1.7 secs
				[tipo_linea_obbliqua tried 3/3] 1.7 secs
				[tipo_immagine tried 3/3] 1.7 secs
				[tipo_vuoto tried 3/3] 1.7 secs
				[ultima_pagina tried 1/1] 1.7 secs
				[frame tried 6/7] 1.7 secs
				[pagina_1 tried 2/3] 1.7 secs
				[on_top tried 9/12] 1.7 secs
				[to_right tried 12/12] 1.7 secs
				[allineato_al_centro_verticale tried 9/12] 1.7 secs
				[allineato_al_centro_orizzontale tried 6/12] 1.7 secs
				[altezza_pagina tried 1/1] 1.7 secs
				[larghezza_pagina tried 1/1] 1.7 secs
				[altezza_rettangolo tried 3/3] 1.7 secs
				[ascissa_rettangolo tried 3/3] 1.7 secs
				[ordinata_rettangolo tried 3/3] 1.7 secs
				[larghezza_rettangolo tried 3/3] 1.7 secs
				[numero_pagine tried 1/1] 1.7 secs

	Save on_top(E,F) (2,15 value 7.3)
	Save allineato_al_centro_verticale(F,D) (2,13 value 7.7)

Best literal on_top(D,F) (8.0 bits)


State (153/253 [2/15], 0.7 bits available)

				[= requires 8.0 bits]
				[tipo_testo requires 6.4 bits]
				[tipo_linea_orizzontale requires 6.4 bits]
				[tipo_misto requires 6.4 bits]
				[tipo_linea_obbliqua requires 6.4 bits]
				[tipo_immagine requires 6.4 bits]
				[tipo_vuoto requires 6.4 bits]
				[ultima_pagina requires 4.4 bits]
				[frame requires 7.4 bits]
				[pagina_1 requires 6.0 bits]
				[on_top requires 8.6 bits]
				[to_right requires 8.6 bits]
				[allineato_al_centro_verticale requires 8.6 bits]
				[allineato_al_centro_orizzontale requires 8.6 bits]
				[altezza_pagina requires 4.4 bits]
				[larghezza_pagina requires 4.4 bits]
				[altezza_rettangolo requires 6.0 bits]
				[ascissa_rettangolo requires 6.0 bits]
				[ordinata_rettangolo requires 6.0 bits]
				[larghezza_rettangolo requires 6.0 bits]
				[numero_pagine requires 4.4 bits]

No literals

Recover to class_elsevier(A) :- pagina_1(A,B), frame(B,C), tipo_misto(C), allineato_al_centro_verticale(D,C), on_top(C,E), on_top(C,D), allineato_al_centro_verticale(F,D).



State (111/180 [2/13], 0.7 bits available)

				[= requires 8.0 bits]
				[tipo_testo requires 6.4 bits]
				[tipo_linea_orizzontale requires 6.4 bits]
				[tipo_misto requires 6.4 bits]
				[tipo_linea_obbliqua requires 6.4 bits]
				[tipo_immagine requires 6.4 bits]
				[tipo_vuoto requires 6.4 bits]
				[ultima_pagina requires 4.4 bits]
				[frame requires 7.4 bits]
				[pagina_1 requires 6.0 bits]
				[on_top requires 8.6 bits]
				[to_right requires 8.6 bits]
				[allineato_al_centro_verticale requires 8.6 bits]
				[allineato_al_centro_orizzontale requires 8.6 bits]
				[altezza_pagina requires 4.4 bits]
				[larghezza_pagina requires 4.4 bits]
				[altezza_rettangolo requires 6.0 bits]
				[ascissa_rettangolo requires 6.0 bits]
				[ordinata_rettangolo requires 6.0 bits]
				[larghezza_rettangolo requires 6.0 bits]
				[numero_pagine requires 4.4 bits]

No literals

Recover to class_elsevier(A) :- pagina_1(A,B), frame(B,C), tipo_misto(C), allineato_al_centro_verticale(D,C), on_top(C,E), on_top(C,D), on_top(E,F).



State (129/203 [2/15], 0.7 bits available)

				[= requires 8.0 bits]
				[tipo_testo requires 6.4 bits]
				[tipo_linea_orizzontale requires 6.4 bits]
				[tipo_misto requires 6.4 bits]
				[tipo_linea_obbliqua requires 6.4 bits]
				[tipo_immagine requires 6.4 bits]
				[tipo_vuoto requires 6.4 bits]
				[ultima_pagina requires 4.4 bits]
				[frame requires 7.4 bits]
				[pagina_1 requires 6.0 bits]
				[on_top requires 8.6 bits]
				[to_right requires 8.6 bits]
				[allineato_al_centro_verticale requires 8.6 bits]
				[allineato_al_centro_orizzontale requires 8.6 bits]
				[altezza_pagina requires 4.4 bits]
				[larghezza_pagina requires 4.4 bits]
				[altezza_rettangolo requires 6.0 bits]
				[ascissa_rettangolo requires 6.0 bits]
				[ordinata_rettangolo requires 6.0 bits]
				[larghezza_rettangolo requires 6.0 bits]
				[numero_pagine requires 4.4 bits]

No literals

Recover to class_elsevier(A) :- pagina_1(A,B), frame(B,C), tipo_misto(C), on_top(C,D), allineato_al_centro_verticale(C,E).



State (97/494 [3/55], 19.1 bits available)

				[= tried 3/3] 1.7 secs
				[tipo_testo tried 3/3] 1.7 secs
				[tipo_linea_orizzontale tried 3/3] 1.7 secs
				[tipo_misto tried 2/3] 1.7 secs
				[tipo_linea_obbliqua tried 3/3] 1.7 secs
				[tipo_immagine tried 3/3] 1.7 secs
				[tipo_vuoto tried 3/3] 1.7 secs
				[ultima_pagina tried 1/1] 1.7 secs
				[frame tried 6/7] 1.7 secs
				[pagina_1 tried 2/3] 1.7 secs
				[on_top tried 10/12] 1.7 secs
				[to_right tried 12/12] 1.7 secs
				[allineato_al_centro_verticale tried 10/12] 1.7 secs
				[allineato_al_centro_orizzontale tried 6/12] 1.7 secs
				[altezza_pagina tried 1/1] 1.7 secs
				[larghezza_pagina tried 1/1] 1.7 secs
				[altezza_rettangolo tried 3/3] 1.7 secs
				[ascissa_rettangolo tried 3/3] 1.7 secs
				[ordinata_rettangolo tried 3/3] 1.7 secs
				[larghezza_rettangolo tried 3/3] 1.7 secs
				[numero_pagine tried 1/1] 1.7 secs

	Save on_top(D,F) (3,28 value 9.6)

Best literal on_top(C,E) (8.0 bits)


State (85/175 [3/20], 13.4 bits available)

				[= tried 3/3] 1.7 secs
				[tipo_testo tried 3/3] 1.7 secs
				[tipo_linea_orizzontale tried 3/3] 1.7 secs
				[tipo_misto tried 2/3] 1.7 secs
				[tipo_linea_obbliqua tried 3/3] 1.7 secs
				[tipo_immagine tried 3/3] 1.7 secs
				[tipo_vuoto tried 3/3] 1.7 secs
				[ultima_pagina tried 1/1] 1.7 secs
				[frame tried 6/7] 1.7 secs
				[pagina_1 tried 2/3] 1.7 secs
				[on_top tried 9/12] 1.7 secs
				[to_right tried 12/12] 1.7 secs
				[allineato_al_centro_verticale tried 11/12] 1.7 secs
				[allineato_al_centro_orizzontale tried 6/12] 1.7 secs
				[altezza_pagina tried 1/1] 1.7 secs
				[larghezza_pagina tried 1/1] 1.7 secs
				[altezza_rettangolo tried 3/3] 1.7 secs
				[ascissa_rettangolo tried 3/3] 1.7 secs
				[ordinata_rettangolo tried 3/3] 1.7 secs
				[larghezza_rettangolo tried 3/3] 1.7 secs
				[numero_pagine tried 1/1] 1.7 secs

	Save on_top(D,F) (3,19 value 11.2)

Best literal on_top(E,F) (8.0 bits)


State (367/490 [3/18], 8.0 bits available)

				[= tried 6/6] 1.7 secs
				[tipo_testo tried 4/4] 1.7 secs
				[tipo_linea_orizzontale tried 4/4] 1.7 secs
				[tipo_misto tried 3/4] 1.7 secs
				[tipo_linea_obbliqua tried 4/4] 1.7 secs
				[tipo_immagine tried 4/4] 1.7 secs
				[tipo_vuoto tried 4/4] 1.7 secs
				[ultima_pagina tried 1/1] 1.7 secs
				[frame tried 7/8] 1.7 secs
				[pagina_1 tried 2/3] 1.7 secs
				[on_top tried 13/18] 1.7 secs
				[to_right tried 18/18] 1.7 secs
				[allineato_al_centro_verticale tried 17/18] 1.7 secs
				[allineato_al_centro_orizzontale tried 9/18] 1.7 secs
				[altezza_pagina tried 1/1] 1.7 secs
				[larghezza_pagina tried 1/1] 1.7 secs
				[altezza_rettangolo tried 3/3] 1.7 secs
				[ascissa_rettangolo tried 3/3] 1.7 secs
				[ordinata_rettangolo tried 3/3] 1.7 secs
				[larghezza_rettangolo tried 3/3] 1.7 secs
				[numero_pagine tried 1/1] 1.7 secs

Best literal on_top(D,G) (8.6 bits)


State (1361/1514 [3/18], 2.3 bits available)

				[= requires 8.7 bits]
				[tipo_testo requires 6.7 bits]
				[tipo_linea_orizzontale requires 6.7 bits]
				[tipo_misto requires 6.7 bits]
				[tipo_linea_obbliqua requires 6.7 bits]
				[tipo_immagine requires 6.7 bits]
				[tipo_vuoto requires 6.7 bits]
				[ultima_pagina tried 1/1] 1.7 secs
				[frame requires 7.6 bits]
				[pagina_1 requires 6.0 bits]
				[on_top requires 9.1 bits]
				[to_right requires 9.1 bits]
				[allineato_al_centro_verticale requires 9.1 bits]
				[allineato_al_centro_orizzontale requires 9.1 bits]
				[altezza_pagina tried 1/1] 1.7 secs
				[larghezza_pagina tried 1/1] 1.7 secs
				[altezza_rettangolo requires 6.0 bits]
				[ascissa_rettangolo requires 6.0 bits]
				[ordinata_rettangolo requires 6.0 bits]
				[larghezza_rettangolo requires 6.0 bits]
				[numero_pagine tried 1/1] 1.7 secs

No literals

Recover to class_elsevier(A) :- pagina_1(A,B), frame(B,C), tipo_misto(C), on_top(C,D), allineato_al_centro_verticale(C,E), on_top(C,E), on_top(D,F).



State (293/396 [3/19], 8.0 bits available)

				[= tried 6/6] 1.7 secs
				[tipo_testo tried 4/4] 1.7 secs
				[tipo_linea_orizzontale tried 4/4] 1.7 secs
				[tipo_misto tried 3/4] 1.7 secs
				[tipo_linea_obbliqua tried 4/4] 1.7 secs
				[tipo_immagine tried 4/4] 1.7 secs
				[tipo_vuoto tried 4/4] 1.7 secs
				[ultima_pagina tried 1/1] 1.7 secs
				[frame tried 7/8] 1.7 secs
				[pagina_1 tried 2/3] 1.7 secs
				[on_top tried 14/18] 1.7 secs
				[to_right tried 18/18] 1.7 secs
				[allineato_al_centro_verticale tried 17/18] 1.7 secs
				[allineato_al_centro_orizzontale tried 9/18] 1.7 secs
				[altezza_pagina tried 1/1] 1.7 secs
				[larghezza_pagina tried 1/1] 1.7 secs
				[altezza_rettangolo tried 3/3] 1.7 secs
				[ascissa_rettangolo tried 3/3] 1.7 secs
				[ordinata_rettangolo tried 3/3] 1.7 secs
				[larghezza_rettangolo tried 3/3] 1.7 secs
				[numero_pagine tried 1/1] 1.7 secs

	Save on_top(C,G) (3,19 value 11.2)

Best literal on_top(E,G) (8.6 bits)


State (1361/1514 [3/18], 2.3 bits available)

				[= requires 8.7 bits]
				[tipo_testo requires 6.7 bits]
				[tipo_linea_orizzontale requires 6.7 bits]
				[tipo_misto requires 6.7 bits]
				[tipo_linea_obbliqua requires 6.7 bits]
				[tipo_immagine requires 6.7 bits]
				[tipo_vuoto requires 6.7 bits]
				[ultima_pagina tried 1/1] 1.7 secs
				[frame requires 7.6 bits]
				[pagina_1 requires 6.0 bits]
				[on_top requires 9.1 bits]
				[to_right requires 9.1 bits]
				[allineato_al_centro_verticale requires 9.1 bits]
				[allineato_al_centro_orizzontale requires 9.1 bits]
				[altezza_pagina tried 1/1] 1.7 secs
				[larghezza_pagina tried 1/1] 1.7 secs
				[altezza_rettangolo requires 6.0 bits]
				[ascissa_rettangolo requires 6.0 bits]
				[ordinata_rettangolo requires 6.0 bits]
				[larghezza_rettangolo requires 6.0 bits]
				[numero_pagine tried 1/1] 1.7 secs

No literals

Recover to class_elsevier(A) :- pagina_1(A,B), frame(B,C), tipo_misto(C), on_top(C,D), allineato_al_centro_verticale(C,E), on_top(C,E), on_top(D,F), on_top(C,G).



State (2470/2847 [3/19], 2.3 bits available, 1 weak literal)

				[= requires 8.7 bits]
				[tipo_testo requires 6.7 bits]
				[tipo_linea_orizzontale requires 6.7 bits]
				[tipo_misto requires 6.7 bits]
				[tipo_linea_obbliqua requires 6.7 bits]
				[tipo_immagine requires 6.7 bits]
				[tipo_vuoto requires 6.7 bits]
				[ultima_pagina tried 1/1] 1.7 secs
				[frame requires 7.7 bits]
				[pagina_1 requires 6.0 bits]
				[on_top requires 9.2 bits]
				[to_right requires 9.2 bits]
				[allineato_al_centro_verticale requires 9.2 bits]
				[allineato_al_centro_orizzontale requires 9.2 bits]
				[altezza_pagina tried 1/1] 1.7 secs
				[larghezza_pagina tried 1/1] 1.7 secs
				[altezza_rettangolo requires 6.4 bits]
				[ascissa_rettangolo requires 6.4 bits]
				[ordinata_rettangolo requires 6.4 bits]
				[larghezza_rettangolo requires 6.4 bits]
				[numero_pagine tried 1/1] 1.7 secs

No literals

Recover to class_elsevier(A) :- pagina_1(A,B), frame(B,C), tipo_misto(C), on_top(C,D), allineato_al_centro_verticale(C,E), on_top(D,F).



State (299/632 [3/28], 13.4 bits available)

				[= tried 6/6] 1.7 secs
				[tipo_testo tried 4/4] 1.7 secs
				[tipo_linea_orizzontale tried 4/4] 1.7 secs
				[tipo_misto tried 3/4] 1.7 secs
				[tipo_linea_obbliqua tried 4/4] 1.7 secs
				[tipo_immagine tried 4/4] 1.7 secs
				[tipo_vuoto tried 4/4] 1.7 secs
				[ultima_pagina tried 1/1] 1.7 secs
				[frame tried 7/8] 1.7 secs
				[pagina_1 tried 2/3] 1.7 secs
				[on_top tried 15/18] 1.7 secs
				[to_right tried 18/18] 1.7 secs
				[allineato_al_centro_verticale tried 16/18] 1.7 secs
				[allineato_al_centro_orizzontale tried 9/18] 1.7 secs
				[altezza_pagina tried 1/1] 1.7 secs
				[larghezza_pagina tried 1/1] 1.7 secs
				[altezza_rettangolo tried 3/3] 1.7 secs
				[ascissa_rettangolo tried 3/3] 1.7 secs
				[ordinata_rettangolo tried 3/3] 1.7 secs
				[larghezza_rettangolo tried 3/3] 1.7 secs
				[numero_pagine tried 1/1] 1.7 secs

	Save on_top(C,G) (3,28 value 9.6)

Best literal on_top(C,E) (8.6 bits)


State (293/396 [3/19], 7.5 bits available)

				[= tried 6/6] 1.7 secs
				[tipo_testo tried 4/4] 1.7 secs
				[tipo_linea_orizzontale tried 4/4] 1.7 secs
				[tipo_misto tried 3/4] 1.7 secs
				[tipo_linea_obbliqua tried 4/4] 1.7 secs
				[tipo_immagine tried 4/4] 1.7 secs
				[tipo_vuoto tried 4/4] 1.7 secs
				[ultima_pagina tried 1/1] 1.7 secs
				[frame tried 7/8] 1.7 secs
				[pagina_1 tried 2/3] 1.7 secs
				[on_top tried 14/18] 1.7 secs
				[to_right tried 18/18] 1.7 secs
				[allineato_al_centro_verticale tried 17/18] 1.7 secs
				[allineato_al_centro_orizzontale tried 9/18] 1.7 secs
				[altezza_pagina tried 1/1] 1.7 secs
				[larghezza_pagina tried 1/1] 1.7 secs
				[altezza_rettangolo tried 3/3] 1.7 secs
				[ascissa_rettangolo tried 3/3] 1.7 secs
				[ordinata_rettangolo tried 3/3] 1.7 secs
				[larghezza_rettangolo tried 3/3] 1.7 secs
				[numero_pagine tried 1/1] 1.7 secs

	Save on_top(C,G) (3,19 value 11.2)

Best literal on_top(E,G) (8.6 bits)


State (1361/1514 [3/18], 1.7 bits available)

				[= requires 8.7 bits]
				[tipo_testo requires 6.7 bits]
				[tipo_linea_orizzontale requires 6.7 bits]
				[tipo_misto requires 6.7 bits]
				[tipo_linea_obbliqua requires 6.7 bits]
				[tipo_immagine requires 6.7 bits]
				[tipo_vuoto requires 6.7 bits]
				[ultima_pagina tried 1/1] 1.7 secs
				[frame requires 7.6 bits]
				[pagina_1 requires 6.0 bits]
				[on_top requires 9.1 bits]
				[to_right requires 9.1 bits]
				[allineato_al_centro_verticale requires 9.1 bits]
				[allineato_al_centro_orizzontale requires 9.1 bits]
				[altezza_pagina tried 1/1] 1.7 secs
				[larghezza_pagina tried 1/1] 1.7 secs
				[altezza_rettangolo requires 6.0 bits]
				[ascissa_rettangolo requires 6.0 bits]
				[ordinata_rettangolo requires 6.0 bits]
				[larghezza_rettangolo requires 6.0 bits]
				[numero_pagine tried 1/1] 1.7 secs

No literals

Recover to class_elsevier(A) :- pagina_1(A,B), frame(B,C), tipo_misto(C), on_top(C,D), allineato_al_centro_verticale(C,E), on_top(D,F), on_top(C,E), on_top(C,G).



State (2470/2847 [3/19], 1.7 bits available, 1 weak literal)

				[= requires 8.7 bits]
				[tipo_testo requires 6.7 bits]
				[tipo_linea_orizzontale requires 6.7 bits]
				[tipo_misto requires 6.7 bits]
				[tipo_linea_obbliqua requires 6.7 bits]
				[tipo_immagine requires 6.7 bits]
				[tipo_vuoto requires 6.7 bits]
				[ultima_pagina tried 1/1] 1.7 secs
				[frame requires 7.7 bits]
				[pagina_1 requires 6.0 bits]
				[on_top requires 9.2 bits]
				[to_right requires 9.2 bits]
				[allineato_al_centro_verticale requires 9.2 bits]
				[allineato_al_centro_orizzontale requires 9.2 bits]
				[altezza_pagina tried 1/1] 1.7 secs
				[larghezza_pagina tried 1/1] 1.7 secs
				[altezza_rettangolo requires 6.4 bits]
				[ascissa_rettangolo requires 6.4 bits]
				[ordinata_rettangolo requires 6.4 bits]
				[larghezza_rettangolo requires 6.4 bits]
				[numero_pagine tried 1/1] 1.7 secs

No literals

Recover to class_elsevier(A) :- pagina_1(A,B), frame(B,C), tipo_misto(C), on_top(C,D), allineato_al_centro_verticale(C,E), on_top(D,F), on_top(C,G).



State (2485/3622 [3/28], 7.5 bits available, 1 weak literal)

				[= tried 10/10] 1.7 secs
				[tipo_testo tried 5/5] 1.7 secs
				[tipo_linea_orizzontale tried 5/5] 1.7 secs
				[tipo_misto tried 4/5] 1.7 secs
				[tipo_linea_obbliqua tried 5/5] 1.7 secs
				[tipo_immagine tried 5/5] 1.7 secs
				[tipo_vuoto tried 5/5] 1.7 secs
				[ultima_pagina tried 1/1] 1.7 secs
				[frame tried 9/10] 1.7 secs
				[pagina_1 tried 2/3] 1.7 secs
				[on_top tried 23/28] 1.7 secs
				[to_right tried 28/28] 1.7 secs
				[allineato_al_centro_verticale tried 26/28] 1.7 secs
				[allineato_al_centro_orizzontale tried 12/28] 1.7 secs
				[altezza_pagina tried 1/1] 1.7 secs
				[larghezza_pagina tried 1/1] 1.7 secs
				[altezza_rettangolo tried 4/4] 1.7 secs
				[ascissa_rettangolo tried 4/4] 1.7 secs
				[ordinata_rettangolo tried 4/4] 1.7 secs
				[larghezza_rettangolo tried 4/4] 1.7 secs
				[numero_pagine tried 1/1] 1.7 secs

	Save on_top(G,H) (3,28 value 9.6)

Best literal on_top(C,E) (9.2 bits)


State (2470/2847 [3/19], 1.1 bits available)

				[= requires 8.7 bits]
				[tipo_testo requires 6.7 bits]
				[tipo_linea_orizzontale requires 6.7 bits]
				[tipo_misto requires 6.7 bits]
				[tipo_linea_obbliqua requires 6.7 bits]
				[tipo_immagine requires 6.7 bits]
				[tipo_vuoto requires 6.7 bits]
				[ultima_pagina requires 4.4 bits]
				[frame requires 7.7 bits]
				[pagina_1 requires 6.0 bits]
				[on_top requires 9.2 bits]
				[to_right requires 9.2 bits]
				[allineato_al_centro_verticale requires 9.2 bits]
				[allineato_al_centro_orizzontale requires 9.2 bits]
				[altezza_pagina requires 4.4 bits]
				[larghezza_pagina requires 4.4 bits]
				[altezza_rettangolo requires 6.4 bits]
				[ascissa_rettangolo requires 6.4 bits]
				[ordinata_rettangolo requires 6.4 bits]
				[larghezza_rettangolo requires 6.4 bits]
				[numero_pagine requires 4.4 bits]

No literals

Recover to class_elsevier(A) :- pagina_1(A,B), frame(B,C), tipo_misto(C), on_top(C,D), allineato_al_centro_verticale(C,E), on_top(D,F), on_top(C,G), on_top(G,H).



State (9485/10982 [3/28], 1.1 bits available)

				[= requires 9.3 bits]
				[tipo_testo requires 7.0 bits]
				[tipo_linea_orizzontale requires 7.0 bits]
				[tipo_misto requires 7.0 bits]
				[tipo_linea_obbliqua requires 7.0 bits]
				[tipo_immagine requires 7.0 bits]
				[tipo_vuoto requires 7.0 bits]
				[ultima_pagina requires 4.4 bits]
				[frame requires 7.9 bits]
				[pagina_1 requires 6.0 bits]
				[on_top requires 9.6 bits]
				[to_right requires 9.6 bits]
				[allineato_al_centro_verticale requires 9.6 bits]
				[allineato_al_centro_orizzontale requires 9.6 bits]
				[altezza_pagina requires 4.4 bits]
				[larghezza_pagina requires 4.4 bits]
				[altezza_rettangolo requires 6.4 bits]
				[ascissa_rettangolo requires 6.4 bits]
				[ordinata_rettangolo requires 6.4 bits]
				[larghezza_rettangolo requires 6.4 bits]
				[numero_pagine requires 4.4 bits]

No literals

Recover to class_elsevier(A) :- pagina_1(A,B), frame(B,C), tipo_misto(C), allineato_al_centro_verticale(D,C), on_top(C,E), allineato_al_centro_verticale(F,D), on_top(E,G).



State (361/632 [2/19], 0.1 bits available)

				[= requires 8.7 bits]
				[tipo_testo requires 6.7 bits]
				[tipo_linea_orizzontale requires 6.7 bits]
				[tipo_misto requires 6.7 bits]
				[tipo_linea_obbliqua requires 6.7 bits]
				[tipo_immagine requires 6.7 bits]
				[tipo_vuoto requires 6.7 bits]
				[ultima_pagina requires 4.4 bits]
				[frame requires 7.6 bits]
				[pagina_1 requires 6.0 bits]
				[on_top requires 9.1 bits]
				[to_right requires 9.1 bits]
				[allineato_al_centro_verticale requires 9.1 bits]
				[allineato_al_centro_orizzontale requires 9.1 bits]
				[altezza_pagina requires 4.4 bits]
				[larghezza_pagina requires 4.4 bits]
				[altezza_rettangolo requires 6.0 bits]
				[ascissa_rettangolo requires 6.0 bits]
				[ordinata_rettangolo requires 6.0 bits]
				[larghezza_rettangolo requires 6.0 bits]
				[numero_pagine requires 4.4 bits]

No literals

Recover to class_elsevier(A) :- pagina_1(A,B), frame(B,C), tipo_misto(C), allineato_al_centro_verticale(D,C), on_top(C,E), on_top(E,F), on_top(C,G).



State (940/1687 [2/24], 0.1 bits available, 1 weak literal)

				[= requires 8.7 bits]
				[tipo_testo requires 6.7 bits]
				[tipo_linea_orizzontale requires 6.7 bits]
				[tipo_misto requires 6.7 bits]
				[tipo_linea_obbliqua requires 6.7 bits]
				[tipo_immagine requires 6.7 bits]
				[tipo_vuoto requires 6.7 bits]
				[ultima_pagina requires 4.4 bits]
				[frame requires 7.7 bits]
				[pagina_1 requires 6.0 bits]
				[on_top requires 9.2 bits]
				[to_right requires 9.2 bits]
				[allineato_al_centro_verticale requires 9.2 bits]
				[allineato_al_centro_orizzontale requires 9.2 bits]
				[altezza_pagina requires 4.4 bits]
				[larghezza_pagina requires 4.4 bits]
				[altezza_rettangolo requires 6.4 bits]
				[ascissa_rettangolo requires 6.4 bits]
				[ordinata_rettangolo requires 6.4 bits]
				[larghezza_rettangolo requires 6.4 bits]
				[numero_pagine requires 4.4 bits]

No literals

Recover to class_elsevier(A) :- pagina_1(A,B), frame(B,C), allineato_al_centro_verticale(C,D).



State (60/3112 [3/265], 26.8 bits available)

				[= tried 1/1] 1.7 secs
				[tipo_testo tried 2/2] 1.7 secs
				[tipo_linea_orizzontale tried 2/2] 1.7 secs
				[tipo_misto tried 2/2] 1.7 secs
				[tipo_linea_obbliqua tried 2/2] 1.7 secs
				[tipo_immagine tried 2/2] 1.7 secs
				[tipo_vuoto tried 2/2] 1.7 secs
				[ultima_pagina tried 1/1] 1.7 secs
				[frame tried 4/5] 1.7 secs
				[pagina_1 tried 2/3] 1.7 secs
				[on_top tried 6/6] 1.7 secs
				[to_right tried 6/6] 1.7 secs
				[allineato_al_centro_verticale tried 4/6] 1.7 secs
				[allineato_al_centro_orizzontale tried 4/6] 1.7 secs
				[altezza_pagina tried 1/1] 1.7 secs
				[larghezza_pagina tried 1/1] 1.7 secs
				[altezza_rettangolo tried 2/2] 1.7 secs
				[ascissa_rettangolo tried 2/2] 1.7 secs
				[ordinata_rettangolo tried 2/2] 1.7 secs
				[larghezza_rettangolo tried 2/2] 1.7 secs
				[numero_pagine tried 1/1] 1.7 secs

Best literal tipo_misto(D) (5.4 bits)


State (22/176 [3/55], 23.0 bits available)

				[= tried 1/1] 1.7 secs
				[tipo_testo tried 2/2] 1.7 secs
				[tipo_linea_orizzontale tried 2/2] 1.7 secs
				[tipo_misto tried 1/2] 1.7 secs
				[tipo_linea_obbliqua tried 2/2] 1.7 secs
				[tipo_immagine tried 2/2] 1.7 secs
				[tipo_vuoto tried 2/2] 1.7 secs
				[ultima_pagina tried 1/1] 1.7 secs
				[frame tried 4/5] 1.7 secs
				[pagina_1 tried 2/3] 1.7 secs
				[on_top tried 6/6] 1.7 secs
				[to_right tried 6/6] 1.7 secs
				[allineato_al_centro_verticale tried 5/6] 1.7 secs
				[allineato_al_centro_orizzontale tried 4/6] 1.7 secs
				[altezza_pagina tried 1/1] 1.7 secs
				[larghezza_pagina tried 1/1] 1.7 secs
				[altezza_rettangolo tried 2/2] 1.7 secs
				[ascissa_rettangolo tried 2/2] 1.7 secs
				[ordinata_rettangolo tried 2/2] 1.7 secs
				[larghezza_rettangolo tried 2/2] 1.7 secs
				[numero_pagine tried 1/1] 1.7 secs

Best literal on_top(D,E) (7.0 bits)


State (72/351 [3/52], 18.0 bits available)

				[= tried 3/3] 1.7 secs
				[tipo_testo tried 3/3] 1.7 secs
				[tipo_linea_orizzontale tried 3/3] 1.7 secs
				[tipo_misto tried 2/3] 1.7 secs
				[tipo_linea_obbliqua tried 3/3] 1.7 secs
				[tipo_immagine tried 3/3] 1.7 secs
				[tipo_vuoto tried 3/3] 1.7 secs
				[ultima_pagina tried 1/1] 1.7 secs
				[frame tried 5/6] 1.7 secs
				[pagina_1 tried 2/3] 1.7 secs
				[on_top tried 8/10] 1.7 secs
				[to_right tried 10/10] 1.7 secs
				[allineato_al_centro_verticale tried 9/10] 1.7 secs
				[allineato_al_centro_orizzontale tried 6/10] 1.7 secs
				[altezza_pagina tried 1/1] 1.7 secs
				[larghezza_pagina tried 1/1] 1.7 secs
				[altezza_rettangolo tried 2/2] 1.7 secs
				[ascissa_rettangolo tried 2/2] 1.7 secs
				[ordinata_rettangolo tried 2/2] 1.7 secs
				[larghezza_rettangolo tried 2/2] 1.7 secs
				[numero_pagine tried 1/1] 1.7 secs

	Save allineato_al_centro_verticale(F,C) (3,38 value 8.3)
	Save allineato_al_centro_verticale(F,D) (3,52 value 7.0)

Best literal on_top(D,C) (7.7 bits)


State (46/112 [2/18], 5.2 bits available)

				[= tried 3/3] 1.7 secs
				[tipo_testo tried 3/3] 1.7 secs
				[tipo_linea_orizzontale tried 3/3] 1.7 secs
				[tipo_misto tried 2/3] 1.7 secs
				[tipo_linea_obbliqua tried 3/3] 1.7 secs
				[tipo_immagine tried 3/3] 1.7 secs
				[tipo_vuoto tried 3/3] 1.7 secs
				[ultima_pagina tried 1/1] 1.7 secs
				[frame tried 5/6] 1.7 secs
				[pagina_1 tried 2/3] 1.7 secs
				[on_top tried 7/10] 1.7 secs
				[to_right tried 10/10] 1.7 secs
				[allineato_al_centro_verticale tried 7/10] 1.7 secs
				[allineato_al_centro_orizzontale tried 6/10] 1.7 secs
				[altezza_pagina tried 1/1] 1.7 secs
				[larghezza_pagina tried 1/1] 1.7 secs
				[altezza_rettangolo tried 2/2] 1.7 secs
				[ascissa_rettangolo tried 2/2] 1.7 secs
				[ordinata_rettangolo tried 2/2] 1.7 secs
				[larghezza_rettangolo tried 2/2] 1.7 secs
				[numero_pagine tried 1/1] 1.7 secs

	Save allineato_al_centro_verticale(F,C) (2,13 value 7.7)

Best literal on_top(C,F) (7.7 bits)


State (153/253 [2/15], 0.1 bits available)

				[= requires 8.0 bits]
				[tipo_testo requires 6.4 bits]
				[tipo_linea_orizzontale requires 6.4 bits]
				[tipo_misto requires 6.4 bits]
				[tipo_linea_obbliqua requires 6.4 bits]
				[tipo_immagine requires 6.4 bits]
				[tipo_vuoto requires 6.4 bits]
				[ultima_pagina requires 4.4 bits]
				[frame requires 7.4 bits]
				[pagina_1 requires 6.0 bits]
				[on_top requires 8.6 bits]
				[to_right requires 8.6 bits]
				[allineato_al_centro_verticale requires 8.6 bits]
				[allineato_al_centro_orizzontale requires 8.6 bits]
				[altezza_pagina requires 4.4 bits]
				[larghezza_pagina requires 4.4 bits]
				[altezza_rettangolo requires 6.0 bits]
				[ascissa_rettangolo requires 6.0 bits]
				[ordinata_rettangolo requires 6.0 bits]
				[larghezza_rettangolo requires 6.0 bits]
				[numero_pagine requires 4.4 bits]

No literals

Recover to class_elsevier(A) :- pagina_1(A,B), frame(B,C), allineato_al_centro_verticale(C,D), tipo_misto(D), on_top(D,E), allineato_al_centro_verticale(F,C).



State (161/489 [3/38], 12.6 bits available)

				[= tried 6/6] 1.7 secs
				[tipo_testo tried 4/4] 1.7 secs
				[tipo_linea_orizzontale tried 4/4] 1.7 secs
				[tipo_misto tried 3/4] 1.7 secs
				[tipo_linea_obbliqua tried 4/4] 1.7 secs
				[tipo_immagine tried 4/4] 1.7 secs
				[tipo_vuoto tried 4/4] 1.7 secs
				[ultima_pagina tried 1/1] 1.7 secs
				[frame tried 7/8] 1.7 secs
				[pagina_1 tried 2/3] 1.8 secs
				[on_top tried 16/18] 1.8 secs
				[to_right tried 18/18] 1.8 secs
				[allineato_al_centro_verticale tried 15/18] 1.8 secs
				[allineato_al_centro_orizzontale tried 9/18] 1.8 secs
				[altezza_pagina tried 1/1] 1.8 secs
				[larghezza_pagina tried 1/1] 1.8 secs
				[altezza_rettangolo tried 3/3] 1.8 secs
				[ascissa_rettangolo tried 3/3] 1.8 secs
				[ordinata_rettangolo tried 3/3] 1.8 secs
				[larghezza_rettangolo tried 3/3] 1.8 secs
				[numero_pagine tried 1/1] 1.8 secs

Best literal tipo_testo(E) (6.4 bits)


State (115/224 [3/24], 8.8 bits available)

				[= tried 6/6] 1.8 secs
				[tipo_testo tried 3/4] 1.8 secs
				[tipo_linea_orizzontale tried 4/4] 1.8 secs
				[tipo_misto tried 3/4] 1.8 secs
				[tipo_linea_obbliqua tried 4/4] 1.8 secs
				[tipo_immagine tried 4/4] 1.8 secs
				[tipo_vuoto tried 4/4] 1.8 secs
				[ultima_pagina tried 1/1] 1.8 secs
				[frame tried 7/8] 1.8 secs
				[pagina_1 tried 2/3] 1.8 secs
				[on_top tried 17/18] 1.8 secs
				[to_right tried 18/18] 1.8 secs
				[allineato_al_centro_verticale tried 12/18] 1.8 secs
				[allineato_al_centro_orizzontale tried 9/18] 1.8 secs
				[altezza_pagina tried 1/1] 1.8 secs
				[larghezza_pagina tried 1/1] 1.8 secs
				[altezza_rettangolo tried 3/3] 1.8 secs
				[ascissa_rettangolo tried 3/3] 1.8 secs
				[ordinata_rettangolo tried 3/3] 1.8 secs
				[larghezza_rettangolo tried 3/3] 1.8 secs
				[numero_pagine tried 1/1] 1.8 secs

	Save to_right(C,E) (3,11 value 13.4)
	Save on_top(D,G) (3,24 value 10.3)

Best literal to_right(D,E) (8.6 bits)


State (70/83 [3/11], 3.1 bits available)

				[= requires 8.0 bits]
				[tipo_testo requires 6.4 bits]
				[tipo_linea_orizzontale requires 6.4 bits]
				[tipo_misto requires 6.4 bits]
				[tipo_linea_obbliqua requires 6.4 bits]
				[tipo_immagine requires 6.4 bits]
				[tipo_vuoto requires 6.4 bits]
				[ultima_pagina tried 1/1] 1.8 secs
				[frame requires 7.4 bits]
				[pagina_1 tried 2/3] 1.8 secs
				[on_top requires 8.6 bits]
				[to_right requires 8.6 bits]
				[allineato_al_centro_verticale requires 8.6 bits]
				[allineato_al_centro_orizzontale requires 8.6 bits]
				[altezza_pagina tried 1/1] 1.8 secs
				[larghezza_pagina tried 1/1] 1.8 secs
				[altezza_rettangolo tried 3/3] 1.8 secs
				[ascissa_rettangolo tried 3/3] 1.8 secs
				[ordinata_rettangolo tried 3/3] 1.8 secs
				[larghezza_rettangolo tried 3/3] 1.8 secs
				[numero_pagine tried 1/1] 1.8 secs

No literals

Recover to class_elsevier(A) :- pagina_1(A,B), frame(B,C), allineato_al_centro_verticale(C,D), tipo_misto(D), on_top(D,E), allineato_al_centro_verticale(F,C), tipo_testo(E), to_right(C,E).



State (65/77 [3/11], 3.1 bits available)

				[= requires 8.0 bits]
				[tipo_testo requires 6.4 bits]
				[tipo_linea_orizzontale requires 6.4 bits]
				[tipo_misto requires 6.4 bits]
				[tipo_linea_obbliqua requires 6.4 bits]
				[tipo_immagine requires 6.4 bits]
				[tipo_vuoto requires 6.4 bits]
				[ultima_pagina tried 1/1] 1.8 secs
				[frame requires 7.4 bits]
				[pagina_1 tried 2/3] 1.8 secs
				[on_top requires 8.6 bits]
				[to_right requires 8.6 bits]
				[allineato_al_centro_verticale requires 8.6 bits]
				[allineato_al_centro_orizzontale requires 8.6 bits]
				[altezza_pagina tried 1/1] 1.8 secs
				[larghezza_pagina tried 1/1] 1.8 secs
				[altezza_rettangolo tried 3/3] 1.8 secs
				[ascissa_rettangolo tried 3/3] 1.8 secs
				[ordinata_rettangolo tried 3/3] 1.8 secs
				[larghezza_rettangolo tried 3/3] 1.8 secs
				[numero_pagine tried 1/1] 1.8 secs

No literals

Recover to class_elsevier(A) :- pagina_1(A,B), frame(B,C), allineato_al_centro_verticale(C,D), tipo_misto(D), on_top(D,E), allineato_al_centro_verticale(F,C), tipo_testo(E), on_top(D,G).



State (626/922 [3/24], 3.1 bits available, 1 weak literal)

				[= requires 8.7 bits]
				[tipo_testo requires 6.7 bits]
				[tipo_linea_orizzontale requires 6.7 bits]
				[tipo_misto requires 6.7 bits]
				[tipo_linea_obbliqua requires 6.7 bits]
				[tipo_immagine requires 6.7 bits]
				[tipo_vuoto requires 6.7 bits]
				[ultima_pagina tried 1/1] 1.8 secs
				[frame requires 7.6 bits]
				[pagina_1 tried 2/3] 1.8 secs
				[on_top requires 9.1 bits]
				[to_right requires 9.1 bits]
				[allineato_al_centro_verticale requires 9.1 bits]
				[allineato_al_centro_orizzontale requires 9.1 bits]
				[altezza_pagina tried 1/1] 1.8 secs
				[larghezza_pagina tried 1/1] 1.8 secs
				[altezza_rettangolo tried 3/3] 1.8 secs
				[ascissa_rettangolo tried 3/3] 1.8 secs
				[ordinata_rettangolo tried 3/3] 1.8 secs
				[larghezza_rettangolo tried 3/3] 1.8 secs
				[numero_pagine tried 1/1] 1.8 secs

No literals

Recover to class_elsevier(A) :- pagina_1(A,B), frame(B,C), allineato_al_centro_verticale(C,D), tipo_misto(D), on_top(D,E), on_top(D,C), allineato_al_centro_verticale(F,C).



State (111/180 [2/13], 0.1 bits available)

				[= requires 8.0 bits]
				[tipo_testo requires 6.4 bits]
				[tipo_linea_orizzontale requires 6.4 bits]
				[tipo_misto requires 6.4 bits]
				[tipo_linea_obbliqua requires 6.4 bits]
				[tipo_immagine requires 6.4 bits]
				[tipo_vuoto requires 6.4 bits]
				[ultima_pagina requires 4.4 bits]
				[frame requires 7.4 bits]
				[pagina_1 requires 6.0 bits]
				[on_top requires 8.6 bits]
				[to_right requires 8.6 bits]
				[allineato_al_centro_verticale requires 8.6 bits]
				[allineato_al_centro_orizzontale requires 8.6 bits]
				[altezza_pagina requires 4.4 bits]
				[larghezza_pagina requires 4.4 bits]
				[altezza_rettangolo requires 6.0 bits]
				[ascissa_rettangolo requires 6.0 bits]
				[ordinata_rettangolo requires 6.0 bits]
				[larghezza_rettangolo requires 6.0 bits]
				[numero_pagine requires 4.4 bits]

No literals

Initial clause (11 errs): class_elsevier(A) :- pagina_1(A,B), frame(B,C), allineato_al_centro_verticale(C,D), tipo_misto(D), on_top(D,E), on_top(D,C), allineato_al_centro_verticale(F,C).
		allineato_al_centro_verticale(C,D) needed for binding tipo_misto(D)
		frame(B,C) needed for binding allineato_al_centro_verticale(C,D)
		pagina_1(A,B) needed for binding frame(B,C)

Clause too inaccurate (2/13)

Delete clause
	class_elsevier(A) :- pagina_1(A,B), frame(B,C), tipo_linea_orizzontale(C), allineato_al_centro_verticale(C,D), allineato_al_centro_verticale(D,E), on_top(D,C).

***  Warning: the following definition
***  does not cover 3 tuples in the relation

class_elsevier(A) :- pagina_1(A,B), frame(B,C), allineato_al_centro_verticale(C,D), allineato_al_centro_verticale(E,D), allineato_al_centro_verticale(F,C), allineato_al_centro_verticale(E,F), allineato_al_centro_verticale(D,H), tipo_linea_orizzontale(C).
class_elsevier(A) :- pagina_1(A,B), frame(B,C), allineato_al_centro_verticale(D,C), tipo_misto(D), on_top(D,E), on_top(D,C), on_top(C,F), on_top(F,G), allineato_al_centro_verticale(E,D).
class_elsevier(A) :- pagina_1(A,B), frame(B,C), allineato_al_centro_verticale(C,D), tipo_misto(C), tipo_linea_orizzontale(D).

Time 1.8 secs

Test relation class_elsevier
    (+)	sciserv2
    (+)	sciserv7
    (-)	d37290368
Summary: 3 errors in 35 trials
