FOIL 6.4   [January 1996]
--------

    Options:
	no negated literals
	verbosity level 2

Types Documento and Pagina are not compatible
Types Documento and Frame are not compatible
Types Documento and NumeroPagine are not compatible
Types Documento and LarghezzaPagina are not compatible
Types Documento and AltezzaPagina are not compatible
Types Documento and AscissaRettangolo are not compatible
Types Documento and OrdinataRettangolo are not compatible
Types Documento and LarghezzaRettangolo are not compatible
Types Documento and AltezzaRettangolo are not compatible
Types Pagina and Frame are not compatible
Types Pagina and NumeroPagine are not compatible
Types Pagina and LarghezzaPagina are not compatible
Types Pagina and AltezzaPagina are not compatible
Types Pagina and AscissaRettangolo are not compatible
Types Pagina and OrdinataRettangolo are not compatible
Types Pagina and LarghezzaRettangolo are not compatible
Types Pagina and AltezzaRettangolo are not compatible
Types Frame and NumeroPagine are not compatible
Types Frame and LarghezzaPagina are not compatible
Types Frame and AltezzaPagina are not compatible
Types Frame and AscissaRettangolo are not compatible
Types Frame and OrdinataRettangolo are not compatible
Types Frame and LarghezzaRettangolo are not compatible
Types Frame and AltezzaRettangolo are not compatible
Types NumeroPagine and LarghezzaPagina are not compatible
Types NumeroPagine and AltezzaPagina are not compatible
Types NumeroPagine and AscissaRettangolo are not compatible
Types NumeroPagine and OrdinataRettangolo are not compatible
Types NumeroPagine and LarghezzaRettangolo are not compatible
Types NumeroPagine and AltezzaRettangolo are not compatible
Types LarghezzaPagina and AltezzaPagina are not compatible
Types LarghezzaPagina and AscissaRettangolo are not compatible
Types LarghezzaPagina and OrdinataRettangolo are not compatible
Types LarghezzaPagina and LarghezzaRettangolo are not compatible
Types LarghezzaPagina and AltezzaRettangolo are not compatible
Types AltezzaPagina and AscissaRettangolo are not compatible
Types AltezzaPagina and OrdinataRettangolo are not compatible
Types AltezzaPagina and LarghezzaRettangolo are not compatible
Types AltezzaPagina and AltezzaRettangolo are not compatible
Types AscissaRettangolo and OrdinataRettangolo are not compatible
Types AscissaRettangolo and LarghezzaRettangolo are not compatible
Types AscissaRettangolo and AltezzaRettangolo are not compatible
Types OrdinataRettangolo and LarghezzaRettangolo are not compatible
Types OrdinataRettangolo and AltezzaRettangolo are not compatible
Types LarghezzaRettangolo and AltezzaRettangolo are not compatible

Relation class_elsevier

Relation *allineato_al_centro_orizzontale

Relation *allineato_al_centro_verticale

Relation *altezza_pagina

Relation *larghezza_pagina

Relation *altezza_rettangolo

Relation *ascissa_rettangolo

Relation *ordinata_rettangolo

Relation *larghezza_rettangolo

Relation *frame

Relation *numero_pagine

Relation *on_top

Relation *to_right

Relation *pagina_1

Relation *ultima_pagina

Relation *tipo_immagine

Relation *tipo_linea_obbliqua

Relation *tipo_linea_orizzontale

Relation *tipo_misto

Relation *tipo_testo

Relation *tipo_vuoto

----------
class_elsevier:

State (55/318, 237.1 bits available)

				[pagina_1 tried 1/1] 0.1 secs
				[numero_pagine tried 1/1] 0.1 secs

Determinate literals
	pagina_1(A,B)


State (55/318, 237.1 bits available, 1 weak literal)

				[ultima_pagina tried 1/1] 0.1 secs
				[frame tried 1/1] 0.1 secs
				[pagina_1 tried 1/3] 0.1 secs
				[altezza_pagina tried 1/1] 0.1 secs
				[larghezza_pagina tried 1/1] 0.1 secs
				[numero_pagine tried 1/1] 0.1 secs

Best literal frame(B,C) (2.6 bits)


State (699/3498 [55/318], 234.5 bits available, 2 weak literals)

				[tipo_testo tried 1/1] 0.1 secs
				[tipo_linea_orizzontale tried 1/1] 0.1 secs
				[tipo_misto tried 1/1] 0.1 secs
				[tipo_linea_obbliqua tried 1/1] 0.1 secs
				[tipo_immagine tried 1/1] 0.1 secs
				[tipo_vuoto tried 1/1] 0.1 secs
				[ultima_pagina tried 1/1] 0.1 secs
				[frame tried 1/3] 0.1 secs
				[pagina_1 tried 2/3] 0.1 secs
				[on_top tried 2/2] 0.1 secs
				[to_right tried 2/2] 0.1 secs
				[allineato_al_centro_verticale tried 2/2] 0.1 secs
				[allineato_al_centro_orizzontale tried 2/2] 0.1 secs
				[altezza_pagina tried 1/1] 0.1 secs
				[larghezza_pagina tried 1/1] 0.1 secs
				[altezza_rettangolo tried 1/1] 0.1 secs
				[ascissa_rettangolo tried 1/1] 0.1 secs
				[ordinata_rettangolo tried 1/1] 0.1 secs
				[larghezza_rettangolo tried 1/1] 0.1 secs
				[numero_pagine tried 1/1] 0.1 secs

	Save allineato_al_centro_verticale(D,C) (55,317 value 0.2)
	Save tipo_linea_orizzontale(C) (46,61 value 97.1)

Best literal allineato_al_centro_verticale(C,D) (5.3 bits)


State (1896/4974 [55/317], 230.2 bits available)

				[= tried 1/1] 0.1 secs
				[tipo_testo tried 2/2] 0.1 secs
				[tipo_linea_orizzontale tried 2/2] 0.1 secs
				[tipo_misto tried 2/2] 0.1 secs
				[tipo_linea_obbliqua tried 2/2] 0.1 secs
				[tipo_immagine tried 2/2] 0.1 secs
				[tipo_vuoto tried 2/2] 0.1 secs
				[ultima_pagina tried 1/1] 0.1 secs
				[frame tried 4/5] 0.1 secs
				[pagina_1 tried 2/3] 0.1 secs
				[on_top tried 6/6] 0.1 secs
				[to_right tried 6/6] 0.1 secs
				[allineato_al_centro_verticale tried 4/6] 0.1 secs
				[allineato_al_centro_orizzontale tried 4/6] 0.1 secs
				[altezza_pagina tried 1/1] 0.1 secs
				[larghezza_pagina tried 1/1] 0.1 secs
				[altezza_rettangolo tried 2/2] 0.1 secs
				[ascissa_rettangolo tried 2/2] 0.1 secs
				[ordinata_rettangolo tried 2/2] 0.1 secs
				[larghezza_rettangolo tried 2/2] 0.1 secs
				[numero_pagine tried 1/1] 0.1 secs

	Save clause ending with tipo_linea_orizzontale(C) (cover 46, accuracy 92%)

	Save allineato_al_centro_verticale(E,C) (55,311 value 1.8)
	Save allineato_al_centro_verticale(D,E) (55,311 value 1.8)

Best literal allineato_al_centro_verticale(E,D) (7.0 bits)


State (10768/20736 [55/317], 224.8 bits available, 1 weak literal)

				[= tried 3/3] 0.1 secs
				[tipo_testo tried 3/3] 0.1 secs
				[tipo_linea_orizzontale tried 3/3] 0.1 secs
				[tipo_misto tried 3/3] 0.1 secs
				[tipo_linea_obbliqua tried 3/3] 0.1 secs
				[tipo_immagine tried 3/3] 0.1 secs
				[tipo_vuoto tried 3/3] 0.1 secs
				[ultima_pagina tried 1/1] 0.1 secs
				[frame tried 5/6] 0.1 secs
				[pagina_1 tried 2/3] 0.1 secs
				[on_top tried 10/10] 0.1 secs
				[to_right tried 10/10] 0.2 secs
				[allineato_al_centro_verticale tried 7/10] 0.2 secs
				[allineato_al_centro_orizzontale tried 6/10] 0.2 secs
				[altezza_pagina tried 1/1] 0.2 secs
				[larghezza_pagina tried 1/1] 0.2 secs
				[altezza_rettangolo tried 2/2] 0.2 secs
				[ascissa_rettangolo tried 2/2] 0.2 secs
				[ordinata_rettangolo tried 2/2] 0.2 secs
				[larghezza_rettangolo tried 2/2] 0.2 secs
				[numero_pagine tried 1/1] 0.2 secs

	Save allineato_al_centro_verticale(C,F) (55,317 value 0.2)
	Save allineato_al_centro_verticale(D,F) (55,311 value 1.8)

Best literal allineato_al_centro_verticale(F,C) (7.7 bits)


State (30232/45066 [55/311], 219.1 bits available)

				[= tried 6/6] 0.2 secs
				[tipo_testo tried 4/4] 0.2 secs
				[tipo_linea_orizzontale tried 4/4] 0.2 secs
				[tipo_misto tried 4/4] 0.2 secs
				[tipo_linea_obbliqua tried 4/4] 0.2 secs
				[tipo_immagine tried 4/4] 0.2 secs
				[tipo_vuoto tried 4/4] 0.2 secs
				[ultima_pagina tried 1/1] 0.2 secs
				[frame tried 7/8] 0.2 secs
				[pagina_1 tried 2/3] 0.2 secs
				[on_top tried 18/18] 0.3 secs
				[to_right tried 18/18] 0.3 secs
				[allineato_al_centro_verticale tried 13/18] 0.4 secs
				[allineato_al_centro_orizzontale tried 9/18] 0.4 secs
				[altezza_pagina tried 1/1] 0.4 secs
				[larghezza_pagina tried 1/1] 0.4 secs
				[altezza_rettangolo tried 3/3] 0.4 secs
				[ascissa_rettangolo tried 3/3] 0.4 secs
				[ordinata_rettangolo tried 3/3] 0.4 secs
				[larghezza_rettangolo tried 3/3] 0.4 secs
				[numero_pagine tried 1/1] 0.4 secs

	Save clause ending with tipo_linea_orizzontale(C) (cover 46, accuracy 93%)

	Save allineato_al_centro_verticale(D,G) (55,288 value 7.8)

Best literal allineato_al_centro_verticale(G,F) (8.6 bits)


State (53951/67688 [55/288], 212.8 bits available)

				[= tried 10/10] 0.4 secs
				[tipo_testo tried 5/5] 0.4 secs
				[tipo_linea_orizzontale tried 5/5] 0.4 secs
				[tipo_misto tried 5/5] 0.4 secs
				[tipo_linea_obbliqua tried 5/5] 0.4 secs
				[tipo_immagine tried 5/5] 0.4 secs
				[tipo_vuoto tried 5/5] 0.5 secs
				[ultima_pagina tried 1/1] 0.5 secs
				[frame tried 8/9] 0.5 secs
				[pagina_1 tried 2/3] 0.5 secs
				[on_top tried 26/26] 0.6 secs
				[to_right tried 26/26] 0.7 secs
				[allineato_al_centro_verticale tried 20/26] 0.8 secs
				[allineato_al_centro_orizzontale tried 14/26] 0.8 secs
				[altezza_pagina tried 1/1] 0.8 secs
				[larghezza_pagina tried 1/1] 0.8 secs
				[altezza_rettangolo tried 3/3] 0.8 secs
				[ascissa_rettangolo tried 3/3] 0.8 secs
				[ordinata_rettangolo tried 3/3] 0.8 secs
				[larghezza_rettangolo tried 3/3] 0.8 secs
				[numero_pagine tried 1/1] 0.8 secs

	Save clause ending with tipo_linea_orizzontale(F) (cover 45, accuracy 97%)

	Save tipo_linea_orizzontale(C) (41,44 value 98.8)
	Save tipo_linea_orizzontale(D) (38,40 value 92.6)
	Save tipo_linea_orizzontale(F) (45,46 value 111.6)

Best literal allineato_al_centro_verticale(D,H) (9.1 bits)


State (51531/58206 [55/231], 206.3 bits available)

				[= tried 15/15] 0.8 secs
				[tipo_testo tried 6/6] 0.9 secs
				[tipo_linea_orizzontale tried 6/6] 0.9 secs
				[tipo_misto tried 6/6] 0.9 secs
				[tipo_linea_obbliqua tried 6/6] 0.9 secs
				[tipo_immagine tried 6/6] 0.9 secs
				[tipo_vuoto tried 6/6] 0.9 secs
				[ultima_pagina tried 1/1] 0.9 secs
				[frame tried 9/10] 0.9 secs
				[pagina_1 tried 2/3] 0.9 secs
				[on_top tried 36/36] 1.1 secs
				[to_right tried 36/36] 1.2 secs
				[allineato_al_centro_verticale tried 28/36] 1.3 secs
				[allineato_al_centro_orizzontale tried 21/36] 1.3 secs
				[altezza_pagina tried 1/1] 1.3 secs
				[larghezza_pagina tried 1/1] 1.3 secs
				[altezza_rettangolo tried 3/3] 1.3 secs
				[ascissa_rettangolo tried 3/3] 1.3 secs
				[ordinata_rettangolo tried 3/3] 1.3 secs
				[larghezza_rettangolo tried 3/3] 1.3 secs
				[numero_pagine tried 1/1] 1.3 secs

	Save clause ending with tipo_linea_orizzontale(D) (cover 36, accuracy 100%)

	Save tipo_linea_orizzontale(D) (36,36 value 90.4)
	Save tipo_linea_orizzontale(H) (35,35 value 87.9)

Best literal tipo_linea_orizzontale(C) (7.0 bits)


State (11807/11809 [40/41], 160.8 bits available)

				[= tried 15/15] 1.3 secs
				[tipo_testo tried 6/6] 1.3 secs
				[tipo_linea_orizzontale tried 5/6] 1.3 secs
				[tipo_misto tried 6/6] 1.3 secs
				[tipo_linea_obbliqua tried 6/6] 1.3 secs
				[tipo_immagine tried 6/6] 1.3 secs
				[tipo_vuoto tried 6/6] 1.3 secs
				[ultima_pagina tried 1/1] 1.3 secs
				[frame tried 9/10] 1.4 secs
				[pagina_1 tried 2/3] 1.4 secs
				[on_top tried 36/36] 1.4 secs
				[to_right tried 36/36] 1.4 secs
				[allineato_al_centro_verticale tried 28/36] 1.4 secs
				[allineato_al_centro_orizzontale tried 21/36] 1.4 secs
				[altezza_pagina tried 1/1] 1.4 secs
				[larghezza_pagina tried 1/1] 1.4 secs
				[altezza_rettangolo tried 3/3] 1.4 secs
				[ascissa_rettangolo tried 3/3] 1.4 secs
				[ordinata_rettangolo tried 3/3] 1.4 secs
				[larghezza_rettangolo tried 3/3] 1.4 secs
				[numero_pagine tried 1/1] 1.4 secs

	Save clause ending with E=G (cover 40, accuracy 100%)

Best literal allineato_al_centro_verticale(G,D) (9.6 bits)

[Replace by saved clause]

Initial clause (0 errs): class_elsevier(A) :- pagina_1(A,B), frame(B,C), allineato_al_centro_verticale(C,D), allineato_al_centro_verticale(E,D), allineato_al_centro_verticale(F,C), allineato_al_centro_verticale(G,F), allineato_al_centro_verticale(D,H), tipo_linea_orizzontale(C), E=G.
		allineato_al_centro_verticale(C,D) needed for binding allineato_al_centro_verticale(E,D)
		frame(B,C) needed for binding allineato_al_centro_verticale(C,D)
		pagina_1(A,B) needed for binding frame(B,C)

Clause 0: class_elsevier(A) :- pagina_1(A,B), frame(B,C), allineato_al_centro_verticale(C,D), allineato_al_centro_verticale(E,D), allineato_al_centro_verticale(F,C), allineato_al_centro_verticale(E,F), allineato_al_centro_verticale(D,H), tipo_linea_orizzontale(C).

State (15/278, 101.5 bits available)

				[pagina_1 tried 1/1] 1.5 secs
				[numero_pagine tried 1/1] 1.5 secs

Determinate literals
	pagina_1(A,B)


State (15/278, 101.5 bits available, 1 weak literal)

				[ultima_pagina tried 1/1] 1.5 secs
				[frame tried 1/1] 1.5 secs
				[pagina_1 tried 1/3] 1.5 secs
				[altezza_pagina tried 1/1] 1.5 secs
				[larghezza_pagina tried 1/1] 1.5 secs
				[numero_pagine tried 1/1] 1.5 secs

Best literal frame(B,C) (2.6 bits)


State (147/2946 [15/278], 98.9 bits available, 2 weak literals)

				[tipo_testo tried 1/1] 1.5 secs
				[tipo_linea_orizzontale tried 1/1] 1.5 secs
				[tipo_misto tried 1/1] 1.5 secs
				[tipo_linea_obbliqua tried 1/1] 1.5 secs
				[tipo_immagine tried 1/1] 1.5 secs
				[tipo_vuoto tried 1/1] 1.5 secs
				[ultima_pagina tried 1/1] 1.5 secs
				[frame tried 1/3] 1.5 secs
				[pagina_1 tried 2/3] 1.5 secs
				[on_top tried 2/2] 1.5 secs
				[to_right tried 2/2] 1.5 secs
				[allineato_al_centro_verticale tried 2/2] 1.5 secs
				[allineato_al_centro_orizzontale tried 2/2] 1.5 secs
				[altezza_pagina tried 1/1] 1.5 secs
				[larghezza_pagina tried 1/1] 1.5 secs
				[altezza_rettangolo tried 1/1] 1.5 secs
				[ascissa_rettangolo tried 1/1] 1.5 secs
				[ordinata_rettangolo tried 1/1] 1.5 secs
				[larghezza_rettangolo tried 1/1] 1.5 secs
				[numero_pagine tried 1/1] 1.5 secs

	Save allineato_al_centro_verticale(C,D) (15,277 value 0.1)
	Save tipo_linea_orizzontale(C) (6,21 value 14.8)

Best literal allineato_al_centro_verticale(D,C) (5.3 bits)


State (323/3401 [15/277], 94.6 bits available)

				[= tried 1/1] 1.5 secs
				[tipo_testo tried 2/2] 1.5 secs
				[tipo_linea_orizzontale tried 2/2] 1.5 secs
				[tipo_misto tried 2/2] 1.5 secs
				[tipo_linea_obbliqua tried 2/2] 1.5 secs
				[tipo_immagine tried 2/2] 1.5 secs
				[tipo_vuoto tried 2/2] 1.5 secs
				[ultima_pagina tried 1/1] 1.5 secs
				[frame tried 4/5] 1.5 secs
				[pagina_1 tried 2/3] 1.5 secs
				[on_top tried 6/6] 1.5 secs
				[to_right tried 6/6] 1.5 secs
				[allineato_al_centro_verticale tried 4/6] 1.5 secs
				[allineato_al_centro_orizzontale tried 6/6] 1.5 secs
				[altezza_pagina tried 1/1] 1.5 secs
				[larghezza_pagina tried 1/1] 1.5 secs
				[altezza_rettangolo tried 2/2] 1.5 secs
				[ascissa_rettangolo tried 2/2] 1.5 secs
				[ordinata_rettangolo tried 2/2] 1.5 secs
				[larghezza_rettangolo tried 2/2] 1.5 secs
				[numero_pagine tried 1/1] 1.5 secs

	Save allineato_al_centro_verticale(D,E) (15,277 value 0.1)
	Save allineato_al_centro_verticale(E,D) (15,271 value 0.5)
	Save allineato_al_centro_verticale(C,E) (15,271 value 0.5)

Best literal tipo_misto(D) (5.4 bits)


State (89/282 [13/65], 81.1 bits available)

				[= tried 1/1] 1.5 secs
				[tipo_testo tried 2/2] 1.5 secs
				[tipo_linea_orizzontale tried 2/2] 1.5 secs
				[tipo_misto tried 1/2] 1.5 secs
				[tipo_linea_obbliqua tried 2/2] 1.5 secs
				[tipo_immagine tried 2/2] 1.5 secs
				[tipo_vuoto tried 2/2] 1.5 secs
				[ultima_pagina tried 1/1] 1.5 secs
				[frame tried 4/5] 1.5 secs
				[pagina_1 tried 2/3] 1.5 secs
				[on_top tried 6/6] 1.5 secs
				[to_right tried 6/6] 1.5 secs
				[allineato_al_centro_verticale tried 5/6] 1.5 secs
				[allineato_al_centro_orizzontale tried 4/6] 1.5 secs
				[altezza_pagina tried 1/1] 1.5 secs
				[larghezza_pagina tried 1/1] 1.5 secs
				[altezza_rettangolo tried 2/2] 1.5 secs
				[ascissa_rettangolo tried 2/2] 1.5 secs
				[ordinata_rettangolo tried 2/2] 1.5 secs
				[larghezza_rettangolo tried 2/2] 1.5 secs
				[numero_pagine tried 1/1] 1.5 secs

	Save clause ending with tipo_linea_orizzontale(C) (cover 3, accuracy 100%)

	Save on_top(D,C) (13,29 value 39.3)

Best literal on_top(D,E) (7.0 bits)


State (530/922 [13/61], 76.1 bits available)

				[= tried 3/3] 1.5 secs
				[tipo_testo tried 3/3] 1.5 secs
				[tipo_linea_orizzontale tried 3/3] 1.5 secs
				[tipo_misto tried 2/3] 1.5 secs
				[tipo_linea_obbliqua tried 3/3] 1.5 secs
				[tipo_immagine tried 3/3] 1.5 secs
				[tipo_vuoto tried 3/3] 1.5 secs
				[ultima_pagina tried 1/1] 1.5 secs
				[frame tried 5/6] 1.5 secs
				[pagina_1 tried 2/3] 1.5 secs
				[on_top tried 8/10] 1.5 secs
				[to_right tried 10/10] 1.5 secs
				[allineato_al_centro_verticale tried 9/10] 1.5 secs
				[allineato_al_centro_orizzontale tried 6/10] 1.5 secs
				[altezza_pagina tried 1/1] 1.5 secs
				[larghezza_pagina tried 1/1] 1.5 secs
				[altezza_rettangolo tried 2/2] 1.5 secs
				[ascissa_rettangolo tried 2/2] 1.5 secs
				[ordinata_rettangolo tried 2/2] 1.5 secs
				[larghezza_rettangolo tried 2/2] 1.5 secs
				[numero_pagine tried 1/1] 1.5 secs

Best literal on_top(D,C) (7.7 bits)


State (471/564 [13/29], 70.8 bits available)

				[= tried 3/3] 1.5 secs
				[tipo_testo tried 3/3] 1.5 secs
				[tipo_linea_orizzontale tried 3/3] 1.5 secs
				[tipo_misto tried 2/3] 1.5 secs
				[tipo_linea_obbliqua tried 3/3] 1.5 secs
				[tipo_immagine tried 3/3] 1.5 secs
				[tipo_vuoto tried 3/3] 1.5 secs
				[ultima_pagina tried 1/1] 1.5 secs
				[frame tried 5/6] 1.5 secs
				[pagina_1 tried 2/3] 1.5 secs
				[on_top tried 7/10] 1.5 secs
				[to_right tried 10/10] 1.5 secs
				[allineato_al_centro_verticale tried 9/10] 1.5 secs
				[allineato_al_centro_orizzontale tried 6/10] 1.5 secs
				[altezza_pagina tried 1/1] 1.5 secs
				[larghezza_pagina tried 1/1] 1.5 secs
				[altezza_rettangolo tried 2/2] 1.5 secs
				[ascissa_rettangolo tried 2/2] 1.5 secs
				[ordinata_rettangolo tried 2/2] 1.5 secs
				[larghezza_rettangolo tried 2/2] 1.5 secs
				[numero_pagine tried 1/1] 1.5 secs

Best literal on_top(C,F) (7.7 bits)


State (2149/2282 [13/28], 65.6 bits available)

				[= tried 6/6] 1.5 secs
				[tipo_testo tried 4/4] 1.5 secs
				[tipo_linea_orizzontale tried 4/4] 1.5 secs
				[tipo_misto tried 3/4] 1.5 secs
				[tipo_linea_obbliqua tried 4/4] 1.5 secs
				[tipo_immagine tried 4/4] 1.5 secs
				[tipo_vuoto tried 4/4] 1.5 secs
				[ultima_pagina tried 1/1] 1.5 secs
				[frame tried 7/8] 1.5 secs
				[pagina_1 tried 2/3] 1.5 secs
				[on_top tried 13/18] 1.5 secs
				[to_right tried 18/18] 1.5 secs
				[allineato_al_centro_verticale tried 17/18] 1.5 secs
				[allineato_al_centro_orizzontale tried 9/18] 1.5 secs
				[altezza_pagina tried 1/1] 1.5 secs
				[larghezza_pagina tried 1/1] 1.5 secs
				[altezza_rettangolo tried 3/3] 1.5 secs
				[ascissa_rettangolo tried 3/3] 1.5 secs
				[ordinata_rettangolo tried 3/3] 1.5 secs
				[larghezza_rettangolo tried 3/3] 1.5 secs
				[numero_pagine tried 1/1] 1.5 secs

Best literal on_top(F,G) (8.6 bits)


State (5669/5722 [12/20], 54.9 bits available)

				[= tried 10/10] 1.5 secs
				[tipo_testo tried 5/5] 1.5 secs
				[tipo_linea_orizzontale tried 5/5] 1.5 secs
				[tipo_misto tried 4/5] 1.5 secs
				[tipo_linea_obbliqua tried 5/5] 1.5 secs
				[tipo_immagine tried 5/5] 1.5 secs
				[tipo_vuoto tried 5/5] 1.5 secs
				[ultima_pagina tried 1/1] 1.5 secs
				[frame tried 8/9] 1.5 secs
				[pagina_1 tried 2/3] 1.5 secs
				[on_top tried 20/26] 1.5 secs
				[to_right tried 26/26] 1.5 secs
				[allineato_al_centro_verticale tried 25/26] 1.5 secs
				[allineato_al_centro_orizzontale tried 14/26] 1.5 secs
				[altezza_pagina tried 1/1] 1.5 secs
				[larghezza_pagina tried 1/1] 1.5 secs
				[altezza_rettangolo tried 3/3] 1.5 secs
				[ascissa_rettangolo tried 3/3] 1.5 secs
				[ordinata_rettangolo tried 3/3] 1.5 secs
				[larghezza_rettangolo tried 3/3] 1.5 secs
				[numero_pagine tried 1/1] 1.5 secs

	Save clause ending with tipo_linea_orizzontale(G) (cover 4, accuracy 100%)

	Save tipo_testo(C) (12,14 value 47.0)

Best literal tipo_linea_orizzontale(G) (6.7 bits)

Initial clause (0 errs): class_elsevier(A) :- pagina_1(A,B), frame(B,C), allineato_al_centro_verticale(D,C), tipo_misto(D), on_top(D,E), on_top(D,C), on_top(C,F), on_top(F,G), tipo_linea_orizzontale(G).
		on_top(F,G) needed for binding tipo_linea_orizzontale(G)
		on_top(C,F) needed for binding on_top(F,G)
		allineato_al_centro_verticale(D,C) needed for binding tipo_misto(D)
		frame(B,C) needed for binding allineato_al_centro_verticale(D,C)
		pagina_1(A,B) needed for binding frame(B,C)

Clause 1: class_elsevier(A) :- pagina_1(A,B), frame(B,C), allineato_al_centro_verticale(D,C), tipo_misto(D), on_top(D,C), on_top(C,E), on_top(E,F), tipo_linea_orizzontale(F).

State (11/274, 81.7 bits available)

				[pagina_1 tried 1/1] 1.5 secs
				[numero_pagine tried 1/1] 1.5 secs

Determinate literals
	pagina_1(A,B)


State (11/274, 81.7 bits available, 1 weak literal)

				[ultima_pagina tried 1/1] 1.5 secs
				[frame tried 1/1] 1.5 secs
				[pagina_1 tried 1/3] 1.5 secs
				[altezza_pagina tried 1/1] 1.5 secs
				[larghezza_pagina tried 1/1] 1.5 secs
				[numero_pagine tried 1/1] 1.5 secs

Best literal frame(B,C) (2.6 bits)


State (99/2898 [11/274], 79.1 bits available, 2 weak literals)

				[tipo_testo tried 1/1] 1.5 secs
				[tipo_linea_orizzontale tried 1/1] 1.5 secs
				[tipo_misto tried 1/1] 1.5 secs
				[tipo_linea_obbliqua tried 1/1] 1.5 secs
				[tipo_immagine tried 1/1] 1.5 secs
				[tipo_vuoto tried 1/1] 1.5 secs
				[ultima_pagina tried 1/1] 1.5 secs
				[frame tried 1/3] 1.5 secs
				[pagina_1 tried 2/3] 1.5 secs
				[on_top tried 2/2] 1.5 secs
				[to_right tried 2/2] 1.6 secs
				[allineato_al_centro_verticale tried 2/2] 1.6 secs
				[allineato_al_centro_orizzontale tried 2/2] 1.6 secs
				[altezza_pagina tried 1/1] 1.6 secs
				[larghezza_pagina tried 1/1] 1.6 secs
				[altezza_rettangolo tried 1/1] 1.6 secs
				[ascissa_rettangolo tried 1/1] 1.6 secs
				[ordinata_rettangolo tried 1/1] 1.6 secs
				[larghezza_rettangolo tried 1/1] 1.6 secs
				[numero_pagine tried 1/1] 1.6 secs

	Save allineato_al_centro_verticale(D,C) (11,273 value 0.1)
	Save tipo_misto(C) (11,103 value 15.4)

Best literal allineato_al_centro_verticale(C,D) (5.3 bits)


State (232/3310 [11/273], 74.8 bits available)

				[= tried 1/1] 1.6 secs
				[tipo_testo tried 2/2] 1.6 secs
				[tipo_linea_orizzontale tried 2/2] 1.6 secs
				[tipo_misto tried 2/2] 1.6 secs
				[tipo_linea_obbliqua tried 2/2] 1.6 secs
				[tipo_immagine tried 2/2] 1.6 secs
				[tipo_vuoto tried 2/2] 1.6 secs
				[ultima_pagina tried 1/1] 1.6 secs
				[frame tried 4/5] 1.6 secs
				[pagina_1 tried 2/3] 1.6 secs
				[on_top tried 6/6] 1.6 secs
				[to_right tried 6/6] 1.6 secs
				[allineato_al_centro_verticale tried 4/6] 1.6 secs
				[allineato_al_centro_orizzontale tried 4/6] 1.6 secs
				[altezza_pagina tried 1/1] 1.6 secs
				[larghezza_pagina tried 1/1] 1.6 secs
				[altezza_rettangolo tried 2/2] 1.6 secs
				[ascissa_rettangolo tried 2/2] 1.6 secs
				[ordinata_rettangolo tried 2/2] 1.6 secs
				[larghezza_rettangolo tried 2/2] 1.6 secs
				[numero_pagine tried 1/1] 1.6 secs

	Save tipo_misto(D) (10,58 value 21.0)

Best literal tipo_misto(C) (5.4 bits)


State (71/264 [9/61], 60.2 bits available)

				[= tried 1/1] 1.6 secs
				[tipo_testo tried 2/2] 1.6 secs
				[tipo_linea_orizzontale tried 2/2] 1.6 secs
				[tipo_misto tried 1/2] 1.6 secs
				[tipo_linea_obbliqua tried 2/2] 1.6 secs
				[tipo_immagine tried 2/2] 1.6 secs
				[tipo_vuoto tried 2/2] 1.6 secs
				[ultima_pagina tried 1/1] 1.6 secs
				[frame tried 4/5] 1.6 secs
				[pagina_1 tried 2/3] 1.6 secs
				[on_top tried 6/6] 1.6 secs
				[to_right tried 6/6] 1.6 secs
				[allineato_al_centro_verticale tried 4/6] 1.6 secs
				[allineato_al_centro_orizzontale tried 4/6] 1.6 secs
				[altezza_pagina tried 1/1] 1.6 secs
				[larghezza_pagina tried 1/1] 1.6 secs
				[altezza_rettangolo tried 2/2] 1.6 secs
				[ascissa_rettangolo tried 2/2] 1.6 secs
				[ordinata_rettangolo tried 2/2] 1.6 secs
				[larghezza_rettangolo tried 2/2] 1.6 secs
				[numero_pagine tried 1/1] 1.6 secs

	Save on_top(C,D) (9,25 value 28.3)

Best literal on_top(C,E) (7.0 bits)


State (349/741 [9/57], 55.3 bits available)

				[= tried 3/3] 1.6 secs
				[tipo_testo tried 3/3] 1.6 secs
				[tipo_linea_orizzontale tried 3/3] 1.6 secs
				[tipo_misto tried 2/3] 1.6 secs
				[tipo_linea_obbliqua tried 3/3] 1.6 secs
				[tipo_immagine tried 3/3] 1.6 secs
				[tipo_vuoto tried 3/3] 1.6 secs
				[ultima_pagina tried 1/1] 1.6 secs
				[frame tried 6/7] 1.6 secs
				[pagina_1 tried 2/3] 1.6 secs
				[on_top tried 10/12] 1.6 secs
				[to_right tried 12/12] 1.6 secs
				[allineato_al_centro_verticale tried 10/12] 1.6 secs
				[allineato_al_centro_orizzontale tried 6/12] 1.6 secs
				[altezza_pagina tried 1/1] 1.6 secs
				[larghezza_pagina tried 1/1] 1.6 secs
				[altezza_rettangolo tried 3/3] 1.6 secs
				[ascissa_rettangolo tried 3/3] 1.6 secs
				[ordinata_rettangolo tried 3/3] 1.6 secs
				[larghezza_rettangolo tried 3/3] 1.6 secs
				[numero_pagine tried 1/1] 1.6 secs

	Save on_top(E,F) (9,32 value 25.2)

Best literal on_top(C,D) (8.0 bits)


State (290/383 [9/25], 49.6 bits available)

				[= tried 3/3] 1.6 secs
				[tipo_testo tried 3/3] 1.6 secs
				[tipo_linea_orizzontale tried 3/3] 1.6 secs
				[tipo_misto tried 2/3] 1.6 secs
				[tipo_linea_obbliqua tried 3/3] 1.6 secs
				[tipo_immagine tried 3/3] 1.6 secs
				[tipo_vuoto tried 3/3] 1.6 secs
				[ultima_pagina tried 1/1] 1.6 secs
				[frame tried 6/7] 1.6 secs
				[pagina_1 tried 2/3] 1.6 secs
				[on_top tried 9/12] 1.6 secs
				[to_right tried 12/12] 1.6 secs
				[allineato_al_centro_verticale tried 11/12] 1.6 secs
				[allineato_al_centro_orizzontale tried 6/12] 1.6 secs
				[altezza_pagina tried 1/1] 1.6 secs
				[larghezza_pagina tried 1/1] 1.6 secs
				[altezza_rettangolo tried 3/3] 1.6 secs
				[ascissa_rettangolo tried 3/3] 1.6 secs
				[ordinata_rettangolo tried 3/3] 1.6 secs
				[larghezza_rettangolo tried 3/3] 1.6 secs
				[numero_pagine tried 1/1] 1.6 secs

	Save on_top(E,F) (9,24 value 28.8)

Best literal on_top(D,F) (8.0 bits)


State (1100/1233 [9/24], 44.2 bits available)

				[= tried 6/6] 1.6 secs
				[tipo_testo tried 4/4] 1.6 secs
				[tipo_linea_orizzontale tried 4/4] 1.6 secs
				[tipo_misto tried 3/4] 1.6 secs
				[tipo_linea_obbliqua tried 4/4] 1.6 secs
				[tipo_immagine tried 4/4] 1.6 secs
				[tipo_vuoto tried 4/4] 1.6 secs
				[ultima_pagina tried 1/1] 1.6 secs
				[frame tried 7/8] 1.6 secs
				[pagina_1 tried 2/3] 1.6 secs
				[on_top tried 13/18] 1.6 secs
				[to_right tried 18/18] 1.6 secs
				[allineato_al_centro_verticale tried 17/18] 1.6 secs
				[allineato_al_centro_orizzontale tried 9/18] 1.6 secs
				[altezza_pagina tried 1/1] 1.6 secs
				[larghezza_pagina tried 1/1] 1.6 secs
				[altezza_rettangolo tried 3/3] 1.6 secs
				[ascissa_rettangolo tried 3/3] 1.6 secs
				[ordinata_rettangolo tried 3/3] 1.6 secs
				[larghezza_rettangolo tried 3/3] 1.6 secs
				[numero_pagine tried 1/1] 1.6 secs

Best literal on_top(E,G) (8.6 bits)


State (3887/4052 [9/24], 38.5 bits available)

				[= tried 10/10] 1.6 secs
				[tipo_testo tried 5/5] 1.6 secs
				[tipo_linea_orizzontale tried 5/5] 1.6 secs
				[tipo_misto tried 4/5] 1.6 secs
				[tipo_linea_obbliqua tried 5/5] 1.6 secs
				[tipo_immagine tried 5/5] 1.6 secs
				[tipo_vuoto tried 5/5] 1.6 secs
				[ultima_pagina tried 1/1] 1.6 secs
				[frame tried 8/9] 1.6 secs
				[pagina_1 tried 2/3] 1.6 secs
				[on_top tried 20/26] 1.6 secs
				[to_right tried 26/26] 1.6 secs
				[allineato_al_centro_verticale tried 25/26] 1.6 secs
				[allineato_al_centro_orizzontale tried 14/26] 1.6 secs
				[altezza_pagina tried 1/1] 1.6 secs
				[larghezza_pagina tried 1/1] 1.6 secs
				[altezza_rettangolo tried 3/3] 1.6 secs
				[ascissa_rettangolo tried 3/3] 1.6 secs
				[ordinata_rettangolo tried 3/3] 1.6 secs
				[larghezza_rettangolo tried 3/3] 1.6 secs
				[numero_pagine tried 1/1] 1.6 secs

Best literal on_top(C,H) (9.1 bits)


State (32470/33097 [9/24], 32.4 bits available, 1 weak literal)

				[= tried 15/15] 1.6 secs
				[tipo_testo tried 6/6] 1.6 secs
				[tipo_linea_orizzontale tried 6/6] 1.6 secs
				[tipo_misto tried 5/6] 1.6 secs
				[tipo_linea_obbliqua tried 6/6] 1.6 secs
				[tipo_immagine tried 6/6] 1.6 secs
				[tipo_vuoto tried 6/6] 1.6 secs
				[ultima_pagina tried 1/1] 1.6 secs
				[frame tried 10/11] 1.6 secs
				[pagina_1 tried 2/3] 1.7 secs
				[on_top tried 30/38] 1.7 secs
				[to_right tried 38/38] 1.8 secs
				[allineato_al_centro_verticale tried 37/38] 1.8 secs
				[allineato_al_centro_orizzontale tried 18/38] 1.8 secs
				[altezza_pagina tried 1/1] 1.8 secs
				[larghezza_pagina tried 1/1] 1.8 secs
				[altezza_rettangolo tried 4/4] 1.8 secs
				[ascissa_rettangolo tried 4/4] 1.9 secs
				[ordinata_rettangolo tried 4/4] 1.9 secs
				[larghezza_rettangolo tried 4/4] 1.9 secs
				[numero_pagine tried 1/1] 1.9 secs

	Save on_top(D,E) (8,16 value 28.8)
	Save allineato_al_centro_verticale(I,H) (9,24 value 28.8)
	Save allineato_al_centro_verticale(H,I) (9,21 value 30.4)
	Save allineato_al_centro_verticale(E,D) (8,16 value 28.8)

Best literal allineato_al_centro_verticale(C,F) (9.6 bits)


State (16994/17170 [8/16], 20.3 bits available)

				[= tried 15/15] 1.9 secs
				[tipo_testo tried 6/6] 1.9 secs
				[tipo_linea_orizzontale tried 6/6] 1.9 secs
				[tipo_misto tried 5/6] 1.9 secs
				[tipo_linea_obbliqua tried 6/6] 1.9 secs
				[tipo_immagine tried 6/6] 1.9 secs
				[tipo_vuoto tried 6/6] 1.9 secs
				[ultima_pagina tried 1/1] 1.9 secs
				[frame tried 10/11] 1.9 secs
				[pagina_1 tried 2/3] 1.9 secs
				[on_top tried 31/38] 1.9 secs
				[to_right tried 38/38] 2.0 secs
				[allineato_al_centro_verticale tried 36/38] 2.0 secs
				[allineato_al_centro_orizzontale tried 18/38] 2.0 secs
				[altezza_pagina tried 1/1] 2.0 secs
				[larghezza_pagina tried 1/1] 2.0 secs
				[altezza_rettangolo tried 4/4] 2.0 secs
				[ascissa_rettangolo tried 4/4] 2.0 secs
				[ordinata_rettangolo tried 4/4] 2.0 secs
				[larghezza_rettangolo tried 4/4] 2.0 secs
				[numero_pagine tried 1/1] 2.0 secs

	Save clause ending with D=G (cover 8, accuracy 80%)

	Save on_top(H,I) (8,16 value 28.8)
	Save allineato_al_centro_verticale(I,C) (6,9 value 24.0)

Best literal on_top(D,I) (9.6 bits)


State (98963/99413 [8/16], 14.0 bits available, 1 weak literal)

				[= tried 21/21] 2.0 secs
				[tipo_testo tried 7/7] 2.1 secs
				[tipo_linea_orizzontale tried 7/7] 2.1 secs
				[tipo_misto tried 6/7] 2.1 secs
				[tipo_linea_obbliqua tried 7/7] 2.1 secs
				[tipo_immagine tried 7/7] 2.1 secs
				[tipo_vuoto tried 7/7] 2.1 secs
				[ultima_pagina tried 1/1] 2.1 secs
				[frame tried 11/12] 2.2 secs
				[pagina_1 tried 2/3] 2.2 secs
				[on_top tried 41/50] 2.4 secs
				[to_right tried 50/50] 2.6 secs
				[allineato_al_centro_verticale tried 48/50] 2.8 secs
				[allineato_al_centro_orizzontale tried 26/50] 2.9 secs
				[altezza_pagina tried 1/1] 2.9 secs
				[larghezza_pagina tried 1/1] 2.9 secs
				[altezza_rettangolo tried 4/4] 2.9 secs
				[ascissa_rettangolo tried 4/4] 2.9 secs
				[ordinata_rettangolo tried 4/4] 2.9 secs
				[larghezza_rettangolo tried 4/4] 3.0 secs
				[numero_pagine tried 1/1] 3.0 secs

	Save clause ending with allineato_al_centro_verticale(G,F) (cover 8, accuracy 88%)

	Save allineato_al_centro_verticale(E,D) (8,11 value 32.8)
	Save allineato_al_centro_verticale(G,F) (8,9 value 34.9)
	Save allineato_al_centro_verticale(H,F) (8,13 value 31.0)

Best literal allineato_al_centro_verticale(I,F) (10.0 bits)


State (34031/34055 [8/9], 7.4 bits available)

				[= tried 21/21] 3.0 secs
				[tipo_testo tried 7/7] 3.0 secs
				[tipo_linea_orizzontale tried 7/7] 3.0 secs
				[tipo_misto tried 6/7] 3.0 secs
				[tipo_linea_obbliqua tried 7/7] 3.0 secs
				[tipo_immagine tried 7/7] 3.0 secs
				[tipo_vuoto tried 7/7] 3.0 secs
				[ultima_pagina tried 1/1] 3.0 secs
				[frame tried 11/12] 3.0 secs
				[pagina_1 tried 2/3] 3.0 secs
				[on_top tried 42/50] 3.1 secs
				[to_right tried 50/50] 3.2 secs
				[allineato_al_centro_verticale tried 47/50] 3.3 secs
				[allineato_al_centro_orizzontale tried 26/50] 3.3 secs
				[altezza_pagina tried 1/1] 3.3 secs
				[larghezza_pagina tried 1/1] 3.3 secs
				[altezza_rettangolo tried 4/4] 3.3 secs
				[ascissa_rettangolo tried 4/4] 3.3 secs
				[ordinata_rettangolo tried 4/4] 3.3 secs
				[larghezza_rettangolo tried 4/4] 3.3 secs
				[numero_pagine tried 1/1] 3.3 secs

	Save clause ending with D=G (cover 8, accuracy 100%)

	Save allineato_al_centro_verticale(E,D) (8,9 value 34.9)
	Save allineato_al_centro_verticale(F,E) (8,8 value 36.1)
	Save on_top(G,F) (8,8 value 36.1)
	Save allineato_al_centro_verticale(I,G) (8,9 value 34.9)

Best literal tipo_misto(G) (7.2 bits)

Initial clause (0 errs): class_elsevier(A) :- pagina_1(A,B), frame(B,C), allineato_al_centro_verticale(C,D), tipo_misto(C), on_top(C,E), on_top(C,D), on_top(D,F), on_top(E,G), on_top(C,H), allineato_al_centro_verticale(C,F), on_top(D,I), allineato_al_centro_verticale(I,F), tipo_misto(G).
		on_top(E,G) needed for binding tipo_misto(G)
		on_top(C,E) needed for binding on_top(E,G)
		frame(B,C) needed for binding allineato_al_centro_verticale(C,D)
		pagina_1(A,B) needed for binding frame(B,C)

Clause 2: class_elsevier(A) :- pagina_1(A,B), frame(B,C), allineato_al_centro_verticale(C,D), tipo_misto(C), on_top(C,E), on_top(C,D), on_top(D,F), on_top(E,G), on_top(D,H), allineato_al_centro_verticale(H,F), tipo_misto(G).

State (3/266, 33.7 bits available)

				[pagina_1 tried 1/1] 3.3 secs
				[numero_pagine tried 1/1] 3.3 secs

Determinate literals
	pagina_1(A,B)


State (3/266, 33.7 bits available, 1 weak literal)

				[ultima_pagina tried 1/1] 3.3 secs
				[frame tried 1/1] 3.3 secs
				[pagina_1 tried 1/3] 3.3 secs
				[altezza_pagina tried 1/1] 3.3 secs
				[larghezza_pagina tried 1/1] 3.3 secs
				[numero_pagine tried 1/1] 3.3 secs

Best literal frame(B,C) (2.6 bits)


State (32/2831 [3/266], 31.1 bits available, 2 weak literals)

				[tipo_testo tried 1/1] 3.3 secs
				[tipo_linea_orizzontale tried 1/1] 3.3 secs
				[tipo_misto tried 1/1] 3.3 secs
				[tipo_linea_obbliqua tried 1/1] 3.3 secs
				[tipo_immagine tried 1/1] 3.3 secs
				[tipo_vuoto tried 1/1] 3.3 secs
				[ultima_pagina tried 1/1] 3.3 secs
				[frame tried 1/3] 3.3 secs
				[pagina_1 tried 2/3] 3.3 secs
				[on_top tried 2/2] 3.3 secs
				[to_right tried 2/2] 3.3 secs
				[allineato_al_centro_verticale tried 2/2] 3.3 secs
				[allineato_al_centro_orizzontale tried 2/2] 3.3 secs
				[altezza_pagina tried 1/1] 3.3 secs
				[larghezza_pagina tried 1/1] 3.3 secs
				[altezza_rettangolo tried 1/1] 3.3 secs
				[ascissa_rettangolo tried 1/1] 3.3 secs
				[ordinata_rettangolo tried 1/1] 3.3 secs
				[larghezza_rettangolo tried 1/1] 3.3 secs
				[numero_pagine tried 1/1] 3.3 secs

	Save allineato_al_centro_verticale(C,D) (3,265 value 0.0)
	Save allineato_al_centro_verticale(D,C) (3,265 value 0.0)

Best literal tipo_linea_orizzontale(C) (4.3 bits)


State (5/28 [2/17], 20.4 bits available)

				[tipo_testo tried 1/1] 3.3 secs
				[tipo_linea_orizzontale tried 0/1] 3.3 secs
				[tipo_misto tried 1/1] 3.3 secs
				[tipo_linea_obbliqua tried 1/1] 3.3 secs
				[tipo_immagine tried 1/1] 3.3 secs
				[tipo_vuoto tried 1/1] 3.3 secs
				[ultima_pagina tried 1/1] 3.3 secs
				[frame tried 2/3] 3.3 secs
				[pagina_1 tried 2/3] 3.3 secs
				[on_top tried 2/2] 3.3 secs
				[to_right tried 2/2] 3.3 secs
				[allineato_al_centro_verticale tried 2/2] 3.3 secs
				[allineato_al_centro_orizzontale tried 2/2] 3.3 secs
				[altezza_pagina tried 1/1] 3.3 secs
				[larghezza_pagina tried 1/1] 3.3 secs
				[altezza_rettangolo tried 1/1] 3.3 secs
				[ascissa_rettangolo tried 1/1] 3.3 secs
				[ordinata_rettangolo tried 1/1] 3.3 secs
				[larghezza_rettangolo tried 1/1] 3.3 secs
				[numero_pagine tried 1/1] 3.3 secs

Best literal allineato_al_centro_verticale(C,D) (5.3 bits)


State (19/32 [2/6], 16.7 bits available)

				[= tried 1/1] 3.3 secs
				[tipo_testo tried 2/2] 3.3 secs
				[tipo_linea_orizzontale tried 1/2] 3.3 secs
				[tipo_misto tried 2/2] 3.3 secs
				[tipo_linea_obbliqua tried 2/2] 3.3 secs
				[tipo_immagine tried 2/2] 3.3 secs
				[tipo_vuoto tried 2/2] 3.3 secs
				[ultima_pagina tried 1/1] 3.3 secs
				[frame tried 4/5] 3.3 secs
				[pagina_1 tried 2/3] 3.3 secs
				[on_top tried 6/6] 3.3 secs
				[to_right tried 6/6] 3.3 secs
				[allineato_al_centro_verticale tried 4/6] 3.3 secs
				[allineato_al_centro_orizzontale tried 4/6] 3.3 secs
				[altezza_pagina tried 1/1] 3.3 secs
				[larghezza_pagina tried 1/1] 3.3 secs
				[altezza_rettangolo tried 2/2] 3.3 secs
				[ascissa_rettangolo tried 2/2] 3.3 secs
				[ordinata_rettangolo tried 2/2] 3.3 secs
				[larghezza_rettangolo tried 2/2] 3.3 secs
				[numero_pagine tried 1/1] 3.3 secs

	Save clause ending with tipo_misto(D) (cover 1, accuracy 100%)

	Save to_right(D,C) (2,4 value 10.6)

Best literal allineato_al_centro_verticale(D,E) (7.0 bits)


State (55/63 [2/5], 11.7 bits available)

				[= tried 3/3] 3.3 secs
				[tipo_testo tried 3/3] 3.3 secs
				[tipo_linea_orizzontale tried 2/3] 3.3 secs
				[tipo_misto tried 3/3] 3.3 secs
				[tipo_linea_obbliqua tried 3/3] 3.3 secs
				[tipo_immagine tried 3/3] 3.3 secs
				[tipo_vuoto tried 3/3] 3.3 secs
				[ultima_pagina tried 1/1] 3.3 secs
				[frame tried 5/6] 3.3 secs
				[pagina_1 tried 2/3] 3.3 secs
				[on_top tried 10/10] 3.3 secs
				[to_right tried 10/10] 3.3 secs
				[allineato_al_centro_verticale tried 7/10] 3.3 secs
				[allineato_al_centro_orizzontale tried 6/10] 3.3 secs
				[altezza_pagina tried 1/1] 3.3 secs
				[larghezza_pagina tried 1/1] 3.3 secs
				[altezza_rettangolo tried 2/2] 3.3 secs
				[ascissa_rettangolo tried 2/2] 3.3 secs
				[ordinata_rettangolo tried 2/2] 3.3 secs
				[larghezza_rettangolo tried 2/2] 3.3 secs
				[numero_pagine tried 1/1] 3.3 secs

Best literal to_right(E,C) (7.7 bits)


State (55/58 [2/3], 6.3 bits available)

				[= tried 3/3] 3.3 secs
				[tipo_testo tried 3/3] 3.3 secs
				[tipo_linea_orizzontale tried 2/3] 3.3 secs
				[tipo_misto tried 3/3] 3.3 secs
				[tipo_linea_obbliqua tried 3/3] 3.3 secs
				[tipo_immagine tried 3/3] 3.3 secs
				[tipo_vuoto tried 3/3] 3.3 secs
				[ultima_pagina tried 1/1] 3.3 secs
				[frame tried 5/6] 3.3 secs
				[pagina_1 tried 2/3] 3.3 secs
				[on_top tried 10/10] 3.3 secs
				[to_right tried 9/10] 3.3 secs
				[allineato_al_centro_verticale tried 8/10] 3.3 secs
				[allineato_al_centro_orizzontale tried 6/10] 3.3 secs
				[altezza_pagina tried 1/1] 3.3 secs
				[larghezza_pagina tried 1/1] 3.3 secs
				[altezza_rettangolo tried 2/2] 3.3 secs
				[ascissa_rettangolo tried 2/2] 3.3 secs
				[ordinata_rettangolo tried 2/2] 3.3 secs
				[larghezza_rettangolo tried 2/2] 3.3 secs
				[numero_pagine tried 1/1] 3.3 secs

	Save clause ending with on_top(D,C) (cover 2, accuracy 100%)

	Save on_top(D,C) (2,2 value 12.1)
	Save allineato_al_centro_verticale(F,C) (2,2 value 12.1)

Best literal on_top(E,C) (7.7 bits)

Initial clause (0 errs): class_elsevier(A) :- pagina_1(A,B), frame(B,C), tipo_linea_orizzontale(C), allineato_al_centro_verticale(C,D), allineato_al_centro_verticale(D,E), to_right(E,C), on_top(E,C).
		allineato_al_centro_verticale(C,D) needed for binding allineato_al_centro_verticale(D,E)
		frame(B,C) needed for binding tipo_linea_orizzontale(C)
		pagina_1(A,B) needed for binding frame(B,C)

Clause 3: class_elsevier(A) :- pagina_1(A,B), frame(B,C), tipo_linea_orizzontale(C), allineato_al_centro_verticale(C,D), allineato_al_centro_verticale(D,E), to_right(E,C), on_top(E,C).

State (1/264, 18.3 bits available)

				[pagina_1 tried 1/1] 3.3 secs
				[numero_pagine tried 1/1] 3.3 secs

Determinate literals
	pagina_1(A,B)


State (1/264, 18.3 bits available, 1 weak literal)

				[ultima_pagina tried 1/1] 3.3 secs
				[frame tried 1/1] 3.3 secs
				[pagina_1 tried 1/3] 3.3 secs
				[altezza_pagina tried 1/1] 3.3 secs
				[larghezza_pagina tried 1/1] 3.3 secs
				[numero_pagine tried 1/1] 3.3 secs

Best literal frame(B,C) (2.6 bits)


State (8/2807 [1/264], 15.7 bits available, 2 weak literals)

				[tipo_testo tried 1/1] 3.3 secs
				[tipo_linea_orizzontale tried 1/1] 3.3 secs
				[tipo_misto tried 1/1] 3.3 secs
				[tipo_linea_obbliqua tried 1/1] 3.3 secs
				[tipo_immagine tried 1/1] 3.3 secs
				[tipo_vuoto tried 1/1] 3.3 secs
				[ultima_pagina tried 1/1] 3.3 secs
				[frame tried 1/3] 3.3 secs
				[pagina_1 tried 2/3] 3.3 secs
				[on_top tried 2/2] 3.3 secs
				[to_right tried 2/2] 3.3 secs
				[allineato_al_centro_verticale tried 2/2] 3.3 secs
				[allineato_al_centro_orizzontale tried 2/2] 3.3 secs
				[altezza_pagina tried 1/1] 3.3 secs
				[larghezza_pagina tried 1/1] 3.3 secs
				[altezza_rettangolo tried 1/1] 3.3 secs
				[ascissa_rettangolo tried 1/1] 3.3 secs
				[ordinata_rettangolo tried 1/1] 3.3 secs
				[larghezza_rettangolo tried 1/1] 3.3 secs
				[numero_pagine tried 1/1] 3.3 secs

Best literal tipo_misto(C) (4.3 bits)


State (3/148 [1/93], 12.4 bits available)

				[tipo_testo tried 1/1] 3.3 secs
				[tipo_linea_orizzontale tried 1/1] 3.3 secs
				[tipo_misto tried 0/1] 3.3 secs
				[tipo_linea_obbliqua tried 1/1] 3.3 secs
				[tipo_immagine tried 1/1] 3.3 secs
				[tipo_vuoto tried 1/1] 3.3 secs
				[ultima_pagina tried 1/1] 3.3 secs
				[frame tried 2/3] 3.3 secs
				[pagina_1 tried 2/3] 3.3 secs
				[on_top tried 2/2] 3.3 secs
				[to_right tried 2/2] 3.3 secs
				[allineato_al_centro_verticale tried 2/2] 3.3 secs
				[allineato_al_centro_orizzontale tried 2/2] 3.3 secs
				[altezza_pagina tried 1/1] 3.3 secs
				[larghezza_pagina tried 1/1] 3.3 secs
				[altezza_rettangolo tried 1/1] 3.3 secs
				[ascissa_rettangolo tried 1/1] 3.3 secs
				[ordinata_rettangolo tried 1/1] 3.3 secs
				[larghezza_rettangolo tried 1/1] 3.3 secs
				[numero_pagine tried 1/1] 3.3 secs

Best literal allineato_al_centro_verticale(D,C) (5.3 bits)


State (11/172 [1/49], 8.6 bits available)

				[= tried 1/1] 3.3 secs
				[tipo_testo tried 2/2] 3.3 secs
				[tipo_linea_orizzontale tried 2/2] 3.3 secs
				[tipo_misto tried 1/2] 3.3 secs
				[tipo_linea_obbliqua tried 2/2] 3.3 secs
				[tipo_immagine tried 2/2] 3.3 secs
				[tipo_vuoto tried 2/2] 3.3 secs
				[ultima_pagina tried 1/1] 3.3 secs
				[frame tried 4/5] 3.3 secs
				[pagina_1 tried 2/3] 3.3 secs
				[on_top tried 6/6] 3.3 secs
				[to_right tried 6/6] 3.3 secs
				[allineato_al_centro_verticale tried 4/6] 3.3 secs
				[allineato_al_centro_orizzontale tried 4/6] 3.3 secs
				[altezza_pagina tried 1/1] 3.3 secs
				[larghezza_pagina tried 1/1] 3.3 secs
				[altezza_rettangolo tried 2/2] 3.3 secs
				[ascissa_rettangolo tried 2/2] 3.3 secs
				[ordinata_rettangolo tried 2/2] 3.3 secs
				[larghezza_rettangolo tried 2/2] 3.3 secs
				[numero_pagine tried 1/1] 3.3 secs

	Save on_top(C,D) (1,15 value 4.0)

Best literal on_top(C,E) (7.0 bits)


State (49/350 [1/46], 3.7 bits available)

				[= requires 7.0 bits]
				[tipo_testo tried 3/3] 3.3 secs
				[tipo_linea_orizzontale tried 3/3] 3.3 secs
				[tipo_misto tried 2/3] 3.3 secs
				[tipo_linea_obbliqua tried 3/3] 3.3 secs
				[tipo_immagine tried 3/3] 3.3 secs
				[tipo_vuoto tried 3/3] 3.3 secs
				[ultima_pagina tried 1/1] 3.3 secs
				[frame requires 7.2 bits]
				[pagina_1 tried 2/3] 3.3 secs
				[on_top requires 8.0 bits]
				[to_right requires 8.0 bits]
				[allineato_al_centro_verticale requires 8.0 bits]
				[allineato_al_centro_orizzontale requires 8.0 bits]
				[altezza_pagina tried 1/1] 3.3 secs
				[larghezza_pagina tried 1/1] 3.3 secs
				[altezza_rettangolo tried 3/3] 3.3 secs
				[ascissa_rettangolo tried 3/3] 3.3 secs
				[ordinata_rettangolo tried 3/3] 3.3 secs
				[larghezza_rettangolo tried 3/3] 3.3 secs
				[numero_pagine tried 1/1] 3.3 secs

Best literal tipo_testo(E) (6.0 bits)


State (35/126 [1/25], 0.0 bits available)

				[= requires 7.0 bits]
				[tipo_testo requires 6.0 bits]
				[tipo_linea_orizzontale requires 6.0 bits]
				[tipo_misto requires 6.0 bits]
				[tipo_linea_obbliqua requires 6.0 bits]
				[tipo_immagine requires 6.0 bits]
				[tipo_vuoto requires 6.0 bits]
				[ultima_pagina requires 4.4 bits]
				[frame requires 7.2 bits]
				[pagina_1 requires 6.0 bits]
				[on_top requires 8.0 bits]
				[to_right requires 8.0 bits]
				[allineato_al_centro_verticale requires 8.0 bits]
				[allineato_al_centro_orizzontale requires 8.0 bits]
				[altezza_pagina requires 4.4 bits]
				[larghezza_pagina requires 4.4 bits]
				[altezza_rettangolo requires 6.0 bits]
				[ascissa_rettangolo requires 6.0 bits]
				[ordinata_rettangolo requires 6.0 bits]
				[larghezza_rettangolo requires 6.0 bits]
				[numero_pagine requires 4.4 bits]

No literals

Recover to class_elsevier(A) :- pagina_1(A,B), frame(B,C), tipo_misto(C), allineato_al_centro_verticale(D,C), on_top(C,D).



State (6/29 [1/15], 3.7 bits available)

				[= tried 1/1] 3.3 secs
				[tipo_testo tried 2/2] 3.3 secs
				[tipo_linea_orizzontale tried 2/2] 3.3 secs
				[tipo_misto tried 1/2] 3.3 secs
				[tipo_linea_obbliqua tried 2/2] 3.3 secs
				[tipo_immagine tried 2/2] 3.3 secs
				[tipo_vuoto tried 2/2] 3.3 secs
				[ultima_pagina tried 1/1] 3.3 secs
				[frame requires 6.7 bits]
				[pagina_1 tried 2/3] 3.3 secs
				[on_top requires 7.0 bits]
				[to_right requires 7.0 bits]
				[allineato_al_centro_verticale requires 7.0 bits]
				[allineato_al_centro_orizzontale requires 7.0 bits]
				[altezza_pagina tried 1/1] 3.3 secs
				[larghezza_pagina tried 1/1] 3.3 secs
				[altezza_rettangolo tried 2/2] 3.3 secs
				[ascissa_rettangolo tried 2/2] 3.3 secs
				[ordinata_rettangolo tried 2/2] 3.3 secs
				[larghezza_rettangolo tried 2/2] 3.3 secs
				[numero_pagine tried 1/1] 3.3 secs

Best literal tipo_testo(D) (5.4 bits)


State (4/14 [1/9], 0.6 bits available)

				[= requires 5.4 bits]
				[tipo_testo requires 5.4 bits]
				[tipo_linea_orizzontale requires 5.4 bits]
				[tipo_misto requires 5.4 bits]
				[tipo_linea_obbliqua requires 5.4 bits]
				[tipo_immagine requires 5.4 bits]
				[tipo_vuoto requires 5.4 bits]
				[ultima_pagina requires 4.4 bits]
				[frame requires 6.7 bits]
				[pagina_1 requires 6.0 bits]
				[on_top requires 7.0 bits]
				[to_right requires 7.0 bits]
				[allineato_al_centro_verticale requires 7.0 bits]
				[allineato_al_centro_orizzontale requires 7.0 bits]
				[altezza_pagina requires 4.4 bits]
				[larghezza_pagina requires 4.4 bits]
				[altezza_rettangolo requires 5.4 bits]
				[ascissa_rettangolo requires 5.4 bits]
				[ordinata_rettangolo requires 5.4 bits]
				[larghezza_rettangolo requires 5.4 bits]
				[numero_pagine requires 4.4 bits]

No literals

Initial clause (8 errs): class_elsevier(A) :- pagina_1(A,B), frame(B,C), tipo_misto(C), allineato_al_centro_verticale(D,C), on_top(C,D), tipo_testo(D).
		frame(B,C) needed for binding tipo_misto(C)
		pagina_1(A,B) needed for binding frame(B,C)

Clause too inaccurate (1/9)

***  Warning: the following definition
***  does not cover 1 tuple in the relation

class_elsevier(A) :- pagina_1(A,B), frame(B,C), allineato_al_centro_verticale(C,D), allineato_al_centro_verticale(E,D), allineato_al_centro_verticale(F,C), allineato_al_centro_verticale(E,F), allineato_al_centro_verticale(D,H), tipo_linea_orizzontale(C).
class_elsevier(A) :- pagina_1(A,B), frame(B,C), allineato_al_centro_verticale(D,C), tipo_misto(D), on_top(D,C), on_top(C,E), on_top(E,F), tipo_linea_orizzontale(F).
class_elsevier(A) :- pagina_1(A,B), frame(B,C), allineato_al_centro_verticale(C,D), tipo_misto(C), on_top(C,E), on_top(C,D), on_top(D,F), on_top(E,G), on_top(D,H), allineato_al_centro_verticale(H,F), tipo_misto(G).
class_elsevier(A) :- pagina_1(A,B), frame(B,C), tipo_linea_orizzontale(C), allineato_al_centro_verticale(C,D), allineato_al_centro_verticale(D,E), to_right(E,C), on_top(E,C).

Time 3.3 secs

Test relation class_elsevier
Summary: 0 errors in 35 trials
