FOIL 6.4   [January 1996]
--------

    Options:
	no negated literals
	verbosity level 2

Types Documento and Pagina are not compatible
Types Documento and Frame are not compatible
Types Documento and NumeroPagine are not compatible
Types Documento and LarghezzaPagina are not compatible
Types Documento and AltezzaPagina are not compatible
Types Documento and AscissaRettangolo are not compatible
Types Documento and OrdinataRettangolo are not compatible
Types Documento and LarghezzaRettangolo are not compatible
Types Documento and AltezzaRettangolo are not compatible
Types Pagina and Frame are not compatible
Types Pagina and NumeroPagine are not compatible
Types Pagina and LarghezzaPagina are not compatible
Types Pagina and AltezzaPagina are not compatible
Types Pagina and AscissaRettangolo are not compatible
Types Pagina and OrdinataRettangolo are not compatible
Types Pagina and LarghezzaRettangolo are not compatible
Types Pagina and AltezzaRettangolo are not compatible
Types Frame and NumeroPagine are not compatible
Types Frame and LarghezzaPagina are not compatible
Types Frame and AltezzaPagina are not compatible
Types Frame and AscissaRettangolo are not compatible
Types Frame and OrdinataRettangolo are not compatible
Types Frame and LarghezzaRettangolo are not compatible
Types Frame and AltezzaRettangolo are not compatible
Types NumeroPagine and LarghezzaPagina are not compatible
Types NumeroPagine and AltezzaPagina are not compatible
Types NumeroPagine and AscissaRettangolo are not compatible
Types NumeroPagine and OrdinataRettangolo are not compatible
Types NumeroPagine and LarghezzaRettangolo are not compatible
Types NumeroPagine and AltezzaRettangolo are not compatible
Types LarghezzaPagina and AltezzaPagina are not compatible
Types LarghezzaPagina and AscissaRettangolo are not compatible
Types LarghezzaPagina and OrdinataRettangolo are not compatible
Types LarghezzaPagina and LarghezzaRettangolo are not compatible
Types LarghezzaPagina and AltezzaRettangolo are not compatible
Types AltezzaPagina and AscissaRettangolo are not compatible
Types AltezzaPagina and OrdinataRettangolo are not compatible
Types AltezzaPagina and LarghezzaRettangolo are not compatible
Types AltezzaPagina and AltezzaRettangolo are not compatible
Types AscissaRettangolo and OrdinataRettangolo are not compatible
Types AscissaRettangolo and LarghezzaRettangolo are not compatible
Types AscissaRettangolo and AltezzaRettangolo are not compatible
Types OrdinataRettangolo and LarghezzaRettangolo are not compatible
Types OrdinataRettangolo and AltezzaRettangolo are not compatible
Types LarghezzaRettangolo and AltezzaRettangolo are not compatible

Relation class_elsevier

Relation *allineato_al_centro_orizzontale

Relation *allineato_al_centro_verticale

Relation *altezza_pagina

Relation *larghezza_pagina

Relation *altezza_rettangolo

Relation *ascissa_rettangolo

Relation *ordinata_rettangolo

Relation *larghezza_rettangolo

Relation *frame

Relation *numero_pagine

Relation *on_top

Relation *to_right

Relation *pagina_1

Relation *ultima_pagina

Relation *tipo_immagine

Relation *tipo_linea_obbliqua

Relation *tipo_linea_orizzontale

Relation *tipo_misto

Relation *tipo_testo

Relation *tipo_vuoto

----------
class_elsevier:

State (55/317, 236.8 bits available)

				[pagina_1 tried 1/1] 0.1 secs
				[numero_pagine tried 1/1] 0.1 secs

Determinate literals
	pagina_1(A,B)


State (55/317, 236.8 bits available, 1 weak literal)

				[ultima_pagina tried 1/1] 0.1 secs
				[frame tried 1/1] 0.1 secs
				[pagina_1 tried 1/3] 0.1 secs
				[altezza_pagina tried 1/1] 0.1 secs
				[larghezza_pagina tried 1/1] 0.1 secs
				[numero_pagine tried 1/1] 0.1 secs

Best literal frame(B,C) (2.6 bits)


State (713/3486 [55/317], 234.2 bits available, 2 weak literals)

				[tipo_testo tried 1/1] 0.1 secs
				[tipo_linea_orizzontale tried 1/1] 0.1 secs
				[tipo_misto tried 1/1] 0.1 secs
				[tipo_linea_obbliqua tried 1/1] 0.1 secs
				[tipo_immagine tried 1/1] 0.1 secs
				[tipo_vuoto tried 1/1] 0.1 secs
				[ultima_pagina tried 1/1] 0.1 secs
				[frame tried 1/3] 0.1 secs
				[pagina_1 tried 2/3] 0.1 secs
				[on_top tried 2/2] 0.1 secs
				[to_right tried 2/2] 0.1 secs
				[allineato_al_centro_verticale tried 2/2] 0.1 secs
				[allineato_al_centro_orizzontale tried 2/2] 0.1 secs
				[altezza_pagina tried 1/1] 0.1 secs
				[larghezza_pagina tried 1/1] 0.1 secs
				[altezza_rettangolo tried 1/1] 0.1 secs
				[ascissa_rettangolo tried 1/1] 0.1 secs
				[ordinata_rettangolo tried 1/1] 0.1 secs
				[larghezza_rettangolo tried 1/1] 0.1 secs
				[numero_pagine tried 1/1] 0.1 secs

	Save tipo_linea_orizzontale(C) (48,63 value 101.8)
	Save allineato_al_centro_verticale(D,C) (55,316 value 0.2)

Best literal allineato_al_centro_verticale(C,D) (5.3 bits)


State (1946/4942 [55/316], 229.9 bits available)

				[= tried 1/1] 0.1 secs
				[tipo_testo tried 2/2] 0.1 secs
				[tipo_linea_orizzontale tried 2/2] 0.1 secs
				[tipo_misto tried 2/2] 0.1 secs
				[tipo_linea_obbliqua tried 2/2] 0.1 secs
				[tipo_immagine tried 2/2] 0.1 secs
				[tipo_vuoto tried 2/2] 0.1 secs
				[ultima_pagina tried 1/1] 0.1 secs
				[frame tried 4/5] 0.1 secs
				[pagina_1 tried 2/3] 0.1 secs
				[on_top tried 6/6] 0.1 secs
				[to_right tried 6/6] 0.1 secs
				[allineato_al_centro_verticale tried 4/6] 0.1 secs
				[allineato_al_centro_orizzontale tried 4/6] 0.1 secs
				[altezza_pagina tried 1/1] 0.1 secs
				[larghezza_pagina tried 1/1] 0.1 secs
				[altezza_rettangolo tried 2/2] 0.1 secs
				[ascissa_rettangolo tried 2/2] 0.1 secs
				[ordinata_rettangolo tried 2/2] 0.1 secs
				[larghezza_rettangolo tried 2/2] 0.1 secs
				[numero_pagine tried 1/1] 0.1 secs

	Save clause ending with tipo_linea_orizzontale(C) (cover 48, accuracy 94%)

	Save allineato_al_centro_verticale(D,E) (55,311 value 1.5)
	Save allineato_al_centro_verticale(E,C) (55,311 value 1.5)

Best literal allineato_al_centro_verticale(E,D) (7.0 bits)


State (11130/20624 [55/316], 224.5 bits available, 1 weak literal)

				[= tried 3/3] 0.1 secs
				[tipo_testo tried 3/3] 0.1 secs
				[tipo_linea_orizzontale tried 3/3] 0.1 secs
				[tipo_misto tried 3/3] 0.1 secs
				[tipo_linea_obbliqua tried 3/3] 0.1 secs
				[tipo_immagine tried 3/3] 0.1 secs
				[tipo_vuoto tried 3/3] 0.1 secs
				[ultima_pagina tried 1/1] 0.1 secs
				[frame tried 5/6] 0.1 secs
				[pagina_1 tried 2/3] 0.1 secs
				[on_top tried 10/10] 0.1 secs
				[to_right tried 10/10] 0.2 secs
				[allineato_al_centro_verticale tried 7/10] 0.2 secs
				[allineato_al_centro_orizzontale tried 6/10] 0.2 secs
				[altezza_pagina tried 1/1] 0.2 secs
				[larghezza_pagina tried 1/1] 0.2 secs
				[altezza_rettangolo tried 2/2] 0.2 secs
				[ascissa_rettangolo tried 2/2] 0.2 secs
				[ordinata_rettangolo tried 2/2] 0.2 secs
				[larghezza_rettangolo tried 2/2] 0.2 secs
				[numero_pagine tried 1/1] 0.2 secs

	Save allineato_al_centro_verticale(C,F) (55,316 value 0.2)
	Save allineato_al_centro_verticale(D,F) (55,311 value 1.5)

Best literal allineato_al_centro_verticale(F,C) (7.7 bits)


State (31599/45284 [55/311], 218.8 bits available)

				[= tried 6/6] 0.2 secs
				[tipo_testo tried 4/4] 0.2 secs
				[tipo_linea_orizzontale tried 4/4] 0.2 secs
				[tipo_misto tried 4/4] 0.2 secs
				[tipo_linea_obbliqua tried 4/4] 0.2 secs
				[tipo_immagine tried 4/4] 0.2 secs
				[tipo_vuoto tried 4/4] 0.2 secs
				[ultima_pagina tried 1/1] 0.2 secs
				[frame tried 7/8] 0.2 secs
				[pagina_1 tried 2/3] 0.2 secs
				[on_top tried 18/18] 0.3 secs
				[to_right tried 18/18] 0.3 secs
				[allineato_al_centro_verticale tried 13/18] 0.4 secs
				[allineato_al_centro_orizzontale tried 9/18] 0.4 secs
				[altezza_pagina tried 1/1] 0.4 secs
				[larghezza_pagina tried 1/1] 0.4 secs
				[altezza_rettangolo tried 3/3] 0.4 secs
				[ascissa_rettangolo tried 3/3] 0.4 secs
				[ordinata_rettangolo tried 3/3] 0.4 secs
				[larghezza_rettangolo tried 3/3] 0.4 secs
				[numero_pagine tried 1/1] 0.4 secs

	Save clause ending with tipo_linea_orizzontale(C) (cover 48, accuracy 96%)

	Save allineato_al_centro_verticale(D,G) (55,287 value 7.9)

Best literal allineato_al_centro_verticale(G,F) (8.6 bits)


State (56936/69136 [55/287], 212.5 bits available)

				[= tried 10/10] 0.4 secs
				[tipo_testo tried 5/5] 0.4 secs
				[tipo_linea_orizzontale tried 5/5] 0.4 secs
				[tipo_misto tried 5/5] 0.4 secs
				[tipo_linea_obbliqua tried 5/5] 0.4 secs
				[tipo_immagine tried 5/5] 0.5 secs
				[tipo_vuoto tried 5/5] 0.5 secs
				[ultima_pagina tried 1/1] 0.5 secs
				[frame tried 8/9] 0.5 secs
				[pagina_1 tried 2/3] 0.5 secs
				[on_top tried 26/26] 0.6 secs
				[to_right tried 26/26] 0.7 secs
				[allineato_al_centro_verticale tried 20/26] 0.8 secs
				[allineato_al_centro_orizzontale tried 14/26] 0.8 secs
				[altezza_pagina tried 1/1] 0.8 secs
				[larghezza_pagina tried 1/1] 0.8 secs
				[altezza_rettangolo tried 3/3] 0.8 secs
				[ascissa_rettangolo tried 3/3] 0.8 secs
				[ordinata_rettangolo tried 3/3] 0.8 secs
				[larghezza_rettangolo tried 3/3] 0.8 secs
				[numero_pagine tried 1/1] 0.8 secs

	Save clause ending with tipo_linea_orizzontale(F) (cover 47, accuracy 97%)

	Save tipo_linea_orizzontale(C) (42,44 value 102.5)

Best literal allineato_al_centro_verticale(D,H) (9.1 bits)


State (55054/60810 [55/233], 206.0 bits available)

				[= tried 15/15] 0.9 secs
				[tipo_testo tried 6/6] 0.9 secs
				[tipo_linea_orizzontale tried 6/6] 0.9 secs
				[tipo_misto tried 6/6] 0.9 secs
				[tipo_linea_obbliqua tried 6/6] 0.9 secs
				[tipo_immagine tried 6/6] 0.9 secs
				[tipo_vuoto tried 6/6] 0.9 secs
				[ultima_pagina tried 1/1] 0.9 secs
				[frame tried 9/10] 0.9 secs
				[pagina_1 tried 2/3] 0.9 secs
				[on_top tried 36/36] 1.1 secs
				[to_right tried 36/36] 1.2 secs
				[allineato_al_centro_verticale tried 28/36] 1.3 secs
				[allineato_al_centro_orizzontale tried 21/36] 1.3 secs
				[altezza_pagina tried 1/1] 1.3 secs
				[larghezza_pagina tried 1/1] 1.3 secs
				[altezza_rettangolo tried 3/3] 1.3 secs
				[ascissa_rettangolo tried 3/3] 1.3 secs
				[ordinata_rettangolo tried 3/3] 1.4 secs
				[larghezza_rettangolo tried 3/3] 1.4 secs
				[numero_pagine tried 1/1] 1.4 secs

	Save clause ending with tipo_linea_orizzontale(D) (cover 38, accuracy 100%)

	Save tipo_linea_orizzontale(C) (41,42 value 101.3)
	Save tipo_linea_orizzontale(H) (38,38 value 95.2)

Best literal tipo_linea_orizzontale(D) (7.0 bits)

Initial clause (0 errs): class_elsevier(A) :- pagina_1(A,B), frame(B,C), allineato_al_centro_verticale(C,D), allineato_al_centro_verticale(E,D), allineato_al_centro_verticale(F,C), allineato_al_centro_verticale(G,F), allineato_al_centro_verticale(D,H), tipo_linea_orizzontale(D).
		allineato_al_centro_verticale(F,C) needed for binding allineato_al_centro_verticale(G,F)
		allineato_al_centro_verticale(C,D) needed for binding allineato_al_centro_verticale(D,H)
		frame(B,C) needed for binding allineato_al_centro_verticale(C,D)
		pagina_1(A,B) needed for binding frame(B,C)

Clause 0: class_elsevier(A) :- pagina_1(A,B), frame(B,C), allineato_al_centro_verticale(C,D), allineato_al_centro_verticale(E,C), allineato_al_centro_verticale(F,E), allineato_al_centro_verticale(D,G), tipo_linea_orizzontale(D).

State (17/279, 110.6 bits available)

				[pagina_1 tried 1/1] 1.4 secs
				[numero_pagine tried 1/1] 1.4 secs

Determinate literals
	pagina_1(A,B)


State (17/279, 110.6 bits available, 1 weak literal)

				[ultima_pagina tried 1/1] 1.4 secs
				[frame tried 1/1] 1.4 secs
				[pagina_1 tried 1/3] 1.4 secs
				[altezza_pagina tried 1/1] 1.4 secs
				[larghezza_pagina tried 1/1] 1.4 secs
				[numero_pagine tried 1/1] 1.4 secs

Best literal frame(B,C) (2.6 bits)


State (182/2955 [17/279], 108.1 bits available, 2 weak literals)

				[tipo_testo tried 1/1] 1.4 secs
				[tipo_linea_orizzontale tried 1/1] 1.4 secs
				[tipo_misto tried 1/1] 1.4 secs
				[tipo_linea_obbliqua tried 1/1] 1.4 secs
				[tipo_immagine tried 1/1] 1.4 secs
				[tipo_vuoto tried 1/1] 1.4 secs
				[ultima_pagina tried 1/1] 1.4 secs
				[frame tried 1/3] 1.4 secs
				[pagina_1 tried 2/3] 1.4 secs
				[on_top tried 2/2] 1.4 secs
				[to_right tried 2/2] 1.4 secs
				[allineato_al_centro_verticale tried 2/2] 1.4 secs
				[allineato_al_centro_orizzontale tried 2/2] 1.4 secs
				[altezza_pagina tried 1/1] 1.4 secs
				[larghezza_pagina tried 1/1] 1.4 secs
				[altezza_rettangolo tried 1/1] 1.4 secs
				[ascissa_rettangolo tried 1/1] 1.4 secs
				[ordinata_rettangolo tried 1/1] 1.4 secs
				[larghezza_rettangolo tried 1/1] 1.4 secs
				[numero_pagine tried 1/1] 1.4 secs

Best literal tipo_linea_orizzontale(C) (4.3 bits)


State (41/62 [10/25], 70.4 bits available)

				[tipo_testo tried 1/1] 1.4 secs
				[tipo_linea_orizzontale tried 0/1] 1.4 secs
				[tipo_misto tried 1/1] 1.4 secs
				[tipo_linea_obbliqua tried 1/1] 1.4 secs
				[tipo_immagine tried 1/1] 1.4 secs
				[tipo_vuoto tried 1/1] 1.4 secs
				[ultima_pagina tried 1/1] 1.4 secs
				[frame tried 2/3] 1.4 secs
				[pagina_1 tried 2/3] 1.4 secs
				[on_top tried 2/2] 1.4 secs
				[to_right tried 2/2] 1.4 secs
				[allineato_al_centro_verticale tried 2/2] 1.4 secs
				[allineato_al_centro_orizzontale tried 2/2] 1.4 secs
				[altezza_pagina tried 1/1] 1.4 secs
				[larghezza_pagina tried 1/1] 1.4 secs
				[altezza_rettangolo tried 1/1] 1.4 secs
				[ascissa_rettangolo tried 1/1] 1.4 secs
				[ordinata_rettangolo tried 1/1] 1.4 secs
				[larghezza_rettangolo tried 1/1] 1.4 secs
				[numero_pagine tried 1/1] 1.4 secs

	Save clause ending with allineato_al_centro_orizzontale(C,D) (cover 4, accuracy 100%)

Best literal allineato_al_centro_verticale(C,D) (5.3 bits)


State (83/92 [10/13], 66.7 bits available)

				[= tried 1/1] 1.4 secs
				[tipo_testo tried 2/2] 1.4 secs
				[tipo_linea_orizzontale tried 1/2] 1.4 secs
				[tipo_misto tried 2/2] 1.4 secs
				[tipo_linea_obbliqua tried 2/2] 1.4 secs
				[tipo_immagine tried 2/2] 1.4 secs
				[tipo_vuoto tried 2/2] 1.4 secs
				[ultima_pagina tried 1/1] 1.4 secs
				[frame tried 4/5] 1.4 secs
				[pagina_1 tried 2/3] 1.4 secs
				[on_top tried 6/6] 1.4 secs
				[to_right tried 6/6] 1.4 secs
				[allineato_al_centro_verticale tried 4/6] 1.4 secs
				[allineato_al_centro_orizzontale tried 4/6] 1.4 secs
				[altezza_pagina tried 1/1] 1.4 secs
				[larghezza_pagina tried 1/1] 1.4 secs
				[altezza_rettangolo tried 2/2] 1.4 secs
				[ascissa_rettangolo tried 2/2] 1.4 secs
				[ordinata_rettangolo tried 2/2] 1.4 secs
				[larghezza_rettangolo tried 2/2] 1.4 secs
				[numero_pagine tried 1/1] 1.4 secs

	Save clause ending with tipo_misto(D) (cover 6, accuracy 100%)

	Save to_right(D,E) (10,13 value 36.1)
	Save allineato_al_centro_verticale(D,E) (10,12 value 37.2)

Best literal to_right(D,C) (7.0 bits)


State (62/63 [10/11], 61.7 bits available)

				[= tried 1/1] 1.4 secs
				[tipo_testo tried 2/2] 1.4 secs
				[tipo_linea_orizzontale tried 1/2] 1.4 secs
				[tipo_misto tried 2/2] 1.4 secs
				[tipo_linea_obbliqua tried 2/2] 1.4 secs
				[tipo_immagine tried 2/2] 1.4 secs
				[tipo_vuoto tried 2/2] 1.4 secs
				[ultima_pagina tried 1/1] 1.4 secs
				[frame tried 4/5] 1.4 secs
				[pagina_1 tried 2/3] 1.4 secs
				[on_top tried 6/6] 1.4 secs
				[to_right tried 5/6] 1.4 secs
				[allineato_al_centro_verticale tried 5/6] 1.4 secs
				[allineato_al_centro_orizzontale tried 4/6] 1.4 secs
				[altezza_pagina tried 1/1] 1.4 secs
				[larghezza_pagina tried 1/1] 1.4 secs
				[altezza_rettangolo tried 2/2] 1.4 secs
				[ascissa_rettangolo tried 2/2] 1.4 secs
				[ordinata_rettangolo tried 2/2] 1.4 secs
				[larghezza_rettangolo tried 2/2] 1.4 secs
				[numero_pagine tried 1/1] 1.4 secs

	Save clause ending with on_top(D,C) (cover 10, accuracy 100%)

Best literal allineato_al_centro_verticale(D,E) (7.0 bits)

Initial clause (0 errs): class_elsevier(A) :- pagina_1(A,B), frame(B,C), tipo_linea_orizzontale(C), allineato_al_centro_verticale(C,D), to_right(D,C), allineato_al_centro_verticale(D,E).
		frame(B,C) needed for binding tipo_linea_orizzontale(C)
		pagina_1(A,B) needed for binding frame(B,C)

Clause 1: class_elsevier(A) :- pagina_1(A,B), frame(B,C), tipo_linea_orizzontale(C), allineato_al_centro_verticale(C,D), to_right(D,C), allineato_al_centro_verticale(D,E).

State (7/269, 59.5 bits available)

				[pagina_1 tried 1/1] 1.4 secs
				[numero_pagine tried 1/1] 1.4 secs

Determinate literals
	pagina_1(A,B)


State (7/269, 59.5 bits available, 1 weak literal)

				[ultima_pagina tried 1/1] 1.4 secs
				[frame tried 1/1] 1.4 secs
				[pagina_1 tried 1/3] 1.4 secs
				[altezza_pagina tried 1/1] 1.4 secs
				[larghezza_pagina tried 1/1] 1.4 secs
				[numero_pagine tried 1/1] 1.4 secs

Best literal frame(B,C) (2.6 bits)


State (56/2829 [7/269], 56.9 bits available, 2 weak literals)

				[tipo_testo tried 1/1] 1.4 secs
				[tipo_linea_orizzontale tried 1/1] 1.4 secs
				[tipo_misto tried 1/1] 1.4 secs
				[tipo_linea_obbliqua tried 1/1] 1.4 secs
				[tipo_immagine tried 1/1] 1.4 secs
				[tipo_vuoto tried 1/1] 1.4 secs
				[ultima_pagina tried 1/1] 1.4 secs
				[frame tried 1/3] 1.4 secs
				[pagina_1 tried 2/3] 1.4 secs
				[on_top tried 2/2] 1.4 secs
				[to_right tried 2/2] 1.4 secs
				[allineato_al_centro_verticale tried 2/2] 1.4 secs
				[allineato_al_centro_orizzontale tried 2/2] 1.4 secs
				[altezza_pagina tried 1/1] 1.4 secs
				[larghezza_pagina tried 1/1] 1.4 secs
				[altezza_rettangolo tried 1/1] 1.4 secs
				[ascissa_rettangolo tried 1/1] 1.4 secs
				[ordinata_rettangolo tried 1/1] 1.4 secs
				[larghezza_rettangolo tried 1/1] 1.4 secs
				[numero_pagine tried 1/1] 1.4 secs

	Save allineato_al_centro_verticale(C,D) (7,268 value 0.0)
	Save allineato_al_centro_verticale(D,C) (7,268 value 0.0)

Best literal tipo_misto(C) (4.3 bits)


State (18/164 [7/102], 53.6 bits available)

				[tipo_testo tried 1/1] 1.4 secs
				[tipo_linea_orizzontale tried 1/1] 1.4 secs
				[tipo_misto tried 0/1] 1.4 secs
				[tipo_linea_obbliqua tried 1/1] 1.4 secs
				[tipo_immagine tried 1/1] 1.4 secs
				[tipo_vuoto tried 1/1] 1.4 secs
				[ultima_pagina tried 1/1] 1.4 secs
				[frame tried 2/3] 1.4 secs
				[pagina_1 tried 2/3] 1.4 secs
				[on_top tried 2/2] 1.4 secs
				[to_right tried 2/2] 1.4 secs
				[allineato_al_centro_verticale tried 2/2] 1.4 secs
				[allineato_al_centro_orizzontale tried 2/2] 1.4 secs
				[altezza_pagina tried 1/1] 1.4 secs
				[larghezza_pagina tried 1/1] 1.4 secs
				[altezza_rettangolo tried 1/1] 1.4 secs
				[ascissa_rettangolo tried 1/1] 1.4 secs
				[ordinata_rettangolo tried 1/1] 1.4 secs
				[larghezza_rettangolo tried 1/1] 1.4 secs
				[numero_pagine tried 1/1] 1.4 secs

Best literal on_top(C,D) (5.3 bits)


State (69/305 [7/75], 49.8 bits available)

				[= tried 1/1] 1.4 secs
				[tipo_testo tried 2/2] 1.4 secs
				[tipo_linea_orizzontale tried 2/2] 1.4 secs
				[tipo_misto tried 1/2] 1.4 secs
				[tipo_linea_obbliqua tried 2/2] 1.4 secs
				[tipo_immagine tried 2/2] 1.4 secs
				[tipo_vuoto tried 2/2] 1.4 secs
				[ultima_pagina tried 1/1] 1.4 secs
				[frame tried 4/5] 1.4 secs
				[pagina_1 tried 2/3] 1.4 secs
				[on_top tried 4/6] 1.4 secs
				[to_right tried 6/6] 1.4 secs
				[allineato_al_centro_verticale tried 6/6] 1.4 secs
				[allineato_al_centro_orizzontale tried 4/6] 1.4 secs
				[altezza_pagina tried 1/1] 1.4 secs
				[larghezza_pagina tried 1/1] 1.4 secs
				[altezza_rettangolo tried 2/2] 1.4 secs
				[ascissa_rettangolo tried 2/2] 1.4 secs
				[ordinata_rettangolo tried 2/2] 1.4 secs
				[larghezza_rettangolo tried 2/2] 1.4 secs
				[numero_pagine tried 1/1] 1.4 secs

Best literal allineato_al_centro_verticale(C,E) (7.0 bits)


State (237/576 [7/56], 44.9 bits available)

				[= tried 3/3] 1.4 secs
				[tipo_testo tried 3/3] 1.4 secs
				[tipo_linea_orizzontale tried 3/3] 1.4 secs
				[tipo_misto tried 2/3] 1.4 secs
				[tipo_linea_obbliqua tried 3/3] 1.4 secs
				[tipo_immagine tried 3/3] 1.4 secs
				[tipo_vuoto tried 3/3] 1.4 secs
				[ultima_pagina tried 1/1] 1.4 secs
				[frame tried 6/7] 1.4 secs
				[pagina_1 tried 2/3] 1.4 secs
				[on_top tried 10/12] 1.4 secs
				[to_right tried 12/12] 1.4 secs
				[allineato_al_centro_verticale tried 10/12] 1.4 secs
				[allineato_al_centro_orizzontale tried 6/12] 1.4 secs
				[altezza_pagina tried 1/1] 1.4 secs
				[larghezza_pagina tried 1/1] 1.4 secs
				[altezza_rettangolo tried 3/3] 1.4 secs
				[ascissa_rettangolo tried 3/3] 1.4 secs
				[ordinata_rettangolo tried 3/3] 1.4 secs
				[larghezza_rettangolo tried 3/3] 1.4 secs
				[numero_pagine tried 1/1] 1.4 secs

	Save on_top(D,F) (7,30 value 21.9)

Best literal on_top(C,E) (8.0 bits)


State (210/299 [7/23], 39.2 bits available)

				[= tried 3/3] 1.4 secs
				[tipo_testo tried 3/3] 1.4 secs
				[tipo_linea_orizzontale tried 3/3] 1.4 secs
				[tipo_misto tried 2/3] 1.4 secs
				[tipo_linea_obbliqua tried 3/3] 1.4 secs
				[tipo_immagine tried 3/3] 1.4 secs
				[tipo_vuoto tried 3/3] 1.4 secs
				[ultima_pagina tried 1/1] 1.4 secs
				[frame tried 6/7] 1.4 secs
				[pagina_1 tried 2/3] 1.4 secs
				[on_top tried 9/12] 1.4 secs
				[to_right tried 12/12] 1.4 secs
				[allineato_al_centro_verticale tried 11/12] 1.4 secs
				[allineato_al_centro_orizzontale tried 6/12] 1.4 secs
				[altezza_pagina tried 1/1] 1.4 secs
				[larghezza_pagina tried 1/1] 1.4 secs
				[altezza_rettangolo tried 3/3] 1.4 secs
				[ascissa_rettangolo tried 3/3] 1.4 secs
				[ordinata_rettangolo tried 3/3] 1.4 secs
				[larghezza_rettangolo tried 3/3] 1.4 secs
				[numero_pagine tried 1/1] 1.4 secs

	Save on_top(D,F) (7,22 value 24.9)

Best literal on_top(E,F) (8.0 bits)


State (788/911 [7/21], 33.8 bits available)

				[= tried 6/6] 1.4 secs
				[tipo_testo tried 4/4] 1.4 secs
				[tipo_linea_orizzontale tried 4/4] 1.4 secs
				[tipo_misto tried 3/4] 1.4 secs
				[tipo_linea_obbliqua tried 4/4] 1.4 secs
				[tipo_immagine tried 4/4] 1.4 secs
				[tipo_vuoto tried 4/4] 1.4 secs
				[ultima_pagina tried 1/1] 1.4 secs
				[frame tried 7/8] 1.4 secs
				[pagina_1 tried 2/3] 1.4 secs
				[on_top tried 13/18] 1.4 secs
				[to_right tried 18/18] 1.4 secs
				[allineato_al_centro_verticale tried 17/18] 1.4 secs
				[allineato_al_centro_orizzontale tried 9/18] 1.4 secs
				[altezza_pagina tried 1/1] 1.4 secs
				[larghezza_pagina tried 1/1] 1.4 secs
				[altezza_rettangolo tried 3/3] 1.4 secs
				[ascissa_rettangolo tried 3/3] 1.4 secs
				[ordinata_rettangolo tried 3/3] 1.4 secs
				[larghezza_rettangolo tried 3/3] 1.4 secs
				[numero_pagine tried 1/1] 1.4 secs

Best literal on_top(D,G) (8.6 bits)


State (2704/2862 [7/21], 28.1 bits available)

				[= tried 10/10] 1.4 secs
				[tipo_testo tried 5/5] 1.4 secs
				[tipo_linea_orizzontale tried 5/5] 1.4 secs
				[tipo_misto tried 4/5] 1.4 secs
				[tipo_linea_obbliqua tried 5/5] 1.4 secs
				[tipo_immagine tried 5/5] 1.4 secs
				[tipo_vuoto tried 5/5] 1.4 secs
				[ultima_pagina tried 1/1] 1.4 secs
				[frame tried 8/9] 1.4 secs
				[pagina_1 tried 2/3] 1.4 secs
				[on_top tried 20/26] 1.4 secs
				[to_right tried 26/26] 1.4 secs
				[allineato_al_centro_verticale tried 25/26] 1.4 secs
				[allineato_al_centro_orizzontale tried 14/26] 1.4 secs
				[altezza_pagina tried 1/1] 1.4 secs
				[larghezza_pagina tried 1/1] 1.4 secs
				[altezza_rettangolo tried 3/3] 1.4 secs
				[ascissa_rettangolo tried 3/3] 1.4 secs
				[ordinata_rettangolo tried 3/3] 1.4 secs
				[larghezza_rettangolo tried 3/3] 1.4 secs
				[numero_pagine tried 1/1] 1.4 secs

Best literal on_top(C,H) (9.1 bits)


State (22103/22716 [7/21], 22.0 bits available, 1 weak literal)

				[= tried 15/15] 1.4 secs
				[tipo_testo tried 6/6] 1.4 secs
				[tipo_linea_orizzontale tried 6/6] 1.4 secs
				[tipo_misto tried 5/6] 1.4 secs
				[tipo_linea_obbliqua tried 6/6] 1.4 secs
				[tipo_immagine tried 6/6] 1.4 secs
				[tipo_vuoto tried 6/6] 1.4 secs
				[ultima_pagina tried 1/1] 1.4 secs
				[frame tried 10/11] 1.5 secs
				[pagina_1 tried 2/3] 1.5 secs
				[on_top tried 30/38] 1.5 secs
				[to_right tried 38/38] 1.5 secs
				[allineato_al_centro_verticale tried 37/38] 1.6 secs
				[allineato_al_centro_orizzontale tried 18/38] 1.6 secs
				[altezza_pagina tried 1/1] 1.6 secs
				[larghezza_pagina tried 1/1] 1.6 secs
				[altezza_rettangolo tried 4/4] 1.6 secs
				[ascissa_rettangolo tried 4/4] 1.6 secs
				[ordinata_rettangolo tried 4/4] 1.6 secs
				[larghezza_rettangolo tried 4/4] 1.6 secs
				[numero_pagine tried 1/1] 1.6 secs

Best literal on_top(H,I) (9.6 bits)


State (81454/82392 [7/21], 15.5 bits available)

				[= tried 21/21] 1.6 secs
				[tipo_testo tried 7/7] 1.7 secs
				[tipo_linea_orizzontale tried 7/7] 1.7 secs
				[tipo_misto tried 6/7] 1.7 secs
				[tipo_linea_obbliqua tried 7/7] 1.7 secs
				[tipo_immagine tried 7/7] 1.7 secs
				[tipo_vuoto tried 7/7] 1.7 secs
				[ultima_pagina tried 1/1] 1.7 secs
				[frame tried 11/12] 1.8 secs
				[pagina_1 tried 2/3] 1.8 secs
				[on_top tried 41/50] 2.0 secs
				[to_right tried 50/50] 2.1 secs
				[allineato_al_centro_verticale tried 49/50] 2.3 secs
				[allineato_al_centro_orizzontale tried 26/50] 2.3 secs
				[altezza_pagina tried 1/1] 2.3 secs
				[larghezza_pagina tried 1/1] 2.3 secs
				[altezza_rettangolo tried 4/4] 2.3 secs
				[ascissa_rettangolo tried 4/4] 2.4 secs
				[ordinata_rettangolo tried 4/4] 2.4 secs
				[larghezza_rettangolo tried 4/4] 2.4 secs
				[numero_pagine tried 1/1] 2.4 secs

	Save on_top(E,D) (6,13 value 24.5)
	Save on_top(E,H) (6,13 value 24.5)
	Save allineato_al_centro_verticale(C,D) (7,21 value 25.3)
	Save allineato_al_centro_verticale(C,H) (7,21 value 25.3)

Best literal allineato_al_centro_verticale(C,F) (10.0 bits)


State (43029/43282 [6/13], 2.8 bits available)

				[= requires 9.8 bits]
				[tipo_testo requires 7.2 bits]
				[tipo_linea_orizzontale requires 7.2 bits]
				[tipo_misto requires 7.2 bits]
				[tipo_linea_obbliqua requires 7.2 bits]
				[tipo_immagine requires 7.2 bits]
				[tipo_vuoto requires 7.2 bits]
				[ultima_pagina tried 1/1] 2.4 secs
				[frame requires 8.0 bits]
				[pagina_1 tried 2/3] 2.4 secs
				[on_top requires 10.0 bits]
				[to_right requires 10.0 bits]
				[allineato_al_centro_verticale requires 10.0 bits]
				[allineato_al_centro_orizzontale requires 10.0 bits]
				[altezza_pagina tried 1/1] 2.4 secs
				[larghezza_pagina tried 1/1] 2.4 secs
				[altezza_rettangolo requires 6.4 bits]
				[ascissa_rettangolo requires 6.4 bits]
				[ordinata_rettangolo requires 6.4 bits]
				[larghezza_rettangolo requires 6.4 bits]
				[numero_pagine tried 1/1] 2.4 secs

No literals

Recover to class_elsevier(A) :- pagina_1(A,B), frame(B,C), tipo_misto(C), on_top(C,D), allineato_al_centro_verticale(C,E), on_top(C,E), on_top(E,F), on_top(D,G), on_top(C,H), on_top(H,I), allineato_al_centro_verticale(C,D).



State (65496/66044 [7/21], 8.8 bits available)

				[= tried 21/21] 2.5 secs
				[tipo_testo tried 7/7] 2.5 secs
				[tipo_linea_orizzontale tried 7/7] 2.5 secs
				[tipo_misto tried 6/7] 2.5 secs
				[tipo_linea_obbliqua tried 7/7] 2.5 secs
				[tipo_immagine tried 7/7] 2.5 secs
				[tipo_vuoto tried 7/7] 2.5 secs
				[ultima_pagina tried 1/1] 2.5 secs
				[frame tried 11/12] 2.6 secs
				[pagina_1 tried 2/3] 2.6 secs
				[on_top tried 41/50] 2.7 secs
				[to_right tried 50/50] 2.9 secs
				[allineato_al_centro_verticale tried 48/50] 3.0 secs
				[allineato_al_centro_orizzontale tried 26/50] 3.0 secs
				[altezza_pagina tried 1/1] 3.0 secs
				[larghezza_pagina tried 1/1] 3.0 secs
				[altezza_rettangolo tried 4/4] 3.1 secs
				[ascissa_rettangolo tried 4/4] 3.1 secs
				[ordinata_rettangolo tried 4/4] 3.1 secs
				[larghezza_rettangolo tried 4/4] 3.1 secs
				[numero_pagine tried 1/1] 3.1 secs

Best literal allineato_al_centro_verticale(C,H) (10.0 bits)


State (56997/57412 [7/21], 2.2 bits available)

				[= requires 9.8 bits]
				[tipo_testo requires 7.2 bits]
				[tipo_linea_orizzontale requires 7.2 bits]
				[tipo_misto requires 7.2 bits]
				[tipo_linea_obbliqua requires 7.2 bits]
				[tipo_immagine requires 7.2 bits]
				[tipo_vuoto requires 7.2 bits]
				[ultima_pagina tried 1/1] 3.1 secs
				[frame requires 8.0 bits]
				[pagina_1 requires 6.0 bits]
				[on_top requires 10.0 bits]
				[to_right requires 10.0 bits]
				[allineato_al_centro_verticale requires 10.0 bits]
				[allineato_al_centro_orizzontale requires 10.0 bits]
				[altezza_pagina tried 1/1] 3.1 secs
				[larghezza_pagina tried 1/1] 3.1 secs
				[altezza_rettangolo requires 6.4 bits]
				[ascissa_rettangolo requires 6.4 bits]
				[ordinata_rettangolo requires 6.4 bits]
				[larghezza_rettangolo requires 6.4 bits]
				[numero_pagine tried 1/1] 3.1 secs

No literals

Recover to class_elsevier(A) :- pagina_1(A,B), frame(B,C), tipo_misto(C), on_top(C,D), allineato_al_centro_verticale(C,E), on_top(C,E), on_top(E,F), on_top(D,G), on_top(C,H), on_top(H,I), allineato_al_centro_verticale(C,H).



State (65496/66044 [7/21], 8.8 bits available)

				[= tried 21/21] 3.2 secs
				[tipo_testo tried 7/7] 3.2 secs
				[tipo_linea_orizzontale tried 7/7] 3.2 secs
				[tipo_misto tried 6/7] 3.2 secs
				[tipo_linea_obbliqua tried 7/7] 3.2 secs
				[tipo_immagine tried 7/7] 3.2 secs
				[tipo_vuoto tried 7/7] 3.2 secs
				[ultima_pagina tried 1/1] 3.2 secs
				[frame tried 11/12] 3.3 secs
				[pagina_1 tried 2/3] 3.3 secs
				[on_top tried 41/50] 3.4 secs
				[to_right tried 50/50] 3.6 secs
				[allineato_al_centro_verticale tried 48/50] 3.7 secs
				[allineato_al_centro_orizzontale tried 26/50] 3.7 secs
				[altezza_pagina tried 1/1] 3.7 secs
				[larghezza_pagina tried 1/1] 3.7 secs
				[altezza_rettangolo tried 4/4] 3.8 secs
				[ascissa_rettangolo tried 4/4] 3.8 secs
				[ordinata_rettangolo tried 4/4] 3.8 secs
				[larghezza_rettangolo tried 4/4] 3.8 secs
				[numero_pagine tried 1/1] 3.8 secs

Best literal allineato_al_centro_verticale(C,D) (10.0 bits)


State (56997/57412 [7/21], 2.2 bits available)

				[= requires 9.8 bits]
				[tipo_testo requires 7.2 bits]
				[tipo_linea_orizzontale requires 7.2 bits]
				[tipo_misto requires 7.2 bits]
				[tipo_linea_obbliqua requires 7.2 bits]
				[tipo_immagine requires 7.2 bits]
				[tipo_vuoto requires 7.2 bits]
				[ultima_pagina tried 1/1] 3.8 secs
				[frame requires 8.0 bits]
				[pagina_1 requires 6.0 bits]
				[on_top requires 10.0 bits]
				[to_right requires 10.0 bits]
				[allineato_al_centro_verticale requires 10.0 bits]
				[allineato_al_centro_orizzontale requires 10.0 bits]
				[altezza_pagina tried 1/1] 3.8 secs
				[larghezza_pagina tried 1/1] 3.8 secs
				[altezza_rettangolo requires 6.4 bits]
				[ascissa_rettangolo requires 6.4 bits]
				[ordinata_rettangolo requires 6.4 bits]
				[larghezza_rettangolo requires 6.4 bits]
				[numero_pagine tried 1/1] 3.8 secs

No literals

Recover to class_elsevier(A) :- pagina_1(A,B), frame(B,C), tipo_misto(C), on_top(C,D), allineato_al_centro_verticale(C,E), on_top(C,E), on_top(D,F).



State (672/777 [7/22], 33.8 bits available)

				[= tried 6/6] 3.8 secs
				[tipo_testo tried 4/4] 3.8 secs
				[tipo_linea_orizzontale tried 4/4] 3.8 secs
				[tipo_misto tried 3/4] 3.8 secs
				[tipo_linea_obbliqua tried 4/4] 3.8 secs
				[tipo_immagine tried 4/4] 3.8 secs
				[tipo_vuoto tried 4/4] 3.8 secs
				[ultima_pagina tried 1/1] 3.8 secs
				[frame tried 7/8] 3.8 secs
				[pagina_1 tried 2/3] 3.8 secs
				[on_top tried 14/18] 3.8 secs
				[to_right tried 18/18] 3.8 secs
				[allineato_al_centro_verticale tried 17/18] 3.8 secs
				[allineato_al_centro_orizzontale tried 9/18] 3.8 secs
				[altezza_pagina tried 1/1] 3.8 secs
				[larghezza_pagina tried 1/1] 3.8 secs
				[altezza_rettangolo tried 3/3] 3.8 secs
				[ascissa_rettangolo tried 3/3] 3.8 secs
				[ordinata_rettangolo tried 3/3] 3.8 secs
				[larghezza_rettangolo tried 3/3] 3.8 secs
				[numero_pagine tried 1/1] 3.8 secs

	Save on_top(C,G) (7,22 value 24.9)

Best literal on_top(E,G) (8.6 bits)


State (2704/2862 [7/21], 28.1 bits available)

				[= tried 10/10] 3.8 secs
				[tipo_testo tried 5/5] 3.8 secs
				[tipo_linea_orizzontale tried 5/5] 3.8 secs
				[tipo_misto tried 4/5] 3.8 secs
				[tipo_linea_obbliqua tried 5/5] 3.8 secs
				[tipo_immagine tried 5/5] 3.8 secs
				[tipo_vuoto tried 5/5] 3.8 secs
				[ultima_pagina tried 1/1] 3.8 secs
				[frame tried 8/9] 3.8 secs
				[pagina_1 tried 2/3] 3.8 secs
				[on_top tried 20/26] 3.8 secs
				[to_right tried 26/26] 3.8 secs
				[allineato_al_centro_verticale tried 25/26] 3.8 secs
				[allineato_al_centro_orizzontale tried 14/26] 3.8 secs
				[altezza_pagina tried 1/1] 3.8 secs
				[larghezza_pagina tried 1/1] 3.8 secs
				[altezza_rettangolo tried 3/3] 3.8 secs
				[ascissa_rettangolo tried 3/3] 3.8 secs
				[ordinata_rettangolo tried 3/3] 3.8 secs
				[larghezza_rettangolo tried 3/3] 3.8 secs
				[numero_pagine tried 1/1] 3.8 secs

Best literal on_top(C,H) (9.1 bits)


State (22103/22716 [7/21], 22.0 bits available, 1 weak literal)

				[= tried 15/15] 3.8 secs
				[tipo_testo tried 6/6] 3.9 secs
				[tipo_linea_orizzontale tried 6/6] 3.9 secs
				[tipo_misto tried 5/6] 3.9 secs
				[tipo_linea_obbliqua tried 6/6] 3.9 secs
				[tipo_immagine tried 6/6] 3.9 secs
				[tipo_vuoto tried 6/6] 3.9 secs
				[ultima_pagina tried 1/1] 3.9 secs
				[frame tried 10/11] 3.9 secs
				[pagina_1 tried 2/3] 3.9 secs
				[on_top tried 30/38] 3.9 secs
				[to_right tried 38/38] 4.0 secs
				[allineato_al_centro_verticale tried 37/38] 4.0 secs
				[allineato_al_centro_orizzontale tried 18/38] 4.0 secs
				[altezza_pagina tried 1/1] 4.0 secs
				[larghezza_pagina tried 1/1] 4.0 secs
				[altezza_rettangolo tried 4/4] 4.0 secs
				[ascissa_rettangolo tried 4/4] 4.0 secs
				[ordinata_rettangolo tried 4/4] 4.0 secs
				[larghezza_rettangolo tried 4/4] 4.0 secs
				[numero_pagine tried 1/1] 4.0 secs

Best literal on_top(H,I) (9.6 bits)


State (81454/82392 [7/21], 15.5 bits available)

				[= tried 21/21] 4.0 secs
				[tipo_testo tried 7/7] 4.1 secs
				[tipo_linea_orizzontale tried 7/7] 4.1 secs
				[tipo_misto tried 6/7] 4.1 secs
				[tipo_linea_obbliqua tried 7/7] 4.1 secs
				[tipo_immagine tried 7/7] 4.1 secs
				[tipo_vuoto tried 7/7] 4.1 secs
				[ultima_pagina tried 1/1] 4.1 secs
				[frame tried 11/12] 4.2 secs
				[pagina_1 tried 2/3] 4.2 secs
				[on_top tried 41/50] 4.4 secs
				[to_right tried 50/50] 4.5 secs
				[allineato_al_centro_verticale tried 49/50] 4.7 secs
				[allineato_al_centro_orizzontale tried 26/50] 4.7 secs
				[altezza_pagina tried 1/1] 4.7 secs
				[larghezza_pagina tried 1/1] 4.7 secs
				[altezza_rettangolo tried 4/4] 4.8 secs
				[ascissa_rettangolo tried 4/4] 4.8 secs
				[ordinata_rettangolo tried 4/4] 4.8 secs
				[larghezza_rettangolo tried 4/4] 4.8 secs
				[numero_pagine tried 1/1] 4.8 secs

	Save on_top(E,D) (6,13 value 24.5)
	Save on_top(E,H) (6,13 value 24.5)
	Save allineato_al_centro_verticale(C,D) (7,21 value 25.3)
	Save allineato_al_centro_verticale(C,H) (7,21 value 25.3)

Best literal allineato_al_centro_verticale(C,G) (10.0 bits)


State (43029/43282 [6/13], 2.8 bits available)

				[= requires 9.8 bits]
				[tipo_testo requires 7.2 bits]
				[tipo_linea_orizzontale requires 7.2 bits]
				[tipo_misto requires 7.2 bits]
				[tipo_linea_obbliqua requires 7.2 bits]
				[tipo_immagine requires 7.2 bits]
				[tipo_vuoto requires 7.2 bits]
				[ultima_pagina tried 1/1] 4.8 secs
				[frame requires 8.0 bits]
				[pagina_1 tried 2/3] 4.8 secs
				[on_top requires 10.0 bits]
				[to_right requires 10.0 bits]
				[allineato_al_centro_verticale requires 10.0 bits]
				[allineato_al_centro_orizzontale requires 10.0 bits]
				[altezza_pagina tried 1/1] 4.8 secs
				[larghezza_pagina tried 1/1] 4.8 secs
				[altezza_rettangolo requires 6.4 bits]
				[ascissa_rettangolo requires 6.4 bits]
				[ordinata_rettangolo requires 6.4 bits]
				[larghezza_rettangolo requires 6.4 bits]
				[numero_pagine tried 1/1] 4.8 secs

No literals

Recover to class_elsevier(A) :- pagina_1(A,B), frame(B,C), tipo_misto(C), on_top(C,D), allineato_al_centro_verticale(C,E), on_top(C,E), on_top(D,F), on_top(E,G), on_top(C,H), on_top(H,I), allineato_al_centro_verticale(C,D).



State (65496/66044 [7/21], 8.8 bits available)

				[= tried 21/21] 4.9 secs
				[tipo_testo tried 7/7] 4.9 secs
				[tipo_linea_orizzontale tried 7/7] 4.9 secs
				[tipo_misto tried 6/7] 4.9 secs
				[tipo_linea_obbliqua tried 7/7] 4.9 secs
				[tipo_immagine tried 7/7] 4.9 secs
				[tipo_vuoto tried 7/7] 4.9 secs
				[ultima_pagina tried 1/1] 4.9 secs
				[frame tried 11/12] 5.0 secs
				[pagina_1 tried 2/3] 5.0 secs
				[on_top tried 41/50] 5.1 secs
				[to_right tried 50/50] 5.3 secs
				[allineato_al_centro_verticale tried 48/50] 5.4 secs
				[allineato_al_centro_orizzontale tried 26/50] 5.4 secs
				[altezza_pagina tried 1/1] 5.5 secs
				[larghezza_pagina tried 1/1] 5.5 secs
				[altezza_rettangolo tried 4/4] 5.5 secs
				[ascissa_rettangolo tried 4/4] 5.5 secs
				[ordinata_rettangolo tried 4/4] 5.5 secs
				[larghezza_rettangolo tried 4/4] 5.5 secs
				[numero_pagine tried 1/1] 5.5 secs

Best literal allineato_al_centro_verticale(C,H) (10.0 bits)


State (56997/57412 [7/21], 2.2 bits available)

				[= requires 9.8 bits]
				[tipo_testo requires 7.2 bits]
				[tipo_linea_orizzontale requires 7.2 bits]
				[tipo_misto requires 7.2 bits]
				[tipo_linea_obbliqua requires 7.2 bits]
				[tipo_immagine requires 7.2 bits]
				[tipo_vuoto requires 7.2 bits]
				[ultima_pagina tried 1/1] 5.5 secs
				[frame requires 8.0 bits]
				[pagina_1 requires 6.0 bits]
				[on_top requires 10.0 bits]
				[to_right requires 10.0 bits]
				[allineato_al_centro_verticale requires 10.0 bits]
				[allineato_al_centro_orizzontale requires 10.0 bits]
				[altezza_pagina tried 1/1] 5.5 secs
				[larghezza_pagina tried 1/1] 5.5 secs
				[altezza_rettangolo requires 6.4 bits]
				[ascissa_rettangolo requires 6.4 bits]
				[ordinata_rettangolo requires 6.4 bits]
				[larghezza_rettangolo requires 6.4 bits]
				[numero_pagine tried 1/1] 5.5 secs

No literals

Recover to class_elsevier(A) :- pagina_1(A,B), frame(B,C), tipo_misto(C), on_top(C,D), allineato_al_centro_verticale(C,E), on_top(C,E), on_top(D,F), on_top(E,G), on_top(C,H), on_top(H,I), allineato_al_centro_verticale(C,H).



State (65496/66044 [7/21], 8.8 bits available)

				[= tried 21/21] 5.6 secs
				[tipo_testo tried 7/7] 5.6 secs
				[tipo_linea_orizzontale tried 7/7] 5.6 secs
				[tipo_misto tried 6/7] 5.6 secs
				[tipo_linea_obbliqua tried 7/7] 5.6 secs
				[tipo_immagine tried 7/7] 5.6 secs
				[tipo_vuoto tried 7/7] 5.6 secs
				[ultima_pagina tried 1/1] 5.6 secs
				[frame tried 11/12] 5.7 secs
				[pagina_1 tried 2/3] 5.7 secs
				[on_top tried 41/50] 5.8 secs
				[to_right tried 50/50] 6.0 secs
				[allineato_al_centro_verticale tried 48/50] 6.1 secs
				[allineato_al_centro_orizzontale tried 26/50] 6.1 secs
				[altezza_pagina tried 1/1] 6.2 secs
				[larghezza_pagina tried 1/1] 6.2 secs
				[altezza_rettangolo tried 4/4] 6.2 secs
				[ascissa_rettangolo tried 4/4] 6.2 secs
				[ordinata_rettangolo tried 4/4] 6.2 secs
				[larghezza_rettangolo tried 4/4] 6.2 secs
				[numero_pagine tried 1/1] 6.2 secs

Best literal allineato_al_centro_verticale(C,D) (10.0 bits)


State (56997/57412 [7/21], 2.2 bits available)

				[= requires 9.8 bits]
				[tipo_testo requires 7.2 bits]
				[tipo_linea_orizzontale requires 7.2 bits]
				[tipo_misto requires 7.2 bits]
				[tipo_linea_obbliqua requires 7.2 bits]
				[tipo_immagine requires 7.2 bits]
				[tipo_vuoto requires 7.2 bits]
				[ultima_pagina tried 1/1] 6.2 secs
				[frame requires 8.0 bits]
				[pagina_1 requires 6.0 bits]
				[on_top requires 10.0 bits]
				[to_right requires 10.0 bits]
				[allineato_al_centro_verticale requires 10.0 bits]
				[allineato_al_centro_orizzontale requires 10.0 bits]
				[altezza_pagina tried 1/1] 6.2 secs
				[larghezza_pagina tried 1/1] 6.2 secs
				[altezza_rettangolo requires 6.4 bits]
				[ascissa_rettangolo requires 6.4 bits]
				[ordinata_rettangolo requires 6.4 bits]
				[larghezza_rettangolo requires 6.4 bits]
				[numero_pagine tried 1/1] 6.2 secs

No literals

Recover to class_elsevier(A) :- pagina_1(A,B), frame(B,C), tipo_misto(C), on_top(C,D), allineato_al_centro_verticale(C,E), on_top(C,E), on_top(D,F), on_top(C,G).



State (5259/5649 [7/22], 28.1 bits available, 1 weak literal)

				[= tried 10/10] 6.2 secs
				[tipo_testo tried 5/5] 6.2 secs
				[tipo_linea_orizzontale tried 5/5] 6.2 secs
				[tipo_misto tried 4/5] 6.2 secs
				[tipo_linea_obbliqua tried 5/5] 6.2 secs
				[tipo_immagine tried 5/5] 6.2 secs
				[tipo_vuoto tried 5/5] 6.2 secs
				[ultima_pagina tried 1/1] 6.2 secs
				[frame tried 9/10] 6.2 secs
				[pagina_1 tried 2/3] 6.2 secs
				[on_top tried 22/28] 6.3 secs
				[to_right tried 28/28] 6.3 secs
				[allineato_al_centro_verticale tried 27/28] 6.3 secs
				[allineato_al_centro_orizzontale tried 12/28] 6.3 secs
				[altezza_pagina tried 1/1] 6.3 secs
				[larghezza_pagina tried 1/1] 6.3 secs
				[altezza_rettangolo tried 4/4] 6.3 secs
				[ascissa_rettangolo tried 4/4] 6.3 secs
				[ordinata_rettangolo tried 4/4] 6.3 secs
				[larghezza_rettangolo tried 4/4] 6.3 secs
				[numero_pagine tried 1/1] 6.3 secs

	Save on_top(G,H) (7,22 value 24.9)

Best literal on_top(E,H) (9.2 bits)


State (22103/22716 [7/21], 21.9 bits available)

				[= tried 15/15] 6.3 secs
				[tipo_testo tried 6/6] 6.3 secs
				[tipo_linea_orizzontale tried 6/6] 6.3 secs
				[tipo_misto tried 5/6] 6.3 secs
				[tipo_linea_obbliqua tried 6/6] 6.3 secs
				[tipo_immagine tried 6/6] 6.3 secs
				[tipo_vuoto tried 6/6] 6.3 secs
				[ultima_pagina tried 1/1] 6.3 secs
				[frame tried 10/11] 6.3 secs
				[pagina_1 tried 2/3] 6.3 secs
				[on_top tried 30/38] 6.4 secs
				[to_right tried 38/38] 6.4 secs
				[allineato_al_centro_verticale tried 37/38] 6.4 secs
				[allineato_al_centro_orizzontale tried 18/38] 6.4 secs
				[altezza_pagina tried 1/1] 6.4 secs
				[larghezza_pagina tried 1/1] 6.4 secs
				[altezza_rettangolo tried 4/4] 6.4 secs
				[ascissa_rettangolo tried 4/4] 6.4 secs
				[ordinata_rettangolo tried 4/4] 6.4 secs
				[larghezza_rettangolo tried 4/4] 6.5 secs
				[numero_pagine tried 1/1] 6.5 secs

Best literal on_top(G,I) (9.6 bits)


State (81454/82392 [7/21], 15.4 bits available)

				[= tried 21/21] 6.5 secs
				[tipo_testo tried 7/7] 6.5 secs
				[tipo_linea_orizzontale tried 7/7] 6.5 secs
				[tipo_misto tried 6/7] 6.5 secs
				[tipo_linea_obbliqua tried 7/7] 6.5 secs
				[tipo_immagine tried 7/7] 6.5 secs
				[tipo_vuoto tried 7/7] 6.6 secs
				[ultima_pagina tried 1/1] 6.6 secs
				[frame tried 11/12] 6.6 secs
				[pagina_1 tried 2/3] 6.6 secs
				[on_top tried 41/50] 6.8 secs
				[to_right tried 50/50] 7.0 secs
				[allineato_al_centro_verticale tried 49/50] 7.1 secs
				[allineato_al_centro_orizzontale tried 26/50] 7.2 secs
				[altezza_pagina tried 1/1] 7.2 secs
				[larghezza_pagina tried 1/1] 7.2 secs
				[altezza_rettangolo tried 4/4] 7.2 secs
				[ascissa_rettangolo tried 4/4] 7.2 secs
				[ordinata_rettangolo tried 4/4] 7.2 secs
				[larghezza_rettangolo tried 4/4] 7.2 secs
				[numero_pagine tried 1/1] 7.2 secs

	Save on_top(E,D) (6,13 value 24.5)
	Save on_top(E,G) (6,13 value 24.5)
	Save allineato_al_centro_verticale(C,D) (7,21 value 25.3)
	Save allineato_al_centro_verticale(C,G) (7,21 value 25.3)

Best literal allineato_al_centro_verticale(C,H) (10.0 bits)


State (43029/43282 [6/13], 2.6 bits available)

				[= requires 9.8 bits]
				[tipo_testo requires 7.2 bits]
				[tipo_linea_orizzontale requires 7.2 bits]
				[tipo_misto requires 7.2 bits]
				[tipo_linea_obbliqua requires 7.2 bits]
				[tipo_immagine requires 7.2 bits]
				[tipo_vuoto requires 7.2 bits]
				[ultima_pagina tried 1/1] 7.3 secs
				[frame requires 8.0 bits]
				[pagina_1 tried 2/3] 7.3 secs
				[on_top requires 10.0 bits]
				[to_right requires 10.0 bits]
				[allineato_al_centro_verticale requires 10.0 bits]
				[allineato_al_centro_orizzontale requires 10.0 bits]
				[altezza_pagina tried 1/1] 7.3 secs
				[larghezza_pagina tried 1/1] 7.3 secs
				[altezza_rettangolo requires 6.4 bits]
				[ascissa_rettangolo requires 6.4 bits]
				[ordinata_rettangolo requires 6.4 bits]
				[larghezza_rettangolo requires 6.4 bits]
				[numero_pagine tried 1/1] 7.3 secs

No literals

Recover to class_elsevier(A) :- pagina_1(A,B), frame(B,C), tipo_misto(C), on_top(C,D), allineato_al_centro_verticale(C,E), on_top(C,E), on_top(D,F), on_top(C,G), on_top(E,H), on_top(G,I), allineato_al_centro_verticale(C,D).



State (65496/66044 [7/21], 8.7 bits available)

				[= tried 21/21] 7.3 secs
				[tipo_testo tried 7/7] 7.3 secs
				[tipo_linea_orizzontale tried 7/7] 7.3 secs
				[tipo_misto tried 6/7] 7.3 secs
				[tipo_linea_obbliqua tried 7/7] 7.4 secs
				[tipo_immagine tried 7/7] 7.4 secs
				[tipo_vuoto tried 7/7] 7.4 secs
				[ultima_pagina tried 1/1] 7.4 secs
				[frame tried 11/12] 7.4 secs
				[pagina_1 tried 2/3] 7.4 secs
				[on_top tried 41/50] 7.6 secs
				[to_right tried 50/50] 7.7 secs
				[allineato_al_centro_verticale tried 48/50] 7.9 secs
				[allineato_al_centro_orizzontale tried 26/50] 7.9 secs
				[altezza_pagina tried 1/1] 7.9 secs
				[larghezza_pagina tried 1/1] 7.9 secs
				[altezza_rettangolo tried 4/4] 7.9 secs
				[ascissa_rettangolo tried 4/4] 7.9 secs
				[ordinata_rettangolo tried 4/4] 7.9 secs
				[larghezza_rettangolo tried 4/4] 7.9 secs
				[numero_pagine tried 1/1] 8.0 secs

Best literal allineato_al_centro_verticale(C,G) (10.0 bits)


State (56997/57412 [7/21], 2.1 bits available)

				[= requires 9.8 bits]
				[tipo_testo requires 7.2 bits]
				[tipo_linea_orizzontale requires 7.2 bits]
				[tipo_misto requires 7.2 bits]
				[tipo_linea_obbliqua requires 7.2 bits]
				[tipo_immagine requires 7.2 bits]
				[tipo_vuoto requires 7.2 bits]
				[ultima_pagina tried 1/1] 8.0 secs
				[frame requires 8.0 bits]
				[pagina_1 requires 6.0 bits]
				[on_top requires 10.0 bits]
				[to_right requires 10.0 bits]
				[allineato_al_centro_verticale requires 10.0 bits]
				[allineato_al_centro_orizzontale requires 10.0 bits]
				[altezza_pagina tried 1/1] 8.0 secs
				[larghezza_pagina tried 1/1] 8.0 secs
				[altezza_rettangolo requires 6.4 bits]
				[ascissa_rettangolo requires 6.4 bits]
				[ordinata_rettangolo requires 6.4 bits]
				[larghezza_rettangolo requires 6.4 bits]
				[numero_pagine tried 1/1] 8.0 secs

No literals

Recover to class_elsevier(A) :- pagina_1(A,B), frame(B,C), tipo_misto(C), on_top(C,D), allineato_al_centro_verticale(C,E), on_top(C,E), on_top(D,F), on_top(C,G), on_top(E,H), on_top(G,I), allineato_al_centro_verticale(C,G).



State (65496/66044 [7/21], 8.7 bits available)

				[= tried 21/21] 8.0 secs
				[tipo_testo tried 7/7] 8.0 secs
				[tipo_linea_orizzontale tried 7/7] 8.0 secs
				[tipo_misto tried 6/7] 8.0 secs
				[tipo_linea_obbliqua tried 7/7] 8.1 secs
				[tipo_immagine tried 7/7] 8.1 secs
				[tipo_vuoto tried 7/7] 8.1 secs
				[ultima_pagina tried 1/1] 8.1 secs
				[frame tried 11/12] 8.1 secs
				[pagina_1 tried 2/3] 8.1 secs
				[on_top tried 41/50] 8.3 secs
				[to_right tried 50/50] 8.4 secs
				[allineato_al_centro_verticale tried 48/50] 8.6 secs
				[allineato_al_centro_orizzontale tried 26/50] 8.6 secs
				[altezza_pagina tried 1/1] 8.6 secs
				[larghezza_pagina tried 1/1] 8.6 secs
				[altezza_rettangolo tried 4/4] 8.6 secs
				[ascissa_rettangolo tried 4/4] 8.6 secs
				[ordinata_rettangolo tried 4/4] 8.6 secs
				[larghezza_rettangolo tried 4/4] 8.7 secs
				[numero_pagine tried 1/1] 8.7 secs

Best literal allineato_al_centro_verticale(C,D) (10.0 bits)


State (56997/57412 [7/21], 2.1 bits available)

				[= requires 9.8 bits]
				[tipo_testo requires 7.2 bits]
				[tipo_linea_orizzontale requires 7.2 bits]
				[tipo_misto requires 7.2 bits]
				[tipo_linea_obbliqua requires 7.2 bits]
				[tipo_immagine requires 7.2 bits]
				[tipo_vuoto requires 7.2 bits]
				[ultima_pagina tried 1/1] 8.7 secs
				[frame requires 8.0 bits]
				[pagina_1 requires 6.0 bits]
				[on_top requires 10.0 bits]
				[to_right requires 10.0 bits]
				[allineato_al_centro_verticale requires 10.0 bits]
				[allineato_al_centro_orizzontale requires 10.0 bits]
				[altezza_pagina tried 1/1] 8.7 secs
				[larghezza_pagina tried 1/1] 8.7 secs
				[altezza_rettangolo requires 6.4 bits]
				[ascissa_rettangolo requires 6.4 bits]
				[ordinata_rettangolo requires 6.4 bits]
				[larghezza_rettangolo requires 6.4 bits]
				[numero_pagine tried 1/1] 8.7 secs

No literals

Recover to class_elsevier(A) :- pagina_1(A,B), frame(B,C), tipo_misto(C), on_top(C,D), allineato_al_centro_verticale(C,E), on_top(C,E), on_top(D,F), on_top(C,G), on_top(G,H).



State (18612/19179 [7/22], 21.9 bits available)

				[= tried 15/15] 8.7 secs
				[tipo_testo tried 6/6] 8.7 secs
				[tipo_linea_orizzontale tried 6/6] 8.7 secs
				[tipo_misto tried 5/6] 8.7 secs
				[tipo_linea_obbliqua tried 6/6] 8.7 secs
				[tipo_immagine tried 6/6] 8.7 secs
				[tipo_vuoto tried 6/6] 8.7 secs
				[ultima_pagina tried 1/1] 8.7 secs
				[frame tried 10/11] 8.7 secs
				[pagina_1 tried 2/3] 8.7 secs
				[on_top tried 31/38] 8.7 secs
				[to_right tried 38/38] 8.8 secs
				[allineato_al_centro_verticale tried 37/38] 8.8 secs
				[allineato_al_centro_orizzontale tried 18/38] 8.8 secs
				[altezza_pagina tried 1/1] 8.8 secs
				[larghezza_pagina tried 1/1] 8.8 secs
				[altezza_rettangolo tried 4/4] 8.8 secs
				[ascissa_rettangolo tried 4/4] 8.8 secs
				[ordinata_rettangolo tried 4/4] 8.8 secs
				[larghezza_rettangolo tried 4/4] 8.8 secs
				[numero_pagine tried 1/1] 8.8 secs

Best literal on_top(E,I) (9.6 bits)


State (81454/82392 [7/21], 15.4 bits available)

				[= tried 21/21] 8.9 secs
				[tipo_testo tried 7/7] 8.9 secs
				[tipo_linea_orizzontale tried 7/7] 8.9 secs
				[tipo_misto tried 6/7] 8.9 secs
				[tipo_linea_obbliqua tried 7/7] 8.9 secs
				[tipo_immagine tried 7/7] 8.9 secs
				[tipo_vuoto tried 7/7] 8.9 secs
				[ultima_pagina tried 1/1] 8.9 secs
				[frame tried 11/12] 9.0 secs
				[pagina_1 tried 2/3] 9.0 secs
				[on_top tried 41/50] 9.2 secs
				[to_right tried 50/50] 9.3 secs
				[allineato_al_centro_verticale tried 49/50] 9.5 secs
				[allineato_al_centro_orizzontale tried 26/50] 9.5 secs
				[altezza_pagina tried 1/1] 9.5 secs
				[larghezza_pagina tried 1/1] 9.5 secs
				[altezza_rettangolo tried 4/4] 9.6 secs
				[ascissa_rettangolo tried 4/4] 9.6 secs
				[ordinata_rettangolo tried 4/4] 9.6 secs
				[larghezza_rettangolo tried 4/4] 9.6 secs
				[numero_pagine tried 1/1] 9.6 secs

	Save on_top(E,D) (6,13 value 24.5)
	Save on_top(E,G) (6,13 value 24.5)
	Save allineato_al_centro_verticale(C,D) (7,21 value 25.3)
	Save allineato_al_centro_verticale(C,G) (7,21 value 25.3)

Best literal allineato_al_centro_verticale(C,I) (10.0 bits)


State (43029/43282 [6/13], 2.6 bits available)

				[= requires 9.8 bits]
				[tipo_testo requires 7.2 bits]
				[tipo_linea_orizzontale requires 7.2 bits]
				[tipo_misto requires 7.2 bits]
				[tipo_linea_obbliqua requires 7.2 bits]
				[tipo_immagine requires 7.2 bits]
				[tipo_vuoto requires 7.2 bits]
				[ultima_pagina tried 1/1] 9.6 secs
				[frame requires 8.0 bits]
				[pagina_1 tried 2/3] 9.6 secs
				[on_top requires 10.0 bits]
				[to_right requires 10.0 bits]
				[allineato_al_centro_verticale requires 10.0 bits]
				[allineato_al_centro_orizzontale requires 10.0 bits]
				[altezza_pagina tried 1/1] 9.6 secs
				[larghezza_pagina tried 1/1] 9.6 secs
				[altezza_rettangolo requires 6.4 bits]
				[ascissa_rettangolo requires 6.4 bits]
				[ordinata_rettangolo requires 6.4 bits]
				[larghezza_rettangolo requires 6.4 bits]
				[numero_pagine tried 1/1] 9.6 secs

No literals

Recover to class_elsevier(A) :- pagina_1(A,B), frame(B,C), tipo_misto(C), on_top(C,D), allineato_al_centro_verticale(C,E), on_top(C,E), on_top(D,F), on_top(C,G), on_top(G,H), on_top(E,I), allineato_al_centro_verticale(C,D).



State (65496/66044 [7/21], 8.7 bits available)

				[= tried 21/21] 9.7 secs
				[tipo_testo tried 7/7] 9.7 secs
				[tipo_linea_orizzontale tried 7/7] 9.7 secs
				[tipo_misto tried 6/7] 9.7 secs
				[tipo_linea_obbliqua tried 7/7] 9.7 secs
				[tipo_immagine tried 7/7] 9.7 secs
				[tipo_vuoto tried 7/7] 9.7 secs
				[ultima_pagina tried 1/1] 9.7 secs
				[frame tried 11/12] 9.8 secs
				[pagina_1 tried 2/3] 9.8 secs
				[on_top tried 41/50] 9.9 secs
				[to_right tried 50/50] 10.1 secs
				[allineato_al_centro_verticale tried 48/50] 10.2 secs
				[allineato_al_centro_orizzontale tried 26/50] 10.2 secs
				[altezza_pagina tried 1/1] 10.2 secs
				[larghezza_pagina tried 1/1] 10.2 secs
				[altezza_rettangolo tried 4/4] 10.3 secs
				[ascissa_rettangolo tried 4/4] 10.3 secs
				[ordinata_rettangolo tried 4/4] 10.3 secs
				[larghezza_rettangolo tried 4/4] 10.3 secs
				[numero_pagine tried 1/1] 10.3 secs

Best literal allineato_al_centro_verticale(C,G) (10.0 bits)


State (56997/57412 [7/21], 2.1 bits available)

				[= requires 9.8 bits]
				[tipo_testo requires 7.2 bits]
				[tipo_linea_orizzontale requires 7.2 bits]
				[tipo_misto requires 7.2 bits]
				[tipo_linea_obbliqua requires 7.2 bits]
				[tipo_immagine requires 7.2 bits]
				[tipo_vuoto requires 7.2 bits]
				[ultima_pagina tried 1/1] 10.3 secs
				[frame requires 8.0 bits]
				[pagina_1 requires 6.0 bits]
				[on_top requires 10.0 bits]
				[to_right requires 10.0 bits]
				[allineato_al_centro_verticale requires 10.0 bits]
				[allineato_al_centro_orizzontale requires 10.0 bits]
				[altezza_pagina tried 1/1] 10.3 secs
				[larghezza_pagina tried 1/1] 10.3 secs
				[altezza_rettangolo requires 6.4 bits]
				[ascissa_rettangolo requires 6.4 bits]
				[ordinata_rettangolo requires 6.4 bits]
				[larghezza_rettangolo requires 6.4 bits]
				[numero_pagine tried 1/1] 10.3 secs

No literals

Recover to class_elsevier(A) :- pagina_1(A,B), frame(B,C), tipo_misto(C), on_top(C,D), allineato_al_centro_verticale(C,E), on_top(C,E), on_top(D,F), on_top(C,G), on_top(G,H), on_top(E,I), allineato_al_centro_verticale(C,G).



State (65496/66044 [7/21], 8.7 bits available)

				[= tried 21/21] 10.4 secs
				[tipo_testo tried 7/7] 10.4 secs
				[tipo_linea_orizzontale tried 7/7] 10.4 secs
				[tipo_misto tried 6/7] 10.4 secs
				[tipo_linea_obbliqua tried 7/7] 10.4 secs
				[tipo_immagine tried 7/7] 10.4 secs
				[tipo_vuoto tried 7/7] 10.4 secs
				[ultima_pagina tried 1/1] 10.4 secs
				[frame tried 11/12] 10.5 secs
				[pagina_1 tried 2/3] 10.5 secs
				[on_top tried 41/50] 10.6 secs
				[to_right tried 50/50] 10.8 secs
				[allineato_al_centro_verticale tried 48/50] 10.9 secs
				[allineato_al_centro_orizzontale tried 26/50] 10.9 secs
				[altezza_pagina tried 1/1] 10.9 secs
				[larghezza_pagina tried 1/1] 10.9 secs
				[altezza_rettangolo tried 4/4] 11.0 secs
				[ascissa_rettangolo tried 4/4] 11.0 secs
				[ordinata_rettangolo tried 4/4] 11.0 secs
				[larghezza_rettangolo tried 4/4] 11.0 secs
				[numero_pagine tried 1/1] 11.0 secs

Best literal allineato_al_centro_verticale(C,D) (10.0 bits)


State (56997/57412 [7/21], 2.1 bits available)

				[= requires 9.8 bits]
				[tipo_testo requires 7.2 bits]
				[tipo_linea_orizzontale requires 7.2 bits]
				[tipo_misto requires 7.2 bits]
				[tipo_linea_obbliqua requires 7.2 bits]
				[tipo_immagine requires 7.2 bits]
				[tipo_vuoto requires 7.2 bits]
				[ultima_pagina tried 1/1] 11.0 secs
				[frame requires 8.0 bits]
				[pagina_1 requires 6.0 bits]
				[on_top requires 10.0 bits]
				[to_right requires 10.0 bits]
				[allineato_al_centro_verticale requires 10.0 bits]
				[allineato_al_centro_orizzontale requires 10.0 bits]
				[altezza_pagina tried 1/1] 11.0 secs
				[larghezza_pagina tried 1/1] 11.0 secs
				[altezza_rettangolo requires 6.4 bits]
				[ascissa_rettangolo requires 6.4 bits]
				[ordinata_rettangolo requires 6.4 bits]
				[larghezza_rettangolo requires 6.4 bits]
				[numero_pagine tried 1/1] 11.0 secs

No literals

Recover to class_elsevier(A) :- pagina_1(A,B), frame(B,C), tipo_misto(C), on_top(C,D), allineato_al_centro_verticale(C,E), on_top(C,E), on_top(E,F), on_top(D,G), on_top(C,H), on_top(H,I), on_top(E,D).



State (36423/36621 [6/13], 2.8 bits available)

				[= requires 9.8 bits]
				[tipo_testo requires 7.2 bits]
				[tipo_linea_orizzontale requires 7.2 bits]
				[tipo_misto requires 7.2 bits]
				[tipo_linea_obbliqua requires 7.2 bits]
				[tipo_immagine requires 7.2 bits]
				[tipo_vuoto requires 7.2 bits]
				[ultima_pagina tried 1/1] 11.0 secs
				[frame requires 8.0 bits]
				[pagina_1 tried 2/3] 11.1 secs
				[on_top requires 10.0 bits]
				[to_right requires 10.0 bits]
				[allineato_al_centro_verticale requires 10.0 bits]
				[allineato_al_centro_orizzontale requires 10.0 bits]
				[altezza_pagina tried 1/1] 11.1 secs
				[larghezza_pagina tried 1/1] 11.1 secs
				[altezza_rettangolo requires 6.4 bits]
				[ascissa_rettangolo requires 6.4 bits]
				[ordinata_rettangolo requires 6.4 bits]
				[larghezza_rettangolo requires 6.4 bits]
				[numero_pagine tried 1/1] 11.1 secs

No literals

Recover to class_elsevier(A) :- pagina_1(A,B), frame(B,C), tipo_misto(C), on_top(C,D), allineato_al_centro_verticale(C,E), on_top(C,E), on_top(E,F), on_top(D,G), on_top(C,H), on_top(H,I), on_top(E,H).



State (36423/36621 [6/13], 2.8 bits available)

				[= requires 9.8 bits]
				[tipo_testo requires 7.2 bits]
				[tipo_linea_orizzontale requires 7.2 bits]
				[tipo_misto requires 7.2 bits]
				[tipo_linea_obbliqua requires 7.2 bits]
				[tipo_immagine requires 7.2 bits]
				[tipo_vuoto requires 7.2 bits]
				[ultima_pagina tried 1/1] 11.1 secs
				[frame requires 8.0 bits]
				[pagina_1 tried 2/3] 11.1 secs
				[on_top requires 10.0 bits]
				[to_right requires 10.0 bits]
				[allineato_al_centro_verticale requires 10.0 bits]
				[allineato_al_centro_orizzontale requires 10.0 bits]
				[altezza_pagina tried 1/1] 11.1 secs
				[larghezza_pagina tried 1/1] 11.1 secs
				[altezza_rettangolo requires 6.4 bits]
				[ascissa_rettangolo requires 6.4 bits]
				[ordinata_rettangolo requires 6.4 bits]
				[larghezza_rettangolo requires 6.4 bits]
				[numero_pagine tried 1/1] 11.1 secs

No literals

Recover to class_elsevier(A) :- pagina_1(A,B), frame(B,C), tipo_misto(C), on_top(C,D), allineato_al_centro_verticale(C,E), on_top(C,E), on_top(D,F), on_top(E,G), on_top(C,H), on_top(H,I), on_top(E,D).



State (36423/36621 [6/13], 2.8 bits available)

				[= requires 9.8 bits]
				[tipo_testo requires 7.2 bits]
				[tipo_linea_orizzontale requires 7.2 bits]
				[tipo_misto requires 7.2 bits]
				[tipo_linea_obbliqua requires 7.2 bits]
				[tipo_immagine requires 7.2 bits]
				[tipo_vuoto requires 7.2 bits]
				[ultima_pagina tried 1/1] 11.1 secs
				[frame requires 8.0 bits]
				[pagina_1 tried 2/3] 11.1 secs
				[on_top requires 10.0 bits]
				[to_right requires 10.0 bits]
				[allineato_al_centro_verticale requires 10.0 bits]
				[allineato_al_centro_orizzontale requires 10.0 bits]
				[altezza_pagina tried 1/1] 11.1 secs
				[larghezza_pagina tried 1/1] 11.1 secs
				[altezza_rettangolo requires 6.4 bits]
				[ascissa_rettangolo requires 6.4 bits]
				[ordinata_rettangolo requires 6.4 bits]
				[larghezza_rettangolo requires 6.4 bits]
				[numero_pagine tried 1/1] 11.1 secs

No literals

Recover to class_elsevier(A) :- pagina_1(A,B), frame(B,C), tipo_misto(C), on_top(C,D), allineato_al_centro_verticale(C,E), on_top(C,E), on_top(D,F), on_top(E,G), on_top(C,H), on_top(H,I), on_top(E,H).



State (36423/36621 [6/13], 2.8 bits available)

				[= requires 9.8 bits]
				[tipo_testo requires 7.2 bits]
				[tipo_linea_orizzontale requires 7.2 bits]
				[tipo_misto requires 7.2 bits]
				[tipo_linea_obbliqua requires 7.2 bits]
				[tipo_immagine requires 7.2 bits]
				[tipo_vuoto requires 7.2 bits]
				[ultima_pagina tried 1/1] 11.1 secs
				[frame requires 8.0 bits]
				[pagina_1 tried 2/3] 11.1 secs
				[on_top requires 10.0 bits]
				[to_right requires 10.0 bits]
				[allineato_al_centro_verticale requires 10.0 bits]
				[allineato_al_centro_orizzontale requires 10.0 bits]
				[altezza_pagina tried 1/1] 11.1 secs
				[larghezza_pagina tried 1/1] 11.1 secs
				[altezza_rettangolo requires 6.4 bits]
				[ascissa_rettangolo requires 6.4 bits]
				[ordinata_rettangolo requires 6.4 bits]
				[larghezza_rettangolo requires 6.4 bits]
				[numero_pagine tried 1/1] 11.1 secs

No literals

Recover to class_elsevier(A) :- pagina_1(A,B), frame(B,C), tipo_misto(C), on_top(C,D), allineato_al_centro_verticale(C,E), on_top(C,E), on_top(D,F), on_top(C,G), on_top(E,H), on_top(G,I), on_top(E,D).



State (36423/36621 [6/13], 2.6 bits available)

				[= requires 9.8 bits]
				[tipo_testo requires 7.2 bits]
				[tipo_linea_orizzontale requires 7.2 bits]
				[tipo_misto requires 7.2 bits]
				[tipo_linea_obbliqua requires 7.2 bits]
				[tipo_immagine requires 7.2 bits]
				[tipo_vuoto requires 7.2 bits]
				[ultima_pagina tried 1/1] 11.2 secs
				[frame requires 8.0 bits]
				[pagina_1 tried 2/3] 11.2 secs
				[on_top requires 10.0 bits]
				[to_right requires 10.0 bits]
				[allineato_al_centro_verticale requires 10.0 bits]
				[allineato_al_centro_orizzontale requires 10.0 bits]
				[altezza_pagina tried 1/1] 11.2 secs
				[larghezza_pagina tried 1/1] 11.2 secs
				[altezza_rettangolo requires 6.4 bits]
				[ascissa_rettangolo requires 6.4 bits]
				[ordinata_rettangolo requires 6.4 bits]
				[larghezza_rettangolo requires 6.4 bits]
				[numero_pagine tried 1/1] 11.2 secs

No literals

Recover to class_elsevier(A) :- pagina_1(A,B), frame(B,C), tipo_misto(C), on_top(C,D), allineato_al_centro_verticale(C,E), on_top(C,E), on_top(D,F), on_top(C,G), on_top(E,H), on_top(G,I), on_top(E,G).



State (36423/36621 [6/13], 2.6 bits available)

				[= requires 9.8 bits]
				[tipo_testo requires 7.2 bits]
				[tipo_linea_orizzontale requires 7.2 bits]
				[tipo_misto requires 7.2 bits]
				[tipo_linea_obbliqua requires 7.2 bits]
				[tipo_immagine requires 7.2 bits]
				[tipo_vuoto requires 7.2 bits]
				[ultima_pagina tried 1/1] 11.2 secs
				[frame requires 8.0 bits]
				[pagina_1 tried 2/3] 11.2 secs
				[on_top requires 10.0 bits]
				[to_right requires 10.0 bits]
				[allineato_al_centro_verticale requires 10.0 bits]
				[allineato_al_centro_orizzontale requires 10.0 bits]
				[altezza_pagina tried 1/1] 11.2 secs
				[larghezza_pagina tried 1/1] 11.2 secs
				[altezza_rettangolo requires 6.4 bits]
				[ascissa_rettangolo requires 6.4 bits]
				[ordinata_rettangolo requires 6.4 bits]
				[larghezza_rettangolo requires 6.4 bits]
				[numero_pagine tried 1/1] 11.2 secs

No literals

Recover to class_elsevier(A) :- pagina_1(A,B), frame(B,C), tipo_misto(C), on_top(C,D), allineato_al_centro_verticale(C,E), on_top(C,E), on_top(D,F), on_top(C,G), on_top(G,H), on_top(E,I), on_top(E,D).



State (36423/36621 [6/13], 2.6 bits available)

				[= requires 9.8 bits]
				[tipo_testo requires 7.2 bits]
				[tipo_linea_orizzontale requires 7.2 bits]
				[tipo_misto requires 7.2 bits]
				[tipo_linea_obbliqua requires 7.2 bits]
				[tipo_immagine requires 7.2 bits]
				[tipo_vuoto requires 7.2 bits]
				[ultima_pagina tried 1/1] 11.2 secs
				[frame requires 8.0 bits]
				[pagina_1 tried 2/3] 11.2 secs
				[on_top requires 10.0 bits]
				[to_right requires 10.0 bits]
				[allineato_al_centro_verticale requires 10.0 bits]
				[allineato_al_centro_orizzontale requires 10.0 bits]
				[altezza_pagina tried 1/1] 11.2 secs
				[larghezza_pagina tried 1/1] 11.2 secs
				[altezza_rettangolo requires 6.4 bits]
				[ascissa_rettangolo requires 6.4 bits]
				[ordinata_rettangolo requires 6.4 bits]
				[larghezza_rettangolo requires 6.4 bits]
				[numero_pagine tried 1/1] 11.2 secs

No literals

Recover to class_elsevier(A) :- pagina_1(A,B), frame(B,C), tipo_misto(C), on_top(C,D), allineato_al_centro_verticale(C,E), on_top(C,E), on_top(D,F), on_top(C,G), on_top(G,H), on_top(E,I), on_top(E,G).



State (36423/36621 [6/13], 2.6 bits available)

				[= requires 9.8 bits]
				[tipo_testo requires 7.2 bits]
				[tipo_linea_orizzontale requires 7.2 bits]
				[tipo_misto requires 7.2 bits]
				[tipo_linea_obbliqua requires 7.2 bits]
				[tipo_immagine requires 7.2 bits]
				[tipo_vuoto requires 7.2 bits]
				[ultima_pagina tried 1/1] 11.3 secs
				[frame requires 8.0 bits]
				[pagina_1 tried 2/3] 11.3 secs
				[on_top requires 10.0 bits]
				[to_right requires 10.0 bits]
				[allineato_al_centro_verticale requires 10.0 bits]
				[allineato_al_centro_orizzontale requires 10.0 bits]
				[altezza_pagina tried 1/1] 11.3 secs
				[larghezza_pagina tried 1/1] 11.3 secs
				[altezza_rettangolo requires 6.4 bits]
				[ascissa_rettangolo requires 6.4 bits]
				[ordinata_rettangolo requires 6.4 bits]
				[larghezza_rettangolo requires 6.4 bits]
				[numero_pagine tried 1/1] 11.3 secs

No literals

Recover to class_elsevier(A) :- pagina_1(A,B), frame(B,C), tipo_misto(C), on_top(C,D), allineato_al_centro_verticale(C,E), on_top(D,F).



State (688/983 [7/30], 39.2 bits available)

				[= tried 6/6] 11.3 secs
				[tipo_testo tried 4/4] 11.3 secs
				[tipo_linea_orizzontale tried 4/4] 11.3 secs
				[tipo_misto tried 3/4] 11.3 secs
				[tipo_linea_obbliqua tried 4/4] 11.3 secs
				[tipo_immagine tried 4/4] 11.3 secs
				[tipo_vuoto tried 4/4] 11.3 secs
				[ultima_pagina tried 1/1] 11.3 secs
				[frame tried 7/8] 11.3 secs
				[pagina_1 tried 2/3] 11.3 secs
				[on_top tried 15/18] 11.3 secs
				[to_right tried 18/18] 11.3 secs
				[allineato_al_centro_verticale tried 16/18] 11.3 secs
				[allineato_al_centro_orizzontale tried 9/18] 11.3 secs
				[altezza_pagina tried 1/1] 11.3 secs
				[larghezza_pagina tried 1/1] 11.3 secs
				[altezza_rettangolo tried 3/3] 11.3 secs
				[ascissa_rettangolo tried 3/3] 11.3 secs
				[ordinata_rettangolo tried 3/3] 11.3 secs
				[larghezza_rettangolo tried 3/3] 11.3 secs
				[numero_pagine tried 1/1] 11.3 secs

	Save on_top(C,G) (7,30 value 21.9)

Best literal on_top(C,E) (8.6 bits)


State (672/777 [7/22], 33.2 bits available)

				[= tried 6/6] 11.3 secs
				[tipo_testo tried 4/4] 11.3 secs
				[tipo_linea_orizzontale tried 4/4] 11.3 secs
				[tipo_misto tried 3/4] 11.3 secs
				[tipo_linea_obbliqua tried 4/4] 11.3 secs
				[tipo_immagine tried 4/4] 11.3 secs
				[tipo_vuoto tried 4/4] 11.3 secs
				[ultima_pagina tried 1/1] 11.3 secs
				[frame tried 7/8] 11.3 secs
				[pagina_1 tried 2/3] 11.3 secs
				[on_top tried 14/18] 11.3 secs
				[to_right tried 18/18] 11.3 secs
				[allineato_al_centro_verticale tried 17/18] 11.3 secs
				[allineato_al_centro_orizzontale tried 9/18] 11.3 secs
				[altezza_pagina tried 1/1] 11.3 secs
				[larghezza_pagina tried 1/1] 11.3 secs
				[altezza_rettangolo tried 3/3] 11.3 secs
				[ascissa_rettangolo tried 3/3] 11.3 secs
				[ordinata_rettangolo tried 3/3] 11.3 secs
				[larghezza_rettangolo tried 3/3] 11.3 secs
				[numero_pagine tried 1/1] 11.3 secs

	Save on_top(C,G) (7,22 value 24.9)

Best literal on_top(E,G) (8.6 bits)


State (2704/2862 [7/21], 27.5 bits available)

				[= tried 10/10] 11.3 secs
				[tipo_testo tried 5/5] 11.3 secs
				[tipo_linea_orizzontale tried 5/5] 11.3 secs
				[tipo_misto tried 4/5] 11.3 secs
				[tipo_linea_obbliqua tried 5/5] 11.3 secs
				[tipo_immagine tried 5/5] 11.3 secs
				[tipo_vuoto tried 5/5] 11.3 secs
				[ultima_pagina tried 1/1] 11.3 secs
				[frame tried 8/9] 11.3 secs
				[pagina_1 tried 2/3] 11.3 secs
				[on_top tried 20/26] 11.3 secs
				[to_right tried 26/26] 11.3 secs
				[allineato_al_centro_verticale tried 25/26] 11.3 secs
				[allineato_al_centro_orizzontale tried 14/26] 11.3 secs
				[altezza_pagina tried 1/1] 11.3 secs
				[larghezza_pagina tried 1/1] 11.3 secs
				[altezza_rettangolo tried 3/3] 11.3 secs
				[ascissa_rettangolo tried 3/3] 11.3 secs
				[ordinata_rettangolo tried 3/3] 11.3 secs
				[larghezza_rettangolo tried 3/3] 11.3 secs
				[numero_pagine tried 1/1] 11.3 secs

Best literal on_top(C,H) (9.1 bits)


State (22103/22716 [7/21], 21.4 bits available, 1 weak literal)

				[= tried 15/15] 11.3 secs
				[tipo_testo tried 6/6] 11.3 secs
				[tipo_linea_orizzontale tried 6/6] 11.3 secs
				[tipo_misto tried 5/6] 11.3 secs
				[tipo_linea_obbliqua tried 6/6] 11.3 secs
				[tipo_immagine tried 6/6] 11.3 secs
				[tipo_vuoto tried 6/6] 11.3 secs
				[ultima_pagina tried 1/1] 11.3 secs
				[frame tried 10/11] 11.3 secs
				[pagina_1 tried 2/3] 11.3 secs
				[on_top tried 30/38] 11.4 secs
				[to_right tried 38/38] 11.4 secs
				[allineato_al_centro_verticale tried 37/38] 11.4 secs
				[allineato_al_centro_orizzontale tried 18/38] 11.4 secs
				[altezza_pagina tried 1/1] 11.4 secs
				[larghezza_pagina tried 1/1] 11.4 secs
				[altezza_rettangolo tried 4/4] 11.5 secs
				[ascissa_rettangolo tried 4/4] 11.5 secs
				[ordinata_rettangolo tried 4/4] 11.5 secs
				[larghezza_rettangolo tried 4/4] 11.5 secs
				[numero_pagine tried 1/1] 11.5 secs

Best literal on_top(H,I) (9.6 bits)


State (81454/82392 [7/21], 14.9 bits available)

				[= tried 21/21] 11.5 secs
				[tipo_testo tried 7/7] 11.5 secs
				[tipo_linea_orizzontale tried 7/7] 11.5 secs
				[tipo_misto tried 6/7] 11.5 secs
				[tipo_linea_obbliqua tried 7/7] 11.6 secs
				[tipo_immagine tried 7/7] 11.6 secs
				[tipo_vuoto tried 7/7] 11.6 secs
				[ultima_pagina tried 1/1] 11.6 secs
				[frame tried 11/12] 11.6 secs
				[pagina_1 tried 2/3] 11.6 secs
				[on_top tried 41/50] 11.8 secs
				[to_right tried 50/50] 12.0 secs
				[allineato_al_centro_verticale tried 49/50] 12.1 secs
				[allineato_al_centro_orizzontale tried 26/50] 12.2 secs
				[altezza_pagina tried 1/1] 12.2 secs
				[larghezza_pagina tried 1/1] 12.2 secs
				[altezza_rettangolo tried 4/4] 12.2 secs
				[ascissa_rettangolo tried 4/4] 12.2 secs
				[ordinata_rettangolo tried 4/4] 12.2 secs
				[larghezza_rettangolo tried 4/4] 12.3 secs
				[numero_pagine tried 1/1] 12.3 secs

	Save on_top(E,D) (6,13 value 24.5)
	Save on_top(E,H) (6,13 value 24.5)
	Save allineato_al_centro_verticale(C,D) (7,21 value 25.3)
	Save allineato_al_centro_verticale(C,H) (7,21 value 25.3)

Best literal allineato_al_centro_verticale(C,G) (10.0 bits)


State (43029/43282 [6/13], 2.2 bits available)

				[= requires 9.8 bits]
				[tipo_testo requires 7.2 bits]
				[tipo_linea_orizzontale requires 7.2 bits]
				[tipo_misto requires 7.2 bits]
				[tipo_linea_obbliqua requires 7.2 bits]
				[tipo_immagine requires 7.2 bits]
				[tipo_vuoto requires 7.2 bits]
				[ultima_pagina tried 1/1] 12.3 secs
				[frame requires 8.0 bits]
				[pagina_1 requires 6.0 bits]
				[on_top requires 10.0 bits]
				[to_right requires 10.0 bits]
				[allineato_al_centro_verticale requires 10.0 bits]
				[allineato_al_centro_orizzontale requires 10.0 bits]
				[altezza_pagina tried 1/1] 12.3 secs
				[larghezza_pagina tried 1/1] 12.3 secs
				[altezza_rettangolo requires 6.4 bits]
				[ascissa_rettangolo requires 6.4 bits]
				[ordinata_rettangolo requires 6.4 bits]
				[larghezza_rettangolo requires 6.4 bits]
				[numero_pagine tried 1/1] 12.3 secs

No literals

Initial clause (7 errs): class_elsevier(A) :- pagina_1(A,B), frame(B,C), tipo_misto(C), on_top(C,D), allineato_al_centro_verticale(C,E), on_top(D,F), on_top(C,E), on_top(E,G), on_top(C,H), on_top(H,I), allineato_al_centro_verticale(C,G).
		frame(B,C) needed for binding tipo_misto(C)
		pagina_1(A,B) needed for binding frame(B,C)

Clause too inaccurate (6/13)

***  Warning: the following definition
***  does not cover 7 tuples in the relation

class_elsevier(A) :- pagina_1(A,B), frame(B,C), allineato_al_centro_verticale(C,D), allineato_al_centro_verticale(E,C), allineato_al_centro_verticale(F,E), allineato_al_centro_verticale(D,G), tipo_linea_orizzontale(D).
class_elsevier(A) :- pagina_1(A,B), frame(B,C), tipo_linea_orizzontale(C), allineato_al_centro_verticale(C,D), to_right(D,C), allineato_al_centro_verticale(D,E).

Time 12.3 secs

Test relation class_elsevier
    (+)	d06090909531226302
    (+)	d06090909545726465
    (-)	d06053013195812598
Summary: 3 errors in 36 trials
