FOIL 6.4   [January 1996]
--------

    Options:
	no negated literals
	verbosity level 2

Types Documento and Pagina are not compatible
Types Documento and Frame are not compatible
Types Documento and NumeroPagine are not compatible
Types Documento and LarghezzaPagina are not compatible
Types Documento and AltezzaPagina are not compatible
Types Documento and AscissaRettangolo are not compatible
Types Documento and OrdinataRettangolo are not compatible
Types Documento and LarghezzaRettangolo are not compatible
Types Documento and AltezzaRettangolo are not compatible
Types Pagina and Frame are not compatible
Types Pagina and NumeroPagine are not compatible
Types Pagina and LarghezzaPagina are not compatible
Types Pagina and AltezzaPagina are not compatible
Types Pagina and AscissaRettangolo are not compatible
Types Pagina and OrdinataRettangolo are not compatible
Types Pagina and LarghezzaRettangolo are not compatible
Types Pagina and AltezzaRettangolo are not compatible
Types Frame and NumeroPagine are not compatible
Types Frame and LarghezzaPagina are not compatible
Types Frame and AltezzaPagina are not compatible
Types Frame and AscissaRettangolo are not compatible
Types Frame and OrdinataRettangolo are not compatible
Types Frame and LarghezzaRettangolo are not compatible
Types Frame and AltezzaRettangolo are not compatible
Types NumeroPagine and LarghezzaPagina are not compatible
Types NumeroPagine and AltezzaPagina are not compatible
Types NumeroPagine and AscissaRettangolo are not compatible
Types NumeroPagine and OrdinataRettangolo are not compatible
Types NumeroPagine and LarghezzaRettangolo are not compatible
Types NumeroPagine and AltezzaRettangolo are not compatible
Types LarghezzaPagina and AltezzaPagina are not compatible
Types LarghezzaPagina and AscissaRettangolo are not compatible
Types LarghezzaPagina and OrdinataRettangolo are not compatible
Types LarghezzaPagina and LarghezzaRettangolo are not compatible
Types LarghezzaPagina and AltezzaRettangolo are not compatible
Types AltezzaPagina and AscissaRettangolo are not compatible
Types AltezzaPagina and OrdinataRettangolo are not compatible
Types AltezzaPagina and LarghezzaRettangolo are not compatible
Types AltezzaPagina and AltezzaRettangolo are not compatible
Types AscissaRettangolo and OrdinataRettangolo are not compatible
Types AscissaRettangolo and LarghezzaRettangolo are not compatible
Types AscissaRettangolo and AltezzaRettangolo are not compatible
Types OrdinataRettangolo and LarghezzaRettangolo are not compatible
Types OrdinataRettangolo and AltezzaRettangolo are not compatible
Types LarghezzaRettangolo and AltezzaRettangolo are not compatible

Relation class_elsevier

Relation *allineato_al_centro_orizzontale

Relation *allineato_al_centro_verticale

Relation *altezza_pagina

Relation *larghezza_pagina

Relation *altezza_rettangolo

Relation *ascissa_rettangolo

Relation *ordinata_rettangolo

Relation *larghezza_rettangolo

Relation *frame

Relation *numero_pagine

Relation *on_top

Relation *to_right

Relation *pagina_1

Relation *ultima_pagina

Relation *tipo_immagine

Relation *tipo_linea_obbliqua

Relation *tipo_linea_orizzontale

Relation *tipo_misto

Relation *tipo_testo

Relation *tipo_vuoto

----------
class_elsevier:

State (54/317, 234.3 bits available)

				[pagina_1 tried 1/1] 0.1 secs
				[numero_pagine tried 1/1] 0.1 secs

Determinate literals
	pagina_1(A,B)


State (54/317, 234.3 bits available, 1 weak literal)

				[ultima_pagina tried 1/1] 0.1 secs
				[frame tried 1/1] 0.1 secs
				[pagina_1 tried 1/3] 0.1 secs
				[altezza_pagina tried 1/1] 0.1 secs
				[larghezza_pagina tried 1/1] 0.1 secs
				[numero_pagine tried 1/1] 0.1 secs

Best literal frame(B,C) (2.6 bits)


State (686/3463 [54/317], 231.7 bits available, 2 weak literals)

				[tipo_testo tried 1/1] 0.1 secs
				[tipo_linea_orizzontale tried 1/1] 0.1 secs
				[tipo_misto tried 1/1] 0.1 secs
				[tipo_linea_obbliqua tried 1/1] 0.1 secs
				[tipo_immagine tried 1/1] 0.1 secs
				[tipo_vuoto tried 1/1] 0.1 secs
				[ultima_pagina tried 1/1] 0.1 secs
				[frame tried 1/3] 0.1 secs
				[pagina_1 tried 2/3] 0.1 secs
				[on_top tried 2/2] 0.1 secs
				[to_right tried 2/2] 0.1 secs
				[allineato_al_centro_verticale tried 2/2] 0.1 secs
				[allineato_al_centro_orizzontale tried 2/2] 0.1 secs
				[altezza_pagina tried 1/1] 0.1 secs
				[larghezza_pagina tried 1/1] 0.1 secs
				[altezza_rettangolo tried 1/1] 0.1 secs
				[ascissa_rettangolo tried 1/1] 0.1 secs
				[ordinata_rettangolo tried 1/1] 0.1 secs
				[larghezza_rettangolo tried 1/1] 0.1 secs
				[numero_pagine tried 1/1] 0.1 secs

	Save allineato_al_centro_verticale(D,C) (54,316 value 0.2)
	Save tipo_linea_orizzontale(C) (46,60 value 99.1)

Best literal allineato_al_centro_verticale(C,D) (5.3 bits)


State (1933/4989 [54/316], 227.4 bits available)

				[= tried 1/1] 0.1 secs
				[tipo_testo tried 2/2] 0.1 secs
				[tipo_linea_orizzontale tried 2/2] 0.1 secs
				[tipo_misto tried 2/2] 0.1 secs
				[tipo_linea_obbliqua tried 2/2] 0.1 secs
				[tipo_immagine tried 2/2] 0.1 secs
				[tipo_vuoto tried 2/2] 0.1 secs
				[ultima_pagina tried 1/1] 0.1 secs
				[frame tried 4/5] 0.1 secs
				[pagina_1 tried 2/3] 0.1 secs
				[on_top tried 6/6] 0.1 secs
				[to_right tried 6/6] 0.1 secs
				[allineato_al_centro_verticale tried 4/6] 0.1 secs
				[allineato_al_centro_orizzontale tried 4/6] 0.1 secs
				[altezza_pagina tried 1/1] 0.1 secs
				[larghezza_pagina tried 1/1] 0.1 secs
				[altezza_rettangolo tried 2/2] 0.1 secs
				[ascissa_rettangolo tried 2/2] 0.1 secs
				[ordinata_rettangolo tried 2/2] 0.1 secs
				[larghezza_rettangolo tried 2/2] 0.1 secs
				[numero_pagine tried 1/1] 0.1 secs

	Save clause ending with tipo_linea_orizzontale(C) (cover 46, accuracy 93%)

	Save allineato_al_centro_verticale(D,E) (54,310 value 1.7)
	Save allineato_al_centro_verticale(E,C) (54,310 value 1.7)

Best literal allineato_al_centro_verticale(E,D) (7.0 bits)


State (11205/21079 [54/316], 222.0 bits available, 1 weak literal)

				[= tried 3/3] 0.1 secs
				[tipo_testo tried 3/3] 0.1 secs
				[tipo_linea_orizzontale tried 3/3] 0.1 secs
				[tipo_misto tried 3/3] 0.1 secs
				[tipo_linea_obbliqua tried 3/3] 0.1 secs
				[tipo_immagine tried 3/3] 0.1 secs
				[tipo_vuoto tried 3/3] 0.1 secs
				[ultima_pagina tried 1/1] 0.1 secs
				[frame tried 5/6] 0.1 secs
				[pagina_1 tried 2/3] 0.1 secs
				[on_top tried 10/10] 0.1 secs
				[to_right tried 10/10] 0.2 secs
				[allineato_al_centro_verticale tried 7/10] 0.2 secs
				[allineato_al_centro_orizzontale tried 6/10] 0.2 secs
				[altezza_pagina tried 1/1] 0.2 secs
				[larghezza_pagina tried 1/1] 0.2 secs
				[altezza_rettangolo tried 2/2] 0.2 secs
				[ascissa_rettangolo tried 2/2] 0.2 secs
				[ordinata_rettangolo tried 2/2] 0.2 secs
				[larghezza_rettangolo tried 2/2] 0.2 secs
				[numero_pagine tried 1/1] 0.2 secs

	Save allineato_al_centro_verticale(C,F) (54,316 value 0.2)
	Save allineato_al_centro_verticale(D,F) (54,310 value 1.7)

Best literal allineato_al_centro_verticale(F,C) (7.7 bits)


State (31984/46619 [54/310], 216.3 bits available)

				[= tried 6/6] 0.2 secs
				[tipo_testo tried 4/4] 0.2 secs
				[tipo_linea_orizzontale tried 4/4] 0.2 secs
				[tipo_misto tried 4/4] 0.2 secs
				[tipo_linea_obbliqua tried 4/4] 0.2 secs
				[tipo_immagine tried 4/4] 0.2 secs
				[tipo_vuoto tried 4/4] 0.2 secs
				[ultima_pagina tried 1/1] 0.2 secs
				[frame tried 7/8] 0.2 secs
				[pagina_1 tried 2/3] 0.2 secs
				[on_top tried 18/18] 0.3 secs
				[to_right tried 18/18] 0.3 secs
				[allineato_al_centro_verticale tried 13/18] 0.4 secs
				[allineato_al_centro_orizzontale tried 9/18] 0.4 secs
				[altezza_pagina tried 1/1] 0.4 secs
				[larghezza_pagina tried 1/1] 0.4 secs
				[altezza_rettangolo tried 3/3] 0.4 secs
				[ascissa_rettangolo tried 3/3] 0.4 secs
				[ordinata_rettangolo tried 3/3] 0.4 secs
				[larghezza_rettangolo tried 3/3] 0.4 secs
				[numero_pagine tried 1/1] 0.4 secs

	Save clause ending with tipo_linea_orizzontale(C) (cover 46, accuracy 95%)

	Save allineato_al_centro_verticale(D,G) (54,287 value 7.7)

Best literal allineato_al_centro_verticale(G,F) (8.6 bits)


State (57911/71405 [54/287], 210.0 bits available)

				[= tried 10/10] 0.4 secs
				[tipo_testo tried 5/5] 0.4 secs
				[tipo_linea_orizzontale tried 5/5] 0.4 secs
				[tipo_misto tried 5/5] 0.4 secs
				[tipo_linea_obbliqua tried 5/5] 0.5 secs
				[tipo_immagine tried 5/5] 0.5 secs
				[tipo_vuoto tried 5/5] 0.5 secs
				[ultima_pagina tried 1/1] 0.5 secs
				[frame tried 8/9] 0.5 secs
				[pagina_1 tried 2/3] 0.5 secs
				[on_top tried 26/26] 0.6 secs
				[to_right tried 26/26] 0.7 secs
				[allineato_al_centro_verticale tried 20/26] 0.8 secs
				[allineato_al_centro_orizzontale tried 14/26] 0.8 secs
				[altezza_pagina tried 1/1] 0.8 secs
				[larghezza_pagina tried 1/1] 0.8 secs
				[altezza_rettangolo tried 3/3] 0.8 secs
				[ascissa_rettangolo tried 3/3] 0.8 secs
				[ordinata_rettangolo tried 3/3] 0.8 secs
				[larghezza_rettangolo tried 3/3] 0.9 secs
				[numero_pagine tried 1/1] 0.9 secs

	Save clause ending with tipo_linea_orizzontale(F) (cover 45, accuracy 97%)

	Save tipo_linea_orizzontale(C) (41,43 value 101.0)
	Save tipo_linea_orizzontale(D) (38,39 value 94.8)

Best literal allineato_al_centro_verticale(D,H) (9.1 bits)


State (55879/62434 [54/232], 203.5 bits available)

				[= tried 15/15] 0.9 secs
				[tipo_testo tried 6/6] 0.9 secs
				[tipo_linea_orizzontale tried 6/6] 0.9 secs
				[tipo_misto tried 6/6] 0.9 secs
				[tipo_linea_obbliqua tried 6/6] 0.9 secs
				[tipo_immagine tried 6/6] 0.9 secs
				[tipo_vuoto tried 6/6] 0.9 secs
				[ultima_pagina tried 1/1] 0.9 secs
				[frame tried 9/10] 1.0 secs
				[pagina_1 tried 2/3] 1.0 secs
				[on_top tried 36/36] 1.1 secs
				[to_right tried 36/36] 1.2 secs
				[allineato_al_centro_verticale tried 28/36] 1.3 secs
				[allineato_al_centro_orizzontale tried 21/36] 1.4 secs
				[altezza_pagina tried 1/1] 1.4 secs
				[larghezza_pagina tried 1/1] 1.4 secs
				[altezza_rettangolo tried 3/3] 1.4 secs
				[ascissa_rettangolo tried 3/3] 1.4 secs
				[ordinata_rettangolo tried 3/3] 1.4 secs
				[larghezza_rettangolo tried 3/3] 1.4 secs
				[numero_pagine tried 1/1] 1.4 secs

	Save clause ending with tipo_linea_orizzontale(D) (cover 36, accuracy 100%)

	Save tipo_linea_orizzontale(C) (40,41 value 99.9)
	Save tipo_linea_orizzontale(H) (36,36 value 91.1)
	Save on_top(G,D) (54,164 value 51.1)
	Save on_top(G,C) (51,174 value 39.8)

Best literal tipo_linea_orizzontale(D) (7.0 bits)

Initial clause (0 errs): class_elsevier(A) :- pagina_1(A,B), frame(B,C), allineato_al_centro_verticale(C,D), allineato_al_centro_verticale(E,D), allineato_al_centro_verticale(F,C), allineato_al_centro_verticale(G,F), allineato_al_centro_verticale(D,H), tipo_linea_orizzontale(D).
		allineato_al_centro_verticale(F,C) needed for binding allineato_al_centro_verticale(G,F)
		allineato_al_centro_verticale(C,D) needed for binding allineato_al_centro_verticale(D,H)
		frame(B,C) needed for binding allineato_al_centro_verticale(C,D)
		pagina_1(A,B) needed for binding frame(B,C)

Clause 0: class_elsevier(A) :- pagina_1(A,B), frame(B,C), allineato_al_centro_verticale(C,D), allineato_al_centro_verticale(E,C), allineato_al_centro_verticale(F,E), allineato_al_centro_verticale(D,G), tipo_linea_orizzontale(D).

State (18/281, 115.1 bits available)

				[pagina_1 tried 1/1] 1.4 secs
				[numero_pagine tried 1/1] 1.4 secs

Determinate literals
	pagina_1(A,B)


State (18/281, 115.1 bits available, 1 weak literal)

				[ultima_pagina tried 1/1] 1.4 secs
				[frame tried 1/1] 1.4 secs
				[pagina_1 tried 1/3] 1.4 secs
				[altezza_pagina tried 1/1] 1.4 secs
				[larghezza_pagina tried 1/1] 1.4 secs
				[numero_pagine tried 1/1] 1.4 secs

Best literal frame(B,C) (2.6 bits)


State (193/2970 [18/281], 112.5 bits available, 2 weak literals)

				[tipo_testo tried 1/1] 1.4 secs
				[tipo_linea_orizzontale tried 1/1] 1.4 secs
				[tipo_misto tried 1/1] 1.4 secs
				[tipo_linea_obbliqua tried 1/1] 1.4 secs
				[tipo_immagine tried 1/1] 1.4 secs
				[tipo_vuoto tried 1/1] 1.4 secs
				[ultima_pagina tried 1/1] 1.4 secs
				[frame tried 1/3] 1.4 secs
				[pagina_1 tried 2/3] 1.4 secs
				[on_top tried 2/2] 1.4 secs
				[to_right tried 2/2] 1.4 secs
				[allineato_al_centro_verticale tried 2/2] 1.4 secs
				[allineato_al_centro_orizzontale tried 2/2] 1.4 secs
				[altezza_pagina tried 1/1] 1.4 secs
				[larghezza_pagina tried 1/1] 1.4 secs
				[altezza_rettangolo tried 1/1] 1.4 secs
				[ascissa_rettangolo tried 1/1] 1.4 secs
				[ordinata_rettangolo tried 1/1] 1.4 secs
				[larghezza_rettangolo tried 1/1] 1.4 secs
				[numero_pagine tried 1/1] 1.4 secs

	Save allineato_al_centro_verticale(C,D) (18,280 value 0.1)
	Save tipo_linea_orizzontale(C) (10,24 value 27.1)

Best literal allineato_al_centro_verticale(D,C) (5.3 bits)


State (464/3520 [18/280], 108.2 bits available)

				[= tried 1/1] 1.4 secs
				[tipo_testo tried 2/2] 1.4 secs
				[tipo_linea_orizzontale tried 2/2] 1.4 secs
				[tipo_misto tried 2/2] 1.4 secs
				[tipo_linea_obbliqua tried 2/2] 1.4 secs
				[tipo_immagine tried 2/2] 1.4 secs
				[tipo_vuoto tried 2/2] 1.4 secs
				[ultima_pagina tried 1/1] 1.4 secs
				[frame tried 4/5] 1.4 secs
				[pagina_1 tried 2/3] 1.4 secs
				[on_top tried 6/6] 1.4 secs
				[to_right tried 6/6] 1.4 secs
				[allineato_al_centro_verticale tried 4/6] 1.4 secs
				[allineato_al_centro_orizzontale tried 6/6] 1.4 secs
				[altezza_pagina tried 1/1] 1.4 secs
				[larghezza_pagina tried 1/1] 1.4 secs
				[altezza_rettangolo tried 2/2] 1.4 secs
				[ascissa_rettangolo tried 2/2] 1.4 secs
				[ordinata_rettangolo tried 2/2] 1.4 secs
				[larghezza_rettangolo tried 2/2] 1.4 secs
				[numero_pagine tried 1/1] 1.4 secs

	Save allineato_al_centro_verticale(E,D) (18,274 value 0.7)
	Save tipo_linea_orizzontale(D) (10,13 value 35.4)
	Save allineato_al_centro_verticale(C,E) (18,274 value 0.7)

Best literal allineato_al_centro_verticale(D,E) (7.0 bits)


State (2326/12200 [18/280], 102.8 bits available, 1 weak literal)

				[= tried 3/3] 1.4 secs
				[tipo_testo tried 3/3] 1.4 secs
				[tipo_linea_orizzontale tried 3/3] 1.4 secs
				[tipo_misto tried 3/3] 1.4 secs
				[tipo_linea_obbliqua tried 3/3] 1.4 secs
				[tipo_immagine tried 3/3] 1.4 secs
				[tipo_vuoto tried 3/3] 1.4 secs
				[ultima_pagina tried 1/1] 1.4 secs
				[frame tried 5/6] 1.4 secs
				[pagina_1 tried 2/3] 1.5 secs
				[on_top tried 10/10] 1.5 secs
				[to_right tried 10/10] 1.5 secs
				[allineato_al_centro_verticale tried 7/10] 1.5 secs
				[allineato_al_centro_orizzontale tried 10/10] 1.5 secs
				[altezza_pagina tried 1/1] 1.5 secs
				[larghezza_pagina tried 1/1] 1.5 secs
				[altezza_rettangolo tried 2/2] 1.5 secs
				[ascissa_rettangolo tried 2/2] 1.5 secs
				[ordinata_rettangolo tried 2/2] 1.5 secs
				[larghezza_rettangolo tried 2/2] 1.5 secs
				[numero_pagine tried 1/1] 1.5 secs

	Save allineato_al_centro_verticale(C,F) (18,274 value 0.7)
	Save allineato_al_centro_verticale(F,C) (18,280 value 0.1)

Best literal tipo_linea_orizzontale(D) (6.0 bits)


State (516/543 [10/13], 60.1 bits available)

				[= tried 3/3] 1.5 secs
				[tipo_testo tried 3/3] 1.5 secs
				[tipo_linea_orizzontale tried 2/3] 1.5 secs
				[tipo_misto tried 3/3] 1.5 secs
				[tipo_linea_obbliqua tried 3/3] 1.5 secs
				[tipo_immagine tried 3/3] 1.5 secs
				[tipo_vuoto tried 3/3] 1.5 secs
				[ultima_pagina tried 1/1] 1.5 secs
				[frame tried 5/6] 1.5 secs
				[pagina_1 tried 2/3] 1.5 secs
				[on_top tried 10/10] 1.5 secs
				[to_right tried 10/10] 1.5 secs
				[allineato_al_centro_verticale tried 7/10] 1.5 secs
				[allineato_al_centro_orizzontale tried 6/10] 1.5 secs
				[altezza_pagina tried 1/1] 1.5 secs
				[larghezza_pagina tried 1/1] 1.5 secs
				[altezza_rettangolo tried 2/2] 1.5 secs
				[ascissa_rettangolo tried 2/2] 1.5 secs
				[ordinata_rettangolo tried 2/2] 1.5 secs
				[larghezza_rettangolo tried 2/2] 1.5 secs
				[numero_pagine tried 1/1] 1.5 secs

	Save clause ending with tipo_misto(C) (cover 6, accuracy 100%)

	Save allineato_al_centro_verticale(F,C) (10,13 value 35.4)
	Save to_right(C,D) (10,11 value 37.7)
	Save to_right(E,D) (10,11 value 37.7)

Best literal allineato_al_centro_verticale(C,F) (7.7 bits)


State (1362/1384 [10/13], 54.7 bits available)

				[= tried 6/6] 1.5 secs
				[tipo_testo tried 4/4] 1.5 secs
				[tipo_linea_orizzontale tried 3/4] 1.5 secs
				[tipo_misto tried 4/4] 1.5 secs
				[tipo_linea_obbliqua tried 4/4] 1.5 secs
				[tipo_immagine tried 4/4] 1.5 secs
				[tipo_vuoto tried 4/4] 1.5 secs
				[ultima_pagina tried 1/1] 1.5 secs
				[frame tried 7/8] 1.5 secs
				[pagina_1 tried 2/3] 1.5 secs
				[on_top tried 18/18] 1.5 secs
				[to_right tried 18/18] 1.5 secs
				[allineato_al_centro_verticale tried 13/18] 1.5 secs
				[allineato_al_centro_orizzontale tried 9/18] 1.5 secs
				[altezza_pagina tried 1/1] 1.5 secs
				[larghezza_pagina tried 1/1] 1.5 secs
				[altezza_rettangolo tried 3/3] 1.5 secs
				[ascissa_rettangolo tried 3/3] 1.5 secs
				[ordinata_rettangolo tried 3/3] 1.5 secs
				[larghezza_rettangolo tried 3/3] 1.5 secs
				[numero_pagine tried 1/1] 1.5 secs

	Save on_top(C,D) (9,10 value 33.8)

Best literal allineato_al_centro_verticale(F,G) (8.6 bits)


State (2181/2187 [10/12], 48.7 bits available)

				[= tried 10/10] 1.5 secs
				[tipo_testo tried 5/5] 1.5 secs
				[tipo_linea_orizzontale tried 4/5] 1.5 secs
				[tipo_misto tried 5/5] 1.5 secs
				[tipo_linea_obbliqua tried 5/5] 1.5 secs
				[tipo_immagine tried 5/5] 1.5 secs
				[tipo_vuoto tried 5/5] 1.5 secs
				[ultima_pagina tried 1/1] 1.5 secs
				[frame tried 8/9] 1.5 secs
				[pagina_1 tried 2/3] 1.5 secs
				[on_top tried 26/26] 1.5 secs
				[to_right tried 26/26] 1.5 secs
				[allineato_al_centro_verticale tried 20/26] 1.5 secs
				[allineato_al_centro_orizzontale tried 14/26] 1.5 secs
				[altezza_pagina tried 1/1] 1.5 secs
				[larghezza_pagina tried 1/1] 1.5 secs
				[altezza_rettangolo tried 3/3] 1.5 secs
				[ascissa_rettangolo tried 3/3] 1.5 secs
				[ordinata_rettangolo tried 3/3] 1.5 secs
				[larghezza_rettangolo tried 3/3] 1.5 secs
				[numero_pagine tried 1/1] 1.5 secs

	Save clause ending with on_top(F,D) (cover 9, accuracy 100%)

	Save on_top(F,D) (9,9 value 35.0)
	Save on_top(F,G) (9,9 value 35.0)

Best literal on_top(C,D) (9.1 bits)

[Replace by saved clause]

Initial clause (0 errs): class_elsevier(A) :- pagina_1(A,B), frame(B,C), allineato_al_centro_verticale(D,C), allineato_al_centro_verticale(D,E), tipo_linea_orizzontale(D), allineato_al_centro_verticale(C,F), allineato_al_centro_verticale(F,G), on_top(F,D).
		allineato_al_centro_verticale(C,F) needed for binding allineato_al_centro_verticale(F,G)
		allineato_al_centro_verticale(D,C) needed for binding tipo_linea_orizzontale(D)
		frame(B,C) needed for binding allineato_al_centro_verticale(D,C)
		pagina_1(A,B) needed for binding frame(B,C)

Clause 1: class_elsevier(A) :- pagina_1(A,B), frame(B,C), allineato_al_centro_verticale(D,C), tipo_linea_orizzontale(D), allineato_al_centro_verticale(C,E), allineato_al_centro_verticale(E,F), on_top(E,D).

State (9/272, 70.9 bits available)

				[pagina_1 tried 1/1] 1.5 secs
				[numero_pagine tried 1/1] 1.5 secs

Determinate literals
	pagina_1(A,B)


State (9/272, 70.9 bits available, 1 weak literal)

				[ultima_pagina tried 1/1] 1.5 secs
				[frame tried 1/1] 1.5 secs
				[pagina_1 tried 1/3] 1.5 secs
				[altezza_pagina tried 1/1] 1.5 secs
				[larghezza_pagina tried 1/1] 1.5 secs
				[numero_pagine tried 1/1] 1.5 secs

Best literal frame(B,C) (2.6 bits)


State (79/2856 [9/272], 68.3 bits available, 2 weak literals)

				[tipo_testo tried 1/1] 1.5 secs
				[tipo_linea_orizzontale tried 1/1] 1.5 secs
				[tipo_misto tried 1/1] 1.5 secs
				[tipo_linea_obbliqua tried 1/1] 1.5 secs
				[tipo_immagine tried 1/1] 1.5 secs
				[tipo_vuoto tried 1/1] 1.5 secs
				[ultima_pagina tried 1/1] 1.5 secs
				[frame tried 1/3] 1.5 secs
				[pagina_1 tried 2/3] 1.5 secs
				[on_top tried 2/2] 1.5 secs
				[to_right tried 2/2] 1.5 secs
				[allineato_al_centro_verticale tried 2/2] 1.5 secs
				[allineato_al_centro_orizzontale tried 2/2] 1.5 secs
				[altezza_pagina tried 1/1] 1.5 secs
				[larghezza_pagina tried 1/1] 1.5 secs
				[altezza_rettangolo tried 1/1] 1.5 secs
				[ascissa_rettangolo tried 1/1] 1.5 secs
				[ordinata_rettangolo tried 1/1] 1.5 secs
				[larghezza_rettangolo tried 1/1] 1.5 secs
				[numero_pagine tried 1/1] 1.5 secs

	Save allineato_al_centro_verticale(D,C) (9,271 value 0.0)
	Save tipo_misto(C) (9,105 value 12.3)

Best literal allineato_al_centro_verticale(C,D) (5.3 bits)


State (186/3242 [9/271], 64.0 bits available)

				[= tried 1/1] 1.5 secs
				[tipo_testo tried 2/2] 1.5 secs
				[tipo_linea_orizzontale tried 2/2] 1.5 secs
				[tipo_misto tried 2/2] 1.5 secs
				[tipo_linea_obbliqua tried 2/2] 1.5 secs
				[tipo_immagine tried 2/2] 1.5 secs
				[tipo_vuoto tried 2/2] 1.5 secs
				[ultima_pagina tried 1/1] 1.5 secs
				[frame tried 4/5] 1.5 secs
				[pagina_1 tried 2/3] 1.5 secs
				[on_top tried 6/6] 1.5 secs
				[to_right tried 6/6] 1.5 secs
				[allineato_al_centro_verticale tried 4/6] 1.5 secs
				[allineato_al_centro_orizzontale tried 4/6] 1.5 secs
				[altezza_pagina tried 1/1] 1.5 secs
				[larghezza_pagina tried 1/1] 1.5 secs
				[altezza_rettangolo tried 2/2] 1.5 secs
				[ascissa_rettangolo tried 2/2] 1.5 secs
				[ordinata_rettangolo tried 2/2] 1.5 secs
				[larghezza_rettangolo tried 2/2] 1.5 secs
				[numero_pagine tried 1/1] 1.5 secs

	Save tipo_misto(C) (8,59 value 16.3)

Best literal tipo_misto(D) (5.4 bits)


State (62/221 [9/56], 60.2 bits available)

				[= tried 1/1] 1.5 secs
				[tipo_testo tried 2/2] 1.5 secs
				[tipo_linea_orizzontale tried 2/2] 1.5 secs
				[tipo_misto tried 1/2] 1.5 secs
				[tipo_linea_obbliqua tried 2/2] 1.5 secs
				[tipo_immagine tried 2/2] 1.5 secs
				[tipo_vuoto tried 2/2] 1.5 secs
				[ultima_pagina tried 1/1] 1.5 secs
				[frame tried 4/5] 1.5 secs
				[pagina_1 tried 2/3] 1.5 secs
				[on_top tried 6/6] 1.5 secs
				[to_right tried 6/6] 1.5 secs
				[allineato_al_centro_verticale tried 5/6] 1.5 secs
				[allineato_al_centro_orizzontale tried 4/6] 1.5 secs
				[altezza_pagina tried 1/1] 1.5 secs
				[larghezza_pagina tried 1/1] 1.5 secs
				[altezza_rettangolo tried 2/2] 1.5 secs
				[ascissa_rettangolo tried 2/2] 1.5 secs
				[ordinata_rettangolo tried 2/2] 1.5 secs
				[larghezza_rettangolo tried 2/2] 1.5 secs
				[numero_pagine tried 1/1] 1.5 secs

	Save clause ending with tipo_linea_orizzontale(C) (cover 1, accuracy 100%)

Best literal on_top(D,E) (7.0 bits)


State (234/543 [9/54], 55.2 bits available)

				[= tried 3/3] 1.5 secs
				[tipo_testo tried 3/3] 1.5 secs
				[tipo_linea_orizzontale tried 3/3] 1.5 secs
				[tipo_misto tried 2/3] 1.5 secs
				[tipo_linea_obbliqua tried 3/3] 1.5 secs
				[tipo_immagine tried 3/3] 1.5 secs
				[tipo_vuoto tried 3/3] 1.5 secs
				[ultima_pagina tried 1/1] 1.5 secs
				[frame tried 5/6] 1.5 secs
				[pagina_1 tried 2/3] 1.5 secs
				[on_top tried 8/10] 1.5 secs
				[to_right tried 10/10] 1.5 secs
				[allineato_al_centro_verticale tried 9/10] 1.5 secs
				[allineato_al_centro_orizzontale tried 6/10] 1.5 secs
				[altezza_pagina tried 1/1] 1.5 secs
				[larghezza_pagina tried 1/1] 1.5 secs
				[altezza_rettangolo tried 2/2] 1.5 secs
				[ascissa_rettangolo tried 2/2] 1.5 secs
				[ordinata_rettangolo tried 2/2] 1.5 secs
				[larghezza_rettangolo tried 2/2] 1.5 secs
				[numero_pagine tried 1/1] 1.5 secs

	Save tipo_testo(E) (9,34 value 26.7)

Best literal on_top(D,C) (7.7 bits)


State (171/246 [8/24], 44.2 bits available)

				[= tried 3/3] 1.5 secs
				[tipo_testo tried 3/3] 1.5 secs
				[tipo_linea_orizzontale tried 3/3] 1.5 secs
				[tipo_misto tried 2/3] 1.5 secs
				[tipo_linea_obbliqua tried 3/3] 1.5 secs
				[tipo_immagine tried 3/3] 1.5 secs
				[tipo_vuoto tried 3/3] 1.5 secs
				[ultima_pagina tried 1/1] 1.5 secs
				[frame tried 5/6] 1.5 secs
				[pagina_1 tried 2/3] 1.5 secs
				[on_top tried 7/10] 1.5 secs
				[to_right tried 10/10] 1.5 secs
				[allineato_al_centro_verticale tried 9/10] 1.5 secs
				[allineato_al_centro_orizzontale tried 6/10] 1.5 secs
				[altezza_pagina tried 1/1] 1.5 secs
				[larghezza_pagina tried 1/1] 1.5 secs
				[altezza_rettangolo tried 2/2] 1.5 secs
				[ascissa_rettangolo tried 2/2] 1.5 secs
				[ordinata_rettangolo tried 2/2] 1.5 secs
				[larghezza_rettangolo tried 2/2] 1.5 secs
				[numero_pagine tried 1/1] 1.5 secs

Best literal on_top(C,F) (7.7 bits)


State (613/725 [8/22], 39.1 bits available)

				[= tried 6/6] 1.5 secs
				[tipo_testo tried 4/4] 1.5 secs
				[tipo_linea_orizzontale tried 4/4] 1.5 secs
				[tipo_misto tried 3/4] 1.5 secs
				[tipo_linea_obbliqua tried 4/4] 1.5 secs
				[tipo_immagine tried 4/4] 1.5 secs
				[tipo_vuoto tried 4/4] 1.5 secs
				[ultima_pagina tried 1/1] 1.5 secs
				[frame tried 7/8] 1.5 secs
				[pagina_1 tried 2/3] 1.5 secs
				[on_top tried 13/18] 1.5 secs
				[to_right tried 18/18] 1.5 secs
				[allineato_al_centro_verticale tried 17/18] 1.5 secs
				[allineato_al_centro_orizzontale tried 9/18] 1.5 secs
				[altezza_pagina tried 1/1] 1.5 secs
				[larghezza_pagina tried 1/1] 1.5 secs
				[altezza_rettangolo tried 3/3] 1.5 secs
				[ascissa_rettangolo tried 3/3] 1.5 secs
				[ordinata_rettangolo tried 3/3] 1.5 secs
				[larghezza_rettangolo tried 3/3] 1.5 secs
				[numero_pagine tried 1/1] 1.5 secs

	Save tipo_testo(E) (8,18 value 29.5)
	Save tipo_testo(C) (7,16 value 25.8)

Best literal on_top(F,G) (8.6 bits)


State (1196/1261 [7/14], 27.5 bits available)

				[= tried 10/10] 1.5 secs
				[tipo_testo tried 5/5] 1.5 secs
				[tipo_linea_orizzontale tried 5/5] 1.5 secs
				[tipo_misto tried 4/5] 1.5 secs
				[tipo_linea_obbliqua tried 5/5] 1.5 secs
				[tipo_immagine tried 5/5] 1.5 secs
				[tipo_vuoto tried 5/5] 1.5 secs
				[ultima_pagina tried 1/1] 1.5 secs
				[frame tried 8/9] 1.5 secs
				[pagina_1 tried 2/3] 1.5 secs
				[on_top tried 20/26] 1.5 secs
				[to_right tried 26/26] 1.5 secs
				[allineato_al_centro_verticale tried 21/26] 1.5 secs
				[allineato_al_centro_orizzontale tried 14/26] 1.5 secs
				[altezza_pagina tried 1/1] 1.5 secs
				[larghezza_pagina tried 1/1] 1.5 secs
				[altezza_rettangolo tried 3/3] 1.5 secs
				[ascissa_rettangolo tried 3/3] 1.5 secs
				[ordinata_rettangolo tried 3/3] 1.5 secs
				[larghezza_rettangolo tried 3/3] 1.5 secs
				[numero_pagine tried 1/1] 1.5 secs

Best literal tipo_testo(C) (6.7 bits)


State (1060/1075 [7/9], 23.8 bits available)

				[= tried 10/10] 1.5 secs
				[tipo_testo tried 4/5] 1.5 secs
				[tipo_linea_orizzontale tried 5/5] 1.5 secs
				[tipo_misto tried 4/5] 1.5 secs
				[tipo_linea_obbliqua tried 5/5] 1.5 secs
				[tipo_immagine tried 5/5] 1.5 secs
				[tipo_vuoto tried 5/5] 1.5 secs
				[ultima_pagina tried 1/1] 1.5 secs
				[frame tried 8/9] 1.5 secs
				[pagina_1 tried 2/3] 1.5 secs
				[on_top tried 20/26] 1.5 secs
				[to_right tried 26/26] 1.5 secs
				[allineato_al_centro_verticale tried 25/26] 1.5 secs
				[allineato_al_centro_orizzontale tried 14/26] 1.5 secs
				[altezza_pagina tried 1/1] 1.5 secs
				[larghezza_pagina tried 1/1] 1.5 secs
				[altezza_rettangolo tried 3/3] 1.5 secs
				[ascissa_rettangolo tried 3/3] 1.5 secs
				[ordinata_rettangolo tried 3/3] 1.5 secs
				[larghezza_rettangolo tried 3/3] 1.5 secs
				[numero_pagine tried 1/1] 1.5 secs

	Save clause ending with tipo_misto(F) (cover 6, accuracy 100%)

	Save allineato_al_centro_verticale(F,D) (5,5 value 23.9)

Best literal allineato_al_centro_verticale(F,H) (9.1 bits)


State (2518/2526 [6/7], 11.9 bits available)

				[= tried 15/15] 1.5 secs
				[tipo_testo tried 5/6] 1.5 secs
				[tipo_linea_orizzontale tried 6/6] 1.5 secs
				[tipo_misto tried 5/6] 1.5 secs
				[tipo_linea_obbliqua tried 6/6] 1.5 secs
				[tipo_immagine tried 6/6] 1.5 secs
				[tipo_vuoto tried 6/6] 1.5 secs
				[ultima_pagina tried 1/1] 1.5 secs
				[frame tried 9/10] 1.5 secs
				[pagina_1 tried 2/3] 1.5 secs
				[on_top tried 30/36] 1.5 secs
				[to_right tried 36/36] 1.6 secs
				[allineato_al_centro_verticale tried 28/36] 1.6 secs
				[allineato_al_centro_orizzontale tried 21/36] 1.6 secs
				[altezza_pagina tried 1/1] 1.6 secs
				[larghezza_pagina tried 1/1] 1.6 secs
				[altezza_rettangolo tried 3/3] 1.6 secs
				[ascissa_rettangolo tried 3/3] 1.6 secs
				[ordinata_rettangolo tried 3/3] 1.6 secs
				[larghezza_rettangolo tried 3/3] 1.6 secs
				[numero_pagine tried 1/1] 1.6 secs

Best literal on_top(D,H) (9.6 bits)

[Replace by saved clause]

Initial clause (0 errs): class_elsevier(A) :- pagina_1(A,B), frame(B,C), allineato_al_centro_verticale(C,D), tipo_misto(D), on_top(D,E), on_top(D,C), on_top(C,F), on_top(F,G), tipo_testo(C), tipo_misto(F).
		on_top(C,F) needed for binding on_top(F,G)
		allineato_al_centro_verticale(C,D) needed for binding tipo_misto(D)
		frame(B,C) needed for binding allineato_al_centro_verticale(C,D)
		pagina_1(A,B) needed for binding frame(B,C)

Clause 2: class_elsevier(A) :- pagina_1(A,B), frame(B,C), allineato_al_centro_verticale(C,D), tipo_misto(D), on_top(D,C), on_top(C,E), on_top(E,F), tipo_testo(C), tipo_misto(E).

State (3/266, 33.7 bits available)

				[pagina_1 tried 1/1] 1.6 secs
				[numero_pagine tried 1/1] 1.6 secs

Determinate literals
	pagina_1(A,B)


State (3/266, 33.7 bits available, 1 weak literal)

				[ultima_pagina tried 1/1] 1.6 secs
				[frame tried 1/1] 1.6 secs
				[pagina_1 tried 1/3] 1.6 secs
				[altezza_pagina tried 1/1] 1.6 secs
				[larghezza_pagina tried 1/1] 1.6 secs
				[numero_pagine tried 1/1] 1.6 secs

Best literal frame(B,C) (2.6 bits)


State (24/2801 [3/266], 31.1 bits available, 2 weak literals)

				[tipo_testo tried 1/1] 1.6 secs
				[tipo_linea_orizzontale tried 1/1] 1.6 secs
				[tipo_misto tried 1/1] 1.6 secs
				[tipo_linea_obbliqua tried 1/1] 1.6 secs
				[tipo_immagine tried 1/1] 1.6 secs
				[tipo_vuoto tried 1/1] 1.6 secs
				[ultima_pagina tried 1/1] 1.6 secs
				[frame tried 1/3] 1.6 secs
				[pagina_1 tried 2/3] 1.6 secs
				[on_top tried 2/2] 1.6 secs
				[to_right tried 2/2] 1.6 secs
				[allineato_al_centro_verticale tried 2/2] 1.6 secs
				[allineato_al_centro_orizzontale tried 2/2] 1.6 secs
				[altezza_pagina tried 1/1] 1.6 secs
				[larghezza_pagina tried 1/1] 1.6 secs
				[altezza_rettangolo tried 1/1] 1.6 secs
				[ascissa_rettangolo tried 1/1] 1.6 secs
				[ordinata_rettangolo tried 1/1] 1.6 secs
				[larghezza_rettangolo tried 1/1] 1.6 secs
				[numero_pagine tried 1/1] 1.6 secs

	Save allineato_al_centro_verticale(D,C) (3,265 value 0.0)
	Save tipo_misto(C) (3,99 value 4.3)

Best literal allineato_al_centro_verticale(C,D) (5.3 bits)


State (47/3103 [3/265], 26.8 bits available)

				[= tried 1/1] 1.6 secs
				[tipo_testo tried 2/2] 1.6 secs
				[tipo_linea_orizzontale tried 2/2] 1.6 secs
				[tipo_misto tried 2/2] 1.6 secs
				[tipo_linea_obbliqua tried 2/2] 1.6 secs
				[tipo_immagine tried 2/2] 1.6 secs
				[tipo_vuoto tried 2/2] 1.6 secs
				[ultima_pagina tried 1/1] 1.6 secs
				[frame tried 4/5] 1.6 secs
				[pagina_1 tried 2/3] 1.6 secs
				[on_top tried 6/6] 1.6 secs
				[to_right tried 6/6] 1.6 secs
				[allineato_al_centro_verticale tried 4/6] 1.6 secs
				[allineato_al_centro_orizzontale tried 4/6] 1.6 secs
				[altezza_pagina tried 1/1] 1.6 secs
				[larghezza_pagina tried 1/1] 1.6 secs
				[altezza_rettangolo tried 2/2] 1.6 secs
				[ascissa_rettangolo tried 2/2] 1.6 secs
				[ordinata_rettangolo tried 2/2] 1.6 secs
				[larghezza_rettangolo tried 2/2] 1.6 secs
				[numero_pagine tried 1/1] 1.6 secs

Best literal tipo_misto(C) (5.4 bits)


State (15/211 [2/53], 15.6 bits available)

				[= tried 1/1] 1.6 secs
				[tipo_testo tried 2/2] 1.6 secs
				[tipo_linea_orizzontale tried 2/2] 1.6 secs
				[tipo_misto tried 1/2] 1.6 secs
				[tipo_linea_obbliqua tried 2/2] 1.6 secs
				[tipo_immagine tried 2/2] 1.6 secs
				[tipo_vuoto tried 2/2] 1.6 secs
				[ultima_pagina tried 1/1] 1.6 secs
				[frame tried 4/5] 1.6 secs
				[pagina_1 tried 2/3] 1.6 secs
				[on_top tried 6/6] 1.6 secs
				[to_right tried 6/6] 1.6 secs
				[allineato_al_centro_verticale tried 4/6] 1.6 secs
				[allineato_al_centro_orizzontale tried 4/6] 1.6 secs
				[altezza_pagina tried 1/1] 1.6 secs
				[larghezza_pagina tried 1/1] 1.6 secs
				[altezza_rettangolo tried 2/2] 1.6 secs
				[ascissa_rettangolo tried 2/2] 1.6 secs
				[ordinata_rettangolo tried 2/2] 1.6 secs
				[larghezza_rettangolo tried 2/2] 1.6 secs
				[numero_pagine tried 1/1] 1.6 secs

Best literal on_top(C,D) (7.0 bits)


State (10/42 [2/19], 10.6 bits available)

				[= tried 1/1] 1.6 secs
				[tipo_testo tried 2/2] 1.6 secs
				[tipo_linea_orizzontale tried 2/2] 1.6 secs
				[tipo_misto tried 1/2] 1.6 secs
				[tipo_linea_obbliqua tried 2/2] 1.6 secs
				[tipo_immagine tried 2/2] 1.6 secs
				[tipo_vuoto tried 2/2] 1.6 secs
				[ultima_pagina tried 1/1] 1.6 secs
				[frame tried 4/5] 1.6 secs
				[pagina_1 tried 2/3] 1.6 secs
				[on_top tried 5/6] 1.6 secs
				[to_right tried 6/6] 1.6 secs
				[allineato_al_centro_verticale tried 5/6] 1.6 secs
				[allineato_al_centro_orizzontale tried 4/6] 1.6 secs
				[altezza_pagina tried 1/1] 1.6 secs
				[larghezza_pagina tried 1/1] 1.6 secs
				[altezza_rettangolo tried 2/2] 1.6 secs
				[ascissa_rettangolo tried 2/2] 1.6 secs
				[ordinata_rettangolo tried 2/2] 1.6 secs
				[larghezza_rettangolo tried 2/2] 1.6 secs
				[numero_pagine tried 1/1] 1.6 secs

	Save on_top(D,E) (2,17 value 7.0)

Best literal on_top(C,E) (7.0 bits)


State (56/153 [2/19], 6.0 bits available, 1 weak literal)

				[= tried 3/3] 1.6 secs
				[tipo_testo tried 3/3] 1.6 secs
				[tipo_linea_orizzontale tried 3/3] 1.6 secs
				[tipo_misto tried 2/3] 1.6 secs
				[tipo_linea_obbliqua tried 3/3] 1.6 secs
				[tipo_immagine tried 3/3] 1.6 secs
				[tipo_vuoto tried 3/3] 1.6 secs
				[ultima_pagina tried 1/1] 1.6 secs
				[frame tried 6/7] 1.6 secs
				[pagina_1 tried 2/3] 1.6 secs
				[on_top tried 9/12] 1.6 secs
				[to_right tried 12/12] 1.6 secs
				[allineato_al_centro_verticale tried 11/12] 1.6 secs
				[allineato_al_centro_orizzontale tried 6/12] 1.6 secs
				[altezza_pagina tried 1/1] 1.6 secs
				[larghezza_pagina tried 1/1] 1.6 secs
				[altezza_rettangolo tried 3/3] 1.6 secs
				[ascissa_rettangolo tried 3/3] 1.6 secs
				[ordinata_rettangolo tried 3/3] 1.6 secs
				[larghezza_rettangolo tried 3/3] 1.6 secs
				[numero_pagine tried 1/1] 1.6 secs

	Save on_top(E,F) (2,18 value 6.8)

Best literal on_top(D,F) (8.0 bits)


State (169/303 [2/17], 0.6 bits available)

				[= requires 8.0 bits]
				[tipo_testo requires 6.4 bits]
				[tipo_linea_orizzontale requires 6.4 bits]
				[tipo_misto requires 6.4 bits]
				[tipo_linea_obbliqua requires 6.4 bits]
				[tipo_immagine requires 6.4 bits]
				[tipo_vuoto requires 6.4 bits]
				[ultima_pagina requires 4.4 bits]
				[frame requires 7.4 bits]
				[pagina_1 requires 6.0 bits]
				[on_top requires 8.6 bits]
				[to_right requires 8.6 bits]
				[allineato_al_centro_verticale requires 8.6 bits]
				[allineato_al_centro_orizzontale requires 8.6 bits]
				[altezza_pagina requires 4.4 bits]
				[larghezza_pagina requires 4.4 bits]
				[altezza_rettangolo requires 6.0 bits]
				[ascissa_rettangolo requires 6.0 bits]
				[ordinata_rettangolo requires 6.0 bits]
				[larghezza_rettangolo requires 6.0 bits]
				[numero_pagine requires 4.4 bits]

No literals

Recover to class_elsevier(A) :- pagina_1(A,B), frame(B,C), allineato_al_centro_verticale(C,D), tipo_misto(C), on_top(C,D), on_top(D,E).



State (27/68 [2/17], 6.0 bits available)

				[= tried 3/3] 1.6 secs
				[tipo_testo tried 3/3] 1.6 secs
				[tipo_linea_orizzontale tried 3/3] 1.6 secs
				[tipo_misto tried 2/3] 1.6 secs
				[tipo_linea_obbliqua tried 3/3] 1.6 secs
				[tipo_immagine tried 3/3] 1.6 secs
				[tipo_vuoto tried 3/3] 1.6 secs
				[ultima_pagina tried 1/1] 1.6 secs
				[frame tried 5/6] 1.6 secs
				[pagina_1 tried 2/3] 1.6 secs
				[on_top tried 7/10] 1.6 secs
				[to_right tried 10/10] 1.6 secs
				[allineato_al_centro_verticale tried 9/10] 1.6 secs
				[allineato_al_centro_orizzontale tried 6/10] 1.6 secs
				[altezza_pagina tried 1/1] 1.6 secs
				[larghezza_pagina tried 1/1] 1.6 secs
				[altezza_rettangolo tried 2/2] 1.6 secs
				[ascissa_rettangolo tried 2/2] 1.6 secs
				[ordinata_rettangolo tried 2/2] 1.6 secs
				[larghezza_rettangolo tried 2/2] 1.6 secs
				[numero_pagine tried 1/1] 1.6 secs

	Save tipo_testo(D) (2,13 value 7.7)
	Save allineato_al_centro_verticale(C,E) (2,10 value 8.4)

Best literal on_top(C,F) (7.7 bits)


State (169/303 [2/17], 0.8 bits available, 1 weak literal)

				[= requires 8.0 bits]
				[tipo_testo requires 6.4 bits]
				[tipo_linea_orizzontale requires 6.4 bits]
				[tipo_misto requires 6.4 bits]
				[tipo_linea_obbliqua requires 6.4 bits]
				[tipo_immagine requires 6.4 bits]
				[tipo_vuoto requires 6.4 bits]
				[ultima_pagina requires 4.4 bits]
				[frame requires 7.4 bits]
				[pagina_1 requires 6.0 bits]
				[on_top requires 8.6 bits]
				[to_right requires 8.6 bits]
				[allineato_al_centro_verticale requires 8.6 bits]
				[allineato_al_centro_orizzontale requires 8.6 bits]
				[altezza_pagina requires 4.4 bits]
				[larghezza_pagina requires 4.4 bits]
				[altezza_rettangolo requires 6.0 bits]
				[ascissa_rettangolo requires 6.0 bits]
				[ordinata_rettangolo requires 6.0 bits]
				[larghezza_rettangolo requires 6.0 bits]
				[numero_pagine requires 4.4 bits]

No literals

Recover to class_elsevier(A) :- pagina_1(A,B), frame(B,C), allineato_al_centro_verticale(C,D), tipo_misto(C), on_top(C,D), on_top(D,E), allineato_al_centro_verticale(C,E).



State (16/26 [2/10], 0.8 bits available)

				[= requires 7.0 bits]
				[tipo_testo requires 6.0 bits]
				[tipo_linea_orizzontale requires 6.0 bits]
				[tipo_misto requires 6.0 bits]
				[tipo_linea_obbliqua requires 6.0 bits]
				[tipo_immagine requires 6.0 bits]
				[tipo_vuoto requires 6.0 bits]
				[ultima_pagina requires 4.4 bits]
				[frame requires 7.0 bits]
				[pagina_1 requires 6.0 bits]
				[on_top requires 7.7 bits]
				[to_right requires 7.7 bits]
				[allineato_al_centro_verticale requires 7.7 bits]
				[allineato_al_centro_orizzontale requires 7.7 bits]
				[altezza_pagina requires 4.4 bits]
				[larghezza_pagina requires 4.4 bits]
				[altezza_rettangolo requires 5.4 bits]
				[ascissa_rettangolo requires 5.4 bits]
				[ordinata_rettangolo requires 5.4 bits]
				[larghezza_rettangolo requires 5.4 bits]
				[numero_pagine requires 4.4 bits]

No literals

Recover to class_elsevier(A) :- pagina_1(A,B), frame(B,C), allineato_al_centro_verticale(C,D), tipo_misto(C), on_top(C,D), on_top(D,E), tipo_testo(D).



State (26/49 [2/13], 2.6 bits available)

				[= requires 7.0 bits]
				[tipo_testo requires 6.0 bits]
				[tipo_linea_orizzontale requires 6.0 bits]
				[tipo_misto requires 6.0 bits]
				[tipo_linea_obbliqua requires 6.0 bits]
				[tipo_immagine requires 6.0 bits]
				[tipo_vuoto requires 6.0 bits]
				[ultima_pagina tried 1/1] 1.6 secs
				[frame requires 7.0 bits]
				[pagina_1 requires 6.0 bits]
				[on_top requires 7.7 bits]
				[to_right requires 7.7 bits]
				[allineato_al_centro_verticale requires 7.7 bits]
				[allineato_al_centro_orizzontale requires 7.7 bits]
				[altezza_pagina tried 1/1] 1.6 secs
				[larghezza_pagina tried 1/1] 1.6 secs
				[altezza_rettangolo requires 5.4 bits]
				[ascissa_rettangolo requires 5.4 bits]
				[ordinata_rettangolo requires 5.4 bits]
				[larghezza_rettangolo requires 5.4 bits]
				[numero_pagine tried 1/1] 1.6 secs

No literals

Recover to class_elsevier(A) :- pagina_1(A,B), frame(B,C), allineato_al_centro_verticale(C,D), tipo_misto(C), on_top(C,D), on_top(C,E), on_top(E,F).



State (145/257 [2/18], 0.6 bits available)

				[= requires 8.0 bits]
				[tipo_testo requires 6.4 bits]
				[tipo_linea_orizzontale requires 6.4 bits]
				[tipo_misto requires 6.4 bits]
				[tipo_linea_obbliqua requires 6.4 bits]
				[tipo_immagine requires 6.4 bits]
				[tipo_vuoto requires 6.4 bits]
				[ultima_pagina requires 4.4 bits]
				[frame requires 7.4 bits]
				[pagina_1 requires 6.0 bits]
				[on_top requires 8.6 bits]
				[to_right requires 8.6 bits]
				[allineato_al_centro_verticale requires 8.6 bits]
				[allineato_al_centro_orizzontale requires 8.6 bits]
				[altezza_pagina requires 4.4 bits]
				[larghezza_pagina requires 4.4 bits]
				[altezza_rettangolo requires 6.0 bits]
				[ascissa_rettangolo requires 6.0 bits]
				[ordinata_rettangolo requires 6.0 bits]
				[larghezza_rettangolo requires 6.0 bits]
				[numero_pagine requires 4.4 bits]

No literals

Recover to class_elsevier(A) :- pagina_1(A,B), frame(B,C), tipo_misto(C).



State (5/154 [3/99], 27.8 bits available)

				[tipo_testo tried 1/1] 1.6 secs
				[tipo_linea_orizzontale tried 1/1] 1.6 secs
				[tipo_misto tried 0/1] 1.6 secs
				[tipo_linea_obbliqua tried 1/1] 1.6 secs
				[tipo_immagine tried 1/1] 1.6 secs
				[tipo_vuoto tried 1/1] 1.6 secs
				[ultima_pagina tried 1/1] 1.6 secs
				[frame tried 2/3] 1.6 secs
				[pagina_1 tried 2/3] 1.6 secs
				[on_top tried 2/2] 1.6 secs
				[to_right tried 2/2] 1.6 secs
				[allineato_al_centro_verticale tried 2/2] 1.6 secs
				[allineato_al_centro_orizzontale tried 2/2] 1.6 secs
				[altezza_pagina tried 1/1] 1.6 secs
				[larghezza_pagina tried 1/1] 1.6 secs
				[altezza_rettangolo tried 1/1] 1.6 secs
				[ascissa_rettangolo tried 1/1] 1.6 secs
				[ordinata_rettangolo tried 1/1] 1.6 secs
				[larghezza_rettangolo tried 1/1] 1.6 secs
				[numero_pagine tried 1/1] 1.6 secs

Best literal on_top(C,D) (5.3 bits)


State (23/261 [3/70], 24.1 bits available)

				[= tried 1/1] 1.6 secs
				[tipo_testo tried 2/2] 1.6 secs
				[tipo_linea_orizzontale tried 2/2] 1.6 secs
				[tipo_misto tried 1/2] 1.6 secs
				[tipo_linea_obbliqua tried 2/2] 1.6 secs
				[tipo_immagine tried 2/2] 1.6 secs
				[tipo_vuoto tried 2/2] 1.6 secs
				[ultima_pagina tried 1/1] 1.6 secs
				[frame tried 4/5] 1.6 secs
				[pagina_1 tried 2/3] 1.6 secs
				[on_top tried 4/6] 1.6 secs
				[to_right tried 6/6] 1.6 secs
				[allineato_al_centro_verticale tried 6/6] 1.6 secs
				[allineato_al_centro_orizzontale tried 4/6] 1.6 secs
				[altezza_pagina tried 1/1] 1.6 secs
				[larghezza_pagina tried 1/1] 1.6 secs
				[altezza_rettangolo tried 2/2] 1.6 secs
				[ascissa_rettangolo tried 2/2] 1.6 secs
				[ordinata_rettangolo tried 2/2] 1.6 secs
				[larghezza_rettangolo tried 2/2] 1.6 secs
				[numero_pagine tried 1/1] 1.6 secs

	Save allineato_al_centro_verticale(E,C) (3,48 value 7.3)

Best literal allineato_al_centro_verticale(C,D) (7.0 bits)


State (10/42 [2/19], 11.7 bits available)

				[= tried 1/1] 1.6 secs
				[tipo_testo tried 2/2] 1.6 secs
				[tipo_linea_orizzontale tried 2/2] 1.6 secs
				[tipo_misto tried 1/2] 1.6 secs
				[tipo_linea_obbliqua tried 2/2] 1.6 secs
				[tipo_immagine tried 2/2] 1.6 secs
				[tipo_vuoto tried 2/2] 1.6 secs
				[ultima_pagina tried 1/1] 1.6 secs
				[frame tried 4/5] 1.6 secs
				[pagina_1 tried 2/3] 1.6 secs
				[on_top tried 5/6] 1.6 secs
				[to_right tried 6/6] 1.6 secs
				[allineato_al_centro_verticale tried 5/6] 1.6 secs
				[allineato_al_centro_orizzontale tried 4/6] 1.6 secs
				[altezza_pagina tried 1/1] 1.6 secs
				[larghezza_pagina tried 1/1] 1.6 secs
				[altezza_rettangolo tried 2/2] 1.6 secs
				[ascissa_rettangolo tried 2/2] 1.6 secs
				[ordinata_rettangolo tried 2/2] 1.6 secs
				[larghezza_rettangolo tried 2/2] 1.6 secs
				[numero_pagine tried 1/1] 1.6 secs

	Save on_top(D,E) (2,17 value 7.0)

Best literal on_top(C,E) (7.0 bits)


State (56/153 [2/19], 7.0 bits available, 1 weak literal)

				[= tried 3/3] 1.6 secs
				[tipo_testo tried 3/3] 1.6 secs
				[tipo_linea_orizzontale tried 3/3] 1.6 secs
				[tipo_misto tried 2/3] 1.6 secs
				[tipo_linea_obbliqua tried 3/3] 1.6 secs
				[tipo_immagine tried 3/3] 1.6 secs
				[tipo_vuoto tried 3/3] 1.6 secs
				[ultima_pagina tried 1/1] 1.6 secs
				[frame tried 6/7] 1.6 secs
				[pagina_1 tried 2/3] 1.6 secs
				[on_top tried 9/12] 1.6 secs
				[to_right tried 12/12] 1.6 secs
				[allineato_al_centro_verticale tried 11/12] 1.6 secs
				[allineato_al_centro_orizzontale tried 6/12] 1.6 secs
				[altezza_pagina tried 1/1] 1.6 secs
				[larghezza_pagina tried 1/1] 1.6 secs
				[altezza_rettangolo tried 3/3] 1.6 secs
				[ascissa_rettangolo tried 3/3] 1.6 secs
				[ordinata_rettangolo tried 3/3] 1.6 secs
				[larghezza_rettangolo tried 3/3] 1.6 secs
				[numero_pagine tried 1/1] 1.6 secs

	Save on_top(E,F) (2,18 value 6.8)

Best literal on_top(D,F) (8.0 bits)


State (169/303 [2/17], 1.6 bits available)

				[= requires 8.0 bits]
				[tipo_testo requires 6.4 bits]
				[tipo_linea_orizzontale requires 6.4 bits]
				[tipo_misto requires 6.4 bits]
				[tipo_linea_obbliqua requires 6.4 bits]
				[tipo_immagine requires 6.4 bits]
				[tipo_vuoto requires 6.4 bits]
				[ultima_pagina tried 1/1] 1.6 secs
				[frame requires 7.4 bits]
				[pagina_1 requires 6.0 bits]
				[on_top requires 8.6 bits]
				[to_right requires 8.6 bits]
				[allineato_al_centro_verticale requires 8.6 bits]
				[allineato_al_centro_orizzontale requires 8.6 bits]
				[altezza_pagina tried 1/1] 1.6 secs
				[larghezza_pagina tried 1/1] 1.6 secs
				[altezza_rettangolo requires 6.0 bits]
				[ascissa_rettangolo requires 6.0 bits]
				[ordinata_rettangolo requires 6.0 bits]
				[larghezza_rettangolo requires 6.0 bits]
				[numero_pagine tried 1/1] 1.6 secs

No literals

Recover to class_elsevier(A) :- pagina_1(A,B), frame(B,C), tipo_misto(C), on_top(C,D), allineato_al_centro_verticale(E,C).



State (56/365 [3/48], 19.1 bits available)

				[= tried 3/3] 1.6 secs
				[tipo_testo tried 3/3] 1.6 secs
				[tipo_linea_orizzontale tried 3/3] 1.6 secs
				[tipo_misto tried 2/3] 1.6 secs
				[tipo_linea_obbliqua tried 3/3] 1.6 secs
				[tipo_immagine tried 3/3] 1.6 secs
				[tipo_vuoto tried 3/3] 1.6 secs
				[ultima_pagina tried 1/1] 1.6 secs
				[frame tried 6/7] 1.6 secs
				[pagina_1 tried 2/3] 1.6 secs
				[on_top tried 10/12] 1.6 secs
				[to_right tried 12/12] 1.6 secs
				[allineato_al_centro_verticale tried 8/12] 1.6 secs
				[allineato_al_centro_orizzontale tried 6/12] 1.6 secs
				[altezza_pagina tried 1/1] 1.6 secs
				[larghezza_pagina tried 1/1] 1.6 secs
				[altezza_rettangolo tried 3/3] 1.6 secs
				[ascissa_rettangolo tried 3/3] 1.6 secs
				[ordinata_rettangolo tried 3/3] 1.6 secs
				[larghezza_rettangolo tried 3/3] 1.6 secs
				[numero_pagine tried 1/1] 1.6 secs

	Save on_top(D,F) (2,23 value 6.1)
	Save on_top(D,E) (2,10 value 8.4)

Best literal on_top(C,E) (8.0 bits)


State (52/127 [2/18], 6.0 bits available)

				[= tried 3/3] 1.6 secs
				[tipo_testo tried 3/3] 1.6 secs
				[tipo_linea_orizzontale tried 3/3] 1.6 secs
				[tipo_misto tried 2/3] 1.6 secs
				[tipo_linea_obbliqua tried 3/3] 1.6 secs
				[tipo_immagine tried 3/3] 1.6 secs
				[tipo_vuoto tried 3/3] 1.6 secs
				[ultima_pagina tried 1/1] 1.6 secs
				[frame tried 6/7] 1.6 secs
				[pagina_1 tried 2/3] 1.6 secs
				[on_top tried 9/12] 1.6 secs
				[to_right tried 12/12] 1.6 secs
				[allineato_al_centro_verticale tried 9/12] 1.6 secs
				[allineato_al_centro_orizzontale tried 6/12] 1.6 secs
				[altezza_pagina tried 1/1] 1.6 secs
				[larghezza_pagina tried 1/1] 1.6 secs
				[altezza_rettangolo tried 3/3] 1.6 secs
				[ascissa_rettangolo tried 3/3] 1.6 secs
				[ordinata_rettangolo tried 3/3] 1.6 secs
				[larghezza_rettangolo tried 3/3] 1.6 secs
				[numero_pagine tried 1/1] 1.6 secs

Best literal on_top(D,F) (8.0 bits)


State (201/288 [2/16], 0.6 bits available)

				[= requires 8.0 bits]
				[tipo_testo requires 6.4 bits]
				[tipo_linea_orizzontale requires 6.4 bits]
				[tipo_misto requires 6.4 bits]
				[tipo_linea_obbliqua requires 6.4 bits]
				[tipo_immagine requires 6.4 bits]
				[tipo_vuoto requires 6.4 bits]
				[ultima_pagina requires 4.4 bits]
				[frame requires 7.4 bits]
				[pagina_1 requires 6.0 bits]
				[on_top requires 8.6 bits]
				[to_right requires 8.6 bits]
				[allineato_al_centro_verticale requires 8.6 bits]
				[allineato_al_centro_orizzontale requires 8.6 bits]
				[altezza_pagina requires 4.4 bits]
				[larghezza_pagina requires 4.4 bits]
				[altezza_rettangolo requires 6.0 bits]
				[ascissa_rettangolo requires 6.0 bits]
				[ordinata_rettangolo requires 6.0 bits]
				[larghezza_rettangolo requires 6.0 bits]
				[numero_pagine requires 4.4 bits]

No literals

Recover to class_elsevier(A) :- pagina_1(A,B), frame(B,C), tipo_misto(C), on_top(C,D), allineato_al_centro_verticale(E,C), on_top(D,E).



State (29/46 [2/10], 6.0 bits available)

				[= tried 3/3] 1.6 secs
				[tipo_testo tried 3/3] 1.6 secs
				[tipo_linea_orizzontale tried 3/3] 1.6 secs
				[tipo_misto tried 2/3] 1.6 secs
				[tipo_linea_obbliqua tried 3/3] 1.6 secs
				[tipo_immagine tried 3/3] 1.6 secs
				[tipo_vuoto tried 3/3] 1.6 secs
				[ultima_pagina tried 1/1] 1.6 secs
				[frame tried 6/7] 1.6 secs
				[pagina_1 tried 2/3] 1.6 secs
				[on_top tried 10/12] 1.6 secs
				[to_right tried 12/12] 1.6 secs
				[allineato_al_centro_verticale tried 9/12] 1.6 secs
				[allineato_al_centro_orizzontale tried 6/12] 1.6 secs
				[altezza_pagina tried 1/1] 1.6 secs
				[larghezza_pagina tried 1/1] 1.6 secs
				[altezza_rettangolo tried 3/3] 1.6 secs
				[ascissa_rettangolo tried 3/3] 1.6 secs
				[ordinata_rettangolo tried 3/3] 1.6 secs
				[larghezza_rettangolo tried 3/3] 1.6 secs
				[numero_pagine tried 1/1] 1.6 secs

	Save on_top(D,F) (2,10 value 8.4)
	Save tipo_testo(D) (2,3 value 11.3)

Best literal on_top(C,F) (8.0 bits)


State (251/313 [2/10], 0.6 bits available, 1 weak literal)

				[= requires 8.0 bits]
				[tipo_testo requires 6.4 bits]
				[tipo_linea_orizzontale requires 6.4 bits]
				[tipo_misto requires 6.4 bits]
				[tipo_linea_obbliqua requires 6.4 bits]
				[tipo_immagine requires 6.4 bits]
				[tipo_vuoto requires 6.4 bits]
				[ultima_pagina requires 4.4 bits]
				[frame requires 7.6 bits]
				[pagina_1 requires 6.0 bits]
				[on_top requires 8.7 bits]
				[to_right requires 8.7 bits]
				[allineato_al_centro_verticale requires 8.7 bits]
				[allineato_al_centro_orizzontale requires 8.7 bits]
				[altezza_pagina requires 4.4 bits]
				[larghezza_pagina requires 4.4 bits]
				[altezza_rettangolo requires 6.4 bits]
				[ascissa_rettangolo requires 6.4 bits]
				[ordinata_rettangolo requires 6.4 bits]
				[larghezza_rettangolo requires 6.4 bits]
				[numero_pagine requires 4.4 bits]

No literals

Recover to class_elsevier(A) :- pagina_1(A,B), frame(B,C), tipo_misto(C), on_top(C,D), allineato_al_centro_verticale(E,C), on_top(D,E), tipo_testo(D).



State (24/29 [2/3], 2.6 bits available)

				[= requires 7.0 bits]
				[tipo_testo requires 6.0 bits]
				[tipo_linea_orizzontale requires 6.0 bits]
				[tipo_misto requires 6.0 bits]
				[tipo_linea_obbliqua requires 6.0 bits]
				[tipo_immagine requires 6.0 bits]
				[tipo_vuoto requires 6.0 bits]
				[ultima_pagina tried 1/1] 1.6 secs
				[frame requires 7.2 bits]
				[pagina_1 requires 6.0 bits]
				[on_top requires 8.0 bits]
				[to_right requires 8.0 bits]
				[allineato_al_centro_verticale requires 8.0 bits]
				[allineato_al_centro_orizzontale requires 8.0 bits]
				[altezza_pagina tried 1/1] 1.6 secs
				[larghezza_pagina tried 1/1] 1.6 secs
				[altezza_rettangolo requires 6.0 bits]
				[ascissa_rettangolo requires 6.0 bits]
				[ordinata_rettangolo requires 6.0 bits]
				[larghezza_rettangolo requires 6.0 bits]
				[numero_pagine tried 1/1] 1.6 secs

No literals

Recover to class_elsevier(A) :- pagina_1(A,B), frame(B,C), tipo_misto(C), on_top(C,D), allineato_al_centro_verticale(E,C), on_top(D,E), on_top(D,F).



State (147/184 [2/10], 0.6 bits available, 1 weak literal)

				[= requires 8.0 bits]
				[tipo_testo requires 6.4 bits]
				[tipo_linea_orizzontale requires 6.4 bits]
				[tipo_misto requires 6.4 bits]
				[tipo_linea_obbliqua requires 6.4 bits]
				[tipo_immagine requires 6.4 bits]
				[tipo_vuoto requires 6.4 bits]
				[ultima_pagina requires 4.4 bits]
				[frame requires 7.4 bits]
				[pagina_1 requires 6.0 bits]
				[on_top requires 8.6 bits]
				[to_right requires 8.6 bits]
				[allineato_al_centro_verticale requires 8.6 bits]
				[allineato_al_centro_orizzontale requires 8.6 bits]
				[altezza_pagina requires 4.4 bits]
				[larghezza_pagina requires 4.4 bits]
				[altezza_rettangolo requires 6.0 bits]
				[ascissa_rettangolo requires 6.0 bits]
				[ordinata_rettangolo requires 6.0 bits]
				[larghezza_rettangolo requires 6.0 bits]
				[numero_pagine requires 4.4 bits]

No literals

Recover to class_elsevier(A) :- pagina_1(A,B), frame(B,C), tipo_misto(C), on_top(C,D), allineato_al_centro_verticale(C,D), on_top(D,E).



State (27/68 [2/17], 7.0 bits available)

				[= tried 3/3] 1.6 secs
				[tipo_testo tried 3/3] 1.6 secs
				[tipo_linea_orizzontale tried 3/3] 1.6 secs
				[tipo_misto tried 2/3] 1.6 secs
				[tipo_linea_obbliqua tried 3/3] 1.6 secs
				[tipo_immagine tried 3/3] 1.6 secs
				[tipo_vuoto tried 3/3] 1.6 secs
				[ultima_pagina tried 1/1] 1.6 secs
				[frame tried 5/6] 1.6 secs
				[pagina_1 tried 2/3] 1.6 secs
				[on_top tried 7/10] 1.6 secs
				[to_right tried 10/10] 1.6 secs
				[allineato_al_centro_verticale tried 9/10] 1.6 secs
				[allineato_al_centro_orizzontale tried 6/10] 1.6 secs
				[altezza_pagina tried 1/1] 1.6 secs
				[larghezza_pagina tried 1/1] 1.6 secs
				[altezza_rettangolo tried 2/2] 1.6 secs
				[ascissa_rettangolo tried 2/2] 1.6 secs
				[ordinata_rettangolo tried 2/2] 1.6 secs
				[larghezza_rettangolo tried 2/2] 1.6 secs
				[numero_pagine tried 1/1] 1.6 secs

	Save tipo_testo(D) (2,13 value 7.7)
	Save allineato_al_centro_verticale(C,E) (2,10 value 8.4)

Best literal on_top(C,F) (7.7 bits)


State (169/303 [2/17], 1.9 bits available, 1 weak literal)

				[= requires 8.0 bits]
				[tipo_testo requires 6.4 bits]
				[tipo_linea_orizzontale requires 6.4 bits]
				[tipo_misto requires 6.4 bits]
				[tipo_linea_obbliqua requires 6.4 bits]
				[tipo_immagine requires 6.4 bits]
				[tipo_vuoto requires 6.4 bits]
				[ultima_pagina tried 1/1] 1.6 secs
				[frame requires 7.4 bits]
				[pagina_1 requires 6.0 bits]
				[on_top requires 8.6 bits]
				[to_right requires 8.6 bits]
				[allineato_al_centro_verticale requires 8.6 bits]
				[allineato_al_centro_orizzontale requires 8.6 bits]
				[altezza_pagina tried 1/1] 1.6 secs
				[larghezza_pagina tried 1/1] 1.6 secs
				[altezza_rettangolo requires 6.0 bits]
				[ascissa_rettangolo requires 6.0 bits]
				[ordinata_rettangolo requires 6.0 bits]
				[larghezza_rettangolo requires 6.0 bits]
				[numero_pagine tried 1/1] 1.6 secs

No literals

Recover to class_elsevier(A) :- pagina_1(A,B), frame(B,C), tipo_misto(C), on_top(C,D), allineato_al_centro_verticale(C,D), on_top(D,E), allineato_al_centro_verticale(C,E).



State (16/26 [2/10], 1.9 bits available)

				[= requires 7.0 bits]
				[tipo_testo requires 6.0 bits]
				[tipo_linea_orizzontale requires 6.0 bits]
				[tipo_misto requires 6.0 bits]
				[tipo_linea_obbliqua requires 6.0 bits]
				[tipo_immagine requires 6.0 bits]
				[tipo_vuoto requires 6.0 bits]
				[ultima_pagina tried 1/1] 1.6 secs
				[frame requires 7.0 bits]
				[pagina_1 requires 6.0 bits]
				[on_top requires 7.7 bits]
				[to_right requires 7.7 bits]
				[allineato_al_centro_verticale requires 7.7 bits]
				[allineato_al_centro_orizzontale requires 7.7 bits]
				[altezza_pagina tried 1/1] 1.6 secs
				[larghezza_pagina tried 1/1] 1.6 secs
				[altezza_rettangolo requires 5.4 bits]
				[ascissa_rettangolo requires 5.4 bits]
				[ordinata_rettangolo requires 5.4 bits]
				[larghezza_rettangolo requires 5.4 bits]
				[numero_pagine tried 1/1] 1.6 secs

No literals

Recover to class_elsevier(A) :- pagina_1(A,B), frame(B,C), tipo_misto(C), on_top(C,D), allineato_al_centro_verticale(C,D), on_top(D,E), tipo_testo(D).



State (26/49 [2/13], 3.6 bits available)

				[= requires 7.0 bits]
				[tipo_testo tried 2/3] 1.6 secs
				[tipo_linea_orizzontale tried 3/3] 1.6 secs
				[tipo_misto tried 2/3] 1.6 secs
				[tipo_linea_obbliqua tried 3/3] 1.6 secs
				[tipo_immagine tried 3/3] 1.6 secs
				[tipo_vuoto tried 3/3] 1.6 secs
				[ultima_pagina tried 1/1] 1.6 secs
				[frame requires 7.0 bits]
				[pagina_1 tried 2/3] 1.6 secs
				[on_top requires 7.7 bits]
				[to_right requires 7.7 bits]
				[allineato_al_centro_verticale requires 7.7 bits]
				[allineato_al_centro_orizzontale requires 7.7 bits]
				[altezza_pagina tried 1/1] 1.6 secs
				[larghezza_pagina tried 1/1] 1.6 secs
				[altezza_rettangolo tried 2/2] 1.6 secs
				[ascissa_rettangolo tried 2/2] 1.6 secs
				[ordinata_rettangolo tried 2/2] 1.6 secs
				[larghezza_rettangolo tried 2/2] 1.6 secs
				[numero_pagine tried 1/1] 1.6 secs

Best literal tipo_testo(E) (6.0 bits)


State (19/32 [2/7], 0.5 bits available)

				[= requires 7.0 bits]
				[tipo_testo requires 6.0 bits]
				[tipo_linea_orizzontale requires 6.0 bits]
				[tipo_misto requires 6.0 bits]
				[tipo_linea_obbliqua requires 6.0 bits]
				[tipo_immagine requires 6.0 bits]
				[tipo_vuoto requires 6.0 bits]
				[ultima_pagina requires 4.4 bits]
				[frame requires 7.0 bits]
				[pagina_1 requires 6.0 bits]
				[on_top requires 7.7 bits]
				[to_right requires 7.7 bits]
				[allineato_al_centro_verticale requires 7.7 bits]
				[allineato_al_centro_orizzontale requires 7.7 bits]
				[altezza_pagina requires 4.4 bits]
				[larghezza_pagina requires 4.4 bits]
				[altezza_rettangolo requires 5.4 bits]
				[ascissa_rettangolo requires 5.4 bits]
				[ordinata_rettangolo requires 5.4 bits]
				[larghezza_rettangolo requires 5.4 bits]
				[numero_pagine requires 4.4 bits]

No literals

Recover to class_elsevier(A) :- pagina_1(A,B), frame(B,C), tipo_misto(C), on_top(C,D), allineato_al_centro_verticale(C,D), on_top(C,E), on_top(E,F).



State (145/257 [2/18], 1.6 bits available)

				[= requires 8.0 bits]
				[tipo_testo requires 6.4 bits]
				[tipo_linea_orizzontale requires 6.4 bits]
				[tipo_misto requires 6.4 bits]
				[tipo_linea_obbliqua requires 6.4 bits]
				[tipo_immagine requires 6.4 bits]
				[tipo_vuoto requires 6.4 bits]
				[ultima_pagina tried 1/1] 1.6 secs
				[frame requires 7.4 bits]
				[pagina_1 requires 6.0 bits]
				[on_top requires 8.6 bits]
				[to_right requires 8.6 bits]
				[allineato_al_centro_verticale requires 8.6 bits]
				[allineato_al_centro_orizzontale requires 8.6 bits]
				[altezza_pagina tried 1/1] 1.6 secs
				[larghezza_pagina tried 1/1] 1.6 secs
				[altezza_rettangolo requires 6.0 bits]
				[ascissa_rettangolo requires 6.0 bits]
				[ordinata_rettangolo requires 6.0 bits]
				[larghezza_rettangolo requires 6.0 bits]
				[numero_pagine tried 1/1] 1.6 secs

No literals

Recover to class_elsevier(A) :- pagina_1(A,B), frame(B,C), tipo_misto(C), on_top(C,D), allineato_al_centro_verticale(E,C), on_top(D,F).



State (201/460 [2/23], 6.0 bits available)

				[= tried 6/6] 1.6 secs
				[tipo_testo tried 4/4] 1.6 secs
				[tipo_linea_orizzontale tried 4/4] 1.6 secs
				[tipo_misto tried 3/4] 1.6 secs
				[tipo_linea_obbliqua tried 4/4] 1.6 secs
				[tipo_immagine tried 4/4] 1.6 secs
				[tipo_vuoto tried 4/4] 1.6 secs
				[ultima_pagina tried 1/1] 1.6 secs
				[frame tried 7/8] 1.6 secs
				[pagina_1 tried 2/3] 1.6 secs
				[on_top tried 15/18] 1.6 secs
				[to_right tried 18/18] 1.6 secs
				[allineato_al_centro_verticale tried 13/18] 1.6 secs
				[allineato_al_centro_orizzontale tried 9/18] 1.6 secs
				[altezza_pagina tried 1/1] 1.6 secs
				[larghezza_pagina tried 1/1] 1.6 secs
				[altezza_rettangolo tried 3/3] 1.6 secs
				[ascissa_rettangolo tried 3/3] 1.6 secs
				[ordinata_rettangolo tried 3/3] 1.6 secs
				[larghezza_rettangolo tried 3/3] 1.6 secs
				[numero_pagine tried 1/1] 1.6 secs

	Save on_top(D,E) (2,10 value 8.4)
	Save on_top(C,G) (2,23 value 6.1)

Best literal on_top(C,E) (8.6 bits)


State (201/288 [2/16], 0.1 bits available)

				[= requires 8.0 bits]
				[tipo_testo requires 6.4 bits]
				[tipo_linea_orizzontale requires 6.4 bits]
				[tipo_misto requires 6.4 bits]
				[tipo_linea_obbliqua requires 6.4 bits]
				[tipo_immagine requires 6.4 bits]
				[tipo_vuoto requires 6.4 bits]
				[ultima_pagina requires 4.4 bits]
				[frame requires 7.4 bits]
				[pagina_1 requires 6.0 bits]
				[on_top requires 8.6 bits]
				[to_right requires 8.6 bits]
				[allineato_al_centro_verticale requires 8.6 bits]
				[allineato_al_centro_orizzontale requires 8.6 bits]
				[altezza_pagina requires 4.4 bits]
				[larghezza_pagina requires 4.4 bits]
				[altezza_rettangolo requires 6.0 bits]
				[ascissa_rettangolo requires 6.0 bits]
				[ordinata_rettangolo requires 6.0 bits]
				[larghezza_rettangolo requires 6.0 bits]
				[numero_pagine requires 4.4 bits]

No literals

Recover to class_elsevier(A) :- pagina_1(A,B), frame(B,C), tipo_misto(C), on_top(C,D), allineato_al_centro_verticale(E,C), on_top(D,F), on_top(D,E).



State (147/184 [2/10], 0.1 bits available)

				[= requires 8.0 bits]
				[tipo_testo requires 6.4 bits]
				[tipo_linea_orizzontale requires 6.4 bits]
				[tipo_misto requires 6.4 bits]
				[tipo_linea_obbliqua requires 6.4 bits]
				[tipo_immagine requires 6.4 bits]
				[tipo_vuoto requires 6.4 bits]
				[ultima_pagina requires 4.4 bits]
				[frame requires 7.4 bits]
				[pagina_1 requires 6.0 bits]
				[on_top requires 8.6 bits]
				[to_right requires 8.6 bits]
				[allineato_al_centro_verticale requires 8.6 bits]
				[allineato_al_centro_orizzontale requires 8.6 bits]
				[altezza_pagina requires 4.4 bits]
				[larghezza_pagina requires 4.4 bits]
				[altezza_rettangolo requires 6.0 bits]
				[ascissa_rettangolo requires 6.0 bits]
				[ordinata_rettangolo requires 6.0 bits]
				[larghezza_rettangolo requires 6.0 bits]
				[numero_pagine requires 4.4 bits]

No literals

Recover to class_elsevier(A) :- pagina_1(A,B), frame(B,C), tipo_misto(C), on_top(C,D), allineato_al_centro_verticale(E,C), on_top(D,F), on_top(C,G).



State (1767/2648 [2/23], 0.1 bits available, 1 weak literal)

				[= requires 8.7 bits]
				[tipo_testo requires 6.7 bits]
				[tipo_linea_orizzontale requires 6.7 bits]
				[tipo_misto requires 6.7 bits]
				[tipo_linea_obbliqua requires 6.7 bits]
				[tipo_immagine requires 6.7 bits]
				[tipo_vuoto requires 6.7 bits]
				[ultima_pagina requires 4.4 bits]
				[frame requires 7.7 bits]
				[pagina_1 requires 6.0 bits]
				[on_top requires 9.2 bits]
				[to_right requires 9.2 bits]
				[allineato_al_centro_verticale requires 9.2 bits]
				[allineato_al_centro_orizzontale requires 9.2 bits]
				[altezza_pagina requires 4.4 bits]
				[larghezza_pagina requires 4.4 bits]
				[altezza_rettangolo requires 6.4 bits]
				[ascissa_rettangolo requires 6.4 bits]
				[ordinata_rettangolo requires 6.4 bits]
				[larghezza_rettangolo requires 6.4 bits]
				[numero_pagine requires 4.4 bits]

No literals

Recover to class_elsevier(A) :- pagina_1(A,B), frame(B,C), allineato_al_centro_verticale(D,C).



State (47/3103 [3/265], 26.8 bits available)

				[= tried 1/1] 1.6 secs
				[tipo_testo tried 2/2] 1.6 secs
				[tipo_linea_orizzontale tried 2/2] 1.6 secs
				[tipo_misto tried 2/2] 1.6 secs
				[tipo_linea_obbliqua tried 2/2] 1.6 secs
				[tipo_immagine tried 2/2] 1.6 secs
				[tipo_vuoto tried 2/2] 1.6 secs
				[ultima_pagina tried 1/1] 1.6 secs
				[frame tried 4/5] 1.6 secs
				[pagina_1 tried 2/3] 1.6 secs
				[on_top tried 6/6] 1.6 secs
				[to_right tried 6/6] 1.6 secs
				[allineato_al_centro_verticale tried 4/6] 1.6 secs
				[allineato_al_centro_orizzontale tried 4/6] 1.6 secs
				[altezza_pagina tried 1/1] 1.6 secs
				[larghezza_pagina tried 1/1] 1.6 secs
				[altezza_rettangolo tried 2/2] 1.6 secs
				[ascissa_rettangolo tried 2/2] 1.6 secs
				[ordinata_rettangolo tried 2/2] 1.6 secs
				[larghezza_rettangolo tried 2/2] 1.6 secs
				[numero_pagine tried 1/1] 1.6 secs

Best literal tipo_misto(D) (5.4 bits)


State (15/211 [2/53], 15.6 bits available)

				[= tried 1/1] 1.6 secs
				[tipo_testo tried 2/2] 1.6 secs
				[tipo_linea_orizzontale tried 2/2] 1.6 secs
				[tipo_misto tried 1/2] 1.6 secs
				[tipo_linea_obbliqua tried 2/2] 1.6 secs
				[tipo_immagine tried 2/2] 1.6 secs
				[tipo_vuoto tried 2/2] 1.6 secs
				[ultima_pagina tried 1/1] 1.6 secs
				[frame tried 4/5] 1.6 secs
				[pagina_1 tried 2/3] 1.6 secs
				[on_top tried 6/6] 1.6 secs
				[to_right tried 6/6] 1.6 secs
				[allineato_al_centro_verticale tried 5/6] 1.6 secs
				[allineato_al_centro_orizzontale tried 4/6] 1.6 secs
				[altezza_pagina tried 1/1] 1.6 secs
				[larghezza_pagina tried 1/1] 1.6 secs
				[altezza_rettangolo tried 2/2] 1.6 secs
				[ascissa_rettangolo tried 2/2] 1.6 secs
				[ordinata_rettangolo tried 2/2] 1.6 secs
				[larghezza_rettangolo tried 2/2] 1.6 secs
				[numero_pagine tried 1/1] 1.6 secs

Best literal on_top(D,C) (7.0 bits)


State (10/42 [2/19], 10.6 bits available)

				[= tried 1/1] 1.6 secs
				[tipo_testo tried 2/2] 1.6 secs
				[tipo_linea_orizzontale tried 2/2] 1.6 secs
				[tipo_misto tried 1/2] 1.6 secs
				[tipo_linea_obbliqua tried 2/2] 1.6 secs
				[tipo_immagine tried 2/2] 1.6 secs
				[tipo_vuoto tried 2/2] 1.6 secs
				[ultima_pagina tried 1/1] 1.6 secs
				[frame tried 4/5] 1.6 secs
				[pagina_1 tried 2/3] 1.6 secs
				[on_top tried 5/6] 1.6 secs
				[to_right tried 6/6] 1.6 secs
				[allineato_al_centro_verticale tried 5/6] 1.6 secs
				[allineato_al_centro_orizzontale tried 4/6] 1.6 secs
				[altezza_pagina tried 1/1] 1.6 secs
				[larghezza_pagina tried 1/1] 1.6 secs
				[altezza_rettangolo tried 2/2] 1.6 secs
				[ascissa_rettangolo tried 2/2] 1.6 secs
				[ordinata_rettangolo tried 2/2] 1.6 secs
				[larghezza_rettangolo tried 2/2] 1.6 secs
				[numero_pagine tried 1/1] 1.6 secs

	Save on_top(C,E) (2,17 value 7.0)

Best literal on_top(D,E) (7.0 bits)


State (56/153 [2/19], 6.0 bits available, 1 weak literal)

				[= tried 3/3] 1.6 secs
				[tipo_testo tried 3/3] 1.6 secs
				[tipo_linea_orizzontale tried 3/3] 1.6 secs
				[tipo_misto tried 2/3] 1.6 secs
				[tipo_linea_obbliqua tried 3/3] 1.6 secs
				[tipo_immagine tried 3/3] 1.6 secs
				[tipo_vuoto tried 3/3] 1.6 secs
				[ultima_pagina tried 1/1] 1.6 secs
				[frame tried 5/6] 1.6 secs
				[pagina_1 tried 2/3] 1.6 secs
				[on_top tried 7/10] 1.6 secs
				[to_right tried 10/10] 1.6 secs
				[allineato_al_centro_verticale tried 9/10] 1.6 secs
				[allineato_al_centro_orizzontale tried 6/10] 1.6 secs
				[altezza_pagina tried 1/1] 1.6 secs
				[larghezza_pagina tried 1/1] 1.6 secs
				[altezza_rettangolo tried 2/2] 1.6 secs
				[ascissa_rettangolo tried 2/2] 1.6 secs
				[ordinata_rettangolo tried 2/2] 1.6 secs
				[larghezza_rettangolo tried 2/2] 1.6 secs
				[numero_pagine tried 1/1] 1.6 secs

Best literal on_top(C,F) (7.7 bits)


State (169/303 [2/17], 0.8 bits available)

				[= requires 8.0 bits]
				[tipo_testo requires 6.4 bits]
				[tipo_linea_orizzontale requires 6.4 bits]
				[tipo_misto requires 6.4 bits]
				[tipo_linea_obbliqua requires 6.4 bits]
				[tipo_immagine requires 6.4 bits]
				[tipo_vuoto requires 6.4 bits]
				[ultima_pagina requires 4.4 bits]
				[frame requires 7.4 bits]
				[pagina_1 requires 6.0 bits]
				[on_top requires 8.6 bits]
				[to_right requires 8.6 bits]
				[allineato_al_centro_verticale requires 8.6 bits]
				[allineato_al_centro_orizzontale requires 8.6 bits]
				[altezza_pagina requires 4.4 bits]
				[larghezza_pagina requires 4.4 bits]
				[altezza_rettangolo requires 6.0 bits]
				[ascissa_rettangolo requires 6.0 bits]
				[ordinata_rettangolo requires 6.0 bits]
				[larghezza_rettangolo requires 6.0 bits]
				[numero_pagine requires 4.4 bits]

No literals

Recover to class_elsevier(A) :- pagina_1(A,B), frame(B,C), allineato_al_centro_verticale(D,C), tipo_misto(D), on_top(D,C), on_top(C,E).



State (27/68 [2/17], 6.0 bits available)

				[= tried 3/3] 1.6 secs
				[tipo_testo tried 3/3] 1.6 secs
				[tipo_linea_orizzontale tried 3/3] 1.6 secs
				[tipo_misto tried 2/3] 1.6 secs
				[tipo_linea_obbliqua tried 3/3] 1.6 secs
				[tipo_immagine tried 3/3] 1.6 secs
				[tipo_vuoto tried 3/3] 1.6 secs
				[ultima_pagina tried 1/1] 1.6 secs
				[frame tried 6/7] 1.6 secs
				[pagina_1 tried 2/3] 1.6 secs
				[on_top tried 9/12] 1.6 secs
				[to_right tried 12/12] 1.6 secs
				[allineato_al_centro_verticale tried 11/12] 1.6 secs
				[allineato_al_centro_orizzontale tried 6/12] 1.6 secs
				[altezza_pagina tried 1/1] 1.6 secs
				[larghezza_pagina tried 1/1] 1.6 secs
				[altezza_rettangolo tried 3/3] 1.6 secs
				[ascissa_rettangolo tried 3/3] 1.6 secs
				[ordinata_rettangolo tried 3/3] 1.6 secs
				[larghezza_rettangolo tried 3/3] 1.6 secs
				[numero_pagine tried 1/1] 1.6 secs

Best literal on_top(E,F) (8.0 bits)


State (42/56 [2/10], 0.6 bits available)

				[= requires 8.0 bits]
				[tipo_testo requires 6.4 bits]
				[tipo_linea_orizzontale requires 6.4 bits]
				[tipo_misto requires 6.4 bits]
				[tipo_linea_obbliqua requires 6.4 bits]
				[tipo_immagine requires 6.4 bits]
				[tipo_vuoto requires 6.4 bits]
				[ultima_pagina requires 4.4 bits]
				[frame requires 7.4 bits]
				[pagina_1 requires 6.0 bits]
				[on_top requires 8.6 bits]
				[to_right requires 8.6 bits]
				[allineato_al_centro_verticale requires 8.6 bits]
				[allineato_al_centro_orizzontale requires 8.6 bits]
				[altezza_pagina requires 4.4 bits]
				[larghezza_pagina requires 4.4 bits]
				[altezza_rettangolo requires 6.0 bits]
				[ascissa_rettangolo requires 6.0 bits]
				[ordinata_rettangolo requires 6.0 bits]
				[larghezza_rettangolo requires 6.0 bits]
				[numero_pagine requires 4.4 bits]

No literals

Initial clause (8 errs): class_elsevier(A) :- pagina_1(A,B), frame(B,C), allineato_al_centro_verticale(D,C), tipo_misto(D), on_top(D,C), on_top(C,E), on_top(E,F).
		on_top(C,E) needed for binding on_top(E,F)
		allineato_al_centro_verticale(D,C) needed for binding tipo_misto(D)
		frame(B,C) needed for binding allineato_al_centro_verticale(D,C)
		pagina_1(A,B) needed for binding frame(B,C)

Clause too inaccurate (2/10)

***  Warning: the following definition
***  does not cover 3 tuples in the relation

class_elsevier(A) :- pagina_1(A,B), frame(B,C), allineato_al_centro_verticale(C,D), allineato_al_centro_verticale(E,C), allineato_al_centro_verticale(F,E), allineato_al_centro_verticale(D,G), tipo_linea_orizzontale(D).
class_elsevier(A) :- pagina_1(A,B), frame(B,C), allineato_al_centro_verticale(D,C), tipo_linea_orizzontale(D), allineato_al_centro_verticale(C,E), allineato_al_centro_verticale(E,F), on_top(E,D).
class_elsevier(A) :- pagina_1(A,B), frame(B,C), allineato_al_centro_verticale(C,D), tipo_misto(D), on_top(D,C), on_top(C,E), on_top(E,F), tipo_testo(C), tipo_misto(E).

Time 1.6 secs

Test relation class_elsevier
    (+)	d06090911020301158
Summary: 1 error in 36 trials
