FOIL 6.4   [January 1996]
--------

    Options:
	no negated literals
	verbosity level 2

Types Documento and Pagina are not compatible
Types Documento and Frame are not compatible
Types Documento and NumeroPagine are not compatible
Types Documento and LarghezzaPagina are not compatible
Types Documento and AltezzaPagina are not compatible
Types Documento and AscissaRettangolo are not compatible
Types Documento and OrdinataRettangolo are not compatible
Types Documento and LarghezzaRettangolo are not compatible
Types Documento and AltezzaRettangolo are not compatible
Types Pagina and Frame are not compatible
Types Pagina and NumeroPagine are not compatible
Types Pagina and LarghezzaPagina are not compatible
Types Pagina and AltezzaPagina are not compatible
Types Pagina and AscissaRettangolo are not compatible
Types Pagina and OrdinataRettangolo are not compatible
Types Pagina and LarghezzaRettangolo are not compatible
Types Pagina and AltezzaRettangolo are not compatible
Types Frame and NumeroPagine are not compatible
Types Frame and LarghezzaPagina are not compatible
Types Frame and AltezzaPagina are not compatible
Types Frame and AscissaRettangolo are not compatible
Types Frame and OrdinataRettangolo are not compatible
Types Frame and LarghezzaRettangolo are not compatible
Types Frame and AltezzaRettangolo are not compatible
Types NumeroPagine and LarghezzaPagina are not compatible
Types NumeroPagine and AltezzaPagina are not compatible
Types NumeroPagine and AscissaRettangolo are not compatible
Types NumeroPagine and OrdinataRettangolo are not compatible
Types NumeroPagine and LarghezzaRettangolo are not compatible
Types NumeroPagine and AltezzaRettangolo are not compatible
Types LarghezzaPagina and AltezzaPagina are not compatible
Types LarghezzaPagina and AscissaRettangolo are not compatible
Types LarghezzaPagina and OrdinataRettangolo are not compatible
Types LarghezzaPagina and LarghezzaRettangolo are not compatible
Types LarghezzaPagina and AltezzaRettangolo are not compatible
Types AltezzaPagina and AscissaRettangolo are not compatible
Types AltezzaPagina and OrdinataRettangolo are not compatible
Types AltezzaPagina and LarghezzaRettangolo are not compatible
Types AltezzaPagina and AltezzaRettangolo are not compatible
Types AscissaRettangolo and OrdinataRettangolo are not compatible
Types AscissaRettangolo and LarghezzaRettangolo are not compatible
Types AscissaRettangolo and AltezzaRettangolo are not compatible
Types OrdinataRettangolo and LarghezzaRettangolo are not compatible
Types OrdinataRettangolo and AltezzaRettangolo are not compatible
Types LarghezzaRettangolo and AltezzaRettangolo are not compatible

Relation class_jmlr

Relation *allineato_al_centro_orizzontale

Relation *allineato_al_centro_verticale

Relation *altezza_pagina

Relation *larghezza_pagina

Relation *altezza_rettangolo

Relation *ascissa_rettangolo

Relation *ordinata_rettangolo

Relation *larghezza_rettangolo

Relation *frame

Relation *numero_pagine

Relation *on_top

Relation *to_right

Relation *pagina_1

Relation *ultima_pagina

Relation *tipo_immagine

Relation *tipo_linea_obbliqua

Relation *tipo_linea_orizzontale

Relation *tipo_misto

Relation *tipo_testo

Relation *tipo_vuoto

----------
class_jmlr:

State (90/317, 304.5 bits available)

				[pagina_1 tried 1/1] 0.1 secs
				[numero_pagine tried 1/1] 0.1 secs

Determinate literals
	pagina_1(A,B)


State (90/317, 304.5 bits available, 1 weak literal)

				[ultima_pagina tried 1/1] 0.1 secs
				[frame tried 1/1] 0.1 secs
				[pagina_1 tried 1/3] 0.1 secs
				[altezza_pagina tried 1/1] 0.1 secs
				[larghezza_pagina tried 1/1] 0.1 secs
				[numero_pagine tried 1/1] 0.1 secs

Best literal frame(B,C) (2.6 bits)


State (1221/3486 [90/317], 301.9 bits available, 2 weak literals)

				[tipo_testo tried 1/1] 0.1 secs
				[tipo_linea_orizzontale tried 1/1] 0.1 secs
				[tipo_misto tried 1/1] 0.1 secs
				[tipo_linea_obbliqua tried 1/1] 0.1 secs
				[tipo_immagine tried 1/1] 0.1 secs
				[tipo_vuoto tried 1/1] 0.1 secs
				[ultima_pagina tried 1/1] 0.1 secs
				[frame tried 1/3] 0.1 secs
				[pagina_1 tried 2/3] 0.1 secs
				[on_top tried 2/2] 0.1 secs
				[to_right tried 2/2] 0.1 secs
				[allineato_al_centro_verticale tried 2/2] 0.1 secs
				[allineato_al_centro_orizzontale tried 2/2] 0.1 secs
				[altezza_pagina tried 1/1] 0.1 secs
				[larghezza_pagina tried 1/1] 0.1 secs
				[altezza_rettangolo tried 1/1] 0.1 secs
				[ascissa_rettangolo tried 1/1] 0.1 secs
				[ordinata_rettangolo tried 1/1] 0.1 secs
				[larghezza_rettangolo tried 1/1] 0.1 secs
				[numero_pagine tried 1/1] 0.1 secs

	Save clause ending with tipo_vuoto(C) (cover 1, accuracy 100%)

Best literal to_right(C,D) (5.3 bits)


State (6899/14877 [90/317], 297.6 bits available)

				[= tried 1/1] 0.1 secs
				[tipo_testo tried 2/2] 0.1 secs
				[tipo_linea_orizzontale tried 2/2] 0.1 secs
				[tipo_misto tried 2/2] 0.1 secs
				[tipo_linea_obbliqua tried 2/2] 0.1 secs
				[tipo_immagine tried 2/2] 0.1 secs
				[tipo_vuoto tried 2/2] 0.1 secs
				[ultima_pagina tried 1/1] 0.1 secs
				[frame tried 4/5] 0.1 secs
				[pagina_1 tried 2/3] 0.1 secs
				[on_top tried 6/6] 0.1 secs
				[to_right tried 4/6] 0.1 secs
				[allineato_al_centro_verticale tried 6/6] 0.1 secs
				[allineato_al_centro_orizzontale tried 6/6] 0.1 secs
				[altezza_pagina tried 1/1] 0.1 secs
				[larghezza_pagina tried 1/1] 0.1 secs
				[altezza_rettangolo tried 2/2] 0.1 secs
				[ascissa_rettangolo tried 2/2] 0.1 secs
				[ordinata_rettangolo tried 2/2] 0.1 secs
				[larghezza_rettangolo tried 2/2] 0.1 secs
				[numero_pagine tried 1/1] 0.1 secs

	Save tipo_testo(D) (90,314 value 1.2)

Best literal to_right(D,E) (7.0 bits)


State (21871/37704 [90/315], 292.2 bits available)

				[= tried 3/3] 0.1 secs
				[tipo_testo tried 3/3] 0.1 secs
				[tipo_linea_orizzontale tried 3/3] 0.1 secs
				[tipo_misto tried 3/3] 0.1 secs
				[tipo_linea_obbliqua tried 3/3] 0.1 secs
				[tipo_immagine tried 3/3] 0.2 secs
				[tipo_vuoto tried 3/3] 0.2 secs
				[ultima_pagina tried 1/1] 0.2 secs
				[frame tried 5/6] 0.2 secs
				[pagina_1 tried 2/3] 0.2 secs
				[on_top tried 10/10] 0.2 secs
				[to_right tried 7/10] 0.2 secs
				[allineato_al_centro_verticale tried 10/10] 0.2 secs
				[allineato_al_centro_orizzontale tried 10/10] 0.2 secs
				[altezza_pagina tried 1/1] 0.2 secs
				[larghezza_pagina tried 1/1] 0.2 secs
				[altezza_rettangolo tried 2/2] 0.2 secs
				[ascissa_rettangolo tried 2/2] 0.2 secs
				[ordinata_rettangolo tried 2/2] 0.2 secs
				[larghezza_rettangolo tried 2/2] 0.2 secs
				[numero_pagine tried 1/1] 0.2 secs

Best literal tipo_testo(E) (6.0 bits)


State (21619/31058 [90/311], 288.2 bits available)

				[= tried 3/3] 0.2 secs
				[tipo_testo tried 2/3] 0.3 secs
				[tipo_linea_orizzontale tried 3/3] 0.3 secs
				[tipo_misto tried 3/3] 0.3 secs
				[tipo_linea_obbliqua tried 3/3] 0.3 secs
				[tipo_immagine tried 3/3] 0.3 secs
				[tipo_vuoto tried 3/3] 0.3 secs
				[ultima_pagina tried 1/1] 0.3 secs
				[frame tried 5/6] 0.3 secs
				[pagina_1 tried 2/3] 0.3 secs
				[on_top tried 10/10] 0.3 secs
				[to_right tried 8/10] 0.3 secs
				[allineato_al_centro_verticale tried 10/10] 0.3 secs
				[allineato_al_centro_orizzontale tried 6/10] 0.3 secs
				[altezza_pagina tried 1/1] 0.3 secs
				[larghezza_pagina tried 1/1] 0.3 secs
				[altezza_rettangolo tried 2/2] 0.3 secs
				[ascissa_rettangolo tried 2/2] 0.3 secs
				[ordinata_rettangolo tried 2/2] 0.3 secs
				[larghezza_rettangolo tried 2/2] 0.3 secs
				[numero_pagine tried 1/1] 0.3 secs

Best literal tipo_testo(D) (6.0 bits)


State (21283/28257 [90/303], 284.6 bits available)

				[= tried 3/3] 0.3 secs
				[tipo_testo tried 1/3] 0.3 secs
				[tipo_linea_orizzontale tried 3/3] 0.3 secs
				[tipo_misto tried 3/3] 0.3 secs
				[tipo_linea_obbliqua tried 3/3] 0.3 secs
				[tipo_immagine tried 3/3] 0.4 secs
				[tipo_vuoto tried 3/3] 0.4 secs
				[ultima_pagina tried 1/1] 0.4 secs
				[frame tried 5/6] 0.4 secs
				[pagina_1 tried 2/3] 0.4 secs
				[on_top tried 10/10] 0.4 secs
				[to_right tried 8/10] 0.4 secs
				[allineato_al_centro_verticale tried 10/10] 0.4 secs
				[allineato_al_centro_orizzontale tried 6/10] 0.4 secs
				[altezza_pagina tried 1/1] 0.4 secs
				[larghezza_pagina tried 1/1] 0.4 secs
				[altezza_rettangolo tried 2/2] 0.4 secs
				[ascissa_rettangolo tried 2/2] 0.4 secs
				[ordinata_rettangolo tried 2/2] 0.4 secs
				[larghezza_rettangolo tried 2/2] 0.4 secs
				[numero_pagine tried 1/1] 0.4 secs

	Save tipo_testo(C) (90,299 value 7.6)

Best literal on_top(E,D) (7.7 bits)


State (9854/11771 [90/213], 279.4 bits available)

				[= tried 3/3] 0.4 secs
				[tipo_testo tried 1/3] 0.4 secs
				[tipo_linea_orizzontale tried 3/3] 0.4 secs
				[tipo_misto tried 3/3] 0.4 secs
				[tipo_linea_obbliqua tried 3/3] 0.4 secs
				[tipo_immagine tried 3/3] 0.4 secs
				[tipo_vuoto tried 3/3] 0.4 secs
				[ultima_pagina tried 1/1] 0.4 secs
				[frame tried 5/6] 0.4 secs
				[pagina_1 tried 2/3] 0.4 secs
				[on_top tried 9/10] 0.5 secs
				[to_right tried 8/10] 0.5 secs
				[allineato_al_centro_verticale tried 10/10] 0.5 secs
				[allineato_al_centro_orizzontale tried 6/10] 0.5 secs
				[altezza_pagina tried 1/1] 0.5 secs
				[larghezza_pagina tried 1/1] 0.5 secs
				[altezza_rettangolo tried 2/2] 0.5 secs
				[ascissa_rettangolo tried 2/2] 0.5 secs
				[ordinata_rettangolo tried 2/2] 0.5 secs
				[larghezza_rettangolo tried 2/2] 0.5 secs
				[numero_pagine tried 1/1] 0.5 secs

Best literal tipo_testo(C) (6.0 bits)


State (9585/10922 [90/198], 276.3 bits available)

				[= tried 3/3] 0.5 secs
				[tipo_testo tried 0/3] 0.5 secs
				[tipo_linea_orizzontale tried 3/3] 0.5 secs
				[tipo_misto tried 3/3] 0.5 secs
				[tipo_linea_obbliqua tried 3/3] 0.5 secs
				[tipo_immagine tried 3/3] 0.5 secs
				[tipo_vuoto tried 3/3] 0.5 secs
				[ultima_pagina tried 1/1] 0.5 secs
				[frame tried 5/6] 0.5 secs
				[pagina_1 tried 2/3] 0.5 secs
				[on_top tried 9/10] 0.5 secs
				[to_right tried 8/10] 0.5 secs
				[allineato_al_centro_verticale tried 10/10] 0.5 secs
				[allineato_al_centro_orizzontale tried 6/10] 0.5 secs
				[altezza_pagina tried 1/1] 0.5 secs
				[larghezza_pagina tried 1/1] 0.5 secs
				[altezza_rettangolo tried 2/2] 0.5 secs
				[ascissa_rettangolo tried 2/2] 0.5 secs
				[ordinata_rettangolo tried 2/2] 0.5 secs
				[larghezza_rettangolo tried 2/2] 0.5 secs
				[numero_pagine tried 1/1] 0.5 secs

Best literal allineato_al_centro_verticale(D,F) (7.7 bits)


State (10827/11564 [88/144], 268.6 bits available)

				[= tried 6/6] 0.5 secs
				[tipo_testo tried 1/4] 0.5 secs
				[tipo_linea_orizzontale tried 4/4] 0.5 secs
				[tipo_misto tried 4/4] 0.5 secs
				[tipo_linea_obbliqua tried 4/4] 0.5 secs
				[tipo_immagine tried 4/4] 0.5 secs
				[tipo_vuoto tried 4/4] 0.5 secs
				[ultima_pagina tried 1/1] 0.5 secs
				[frame tried 6/7] 0.5 secs
				[pagina_1 tried 2/3] 0.5 secs
				[on_top tried 15/16] 0.6 secs
				[to_right tried 14/16] 0.6 secs
				[allineato_al_centro_verticale tried 14/16] 0.6 secs
				[allineato_al_centro_orizzontale tried 10/16] 0.6 secs
				[altezza_pagina tried 1/1] 0.6 secs
				[larghezza_pagina tried 1/1] 0.6 secs
				[altezza_rettangolo tried 2/2] 0.6 secs
				[ascissa_rettangolo tried 2/2] 0.6 secs
				[ordinata_rettangolo tried 2/2] 0.6 secs
				[larghezza_rettangolo tried 2/2] 0.6 secs
				[numero_pagine tried 1/1] 0.6 secs

	Save on_top(G,C) (88,143 value 97.8)

Best literal on_top(C,G) (8.4 bits)


State (75011/78590 [88/144], 263.4 bits available)

				[= tried 10/10] 0.6 secs
				[tipo_testo tried 2/5] 0.6 secs
				[tipo_linea_orizzontale tried 5/5] 0.6 secs
				[tipo_misto tried 5/5] 0.6 secs
				[tipo_linea_obbliqua tried 5/5] 0.6 secs
				[tipo_immagine tried 5/5] 0.6 secs
				[tipo_vuoto tried 5/5] 0.6 secs
				[ultima_pagina tried 1/1] 0.6 secs
				[frame tried 8/9] 0.7 secs
				[pagina_1 tried 2/3] 0.7 secs
				[on_top tried 23/26] 0.8 secs
				[to_right tried 24/26] 0.9 secs
				[allineato_al_centro_verticale tried 24/26] 1.0 secs
				[allineato_al_centro_orizzontale tried 14/26] 1.0 secs
				[altezza_pagina tried 1/1] 1.0 secs
				[larghezza_pagina tried 1/1] 1.0 secs
				[altezza_rettangolo tried 3/3] 1.0 secs
				[ascissa_rettangolo tried 3/3] 1.0 secs
				[ordinata_rettangolo tried 3/3] 1.0 secs
				[larghezza_rettangolo tried 3/3] 1.1 secs
				[numero_pagine tried 1/1] 1.1 secs

	Save allineato_al_centro_orizzontale(H,C) (62,64 value 109.1)
	Save on_top(E,F) (86,132 value 102.6)
	Save on_top(C,F) (87,136 value 101.5)
	Save on_top(G,F) (85,132 value 100.0)

Best literal tipo_testo(G) (6.7 bits)


State (72450/75217 [88/142], 260.0 bits available)

				[= tried 10/10] 1.1 secs
				[tipo_testo tried 1/5] 1.1 secs
				[tipo_linea_orizzontale tried 5/5] 1.1 secs
				[tipo_misto tried 5/5] 1.1 secs
				[tipo_linea_obbliqua tried 5/5] 1.1 secs
				[tipo_immagine tried 5/5] 1.1 secs
				[tipo_vuoto tried 5/5] 1.1 secs
				[ultima_pagina tried 1/1] 1.1 secs
				[frame tried 8/9] 1.2 secs
				[pagina_1 tried 2/3] 1.2 secs
				[on_top tried 24/26] 1.3 secs
				[to_right tried 24/26] 1.4 secs
				[allineato_al_centro_verticale tried 24/26] 1.4 secs
				[allineato_al_centro_orizzontale tried 18/26] 1.5 secs
				[altezza_pagina tried 1/1] 1.5 secs
				[larghezza_pagina tried 1/1] 1.5 secs
				[altezza_rettangolo tried 3/3] 1.5 secs
				[ascissa_rettangolo tried 3/3] 1.5 secs
				[ordinata_rettangolo tried 3/3] 1.5 secs
				[larghezza_rettangolo tried 3/3] 1.5 secs
				[numero_pagine tried 1/1] 1.5 secs

	Save on_top(E,F) (86,130 value 104.5)
	Save on_top(D,F) (81,119 value 101.7)

Best literal allineato_al_centro_orizzontale(H,C) (9.1 bits)


State (13609/13611 [62/64], 206.0 bits available)

				[= tried 15/15] 1.5 secs
				[tipo_testo tried 2/6] 1.5 secs
				[tipo_linea_orizzontale tried 6/6] 1.5 secs
				[tipo_misto tried 6/6] 1.5 secs
				[tipo_linea_obbliqua tried 6/6] 1.5 secs
				[tipo_immagine tried 6/6] 1.5 secs
				[tipo_vuoto tried 6/6] 1.5 secs
				[ultima_pagina tried 1/1] 1.5 secs
				[frame tried 10/11] 1.6 secs
				[pagina_1 tried 2/3] 1.6 secs
				[on_top tried 36/38] 1.6 secs
				[to_right tried 31/38] 1.6 secs
				[allineato_al_centro_verticale tried 21/38] 1.6 secs
				[allineato_al_centro_orizzontale tried 21/38] 1.6 secs
				[altezza_pagina tried 1/1] 1.6 secs
				[larghezza_pagina tried 1/1] 1.6 secs
				[altezza_rettangolo tried 4/4] 1.6 secs
				[ascissa_rettangolo tried 4/4] 1.6 secs
				[ordinata_rettangolo tried 4/4] 1.6 secs
				[larghezza_rettangolo tried 4/4] 1.6 secs
				[numero_pagine tried 1/1] 1.6 secs

	Save clause ending with D=G (cover 60, accuracy 100%)

	Save on_top(H,D) (60,60 value 108.3)
	Save on_top(C,F) (60,60 value 108.3)
	Save on_top(H,F) (60,60 value 108.3)
	Save to_right(D,H) (55,55 value 99.3)

Best literal on_top(C,D) (9.6 bits)

[Replace by saved clause]

Initial clause (0 errs): class_jmlr(A) :- pagina_1(A,B), frame(B,C), to_right(C,D), to_right(D,E), tipo_testo(E), tipo_testo(D), on_top(E,D), tipo_testo(C), allineato_al_centro_verticale(D,F), on_top(C,G), tipo_testo(G), allineato_al_centro_orizzontale(H,C), D=G.
		to_right(C,D) needed for binding to_right(D,E)
		frame(B,C) needed for binding to_right(C,D)
		pagina_1(A,B) needed for binding frame(B,C)

Clause 0: class_jmlr(A) :- pagina_1(A,B), frame(B,C), to_right(C,D), to_right(D,E), tipo_testo(C), allineato_al_centro_verticale(D,F), on_top(C,D), allineato_al_centro_orizzontale(G,C).

State (19/246, 119.5 bits available)

				[pagina_1 tried 1/1] 1.7 secs
				[numero_pagine tried 1/1] 1.7 secs

Determinate literals
	pagina_1(A,B)


State (19/246, 119.5 bits available, 1 weak literal)

				[ultima_pagina tried 1/1] 1.7 secs
				[frame tried 1/1] 1.7 secs
				[pagina_1 tried 1/3] 1.7 secs
				[altezza_pagina tried 1/1] 1.7 secs
				[larghezza_pagina tried 1/1] 1.7 secs
				[numero_pagine tried 1/1] 1.7 secs

Best literal frame(B,C) (2.6 bits)


State (244/2509 [19/246], 116.9 bits available, 2 weak literals)

				[tipo_testo tried 1/1] 1.7 secs
				[tipo_linea_orizzontale tried 1/1] 1.7 secs
				[tipo_misto tried 1/1] 1.7 secs
				[tipo_linea_obbliqua tried 1/1] 1.7 secs
				[tipo_immagine tried 1/1] 1.7 secs
				[tipo_vuoto tried 1/1] 1.7 secs
				[ultima_pagina tried 1/1] 1.7 secs
				[frame tried 1/3] 1.7 secs
				[pagina_1 tried 2/3] 1.7 secs
				[on_top tried 2/2] 1.7 secs
				[to_right tried 2/2] 1.7 secs
				[allineato_al_centro_verticale tried 2/2] 1.7 secs
				[allineato_al_centro_orizzontale tried 2/2] 1.7 secs
				[altezza_pagina tried 1/1] 1.7 secs
				[larghezza_pagina tried 1/1] 1.7 secs
				[altezza_rettangolo tried 1/1] 1.7 secs
				[ascissa_rettangolo tried 1/1] 1.7 secs
				[ordinata_rettangolo tried 1/1] 1.7 secs
				[larghezza_rettangolo tried 1/1] 1.7 secs
				[numero_pagine tried 1/1] 1.7 secs

Best literal to_right(C,D) (5.3 bits)


State (1314/9292 [19/246], 112.6 bits available)

				[= tried 1/1] 1.7 secs
				[tipo_testo tried 2/2] 1.7 secs
				[tipo_linea_orizzontale tried 2/2] 1.7 secs
				[tipo_misto tried 2/2] 1.7 secs
				[tipo_linea_obbliqua tried 2/2] 1.7 secs
				[tipo_immagine tried 2/2] 1.7 secs
				[tipo_vuoto tried 2/2] 1.7 secs
				[ultima_pagina tried 1/1] 1.7 secs
				[frame tried 4/5] 1.7 secs
				[pagina_1 tried 2/3] 1.7 secs
				[on_top tried 6/6] 1.7 secs
				[to_right tried 4/6] 1.7 secs
				[allineato_al_centro_verticale tried 6/6] 1.7 secs
				[allineato_al_centro_orizzontale tried 6/6] 1.7 secs
				[altezza_pagina tried 1/1] 1.7 secs
				[larghezza_pagina tried 1/1] 1.7 secs
				[altezza_rettangolo tried 2/2] 1.7 secs
				[ascissa_rettangolo tried 2/2] 1.7 secs
				[ordinata_rettangolo tried 2/2] 1.7 secs
				[larghezza_rettangolo tried 2/2] 1.7 secs
				[numero_pagine tried 1/1] 1.7 secs

	Save tipo_testo(D) (19,243 value 0.3)

Best literal to_right(D,E) (7.0 bits)


State (4030/19863 [19/244], 107.2 bits available)

				[= tried 3/3] 1.7 secs
				[tipo_testo tried 3/3] 1.7 secs
				[tipo_linea_orizzontale tried 3/3] 1.7 secs
				[tipo_misto tried 3/3] 1.7 secs
				[tipo_linea_obbliqua tried 3/3] 1.7 secs
				[tipo_immagine tried 3/3] 1.7 secs
				[tipo_vuoto tried 3/3] 1.7 secs
				[ultima_pagina tried 1/1] 1.7 secs
				[frame tried 5/6] 1.7 secs
				[pagina_1 tried 2/3] 1.7 secs
				[on_top tried 10/10] 1.8 secs
				[to_right tried 7/10] 1.8 secs
				[allineato_al_centro_verticale tried 10/10] 1.8 secs
				[allineato_al_centro_orizzontale tried 10/10] 1.8 secs
				[altezza_pagina tried 1/1] 1.8 secs
				[larghezza_pagina tried 1/1] 1.8 secs
				[altezza_rettangolo tried 2/2] 1.8 secs
				[ascissa_rettangolo tried 2/2] 1.8 secs
				[ordinata_rettangolo tried 2/2] 1.8 secs
				[larghezza_rettangolo tried 2/2] 1.8 secs
				[numero_pagine tried 1/1] 1.8 secs

Best literal tipo_testo(E) (6.0 bits)


State (3916/13355 [19/240], 103.2 bits available)

				[= tried 3/3] 1.8 secs
				[tipo_testo tried 2/3] 1.8 secs
				[tipo_linea_orizzontale tried 3/3] 1.8 secs
				[tipo_misto tried 3/3] 1.8 secs
				[tipo_linea_obbliqua tried 3/3] 1.8 secs
				[tipo_immagine tried 3/3] 1.8 secs
				[tipo_vuoto tried 3/3] 1.8 secs
				[ultima_pagina tried 1/1] 1.8 secs
				[frame tried 5/6] 1.8 secs
				[pagina_1 tried 2/3] 1.8 secs
				[on_top tried 10/10] 1.8 secs
				[to_right tried 8/10] 1.8 secs
				[allineato_al_centro_verticale tried 10/10] 1.8 secs
				[allineato_al_centro_orizzontale tried 8/10] 1.8 secs
				[altezza_pagina tried 1/1] 1.8 secs
				[larghezza_pagina tried 1/1] 1.8 secs
				[altezza_rettangolo tried 2/2] 1.8 secs
				[ascissa_rettangolo tried 2/2] 1.8 secs
				[ordinata_rettangolo tried 2/2] 1.8 secs
				[larghezza_rettangolo tried 2/2] 1.8 secs
				[numero_pagine tried 1/1] 1.8 secs

	Save to_right(D,F) (19,240 value 0.7)

Best literal tipo_testo(D) (6.0 bits)


State (3808/10782 [19/232], 99.5 bits available)

				[= tried 3/3] 1.8 secs
				[tipo_testo tried 1/3] 1.8 secs
				[tipo_linea_orizzontale tried 3/3] 1.8 secs
				[tipo_misto tried 3/3] 1.8 secs
				[tipo_linea_obbliqua tried 3/3] 1.8 secs
				[tipo_immagine tried 3/3] 1.8 secs
				[tipo_vuoto tried 3/3] 1.8 secs
				[ultima_pagina tried 1/1] 1.8 secs
				[frame tried 5/6] 1.8 secs
				[pagina_1 tried 2/3] 1.8 secs
				[on_top tried 10/10] 1.8 secs
				[to_right tried 8/10] 1.9 secs
				[allineato_al_centro_verticale tried 10/10] 1.9 secs
				[allineato_al_centro_orizzontale tried 8/10] 1.9 secs
				[altezza_pagina tried 1/1] 1.9 secs
				[larghezza_pagina tried 1/1] 1.9 secs
				[altezza_rettangolo tried 2/2] 1.9 secs
				[ascissa_rettangolo tried 2/2] 1.9 secs
				[ordinata_rettangolo tried 2/2] 1.9 secs
				[larghezza_rettangolo tried 2/2] 1.9 secs
				[numero_pagine tried 1/1] 1.9 secs

	Save to_right(D,F) (19,232 value 1.6)

Best literal on_top(F,D) (7.7 bits)


State (22796/52472 [19/231], 94.4 bits available)

				[= tried 6/6] 1.9 secs
				[tipo_testo tried 2/4] 1.9 secs
				[tipo_linea_orizzontale tried 4/4] 1.9 secs
				[tipo_misto tried 4/4] 1.9 secs
				[tipo_linea_obbliqua tried 4/4] 1.9 secs
				[tipo_immagine tried 4/4] 1.9 secs
				[tipo_vuoto tried 4/4] 1.9 secs
				[ultima_pagina tried 1/1] 1.9 secs
				[frame tried 6/7] 1.9 secs
				[pagina_1 tried 2/3] 1.9 secs
				[on_top tried 14/16] 1.9 secs
				[to_right tried 14/16] 2.0 secs
				[allineato_al_centro_verticale tried 16/16] 2.0 secs
				[allineato_al_centro_orizzontale tried 13/16] 2.0 secs
				[altezza_pagina tried 1/1] 2.0 secs
				[larghezza_pagina tried 1/1] 2.0 secs
				[altezza_rettangolo tried 2/2] 2.0 secs
				[ascissa_rettangolo tried 2/2] 2.0 secs
				[ordinata_rettangolo tried 2/2] 2.0 secs
				[larghezza_rettangolo tried 2/2] 2.0 secs
				[numero_pagine tried 1/1] 2.0 secs

Best literal tipo_testo(C) (6.4 bits)


State (22350/44306 [19/227], 90.8 bits available)

				[= tried 6/6] 2.0 secs
				[tipo_testo tried 1/4] 2.0 secs
				[tipo_linea_orizzontale tried 4/4] 2.0 secs
				[tipo_misto tried 4/4] 2.0 secs
				[tipo_linea_obbliqua tried 4/4] 2.0 secs
				[tipo_immagine tried 4/4] 2.0 secs
				[tipo_vuoto tried 4/4] 2.0 secs
				[ultima_pagina tried 1/1] 2.0 secs
				[frame tried 6/7] 2.1 secs
				[pagina_1 tried 2/3] 2.1 secs
				[on_top tried 14/16] 2.1 secs
				[to_right tried 14/16] 2.1 secs
				[allineato_al_centro_verticale tried 16/16] 2.2 secs
				[allineato_al_centro_orizzontale tried 13/16] 2.2 secs
				[altezza_pagina tried 1/1] 2.2 secs
				[larghezza_pagina tried 1/1] 2.2 secs
				[altezza_rettangolo tried 2/2] 2.2 secs
				[ascissa_rettangolo tried 2/2] 2.2 secs
				[ordinata_rettangolo tried 2/2] 2.2 secs
				[larghezza_rettangolo tried 2/2] 2.2 secs
				[numero_pagine tried 1/1] 2.2 secs

	Save allineato_al_centro_orizzontale(C,G) (17,23 value 54.6)
	Save on_top(E,D) (19,127 value 18.0)

Best literal allineato_al_centro_verticale(G,D) (8.4 bits)


State (21981/33526 [18/144], 81.1 bits available)

				[= tried 10/10] 2.2 secs
				[tipo_testo tried 2/5] 2.2 secs
				[tipo_linea_orizzontale tried 5/5] 2.2 secs
				[tipo_misto tried 5/5] 2.2 secs
				[tipo_linea_obbliqua tried 5/5] 2.2 secs
				[tipo_immagine tried 5/5] 2.2 secs
				[tipo_vuoto tried 5/5] 2.2 secs
				[ultima_pagina tried 1/1] 2.2 secs
				[frame tried 7/8] 2.2 secs
				[pagina_1 tried 2/3] 2.2 secs
				[on_top tried 22/24] 2.3 secs
				[to_right tried 22/24] 2.3 secs
				[allineato_al_centro_verticale tried 22/24] 2.3 secs
				[allineato_al_centro_orizzontale tried 20/24] 2.3 secs
				[altezza_pagina tried 1/1] 2.3 secs
				[larghezza_pagina tried 1/1] 2.3 secs
				[altezza_rettangolo tried 2/2] 2.4 secs
				[ascissa_rettangolo tried 2/2] 2.4 secs
				[ordinata_rettangolo tried 2/2] 2.4 secs
				[larghezza_rettangolo tried 2/2] 2.4 secs
				[numero_pagine tried 1/1] 2.4 secs

	Save to_right(D,F) (18,86 value 25.8)
	Save on_top(E,D) (18,78 value 28.3)

Best literal to_right(G,F) (9.0 bits)


State (12209/15336 [18/97], 75.3 bits available)

				[= tried 10/10] 2.4 secs
				[tipo_testo tried 2/5] 2.4 secs
				[tipo_linea_orizzontale tried 5/5] 2.4 secs
				[tipo_misto tried 5/5] 2.4 secs
				[tipo_linea_obbliqua tried 5/5] 2.4 secs
				[tipo_immagine tried 5/5] 2.4 secs
				[tipo_vuoto tried 5/5] 2.4 secs
				[ultima_pagina tried 1/1] 2.4 secs
				[frame tried 7/8] 2.4 secs
				[pagina_1 tried 2/3] 2.4 secs
				[on_top tried 23/24] 2.4 secs
				[to_right tried 21/24] 2.4 secs
				[allineato_al_centro_verticale tried 23/24] 2.4 secs
				[allineato_al_centro_orizzontale tried 16/24] 2.5 secs
				[altezza_pagina tried 1/1] 2.5 secs
				[larghezza_pagina tried 1/1] 2.5 secs
				[altezza_rettangolo tried 2/2] 2.5 secs
				[ascissa_rettangolo tried 2/2] 2.5 secs
				[ordinata_rettangolo tried 2/2] 2.5 secs
				[larghezza_rettangolo tried 2/2] 2.5 secs
				[numero_pagine tried 1/1] 2.5 secs

Best literal to_right(D,H) (9.0 bits)


State (82699/95754 [18/97], 69.6 bits available, 1 weak literal)

				[= tried 15/15] 2.5 secs
				[tipo_testo tried 3/6] 2.5 secs
				[tipo_linea_orizzontale tried 6/6] 2.5 secs
				[tipo_misto tried 6/6] 2.5 secs
				[tipo_linea_obbliqua tried 6/6] 2.5 secs
				[tipo_immagine tried 6/6] 2.5 secs
				[tipo_vuoto tried 6/6] 2.5 secs
				[ultima_pagina tried 1/1] 2.5 secs
				[frame tried 8/9] 2.6 secs
				[pagina_1 tried 2/3] 2.6 secs
				[on_top tried 33/34] 2.8 secs
				[to_right tried 29/34] 3.0 secs
				[allineato_al_centro_verticale tried 33/34] 3.0 secs
				[allineato_al_centro_orizzontale tried 29/34] 3.1 secs
				[altezza_pagina tried 1/1] 3.1 secs
				[larghezza_pagina tried 1/1] 3.1 secs
				[altezza_rettangolo tried 2/2] 3.1 secs
				[ascissa_rettangolo tried 2/2] 3.1 secs
				[ordinata_rettangolo tried 2/2] 3.1 secs
				[larghezza_rettangolo tried 2/2] 3.1 secs
				[numero_pagine tried 1/1] 3.1 secs

	Save clause ending with allineato_al_centro_orizzontale(C,I) (cover 16, accuracy 94%)

	Save tipo_testo(H) (18,97 value 22.7)

Best literal allineato_al_centro_orizzontale(C,I) (9.5 bits)


State (18336/18408 [16/17], 54.6 bits available)

				[= tried 21/21] 3.1 secs
				[tipo_testo tried 4/7] 3.1 secs
				[tipo_linea_orizzontale tried 7/7] 3.1 secs
				[tipo_misto tried 7/7] 3.2 secs
				[tipo_linea_obbliqua tried 7/7] 3.2 secs
				[tipo_immagine tried 7/7] 3.2 secs
				[tipo_vuoto tried 7/7] 3.2 secs
				[ultima_pagina tried 1/1] 3.2 secs
				[frame tried 10/11] 3.2 secs
				[pagina_1 tried 2/3] 3.2 secs
				[on_top tried 47/48] 3.2 secs
				[to_right tried 34/48] 3.2 secs

	Save clause ending with F=I (cover 16, accuracy 100%)

	Save on_top(C,D) (16,16 value 58.0)
	Save on_top(C,G) (16,16 value 58.0)
	Save on_top(I,D) (16,16 value 58.0)
	Save on_top(I,G) (16,16 value 58.0)

Best literal to_right(I,J) (10.0 bits)

[Replace by saved clause]

Initial clause (0 errs): class_jmlr(A) :- pagina_1(A,B), frame(B,C), to_right(C,D), to_right(D,E), tipo_testo(E), tipo_testo(D), on_top(F,D), tipo_testo(C), allineato_al_centro_verticale(G,D), to_right(G,F), to_right(D,H), allineato_al_centro_orizzontale(C,I), F=I.
		to_right(C,D) needed for binding on_top(F,D)
		frame(B,C) needed for binding to_right(C,D)
		pagina_1(A,B) needed for binding frame(B,C)

Clause 1: class_jmlr(A) :- pagina_1(A,B), frame(B,C), to_right(C,D), on_top(E,D), tipo_testo(C), allineato_al_centro_verticale(F,D), to_right(F,E), allineato_al_centro_orizzontale(C,E).

State (3/230, 33.7 bits available)

				[pagina_1 tried 1/1] 3.4 secs
				[numero_pagine tried 1/1] 3.4 secs

Determinate literals
	pagina_1(A,B)


State (3/230, 33.7 bits available, 1 weak literal)

				[ultima_pagina tried 1/1] 3.4 secs
				[frame tried 1/1] 3.4 secs
				[pagina_1 tried 1/3] 3.4 secs
				[altezza_pagina tried 1/1] 3.4 secs
				[larghezza_pagina tried 1/1] 3.4 secs
				[numero_pagine tried 1/1] 3.4 secs

Best literal frame(B,C) (2.6 bits)


State (36/2301 [3/230], 31.1 bits available, 2 weak literals)

				[tipo_testo tried 1/1] 3.4 secs
				[tipo_linea_orizzontale tried 1/1] 3.4 secs
				[tipo_misto tried 1/1] 3.4 secs
				[tipo_linea_obbliqua tried 1/1] 3.4 secs
				[tipo_immagine tried 1/1] 3.4 secs
				[tipo_vuoto tried 1/1] 3.4 secs
				[ultima_pagina tried 1/1] 3.4 secs
				[frame tried 1/3] 3.4 secs
				[pagina_1 tried 2/3] 3.4 secs
				[on_top tried 2/2] 3.4 secs
				[to_right tried 2/2] 3.4 secs
				[allineato_al_centro_verticale tried 2/2] 3.4 secs
				[allineato_al_centro_orizzontale tried 2/2] 3.4 secs
				[altezza_pagina tried 1/1] 3.4 secs
				[larghezza_pagina tried 1/1] 3.4 secs
				[altezza_rettangolo tried 1/1] 3.4 secs
				[ascissa_rettangolo tried 1/1] 3.4 secs
				[ordinata_rettangolo tried 1/1] 3.4 secs
				[larghezza_rettangolo tried 1/1] 3.4 secs
				[numero_pagine tried 1/1] 3.4 secs

Best literal to_right(C,D) (5.3 bits)


State (172/8150 [3/230], 26.8 bits available)

				[= tried 1/1] 3.4 secs
				[tipo_testo tried 2/2] 3.4 secs
				[tipo_linea_orizzontale tried 2/2] 3.4 secs
				[tipo_misto tried 2/2] 3.4 secs
				[tipo_linea_obbliqua tried 2/2] 3.4 secs
				[tipo_immagine tried 2/2] 3.4 secs
				[tipo_vuoto tried 2/2] 3.4 secs
				[ultima_pagina tried 1/1] 3.4 secs
				[frame tried 4/5] 3.4 secs
				[pagina_1 tried 2/3] 3.4 secs
				[on_top tried 6/6] 3.4 secs
				[to_right tried 4/6] 3.4 secs
				[allineato_al_centro_verticale tried 6/6] 3.4 secs
				[allineato_al_centro_orizzontale tried 6/6] 3.4 secs
				[altezza_pagina tried 1/1] 3.4 secs
				[larghezza_pagina tried 1/1] 3.4 secs
				[altezza_rettangolo tried 2/2] 3.4 secs
				[ascissa_rettangolo tried 2/2] 3.4 secs
				[ordinata_rettangolo tried 2/2] 3.4 secs
				[larghezza_rettangolo tried 2/2] 3.4 secs
				[numero_pagine tried 1/1] 3.4 secs

Best literal tipo_testo(D) (5.4 bits)


State (158/5687 [3/227], 23.0 bits available)

				[= tried 1/1] 3.4 secs
				[tipo_testo tried 1/2] 3.4 secs
				[tipo_linea_orizzontale tried 2/2] 3.4 secs
				[tipo_misto tried 2/2] 3.4 secs
				[tipo_linea_obbliqua tried 2/2] 3.4 secs
				[tipo_immagine tried 2/2] 3.4 secs
				[tipo_vuoto tried 2/2] 3.4 secs
				[ultima_pagina tried 1/1] 3.4 secs
				[frame tried 4/5] 3.4 secs
				[pagina_1 tried 2/3] 3.4 secs
				[on_top tried 6/6] 3.4 secs
				[to_right tried 5/6] 3.4 secs
				[allineato_al_centro_verticale tried 6/6] 3.4 secs
				[allineato_al_centro_orizzontale tried 6/6] 3.4 secs
				[altezza_pagina tried 1/1] 3.4 secs
				[larghezza_pagina tried 1/1] 3.4 secs
				[altezza_rettangolo tried 2/2] 3.4 secs
				[ascissa_rettangolo tried 2/2] 3.4 secs
				[ordinata_rettangolo tried 2/2] 3.4 secs
				[larghezza_rettangolo tried 2/2] 3.4 secs
				[numero_pagine tried 1/1] 3.4 secs

	Save to_right(C,E) (3,227 value 0.1)

Best literal allineato_al_centro_verticale(E,D) (7.0 bits)


State (202/4643 [3/162], 18.0 bits available)

				[= tried 3/3] 3.4 secs
				[tipo_testo tried 2/3] 3.4 secs
				[tipo_linea_orizzontale tried 3/3] 3.4 secs
				[tipo_misto tried 3/3] 3.4 secs
				[tipo_linea_obbliqua tried 3/3] 3.4 secs
				[tipo_immagine tried 3/3] 3.4 secs
				[tipo_vuoto tried 3/3] 3.4 secs
				[ultima_pagina tried 1/1] 3.4 secs
				[frame tried 5/6] 3.4 secs
				[pagina_1 tried 2/3] 3.4 secs
				[on_top tried 10/10] 3.5 secs
				[to_right tried 9/10] 3.5 secs
				[allineato_al_centro_verticale tried 8/10] 3.5 secs
				[allineato_al_centro_orizzontale tried 6/10] 3.5 secs
				[altezza_pagina tried 1/1] 3.5 secs
				[larghezza_pagina tried 1/1] 3.5 secs
				[altezza_rettangolo tried 2/2] 3.5 secs
				[ascissa_rettangolo tried 2/2] 3.5 secs
				[ordinata_rettangolo tried 2/2] 3.5 secs
				[larghezza_rettangolo tried 2/2] 3.5 secs
				[numero_pagine tried 1/1] 3.5 secs

Best literal tipo_testo(C) (6.0 bits)


State (192/2802 [3/155], 14.4 bits available)

				[= tried 3/3] 3.5 secs
				[tipo_testo tried 1/3] 3.5 secs
				[tipo_linea_orizzontale tried 3/3] 3.5 secs
				[tipo_misto tried 3/3] 3.5 secs
				[tipo_linea_obbliqua tried 3/3] 3.5 secs
				[tipo_immagine tried 3/3] 3.5 secs
				[tipo_vuoto tried 3/3] 3.5 secs
				[ultima_pagina tried 1/1] 3.5 secs
				[frame tried 5/6] 3.5 secs
				[pagina_1 tried 2/3] 3.5 secs
				[on_top tried 10/10] 3.5 secs
				[to_right tried 9/10] 3.5 secs
				[allineato_al_centro_verticale tried 8/10] 3.5 secs
				[allineato_al_centro_orizzontale tried 6/10] 3.5 secs
				[altezza_pagina tried 1/1] 3.5 secs
				[larghezza_pagina tried 1/1] 3.5 secs
				[altezza_rettangolo tried 2/2] 3.5 secs
				[ascissa_rettangolo tried 2/2] 3.5 secs
				[ordinata_rettangolo tried 2/2] 3.5 secs
				[larghezza_rettangolo tried 2/2] 3.5 secs
				[numero_pagine tried 1/1] 3.5 secs

	Save to_right(C,F) (3,155 value 1.7)

Best literal to_right(D,F) (7.7 bits)


State (771/7121 [3/139], 9.2 bits available)

				[= tried 6/6] 3.5 secs
				[tipo_testo tried 2/4] 3.5 secs
				[tipo_linea_orizzontale tried 4/4] 3.5 secs
				[tipo_misto tried 4/4] 3.5 secs
				[tipo_linea_obbliqua tried 4/4] 3.5 secs
				[tipo_immagine tried 4/4] 3.5 secs
				[tipo_vuoto tried 4/4] 3.5 secs
				[ultima_pagina tried 1/1] 3.5 secs
				[frame tried 6/7] 3.5 secs
				[pagina_1 tried 2/3] 3.5 secs
				[on_top tried 16/16] 3.5 secs
				[to_right tried 13/16] 3.5 secs
				[allineato_al_centro_verticale tried 14/16] 3.5 secs
				[allineato_al_centro_orizzontale tried 10/16] 3.5 secs
				[altezza_pagina tried 1/1] 3.5 secs
				[larghezza_pagina tried 1/1] 3.5 secs
				[altezza_rettangolo tried 2/2] 3.5 secs
				[ascissa_rettangolo tried 2/2] 3.5 secs
				[ordinata_rettangolo tried 2/2] 3.5 secs
				[larghezza_rettangolo tried 2/2] 3.5 secs
				[numero_pagine tried 1/1] 3.5 secs

	Save tipo_testo(F) (3,131 value 2.4)
	Save to_right(C,G) (3,139 value 2.2)

Best literal on_top(F,E) (8.4 bits)


State (460/2154 [3/99], 3.6 bits available)

				[= requires 8.0 bits]
				[tipo_testo tried 2/4] 3.5 secs
				[tipo_linea_orizzontale tried 4/4] 3.5 secs
				[tipo_misto tried 4/4] 3.5 secs
				[tipo_linea_obbliqua tried 4/4] 3.5 secs
				[tipo_immagine tried 4/4] 3.5 secs
				[tipo_vuoto tried 4/4] 3.5 secs
				[ultima_pagina tried 1/1] 3.5 secs
				[frame requires 7.2 bits]
				[pagina_1 tried 2/3] 3.5 secs
				[on_top requires 8.4 bits]
				[to_right requires 8.4 bits]
				[allineato_al_centro_verticale requires 8.4 bits]
				[allineato_al_centro_orizzontale requires 8.4 bits]
				[altezza_pagina tried 1/1] 3.5 secs
				[larghezza_pagina tried 1/1] 3.5 secs
				[altezza_rettangolo tried 2/2] 3.5 secs
				[ascissa_rettangolo tried 2/2] 3.5 secs
				[ordinata_rettangolo tried 2/2] 3.5 secs
				[larghezza_rettangolo tried 2/2] 3.5 secs
				[numero_pagine tried 1/1] 3.5 secs

Best literal tipo_testo(F) (6.4 bits)


State (447/1666 [3/90], 0.2 bits available)

				[= requires 8.0 bits]
				[tipo_testo requires 6.4 bits]
				[tipo_linea_orizzontale requires 6.4 bits]
				[tipo_misto requires 6.4 bits]
				[tipo_linea_obbliqua requires 6.4 bits]
				[tipo_immagine requires 6.4 bits]
				[tipo_vuoto requires 6.4 bits]
				[ultima_pagina requires 4.4 bits]
				[frame requires 7.2 bits]
				[pagina_1 requires 6.0 bits]
				[on_top requires 8.4 bits]
				[to_right requires 8.4 bits]
				[allineato_al_centro_verticale requires 8.4 bits]
				[allineato_al_centro_orizzontale requires 8.4 bits]
				[altezza_pagina requires 4.4 bits]
				[larghezza_pagina requires 4.4 bits]
				[altezza_rettangolo requires 5.4 bits]
				[ascissa_rettangolo requires 5.4 bits]
				[ordinata_rettangolo requires 5.4 bits]
				[larghezza_rettangolo requires 5.4 bits]
				[numero_pagine requires 4.4 bits]

No literals

Recover to class_jmlr(A) :- pagina_1(A,B), frame(B,C), to_right(C,D), tipo_testo(D), allineato_al_centro_verticale(E,D), tipo_testo(C), to_right(D,F), tipo_testo(F).



State (702/4320 [3/131], 5.6 bits available)

				[= tried 6/6] 3.5 secs
				[tipo_testo tried 1/4] 3.5 secs
				[tipo_linea_orizzontale tried 4/4] 3.5 secs
				[tipo_misto tried 4/4] 3.5 secs
				[tipo_linea_obbliqua tried 4/4] 3.5 secs
				[tipo_immagine tried 4/4] 3.5 secs
				[tipo_vuoto tried 4/4] 3.5 secs
				[ultima_pagina tried 1/1] 3.5 secs
				[frame tried 6/7] 3.5 secs
				[pagina_1 tried 2/3] 3.5 secs
				[on_top tried 16/16] 3.5 secs
				[to_right tried 14/16] 3.5 secs
				[allineato_al_centro_verticale tried 14/16] 3.5 secs
				[allineato_al_centro_orizzontale tried 10/16] 3.5 secs
				[altezza_pagina tried 1/1] 3.5 secs
				[larghezza_pagina tried 1/1] 3.5 secs
				[altezza_rettangolo tried 2/2] 3.5 secs
				[ascissa_rettangolo tried 2/2] 3.5 secs
				[ordinata_rettangolo tried 2/2] 3.5 secs
				[larghezza_rettangolo tried 2/2] 3.5 secs
				[numero_pagine tried 1/1] 3.5 secs

Best literal to_right(D,G) (8.4 bits)


State (4023/15600 [3/131], 0.2 bits available, 1 weak literal)

				[= requires 8.7 bits]
				[tipo_testo requires 6.7 bits]
				[tipo_linea_orizzontale requires 6.7 bits]
				[tipo_misto requires 6.7 bits]
				[tipo_linea_obbliqua requires 6.7 bits]
				[tipo_immagine requires 6.7 bits]
				[tipo_vuoto requires 6.7 bits]
				[ultima_pagina requires 4.4 bits]
				[frame requires 7.4 bits]
				[pagina_1 requires 6.0 bits]
				[on_top requires 9.0 bits]
				[to_right requires 9.0 bits]
				[allineato_al_centro_verticale requires 9.0 bits]
				[allineato_al_centro_orizzontale requires 9.0 bits]
				[altezza_pagina requires 4.4 bits]
				[larghezza_pagina requires 4.4 bits]
				[altezza_rettangolo requires 5.4 bits]
				[ascissa_rettangolo requires 5.4 bits]
				[ordinata_rettangolo requires 5.4 bits]
				[larghezza_rettangolo requires 5.4 bits]
				[numero_pagine requires 4.4 bits]

No literals

Recover to class_jmlr(A) :- pagina_1(A,B), frame(B,C), to_right(C,D), tipo_testo(D), allineato_al_centro_verticale(E,D), tipo_testo(C), to_right(D,F), to_right(C,G).



State (6493/42939 [3/139], 3.6 bits available, 1 weak literal)

				[= requires 8.7 bits]
				[tipo_testo requires 6.7 bits]
				[tipo_linea_orizzontale requires 6.7 bits]
				[tipo_misto requires 6.7 bits]
				[tipo_linea_obbliqua requires 6.7 bits]
				[tipo_immagine requires 6.7 bits]
				[tipo_vuoto requires 6.7 bits]
				[ultima_pagina tried 1/1] 3.5 secs
				[frame requires 7.6 bits]
				[pagina_1 tried 2/3] 3.5 secs
				[on_top requires 9.1 bits]
				[to_right requires 9.1 bits]
				[allineato_al_centro_verticale requires 9.1 bits]
				[allineato_al_centro_orizzontale requires 9.1 bits]
				[altezza_pagina tried 1/1] 3.5 secs
				[larghezza_pagina tried 1/1] 3.5 secs
				[altezza_rettangolo tried 3/3] 3.5 secs
				[ascissa_rettangolo tried 3/3] 3.5 secs
				[ordinata_rettangolo tried 3/3] 3.5 secs
				[larghezza_rettangolo tried 3/3] 3.6 secs
				[numero_pagine tried 1/1] 3.6 secs

No literals

Recover to class_jmlr(A) :- pagina_1(A,B), frame(B,C), to_right(C,D), tipo_testo(D), allineato_al_centro_verticale(E,D), tipo_testo(C), to_right(C,F).



State (1481/15492 [3/155], 9.2 bits available, 1 weak literal)

				[= tried 6/6] 3.6 secs
				[tipo_testo tried 2/4] 3.6 secs
				[tipo_linea_orizzontale tried 4/4] 3.6 secs
				[tipo_misto tried 4/4] 3.6 secs
				[tipo_linea_obbliqua tried 4/4] 3.6 secs
				[tipo_immagine tried 4/4] 3.6 secs
				[tipo_vuoto tried 4/4] 3.6 secs
				[ultima_pagina tried 1/1] 3.6 secs
				[frame tried 7/8] 3.6 secs
				[pagina_1 tried 2/3] 3.6 secs
				[on_top tried 18/18] 3.6 secs
				[to_right tried 15/18] 3.6 secs
				[allineato_al_centro_verticale tried 16/18] 3.6 secs
				[allineato_al_centro_orizzontale tried 9/18] 3.6 secs
				[altezza_pagina tried 1/1] 3.6 secs
				[larghezza_pagina tried 1/1] 3.6 secs
				[altezza_rettangolo tried 3/3] 3.6 secs
				[ascissa_rettangolo tried 3/3] 3.6 secs
				[ordinata_rettangolo tried 3/3] 3.6 secs
				[larghezza_rettangolo tried 3/3] 3.6 secs
				[numero_pagine tried 1/1] 3.6 secs

Best literal to_right(D,G) (8.6 bits)


State (6493/42939 [3/139], 3.5 bits available)

				[= requires 8.7 bits]
				[tipo_testo requires 6.7 bits]
				[tipo_linea_orizzontale requires 6.7 bits]
				[tipo_misto requires 6.7 bits]
				[tipo_linea_obbliqua requires 6.7 bits]
				[tipo_immagine requires 6.7 bits]
				[tipo_vuoto requires 6.7 bits]
				[ultima_pagina tried 1/1] 3.6 secs
				[frame requires 7.6 bits]
				[pagina_1 tried 2/3] 3.6 secs
				[on_top requires 9.1 bits]
				[to_right requires 9.1 bits]
				[allineato_al_centro_verticale requires 9.1 bits]
				[allineato_al_centro_orizzontale requires 9.1 bits]
				[altezza_pagina tried 1/1] 3.6 secs
				[larghezza_pagina tried 1/1] 3.6 secs
				[altezza_rettangolo tried 3/3] 3.6 secs
				[ascissa_rettangolo tried 3/3] 3.7 secs
				[ordinata_rettangolo tried 3/3] 3.7 secs
				[larghezza_rettangolo tried 3/3] 3.7 secs
				[numero_pagine tried 1/1] 3.7 secs

No literals

Recover to class_jmlr(A) :- pagina_1(A,B), frame(B,C), to_right(C,D), tipo_testo(D), to_right(C,E).



State (1062/29787 [3/227], 18.0 bits available, 1 weak literal)

				[= tried 3/3] 3.7 secs
				[tipo_testo tried 2/3] 3.7 secs
				[tipo_linea_orizzontale tried 3/3] 3.7 secs
				[tipo_misto tried 3/3] 3.7 secs
				[tipo_linea_obbliqua tried 3/3] 3.7 secs
				[tipo_immagine tried 3/3] 3.7 secs
				[tipo_vuoto tried 3/3] 3.7 secs
				[ultima_pagina tried 1/1] 3.7 secs
				[frame tried 6/7] 3.7 secs
				[pagina_1 tried 2/3] 3.7 secs
				[on_top tried 12/12] 3.7 secs
				[to_right tried 9/12] 3.7 secs
				[allineato_al_centro_verticale tried 12/12] 3.7 secs
				[allineato_al_centro_orizzontale tried 10/12] 3.7 secs
				[altezza_pagina tried 1/1] 3.7 secs
				[larghezza_pagina tried 1/1] 3.7 secs
				[altezza_rettangolo tried 3/3] 3.7 secs
				[ascissa_rettangolo tried 3/3] 3.7 secs
				[ordinata_rettangolo tried 3/3] 3.8 secs
				[larghezza_rettangolo tried 3/3] 3.8 secs
				[numero_pagine tried 1/1] 3.8 secs

Best literal tipo_testo(C) (6.0 bits)


State (1017/21792 [3/227], 14.4 bits available)

				[= tried 3/3] 3.8 secs
				[tipo_testo tried 1/3] 3.8 secs
				[tipo_linea_orizzontale tried 3/3] 3.8 secs
				[tipo_misto tried 3/3] 3.8 secs
				[tipo_linea_obbliqua tried 3/3] 3.8 secs
				[tipo_immagine tried 3/3] 3.8 secs
				[tipo_vuoto tried 3/3] 3.8 secs
				[ultima_pagina tried 1/1] 3.8 secs
				[frame tried 6/7] 3.8 secs
				[pagina_1 tried 2/3] 3.8 secs
				[on_top tried 12/12] 3.8 secs
				[to_right tried 9/12] 3.8 secs
				[allineato_al_centro_verticale tried 12/12] 3.8 secs
				[allineato_al_centro_orizzontale tried 6/12] 3.8 secs
				[altezza_pagina tried 1/1] 3.8 secs
				[larghezza_pagina tried 1/1] 3.8 secs
				[altezza_rettangolo tried 3/3] 3.8 secs
				[ascissa_rettangolo tried 3/3] 3.8 secs
				[ordinata_rettangolo tried 3/3] 3.8 secs
				[larghezza_rettangolo tried 3/3] 3.8 secs
				[numero_pagine tried 1/1] 3.8 secs

Best literal allineato_al_centro_verticale(F,D) (8.0 bits)


State (1481/15492 [3/155], 9.0 bits available)

				[= tried 6/6] 3.8 secs
				[tipo_testo tried 2/4] 3.8 secs
				[tipo_linea_orizzontale tried 4/4] 3.8 secs
				[tipo_misto tried 4/4] 3.8 secs
				[tipo_linea_obbliqua tried 4/4] 3.8 secs
				[tipo_immagine tried 4/4] 3.8 secs
				[tipo_vuoto tried 4/4] 3.8 secs
				[ultima_pagina tried 1/1] 3.8 secs
				[frame tried 7/8] 3.8 secs
				[pagina_1 tried 2/3] 3.8 secs
				[on_top tried 18/18] 3.9 secs
				[to_right tried 15/18] 3.9 secs
				[allineato_al_centro_verticale tried 16/18] 3.9 secs
				[allineato_al_centro_orizzontale tried 9/18] 3.9 secs
				[altezza_pagina tried 1/1] 3.9 secs
				[larghezza_pagina tried 1/1] 3.9 secs
				[altezza_rettangolo tried 3/3] 3.9 secs
				[ascissa_rettangolo tried 3/3] 3.9 secs
				[ordinata_rettangolo tried 3/3] 3.9 secs
				[larghezza_rettangolo tried 3/3] 3.9 secs
				[numero_pagine tried 1/1] 3.9 secs

Best literal to_right(D,G) (8.6 bits)


State (6493/42939 [3/139], 3.2 bits available)

				[= requires 8.7 bits]
				[tipo_testo requires 6.7 bits]
				[tipo_linea_orizzontale requires 6.7 bits]
				[tipo_misto requires 6.7 bits]
				[tipo_linea_obbliqua requires 6.7 bits]
				[tipo_immagine requires 6.7 bits]
				[tipo_vuoto requires 6.7 bits]
				[ultima_pagina tried 1/1] 3.9 secs
				[frame requires 7.6 bits]
				[pagina_1 tried 2/3] 3.9 secs
				[on_top requires 9.1 bits]
				[to_right requires 9.1 bits]
				[allineato_al_centro_verticale requires 9.1 bits]
				[allineato_al_centro_orizzontale requires 9.1 bits]
				[altezza_pagina tried 1/1] 3.9 secs
				[larghezza_pagina tried 1/1] 3.9 secs
				[altezza_rettangolo tried 3/3] 3.9 secs
				[ascissa_rettangolo tried 3/3] 3.9 secs
				[ordinata_rettangolo tried 3/3] 3.9 secs
				[larghezza_rettangolo tried 3/3] 3.9 secs
				[numero_pagine tried 1/1] 3.9 secs

No literals

Initial clause (136 errs): class_jmlr(A) :- pagina_1(A,B), frame(B,C), to_right(C,D), tipo_testo(D), to_right(C,E), tipo_testo(C), allineato_al_centro_verticale(F,D), to_right(D,G).
		to_right(C,D) needed for binding tipo_testo(D)
		frame(B,C) needed for binding to_right(C,D)
		pagina_1(A,B) needed for binding frame(B,C)

Clause too inaccurate (3/139)

***  Warning: the following definition
***  does not cover 3 tuples in the relation

class_jmlr(A) :- pagina_1(A,B), frame(B,C), to_right(C,D), to_right(D,E), tipo_testo(C), allineato_al_centro_verticale(D,F), on_top(C,D), allineato_al_centro_orizzontale(G,C).
class_jmlr(A) :- pagina_1(A,B), frame(B,C), to_right(C,D), on_top(E,D), tipo_testo(C), allineato_al_centro_verticale(F,D), to_right(F,E), allineato_al_centro_orizzontale(C,E).

Time 4.0 secs

Test relation class_jmlr
Summary: 0 errors in 36 trials
