FOIL 6.4   [January 1996]
--------

    Options:
	no negated literals
	verbosity level 2

Types Documento and Pagina are not compatible
Types Documento and Frame are not compatible
Types Documento and NumeroPagine are not compatible
Types Documento and LarghezzaPagina are not compatible
Types Documento and AltezzaPagina are not compatible
Types Documento and AscissaRettangolo are not compatible
Types Documento and OrdinataRettangolo are not compatible
Types Documento and LarghezzaRettangolo are not compatible
Types Documento and AltezzaRettangolo are not compatible
Types Pagina and Frame are not compatible
Types Pagina and NumeroPagine are not compatible
Types Pagina and LarghezzaPagina are not compatible
Types Pagina and AltezzaPagina are not compatible
Types Pagina and AscissaRettangolo are not compatible
Types Pagina and OrdinataRettangolo are not compatible
Types Pagina and LarghezzaRettangolo are not compatible
Types Pagina and AltezzaRettangolo are not compatible
Types Frame and NumeroPagine are not compatible
Types Frame and LarghezzaPagina are not compatible
Types Frame and AltezzaPagina are not compatible
Types Frame and AscissaRettangolo are not compatible
Types Frame and OrdinataRettangolo are not compatible
Types Frame and LarghezzaRettangolo are not compatible
Types Frame and AltezzaRettangolo are not compatible
Types NumeroPagine and LarghezzaPagina are not compatible
Types NumeroPagine and AltezzaPagina are not compatible
Types NumeroPagine and AscissaRettangolo are not compatible
Types NumeroPagine and OrdinataRettangolo are not compatible
Types NumeroPagine and LarghezzaRettangolo are not compatible
Types NumeroPagine and AltezzaRettangolo are not compatible
Types LarghezzaPagina and AltezzaPagina are not compatible
Types LarghezzaPagina and AscissaRettangolo are not compatible
Types LarghezzaPagina and OrdinataRettangolo are not compatible
Types LarghezzaPagina and LarghezzaRettangolo are not compatible
Types LarghezzaPagina and AltezzaRettangolo are not compatible
Types AltezzaPagina and AscissaRettangolo are not compatible
Types AltezzaPagina and OrdinataRettangolo are not compatible
Types AltezzaPagina and LarghezzaRettangolo are not compatible
Types AltezzaPagina and AltezzaRettangolo are not compatible
Types AscissaRettangolo and OrdinataRettangolo are not compatible
Types AscissaRettangolo and LarghezzaRettangolo are not compatible
Types AscissaRettangolo and AltezzaRettangolo are not compatible
Types OrdinataRettangolo and LarghezzaRettangolo are not compatible
Types OrdinataRettangolo and AltezzaRettangolo are not compatible
Types LarghezzaRettangolo and AltezzaRettangolo are not compatible

Relation class_jmlr

Relation *allineato_al_centro_orizzontale

Relation *allineato_al_centro_verticale

Relation *altezza_pagina

Relation *larghezza_pagina

Relation *altezza_rettangolo

Relation *ascissa_rettangolo

Relation *ordinata_rettangolo

Relation *larghezza_rettangolo

Relation *frame

Relation *numero_pagine

Relation *on_top

Relation *to_right

Relation *pagina_1

Relation *ultima_pagina

Relation *tipo_immagine

Relation *tipo_linea_obbliqua

Relation *tipo_linea_orizzontale

Relation *tipo_misto

Relation *tipo_testo

Relation *tipo_vuoto

----------
class_jmlr:

State (90/318, 305.0 bits available)

				[pagina_1 tried 1/1] 0.1 secs
				[numero_pagine tried 1/1] 0.1 secs

Determinate literals
	pagina_1(A,B)


State (90/318, 305.0 bits available, 1 weak literal)

				[ultima_pagina tried 1/1] 0.1 secs
				[frame tried 1/1] 0.1 secs
				[pagina_1 tried 1/3] 0.1 secs
				[altezza_pagina tried 1/1] 0.1 secs
				[larghezza_pagina tried 1/1] 0.1 secs
				[numero_pagine tried 1/1] 0.1 secs

Best literal frame(B,C) (2.6 bits)


State (1224/3496 [90/318], 302.5 bits available, 2 weak literals)

				[tipo_testo tried 1/1] 0.1 secs
				[tipo_linea_orizzontale tried 1/1] 0.1 secs
				[tipo_misto tried 1/1] 0.1 secs
				[tipo_linea_obbliqua tried 1/1] 0.1 secs
				[tipo_immagine tried 1/1] 0.1 secs
				[tipo_vuoto tried 1/1] 0.1 secs
				[ultima_pagina tried 1/1] 0.1 secs
				[frame tried 1/3] 0.1 secs
				[pagina_1 tried 2/3] 0.1 secs
				[on_top tried 2/2] 0.1 secs
				[to_right tried 2/2] 0.1 secs
				[allineato_al_centro_verticale tried 2/2] 0.1 secs
				[allineato_al_centro_orizzontale tried 2/2] 0.1 secs
				[altezza_pagina tried 1/1] 0.1 secs
				[larghezza_pagina tried 1/1] 0.1 secs
				[altezza_rettangolo tried 1/1] 0.1 secs
				[ascissa_rettangolo tried 1/1] 0.1 secs
				[ordinata_rettangolo tried 1/1] 0.1 secs
				[larghezza_rettangolo tried 1/1] 0.1 secs
				[numero_pagine tried 1/1] 0.1 secs

	Save clause ending with tipo_vuoto(C) (cover 1, accuracy 100%)

Best literal to_right(C,D) (5.3 bits)


State (6920/14874 [90/317], 298.1 bits available)

				[= tried 1/1] 0.1 secs
				[tipo_testo tried 2/2] 0.1 secs
				[tipo_linea_orizzontale tried 2/2] 0.1 secs
				[tipo_misto tried 2/2] 0.1 secs
				[tipo_linea_obbliqua tried 2/2] 0.1 secs
				[tipo_immagine tried 2/2] 0.1 secs
				[tipo_vuoto tried 2/2] 0.1 secs
				[ultima_pagina tried 1/1] 0.1 secs
				[frame tried 4/5] 0.1 secs
				[pagina_1 tried 2/3] 0.1 secs
				[on_top tried 6/6] 0.1 secs
				[to_right tried 4/6] 0.1 secs
				[allineato_al_centro_verticale tried 6/6] 0.1 secs
				[allineato_al_centro_orizzontale tried 6/6] 0.1 secs
				[altezza_pagina tried 1/1] 0.1 secs
				[larghezza_pagina tried 1/1] 0.1 secs
				[altezza_rettangolo tried 2/2] 0.1 secs
				[ascissa_rettangolo tried 2/2] 0.1 secs
				[ordinata_rettangolo tried 2/2] 0.1 secs
				[larghezza_rettangolo tried 2/2] 0.1 secs
				[numero_pagine tried 1/1] 0.1 secs

	Save tipo_testo(D) (90,315 value 1.2)

Best literal to_right(D,E) (7.0 bits)


State (21934/37657 [90/315], 292.7 bits available)

				[= tried 3/3] 0.1 secs
				[tipo_testo tried 3/3] 0.1 secs
				[tipo_linea_orizzontale tried 3/3] 0.1 secs
				[tipo_misto tried 3/3] 0.2 secs
				[tipo_linea_obbliqua tried 3/3] 0.2 secs
				[tipo_immagine tried 3/3] 0.2 secs
				[tipo_vuoto tried 3/3] 0.2 secs
				[ultima_pagina tried 1/1] 0.2 secs
				[frame tried 5/6] 0.2 secs
				[pagina_1 tried 2/3] 0.2 secs
				[on_top tried 10/10] 0.2 secs
				[to_right tried 7/10] 0.2 secs
				[allineato_al_centro_verticale tried 10/10] 0.2 secs
				[allineato_al_centro_orizzontale tried 10/10] 0.2 secs
				[altezza_pagina tried 1/1] 0.2 secs
				[larghezza_pagina tried 1/1] 0.2 secs
				[altezza_rettangolo tried 2/2] 0.2 secs
				[ascissa_rettangolo tried 2/2] 0.2 secs
				[ordinata_rettangolo tried 2/2] 0.2 secs
				[larghezza_rettangolo tried 2/2] 0.2 secs
				[numero_pagine tried 1/1] 0.2 secs

Best literal tipo_testo(E) (6.0 bits)


State (21675/31574 [90/312], 288.8 bits available)

				[= tried 3/3] 0.3 secs
				[tipo_testo tried 2/3] 0.3 secs
				[tipo_linea_orizzontale tried 3/3] 0.3 secs
				[tipo_misto tried 3/3] 0.3 secs
				[tipo_linea_obbliqua tried 3/3] 0.3 secs
				[tipo_immagine tried 3/3] 0.3 secs
				[tipo_vuoto tried 3/3] 0.3 secs
				[ultima_pagina tried 1/1] 0.3 secs
				[frame tried 5/6] 0.3 secs
				[pagina_1 tried 2/3] 0.3 secs
				[on_top tried 10/10] 0.3 secs
				[to_right tried 8/10] 0.3 secs
				[allineato_al_centro_verticale tried 10/10] 0.3 secs
				[allineato_al_centro_orizzontale tried 6/10] 0.3 secs
				[altezza_pagina tried 1/1] 0.3 secs
				[larghezza_pagina tried 1/1] 0.3 secs
				[altezza_rettangolo tried 2/2] 0.3 secs
				[ascissa_rettangolo tried 2/2] 0.3 secs
				[ordinata_rettangolo tried 2/2] 0.3 secs
				[larghezza_rettangolo tried 2/2] 0.3 secs
				[numero_pagine tried 1/1] 0.3 secs

Best literal tipo_testo(D) (6.0 bits)


State (21261/28886 [90/303], 285.1 bits available)

				[= tried 3/3] 0.4 secs
				[tipo_testo tried 1/3] 0.4 secs
				[tipo_linea_orizzontale tried 3/3] 0.4 secs
				[tipo_misto tried 3/3] 0.4 secs
				[tipo_linea_obbliqua tried 3/3] 0.4 secs
				[tipo_immagine tried 3/3] 0.4 secs
				[tipo_vuoto tried 3/3] 0.4 secs
				[ultima_pagina tried 1/1] 0.4 secs
				[frame tried 5/6] 0.4 secs
				[pagina_1 tried 2/3] 0.4 secs
				[on_top tried 10/10] 0.4 secs
				[to_right tried 8/10] 0.4 secs
				[allineato_al_centro_verticale tried 10/10] 0.4 secs
				[allineato_al_centro_orizzontale tried 6/10] 0.4 secs
				[altezza_pagina tried 1/1] 0.4 secs
				[larghezza_pagina tried 1/1] 0.4 secs
				[altezza_rettangolo tried 2/2] 0.4 secs
				[ascissa_rettangolo tried 2/2] 0.4 secs
				[ordinata_rettangolo tried 2/2] 0.4 secs
				[larghezza_rettangolo tried 2/2] 0.4 secs
				[numero_pagine tried 1/1] 0.4 secs

Best literal on_top(E,D) (7.7 bits)


State (9849/12111 [90/215], 280.0 bits available)

				[= tried 3/3] 0.4 secs
				[tipo_testo tried 1/3] 0.4 secs
				[tipo_linea_orizzontale tried 3/3] 0.4 secs
				[tipo_misto tried 3/3] 0.4 secs
				[tipo_linea_obbliqua tried 3/3] 0.4 secs
				[tipo_immagine tried 3/3] 0.4 secs
				[tipo_vuoto tried 3/3] 0.4 secs
				[ultima_pagina tried 1/1] 0.4 secs
				[frame tried 5/6] 0.5 secs
				[pagina_1 tried 2/3] 0.5 secs
				[on_top tried 9/10] 0.5 secs
				[to_right tried 8/10] 0.5 secs
				[allineato_al_centro_verticale tried 10/10] 0.5 secs
				[allineato_al_centro_orizzontale tried 6/10] 0.5 secs
				[altezza_pagina tried 1/1] 0.5 secs
				[larghezza_pagina tried 1/1] 0.5 secs
				[altezza_rettangolo tried 2/2] 0.5 secs
				[ascissa_rettangolo tried 2/2] 0.5 secs
				[ordinata_rettangolo tried 2/2] 0.5 secs
				[larghezza_rettangolo tried 2/2] 0.5 secs
				[numero_pagine tried 1/1] 0.5 secs

Best literal tipo_testo(C) (6.0 bits)


State (9562/11289 [90/203], 276.8 bits available)

				[= tried 3/3] 0.5 secs
				[tipo_testo tried 0/3] 0.5 secs
				[tipo_linea_orizzontale tried 3/3] 0.5 secs
				[tipo_misto tried 3/3] 0.5 secs
				[tipo_linea_obbliqua tried 3/3] 0.5 secs
				[tipo_immagine tried 3/3] 0.5 secs
				[tipo_vuoto tried 3/3] 0.5 secs
				[ultima_pagina tried 1/1] 0.5 secs
				[frame tried 5/6] 0.5 secs
				[pagina_1 tried 2/3] 0.5 secs
				[on_top tried 9/10] 0.5 secs
				[to_right tried 8/10] 0.5 secs
				[allineato_al_centro_verticale tried 10/10] 0.5 secs
				[allineato_al_centro_orizzontale tried 6/10] 0.5 secs
				[altezza_pagina tried 1/1] 0.5 secs
				[larghezza_pagina tried 1/1] 0.5 secs
				[altezza_rettangolo tried 2/2] 0.5 secs
				[ascissa_rettangolo tried 2/2] 0.5 secs
				[ordinata_rettangolo tried 2/2] 0.5 secs
				[larghezza_rettangolo tried 2/2] 0.5 secs
				[numero_pagine tried 1/1] 0.5 secs

	Save allineato_al_centro_verticale(F,D) (86,148 value 88.9)

Best literal allineato_al_centro_verticale(D,F) (7.7 bits)


State (11188/12016 [88/148], 269.1 bits available)

				[= tried 6/6] 0.5 secs
				[tipo_testo tried 1/4] 0.5 secs
				[tipo_linea_orizzontale tried 4/4] 0.5 secs
				[tipo_misto tried 4/4] 0.5 secs
				[tipo_linea_obbliqua tried 4/4] 0.5 secs
				[tipo_immagine tried 4/4] 0.5 secs
				[tipo_vuoto tried 4/4] 0.5 secs
				[ultima_pagina tried 1/1] 0.5 secs
				[frame tried 6/7] 0.5 secs
				[pagina_1 tried 2/3] 0.5 secs
				[on_top tried 15/16] 0.6 secs
				[to_right tried 14/16] 0.6 secs
				[allineato_al_centro_verticale tried 14/16] 0.6 secs
				[allineato_al_centro_orizzontale tried 10/16] 0.6 secs
				[altezza_pagina tried 1/1] 0.6 secs
				[larghezza_pagina tried 1/1] 0.6 secs
				[altezza_rettangolo tried 2/2] 0.6 secs
				[ascissa_rettangolo tried 2/2] 0.6 secs
				[ordinata_rettangolo tried 2/2] 0.6 secs
				[larghezza_rettangolo tried 2/2] 0.6 secs
				[numero_pagine tried 1/1] 0.6 secs

Best literal on_top(C,G) (8.4 bits)


State (78205/82276 [88/148], 263.9 bits available)

				[= tried 10/10] 0.6 secs
				[tipo_testo tried 2/5] 0.6 secs
				[tipo_linea_orizzontale tried 5/5] 0.6 secs
				[tipo_misto tried 5/5] 0.6 secs
				[tipo_linea_obbliqua tried 5/5] 0.6 secs
				[tipo_immagine tried 5/5] 0.6 secs
				[tipo_vuoto tried 5/5] 0.7 secs
				[ultima_pagina tried 1/1] 0.7 secs
				[frame tried 8/9] 0.7 secs
				[pagina_1 tried 2/3] 0.7 secs
				[on_top tried 23/26] 0.8 secs
				[to_right tried 24/26] 0.9 secs
				[allineato_al_centro_verticale tried 24/26] 1.0 secs
				[allineato_al_centro_orizzontale tried 14/26] 1.0 secs
				[altezza_pagina tried 1/1] 1.0 secs
				[larghezza_pagina tried 1/1] 1.0 secs
				[altezza_rettangolo tried 3/3] 1.0 secs
				[ascissa_rettangolo tried 3/3] 1.1 secs
				[ordinata_rettangolo tried 3/3] 1.1 secs
				[larghezza_rettangolo tried 3/3] 1.1 secs
				[numero_pagine tried 1/1] 1.1 secs

	Save on_top(E,F) (86,134 value 101.1)
	Save on_top(G,F) (85,135 value 97.6)
	Save on_top(D,F) (80,122 value 96.6)
	Save on_top(C,F) (87,139 value 99.2)

Best literal allineato_al_centro_orizzontale(H,C) (9.1 bits)


State (14384/14387 [59/61], 202.7 bits available)

				[= tried 15/15] 1.1 secs
				[tipo_testo tried 3/6] 1.1 secs
				[tipo_linea_orizzontale tried 6/6] 1.1 secs
				[tipo_misto tried 6/6] 1.1 secs
				[tipo_linea_obbliqua tried 6/6] 1.1 secs
				[tipo_immagine tried 6/6] 1.1 secs
				[tipo_vuoto tried 6/6] 1.1 secs
				[ultima_pagina tried 1/1] 1.1 secs
				[frame tried 10/11] 1.1 secs
				[pagina_1 tried 2/3] 1.1 secs
				[on_top tried 35/38] 1.1 secs
				[to_right tried 31/38] 1.2 secs
				[allineato_al_centro_verticale tried 21/38] 1.2 secs
				[allineato_al_centro_orizzontale tried 21/38] 1.2 secs
				[altezza_pagina tried 1/1] 1.2 secs
				[larghezza_pagina tried 1/1] 1.2 secs
				[altezza_rettangolo tried 4/4] 1.2 secs
				[ascissa_rettangolo tried 4/4] 1.2 secs
				[ordinata_rettangolo tried 4/4] 1.2 secs
				[larghezza_rettangolo tried 4/4] 1.2 secs
				[numero_pagine tried 1/1] 1.2 secs

	Save clause ending with D=G (cover 57, accuracy 100%)

	Save on_top(H,D) (57,57 value 103.1)
	Save on_top(C,F) (57,57 value 103.1)
	Save on_top(H,F) (57,57 value 103.1)
	Save to_right(D,H) (52,52 value 94.1)

Best literal on_top(C,D) (9.6 bits)

[Replace by saved clause]

Initial clause (0 errs): class_jmlr(A) :- pagina_1(A,B), frame(B,C), to_right(C,D), to_right(D,E), tipo_testo(E), tipo_testo(D), on_top(E,D), tipo_testo(C), allineato_al_centro_verticale(D,F), on_top(C,G), allineato_al_centro_orizzontale(H,C), D=G.
		to_right(C,D) needed for binding to_right(D,E)
		frame(B,C) needed for binding to_right(C,D)
		pagina_1(A,B) needed for binding frame(B,C)

Clause 0: class_jmlr(A) :- pagina_1(A,B), frame(B,C), to_right(C,D), to_right(D,E), tipo_testo(C), allineato_al_centro_verticale(D,F), on_top(C,D), allineato_al_centro_orizzontale(G,C).

State (23/251, 136.3 bits available)

				[pagina_1 tried 1/1] 1.3 secs
				[numero_pagine tried 1/1] 1.3 secs

Determinate literals
	pagina_1(A,B)


State (23/251, 136.3 bits available, 1 weak literal)

				[ultima_pagina tried 1/1] 1.3 secs
				[frame tried 1/1] 1.3 secs
				[pagina_1 tried 1/3] 1.3 secs
				[altezza_pagina tried 1/1] 1.3 secs
				[larghezza_pagina tried 1/1] 1.3 secs
				[numero_pagine tried 1/1] 1.3 secs

Best literal frame(B,C) (2.6 bits)


State (303/2575 [23/251], 133.7 bits available, 2 weak literals)

				[tipo_testo tried 1/1] 1.3 secs
				[tipo_linea_orizzontale tried 1/1] 1.3 secs
				[tipo_misto tried 1/1] 1.3 secs
				[tipo_linea_obbliqua tried 1/1] 1.3 secs
				[tipo_immagine tried 1/1] 1.3 secs
				[tipo_vuoto tried 1/1] 1.3 secs
				[ultima_pagina tried 1/1] 1.3 secs
				[frame tried 1/3] 1.3 secs
				[pagina_1 tried 2/3] 1.3 secs
				[on_top tried 2/2] 1.3 secs
				[to_right tried 2/2] 1.3 secs
				[allineato_al_centro_verticale tried 2/2] 1.3 secs
				[allineato_al_centro_orizzontale tried 2/2] 1.3 secs
				[altezza_pagina tried 1/1] 1.3 secs
				[larghezza_pagina tried 1/1] 1.3 secs
				[altezza_rettangolo tried 1/1] 1.3 secs
				[ascissa_rettangolo tried 1/1] 1.3 secs
				[ordinata_rettangolo tried 1/1] 1.3 secs
				[larghezza_rettangolo tried 1/1] 1.3 secs
				[numero_pagine tried 1/1] 1.3 secs

Best literal to_right(C,D) (5.3 bits)


State (1657/9611 [23/250], 129.4 bits available)

				[= tried 1/1] 1.3 secs
				[tipo_testo tried 2/2] 1.3 secs
				[tipo_linea_orizzontale tried 2/2] 1.3 secs
				[tipo_misto tried 2/2] 1.3 secs
				[tipo_linea_obbliqua tried 2/2] 1.3 secs
				[tipo_immagine tried 2/2] 1.3 secs
				[tipo_vuoto tried 2/2] 1.3 secs
				[ultima_pagina tried 1/1] 1.3 secs
				[frame tried 4/5] 1.3 secs
				[pagina_1 tried 2/3] 1.3 secs
				[on_top tried 6/6] 1.3 secs
				[to_right tried 4/6] 1.3 secs
				[allineato_al_centro_verticale tried 6/6] 1.3 secs
				[allineato_al_centro_orizzontale tried 6/6] 1.3 secs
				[altezza_pagina tried 1/1] 1.3 secs
				[larghezza_pagina tried 1/1] 1.3 secs
				[altezza_rettangolo tried 2/2] 1.3 secs
				[ascissa_rettangolo tried 2/2] 1.3 secs
				[ordinata_rettangolo tried 2/2] 1.3 secs
				[larghezza_rettangolo tried 2/2] 1.3 secs
				[numero_pagine tried 1/1] 1.3 secs

	Save tipo_testo(D) (23,248 value 0.4)

Best literal to_right(D,E) (7.0 bits)


State (5100/20823 [23/248], 124.0 bits available)

				[= tried 3/3] 1.3 secs
				[tipo_testo tried 3/3] 1.3 secs
				[tipo_linea_orizzontale tried 3/3] 1.3 secs
				[tipo_misto tried 3/3] 1.3 secs
				[tipo_linea_obbliqua tried 3/3] 1.3 secs
				[tipo_immagine tried 3/3] 1.3 secs
				[tipo_vuoto tried 3/3] 1.3 secs
				[ultima_pagina tried 1/1] 1.3 secs
				[frame tried 5/6] 1.3 secs
				[pagina_1 tried 2/3] 1.3 secs
				[on_top tried 10/10] 1.3 secs
				[to_right tried 7/10] 1.3 secs
				[allineato_al_centro_verticale tried 10/10] 1.3 secs
				[allineato_al_centro_orizzontale tried 10/10] 1.3 secs
				[altezza_pagina tried 1/1] 1.3 secs
				[larghezza_pagina tried 1/1] 1.3 secs
				[altezza_rettangolo tried 2/2] 1.3 secs
				[ascissa_rettangolo tried 2/2] 1.3 secs
				[ordinata_rettangolo tried 2/2] 1.3 secs
				[larghezza_rettangolo tried 2/2] 1.3 secs
				[numero_pagine tried 1/1] 1.3 secs

Best literal tipo_testo(E) (6.0 bits)


State (4979/14878 [23/245], 120.0 bits available)

				[= tried 3/3] 1.3 secs
				[tipo_testo tried 2/3] 1.3 secs
				[tipo_linea_orizzontale tried 3/3] 1.3 secs
				[tipo_misto tried 3/3] 1.3 secs
				[tipo_linea_obbliqua tried 3/3] 1.3 secs
				[tipo_immagine tried 3/3] 1.3 secs
				[tipo_vuoto tried 3/3] 1.3 secs
				[ultima_pagina tried 1/1] 1.3 secs
				[frame tried 5/6] 1.4 secs
				[pagina_1 tried 2/3] 1.4 secs
				[on_top tried 10/10] 1.4 secs
				[to_right tried 8/10] 1.4 secs
				[allineato_al_centro_verticale tried 10/10] 1.4 secs
				[allineato_al_centro_orizzontale tried 8/10] 1.4 secs
				[altezza_pagina tried 1/1] 1.4 secs
				[larghezza_pagina tried 1/1] 1.4 secs
				[altezza_rettangolo tried 2/2] 1.4 secs
				[ascissa_rettangolo tried 2/2] 1.4 secs
				[ordinata_rettangolo tried 2/2] 1.4 secs
				[larghezza_rettangolo tried 2/2] 1.4 secs
				[numero_pagine tried 1/1] 1.4 secs

	Save tipo_testo(D) (23,236 value 2.0)
	Save on_top(F,D) (23,244 value 0.9)

Best literal to_right(D,F) (7.7 bits)


State (25515/66046 [23/245], 114.6 bits available, 1 weak literal)

				[= tried 6/6] 1.4 secs
				[tipo_testo tried 3/4] 1.4 secs
				[tipo_linea_orizzontale tried 4/4] 1.4 secs
				[tipo_misto tried 4/4] 1.4 secs
				[tipo_linea_obbliqua tried 4/4] 1.4 secs
				[tipo_immagine tried 4/4] 1.4 secs
				[tipo_vuoto tried 4/4] 1.4 secs
				[ultima_pagina tried 1/1] 1.4 secs
				[frame tried 6/7] 1.4 secs
				[pagina_1 tried 2/3] 1.4 secs
				[on_top tried 16/16] 1.5 secs
				[to_right tried 12/16] 1.5 secs
				[allineato_al_centro_verticale tried 16/16] 1.6 secs
				[allineato_al_centro_orizzontale tried 13/16] 1.6 secs
				[altezza_pagina tried 1/1] 1.6 secs
				[larghezza_pagina tried 1/1] 1.6 secs
				[altezza_rettangolo tried 2/2] 1.6 secs
				[ascissa_rettangolo tried 2/2] 1.6 secs
				[ordinata_rettangolo tried 2/2] 1.6 secs
				[larghezza_rettangolo tried 2/2] 1.6 secs
				[numero_pagine tried 1/1] 1.6 secs

	Save tipo_testo(F) (23,245 value 0.8)
	Save tipo_testo(C) (23,245 value 0.8)

Best literal tipo_testo(D) (6.4 bits)


State (24801/55294 [23/236], 110.8 bits available)

				[= tried 6/6] 1.6 secs
				[tipo_testo tried 2/4] 1.6 secs
				[tipo_linea_orizzontale tried 4/4] 1.6 secs
				[tipo_misto tried 4/4] 1.6 secs
				[tipo_linea_obbliqua tried 4/4] 1.6 secs
				[tipo_immagine tried 4/4] 1.6 secs
				[tipo_vuoto tried 4/4] 1.6 secs
				[ultima_pagina tried 1/1] 1.6 secs
				[frame tried 6/7] 1.6 secs
				[pagina_1 tried 2/3] 1.7 secs
				[on_top tried 16/16] 1.7 secs
				[to_right tried 12/16] 1.7 secs
				[allineato_al_centro_verticale tried 16/16] 1.7 secs
				[allineato_al_centro_orizzontale tried 13/16] 1.8 secs
				[altezza_pagina tried 1/1] 1.8 secs
				[larghezza_pagina tried 1/1] 1.8 secs
				[altezza_rettangolo tried 2/2] 1.8 secs
				[ascissa_rettangolo tried 2/2] 1.8 secs
				[ordinata_rettangolo tried 2/2] 1.8 secs
				[larghezza_rettangolo tried 2/2] 1.8 secs
				[numero_pagine tried 1/1] 1.8 secs

	Save tipo_testo(F) (23,236 value 2.0)

Best literal tipo_testo(C) (6.4 bits)


State (24415/48487 [23/232], 107.2 bits available)

				[= tried 6/6] 1.8 secs
				[tipo_testo tried 1/4] 1.8 secs
				[tipo_linea_orizzontale tried 4/4] 1.8 secs
				[tipo_misto tried 4/4] 1.8 secs
				[tipo_linea_obbliqua tried 4/4] 1.8 secs
				[tipo_immagine tried 4/4] 1.8 secs
				[tipo_vuoto tried 4/4] 1.8 secs
				[ultima_pagina tried 1/1] 1.8 secs
				[frame tried 6/7] 1.8 secs
				[pagina_1 tried 2/3] 1.8 secs
				[on_top tried 16/16] 1.9 secs
				[to_right tried 12/16] 1.9 secs
				[allineato_al_centro_verticale tried 16/16] 1.9 secs
				[allineato_al_centro_orizzontale tried 10/16] 1.9 secs
				[altezza_pagina tried 1/1] 1.9 secs
				[larghezza_pagina tried 1/1] 1.9 secs
				[altezza_rettangolo tried 2/2] 1.9 secs
				[ascissa_rettangolo tried 2/2] 1.9 secs
				[ordinata_rettangolo tried 2/2] 2.0 secs
				[larghezza_rettangolo tried 2/2] 2.0 secs
				[numero_pagine tried 1/1] 2.0 secs

Best literal allineato_al_centro_verticale(G,D) (8.4 bits)


State (31033/43106 [23/148], 101.8 bits available)

				[= tried 10/10] 2.0 secs
				[tipo_testo tried 2/5] 2.0 secs
				[tipo_linea_orizzontale tried 5/5] 2.0 secs
				[tipo_misto tried 5/5] 2.0 secs
				[tipo_linea_obbliqua tried 5/5] 2.0 secs
				[tipo_immagine tried 5/5] 2.0 secs
				[tipo_vuoto tried 5/5] 2.0 secs
				[ultima_pagina tried 1/1] 2.0 secs
				[frame tried 7/8] 2.0 secs
				[pagina_1 tried 2/3] 2.0 secs
				[on_top tried 24/24] 2.1 secs
				[to_right tried 20/24] 2.1 secs
				[allineato_al_centro_verticale tried 22/24] 2.1 secs
				[allineato_al_centro_orizzontale tried 20/24] 2.2 secs
				[altezza_pagina tried 1/1] 2.2 secs
				[larghezza_pagina tried 1/1] 2.2 secs
				[altezza_rettangolo tried 2/2] 2.2 secs
				[ascissa_rettangolo tried 2/2] 2.2 secs
				[ordinata_rettangolo tried 2/2] 2.2 secs
				[larghezza_rettangolo tried 2/2] 2.2 secs
				[numero_pagine tried 1/1] 2.2 secs

	Save on_top(F,G) (23,109 value 27.5)
	Save on_top(E,D) (22,84 value 33.1)
	Save tipo_testo(F) (23,148 value 17.4)

Best literal on_top(F,D) (9.0 bits)


State (16779/20193 [22/89], 92.0 bits available)

				[= tried 10/10] 2.2 secs
				[tipo_testo tried 2/5] 2.2 secs
				[tipo_linea_orizzontale tried 5/5] 2.2 secs
				[tipo_misto tried 5/5] 2.2 secs
				[tipo_linea_obbliqua tried 5/5] 2.2 secs
				[tipo_immagine tried 5/5] 2.2 secs
				[tipo_vuoto tried 5/5] 2.2 secs
				[ultima_pagina tried 1/1] 2.2 secs
				[frame tried 7/8] 2.2 secs
				[pagina_1 tried 2/3] 2.2 secs
				[on_top tried 23/24] 2.3 secs
				[to_right tried 21/24] 2.3 secs
				[allineato_al_centro_verticale tried 22/24] 2.3 secs
				[allineato_al_centro_orizzontale tried 20/24] 2.3 secs
				[altezza_pagina tried 1/1] 2.3 secs
				[larghezza_pagina tried 1/1] 2.3 secs
				[altezza_rettangolo tried 2/2] 2.3 secs
				[ascissa_rettangolo tried 2/2] 2.3 secs
				[ordinata_rettangolo tried 2/2] 2.3 secs
				[larghezza_rettangolo tried 2/2] 2.3 secs
				[numero_pagine tried 1/1] 2.3 secs

	Save clause ending with allineato_al_centro_orizzontale(C,H) (cover 20, accuracy 95%)

Best literal allineato_al_centro_orizzontale(C,H) (9.0 bits)


State (3446/3458 [20/21], 78.0 bits available)

				[= tried 15/15] 2.3 secs
				[tipo_testo tried 3/6] 2.3 secs
				[tipo_linea_orizzontale tried 6/6] 2.3 secs
				[tipo_misto tried 6/6] 2.3 secs
				[tipo_linea_obbliqua tried 6/6] 2.3 secs
				[tipo_immagine tried 6/6] 2.3 secs
				[tipo_vuoto tried 6/6] 2.3 secs
				[ultima_pagina tried 1/1] 2.3 secs
				[frame tried 9/10] 2.3 secs
				[pagina_1 tried 2/3] 2.3 secs
				[on_top tried 35/36] 2.3 secs
				[to_right tried 25/36] 2.3 secs

	Save clause ending with F=H (cover 20, accuracy 100%)

	Save on_top(C,D) (20,20 value 67.8)
	Save on_top(H,D) (20,20 value 67.8)
	Save on_top(C,G) (20,20 value 67.8)
	Save on_top(H,G) (20,20 value 67.8)

Best literal to_right(H,I) (9.6 bits)

[Replace by saved clause]

Initial clause (0 errs): class_jmlr(A) :- pagina_1(A,B), frame(B,C), to_right(C,D), to_right(D,E), tipo_testo(E), to_right(D,F), tipo_testo(D), tipo_testo(C), allineato_al_centro_verticale(G,D), on_top(F,D), allineato_al_centro_orizzontale(C,H), F=H.
		to_right(C,D) needed for binding to_right(D,F)
		frame(B,C) needed for binding to_right(C,D)
		pagina_1(A,B) needed for binding frame(B,C)

Clause 1: class_jmlr(A) :- pagina_1(A,B), frame(B,C), to_right(C,D), to_right(D,E), tipo_testo(C), allineato_al_centro_verticale(F,D), on_top(E,D), allineato_al_centro_orizzontale(C,E).

State (3/231, 33.7 bits available)

				[pagina_1 tried 1/1] 2.5 secs
				[numero_pagine tried 1/1] 2.5 secs

Determinate literals
	pagina_1(A,B)


State (3/231, 33.7 bits available, 1 weak literal)

				[ultima_pagina tried 1/1] 2.5 secs
				[frame tried 1/1] 2.5 secs
				[pagina_1 tried 1/3] 2.5 secs
				[altezza_pagina tried 1/1] 2.5 secs
				[larghezza_pagina tried 1/1] 2.5 secs
				[numero_pagine tried 1/1] 2.5 secs

Best literal frame(B,C) (2.6 bits)


State (36/2308 [3/231], 31.1 bits available, 2 weak literals)

				[tipo_testo tried 1/1] 2.5 secs
				[tipo_linea_orizzontale tried 1/1] 2.5 secs
				[tipo_misto tried 1/1] 2.5 secs
				[tipo_linea_obbliqua tried 1/1] 2.5 secs
				[tipo_immagine tried 1/1] 2.5 secs
				[tipo_vuoto tried 1/1] 2.5 secs
				[ultima_pagina tried 1/1] 2.5 secs
				[frame tried 1/3] 2.5 secs
				[pagina_1 tried 2/3] 2.5 secs
				[on_top tried 2/2] 2.5 secs
				[to_right tried 2/2] 2.5 secs
				[allineato_al_centro_verticale tried 2/2] 2.5 secs
				[allineato_al_centro_orizzontale tried 2/2] 2.5 secs
				[altezza_pagina tried 1/1] 2.5 secs
				[larghezza_pagina tried 1/1] 2.5 secs
				[altezza_rettangolo tried 1/1] 2.5 secs
				[ascissa_rettangolo tried 1/1] 2.5 secs
				[ordinata_rettangolo tried 1/1] 2.5 secs
				[larghezza_rettangolo tried 1/1] 2.5 secs
				[numero_pagine tried 1/1] 2.5 secs

Best literal to_right(C,D) (5.3 bits)


State (172/8126 [3/230], 26.8 bits available)

				[= tried 1/1] 2.5 secs
				[tipo_testo tried 2/2] 2.5 secs
				[tipo_linea_orizzontale tried 2/2] 2.5 secs
				[tipo_misto tried 2/2] 2.5 secs
				[tipo_linea_obbliqua tried 2/2] 2.5 secs
				[tipo_immagine tried 2/2] 2.5 secs
				[tipo_vuoto tried 2/2] 2.5 secs
				[ultima_pagina tried 1/1] 2.5 secs
				[frame tried 4/5] 2.5 secs
				[pagina_1 tried 2/3] 2.5 secs
				[on_top tried 6/6] 2.5 secs
				[to_right tried 4/6] 2.5 secs
				[allineato_al_centro_verticale tried 6/6] 2.5 secs
				[allineato_al_centro_orizzontale tried 6/6] 2.5 secs
				[altezza_pagina tried 1/1] 2.5 secs
				[larghezza_pagina tried 1/1] 2.5 secs
				[altezza_rettangolo tried 2/2] 2.5 secs
				[ascissa_rettangolo tried 2/2] 2.5 secs
				[ordinata_rettangolo tried 2/2] 2.5 secs
				[larghezza_rettangolo tried 2/2] 2.5 secs
				[numero_pagine tried 1/1] 2.5 secs

Best literal tipo_testo(D) (5.4 bits)


State (158/5824 [3/228], 23.0 bits available)

				[= tried 1/1] 2.5 secs
				[tipo_testo tried 1/2] 2.5 secs
				[tipo_linea_orizzontale tried 2/2] 2.5 secs
				[tipo_misto tried 2/2] 2.5 secs
				[tipo_linea_obbliqua tried 2/2] 2.5 secs
				[tipo_immagine tried 2/2] 2.5 secs
				[tipo_vuoto tried 2/2] 2.5 secs
				[ultima_pagina tried 1/1] 2.5 secs
				[frame tried 4/5] 2.5 secs
				[pagina_1 tried 2/3] 2.5 secs
				[on_top tried 6/6] 2.5 secs
				[to_right tried 5/6] 2.5 secs
				[allineato_al_centro_verticale tried 6/6] 2.5 secs
				[allineato_al_centro_orizzontale tried 6/6] 2.5 secs
				[altezza_pagina tried 1/1] 2.5 secs
				[larghezza_pagina tried 1/1] 2.5 secs
				[altezza_rettangolo tried 2/2] 2.5 secs
				[ascissa_rettangolo tried 2/2] 2.5 secs
				[ordinata_rettangolo tried 2/2] 2.5 secs
				[larghezza_rettangolo tried 2/2] 2.5 secs
				[numero_pagine tried 1/1] 2.5 secs

	Save to_right(C,E) (3,228 value 0.1)

Best literal allineato_al_centro_verticale(E,D) (7.0 bits)


State (202/4365 [3/160], 18.0 bits available)

				[= tried 3/3] 2.5 secs
				[tipo_testo tried 2/3] 2.5 secs
				[tipo_linea_orizzontale tried 3/3] 2.5 secs
				[tipo_misto tried 3/3] 2.5 secs
				[tipo_linea_obbliqua tried 3/3] 2.5 secs
				[tipo_immagine tried 3/3] 2.5 secs
				[tipo_vuoto tried 3/3] 2.5 secs
				[ultima_pagina tried 1/1] 2.5 secs
				[frame tried 5/6] 2.5 secs
				[pagina_1 tried 2/3] 2.5 secs
				[on_top tried 10/10] 2.5 secs
				[to_right tried 9/10] 2.5 secs
				[allineato_al_centro_verticale tried 8/10] 2.5 secs
				[allineato_al_centro_orizzontale tried 6/10] 2.5 secs
				[altezza_pagina tried 1/1] 2.5 secs
				[larghezza_pagina tried 1/1] 2.5 secs
				[altezza_rettangolo tried 2/2] 2.5 secs
				[ascissa_rettangolo tried 2/2] 2.5 secs
				[ordinata_rettangolo tried 2/2] 2.5 secs
				[larghezza_rettangolo tried 2/2] 2.5 secs
				[numero_pagine tried 1/1] 2.5 secs

Best literal tipo_testo(C) (6.0 bits)


State (192/2756 [3/154], 14.4 bits available)

				[= tried 3/3] 2.5 secs
				[tipo_testo tried 1/3] 2.5 secs
				[tipo_linea_orizzontale tried 3/3] 2.5 secs
				[tipo_misto tried 3/3] 2.5 secs
				[tipo_linea_obbliqua tried 3/3] 2.5 secs
				[tipo_immagine tried 3/3] 2.5 secs
				[tipo_vuoto tried 3/3] 2.5 secs
				[ultima_pagina tried 1/1] 2.5 secs
				[frame tried 5/6] 2.5 secs
				[pagina_1 tried 2/3] 2.5 secs
				[on_top tried 10/10] 2.5 secs
				[to_right tried 9/10] 2.5 secs
				[allineato_al_centro_verticale tried 8/10] 2.5 secs
				[allineato_al_centro_orizzontale tried 6/10] 2.5 secs
				[altezza_pagina tried 1/1] 2.5 secs
				[larghezza_pagina tried 1/1] 2.5 secs
				[altezza_rettangolo tried 2/2] 2.5 secs
				[ascissa_rettangolo tried 2/2] 2.5 secs
				[ordinata_rettangolo tried 2/2] 2.5 secs
				[larghezza_rettangolo tried 2/2] 2.5 secs
				[numero_pagine tried 1/1] 2.5 secs

	Save to_right(C,F) (3,154 value 1.7)

Best literal to_right(D,F) (7.7 bits)


State (771/6830 [3/138], 9.2 bits available)

				[= tried 6/6] 2.5 secs
				[tipo_testo tried 2/4] 2.5 secs
				[tipo_linea_orizzontale tried 4/4] 2.5 secs
				[tipo_misto tried 4/4] 2.5 secs
				[tipo_linea_obbliqua tried 4/4] 2.5 secs
				[tipo_immagine tried 4/4] 2.5 secs
				[tipo_vuoto tried 4/4] 2.5 secs
				[ultima_pagina tried 1/1] 2.5 secs
				[frame tried 6/7] 2.5 secs
				[pagina_1 tried 2/3] 2.5 secs
				[on_top tried 16/16] 2.5 secs
				[to_right tried 13/16] 2.5 secs
				[allineato_al_centro_verticale tried 14/16] 2.5 secs
				[allineato_al_centro_orizzontale tried 10/16] 2.5 secs
				[altezza_pagina tried 1/1] 2.5 secs
				[larghezza_pagina tried 1/1] 2.5 secs
				[altezza_rettangolo tried 2/2] 2.5 secs
				[ascissa_rettangolo tried 2/2] 2.5 secs
				[ordinata_rettangolo tried 2/2] 2.5 secs
				[larghezza_rettangolo tried 2/2] 2.5 secs
				[numero_pagine tried 1/1] 2.5 secs

	Save tipo_testo(F) (3,128 value 2.5)
	Save to_right(C,G) (3,138 value 2.2)

Best literal on_top(F,E) (8.4 bits)


State (460/2164 [3/97], 3.7 bits available)

				[= requires 8.0 bits]
				[tipo_testo tried 2/4] 2.5 secs
				[tipo_linea_orizzontale tried 4/4] 2.5 secs
				[tipo_misto tried 4/4] 2.5 secs
				[tipo_linea_obbliqua tried 4/4] 2.5 secs
				[tipo_immagine tried 4/4] 2.5 secs
				[tipo_vuoto tried 4/4] 2.5 secs
				[ultima_pagina tried 1/1] 2.5 secs
				[frame requires 7.2 bits]
				[pagina_1 tried 2/3] 2.5 secs
				[on_top requires 8.4 bits]
				[to_right requires 8.4 bits]
				[allineato_al_centro_verticale requires 8.4 bits]
				[allineato_al_centro_orizzontale requires 8.4 bits]
				[altezza_pagina tried 1/1] 2.5 secs
				[larghezza_pagina tried 1/1] 2.5 secs
				[altezza_rettangolo tried 2/2] 2.5 secs
				[ascissa_rettangolo tried 2/2] 2.5 secs
				[ordinata_rettangolo tried 2/2] 2.5 secs
				[larghezza_rettangolo tried 2/2] 2.5 secs
				[numero_pagine tried 1/1] 2.5 secs

Best literal tipo_testo(F) (6.4 bits)


State (447/1753 [3/88], 0.3 bits available)

				[= requires 8.0 bits]
				[tipo_testo requires 6.4 bits]
				[tipo_linea_orizzontale requires 6.4 bits]
				[tipo_misto requires 6.4 bits]
				[tipo_linea_obbliqua requires 6.4 bits]
				[tipo_immagine requires 6.4 bits]
				[tipo_vuoto requires 6.4 bits]
				[ultima_pagina requires 4.4 bits]
				[frame requires 7.2 bits]
				[pagina_1 requires 6.0 bits]
				[on_top requires 8.4 bits]
				[to_right requires 8.4 bits]
				[allineato_al_centro_verticale requires 8.4 bits]
				[allineato_al_centro_orizzontale requires 8.4 bits]
				[altezza_pagina requires 4.4 bits]
				[larghezza_pagina requires 4.4 bits]
				[altezza_rettangolo requires 5.4 bits]
				[ascissa_rettangolo requires 5.4 bits]
				[ordinata_rettangolo requires 5.4 bits]
				[larghezza_rettangolo requires 5.4 bits]
				[numero_pagine requires 4.4 bits]

No literals

Recover to class_jmlr(A) :- pagina_1(A,B), frame(B,C), to_right(C,D), tipo_testo(D), allineato_al_centro_verticale(E,D), tipo_testo(C), to_right(D,F), tipo_testo(F).



State (702/4295 [3/128], 5.7 bits available)

				[= tried 6/6] 2.5 secs
				[tipo_testo tried 1/4] 2.5 secs
				[tipo_linea_orizzontale tried 4/4] 2.5 secs
				[tipo_misto tried 4/4] 2.5 secs
				[tipo_linea_obbliqua tried 4/4] 2.5 secs
				[tipo_immagine tried 4/4] 2.5 secs
				[tipo_vuoto tried 4/4] 2.5 secs
				[ultima_pagina tried 1/1] 2.5 secs
				[frame tried 6/7] 2.5 secs
				[pagina_1 tried 2/3] 2.5 secs
				[on_top tried 16/16] 2.6 secs
				[to_right tried 14/16] 2.6 secs
				[allineato_al_centro_verticale tried 14/16] 2.6 secs
				[allineato_al_centro_orizzontale tried 10/16] 2.6 secs
				[altezza_pagina tried 1/1] 2.6 secs
				[larghezza_pagina tried 1/1] 2.6 secs
				[altezza_rettangolo tried 2/2] 2.6 secs
				[ascissa_rettangolo tried 2/2] 2.6 secs
				[ordinata_rettangolo tried 2/2] 2.6 secs
				[larghezza_rettangolo tried 2/2] 2.6 secs
				[numero_pagine tried 1/1] 2.6 secs

Best literal to_right(D,G) (8.4 bits)


State (4023/16096 [3/128], 0.3 bits available, 1 weak literal)

				[= requires 8.7 bits]
				[tipo_testo requires 6.7 bits]
				[tipo_linea_orizzontale requires 6.7 bits]
				[tipo_misto requires 6.7 bits]
				[tipo_linea_obbliqua requires 6.7 bits]
				[tipo_immagine requires 6.7 bits]
				[tipo_vuoto requires 6.7 bits]
				[ultima_pagina requires 4.4 bits]
				[frame requires 7.4 bits]
				[pagina_1 requires 6.0 bits]
				[on_top requires 9.0 bits]
				[to_right requires 9.0 bits]
				[allineato_al_centro_verticale requires 9.0 bits]
				[allineato_al_centro_orizzontale requires 9.0 bits]
				[altezza_pagina requires 4.4 bits]
				[larghezza_pagina requires 4.4 bits]
				[altezza_rettangolo requires 5.4 bits]
				[ascissa_rettangolo requires 5.4 bits]
				[ordinata_rettangolo requires 5.4 bits]
				[larghezza_rettangolo requires 5.4 bits]
				[numero_pagine requires 4.4 bits]

No literals

Recover to class_jmlr(A) :- pagina_1(A,B), frame(B,C), to_right(C,D), tipo_testo(D), allineato_al_centro_verticale(E,D), tipo_testo(C), to_right(D,F), to_right(C,G).



State (6493/41599 [3/138], 3.7 bits available, 1 weak literal)

				[= requires 8.7 bits]
				[tipo_testo requires 6.7 bits]
				[tipo_linea_orizzontale requires 6.7 bits]
				[tipo_misto requires 6.7 bits]
				[tipo_linea_obbliqua requires 6.7 bits]
				[tipo_immagine requires 6.7 bits]
				[tipo_vuoto requires 6.7 bits]
				[ultima_pagina tried 1/1] 2.6 secs
				[frame requires 7.6 bits]
				[pagina_1 tried 2/3] 2.6 secs
				[on_top requires 9.1 bits]
				[to_right requires 9.1 bits]
				[allineato_al_centro_verticale requires 9.1 bits]
				[allineato_al_centro_orizzontale requires 9.1 bits]
				[altezza_pagina tried 1/1] 2.6 secs
				[larghezza_pagina tried 1/1] 2.6 secs
				[altezza_rettangolo tried 3/3] 2.6 secs
				[ascissa_rettangolo tried 3/3] 2.6 secs
				[ordinata_rettangolo tried 3/3] 2.6 secs
				[larghezza_rettangolo tried 3/3] 2.6 secs
				[numero_pagine tried 1/1] 2.6 secs

No literals

Recover to class_jmlr(A) :- pagina_1(A,B), frame(B,C), to_right(C,D), tipo_testo(D), allineato_al_centro_verticale(E,D), tipo_testo(C), to_right(C,F).



State (1481/15266 [3/154], 9.2 bits available, 1 weak literal)

				[= tried 6/6] 2.6 secs
				[tipo_testo tried 2/4] 2.6 secs
				[tipo_linea_orizzontale tried 4/4] 2.6 secs
				[tipo_misto tried 4/4] 2.6 secs
				[tipo_linea_obbliqua tried 4/4] 2.6 secs
				[tipo_immagine tried 4/4] 2.6 secs
				[tipo_vuoto tried 4/4] 2.6 secs
				[ultima_pagina tried 1/1] 2.6 secs
				[frame tried 7/8] 2.6 secs
				[pagina_1 tried 2/3] 2.6 secs
				[on_top tried 18/18] 2.6 secs
				[to_right tried 15/18] 2.7 secs
				[allineato_al_centro_verticale tried 16/18] 2.7 secs
				[allineato_al_centro_orizzontale tried 9/18] 2.7 secs
				[altezza_pagina tried 1/1] 2.7 secs
				[larghezza_pagina tried 1/1] 2.7 secs
				[altezza_rettangolo tried 3/3] 2.7 secs
				[ascissa_rettangolo tried 3/3] 2.7 secs
				[ordinata_rettangolo tried 3/3] 2.7 secs
				[larghezza_rettangolo tried 3/3] 2.7 secs
				[numero_pagine tried 1/1] 2.7 secs

Best literal to_right(D,G) (8.6 bits)


State (6493/41599 [3/138], 3.5 bits available)

				[= requires 8.7 bits]
				[tipo_testo requires 6.7 bits]
				[tipo_linea_orizzontale requires 6.7 bits]
				[tipo_misto requires 6.7 bits]
				[tipo_linea_obbliqua requires 6.7 bits]
				[tipo_immagine requires 6.7 bits]
				[tipo_vuoto requires 6.7 bits]
				[ultima_pagina tried 1/1] 2.7 secs
				[frame requires 7.6 bits]
				[pagina_1 tried 2/3] 2.7 secs
				[on_top requires 9.1 bits]
				[to_right requires 9.1 bits]
				[allineato_al_centro_verticale requires 9.1 bits]
				[allineato_al_centro_orizzontale requires 9.1 bits]
				[altezza_pagina tried 1/1] 2.7 secs
				[larghezza_pagina tried 1/1] 2.7 secs
				[altezza_rettangolo tried 3/3] 2.7 secs
				[ascissa_rettangolo tried 3/3] 2.7 secs
				[ordinata_rettangolo tried 3/3] 2.7 secs
				[larghezza_rettangolo tried 3/3] 2.7 secs
				[numero_pagine tried 1/1] 2.7 secs

No literals

Recover to class_jmlr(A) :- pagina_1(A,B), frame(B,C), to_right(C,D), tipo_testo(D), to_right(C,E).



State (1062/30554 [3/228], 18.0 bits available, 1 weak literal)

				[= tried 3/3] 2.7 secs
				[tipo_testo tried 2/3] 2.7 secs
				[tipo_linea_orizzontale tried 3/3] 2.7 secs
				[tipo_misto tried 3/3] 2.7 secs
				[tipo_linea_obbliqua tried 3/3] 2.7 secs
				[tipo_immagine tried 3/3] 2.7 secs
				[tipo_vuoto tried 3/3] 2.7 secs
				[ultima_pagina tried 1/1] 2.7 secs
				[frame tried 6/7] 2.7 secs
				[pagina_1 tried 2/3] 2.7 secs
				[on_top tried 12/12] 2.8 secs
				[to_right tried 9/12] 2.8 secs
				[allineato_al_centro_verticale tried 12/12] 2.8 secs
				[allineato_al_centro_orizzontale tried 10/12] 2.8 secs
				[altezza_pagina tried 1/1] 2.8 secs
				[larghezza_pagina tried 1/1] 2.8 secs
				[altezza_rettangolo tried 3/3] 2.8 secs
				[ascissa_rettangolo tried 3/3] 2.8 secs
				[ordinata_rettangolo tried 3/3] 2.8 secs
				[larghezza_rettangolo tried 3/3] 2.8 secs
				[numero_pagine tried 1/1] 2.8 secs

	Save allineato_al_centro_verticale(F,D) (3,160 value 1.6)

Best literal tipo_testo(C) (6.0 bits)


State (1017/23443 [3/228], 14.4 bits available)

				[= tried 3/3] 2.8 secs
				[tipo_testo tried 1/3] 2.8 secs
				[tipo_linea_orizzontale tried 3/3] 2.8 secs
				[tipo_misto tried 3/3] 2.8 secs
				[tipo_linea_obbliqua tried 3/3] 2.8 secs
				[tipo_immagine tried 3/3] 2.8 secs
				[tipo_vuoto tried 3/3] 2.8 secs
				[ultima_pagina tried 1/1] 2.8 secs
				[frame tried 6/7] 2.8 secs
				[pagina_1 tried 2/3] 2.8 secs
				[on_top tried 12/12] 2.9 secs
				[to_right tried 9/12] 2.9 secs
				[allineato_al_centro_verticale tried 12/12] 2.9 secs
				[allineato_al_centro_orizzontale tried 6/12] 2.9 secs
				[altezza_pagina tried 1/1] 2.9 secs
				[larghezza_pagina tried 1/1] 2.9 secs
				[altezza_rettangolo tried 3/3] 2.9 secs
				[ascissa_rettangolo tried 3/3] 2.9 secs
				[ordinata_rettangolo tried 3/3] 2.9 secs
				[larghezza_rettangolo tried 3/3] 2.9 secs
				[numero_pagine tried 1/1] 2.9 secs

Best literal allineato_al_centro_verticale(F,D) (8.0 bits)


State (1481/15266 [3/154], 9.0 bits available)

				[= tried 6/6] 2.9 secs
				[tipo_testo tried 2/4] 2.9 secs
				[tipo_linea_orizzontale tried 4/4] 2.9 secs
				[tipo_misto tried 4/4] 2.9 secs
				[tipo_linea_obbliqua tried 4/4] 2.9 secs
				[tipo_immagine tried 4/4] 2.9 secs
				[tipo_vuoto tried 4/4] 2.9 secs
				[ultima_pagina tried 1/1] 2.9 secs
				[frame tried 7/8] 2.9 secs
				[pagina_1 tried 2/3] 2.9 secs
				[on_top tried 18/18] 2.9 secs
				[to_right tried 15/18] 2.9 secs
				[allineato_al_centro_verticale tried 16/18] 2.9 secs
				[allineato_al_centro_orizzontale tried 9/18] 2.9 secs
				[altezza_pagina tried 1/1] 2.9 secs
				[larghezza_pagina tried 1/1] 2.9 secs
				[altezza_rettangolo tried 3/3] 2.9 secs
				[ascissa_rettangolo tried 3/3] 2.9 secs
				[ordinata_rettangolo tried 3/3] 2.9 secs
				[larghezza_rettangolo tried 3/3] 3.0 secs
				[numero_pagine tried 1/1] 3.0 secs

Best literal to_right(D,G) (8.6 bits)


State (6493/41599 [3/138], 3.2 bits available)

				[= requires 8.7 bits]
				[tipo_testo requires 6.7 bits]
				[tipo_linea_orizzontale requires 6.7 bits]
				[tipo_misto requires 6.7 bits]
				[tipo_linea_obbliqua requires 6.7 bits]
				[tipo_immagine requires 6.7 bits]
				[tipo_vuoto requires 6.7 bits]
				[ultima_pagina tried 1/1] 3.0 secs
				[frame requires 7.6 bits]
				[pagina_1 tried 2/3] 3.0 secs
				[on_top requires 9.1 bits]
				[to_right requires 9.1 bits]
				[allineato_al_centro_verticale requires 9.1 bits]
				[allineato_al_centro_orizzontale requires 9.1 bits]
				[altezza_pagina tried 1/1] 3.0 secs
				[larghezza_pagina tried 1/1] 3.0 secs
				[altezza_rettangolo tried 3/3] 3.0 secs
				[ascissa_rettangolo tried 3/3] 3.0 secs
				[ordinata_rettangolo tried 3/3] 3.0 secs
				[larghezza_rettangolo tried 3/3] 3.0 secs
				[numero_pagine tried 1/1] 3.0 secs

No literals

Recover to class_jmlr(A) :- pagina_1(A,B), frame(B,C), to_right(C,D), tipo_testo(D), to_right(C,E), allineato_al_centro_verticale(F,D).



State (1538/31150 [3/160], 12.4 bits available)

				[= tried 6/6] 3.0 secs
				[tipo_testo tried 3/4] 3.0 secs
				[tipo_linea_orizzontale tried 4/4] 3.0 secs
				[tipo_misto tried 4/4] 3.0 secs
				[tipo_linea_obbliqua tried 4/4] 3.0 secs
				[tipo_immagine tried 4/4] 3.0 secs
				[tipo_vuoto tried 4/4] 3.0 secs
				[ultima_pagina tried 1/1] 3.0 secs
				[frame tried 7/8] 3.0 secs
				[pagina_1 tried 2/3] 3.0 secs
				[on_top tried 18/18] 3.0 secs
				[to_right tried 15/18] 3.1 secs
				[allineato_al_centro_verticale tried 16/18] 3.1 secs
				[allineato_al_centro_orizzontale tried 9/18] 3.1 secs
				[altezza_pagina tried 1/1] 3.1 secs
				[larghezza_pagina tried 1/1] 3.1 secs
				[altezza_rettangolo tried 3/3] 3.1 secs
				[ascissa_rettangolo tried 3/3] 3.1 secs
				[ordinata_rettangolo tried 3/3] 3.1 secs
				[larghezza_rettangolo tried 3/3] 3.1 secs
				[numero_pagine tried 1/1] 3.1 secs

Best literal tipo_testo(C) (6.4 bits)


State (1481/15266 [3/154], 8.6 bits available)

				[= tried 6/6] 3.1 secs
				[tipo_testo tried 2/4] 3.1 secs
				[tipo_linea_orizzontale tried 4/4] 3.1 secs
				[tipo_misto tried 4/4] 3.1 secs
				[tipo_linea_obbliqua tried 4/4] 3.1 secs
				[tipo_immagine tried 4/4] 3.1 secs
				[tipo_vuoto tried 4/4] 3.1 secs
				[ultima_pagina tried 1/1] 3.1 secs
				[frame tried 7/8] 3.1 secs
				[pagina_1 tried 2/3] 3.1 secs
				[on_top tried 18/18] 3.1 secs
				[to_right tried 15/18] 3.1 secs
				[allineato_al_centro_verticale tried 16/18] 3.1 secs
				[allineato_al_centro_orizzontale tried 9/18] 3.1 secs
				[altezza_pagina tried 1/1] 3.1 secs
				[larghezza_pagina tried 1/1] 3.1 secs
				[altezza_rettangolo tried 3/3] 3.1 secs
				[ascissa_rettangolo tried 3/3] 3.1 secs
				[ordinata_rettangolo tried 3/3] 3.2 secs
				[larghezza_rettangolo tried 3/3] 3.2 secs
				[numero_pagine tried 1/1] 3.2 secs

Best literal to_right(D,G) (8.6 bits)


State (6493/41599 [3/138], 2.8 bits available)

				[= requires 8.7 bits]
				[tipo_testo requires 6.7 bits]
				[tipo_linea_orizzontale requires 6.7 bits]
				[tipo_misto requires 6.7 bits]
				[tipo_linea_obbliqua requires 6.7 bits]
				[tipo_immagine requires 6.7 bits]
				[tipo_vuoto requires 6.7 bits]
				[ultima_pagina tried 1/1] 3.2 secs
				[frame requires 7.6 bits]
				[pagina_1 requires 6.0 bits]
				[on_top requires 9.1 bits]
				[to_right requires 9.1 bits]
				[allineato_al_centro_verticale requires 9.1 bits]
				[allineato_al_centro_orizzontale requires 9.1 bits]
				[altezza_pagina tried 1/1] 3.2 secs
				[larghezza_pagina tried 1/1] 3.2 secs
				[altezza_rettangolo requires 6.0 bits]
				[ascissa_rettangolo requires 6.0 bits]
				[ordinata_rettangolo requires 6.0 bits]
				[larghezza_rettangolo requires 6.0 bits]
				[numero_pagine tried 1/1] 3.2 secs

No literals

Initial clause (135 errs): class_jmlr(A) :- pagina_1(A,B), frame(B,C), to_right(C,D), tipo_testo(D), to_right(C,E), allineato_al_centro_verticale(F,D), tipo_testo(C), to_right(D,G).
		to_right(C,D) needed for binding tipo_testo(D)
		frame(B,C) needed for binding to_right(C,D)
		pagina_1(A,B) needed for binding frame(B,C)

Clause too inaccurate (3/138)

***  Warning: the following definition
***  does not cover 3 tuples in the relation

class_jmlr(A) :- pagina_1(A,B), frame(B,C), to_right(C,D), to_right(D,E), tipo_testo(C), allineato_al_centro_verticale(D,F), on_top(C,D), allineato_al_centro_orizzontale(G,C).
class_jmlr(A) :- pagina_1(A,B), frame(B,C), to_right(C,D), to_right(D,E), tipo_testo(C), allineato_al_centro_verticale(F,D), on_top(E,D), allineato_al_centro_orizzontale(C,E).

Time 3.2 secs

Test relation class_jmlr
Summary: 0 errors in 35 trials
