FOIL 6.4   [January 1996]
--------

    Options:
	no negated literals
	verbosity level 2

Types Documento and Pagina are not compatible
Types Documento and Frame are not compatible
Types Documento and NumeroPagine are not compatible
Types Documento and LarghezzaPagina are not compatible
Types Documento and AltezzaPagina are not compatible
Types Documento and AscissaRettangolo are not compatible
Types Documento and OrdinataRettangolo are not compatible
Types Documento and LarghezzaRettangolo are not compatible
Types Documento and AltezzaRettangolo are not compatible
Types Pagina and Frame are not compatible
Types Pagina and NumeroPagine are not compatible
Types Pagina and LarghezzaPagina are not compatible
Types Pagina and AltezzaPagina are not compatible
Types Pagina and AscissaRettangolo are not compatible
Types Pagina and OrdinataRettangolo are not compatible
Types Pagina and LarghezzaRettangolo are not compatible
Types Pagina and AltezzaRettangolo are not compatible
Types Frame and NumeroPagine are not compatible
Types Frame and LarghezzaPagina are not compatible
Types Frame and AltezzaPagina are not compatible
Types Frame and AscissaRettangolo are not compatible
Types Frame and OrdinataRettangolo are not compatible
Types Frame and LarghezzaRettangolo are not compatible
Types Frame and AltezzaRettangolo are not compatible
Types NumeroPagine and LarghezzaPagina are not compatible
Types NumeroPagine and AltezzaPagina are not compatible
Types NumeroPagine and AscissaRettangolo are not compatible
Types NumeroPagine and OrdinataRettangolo are not compatible
Types NumeroPagine and LarghezzaRettangolo are not compatible
Types NumeroPagine and AltezzaRettangolo are not compatible
Types LarghezzaPagina and AltezzaPagina are not compatible
Types LarghezzaPagina and AscissaRettangolo are not compatible
Types LarghezzaPagina and OrdinataRettangolo are not compatible
Types LarghezzaPagina and LarghezzaRettangolo are not compatible
Types LarghezzaPagina and AltezzaRettangolo are not compatible
Types AltezzaPagina and AscissaRettangolo are not compatible
Types AltezzaPagina and OrdinataRettangolo are not compatible
Types AltezzaPagina and LarghezzaRettangolo are not compatible
Types AltezzaPagina and AltezzaRettangolo are not compatible
Types AscissaRettangolo and OrdinataRettangolo are not compatible
Types AscissaRettangolo and LarghezzaRettangolo are not compatible
Types AscissaRettangolo and AltezzaRettangolo are not compatible
Types OrdinataRettangolo and LarghezzaRettangolo are not compatible
Types OrdinataRettangolo and AltezzaRettangolo are not compatible
Types LarghezzaRettangolo and AltezzaRettangolo are not compatible

Relation class_jmlr

Relation *allineato_al_centro_orizzontale

Relation *allineato_al_centro_verticale

Relation *altezza_pagina

Relation *larghezza_pagina

Relation *altezza_rettangolo

Relation *ascissa_rettangolo

Relation *ordinata_rettangolo

Relation *larghezza_rettangolo

Relation *frame

Relation *numero_pagine

Relation *on_top

Relation *to_right

Relation *pagina_1

Relation *ultima_pagina

Relation *tipo_immagine

Relation *tipo_linea_obbliqua

Relation *tipo_linea_orizzontale

Relation *tipo_misto

Relation *tipo_testo

Relation *tipo_vuoto

----------
class_jmlr:

State (90/317, 304.5 bits available)

				[pagina_1 tried 1/1] 0.1 secs
				[numero_pagine tried 1/1] 0.1 secs

Determinate literals
	pagina_1(A,B)


State (90/317, 304.5 bits available, 1 weak literal)

				[ultima_pagina tried 1/1] 0.1 secs
				[frame tried 1/1] 0.1 secs
				[pagina_1 tried 1/3] 0.1 secs
				[altezza_pagina tried 1/1] 0.1 secs
				[larghezza_pagina tried 1/1] 0.1 secs
				[numero_pagine tried 1/1] 0.1 secs

Best literal frame(B,C) (2.6 bits)


State (1220/3476 [90/317], 301.9 bits available, 2 weak literals)

				[tipo_testo tried 1/1] 0.1 secs
				[tipo_linea_orizzontale tried 1/1] 0.1 secs
				[tipo_misto tried 1/1] 0.1 secs
				[tipo_linea_obbliqua tried 1/1] 0.1 secs
				[tipo_immagine tried 1/1] 0.1 secs
				[tipo_vuoto tried 1/1] 0.1 secs
				[ultima_pagina tried 1/1] 0.1 secs
				[frame tried 1/3] 0.1 secs
				[pagina_1 tried 2/3] 0.1 secs
				[on_top tried 2/2] 0.1 secs
				[to_right tried 2/2] 0.1 secs
				[allineato_al_centro_verticale tried 2/2] 0.1 secs
				[allineato_al_centro_orizzontale tried 2/2] 0.1 secs
				[altezza_pagina tried 1/1] 0.1 secs
				[larghezza_pagina tried 1/1] 0.1 secs
				[altezza_rettangolo tried 1/1] 0.1 secs
				[ascissa_rettangolo tried 1/1] 0.1 secs
				[ordinata_rettangolo tried 1/1] 0.1 secs
				[larghezza_rettangolo tried 1/1] 0.1 secs
				[numero_pagine tried 1/1] 0.1 secs

Best literal to_right(C,D) (5.3 bits)


State (6869/14747 [90/316], 297.6 bits available)

				[= tried 1/1] 0.1 secs
				[tipo_testo tried 2/2] 0.1 secs
				[tipo_linea_orizzontale tried 2/2] 0.1 secs
				[tipo_misto tried 2/2] 0.1 secs
				[tipo_linea_obbliqua tried 2/2] 0.1 secs
				[tipo_immagine tried 2/2] 0.1 secs
				[tipo_vuoto tried 2/2] 0.1 secs
				[ultima_pagina tried 1/1] 0.1 secs
				[frame tried 4/5] 0.1 secs
				[pagina_1 tried 2/3] 0.1 secs
				[on_top tried 6/6] 0.1 secs
				[to_right tried 4/6] 0.1 secs
				[allineato_al_centro_verticale tried 6/6] 0.1 secs
				[allineato_al_centro_orizzontale tried 6/6] 0.1 secs
				[altezza_pagina tried 1/1] 0.1 secs
				[larghezza_pagina tried 1/1] 0.1 secs
				[altezza_rettangolo tried 2/2] 0.1 secs
				[ascissa_rettangolo tried 2/2] 0.1 secs
				[ordinata_rettangolo tried 2/2] 0.1 secs
				[larghezza_rettangolo tried 2/2] 0.1 secs
				[numero_pagine tried 1/1] 0.1 secs

	Save tipo_testo(D) (90,313 value 1.6)

Best literal to_right(D,E) (7.0 bits)


State (21642/37276 [90/314], 292.2 bits available)

				[= tried 3/3] 0.1 secs
				[tipo_testo tried 3/3] 0.1 secs
				[tipo_linea_orizzontale tried 3/3] 0.1 secs
				[tipo_misto tried 3/3] 0.1 secs
				[tipo_linea_obbliqua tried 3/3] 0.1 secs
				[tipo_immagine tried 3/3] 0.1 secs
				[tipo_vuoto tried 3/3] 0.1 secs
				[ultima_pagina tried 1/1] 0.2 secs
				[frame tried 5/6] 0.2 secs
				[pagina_1 tried 2/3] 0.2 secs
				[on_top tried 10/10] 0.2 secs
				[to_right tried 7/10] 0.2 secs
				[allineato_al_centro_verticale tried 10/10] 0.2 secs
				[allineato_al_centro_orizzontale tried 10/10] 0.2 secs
				[altezza_pagina tried 1/1] 0.2 secs
				[larghezza_pagina tried 1/1] 0.2 secs
				[altezza_rettangolo tried 2/2] 0.2 secs
				[ascissa_rettangolo tried 2/2] 0.2 secs
				[ordinata_rettangolo tried 2/2] 0.2 secs
				[larghezza_rettangolo tried 2/2] 0.2 secs
				[numero_pagine tried 1/1] 0.2 secs

Best literal tipo_testo(E) (6.0 bits)


State (21423/31257 [90/311], 288.2 bits available)

				[= tried 3/3] 0.2 secs
				[tipo_testo tried 2/3] 0.2 secs
				[tipo_linea_orizzontale tried 3/3] 0.3 secs
				[tipo_misto tried 3/3] 0.3 secs
				[tipo_linea_obbliqua tried 3/3] 0.3 secs
				[tipo_immagine tried 3/3] 0.3 secs
				[tipo_vuoto tried 3/3] 0.3 secs
				[ultima_pagina tried 1/1] 0.3 secs
				[frame tried 5/6] 0.3 secs
				[pagina_1 tried 2/3] 0.3 secs
				[on_top tried 10/10] 0.3 secs
				[to_right tried 8/10] 0.3 secs
				[allineato_al_centro_verticale tried 10/10] 0.3 secs
				[allineato_al_centro_orizzontale tried 6/10] 0.3 secs
				[altezza_pagina tried 1/1] 0.3 secs
				[larghezza_pagina tried 1/1] 0.3 secs
				[altezza_rettangolo tried 2/2] 0.3 secs
				[ascissa_rettangolo tried 2/2] 0.3 secs
				[ordinata_rettangolo tried 2/2] 0.3 secs
				[larghezza_rettangolo tried 2/2] 0.3 secs
				[numero_pagine tried 1/1] 0.3 secs

Best literal tipo_testo(D) (6.0 bits)


State (21042/28580 [90/302], 284.6 bits available)

				[= tried 3/3] 0.3 secs
				[tipo_testo tried 1/3] 0.3 secs
				[tipo_linea_orizzontale tried 3/3] 0.3 secs
				[tipo_misto tried 3/3] 0.4 secs
				[tipo_linea_obbliqua tried 3/3] 0.4 secs
				[tipo_immagine tried 3/3] 0.4 secs
				[tipo_vuoto tried 3/3] 0.4 secs
				[ultima_pagina tried 1/1] 0.4 secs
				[frame tried 5/6] 0.4 secs
				[pagina_1 tried 2/3] 0.4 secs
				[on_top tried 10/10] 0.4 secs
				[to_right tried 8/10] 0.4 secs
				[allineato_al_centro_verticale tried 10/10] 0.4 secs
				[allineato_al_centro_orizzontale tried 6/10] 0.4 secs
				[altezza_pagina tried 1/1] 0.4 secs
				[larghezza_pagina tried 1/1] 0.4 secs
				[altezza_rettangolo tried 2/2] 0.4 secs
				[ascissa_rettangolo tried 2/2] 0.4 secs
				[ordinata_rettangolo tried 2/2] 0.4 secs
				[larghezza_rettangolo tried 2/2] 0.4 secs
				[numero_pagine tried 1/1] 0.4 secs

Best literal on_top(E,D) (7.7 bits)


State (9789/12014 [90/214], 279.4 bits available)

				[= tried 3/3] 0.4 secs
				[tipo_testo tried 1/3] 0.4 secs
				[tipo_linea_orizzontale tried 3/3] 0.4 secs
				[tipo_misto tried 3/3] 0.4 secs
				[tipo_linea_obbliqua tried 3/3] 0.4 secs
				[tipo_immagine tried 3/3] 0.4 secs
				[tipo_vuoto tried 3/3] 0.4 secs
				[ultima_pagina tried 1/1] 0.4 secs
				[frame tried 5/6] 0.4 secs
				[pagina_1 tried 2/3] 0.5 secs
				[on_top tried 9/10] 0.5 secs
				[to_right tried 8/10] 0.5 secs
				[allineato_al_centro_verticale tried 10/10] 0.5 secs
				[allineato_al_centro_orizzontale tried 6/10] 0.5 secs
				[altezza_pagina tried 1/1] 0.5 secs
				[larghezza_pagina tried 1/1] 0.5 secs
				[altezza_rettangolo tried 2/2] 0.5 secs
				[ascissa_rettangolo tried 2/2] 0.5 secs
				[ordinata_rettangolo tried 2/2] 0.5 secs
				[larghezza_rettangolo tried 2/2] 0.5 secs
				[numero_pagine tried 1/1] 0.5 secs

Best literal tipo_testo(C) (6.0 bits)


State (9533/11217 [90/201], 276.3 bits available)

				[= tried 3/3] 0.5 secs
				[tipo_testo tried 0/3] 0.5 secs
				[tipo_linea_orizzontale tried 3/3] 0.5 secs
				[tipo_misto tried 3/3] 0.5 secs
				[tipo_linea_obbliqua tried 3/3] 0.5 secs
				[tipo_immagine tried 3/3] 0.5 secs
				[tipo_vuoto tried 3/3] 0.5 secs
				[ultima_pagina tried 1/1] 0.5 secs
				[frame tried 5/6] 0.5 secs
				[pagina_1 tried 2/3] 0.5 secs
				[on_top tried 9/10] 0.5 secs
				[to_right tried 8/10] 0.5 secs
				[allineato_al_centro_verticale tried 10/10] 0.5 secs
				[allineato_al_centro_orizzontale tried 6/10] 0.5 secs
				[altezza_pagina tried 1/1] 0.5 secs
				[larghezza_pagina tried 1/1] 0.5 secs
				[altezza_rettangolo tried 2/2] 0.5 secs
				[ascissa_rettangolo tried 2/2] 0.5 secs
				[ordinata_rettangolo tried 2/2] 0.5 secs
				[larghezza_rettangolo tried 2/2] 0.5 secs
				[numero_pagine tried 1/1] 0.5 secs

	Save allineato_al_centro_verticale(D,F) (88,144 value 96.9)

Best literal allineato_al_centro_verticale(F,D) (7.7 bits)


State (10870/11736 [87/146], 267.1 bits available)

				[= tried 6/6] 0.5 secs
				[tipo_testo tried 1/4] 0.5 secs
				[tipo_linea_orizzontale tried 4/4] 0.5 secs
				[tipo_misto tried 4/4] 0.5 secs
				[tipo_linea_obbliqua tried 4/4] 0.5 secs
				[tipo_immagine tried 4/4] 0.5 secs
				[tipo_vuoto tried 4/4] 0.5 secs
				[ultima_pagina tried 1/1] 0.5 secs
				[frame tried 6/7] 0.5 secs
				[pagina_1 tried 2/3] 0.5 secs
				[on_top tried 15/16] 0.6 secs
				[to_right tried 14/16] 0.6 secs
				[allineato_al_centro_verticale tried 14/16] 0.6 secs
				[allineato_al_centro_orizzontale tried 10/16] 0.6 secs
				[altezza_pagina tried 1/1] 0.6 secs
				[larghezza_pagina tried 1/1] 0.6 secs
				[altezza_rettangolo tried 2/2] 0.6 secs
				[ascissa_rettangolo tried 2/2] 0.6 secs
				[ordinata_rettangolo tried 2/2] 0.6 secs
				[larghezza_rettangolo tried 2/2] 0.6 secs
				[numero_pagine tried 1/1] 0.6 secs

	Save to_right(D,G) (87,146 value 92.6)

Best literal on_top(G,D) (8.4 bits)


State (95145/99258 [87/146], 261.8 bits available, 1 weak literal)

				[= tried 10/10] 0.6 secs
				[tipo_testo tried 2/5] 0.6 secs
				[tipo_linea_orizzontale tried 5/5] 0.6 secs
				[tipo_misto tried 5/5] 0.6 secs
				[tipo_linea_obbliqua tried 5/5] 0.6 secs
				[tipo_immagine tried 5/5] 0.7 secs
				[tipo_vuoto tried 5/5] 0.7 secs
				[ultima_pagina tried 1/1] 0.7 secs
				[frame tried 7/8] 0.7 secs
				[pagina_1 tried 2/3] 0.7 secs
				[on_top tried 21/24] 0.9 secs
				[to_right tried 22/24] 1.0 secs
				[allineato_al_centro_verticale tried 22/24] 1.0 secs
				[allineato_al_centro_orizzontale tried 16/24] 1.1 secs
				[altezza_pagina tried 1/1] 1.1 secs
				[larghezza_pagina tried 1/1] 1.1 secs
				[altezza_rettangolo tried 2/2] 1.1 secs
				[ascissa_rettangolo tried 2/2] 1.1 secs
				[ordinata_rettangolo tried 2/2] 1.1 secs
				[larghezza_rettangolo tried 2/2] 1.1 secs
				[numero_pagine tried 1/1] 1.1 secs

	Save on_top(E,F) (87,135 value 102.4)
	Save to_right(F,D) (82,126 value 97.7)
	Save to_right(F,G) (87,141 value 97.0)

Best literal on_top(D,F) (9.0 bits)


State (48708/49968 [82/122], 248.2 bits available)

				[= tried 10/10] 1.2 secs
				[tipo_testo tried 2/5] 1.2 secs
				[tipo_linea_orizzontale tried 5/5] 1.2 secs
				[tipo_misto tried 5/5] 1.2 secs
				[tipo_linea_obbliqua tried 5/5] 1.2 secs
				[tipo_immagine tried 5/5] 1.2 secs
				[tipo_vuoto tried 5/5] 1.2 secs
				[ultima_pagina tried 1/1] 1.2 secs
				[frame tried 7/8] 1.2 secs
				[pagina_1 tried 2/3] 1.2 secs
				[on_top tried 20/24] 1.3 secs
				[to_right tried 22/24] 1.4 secs
				[allineato_al_centro_verticale tried 23/24] 1.4 secs
				[allineato_al_centro_orizzontale tried 16/24] 1.4 secs
				[altezza_pagina tried 1/1] 1.4 secs
				[larghezza_pagina tried 1/1] 1.4 secs
				[altezza_rettangolo tried 2/2] 1.4 secs
				[ascissa_rettangolo tried 2/2] 1.4 secs
				[ordinata_rettangolo tried 2/2] 1.4 secs
				[larghezza_rettangolo tried 2/2] 1.4 secs
				[numero_pagine tried 1/1] 1.4 secs

	Save clause ending with to_right(F,C) (cover 63, accuracy 91%)

Best literal to_right(F,D) (9.0 bits)


State (43291/44007 [81/116], 241.0 bits available)

				[= tried 10/10] 1.4 secs
				[tipo_testo tried 2/5] 1.4 secs
				[tipo_linea_orizzontale tried 5/5] 1.5 secs
				[tipo_misto tried 5/5] 1.5 secs
				[tipo_linea_obbliqua tried 5/5] 1.5 secs
				[tipo_immagine tried 5/5] 1.5 secs
				[tipo_vuoto tried 5/5] 1.5 secs
				[ultima_pagina tried 1/1] 1.5 secs
				[frame tried 7/8] 1.5 secs
				[pagina_1 tried 2/3] 1.5 secs
				[on_top tried 20/24] 1.6 secs
				[to_right tried 21/24] 1.6 secs
				[allineato_al_centro_verticale tried 23/24] 1.6 secs
				[allineato_al_centro_orizzontale tried 16/24] 1.6 secs
				[altezza_pagina tried 1/1] 1.7 secs
				[larghezza_pagina tried 1/1] 1.7 secs
				[altezza_rettangolo tried 2/2] 1.7 secs
				[ascissa_rettangolo tried 2/2] 1.7 secs
				[ordinata_rettangolo tried 2/2] 1.7 secs
				[larghezza_rettangolo tried 2/2] 1.7 secs
				[numero_pagine tried 1/1] 1.7 secs

	Save on_top(E,G) (75,89 value 117.1)
	Save on_top(C,D) (81,111 value 109.8)

Best literal tipo_testo(F) (6.7 bits)


State (40436/40919 [80/107], 236.2 bits available)

				[= tried 10/10] 1.7 secs
				[tipo_testo tried 1/5] 1.7 secs
				[tipo_linea_orizzontale tried 5/5] 1.7 secs
				[tipo_misto tried 5/5] 1.7 secs
				[tipo_linea_obbliqua tried 5/5] 1.7 secs
				[tipo_immagine tried 5/5] 1.7 secs
				[tipo_vuoto tried 5/5] 1.7 secs
				[ultima_pagina tried 1/1] 1.7 secs
				[frame tried 7/8] 1.7 secs
				[pagina_1 tried 2/3] 1.7 secs
				[on_top tried 20/24] 1.8 secs
				[to_right tried 21/24] 1.8 secs
				[allineato_al_centro_verticale tried 23/24] 1.9 secs
				[allineato_al_centro_orizzontale tried 16/24] 1.9 secs
				[altezza_pagina tried 1/1] 1.9 secs
				[larghezza_pagina tried 1/1] 1.9 secs
				[altezza_rettangolo tried 2/2] 1.9 secs
				[ascissa_rettangolo tried 2/2] 1.9 secs
				[ordinata_rettangolo tried 2/2] 1.9 secs
				[larghezza_rettangolo tried 2/2] 1.9 secs
				[numero_pagine tried 1/1] 1.9 secs

	Save on_top(E,G) (73,85 value 115.9)

Best literal on_top(C,D) (9.0 bits)


State (24551/24710 [80/102], 230.9 bits available)

				[= tried 10/10] 1.9 secs
				[tipo_testo tried 1/5] 1.9 secs
				[tipo_linea_orizzontale tried 5/5] 1.9 secs
				[tipo_misto tried 5/5] 1.9 secs
				[tipo_linea_obbliqua tried 5/5] 1.9 secs
				[tipo_immagine tried 5/5] 1.9 secs
				[tipo_vuoto tried 5/5] 1.9 secs
				[ultima_pagina tried 1/1] 1.9 secs
				[frame tried 7/8] 1.9 secs
				[pagina_1 tried 2/3] 1.9 secs
				[on_top tried 19/24] 2.0 secs
				[to_right tried 21/24] 2.0 secs
				[allineato_al_centro_verticale tried 19/24] 2.0 secs
				[allineato_al_centro_orizzontale tried 16/24] 2.0 secs
				[altezza_pagina tried 1/1] 2.0 secs
				[larghezza_pagina tried 1/1] 2.0 secs
				[altezza_rettangolo tried 2/2] 2.0 secs
				[ascissa_rettangolo tried 2/2] 2.0 secs
				[ordinata_rettangolo tried 2/2] 2.0 secs
				[larghezza_rettangolo tried 2/2] 2.0 secs
				[numero_pagine tried 1/1] 2.0 secs

Best literal on_top(H,C) (9.0 bits)


State (82476/82628 [73/90], 213.0 bits available)

				[= tried 15/15] 2.1 secs
				[tipo_testo tried 2/6] 2.1 secs
				[tipo_linea_orizzontale tried 6/6] 2.1 secs
				[tipo_misto tried 6/6] 2.1 secs
				[tipo_linea_obbliqua tried 6/6] 2.1 secs
				[tipo_immagine tried 6/6] 2.1 secs
				[tipo_vuoto tried 6/6] 2.1 secs
				[ultima_pagina tried 1/1] 2.1 secs
				[frame tried 9/10] 2.2 secs
				[pagina_1 tried 2/3] 2.2 secs
				[on_top tried 29/36] 2.3 secs
				[to_right tried 33/36] 2.5 secs
				[allineato_al_centro_verticale tried 35/36] 2.5 secs
				[allineato_al_centro_orizzontale tried 21/36] 2.6 secs
				[altezza_pagina tried 1/1] 2.6 secs
				[larghezza_pagina tried 1/1] 2.6 secs
				[altezza_rettangolo tried 3/3] 2.6 secs
				[ascissa_rettangolo tried 3/3] 2.6 secs
				[ordinata_rettangolo tried 3/3] 2.6 secs
				[larghezza_rettangolo tried 3/3] 2.6 secs
				[numero_pagine tried 1/1] 2.6 secs

	Save clause ending with to_right(C,F) (cover 40, accuracy 100%)

	Save to_right(C,F) (40,40 value 72.2)

Best literal tipo_testo(H) (7.0 bits)


State (82476/82583 [73/90], 210.0 bits available)

				[= tried 15/15] 2.7 secs
				[tipo_testo tried 1/6] 2.7 secs
				[tipo_linea_orizzontale tried 6/6] 2.7 secs
				[tipo_misto tried 6/6] 2.7 secs
				[tipo_linea_obbliqua tried 6/6] 2.7 secs
				[tipo_immagine tried 6/6] 2.7 secs
				[tipo_vuoto tried 6/6] 2.7 secs
				[ultima_pagina tried 1/1] 2.7 secs
				[frame tried 9/10] 2.8 secs
				[pagina_1 tried 2/3] 2.8 secs
				[on_top tried 30/36] 2.9 secs
				[to_right tried 33/36] 3.1 secs
				[allineato_al_centro_verticale tried 35/36] 3.2 secs
				[allineato_al_centro_orizzontale tried 26/36] 3.2 secs
				[altezza_pagina tried 1/1] 3.2 secs
				[larghezza_pagina tried 1/1] 3.2 secs
				[altezza_rettangolo tried 3/3] 3.2 secs
				[ascissa_rettangolo tried 3/3] 3.2 secs
				[ordinata_rettangolo tried 3/3] 3.3 secs
				[larghezza_rettangolo tried 3/3] 3.3 secs
				[numero_pagine tried 1/1] 3.3 secs

	Save clause ending with allineato_al_centro_orizzontale(H,I) (cover 72, accuracy 100%)

	Save allineato_al_centro_orizzontale(H,I) (72,72 value 130.0)
	Save allineato_al_centro_orizzontale(I,H) (72,72 value 130.0)

Best literal to_right(C,F) (9.6 bits)

[Replace by saved clause]

Initial clause (0 errs): class_jmlr(A) :- pagina_1(A,B), frame(B,C), to_right(C,D), to_right(D,E), tipo_testo(E), tipo_testo(D), on_top(E,D), tipo_testo(C), allineato_al_centro_verticale(F,D), on_top(G,D), on_top(D,F), to_right(F,D), tipo_testo(F), on_top(C,D), on_top(H,C), tipo_testo(H), allineato_al_centro_orizzontale(H,I).
		on_top(H,C) needed for binding tipo_testo(H)
		to_right(C,D) needed for binding to_right(D,E)
		frame(B,C) needed for binding to_right(C,D)
		pagina_1(A,B) needed for binding frame(B,C)

Clause 0: class_jmlr(A) :- pagina_1(A,B), frame(B,C), to_right(C,D), to_right(D,E), allineato_al_centro_verticale(F,D), on_top(C,D), on_top(G,C), tipo_testo(G), allineato_al_centro_orizzontale(G,H).

State (2/229, 26.3 bits available)

				[pagina_1 tried 1/1] 3.5 secs
				[numero_pagine tried 1/1] 3.5 secs

Determinate literals
	pagina_1(A,B)


State (2/229, 26.3 bits available, 1 weak literal)

				[ultima_pagina tried 1/1] 3.5 secs
				[frame tried 1/1] 3.5 secs
				[pagina_1 tried 1/3] 3.5 secs
				[altezza_pagina tried 1/1] 3.5 secs
				[larghezza_pagina tried 1/1] 3.5 secs
				[numero_pagine tried 1/1] 3.5 secs

Best literal frame(B,C) (2.6 bits)


State (26/2282 [2/229], 23.7 bits available, 2 weak literals)

				[tipo_testo tried 1/1] 3.5 secs
				[tipo_linea_orizzontale tried 1/1] 3.5 secs
				[tipo_misto tried 1/1] 3.5 secs
				[tipo_linea_obbliqua tried 1/1] 3.5 secs
				[tipo_immagine tried 1/1] 3.5 secs
				[tipo_vuoto tried 1/1] 3.5 secs
				[ultima_pagina tried 1/1] 3.5 secs
				[frame tried 1/3] 3.5 secs
				[pagina_1 tried 2/3] 3.5 secs
				[on_top tried 2/2] 3.5 secs
				[to_right tried 2/2] 3.5 secs
				[allineato_al_centro_verticale tried 2/2] 3.5 secs
				[allineato_al_centro_orizzontale tried 2/2] 3.5 secs
				[altezza_pagina tried 1/1] 3.5 secs
				[larghezza_pagina tried 1/1] 3.5 secs
				[altezza_rettangolo tried 1/1] 3.5 secs
				[ascissa_rettangolo tried 1/1] 3.5 secs
				[ordinata_rettangolo tried 1/1] 3.5 secs
				[larghezza_rettangolo tried 1/1] 3.5 secs
				[numero_pagine tried 1/1] 3.5 secs

Best literal to_right(C,D) (5.3 bits)


State (134/8012 [2/228], 19.4 bits available)

				[= tried 1/1] 3.5 secs
				[tipo_testo tried 2/2] 3.5 secs
				[tipo_linea_orizzontale tried 2/2] 3.5 secs
				[tipo_misto tried 2/2] 3.5 secs
				[tipo_linea_obbliqua tried 2/2] 3.5 secs
				[tipo_immagine tried 2/2] 3.5 secs
				[tipo_vuoto tried 2/2] 3.5 secs
				[ultima_pagina tried 1/1] 3.5 secs
				[frame tried 4/5] 3.5 secs
				[pagina_1 tried 2/3] 3.5 secs
				[on_top tried 6/6] 3.5 secs
				[to_right tried 4/6] 3.5 secs
				[allineato_al_centro_verticale tried 6/6] 3.5 secs
				[allineato_al_centro_orizzontale tried 6/6] 3.5 secs
				[altezza_pagina tried 1/1] 3.5 secs
				[larghezza_pagina tried 1/1] 3.5 secs
				[altezza_rettangolo tried 2/2] 3.5 secs
				[ascissa_rettangolo tried 2/2] 3.5 secs
				[ordinata_rettangolo tried 2/2] 3.5 secs
				[larghezza_rettangolo tried 2/2] 3.5 secs
				[numero_pagine tried 1/1] 3.5 secs

	Save allineato_al_centro_verticale(E,D) (2,170 value 0.9)

Best literal tipo_testo(D) (5.4 bits)


State (126/5744 [2/225], 15.6 bits available)

				[= tried 1/1] 3.5 secs
				[tipo_testo tried 1/2] 3.5 secs
				[tipo_linea_orizzontale tried 2/2] 3.5 secs
				[tipo_misto tried 2/2] 3.5 secs
				[tipo_linea_obbliqua tried 2/2] 3.5 secs
				[tipo_immagine tried 2/2] 3.5 secs
				[tipo_vuoto tried 2/2] 3.5 secs
				[ultima_pagina tried 1/1] 3.5 secs
				[frame tried 4/5] 3.5 secs
				[pagina_1 tried 2/3] 3.5 secs
				[on_top tried 6/6] 3.5 secs
				[to_right tried 5/6] 3.5 secs
				[allineato_al_centro_verticale tried 6/6] 3.5 secs
				[allineato_al_centro_orizzontale tried 5/6] 3.5 secs
				[altezza_pagina tried 1/1] 3.5 secs
				[larghezza_pagina tried 1/1] 3.5 secs
				[altezza_rettangolo tried 2/2] 3.5 secs
				[ascissa_rettangolo tried 2/2] 3.5 secs
				[ordinata_rettangolo tried 2/2] 3.5 secs
				[larghezza_rettangolo tried 2/2] 3.5 secs
				[numero_pagine tried 1/1] 3.5 secs

	Save to_right(C,E) (2,225 value 0.1)

Best literal allineato_al_centro_verticale(E,D) (7.0 bits)


State (185/4494 [2/159], 10.6 bits available)

				[= tried 3/3] 3.5 secs
				[tipo_testo tried 2/3] 3.5 secs
				[tipo_linea_orizzontale tried 3/3] 3.5 secs
				[tipo_misto tried 3/3] 3.5 secs
				[tipo_linea_obbliqua tried 3/3] 3.5 secs
				[tipo_immagine tried 3/3] 3.5 secs
				[tipo_vuoto tried 3/3] 3.5 secs
				[ultima_pagina tried 1/1] 3.5 secs
				[frame tried 5/6] 3.5 secs
				[pagina_1 tried 2/3] 3.5 secs
				[on_top tried 10/10] 3.5 secs
				[to_right tried 9/10] 3.5 secs
				[allineato_al_centro_verticale tried 8/10] 3.5 secs
				[allineato_al_centro_orizzontale tried 6/10] 3.5 secs
				[altezza_pagina tried 1/1] 3.5 secs
				[larghezza_pagina tried 1/1] 3.5 secs
				[altezza_rettangolo tried 2/2] 3.5 secs
				[ascissa_rettangolo tried 2/2] 3.5 secs
				[ordinata_rettangolo tried 2/2] 3.5 secs
				[larghezza_rettangolo tried 2/2] 3.5 secs
				[numero_pagine tried 1/1] 3.5 secs

Best literal tipo_testo(C) (6.0 bits)


State (176/2811 [2/153], 7.0 bits available)

				[= tried 3/3] 3.5 secs
				[tipo_testo tried 1/3] 3.5 secs
				[tipo_linea_orizzontale tried 3/3] 3.5 secs
				[tipo_misto tried 3/3] 3.5 secs
				[tipo_linea_obbliqua tried 3/3] 3.5 secs
				[tipo_immagine tried 3/3] 3.5 secs
				[tipo_vuoto tried 3/3] 3.5 secs
				[ultima_pagina tried 1/1] 3.5 secs
				[frame tried 5/6] 3.5 secs
				[pagina_1 tried 2/3] 3.5 secs
				[on_top tried 10/10] 3.5 secs
				[to_right tried 9/10] 3.5 secs
				[allineato_al_centro_verticale tried 8/10] 3.5 secs
				[allineato_al_centro_orizzontale tried 6/10] 3.5 secs
				[altezza_pagina tried 1/1] 3.5 secs
				[larghezza_pagina tried 1/1] 3.5 secs
				[altezza_rettangolo tried 2/2] 3.5 secs
				[ascissa_rettangolo tried 2/2] 3.5 secs
				[ordinata_rettangolo tried 2/2] 3.5 secs
				[larghezza_rettangolo tried 2/2] 3.5 secs
				[numero_pagine tried 1/1] 3.5 secs

	Save to_right(C,F) (2,153 value 1.2)

Best literal to_right(D,F) (7.7 bits)


State (731/7060 [2/136], 1.8 bits available)

				[= requires 8.0 bits]
				[tipo_testo requires 6.4 bits]
				[tipo_linea_orizzontale requires 6.4 bits]
				[tipo_misto requires 6.4 bits]
				[tipo_linea_obbliqua requires 6.4 bits]
				[tipo_immagine requires 6.4 bits]
				[tipo_vuoto requires 6.4 bits]
				[ultima_pagina tried 1/1] 3.5 secs
				[frame requires 7.2 bits]
				[pagina_1 requires 6.0 bits]
				[on_top requires 8.4 bits]
				[to_right requires 8.4 bits]
				[allineato_al_centro_verticale requires 8.4 bits]
				[allineato_al_centro_orizzontale requires 8.4 bits]
				[altezza_pagina tried 1/1] 3.5 secs
				[larghezza_pagina tried 1/1] 3.5 secs
				[altezza_rettangolo requires 5.4 bits]
				[ascissa_rettangolo requires 5.4 bits]
				[ordinata_rettangolo requires 5.4 bits]
				[larghezza_rettangolo requires 5.4 bits]
				[numero_pagine tried 1/1] 3.5 secs

No literals

Recover to class_jmlr(A) :- pagina_1(A,B), frame(B,C), to_right(C,D), tipo_testo(D), allineato_al_centro_verticale(E,D), tipo_testo(C), to_right(C,F).



State (1393/15807 [2/153], 1.8 bits available, 1 weak literal)

				[= requires 8.0 bits]
				[tipo_testo requires 6.4 bits]
				[tipo_linea_orizzontale requires 6.4 bits]
				[tipo_misto requires 6.4 bits]
				[tipo_linea_obbliqua requires 6.4 bits]
				[tipo_immagine requires 6.4 bits]
				[tipo_vuoto requires 6.4 bits]
				[ultima_pagina tried 1/1] 3.5 secs
				[frame requires 7.4 bits]
				[pagina_1 requires 6.0 bits]
				[on_top requires 8.6 bits]
				[to_right requires 8.6 bits]
				[allineato_al_centro_verticale requires 8.6 bits]
				[allineato_al_centro_orizzontale requires 8.6 bits]
				[altezza_pagina tried 1/1] 3.5 secs
				[larghezza_pagina tried 1/1] 3.5 secs
				[altezza_rettangolo requires 6.0 bits]
				[ascissa_rettangolo requires 6.0 bits]
				[ordinata_rettangolo requires 6.0 bits]
				[larghezza_rettangolo requires 6.0 bits]
				[numero_pagine tried 1/1] 3.5 secs

No literals

Recover to class_jmlr(A) :- pagina_1(A,B), frame(B,C), to_right(C,D), allineato_al_centro_verticale(E,D).



State (193/7888 [2/170], 14.0 bits available)

				[= tried 3/3] 3.5 secs
				[tipo_testo tried 3/3] 3.5 secs
				[tipo_linea_orizzontale tried 3/3] 3.5 secs
				[tipo_misto tried 3/3] 3.5 secs
				[tipo_linea_obbliqua tried 3/3] 3.5 secs
				[tipo_immagine tried 3/3] 3.5 secs
				[tipo_vuoto tried 3/3] 3.5 secs
				[ultima_pagina tried 1/1] 3.5 secs
				[frame tried 5/6] 3.5 secs
				[pagina_1 tried 2/3] 3.5 secs
				[on_top tried 10/10] 3.5 secs
				[to_right tried 9/10] 3.6 secs
				[allineato_al_centro_verticale tried 8/10] 3.6 secs
				[allineato_al_centro_orizzontale tried 10/10] 3.6 secs
				[altezza_pagina tried 1/1] 3.6 secs
				[larghezza_pagina tried 1/1] 3.6 secs
				[altezza_rettangolo tried 2/2] 3.6 secs
				[ascissa_rettangolo tried 2/2] 3.6 secs
				[ordinata_rettangolo tried 2/2] 3.6 secs
				[larghezza_rettangolo tried 2/2] 3.6 secs
				[numero_pagine tried 1/1] 3.6 secs

Best literal tipo_testo(D) (6.0 bits)


State (185/4494 [2/159], 10.0 bits available)

				[= tried 3/3] 3.6 secs
				[tipo_testo tried 2/3] 3.6 secs
				[tipo_linea_orizzontale tried 3/3] 3.6 secs
				[tipo_misto tried 3/3] 3.6 secs
				[tipo_linea_obbliqua tried 3/3] 3.6 secs
				[tipo_immagine tried 3/3] 3.6 secs
				[tipo_vuoto tried 3/3] 3.6 secs
				[ultima_pagina tried 1/1] 3.6 secs
				[frame tried 5/6] 3.6 secs
				[pagina_1 tried 2/3] 3.6 secs
				[on_top tried 10/10] 3.6 secs
				[to_right tried 9/10] 3.6 secs
				[allineato_al_centro_verticale tried 8/10] 3.6 secs
				[allineato_al_centro_orizzontale tried 6/10] 3.6 secs
				[altezza_pagina tried 1/1] 3.6 secs
				[larghezza_pagina tried 1/1] 3.6 secs
				[altezza_rettangolo tried 2/2] 3.6 secs
				[ascissa_rettangolo tried 2/2] 3.6 secs
				[ordinata_rettangolo tried 2/2] 3.6 secs
				[larghezza_rettangolo tried 2/2] 3.6 secs
				[numero_pagine tried 1/1] 3.6 secs

Best literal tipo_testo(C) (6.0 bits)


State (176/2811 [2/153], 6.4 bits available)

				[= tried 3/3] 3.6 secs
				[tipo_testo tried 1/3] 3.6 secs
				[tipo_linea_orizzontale tried 3/3] 3.6 secs
				[tipo_misto tried 3/3] 3.6 secs
				[tipo_linea_obbliqua tried 3/3] 3.6 secs
				[tipo_immagine tried 3/3] 3.6 secs
				[tipo_vuoto tried 3/3] 3.6 secs
				[ultima_pagina tried 1/1] 3.6 secs
				[frame tried 5/6] 3.6 secs
				[pagina_1 tried 2/3] 3.6 secs
				[on_top tried 10/10] 3.6 secs
				[to_right tried 9/10] 3.6 secs
				[allineato_al_centro_verticale tried 8/10] 3.6 secs
				[allineato_al_centro_orizzontale tried 6/10] 3.6 secs
				[altezza_pagina tried 1/1] 3.6 secs
				[larghezza_pagina tried 1/1] 3.6 secs
				[altezza_rettangolo tried 2/2] 3.6 secs
				[ascissa_rettangolo tried 2/2] 3.6 secs
				[ordinata_rettangolo tried 2/2] 3.6 secs
				[larghezza_rettangolo tried 2/2] 3.6 secs
				[numero_pagine tried 1/1] 3.6 secs

	Save to_right(C,F) (2,153 value 1.2)

Best literal to_right(D,F) (7.7 bits)


State (731/7060 [2/136], 1.3 bits available)

				[= requires 8.0 bits]
				[tipo_testo requires 6.4 bits]
				[tipo_linea_orizzontale requires 6.4 bits]
				[tipo_misto requires 6.4 bits]
				[tipo_linea_obbliqua requires 6.4 bits]
				[tipo_immagine requires 6.4 bits]
				[tipo_vuoto requires 6.4 bits]
				[ultima_pagina requires 4.4 bits]
				[frame requires 7.2 bits]
				[pagina_1 requires 6.0 bits]
				[on_top requires 8.4 bits]
				[to_right requires 8.4 bits]
				[allineato_al_centro_verticale requires 8.4 bits]
				[allineato_al_centro_orizzontale requires 8.4 bits]
				[altezza_pagina requires 4.4 bits]
				[larghezza_pagina requires 4.4 bits]
				[altezza_rettangolo requires 5.4 bits]
				[ascissa_rettangolo requires 5.4 bits]
				[ordinata_rettangolo requires 5.4 bits]
				[larghezza_rettangolo requires 5.4 bits]
				[numero_pagine requires 4.4 bits]

No literals

Recover to class_jmlr(A) :- pagina_1(A,B), frame(B,C), to_right(C,D), allineato_al_centro_verticale(E,D), tipo_testo(D), tipo_testo(C), to_right(C,F).



State (1393/15807 [2/153], 1.3 bits available, 1 weak literal)

				[= requires 8.0 bits]
				[tipo_testo requires 6.4 bits]
				[tipo_linea_orizzontale requires 6.4 bits]
				[tipo_misto requires 6.4 bits]
				[tipo_linea_obbliqua requires 6.4 bits]
				[tipo_immagine requires 6.4 bits]
				[tipo_vuoto requires 6.4 bits]
				[ultima_pagina requires 4.4 bits]
				[frame requires 7.4 bits]
				[pagina_1 requires 6.0 bits]
				[on_top requires 8.6 bits]
				[to_right requires 8.6 bits]
				[allineato_al_centro_verticale requires 8.6 bits]
				[allineato_al_centro_orizzontale requires 8.6 bits]
				[altezza_pagina requires 4.4 bits]
				[larghezza_pagina requires 4.4 bits]
				[altezza_rettangolo requires 6.0 bits]
				[ascissa_rettangolo requires 6.0 bits]
				[ordinata_rettangolo requires 6.0 bits]
				[larghezza_rettangolo requires 6.0 bits]
				[numero_pagine requires 4.4 bits]

No literals

Recover to class_jmlr(A) :- pagina_1(A,B), frame(B,C), to_right(C,D), tipo_testo(D), to_right(C,E).



State (897/30212 [2/225], 10.6 bits available, 1 weak literal)

				[= tried 3/3] 3.6 secs
				[tipo_testo tried 2/3] 3.6 secs
				[tipo_linea_orizzontale tried 3/3] 3.6 secs
				[tipo_misto tried 3/3] 3.6 secs
				[tipo_linea_obbliqua tried 3/3] 3.6 secs
				[tipo_immagine tried 3/3] 3.6 secs
				[tipo_vuoto tried 3/3] 3.6 secs
				[ultima_pagina tried 1/1] 3.6 secs
				[frame tried 6/7] 3.6 secs
				[pagina_1 tried 2/3] 3.6 secs
				[on_top tried 12/12] 3.6 secs
				[to_right tried 9/12] 3.6 secs
				[allineato_al_centro_verticale tried 12/12] 3.7 secs
				[allineato_al_centro_orizzontale tried 10/12] 3.7 secs
				[altezza_pagina tried 1/1] 3.7 secs
				[larghezza_pagina tried 1/1] 3.7 secs
				[altezza_rettangolo tried 3/3] 3.7 secs
				[ascissa_rettangolo tried 3/3] 3.7 secs
				[ordinata_rettangolo tried 3/3] 3.7 secs
				[larghezza_rettangolo tried 3/3] 3.7 secs
				[numero_pagine tried 1/1] 3.7 secs

	Save tipo_testo(C) (2,225 value 0.1)
	Save allineato_al_centro_verticale(F,E) (2,167 value 0.9)

Best literal allineato_al_centro_verticale(F,D) (8.0 bits)


State (1447/32283 [2/159], 5.0 bits available)

				[= requires 8.0 bits]
				[tipo_testo tried 3/4] 3.7 secs
				[tipo_linea_orizzontale tried 4/4] 3.7 secs
				[tipo_misto tried 4/4] 3.7 secs
				[tipo_linea_obbliqua tried 4/4] 3.7 secs
				[tipo_immagine tried 4/4] 3.7 secs
				[tipo_vuoto tried 4/4] 3.7 secs
				[ultima_pagina tried 1/1] 3.7 secs
				[frame tried 7/8] 3.7 secs
				[pagina_1 tried 2/3] 3.7 secs
				[on_top requires 8.6 bits]
				[to_right requires 8.6 bits]
				[allineato_al_centro_verticale requires 8.6 bits]
				[allineato_al_centro_orizzontale requires 8.6 bits]
				[altezza_pagina tried 1/1] 3.7 secs
				[larghezza_pagina tried 1/1] 3.7 secs
				[altezza_rettangolo tried 3/3] 3.7 secs
				[ascissa_rettangolo tried 3/3] 3.7 secs
				[ordinata_rettangolo tried 3/3] 3.7 secs
				[larghezza_rettangolo tried 3/3] 3.7 secs
				[numero_pagine tried 1/1] 3.7 secs

Best literal tipo_testo(C) (6.4 bits)


State (1393/15807 [2/153], 1.2 bits available)

				[= requires 8.0 bits]
				[tipo_testo requires 6.4 bits]
				[tipo_linea_orizzontale requires 6.4 bits]
				[tipo_misto requires 6.4 bits]
				[tipo_linea_obbliqua requires 6.4 bits]
				[tipo_immagine requires 6.4 bits]
				[tipo_vuoto requires 6.4 bits]
				[ultima_pagina requires 4.4 bits]
				[frame requires 7.4 bits]
				[pagina_1 requires 6.0 bits]
				[on_top requires 8.6 bits]
				[to_right requires 8.6 bits]
				[allineato_al_centro_verticale requires 8.6 bits]
				[allineato_al_centro_orizzontale requires 8.6 bits]
				[altezza_pagina requires 4.4 bits]
				[larghezza_pagina requires 4.4 bits]
				[altezza_rettangolo requires 6.0 bits]
				[ascissa_rettangolo requires 6.0 bits]
				[ordinata_rettangolo requires 6.0 bits]
				[larghezza_rettangolo requires 6.0 bits]
				[numero_pagine requires 4.4 bits]

No literals

Recover to class_jmlr(A) :- pagina_1(A,B), frame(B,C), to_right(C,D), tipo_testo(D), to_right(C,E), allineato_al_centro_verticale(F,E).



State (1376/32400 [2/167], 5.0 bits available)

				[= requires 8.0 bits]
				[tipo_testo tried 3/4] 3.7 secs
				[tipo_linea_orizzontale tried 4/4] 3.7 secs
				[tipo_misto tried 4/4] 3.7 secs
				[tipo_linea_obbliqua tried 4/4] 3.7 secs
				[tipo_immagine tried 4/4] 3.7 secs
				[tipo_vuoto tried 4/4] 3.7 secs
				[ultima_pagina tried 1/1] 3.7 secs
				[frame tried 7/8] 3.8 secs
				[pagina_1 tried 2/3] 3.8 secs
				[on_top requires 8.6 bits]
				[to_right requires 8.6 bits]
				[allineato_al_centro_verticale requires 8.6 bits]
				[allineato_al_centro_orizzontale requires 8.6 bits]
				[altezza_pagina tried 1/1] 3.8 secs
				[larghezza_pagina tried 1/1] 3.8 secs
				[altezza_rettangolo tried 3/3] 3.8 secs
				[ascissa_rettangolo tried 3/3] 3.8 secs
				[ordinata_rettangolo tried 3/3] 3.8 secs
				[larghezza_rettangolo tried 3/3] 3.8 secs
				[numero_pagine tried 1/1] 3.8 secs

Best literal tipo_testo(C) (6.4 bits)


State (1322/17508 [2/165], 1.2 bits available)

				[= requires 8.0 bits]
				[tipo_testo requires 6.4 bits]
				[tipo_linea_orizzontale requires 6.4 bits]
				[tipo_misto requires 6.4 bits]
				[tipo_linea_obbliqua requires 6.4 bits]
				[tipo_immagine requires 6.4 bits]
				[tipo_vuoto requires 6.4 bits]
				[ultima_pagina requires 4.4 bits]
				[frame requires 7.4 bits]
				[pagina_1 requires 6.0 bits]
				[on_top requires 8.6 bits]
				[to_right requires 8.6 bits]
				[allineato_al_centro_verticale requires 8.6 bits]
				[allineato_al_centro_orizzontale requires 8.6 bits]
				[altezza_pagina requires 4.4 bits]
				[larghezza_pagina requires 4.4 bits]
				[altezza_rettangolo requires 6.0 bits]
				[ascissa_rettangolo requires 6.0 bits]
				[ordinata_rettangolo requires 6.0 bits]
				[larghezza_rettangolo requires 6.0 bits]
				[numero_pagine requires 4.4 bits]

No literals

Recover to class_jmlr(A) :- pagina_1(A,B), frame(B,C), to_right(C,D), tipo_testo(D), to_right(C,E), tipo_testo(C).



State (861/23099 [2/225], 7.0 bits available)

				[= tried 3/3] 3.8 secs
				[tipo_testo tried 1/3] 3.8 secs
				[tipo_linea_orizzontale tried 3/3] 3.8 secs
				[tipo_misto tried 3/3] 3.8 secs
				[tipo_linea_obbliqua tried 3/3] 3.8 secs
				[tipo_immagine tried 3/3] 3.8 secs
				[tipo_vuoto tried 3/3] 3.8 secs
				[ultima_pagina tried 1/1] 3.8 secs
				[frame tried 6/7] 3.8 secs
				[pagina_1 tried 2/3] 3.8 secs
				[on_top tried 12/12] 3.8 secs
				[to_right tried 9/12] 3.8 secs
				[allineato_al_centro_verticale tried 12/12] 3.9 secs
				[allineato_al_centro_orizzontale tried 6/12] 3.9 secs
				[altezza_pagina tried 1/1] 3.9 secs
				[larghezza_pagina tried 1/1] 3.9 secs
				[altezza_rettangolo tried 3/3] 3.9 secs
				[ascissa_rettangolo tried 3/3] 3.9 secs
				[ordinata_rettangolo tried 3/3] 3.9 secs
				[larghezza_rettangolo tried 3/3] 3.9 secs
				[numero_pagine tried 1/1] 3.9 secs

	Save allineato_al_centro_verticale(F,E) (2,165 value 0.9)

Best literal allineato_al_centro_verticale(F,D) (8.0 bits)


State (1393/15807 [2/153], 1.6 bits available)

				[= requires 8.0 bits]
				[tipo_testo requires 6.4 bits]
				[tipo_linea_orizzontale requires 6.4 bits]
				[tipo_misto requires 6.4 bits]
				[tipo_linea_obbliqua requires 6.4 bits]
				[tipo_immagine requires 6.4 bits]
				[tipo_vuoto requires 6.4 bits]
				[ultima_pagina requires 4.4 bits]
				[frame requires 7.4 bits]
				[pagina_1 requires 6.0 bits]
				[on_top requires 8.6 bits]
				[to_right requires 8.6 bits]
				[allineato_al_centro_verticale requires 8.6 bits]
				[allineato_al_centro_orizzontale requires 8.6 bits]
				[altezza_pagina requires 4.4 bits]
				[larghezza_pagina requires 4.4 bits]
				[altezza_rettangolo requires 6.0 bits]
				[ascissa_rettangolo requires 6.0 bits]
				[ordinata_rettangolo requires 6.0 bits]
				[larghezza_rettangolo requires 6.0 bits]
				[numero_pagine requires 4.4 bits]

No literals

Recover to class_jmlr(A) :- pagina_1(A,B), frame(B,C), to_right(C,D), tipo_testo(D), to_right(C,E), tipo_testo(C), allineato_al_centro_verticale(F,E).



State (1322/17508 [2/165], 1.6 bits available)

				[= requires 8.0 bits]
				[tipo_testo requires 6.4 bits]
				[tipo_linea_orizzontale requires 6.4 bits]
				[tipo_misto requires 6.4 bits]
				[tipo_linea_obbliqua requires 6.4 bits]
				[tipo_immagine requires 6.4 bits]
				[tipo_vuoto requires 6.4 bits]
				[ultima_pagina requires 4.4 bits]
				[frame requires 7.4 bits]
				[pagina_1 requires 6.0 bits]
				[on_top requires 8.6 bits]
				[to_right requires 8.6 bits]
				[allineato_al_centro_verticale requires 8.6 bits]
				[allineato_al_centro_orizzontale requires 8.6 bits]
				[altezza_pagina requires 4.4 bits]
				[larghezza_pagina requires 4.4 bits]
				[altezza_rettangolo requires 6.0 bits]
				[ascissa_rettangolo requires 6.0 bits]
				[ordinata_rettangolo requires 6.0 bits]
				[larghezza_rettangolo requires 6.0 bits]
				[numero_pagine requires 4.4 bits]

No literals

Initial clause (163 errs): class_jmlr(A) :- pagina_1(A,B), frame(B,C), to_right(C,D), tipo_testo(D), to_right(C,E), tipo_testo(C), allineato_al_centro_verticale(F,E).
		to_right(C,E) needed for binding allineato_al_centro_verticale(F,E)
		to_right(C,D) needed for binding tipo_testo(D)
		frame(B,C) needed for binding to_right(C,D)
		pagina_1(A,B) needed for binding frame(B,C)

Clause too inaccurate (2/165)

***  Warning: the following definition
***  does not cover 2 tuples in the relation

class_jmlr(A) :- pagina_1(A,B), frame(B,C), to_right(C,D), to_right(D,E), allineato_al_centro_verticale(F,D), on_top(C,D), on_top(G,C), tipo_testo(G), allineato_al_centro_orizzontale(G,H).

Time 3.9 secs

Test relation class_jmlr
Summary: 0 errors in 36 trials
