FOIL 6.4   [January 1996]
--------

    Options:
	no negated literals
	verbosity level 2

Types Documento and Pagina are not compatible
Types Documento and Frame are not compatible
Types Documento and NumeroPagine are not compatible
Types Documento and LarghezzaPagina are not compatible
Types Documento and AltezzaPagina are not compatible
Types Documento and AscissaRettangolo are not compatible
Types Documento and OrdinataRettangolo are not compatible
Types Documento and LarghezzaRettangolo are not compatible
Types Documento and AltezzaRettangolo are not compatible
Types Pagina and Frame are not compatible
Types Pagina and NumeroPagine are not compatible
Types Pagina and LarghezzaPagina are not compatible
Types Pagina and AltezzaPagina are not compatible
Types Pagina and AscissaRettangolo are not compatible
Types Pagina and OrdinataRettangolo are not compatible
Types Pagina and LarghezzaRettangolo are not compatible
Types Pagina and AltezzaRettangolo are not compatible
Types Frame and NumeroPagine are not compatible
Types Frame and LarghezzaPagina are not compatible
Types Frame and AltezzaPagina are not compatible
Types Frame and AscissaRettangolo are not compatible
Types Frame and OrdinataRettangolo are not compatible
Types Frame and LarghezzaRettangolo are not compatible
Types Frame and AltezzaRettangolo are not compatible
Types NumeroPagine and LarghezzaPagina are not compatible
Types NumeroPagine and AltezzaPagina are not compatible
Types NumeroPagine and AscissaRettangolo are not compatible
Types NumeroPagine and OrdinataRettangolo are not compatible
Types NumeroPagine and LarghezzaRettangolo are not compatible
Types NumeroPagine and AltezzaRettangolo are not compatible
Types LarghezzaPagina and AltezzaPagina are not compatible
Types LarghezzaPagina and AscissaRettangolo are not compatible
Types LarghezzaPagina and OrdinataRettangolo are not compatible
Types LarghezzaPagina and LarghezzaRettangolo are not compatible
Types LarghezzaPagina and AltezzaRettangolo are not compatible
Types AltezzaPagina and AscissaRettangolo are not compatible
Types AltezzaPagina and OrdinataRettangolo are not compatible
Types AltezzaPagina and LarghezzaRettangolo are not compatible
Types AltezzaPagina and AltezzaRettangolo are not compatible
Types AscissaRettangolo and OrdinataRettangolo are not compatible
Types AscissaRettangolo and LarghezzaRettangolo are not compatible
Types AscissaRettangolo and AltezzaRettangolo are not compatible
Types OrdinataRettangolo and LarghezzaRettangolo are not compatible
Types OrdinataRettangolo and AltezzaRettangolo are not compatible
Types LarghezzaRettangolo and AltezzaRettangolo are not compatible

Relation class_jmlr

Relation *allineato_al_centro_orizzontale

Relation *allineato_al_centro_verticale

Relation *altezza_pagina

Relation *larghezza_pagina

Relation *altezza_rettangolo

Relation *ascissa_rettangolo

Relation *ordinata_rettangolo

Relation *larghezza_rettangolo

Relation *frame

Relation *numero_pagine

Relation *on_top

Relation *to_right

Relation *pagina_1

Relation *ultima_pagina

Relation *tipo_immagine

Relation *tipo_linea_obbliqua

Relation *tipo_linea_orizzontale

Relation *tipo_misto

Relation *tipo_testo

Relation *tipo_vuoto

----------
class_jmlr:

State (90/318, 305.0 bits available)

				[pagina_1 tried 1/1] 0.1 secs
				[numero_pagine tried 1/1] 0.1 secs

Determinate literals
	pagina_1(A,B)


State (90/318, 305.0 bits available, 1 weak literal)

				[ultima_pagina tried 1/1] 0.1 secs
				[frame tried 1/1] 0.1 secs
				[pagina_1 tried 1/3] 0.1 secs
				[altezza_pagina tried 1/1] 0.1 secs
				[larghezza_pagina tried 1/1] 0.1 secs
				[numero_pagine tried 1/1] 0.1 secs

Best literal frame(B,C) (2.6 bits)


State (1230/3517 [90/318], 302.5 bits available, 2 weak literals)

				[tipo_testo tried 1/1] 0.1 secs
				[tipo_linea_orizzontale tried 1/1] 0.1 secs
				[tipo_misto tried 1/1] 0.1 secs
				[tipo_linea_obbliqua tried 1/1] 0.1 secs
				[tipo_immagine tried 1/1] 0.1 secs
				[tipo_vuoto tried 1/1] 0.1 secs
				[ultima_pagina tried 1/1] 0.1 secs
				[frame tried 1/3] 0.1 secs
				[pagina_1 tried 2/3] 0.1 secs
				[on_top tried 2/2] 0.1 secs
				[to_right tried 2/2] 0.1 secs
				[allineato_al_centro_verticale tried 2/2] 0.1 secs
				[allineato_al_centro_orizzontale tried 2/2] 0.1 secs
				[altezza_pagina tried 1/1] 0.1 secs
				[larghezza_pagina tried 1/1] 0.1 secs
				[altezza_rettangolo tried 1/1] 0.1 secs
				[ascissa_rettangolo tried 1/1] 0.1 secs
				[ordinata_rettangolo tried 1/1] 0.1 secs
				[larghezza_rettangolo tried 1/1] 0.1 secs
				[numero_pagine tried 1/1] 0.1 secs

	Save clause ending with tipo_vuoto(C) (cover 1, accuracy 100%)

Best literal to_right(C,D) (5.3 bits)


State (6986/15040 [90/317], 298.1 bits available)

				[= tried 1/1] 0.1 secs
				[tipo_testo tried 2/2] 0.1 secs
				[tipo_linea_orizzontale tried 2/2] 0.1 secs
				[tipo_misto tried 2/2] 0.1 secs
				[tipo_linea_obbliqua tried 2/2] 0.1 secs
				[tipo_immagine tried 2/2] 0.1 secs
				[tipo_vuoto tried 2/2] 0.1 secs
				[ultima_pagina tried 1/1] 0.1 secs
				[frame tried 4/5] 0.1 secs
				[pagina_1 tried 2/3] 0.1 secs
				[on_top tried 6/6] 0.1 secs
				[to_right tried 4/6] 0.1 secs
				[allineato_al_centro_verticale tried 6/6] 0.1 secs
				[allineato_al_centro_orizzontale tried 6/6] 0.1 secs
				[altezza_pagina tried 1/1] 0.1 secs
				[larghezza_pagina tried 1/1] 0.1 secs
				[altezza_rettangolo tried 2/2] 0.1 secs
				[ascissa_rettangolo tried 2/2] 0.1 secs
				[ordinata_rettangolo tried 2/2] 0.1 secs
				[larghezza_rettangolo tried 2/2] 0.1 secs
				[numero_pagine tried 1/1] 0.1 secs

	Save tipo_testo(D) (90,314 value 1.6)

Best literal to_right(D,E) (7.0 bits)


State (22214/38390 [90/315], 292.7 bits available)

				[= tried 3/3] 0.1 secs
				[tipo_testo tried 3/3] 0.1 secs
				[tipo_linea_orizzontale tried 3/3] 0.1 secs
				[tipo_misto tried 3/3] 0.1 secs
				[tipo_linea_obbliqua tried 3/3] 0.1 secs
				[tipo_immagine tried 3/3] 0.1 secs
				[tipo_vuoto tried 3/3] 0.2 secs
				[ultima_pagina tried 1/1] 0.2 secs
				[frame tried 5/6] 0.2 secs
				[pagina_1 tried 2/3] 0.2 secs
				[on_top tried 10/10] 0.2 secs
				[to_right tried 7/10] 0.2 secs
				[allineato_al_centro_verticale tried 10/10] 0.2 secs
				[allineato_al_centro_orizzontale tried 10/10] 0.2 secs
				[altezza_pagina tried 1/1] 0.2 secs
				[larghezza_pagina tried 1/1] 0.2 secs
				[altezza_rettangolo tried 2/2] 0.2 secs
				[ascissa_rettangolo tried 2/2] 0.2 secs
				[ordinata_rettangolo tried 2/2] 0.2 secs
				[larghezza_rettangolo tried 2/2] 0.2 secs
				[numero_pagine tried 1/1] 0.2 secs

Best literal tipo_testo(E) (6.0 bits)


State (22014/32081 [90/311], 288.8 bits available)

				[= tried 3/3] 0.2 secs
				[tipo_testo tried 2/3] 0.3 secs
				[tipo_linea_orizzontale tried 3/3] 0.3 secs
				[tipo_misto tried 3/3] 0.3 secs
				[tipo_linea_obbliqua tried 3/3] 0.3 secs
				[tipo_immagine tried 3/3] 0.3 secs
				[tipo_vuoto tried 3/3] 0.3 secs
				[ultima_pagina tried 1/1] 0.3 secs
				[frame tried 5/6] 0.3 secs
				[pagina_1 tried 2/3] 0.3 secs
				[on_top tried 10/10] 0.3 secs
				[to_right tried 8/10] 0.3 secs
				[allineato_al_centro_verticale tried 10/10] 0.3 secs
				[allineato_al_centro_orizzontale tried 6/10] 0.3 secs
				[altezza_pagina tried 1/1] 0.3 secs
				[larghezza_pagina tried 1/1] 0.3 secs
				[altezza_rettangolo tried 2/2] 0.3 secs
				[ascissa_rettangolo tried 2/2] 0.3 secs
				[ordinata_rettangolo tried 2/2] 0.3 secs
				[larghezza_rettangolo tried 2/2] 0.3 secs
				[numero_pagine tried 1/1] 0.3 secs

Best literal tipo_testo(D) (6.0 bits)


State (21654/29245 [90/303], 285.1 bits available)

				[= tried 3/3] 0.3 secs
				[tipo_testo tried 1/3] 0.3 secs
				[tipo_linea_orizzontale tried 3/3] 0.4 secs
				[tipo_misto tried 3/3] 0.4 secs
				[tipo_linea_obbliqua tried 3/3] 0.4 secs
				[tipo_immagine tried 3/3] 0.4 secs
				[tipo_vuoto tried 3/3] 0.4 secs
				[ultima_pagina tried 1/1] 0.4 secs
				[frame tried 5/6] 0.4 secs
				[pagina_1 tried 2/3] 0.4 secs
				[on_top tried 10/10] 0.4 secs
				[to_right tried 8/10] 0.4 secs
				[allineato_al_centro_verticale tried 10/10] 0.4 secs
				[allineato_al_centro_orizzontale tried 6/10] 0.4 secs
				[altezza_pagina tried 1/1] 0.4 secs
				[larghezza_pagina tried 1/1] 0.4 secs
				[altezza_rettangolo tried 2/2] 0.4 secs
				[ascissa_rettangolo tried 2/2] 0.4 secs
				[ordinata_rettangolo tried 2/2] 0.4 secs
				[larghezza_rettangolo tried 2/2] 0.4 secs
				[numero_pagine tried 1/1] 0.4 secs

Best literal on_top(E,D) (7.7 bits)


State (10088/12284 [90/212], 280.0 bits available)

				[= tried 3/3] 0.4 secs
				[tipo_testo tried 1/3] 0.4 secs
				[tipo_linea_orizzontale tried 3/3] 0.4 secs
				[tipo_misto tried 3/3] 0.4 secs
				[tipo_linea_obbliqua tried 3/3] 0.4 secs
				[tipo_immagine tried 3/3] 0.4 secs
				[tipo_vuoto tried 3/3] 0.4 secs
				[ultima_pagina tried 1/1] 0.4 secs
				[frame tried 5/6] 0.5 secs
				[pagina_1 tried 2/3] 0.5 secs
				[on_top tried 9/10] 0.5 secs
				[to_right tried 8/10] 0.5 secs
				[allineato_al_centro_verticale tried 10/10] 0.5 secs
				[allineato_al_centro_orizzontale tried 6/10] 0.5 secs
				[altezza_pagina tried 1/1] 0.5 secs
				[larghezza_pagina tried 1/1] 0.5 secs
				[altezza_rettangolo tried 2/2] 0.5 secs
				[ascissa_rettangolo tried 2/2] 0.5 secs
				[ordinata_rettangolo tried 2/2] 0.5 secs
				[larghezza_rettangolo tried 2/2] 0.5 secs
				[numero_pagine tried 1/1] 0.5 secs

Best literal tipo_testo(C) (6.0 bits)


State (9783/11424 [90/198], 276.8 bits available)

				[= tried 3/3] 0.5 secs
				[tipo_testo tried 0/3] 0.5 secs
				[tipo_linea_orizzontale tried 3/3] 0.5 secs
				[tipo_misto tried 3/3] 0.5 secs
				[tipo_linea_obbliqua tried 3/3] 0.5 secs
				[tipo_immagine tried 3/3] 0.5 secs
				[tipo_vuoto tried 3/3] 0.5 secs
				[ultima_pagina tried 1/1] 0.5 secs
				[frame tried 5/6] 0.5 secs
				[pagina_1 tried 2/3] 0.5 secs
				[on_top tried 9/10] 0.5 secs
				[to_right tried 8/10] 0.5 secs
				[allineato_al_centro_verticale tried 10/10] 0.5 secs
				[allineato_al_centro_orizzontale tried 6/10] 0.5 secs
				[altezza_pagina tried 1/1] 0.5 secs
				[larghezza_pagina tried 1/1] 0.5 secs
				[altezza_rettangolo tried 2/2] 0.5 secs
				[ascissa_rettangolo tried 2/2] 0.5 secs
				[ordinata_rettangolo tried 2/2] 0.5 secs
				[larghezza_rettangolo tried 2/2] 0.5 secs
				[numero_pagine tried 1/1] 0.5 secs

	Save allineato_al_centro_verticale(F,D) (87,144 value 94.8)

Best literal allineato_al_centro_verticale(D,F) (7.7 bits)


State (11056/11794 [88/142], 269.1 bits available)

				[= tried 6/6] 0.5 secs
				[tipo_testo tried 1/4] 0.5 secs
				[tipo_linea_orizzontale tried 4/4] 0.5 secs
				[tipo_misto tried 4/4] 0.5 secs
				[tipo_linea_obbliqua tried 4/4] 0.5 secs
				[tipo_immagine tried 4/4] 0.5 secs
				[tipo_vuoto tried 4/4] 0.5 secs
				[ultima_pagina tried 1/1] 0.5 secs
				[frame tried 6/7] 0.5 secs
				[pagina_1 tried 2/3] 0.5 secs
				[on_top tried 15/16] 0.6 secs
				[to_right tried 14/16] 0.6 secs
				[allineato_al_centro_verticale tried 14/16] 0.6 secs
				[allineato_al_centro_orizzontale tried 10/16] 0.6 secs
				[altezza_pagina tried 1/1] 0.6 secs
				[larghezza_pagina tried 1/1] 0.6 secs
				[altezza_rettangolo tried 2/2] 0.6 secs
				[ascissa_rettangolo tried 2/2] 0.6 secs
				[ordinata_rettangolo tried 2/2] 0.6 secs
				[larghezza_rettangolo tried 2/2] 0.6 secs
				[numero_pagine tried 1/1] 0.6 secs

Best literal on_top(C,G) (8.4 bits)


State (77535/81220 [88/142], 263.9 bits available)

				[= tried 10/10] 0.6 secs
				[tipo_testo tried 2/5] 0.6 secs
				[tipo_linea_orizzontale tried 5/5] 0.6 secs
				[tipo_misto tried 5/5] 0.6 secs
				[tipo_linea_obbliqua tried 5/5] 0.6 secs
				[tipo_immagine tried 5/5] 0.6 secs
				[tipo_vuoto tried 5/5] 0.6 secs
				[ultima_pagina tried 1/1] 0.7 secs
				[frame tried 8/9] 0.7 secs
				[pagina_1 tried 2/3] 0.7 secs
				[on_top tried 23/26] 0.8 secs
				[to_right tried 24/26] 0.9 secs
				[allineato_al_centro_verticale tried 24/26] 1.0 secs
				[allineato_al_centro_orizzontale tried 14/26] 1.0 secs
				[altezza_pagina tried 1/1] 1.0 secs
				[larghezza_pagina tried 1/1] 1.0 secs
				[altezza_rettangolo tried 3/3] 1.0 secs
				[ascissa_rettangolo tried 3/3] 1.1 secs
				[ordinata_rettangolo tried 3/3] 1.1 secs
				[larghezza_rettangolo tried 3/3] 1.1 secs
				[numero_pagine tried 1/1] 1.1 secs

	Save on_top(E,F) (86,129 value 105.8)
	Save on_top(G,F) (85,130 value 102.2)
	Save tipo_testo(G) (88,140 value 100.8)
	Save on_top(C,F) (87,134 value 103.7)

Best literal allineato_al_centro_orizzontale(H,C) (9.1 bits)


State (15034/15037 [61/63], 207.4 bits available)

				[= tried 15/15] 1.1 secs
				[tipo_testo tried 3/6] 1.1 secs
				[tipo_linea_orizzontale tried 6/6] 1.1 secs
				[tipo_misto tried 6/6] 1.1 secs
				[tipo_linea_obbliqua tried 6/6] 1.1 secs
				[tipo_immagine tried 6/6] 1.1 secs
				[tipo_vuoto tried 6/6] 1.1 secs
				[ultima_pagina tried 1/1] 1.1 secs
				[frame tried 10/11] 1.1 secs
				[pagina_1 tried 2/3] 1.1 secs
				[on_top tried 35/38] 1.1 secs
				[to_right tried 31/38] 1.2 secs
				[allineato_al_centro_verticale tried 21/38] 1.2 secs
				[allineato_al_centro_orizzontale tried 21/38] 1.2 secs
				[altezza_pagina tried 1/1] 1.2 secs
				[larghezza_pagina tried 1/1] 1.2 secs
				[altezza_rettangolo tried 4/4] 1.2 secs
				[ascissa_rettangolo tried 4/4] 1.2 secs
				[ordinata_rettangolo tried 4/4] 1.2 secs
				[larghezza_rettangolo tried 4/4] 1.2 secs
				[numero_pagine tried 1/1] 1.2 secs

	Save clause ending with on_top(C,F) (cover 60, accuracy 100%)

	Save on_top(H,D) (59,59 value 106.8)
	Save on_top(C,F) (60,60 value 108.6)
	Save on_top(H,F) (60,60 value 108.6)
	Save to_right(D,H) (56,56 value 101.3)

Best literal on_top(C,D) (9.6 bits)

[Replace by saved clause]

Initial clause (0 errs): class_jmlr(A) :- pagina_1(A,B), frame(B,C), to_right(C,D), to_right(D,E), tipo_testo(E), tipo_testo(D), on_top(E,D), tipo_testo(C), allineato_al_centro_verticale(D,F), on_top(C,G), allineato_al_centro_orizzontale(H,C), on_top(C,F).
		to_right(C,D) needed for binding to_right(D,E)
		frame(B,C) needed for binding to_right(C,D)
		pagina_1(A,B) needed for binding frame(B,C)

Clause 0: class_jmlr(A) :- pagina_1(A,B), frame(B,C), to_right(C,D), to_right(D,E), on_top(E,D), tipo_testo(C), allineato_al_centro_verticale(D,F), allineato_al_centro_orizzontale(G,C), on_top(C,F).

State (29/257, 159.2 bits available)

				[pagina_1 tried 1/1] 1.2 secs
				[numero_pagine tried 1/1] 1.2 secs

Determinate literals
	pagina_1(A,B)


State (29/257, 159.2 bits available, 1 weak literal)

				[ultima_pagina tried 1/1] 1.2 secs
				[frame tried 1/1] 1.2 secs
				[pagina_1 tried 1/3] 1.2 secs
				[altezza_pagina tried 1/1] 1.2 secs
				[larghezza_pagina tried 1/1] 1.2 secs
				[numero_pagine tried 1/1] 1.2 secs

Best literal frame(B,C) (2.6 bits)


State (391/2678 [29/257], 156.6 bits available, 2 weak literals)

				[tipo_testo tried 1/1] 1.2 secs
				[tipo_linea_orizzontale tried 1/1] 1.2 secs
				[tipo_misto tried 1/1] 1.2 secs
				[tipo_linea_obbliqua tried 1/1] 1.2 secs
				[tipo_immagine tried 1/1] 1.2 secs
				[tipo_vuoto tried 1/1] 1.2 secs
				[ultima_pagina tried 1/1] 1.2 secs
				[frame tried 1/3] 1.2 secs
				[pagina_1 tried 2/3] 1.2 secs
				[on_top tried 2/2] 1.2 secs
				[to_right tried 2/2] 1.2 secs
				[allineato_al_centro_verticale tried 2/2] 1.2 secs
				[allineato_al_centro_orizzontale tried 2/2] 1.2 secs
				[altezza_pagina tried 1/1] 1.3 secs
				[larghezza_pagina tried 1/1] 1.3 secs
				[altezza_rettangolo tried 1/1] 1.3 secs
				[ascissa_rettangolo tried 1/1] 1.3 secs
				[ordinata_rettangolo tried 1/1] 1.3 secs
				[larghezza_rettangolo tried 1/1] 1.3 secs
				[numero_pagine tried 1/1] 1.3 secs

Best literal to_right(C,D) (5.3 bits)


State (2189/10243 [29/256], 152.2 bits available)

				[= tried 1/1] 1.3 secs
				[tipo_testo tried 2/2] 1.3 secs
				[tipo_linea_orizzontale tried 2/2] 1.3 secs
				[tipo_misto tried 2/2] 1.3 secs
				[tipo_linea_obbliqua tried 2/2] 1.3 secs
				[tipo_immagine tried 2/2] 1.3 secs
				[tipo_vuoto tried 2/2] 1.3 secs
				[ultima_pagina tried 1/1] 1.3 secs
				[frame tried 4/5] 1.3 secs
				[pagina_1 tried 2/3] 1.3 secs
				[on_top tried 6/6] 1.3 secs
				[to_right tried 4/6] 1.3 secs
				[allineato_al_centro_verticale tried 6/6] 1.3 secs
				[allineato_al_centro_orizzontale tried 6/6] 1.3 secs
				[altezza_pagina tried 1/1] 1.3 secs
				[larghezza_pagina tried 1/1] 1.3 secs
				[altezza_rettangolo tried 2/2] 1.3 secs
				[ascissa_rettangolo tried 2/2] 1.3 secs
				[ordinata_rettangolo tried 2/2] 1.3 secs
				[larghezza_rettangolo tried 2/2] 1.3 secs
				[numero_pagine tried 1/1] 1.3 secs

	Save tipo_testo(D) (29,253 value 0.7)

Best literal to_right(D,E) (7.0 bits)


State (6902/23078 [29/254], 146.9 bits available)

				[= tried 3/3] 1.3 secs
				[tipo_testo tried 3/3] 1.3 secs
				[tipo_linea_orizzontale tried 3/3] 1.3 secs
				[tipo_misto tried 3/3] 1.3 secs
				[tipo_linea_obbliqua tried 3/3] 1.3 secs
				[tipo_immagine tried 3/3] 1.3 secs
				[tipo_vuoto tried 3/3] 1.3 secs
				[ultima_pagina tried 1/1] 1.3 secs
				[frame tried 5/6] 1.3 secs
				[pagina_1 tried 2/3] 1.3 secs
				[on_top tried 10/10] 1.3 secs
				[to_right tried 7/10] 1.3 secs
				[allineato_al_centro_verticale tried 10/10] 1.3 secs
				[allineato_al_centro_orizzontale tried 10/10] 1.3 secs
				[altezza_pagina tried 1/1] 1.3 secs
				[larghezza_pagina tried 1/1] 1.3 secs
				[altezza_rettangolo tried 2/2] 1.3 secs
				[ascissa_rettangolo tried 2/2] 1.3 secs
				[ordinata_rettangolo tried 2/2] 1.3 secs
				[larghezza_rettangolo tried 2/2] 1.3 secs
				[numero_pagine tried 1/1] 1.3 secs

Best literal tipo_testo(E) (6.0 bits)


State (6777/16844 [29/250], 142.9 bits available)

				[= tried 3/3] 1.3 secs
				[tipo_testo tried 2/3] 1.3 secs
				[tipo_linea_orizzontale tried 3/3] 1.3 secs
				[tipo_misto tried 3/3] 1.3 secs
				[tipo_linea_obbliqua tried 3/3] 1.3 secs
				[tipo_immagine tried 3/3] 1.3 secs
				[tipo_vuoto tried 3/3] 1.3 secs
				[ultima_pagina tried 1/1] 1.3 secs
				[frame tried 5/6] 1.4 secs
				[pagina_1 tried 2/3] 1.4 secs
				[on_top tried 10/10] 1.4 secs
				[to_right tried 8/10] 1.4 secs
				[allineato_al_centro_verticale tried 10/10] 1.4 secs
				[allineato_al_centro_orizzontale tried 8/10] 1.4 secs
				[altezza_pagina tried 1/1] 1.4 secs
				[larghezza_pagina tried 1/1] 1.4 secs
				[altezza_rettangolo tried 2/2] 1.4 secs
				[ascissa_rettangolo tried 2/2] 1.4 secs
				[ordinata_rettangolo tried 2/2] 1.4 secs
				[larghezza_rettangolo tried 2/2] 1.4 secs
				[numero_pagine tried 1/1] 1.4 secs

	Save on_top(F,D) (29,249 value 1.3)
	Save to_right(D,F) (29,250 value 1.2)

Best literal tipo_testo(D) (6.0 bits)


State (6613/14204 [29/242], 139.2 bits available)

				[= tried 3/3] 1.4 secs
				[tipo_testo tried 1/3] 1.4 secs
				[tipo_linea_orizzontale tried 3/3] 1.4 secs
				[tipo_misto tried 3/3] 1.4 secs
				[tipo_linea_obbliqua tried 3/3] 1.4 secs
				[tipo_immagine tried 3/3] 1.4 secs
				[tipo_vuoto tried 3/3] 1.4 secs
				[ultima_pagina tried 1/1] 1.4 secs
				[frame tried 5/6] 1.4 secs
				[pagina_1 tried 2/3] 1.4 secs
				[on_top tried 10/10] 1.4 secs
				[to_right tried 8/10] 1.4 secs
				[allineato_al_centro_verticale tried 10/10] 1.4 secs
				[allineato_al_centro_orizzontale tried 6/10] 1.4 secs
				[altezza_pagina tried 1/1] 1.4 secs
				[larghezza_pagina tried 1/1] 1.4 secs
				[altezza_rettangolo tried 2/2] 1.4 secs
				[ascissa_rettangolo tried 2/2] 1.4 secs
				[ordinata_rettangolo tried 2/2] 1.4 secs
				[larghezza_rettangolo tried 2/2] 1.4 secs
				[numero_pagine tried 1/1] 1.4 secs

	Save to_right(D,F) (29,242 value 2.5)

Best literal on_top(F,D) (7.7 bits)


State (42184/75411 [29/241], 134.1 bits available)

				[= tried 6/6] 1.5 secs
				[tipo_testo tried 2/4] 1.5 secs
				[tipo_linea_orizzontale tried 4/4] 1.5 secs
				[tipo_misto tried 4/4] 1.5 secs
				[tipo_linea_obbliqua tried 4/4] 1.5 secs
				[tipo_immagine tried 4/4] 1.5 secs
				[tipo_vuoto tried 4/4] 1.5 secs
				[ultima_pagina tried 1/1] 1.5 secs
				[frame tried 6/7] 1.5 secs
				[pagina_1 tried 2/3] 1.5 secs
				[on_top tried 14/16] 1.6 secs
				[to_right tried 14/16] 1.6 secs
				[allineato_al_centro_verticale tried 16/16] 1.6 secs
				[allineato_al_centro_orizzontale tried 13/16] 1.7 secs
				[altezza_pagina tried 1/1] 1.7 secs
				[larghezza_pagina tried 1/1] 1.7 secs
				[altezza_rettangolo tried 2/2] 1.7 secs
				[ascissa_rettangolo tried 2/2] 1.7 secs
				[ordinata_rettangolo tried 2/2] 1.7 secs
				[larghezza_rettangolo tried 2/2] 1.7 secs
				[numero_pagine tried 1/1] 1.7 secs

	Save tipo_testo(F) (29,239 value 3.0)

Best literal tipo_testo(C) (6.4 bits)


State (41129/66844 [29/237], 130.5 bits available)

				[= tried 6/6] 1.7 secs
				[tipo_testo tried 1/4] 1.7 secs
				[tipo_linea_orizzontale tried 4/4] 1.7 secs
				[tipo_misto tried 4/4] 1.7 secs
				[tipo_linea_obbliqua tried 4/4] 1.7 secs
				[tipo_immagine tried 4/4] 1.7 secs
				[tipo_vuoto tried 4/4] 1.7 secs
				[ultima_pagina tried 1/1] 1.7 secs
				[frame tried 6/7] 1.8 secs
				[pagina_1 tried 2/3] 1.8 secs
				[on_top tried 14/16] 1.8 secs
				[to_right tried 14/16] 1.9 secs
				[allineato_al_centro_verticale tried 16/16] 1.9 secs
				[allineato_al_centro_orizzontale tried 10/16] 1.9 secs
				[altezza_pagina tried 1/1] 1.9 secs
				[larghezza_pagina tried 1/1] 1.9 secs
				[altezza_rettangolo tried 2/2] 1.9 secs
				[ascissa_rettangolo tried 2/2] 1.9 secs
				[ordinata_rettangolo tried 2/2] 1.9 secs
				[larghezza_rettangolo tried 2/2] 1.9 secs
				[numero_pagine tried 1/1] 1.9 secs

Best literal allineato_al_centro_verticale(G,D) (8.4 bits)


State (46860/58698 [28/151], 121.5 bits available)

				[= tried 10/10] 2.0 secs
				[tipo_testo tried 2/5] 2.0 secs
				[tipo_linea_orizzontale tried 5/5] 2.0 secs
				[tipo_misto tried 5/5] 2.0 secs
				[tipo_linea_obbliqua tried 5/5] 2.0 secs
				[tipo_immagine tried 5/5] 2.0 secs
				[tipo_vuoto tried 5/5] 2.0 secs
				[ultima_pagina tried 1/1] 2.0 secs
				[frame tried 7/8] 2.0 secs
				[pagina_1 tried 2/3] 2.0 secs
				[on_top tried 22/24] 2.1 secs
				[to_right tried 22/24] 2.2 secs
				[allineato_al_centro_verticale tried 22/24] 2.2 secs
				[allineato_al_centro_orizzontale tried 16/24] 2.2 secs
				[altezza_pagina tried 1/1] 2.2 secs
				[larghezza_pagina tried 1/1] 2.2 secs
				[altezza_rettangolo tried 2/2] 2.2 secs
				[ascissa_rettangolo tried 2/2] 2.2 secs
				[ordinata_rettangolo tried 2/2] 2.2 secs
				[larghezza_rettangolo tried 2/2] 2.3 secs
				[numero_pagine tried 1/1] 2.3 secs

	Save to_right(G,F) (27,101 value 33.5)
	Save to_right(D,F) (27,92 value 37.1)
	Save on_top(E,G) (27,109 value 30.5)

Best literal on_top(E,D) (9.0 bits)


State (32467/37279 [27/84], 111.9 bits available)

				[= tried 10/10] 2.3 secs
				[tipo_testo tried 2/5] 2.3 secs
				[tipo_linea_orizzontale tried 5/5] 2.3 secs
				[tipo_misto tried 5/5] 2.3 secs
				[tipo_linea_obbliqua tried 5/5] 2.3 secs
				[tipo_immagine tried 5/5] 2.3 secs
				[tipo_vuoto tried 5/5] 2.3 secs
				[ultima_pagina tried 1/1] 2.3 secs
				[frame tried 7/8] 2.3 secs
				[pagina_1 tried 2/3] 2.3 secs
				[on_top tried 21/24] 2.4 secs
				[to_right tried 22/24] 2.4 secs
				[allineato_al_centro_verticale tried 22/24] 2.4 secs
				[allineato_al_centro_orizzontale tried 20/24] 2.4 secs
				[altezza_pagina tried 1/1] 2.4 secs
				[larghezza_pagina tried 1/1] 2.5 secs
				[altezza_rettangolo tried 2/2] 2.5 secs
				[ascissa_rettangolo tried 2/2] 2.5 secs
				[ordinata_rettangolo tried 2/2] 2.5 secs
				[larghezza_rettangolo tried 2/2] 2.5 secs
				[numero_pagine tried 1/1] 2.5 secs

	Save clause ending with allineato_al_centro_orizzontale(C,H) (cover 25, accuracy 96%)

	Save on_top(E,G) (27,72 value 46.5)
	Save allineato_al_centro_orizzontale(C,H) (25,26 value 76.2)

Best literal on_top(D,G) (9.0 bits)


State (14536/15613 [25/59], 98.7 bits available)

				[= tried 10/10] 2.5 secs
				[tipo_testo tried 2/5] 2.5 secs
				[tipo_linea_orizzontale tried 5/5] 2.5 secs
				[tipo_misto tried 5/5] 2.5 secs
				[tipo_linea_obbliqua tried 5/5] 2.5 secs
				[tipo_immagine tried 5/5] 2.5 secs
				[tipo_vuoto tried 5/5] 2.5 secs
				[ultima_pagina tried 1/1] 2.5 secs
				[frame tried 7/8] 2.5 secs
				[pagina_1 tried 2/3] 2.5 secs
				[on_top tried 20/24] 2.5 secs
				[to_right tried 22/24] 2.5 secs
				[allineato_al_centro_verticale tried 23/24] 2.6 secs
				[allineato_al_centro_orizzontale tried 16/24] 2.6 secs
				[altezza_pagina tried 1/1] 2.6 secs
				[larghezza_pagina tried 1/1] 2.6 secs
				[altezza_rettangolo tried 2/2] 2.6 secs
				[ascissa_rettangolo tried 2/2] 2.6 secs
				[ordinata_rettangolo tried 2/2] 2.6 secs
				[larghezza_rettangolo tried 2/2] 2.6 secs
				[numero_pagine tried 1/1] 2.6 secs

	Save to_right(G,F) (25,59 value 47.4)

Best literal to_right(G,D) (9.0 bits)


State (12239/12876 [25/56], 93.1 bits available)

				[= tried 10/10] 2.6 secs
				[tipo_testo tried 2/5] 2.6 secs
				[tipo_linea_orizzontale tried 5/5] 2.6 secs
				[tipo_misto tried 5/5] 2.6 secs
				[tipo_linea_obbliqua tried 5/5] 2.6 secs
				[tipo_immagine tried 5/5] 2.6 secs
				[tipo_vuoto tried 5/5] 2.6 secs
				[ultima_pagina tried 1/1] 2.6 secs
				[frame tried 7/8] 2.6 secs
				[pagina_1 tried 2/3] 2.6 secs
				[on_top tried 20/24] 2.6 secs
				[to_right tried 21/24] 2.6 secs
				[allineato_al_centro_verticale tried 23/24] 2.6 secs
				[allineato_al_centro_orizzontale tried 16/24] 2.6 secs
				[altezza_pagina tried 1/1] 2.6 secs
				[larghezza_pagina tried 1/1] 2.6 secs
				[altezza_rettangolo tried 2/2] 2.6 secs
				[ascissa_rettangolo tried 2/2] 2.6 secs
				[ordinata_rettangolo tried 2/2] 2.6 secs
				[larghezza_rettangolo tried 2/2] 2.6 secs
				[numero_pagine tried 1/1] 2.6 secs

Best literal to_right(D,H) (9.0 bits)


State (83101/85613 [25/56], 87.8 bits available, 1 weak literal)

				[= tried 15/15] 2.7 secs
				[tipo_testo tried 3/6] 2.7 secs
				[tipo_linea_orizzontale tried 6/6] 2.7 secs
				[tipo_misto tried 6/6] 2.7 secs
				[tipo_linea_obbliqua tried 6/6] 2.7 secs
				[tipo_immagine tried 6/6] 2.7 secs
				[tipo_vuoto tried 6/6] 2.7 secs
				[ultima_pagina tried 1/1] 2.7 secs
				[frame tried 8/9] 2.8 secs
				[pagina_1 tried 2/3] 2.8 secs
				[on_top tried 30/34] 2.9 secs
				[to_right tried 29/34] 3.1 secs
				[allineato_al_centro_verticale tried 33/34] 3.1 secs
				[allineato_al_centro_orizzontale tried 24/34] 3.2 secs
				[altezza_pagina tried 1/1] 3.2 secs
				[larghezza_pagina tried 1/1] 3.2 secs
				[altezza_rettangolo tried 2/2] 3.2 secs
				[ascissa_rettangolo tried 2/2] 3.2 secs
				[ordinata_rettangolo tried 2/2] 3.2 secs
				[larghezza_rettangolo tried 2/2] 3.2 secs
				[numero_pagine tried 1/1] 3.2 secs

	Save on_top(H,D) (25,56 value 49.3)

Best literal tipo_testo(H) (7.0 bits)


State (81775/83315 [25/56], 84.5 bits available)

				[= tried 15/15] 3.2 secs
				[tipo_testo tried 2/6] 3.2 secs
				[tipo_linea_orizzontale tried 6/6] 3.2 secs
				[tipo_misto tried 6/6] 3.3 secs
				[tipo_linea_obbliqua tried 6/6] 3.3 secs
				[tipo_immagine tried 6/6] 3.3 secs
				[tipo_vuoto tried 6/6] 3.3 secs
				[ultima_pagina tried 1/1] 3.3 secs
				[frame tried 8/9] 3.3 secs
				[pagina_1 tried 2/3] 3.3 secs
				[on_top tried 30/34] 3.5 secs
				[to_right tried 30/34] 3.6 secs
				[allineato_al_centro_verticale tried 33/34] 3.7 secs
				[allineato_al_centro_orizzontale tried 24/34] 3.7 secs
				[altezza_pagina tried 1/1] 3.7 secs
				[larghezza_pagina tried 1/1] 3.7 secs
				[altezza_rettangolo tried 2/2] 3.8 secs
				[ascissa_rettangolo tried 2/2] 3.8 secs
				[ordinata_rettangolo tried 2/2] 3.8 secs
				[larghezza_rettangolo tried 2/2] 3.8 secs
				[numero_pagine tried 1/1] 3.8 secs

	Save to_right(H,E) (24,29 value 68.2)
	Save on_top(H,E) (24,30 value 67.1)
	Save on_top(E,F) (24,36 value 60.9)
	Save on_top(H,D) (25,56 value 49.3)

Best literal on_top(C,D) (9.5 bits)


State (48630/49142 [25/52], 78.8 bits available)

				[= tried 15/15] 3.8 secs
				[tipo_testo tried 2/6] 3.8 secs
				[tipo_linea_orizzontale tried 6/6] 3.8 secs
				[tipo_misto tried 6/6] 3.8 secs
				[tipo_linea_obbliqua tried 6/6] 3.8 secs
				[tipo_immagine tried 6/6] 3.8 secs
				[tipo_vuoto tried 6/6] 3.8 secs
				[ultima_pagina tried 1/1] 3.8 secs
				[frame tried 8/9] 3.9 secs
				[pagina_1 tried 2/3] 3.9 secs
				[on_top tried 29/34] 4.0 secs
				[to_right tried 30/34] 4.0 secs
				[allineato_al_centro_verticale tried 33/34] 4.1 secs
				[allineato_al_centro_orizzontale tried 29/34] 4.1 secs
				[altezza_pagina tried 1/1] 4.1 secs
				[larghezza_pagina tried 1/1] 4.1 secs
				[altezza_rettangolo tried 2/2] 4.1 secs
				[ascissa_rettangolo tried 2/2] 4.1 secs
				[ordinata_rettangolo tried 2/2] 4.1 secs
				[larghezza_rettangolo tried 2/2] 4.1 secs
				[numero_pagine tried 1/1] 4.1 secs

	Save clause ending with allineato_al_centro_orizzontale(C,I) (cover 23, accuracy 100%)

	Save to_right(H,E) (24,27 value 70.6)
	Save on_top(H,E) (24,29 value 68.2)
	Save tipo_testo(G) (25,46 value 56.3)

Best literal allineato_al_centro_orizzontale(C,I) (9.5 bits)

Initial clause (0 errs): class_jmlr(A) :- pagina_1(A,B), frame(B,C), to_right(C,D), to_right(D,E), tipo_testo(E), tipo_testo(D), on_top(F,D), tipo_testo(C), allineato_al_centro_verticale(G,D), on_top(E,D), on_top(D,G), to_right(G,D), to_right(D,H), tipo_testo(H), on_top(C,D), allineato_al_centro_orizzontale(C,I).
		to_right(C,D) needed for binding to_right(D,E)
		frame(B,C) needed for binding to_right(C,D)
		pagina_1(A,B) needed for binding frame(B,C)

Clause 1: class_jmlr(A) :- pagina_1(A,B), frame(B,C), to_right(C,D), to_right(D,E), tipo_testo(C), allineato_al_centro_verticale(F,D), on_top(E,D), on_top(D,F), allineato_al_centro_orizzontale(C,G).

State (6/234, 53.5 bits available)

				[pagina_1 tried 1/1] 4.3 secs
				[numero_pagine tried 1/1] 4.3 secs

Determinate literals
	pagina_1(A,B)


State (6/234, 53.5 bits available, 1 weak literal)

				[ultima_pagina tried 1/1] 4.3 secs
				[frame tried 1/1] 4.3 secs
				[pagina_1 tried 1/3] 4.3 secs
				[altezza_pagina tried 1/1] 4.3 secs
				[larghezza_pagina tried 1/1] 4.3 secs
				[numero_pagine tried 1/1] 4.3 secs

Best literal frame(B,C) (2.6 bits)


State (73/2360 [6/234], 50.9 bits available, 2 weak literals)

				[tipo_testo tried 1/1] 4.3 secs
				[tipo_linea_orizzontale tried 1/1] 4.3 secs
				[tipo_misto tried 1/1] 4.3 secs
				[tipo_linea_obbliqua tried 1/1] 4.3 secs
				[tipo_immagine tried 1/1] 4.3 secs
				[tipo_vuoto tried 1/1] 4.3 secs
				[ultima_pagina tried 1/1] 4.3 secs
				[frame tried 1/3] 4.3 secs
				[pagina_1 tried 2/3] 4.3 secs
				[on_top tried 2/2] 4.3 secs
				[to_right tried 2/2] 4.3 secs
				[allineato_al_centro_verticale tried 2/2] 4.3 secs
				[allineato_al_centro_orizzontale tried 2/2] 4.3 secs
				[altezza_pagina tried 1/1] 4.3 secs
				[larghezza_pagina tried 1/1] 4.3 secs
				[altezza_rettangolo tried 1/1] 4.3 secs
				[ascissa_rettangolo tried 1/1] 4.3 secs
				[ordinata_rettangolo tried 1/1] 4.3 secs
				[larghezza_rettangolo tried 1/1] 4.3 secs
				[numero_pagine tried 1/1] 4.3 secs

Best literal to_right(C,D) (5.3 bits)


State (358/8412 [6/233], 46.6 bits available)

				[= tried 1/1] 4.3 secs
				[tipo_testo tried 2/2] 4.3 secs
				[tipo_linea_orizzontale tried 2/2] 4.3 secs
				[tipo_misto tried 2/2] 4.3 secs
				[tipo_linea_obbliqua tried 2/2] 4.3 secs
				[tipo_immagine tried 2/2] 4.3 secs
				[tipo_vuoto tried 2/2] 4.3 secs
				[ultima_pagina tried 1/1] 4.3 secs
				[frame tried 4/5] 4.3 secs
				[pagina_1 tried 2/3] 4.3 secs
				[on_top tried 6/6] 4.3 secs
				[to_right tried 4/6] 4.3 secs
				[allineato_al_centro_verticale tried 6/6] 4.3 secs
				[allineato_al_centro_orizzontale tried 6/6] 4.3 secs
				[altezza_pagina tried 1/1] 4.3 secs
				[larghezza_pagina tried 1/1] 4.3 secs
				[altezza_rettangolo tried 2/2] 4.3 secs
				[ascissa_rettangolo tried 2/2] 4.3 secs
				[ordinata_rettangolo tried 2/2] 4.3 secs
				[larghezza_rettangolo tried 2/2] 4.3 secs
				[numero_pagine tried 1/1] 4.3 secs

Best literal tipo_testo(D) (5.4 bits)


State (352/6043 [6/230], 42.8 bits available)

				[= tried 1/1] 4.3 secs
				[tipo_testo tried 1/2] 4.3 secs
				[tipo_linea_orizzontale tried 2/2] 4.3 secs
				[tipo_misto tried 2/2] 4.3 secs
				[tipo_linea_obbliqua tried 2/2] 4.3 secs
				[tipo_immagine tried 2/2] 4.3 secs
				[tipo_vuoto tried 2/2] 4.3 secs
				[ultima_pagina tried 1/1] 4.3 secs
				[frame tried 4/5] 4.3 secs
				[pagina_1 tried 2/3] 4.3 secs
				[on_top tried 6/6] 4.3 secs
				[to_right tried 5/6] 4.3 secs
				[allineato_al_centro_verticale tried 6/6] 4.3 secs
				[allineato_al_centro_orizzontale tried 6/6] 4.3 secs
				[altezza_pagina tried 1/1] 4.3 secs
				[larghezza_pagina tried 1/1] 4.3 secs
				[altezza_rettangolo tried 2/2] 4.3 secs
				[ascissa_rettangolo tried 2/2] 4.3 secs
				[ordinata_rettangolo tried 2/2] 4.3 secs
				[larghezza_rettangolo tried 2/2] 4.3 secs
				[numero_pagine tried 1/1] 4.3 secs

Best literal to_right(C,E) (7.0 bits)


State (2413/32285 [6/230], 37.8 bits available, 1 weak literal)

				[= tried 3/3] 4.3 secs
				[tipo_testo tried 2/3] 4.3 secs
				[tipo_linea_orizzontale tried 3/3] 4.3 secs
				[tipo_misto tried 3/3] 4.3 secs
				[tipo_linea_obbliqua tried 3/3] 4.3 secs
				[tipo_immagine tried 3/3] 4.3 secs
				[tipo_vuoto tried 3/3] 4.3 secs
				[ultima_pagina tried 1/1] 4.3 secs
				[frame tried 6/7] 4.3 secs
				[pagina_1 tried 2/3] 4.3 secs
				[on_top tried 12/12] 4.3 secs
				[to_right tried 9/12] 4.4 secs
				[allineato_al_centro_verticale tried 12/12] 4.4 secs
				[allineato_al_centro_orizzontale tried 8/12] 4.4 secs
				[altezza_pagina tried 1/1] 4.4 secs
				[larghezza_pagina tried 1/1] 4.4 secs
				[altezza_rettangolo tried 3/3] 4.4 secs
				[ascissa_rettangolo tried 3/3] 4.4 secs
				[ordinata_rettangolo tried 3/3] 4.4 secs
				[larghezza_rettangolo tried 3/3] 4.4 secs
				[numero_pagine tried 1/1] 4.4 secs

	Save tipo_testo(E) (6,230 value 0.1)

Best literal tipo_testo(C) (6.0 bits)


State (2379/24710 [6/230], 34.1 bits available)

				[= tried 3/3] 4.4 secs
				[tipo_testo tried 1/3] 4.4 secs
				[tipo_linea_orizzontale tried 3/3] 4.4 secs
				[tipo_misto tried 3/3] 4.4 secs
				[tipo_linea_obbliqua tried 3/3] 4.4 secs
				[tipo_immagine tried 3/3] 4.4 secs
				[tipo_vuoto tried 3/3] 4.4 secs
				[ultima_pagina tried 1/1] 4.4 secs
				[frame tried 6/7] 4.4 secs
				[pagina_1 tried 2/3] 4.4 secs
				[on_top tried 12/12] 4.4 secs
				[to_right tried 9/12] 4.4 secs
				[allineato_al_centro_verticale tried 12/12] 4.4 secs
				[allineato_al_centro_orizzontale tried 8/12] 4.4 secs
				[altezza_pagina tried 1/1] 4.4 secs
				[larghezza_pagina tried 1/1] 4.4 secs
				[altezza_rettangolo tried 3/3] 4.4 secs
				[ascissa_rettangolo tried 3/3] 4.5 secs
				[ordinata_rettangolo tried 3/3] 4.5 secs
				[larghezza_rettangolo tried 3/3] 4.5 secs
				[numero_pagine tried 1/1] 4.5 secs

	Save to_right(D,F) (6,228 value 0.2)
	Save tipo_testo(E) (6,230 value 0.1)

Best literal to_right(E,F) (8.0 bits)


State (7436/59176 [6/228], 28.8 bits available)

				[= tried 6/6] 4.5 secs
				[tipo_testo tried 2/4] 4.5 secs
				[tipo_linea_orizzontale tried 4/4] 4.5 secs
				[tipo_misto tried 4/4] 4.5 secs
				[tipo_linea_obbliqua tried 4/4] 4.5 secs
				[tipo_immagine tried 4/4] 4.5 secs
				[tipo_vuoto tried 4/4] 4.5 secs
				[ultima_pagina tried 1/1] 4.5 secs
				[frame tried 7/8] 4.5 secs
				[pagina_1 tried 2/3] 4.5 secs
				[on_top tried 18/18] 4.6 secs
				[to_right tried 14/18] 4.6 secs
				[allineato_al_centro_verticale tried 18/18] 4.6 secs
				[allineato_al_centro_orizzontale tried 12/18] 4.6 secs
				[altezza_pagina tried 1/1] 4.6 secs
				[larghezza_pagina tried 1/1] 4.6 secs
				[altezza_rettangolo tried 3/3] 4.6 secs
				[ascissa_rettangolo tried 3/3] 4.6 secs
				[ordinata_rettangolo tried 3/3] 4.6 secs
				[larghezza_rettangolo tried 3/3] 4.6 secs
				[numero_pagine tried 1/1] 4.7 secs

	Save tipo_testo(E) (6,228 value 0.2)

Best literal tipo_testo(F) (6.4 bits)


State (7392/48436 [6/227], 25.2 bits available)

				[= tried 6/6] 4.7 secs
				[tipo_testo tried 1/4] 4.7 secs
				[tipo_linea_orizzontale tried 4/4] 4.7 secs
				[tipo_misto tried 4/4] 4.7 secs
				[tipo_linea_obbliqua tried 4/4] 4.7 secs
				[tipo_immagine tried 4/4] 4.7 secs
				[tipo_vuoto tried 4/4] 4.7 secs
				[ultima_pagina tried 1/1] 4.7 secs
				[frame tried 7/8] 4.7 secs
				[pagina_1 tried 2/3] 4.7 secs
				[on_top tried 18/18] 4.7 secs
				[to_right tried 15/18] 4.8 secs
				[allineato_al_centro_verticale tried 18/18] 4.8 secs
				[allineato_al_centro_orizzontale tried 12/18] 4.8 secs
				[altezza_pagina tried 1/1] 4.8 secs
				[larghezza_pagina tried 1/1] 4.8 secs
				[altezza_rettangolo tried 3/3] 4.8 secs
				[ascissa_rettangolo tried 3/3] 4.8 secs
				[ordinata_rettangolo tried 3/3] 4.8 secs
				[larghezza_rettangolo tried 3/3] 4.8 secs
				[numero_pagine tried 1/1] 4.8 secs

	Save allineato_al_centro_orizzontale(C,G) (5,13 value 19.2)

Best literal tipo_testo(E) (6.4 bits)


State (7311/41477 [6/215], 21.8 bits available)

				[= tried 6/6] 4.8 secs
				[tipo_testo tried 0/4] 4.8 secs
				[tipo_linea_orizzontale tried 4/4] 4.8 secs
				[tipo_misto tried 4/4] 4.8 secs
				[tipo_linea_obbliqua tried 4/4] 4.8 secs
				[tipo_immagine tried 4/4] 4.8 secs
				[tipo_vuoto tried 4/4] 4.8 secs
				[ultima_pagina tried 1/1] 4.8 secs
				[frame tried 7/8] 4.9 secs
				[pagina_1 tried 2/3] 4.9 secs
				[on_top tried 18/18] 4.9 secs
				[to_right tried 15/18] 4.9 secs
				[allineato_al_centro_verticale tried 18/18] 4.9 secs
				[allineato_al_centro_orizzontale tried 12/18] 4.9 secs
				[altezza_pagina tried 1/1] 4.9 secs
				[larghezza_pagina tried 1/1] 5.0 secs
				[altezza_rettangolo tried 3/3] 5.0 secs
				[ascissa_rettangolo tried 3/3] 5.0 secs
				[ordinata_rettangolo tried 3/3] 5.0 secs
				[larghezza_rettangolo tried 3/3] 5.0 secs
				[numero_pagine tried 1/1] 5.0 secs

	Save allineato_al_centro_orizzontale(C,G) (5,13 value 19.2)

Best literal on_top(F,E) (8.6 bits)


State (3366/14317 [6/114], 16.4 bits available)

				[= tried 6/6] 5.0 secs
				[tipo_testo tried 0/4] 5.0 secs
				[tipo_linea_orizzontale tried 4/4] 5.0 secs
				[tipo_misto tried 4/4] 5.0 secs
				[tipo_linea_obbliqua tried 4/4] 5.0 secs
				[tipo_immagine tried 4/4] 5.0 secs
				[tipo_vuoto tried 4/4] 5.0 secs
				[ultima_pagina tried 1/1] 5.0 secs
				[frame tried 7/8] 5.0 secs
				[pagina_1 tried 2/3] 5.0 secs
				[on_top tried 17/18] 5.0 secs
				[to_right tried 15/18] 5.0 secs
				[allineato_al_centro_verticale tried 18/18] 5.0 secs
				[allineato_al_centro_orizzontale tried 12/18] 5.0 secs
				[altezza_pagina tried 1/1] 5.0 secs
				[larghezza_pagina tried 1/1] 5.0 secs
				[altezza_rettangolo tried 3/3] 5.0 secs
				[ascissa_rettangolo tried 3/3] 5.0 secs
				[ordinata_rettangolo tried 3/3] 5.0 secs
				[larghezza_rettangolo tried 3/3] 5.0 secs
				[numero_pagine tried 1/1] 5.0 secs

Best literal on_top(C,E) (8.6 bits)


State (2459/8958 [6/111], 11.1 bits available)

				[= tried 6/6] 5.1 secs
				[tipo_testo tried 0/4] 5.1 secs
				[tipo_linea_orizzontale tried 4/4] 5.1 secs
				[tipo_misto tried 4/4] 5.1 secs
				[tipo_linea_obbliqua tried 4/4] 5.1 secs
				[tipo_immagine tried 4/4] 5.1 secs
				[tipo_vuoto tried 4/4] 5.1 secs
				[ultima_pagina tried 1/1] 5.1 secs
				[frame tried 7/8] 5.1 secs
				[pagina_1 tried 2/3] 5.1 secs
				[on_top tried 16/18] 5.1 secs
				[to_right tried 15/18] 5.1 secs
				[allineato_al_centro_verticale tried 18/18] 5.1 secs
				[allineato_al_centro_orizzontale tried 12/18] 5.1 secs
				[altezza_pagina tried 1/1] 5.1 secs
				[larghezza_pagina tried 1/1] 5.1 secs
				[altezza_rettangolo tried 3/3] 5.1 secs
				[ascissa_rettangolo tried 3/3] 5.1 secs
				[ordinata_rettangolo tried 3/3] 5.1 secs
				[larghezza_rettangolo tried 3/3] 5.1 secs
				[numero_pagine tried 1/1] 5.1 secs

	Save on_top(G,C) (6,93 value 7.9)

Best literal to_right(E,D) (8.6 bits)


State (1755/5650 [6/111], 6.0 bits available)

				[= tried 6/6] 5.1 secs
				[tipo_testo tried 0/4] 5.1 secs
				[tipo_linea_orizzontale tried 4/4] 5.1 secs
				[tipo_misto tried 4/4] 5.1 secs
				[tipo_linea_obbliqua tried 4/4] 5.1 secs
				[tipo_immagine tried 4/4] 5.1 secs
				[tipo_vuoto tried 4/4] 5.1 secs
				[ultima_pagina tried 1/1] 5.1 secs
				[frame tried 7/8] 5.1 secs
				[pagina_1 tried 2/3] 5.1 secs
				[on_top tried 16/18] 5.1 secs
				[to_right tried 14/18] 5.1 secs
				[allineato_al_centro_verticale tried 18/18] 5.1 secs
				[allineato_al_centro_orizzontale tried 12/18] 5.1 secs
				[altezza_pagina tried 1/1] 5.1 secs
				[larghezza_pagina tried 1/1] 5.1 secs
				[altezza_rettangolo tried 3/3] 5.1 secs
				[ascissa_rettangolo tried 3/3] 5.1 secs
				[ordinata_rettangolo tried 3/3] 5.1 secs
				[larghezza_rettangolo tried 3/3] 5.1 secs
				[numero_pagine tried 1/1] 5.1 secs

Best literal on_top(G,C) (8.6 bits)


State (8675/24873 [6/93], 1.1 bits available)

				[= requires 8.7 bits]
				[tipo_testo requires 6.7 bits]
				[tipo_linea_orizzontale requires 6.7 bits]
				[tipo_misto requires 6.7 bits]
				[tipo_linea_obbliqua requires 6.7 bits]
				[tipo_immagine requires 6.7 bits]
				[tipo_vuoto requires 6.7 bits]
				[ultima_pagina tried 1/1] 5.1 secs
				[frame requires 7.7 bits]
				[pagina_1 requires 6.0 bits]
				[on_top requires 9.2 bits]
				[to_right requires 9.2 bits]
				[allineato_al_centro_verticale requires 9.2 bits]
				[allineato_al_centro_orizzontale requires 9.2 bits]
				[altezza_pagina tried 1/1] 5.1 secs
				[larghezza_pagina tried 1/1] 5.1 secs
				[altezza_rettangolo requires 6.4 bits]
				[ascissa_rettangolo requires 6.4 bits]
				[ordinata_rettangolo requires 6.4 bits]
				[larghezza_rettangolo requires 6.4 bits]
				[numero_pagine tried 1/1] 5.1 secs

No literals

Recover to class_jmlr(A) :- pagina_1(A,B), frame(B,C), to_right(C,D), tipo_testo(D), to_right(C,E), tipo_testo(C), to_right(E,F), tipo_testo(F), allineato_al_centro_orizzontale(C,G).



State (914/2089 [5/13], 13.3 bits available)

				[= tried 10/10] 5.1 secs
				[tipo_testo tried 2/5] 5.1 secs
				[tipo_linea_orizzontale tried 5/5] 5.1 secs
				[tipo_misto tried 5/5] 5.1 secs
				[tipo_linea_obbliqua tried 5/5] 5.1 secs
				[tipo_immagine tried 5/5] 5.1 secs
				[tipo_vuoto tried 5/5] 5.1 secs
				[ultima_pagina tried 1/1] 5.1 secs
				[frame tried 9/10] 5.2 secs
				[pagina_1 tried 2/3] 5.2 secs
				[on_top tried 28/28] 5.2 secs
				[to_right tried 25/28] 5.2 secs
				[allineato_al_centro_verticale tried 12/28] 5.2 secs
				[allineato_al_centro_orizzontale tried 14/28] 5.2 secs
				[altezza_pagina tried 1/1] 5.2 secs
				[larghezza_pagina tried 1/1] 5.2 secs
				[altezza_rettangolo tried 4/4] 5.2 secs
				[ascissa_rettangolo tried 4/4] 5.2 secs
				[ordinata_rettangolo tried 4/4] 5.2 secs
				[larghezza_rettangolo tried 4/4] 5.2 secs
				[numero_pagine tried 1/1] 5.2 secs

	Save on_top(G,E) (5,11 value 20.3)
	Save on_top(C,D) (5,12 value 19.8)
	Save on_top(G,D) (5,12 value 19.8)
	Save on_top(C,F) (5,12 value 19.8)

Best literal on_top(C,E) (9.2 bits)


State (821/1085 [5/11], 7.3 bits available)

				[= tried 10/10] 5.2 secs
				[tipo_testo tried 2/5] 5.2 secs
				[tipo_linea_orizzontale tried 5/5] 5.2 secs
				[tipo_misto tried 5/5] 5.2 secs
				[tipo_linea_obbliqua tried 5/5] 5.2 secs
				[tipo_immagine tried 5/5] 5.2 secs
				[tipo_vuoto tried 5/5] 5.2 secs
				[ultima_pagina tried 1/1] 5.2 secs
				[frame tried 9/10] 5.2 secs
				[pagina_1 tried 2/3] 5.2 secs
				[on_top tried 27/28] 5.2 secs
				[to_right tried 25/28] 5.2 secs
				[allineato_al_centro_verticale tried 12/28] 5.2 secs
				[allineato_al_centro_orizzontale tried 14/28] 5.2 secs
				[altezza_pagina tried 1/1] 5.2 secs
				[larghezza_pagina tried 1/1] 5.2 secs
				[altezza_rettangolo tried 4/4] 5.2 secs
				[ascissa_rettangolo tried 4/4] 5.2 secs
				[ordinata_rettangolo tried 4/4] 5.2 secs
				[larghezza_rettangolo tried 4/4] 5.2 secs
				[numero_pagine tried 1/1] 5.2 secs

	Save on_top(G,F) (5,11 value 20.3)
	Save on_top(C,D) (5,11 value 20.3)
	Save on_top(G,D) (5,11 value 20.3)

Best literal on_top(C,F) (9.2 bits)


State (684/742 [5/11], 1.4 bits available)

				[= requires 8.7 bits]
				[tipo_testo requires 6.7 bits]
				[tipo_linea_orizzontale requires 6.7 bits]
				[tipo_misto requires 6.7 bits]
				[tipo_linea_obbliqua requires 6.7 bits]
				[tipo_immagine requires 6.7 bits]
				[tipo_vuoto requires 6.7 bits]
				[ultima_pagina tried 1/1] 5.2 secs
				[frame requires 7.7 bits]
				[pagina_1 requires 6.0 bits]
				[on_top requires 9.2 bits]
				[to_right requires 9.2 bits]
				[allineato_al_centro_verticale requires 9.2 bits]
				[allineato_al_centro_orizzontale requires 9.2 bits]
				[altezza_pagina tried 1/1] 5.2 secs
				[larghezza_pagina tried 1/1] 5.2 secs
				[altezza_rettangolo requires 6.4 bits]
				[ascissa_rettangolo requires 6.4 bits]
				[ordinata_rettangolo requires 6.4 bits]
				[larghezza_rettangolo requires 6.4 bits]
				[numero_pagine tried 1/1] 5.2 secs

No literals

Recover to class_jmlr(A) :- pagina_1(A,B), frame(B,C), to_right(C,D), tipo_testo(D), to_right(C,E), tipo_testo(C), to_right(E,F), tipo_testo(F), allineato_al_centro_orizzontale(C,G), on_top(G,E).



State (821/1085 [5/11], 7.3 bits available)

				[= tried 10/10] 5.2 secs
				[tipo_testo tried 2/5] 5.2 secs
				[tipo_linea_orizzontale tried 5/5] 5.2 secs
				[tipo_misto tried 5/5] 5.2 secs
				[tipo_linea_obbliqua tried 5/5] 5.2 secs
				[tipo_immagine tried 5/5] 5.2 secs
				[tipo_vuoto tried 5/5] 5.2 secs
				[ultima_pagina tried 1/1] 5.2 secs
				[frame tried 9/10] 5.2 secs
				[pagina_1 tried 2/3] 5.2 secs
				[on_top tried 27/28] 5.2 secs
				[to_right tried 25/28] 5.2 secs
				[allineato_al_centro_verticale tried 12/28] 5.2 secs
				[allineato_al_centro_orizzontale tried 15/28] 5.2 secs
				[altezza_pagina tried 1/1] 5.2 secs
				[larghezza_pagina tried 1/1] 5.2 secs
				[altezza_rettangolo tried 4/4] 5.2 secs
				[ascissa_rettangolo tried 4/4] 5.2 secs
				[ordinata_rettangolo tried 4/4] 5.2 secs
				[larghezza_rettangolo tried 4/4] 5.2 secs
				[numero_pagine tried 1/1] 5.2 secs

	Save on_top(G,F) (5,11 value 20.3)
	Save on_top(C,D) (5,11 value 20.3)
	Save on_top(G,D) (5,11 value 20.3)

Best literal on_top(C,F) (9.2 bits)


State (684/742 [5/11], 1.4 bits available)

				[= requires 8.7 bits]
				[tipo_testo requires 6.7 bits]
				[tipo_linea_orizzontale requires 6.7 bits]
				[tipo_misto requires 6.7 bits]
				[tipo_linea_obbliqua requires 6.7 bits]
				[tipo_immagine requires 6.7 bits]
				[tipo_vuoto requires 6.7 bits]
				[ultima_pagina tried 1/1] 5.2 secs
				[frame requires 7.7 bits]
				[pagina_1 requires 6.0 bits]
				[on_top requires 9.2 bits]
				[to_right requires 9.2 bits]
				[allineato_al_centro_verticale requires 9.2 bits]
				[allineato_al_centro_orizzontale requires 9.2 bits]
				[altezza_pagina tried 1/1] 5.2 secs
				[larghezza_pagina tried 1/1] 5.2 secs
				[altezza_rettangolo requires 6.4 bits]
				[ascissa_rettangolo requires 6.4 bits]
				[ordinata_rettangolo requires 6.4 bits]
				[larghezza_rettangolo requires 6.4 bits]
				[numero_pagine tried 1/1] 5.2 secs

No literals

Recover to class_jmlr(A) :- pagina_1(A,B), frame(B,C), to_right(C,D), tipo_testo(D), to_right(C,E), tipo_testo(C), to_right(E,F), tipo_testo(F), allineato_al_centro_orizzontale(C,G), on_top(C,E), on_top(G,F).



State (684/742 [5/11], 1.4 bits available)

				[= requires 8.7 bits]
				[tipo_testo requires 6.7 bits]
				[tipo_linea_orizzontale requires 6.7 bits]
				[tipo_misto requires 6.7 bits]
				[tipo_linea_obbliqua requires 6.7 bits]
				[tipo_immagine requires 6.7 bits]
				[tipo_vuoto requires 6.7 bits]
				[ultima_pagina tried 1/1] 5.2 secs
				[frame requires 7.7 bits]
				[pagina_1 requires 6.0 bits]
				[on_top requires 9.2 bits]
				[to_right requires 9.2 bits]
				[allineato_al_centro_verticale requires 9.2 bits]
				[allineato_al_centro_orizzontale requires 9.2 bits]
				[altezza_pagina tried 1/1] 5.2 secs
				[larghezza_pagina tried 1/1] 5.2 secs
				[altezza_rettangolo requires 6.4 bits]
				[ascissa_rettangolo requires 6.4 bits]
				[ordinata_rettangolo requires 6.4 bits]
				[larghezza_rettangolo requires 6.4 bits]
				[numero_pagine tried 1/1] 5.2 secs

No literals

Recover to class_jmlr(A) :- pagina_1(A,B), frame(B,C), to_right(C,D), tipo_testo(D), to_right(C,E), tipo_testo(C), to_right(E,F), tipo_testo(F), allineato_al_centro_orizzontale(C,G), on_top(C,E), on_top(C,D).



State (724/812 [5/11], 1.4 bits available)

				[= requires 8.7 bits]
				[tipo_testo requires 6.7 bits]
				[tipo_linea_orizzontale requires 6.7 bits]
				[tipo_misto requires 6.7 bits]
				[tipo_linea_obbliqua requires 6.7 bits]
				[tipo_immagine requires 6.7 bits]
				[tipo_vuoto requires 6.7 bits]
				[ultima_pagina tried 1/1] 5.2 secs
				[frame requires 7.7 bits]
				[pagina_1 requires 6.0 bits]
				[on_top requires 9.2 bits]
				[to_right requires 9.2 bits]
				[allineato_al_centro_verticale requires 9.2 bits]
				[allineato_al_centro_orizzontale requires 9.2 bits]
				[altezza_pagina tried 1/1] 5.2 secs
				[larghezza_pagina tried 1/1] 5.2 secs
				[altezza_rettangolo requires 6.4 bits]
				[ascissa_rettangolo requires 6.4 bits]
				[ordinata_rettangolo requires 6.4 bits]
				[larghezza_rettangolo requires 6.4 bits]
				[numero_pagine tried 1/1] 5.2 secs

No literals

Recover to class_jmlr(A) :- pagina_1(A,B), frame(B,C), to_right(C,D), tipo_testo(D), to_right(C,E), tipo_testo(C), to_right(E,F), tipo_testo(F), allineato_al_centro_orizzontale(C,G), on_top(C,E), on_top(G,D).



State (724/812 [5/11], 1.4 bits available)

				[= requires 8.7 bits]
				[tipo_testo requires 6.7 bits]
				[tipo_linea_orizzontale requires 6.7 bits]
				[tipo_misto requires 6.7 bits]
				[tipo_linea_obbliqua requires 6.7 bits]
				[tipo_immagine requires 6.7 bits]
				[tipo_vuoto requires 6.7 bits]
				[ultima_pagina tried 1/1] 5.3 secs
				[frame requires 7.7 bits]
				[pagina_1 requires 6.0 bits]
				[on_top requires 9.2 bits]
				[to_right requires 9.2 bits]
				[allineato_al_centro_verticale requires 9.2 bits]
				[allineato_al_centro_orizzontale requires 9.2 bits]
				[altezza_pagina tried 1/1] 5.3 secs
				[larghezza_pagina tried 1/1] 5.3 secs
				[altezza_rettangolo requires 6.4 bits]
				[ascissa_rettangolo requires 6.4 bits]
				[ordinata_rettangolo requires 6.4 bits]
				[larghezza_rettangolo requires 6.4 bits]
				[numero_pagine tried 1/1] 5.3 secs

No literals

Recover to class_jmlr(A) :- pagina_1(A,B), frame(B,C), to_right(C,D), tipo_testo(D), to_right(C,E), tipo_testo(C), to_right(E,F), tipo_testo(F), allineato_al_centro_orizzontale(C,G), on_top(G,E), on_top(G,F).



State (684/742 [5/11], 1.4 bits available)

				[= requires 8.7 bits]
				[tipo_testo requires 6.7 bits]
				[tipo_linea_orizzontale requires 6.7 bits]
				[tipo_misto requires 6.7 bits]
				[tipo_linea_obbliqua requires 6.7 bits]
				[tipo_immagine requires 6.7 bits]
				[tipo_vuoto requires 6.7 bits]
				[ultima_pagina tried 1/1] 5.3 secs
				[frame requires 7.7 bits]
				[pagina_1 requires 6.0 bits]
				[on_top requires 9.2 bits]
				[to_right requires 9.2 bits]
				[allineato_al_centro_verticale requires 9.2 bits]
				[allineato_al_centro_orizzontale requires 9.2 bits]
				[altezza_pagina tried 1/1] 5.3 secs
				[larghezza_pagina tried 1/1] 5.3 secs
				[altezza_rettangolo requires 6.4 bits]
				[ascissa_rettangolo requires 6.4 bits]
				[ordinata_rettangolo requires 6.4 bits]
				[larghezza_rettangolo requires 6.4 bits]
				[numero_pagine tried 1/1] 5.3 secs

No literals

Recover to class_jmlr(A) :- pagina_1(A,B), frame(B,C), to_right(C,D), tipo_testo(D), to_right(C,E), tipo_testo(C), to_right(E,F), tipo_testo(F), allineato_al_centro_orizzontale(C,G), on_top(G,E), on_top(C,D).



State (724/812 [5/11], 1.4 bits available)

				[= requires 8.7 bits]
				[tipo_testo requires 6.7 bits]
				[tipo_linea_orizzontale requires 6.7 bits]
				[tipo_misto requires 6.7 bits]
				[tipo_linea_obbliqua requires 6.7 bits]
				[tipo_immagine requires 6.7 bits]
				[tipo_vuoto requires 6.7 bits]
				[ultima_pagina tried 1/1] 5.3 secs
				[frame requires 7.7 bits]
				[pagina_1 requires 6.0 bits]
				[on_top requires 9.2 bits]
				[to_right requires 9.2 bits]
				[allineato_al_centro_verticale requires 9.2 bits]
				[allineato_al_centro_orizzontale requires 9.2 bits]
				[altezza_pagina tried 1/1] 5.3 secs
				[larghezza_pagina tried 1/1] 5.3 secs
				[altezza_rettangolo requires 6.4 bits]
				[ascissa_rettangolo requires 6.4 bits]
				[ordinata_rettangolo requires 6.4 bits]
				[larghezza_rettangolo requires 6.4 bits]
				[numero_pagine tried 1/1] 5.3 secs

No literals

Recover to class_jmlr(A) :- pagina_1(A,B), frame(B,C), to_right(C,D), tipo_testo(D), to_right(C,E), tipo_testo(C), to_right(E,F), tipo_testo(F), allineato_al_centro_orizzontale(C,G), on_top(G,E), on_top(G,D).



State (724/812 [5/11], 1.4 bits available)

				[= requires 8.7 bits]
				[tipo_testo requires 6.7 bits]
				[tipo_linea_orizzontale requires 6.7 bits]
				[tipo_misto requires 6.7 bits]
				[tipo_linea_obbliqua requires 6.7 bits]
				[tipo_immagine requires 6.7 bits]
				[tipo_vuoto requires 6.7 bits]
				[ultima_pagina tried 1/1] 5.3 secs
				[frame requires 7.7 bits]
				[pagina_1 requires 6.0 bits]
				[on_top requires 9.2 bits]
				[to_right requires 9.2 bits]
				[allineato_al_centro_verticale requires 9.2 bits]
				[allineato_al_centro_orizzontale requires 9.2 bits]
				[altezza_pagina tried 1/1] 5.3 secs
				[larghezza_pagina tried 1/1] 5.3 secs
				[altezza_rettangolo requires 6.4 bits]
				[ascissa_rettangolo requires 6.4 bits]
				[ordinata_rettangolo requires 6.4 bits]
				[larghezza_rettangolo requires 6.4 bits]
				[numero_pagine tried 1/1] 5.3 secs

No literals

Recover to class_jmlr(A) :- pagina_1(A,B), frame(B,C), to_right(C,D), tipo_testo(D), to_right(C,E), tipo_testo(C), to_right(E,F), tipo_testo(F), allineato_al_centro_orizzontale(C,G), on_top(C,D).



State (806/1076 [5/12], 7.3 bits available)

				[= tried 10/10] 5.3 secs
				[tipo_testo tried 2/5] 5.3 secs
				[tipo_linea_orizzontale tried 5/5] 5.3 secs
				[tipo_misto tried 5/5] 5.3 secs
				[tipo_linea_obbliqua tried 5/5] 5.3 secs
				[tipo_immagine tried 5/5] 5.3 secs
				[tipo_vuoto tried 5/5] 5.3 secs
				[ultima_pagina tried 1/1] 5.3 secs
				[frame tried 9/10] 5.3 secs
				[pagina_1 tried 2/3] 5.3 secs
				[on_top tried 27/28] 5.3 secs
				[to_right tried 25/28] 5.3 secs
				[allineato_al_centro_verticale tried 12/28] 5.3 secs
				[allineato_al_centro_orizzontale tried 14/28] 5.3 secs
				[altezza_pagina tried 1/1] 5.3 secs
				[larghezza_pagina tried 1/1] 5.3 secs
				[altezza_rettangolo tried 4/4] 5.3 secs
				[ascissa_rettangolo tried 4/4] 5.3 secs
				[ordinata_rettangolo tried 4/4] 5.3 secs
				[larghezza_rettangolo tried 4/4] 5.3 secs
				[numero_pagine tried 1/1] 5.3 secs

	Save on_top(G,E) (5,11 value 20.3)
	Save on_top(D,H) (5,12 value 19.8)
	Save on_top(C,F) (5,12 value 19.8)
	Save on_top(G,F) (5,12 value 19.8)

Best literal on_top(C,E) (9.2 bits)


State (724/812 [5/11], 1.4 bits available)

				[= requires 8.7 bits]
				[tipo_testo requires 6.7 bits]
				[tipo_linea_orizzontale requires 6.7 bits]
				[tipo_misto requires 6.7 bits]
				[tipo_linea_obbliqua requires 6.7 bits]
				[tipo_immagine requires 6.7 bits]
				[tipo_vuoto requires 6.7 bits]
				[ultima_pagina tried 1/1] 5.3 secs
				[frame requires 7.7 bits]
				[pagina_1 requires 6.0 bits]
				[on_top requires 9.2 bits]
				[to_right requires 9.2 bits]
				[allineato_al_centro_verticale requires 9.2 bits]
				[allineato_al_centro_orizzontale requires 9.2 bits]
				[altezza_pagina tried 1/1] 5.3 secs
				[larghezza_pagina tried 1/1] 5.3 secs
				[altezza_rettangolo requires 6.4 bits]
				[ascissa_rettangolo requires 6.4 bits]
				[ordinata_rettangolo requires 6.4 bits]
				[larghezza_rettangolo requires 6.4 bits]
				[numero_pagine tried 1/1] 5.3 secs

No literals

Recover to class_jmlr(A) :- pagina_1(A,B), frame(B,C), to_right(C,D), tipo_testo(D), to_right(C,E), tipo_testo(C), to_right(E,F), tipo_testo(F), allineato_al_centro_orizzontale(C,G), on_top(C,D), on_top(G,E).



State (724/812 [5/11], 1.4 bits available)

				[= requires 8.7 bits]
				[tipo_testo requires 6.7 bits]
				[tipo_linea_orizzontale requires 6.7 bits]
				[tipo_misto requires 6.7 bits]
				[tipo_linea_obbliqua requires 6.7 bits]
				[tipo_immagine requires 6.7 bits]
				[tipo_vuoto requires 6.7 bits]
				[ultima_pagina tried 1/1] 5.4 secs
				[frame requires 7.7 bits]
				[pagina_1 requires 6.0 bits]
				[on_top requires 9.2 bits]
				[to_right requires 9.2 bits]
				[allineato_al_centro_verticale requires 9.2 bits]
				[allineato_al_centro_orizzontale requires 9.2 bits]
				[altezza_pagina tried 1/1] 5.4 secs
				[larghezza_pagina tried 1/1] 5.4 secs
				[altezza_rettangolo requires 6.4 bits]
				[ascissa_rettangolo requires 6.4 bits]
				[ordinata_rettangolo requires 6.4 bits]
				[larghezza_rettangolo requires 6.4 bits]
				[numero_pagine tried 1/1] 5.4 secs

No literals

Recover to class_jmlr(A) :- pagina_1(A,B), frame(B,C), to_right(C,D), tipo_testo(D), to_right(C,E), tipo_testo(C), to_right(E,F), tipo_testo(F), allineato_al_centro_orizzontale(C,G), on_top(G,D).



State (806/1076 [5/12], 7.3 bits available)

				[= tried 10/10] 5.4 secs
				[tipo_testo tried 2/5] 5.4 secs
				[tipo_linea_orizzontale tried 5/5] 5.4 secs
				[tipo_misto tried 5/5] 5.4 secs
				[tipo_linea_obbliqua tried 5/5] 5.4 secs
				[tipo_immagine tried 5/5] 5.4 secs
				[tipo_vuoto tried 5/5] 5.4 secs
				[ultima_pagina tried 1/1] 5.4 secs
				[frame tried 9/10] 5.4 secs
				[pagina_1 tried 2/3] 5.4 secs
				[on_top tried 27/28] 5.4 secs
				[to_right tried 25/28] 5.4 secs
				[allineato_al_centro_verticale tried 12/28] 5.4 secs
				[allineato_al_centro_orizzontale tried 15/28] 5.4 secs
				[altezza_pagina tried 1/1] 5.4 secs
				[larghezza_pagina tried 1/1] 5.4 secs
				[altezza_rettangolo tried 4/4] 5.4 secs
				[ascissa_rettangolo tried 4/4] 5.4 secs
				[ordinata_rettangolo tried 4/4] 5.4 secs
				[larghezza_rettangolo tried 4/4] 5.4 secs
				[numero_pagine tried 1/1] 5.4 secs

	Save on_top(G,E) (5,11 value 20.3)
	Save on_top(D,H) (5,12 value 19.8)
	Save on_top(C,F) (5,12 value 19.8)
	Save on_top(G,F) (5,12 value 19.8)

Best literal on_top(C,E) (9.2 bits)


State (724/812 [5/11], 1.4 bits available)

				[= requires 8.7 bits]
				[tipo_testo requires 6.7 bits]
				[tipo_linea_orizzontale requires 6.7 bits]
				[tipo_misto requires 6.7 bits]
				[tipo_linea_obbliqua requires 6.7 bits]
				[tipo_immagine requires 6.7 bits]
				[tipo_vuoto requires 6.7 bits]
				[ultima_pagina tried 1/1] 5.4 secs
				[frame requires 7.7 bits]
				[pagina_1 requires 6.0 bits]
				[on_top requires 9.2 bits]
				[to_right requires 9.2 bits]
				[allineato_al_centro_verticale requires 9.2 bits]
				[allineato_al_centro_orizzontale requires 9.2 bits]
				[altezza_pagina tried 1/1] 5.4 secs
				[larghezza_pagina tried 1/1] 5.4 secs
				[altezza_rettangolo requires 6.4 bits]
				[ascissa_rettangolo requires 6.4 bits]
				[ordinata_rettangolo requires 6.4 bits]
				[larghezza_rettangolo requires 6.4 bits]
				[numero_pagine tried 1/1] 5.4 secs

No literals

Recover to class_jmlr(A) :- pagina_1(A,B), frame(B,C), to_right(C,D), tipo_testo(D), to_right(C,E), tipo_testo(C), to_right(E,F), tipo_testo(F), allineato_al_centro_orizzontale(C,G), on_top(G,D), on_top(G,E).



State (724/812 [5/11], 1.4 bits available)

				[= requires 8.7 bits]
				[tipo_testo requires 6.7 bits]
				[tipo_linea_orizzontale requires 6.7 bits]
				[tipo_misto requires 6.7 bits]
				[tipo_linea_obbliqua requires 6.7 bits]
				[tipo_immagine requires 6.7 bits]
				[tipo_vuoto requires 6.7 bits]
				[ultima_pagina tried 1/1] 5.4 secs
				[frame requires 7.7 bits]
				[pagina_1 requires 6.0 bits]
				[on_top requires 9.2 bits]
				[to_right requires 9.2 bits]
				[allineato_al_centro_verticale requires 9.2 bits]
				[allineato_al_centro_orizzontale requires 9.2 bits]
				[altezza_pagina tried 1/1] 5.4 secs
				[larghezza_pagina tried 1/1] 5.4 secs
				[altezza_rettangolo requires 6.4 bits]
				[ascissa_rettangolo requires 6.4 bits]
				[ordinata_rettangolo requires 6.4 bits]
				[larghezza_rettangolo requires 6.4 bits]
				[numero_pagine tried 1/1] 5.4 secs

No literals

Recover to class_jmlr(A) :- pagina_1(A,B), frame(B,C), to_right(C,D), tipo_testo(D), to_right(C,E), tipo_testo(C), to_right(E,F), tipo_testo(F), allineato_al_centro_orizzontale(C,G), on_top(C,F).



State (777/1073 [5/12], 7.3 bits available)

				[= tried 10/10] 5.4 secs
				[tipo_testo tried 2/5] 5.4 secs
				[tipo_linea_orizzontale tried 5/5] 5.4 secs
				[tipo_misto tried 5/5] 5.4 secs
				[tipo_linea_obbliqua tried 5/5] 5.4 secs
				[tipo_immagine tried 5/5] 5.4 secs
				[tipo_vuoto tried 5/5] 5.4 secs
				[ultima_pagina tried 1/1] 5.4 secs
				[frame tried 9/10] 5.4 secs
				[pagina_1 tried 2/3] 5.4 secs
				[on_top tried 27/28] 5.4 secs
				[to_right tried 25/28] 5.4 secs
				[allineato_al_centro_verticale tried 12/28] 5.4 secs
				[allineato_al_centro_orizzontale tried 14/28] 5.4 secs
				[altezza_pagina tried 1/1] 5.4 secs
				[larghezza_pagina tried 1/1] 5.4 secs
				[altezza_rettangolo tried 4/4] 5.4 secs
				[ascissa_rettangolo tried 4/4] 5.4 secs
				[ordinata_rettangolo tried 4/4] 5.4 secs
				[larghezza_rettangolo tried 4/4] 5.4 secs
				[numero_pagine tried 1/1] 5.4 secs

	Save on_top(G,E) (5,11 value 20.3)

Best literal on_top(C,E) (9.2 bits)


State (684/742 [5/11], 1.4 bits available)

				[= requires 8.7 bits]
				[tipo_testo requires 6.7 bits]
				[tipo_linea_orizzontale requires 6.7 bits]
				[tipo_misto requires 6.7 bits]
				[tipo_linea_obbliqua requires 6.7 bits]
				[tipo_immagine requires 6.7 bits]
				[tipo_vuoto requires 6.7 bits]
				[ultima_pagina tried 1/1] 5.4 secs
				[frame requires 7.7 bits]
				[pagina_1 requires 6.0 bits]
				[on_top requires 9.2 bits]
				[to_right requires 9.2 bits]
				[allineato_al_centro_verticale requires 9.2 bits]
				[allineato_al_centro_orizzontale requires 9.2 bits]
				[altezza_pagina tried 1/1] 5.4 secs
				[larghezza_pagina tried 1/1] 5.4 secs
				[altezza_rettangolo requires 6.4 bits]
				[ascissa_rettangolo requires 6.4 bits]
				[ordinata_rettangolo requires 6.4 bits]
				[larghezza_rettangolo requires 6.4 bits]
				[numero_pagine tried 1/1] 5.4 secs

No literals

Recover to class_jmlr(A) :- pagina_1(A,B), frame(B,C), to_right(C,D), tipo_testo(D), to_right(C,E), tipo_testo(C), to_right(E,F), tipo_testo(F), allineato_al_centro_orizzontale(C,G), on_top(C,F), on_top(G,E).



State (684/742 [5/11], 1.4 bits available)

				[= requires 8.7 bits]
				[tipo_testo requires 6.7 bits]
				[tipo_linea_orizzontale requires 6.7 bits]
				[tipo_misto requires 6.7 bits]
				[tipo_linea_obbliqua requires 6.7 bits]
				[tipo_immagine requires 6.7 bits]
				[tipo_vuoto requires 6.7 bits]
				[ultima_pagina tried 1/1] 5.4 secs
				[frame requires 7.7 bits]
				[pagina_1 requires 6.0 bits]
				[on_top requires 9.2 bits]
				[to_right requires 9.2 bits]
				[allineato_al_centro_verticale requires 9.2 bits]
				[allineato_al_centro_orizzontale requires 9.2 bits]
				[altezza_pagina tried 1/1] 5.4 secs
				[larghezza_pagina tried 1/1] 5.4 secs
				[altezza_rettangolo requires 6.4 bits]
				[ascissa_rettangolo requires 6.4 bits]
				[ordinata_rettangolo requires 6.4 bits]
				[larghezza_rettangolo requires 6.4 bits]
				[numero_pagine tried 1/1] 5.4 secs

No literals

Recover to class_jmlr(A) :- pagina_1(A,B), frame(B,C), to_right(C,D), tipo_testo(D), to_right(C,E), tipo_testo(C), to_right(E,F), tipo_testo(F), allineato_al_centro_orizzontale(C,G), on_top(C,D), on_top(D,H).



State (4629/5318 [5/12], 1.4 bits available)

				[= requires 9.3 bits]
				[tipo_testo requires 7.0 bits]
				[tipo_linea_orizzontale requires 7.0 bits]
				[tipo_misto requires 7.0 bits]
				[tipo_linea_obbliqua requires 7.0 bits]
				[tipo_immagine requires 7.0 bits]
				[tipo_vuoto requires 7.0 bits]
				[ultima_pagina tried 1/1] 5.5 secs
				[frame requires 7.9 bits]
				[pagina_1 requires 6.0 bits]
				[on_top requires 9.6 bits]
				[to_right requires 9.6 bits]
				[allineato_al_centro_verticale requires 9.6 bits]
				[allineato_al_centro_orizzontale requires 9.6 bits]
				[altezza_pagina tried 1/1] 5.5 secs
				[larghezza_pagina tried 1/1] 5.5 secs
				[altezza_rettangolo requires 6.4 bits]
				[ascissa_rettangolo requires 6.4 bits]
				[ordinata_rettangolo requires 6.4 bits]
				[larghezza_rettangolo requires 6.4 bits]
				[numero_pagine tried 1/1] 5.5 secs

No literals

Recover to class_jmlr(A) :- pagina_1(A,B), frame(B,C), to_right(C,D), tipo_testo(D), to_right(C,E), tipo_testo(C), to_right(E,F), tipo_testo(F), allineato_al_centro_orizzontale(C,G), on_top(C,D), on_top(C,F).



State (686/783 [5/12], 1.4 bits available)

				[= requires 8.7 bits]
				[tipo_testo requires 6.7 bits]
				[tipo_linea_orizzontale requires 6.7 bits]
				[tipo_misto requires 6.7 bits]
				[tipo_linea_obbliqua requires 6.7 bits]
				[tipo_immagine requires 6.7 bits]
				[tipo_vuoto requires 6.7 bits]
				[ultima_pagina tried 1/1] 5.5 secs
				[frame requires 7.7 bits]
				[pagina_1 requires 6.0 bits]
				[on_top requires 9.2 bits]
				[to_right requires 9.2 bits]
				[allineato_al_centro_verticale requires 9.2 bits]
				[allineato_al_centro_orizzontale requires 9.2 bits]
				[altezza_pagina tried 1/1] 5.5 secs
				[larghezza_pagina tried 1/1] 5.5 secs
				[altezza_rettangolo requires 6.4 bits]
				[ascissa_rettangolo requires 6.4 bits]
				[ordinata_rettangolo requires 6.4 bits]
				[larghezza_rettangolo requires 6.4 bits]
				[numero_pagine tried 1/1] 5.5 secs

No literals

Recover to class_jmlr(A) :- pagina_1(A,B), frame(B,C), to_right(C,D), tipo_testo(D), to_right(C,E), tipo_testo(C), to_right(E,F), tipo_testo(F), allineato_al_centro_orizzontale(C,G), on_top(C,D), on_top(G,F).



State (686/783 [5/12], 1.4 bits available)

				[= requires 8.7 bits]
				[tipo_testo requires 6.7 bits]
				[tipo_linea_orizzontale requires 6.7 bits]
				[tipo_misto requires 6.7 bits]
				[tipo_linea_obbliqua requires 6.7 bits]
				[tipo_immagine requires 6.7 bits]
				[tipo_vuoto requires 6.7 bits]
				[ultima_pagina tried 1/1] 5.5 secs
				[frame requires 7.7 bits]
				[pagina_1 requires 6.0 bits]
				[on_top requires 9.2 bits]
				[to_right requires 9.2 bits]
				[allineato_al_centro_verticale requires 9.2 bits]
				[allineato_al_centro_orizzontale requires 9.2 bits]
				[altezza_pagina tried 1/1] 5.5 secs
				[larghezza_pagina tried 1/1] 5.5 secs
				[altezza_rettangolo requires 6.4 bits]
				[ascissa_rettangolo requires 6.4 bits]
				[ordinata_rettangolo requires 6.4 bits]
				[larghezza_rettangolo requires 6.4 bits]
				[numero_pagine tried 1/1] 5.5 secs

No literals

Recover to class_jmlr(A) :- pagina_1(A,B), frame(B,C), to_right(C,D), tipo_testo(D), to_right(C,E), tipo_testo(C), to_right(E,F), tipo_testo(F), allineato_al_centro_orizzontale(C,G), on_top(G,D), on_top(D,H).



State (4629/5318 [5/12], 1.4 bits available)

				[= requires 9.3 bits]
				[tipo_testo requires 7.0 bits]
				[tipo_linea_orizzontale requires 7.0 bits]
				[tipo_misto requires 7.0 bits]
				[tipo_linea_obbliqua requires 7.0 bits]
				[tipo_immagine requires 7.0 bits]
				[tipo_vuoto requires 7.0 bits]
				[ultima_pagina tried 1/1] 5.5 secs
				[frame requires 7.9 bits]
				[pagina_1 requires 6.0 bits]
				[on_top requires 9.6 bits]
				[to_right requires 9.6 bits]
				[allineato_al_centro_verticale requires 9.6 bits]
				[allineato_al_centro_orizzontale requires 9.6 bits]
				[altezza_pagina tried 1/1] 5.5 secs
				[larghezza_pagina tried 1/1] 5.5 secs
				[altezza_rettangolo requires 6.4 bits]
				[ascissa_rettangolo requires 6.4 bits]
				[ordinata_rettangolo requires 6.4 bits]
				[larghezza_rettangolo requires 6.4 bits]
				[numero_pagine tried 1/1] 5.5 secs

No literals

Recover to class_jmlr(A) :- pagina_1(A,B), frame(B,C), to_right(C,D), tipo_testo(D), to_right(C,E), tipo_testo(C), to_right(E,F), tipo_testo(F), allineato_al_centro_orizzontale(C,G), on_top(G,D), on_top(C,F).



State (686/783 [5/12], 1.4 bits available)

				[= requires 8.7 bits]
				[tipo_testo requires 6.7 bits]
				[tipo_linea_orizzontale requires 6.7 bits]
				[tipo_misto requires 6.7 bits]
				[tipo_linea_obbliqua requires 6.7 bits]
				[tipo_immagine requires 6.7 bits]
				[tipo_vuoto requires 6.7 bits]
				[ultima_pagina tried 1/1] 5.5 secs
				[frame requires 7.7 bits]
				[pagina_1 requires 6.0 bits]
				[on_top requires 9.2 bits]
				[to_right requires 9.2 bits]
				[allineato_al_centro_verticale requires 9.2 bits]
				[allineato_al_centro_orizzontale requires 9.2 bits]
				[altezza_pagina tried 1/1] 5.5 secs
				[larghezza_pagina tried 1/1] 5.5 secs
				[altezza_rettangolo requires 6.4 bits]
				[ascissa_rettangolo requires 6.4 bits]
				[ordinata_rettangolo requires 6.4 bits]
				[larghezza_rettangolo requires 6.4 bits]
				[numero_pagine tried 1/1] 5.5 secs

No literals

Recover to class_jmlr(A) :- pagina_1(A,B), frame(B,C), to_right(C,D), tipo_testo(D), to_right(C,E), tipo_testo(C), to_right(E,F), tipo_testo(F), allineato_al_centro_orizzontale(C,G), on_top(G,D), on_top(G,F).



State (686/783 [5/12], 1.4 bits available)

				[= requires 8.7 bits]
				[tipo_testo requires 6.7 bits]
				[tipo_linea_orizzontale requires 6.7 bits]
				[tipo_misto requires 6.7 bits]
				[tipo_linea_obbliqua requires 6.7 bits]
				[tipo_immagine requires 6.7 bits]
				[tipo_vuoto requires 6.7 bits]
				[ultima_pagina tried 1/1] 5.6 secs
				[frame requires 7.7 bits]
				[pagina_1 requires 6.0 bits]
				[on_top requires 9.2 bits]
				[to_right requires 9.2 bits]
				[allineato_al_centro_verticale requires 9.2 bits]
				[allineato_al_centro_orizzontale requires 9.2 bits]
				[altezza_pagina tried 1/1] 5.6 secs
				[larghezza_pagina tried 1/1] 5.6 secs
				[altezza_rettangolo requires 6.4 bits]
				[ascissa_rettangolo requires 6.4 bits]
				[ordinata_rettangolo requires 6.4 bits]
				[larghezza_rettangolo requires 6.4 bits]
				[numero_pagine tried 1/1] 5.6 secs

No literals

Initial clause (7 errs): class_jmlr(A) :- pagina_1(A,B), frame(B,C), to_right(C,D), tipo_testo(D), to_right(C,E), tipo_testo(C), to_right(E,F), tipo_testo(F), allineato_al_centro_orizzontale(C,G), on_top(G,D), on_top(G,F).
		frame(B,C) needed for binding to_right(C,D)
		pagina_1(A,B) needed for binding frame(B,C)

Clause too inaccurate (6/13)

***  Warning: the following definition
***  does not cover 6 tuples in the relation

class_jmlr(A) :- pagina_1(A,B), frame(B,C), to_right(C,D), to_right(D,E), on_top(E,D), tipo_testo(C), allineato_al_centro_verticale(D,F), allineato_al_centro_orizzontale(G,C), on_top(C,F).
class_jmlr(A) :- pagina_1(A,B), frame(B,C), to_right(C,D), to_right(D,E), tipo_testo(C), allineato_al_centro_verticale(F,D), on_top(E,D), on_top(D,F), allineato_al_centro_orizzontale(C,G).

Time 5.6 secs

Test relation class_jmlr
Summary: 0 errors in 35 trials
