FOIL 6.4   [January 1996]
--------

    Options:
	no negated literals
	verbosity level 2

Types Documento and Pagina are not compatible
Types Documento and Frame are not compatible
Types Documento and NumeroPagine are not compatible
Types Documento and LarghezzaPagina are not compatible
Types Documento and AltezzaPagina are not compatible
Types Documento and AscissaRettangolo are not compatible
Types Documento and OrdinataRettangolo are not compatible
Types Documento and LarghezzaRettangolo are not compatible
Types Documento and AltezzaRettangolo are not compatible
Types Pagina and Frame are not compatible
Types Pagina and NumeroPagine are not compatible
Types Pagina and LarghezzaPagina are not compatible
Types Pagina and AltezzaPagina are not compatible
Types Pagina and AscissaRettangolo are not compatible
Types Pagina and OrdinataRettangolo are not compatible
Types Pagina and LarghezzaRettangolo are not compatible
Types Pagina and AltezzaRettangolo are not compatible
Types Frame and NumeroPagine are not compatible
Types Frame and LarghezzaPagina are not compatible
Types Frame and AltezzaPagina are not compatible
Types Frame and AscissaRettangolo are not compatible
Types Frame and OrdinataRettangolo are not compatible
Types Frame and LarghezzaRettangolo are not compatible
Types Frame and AltezzaRettangolo are not compatible
Types NumeroPagine and LarghezzaPagina are not compatible
Types NumeroPagine and AltezzaPagina are not compatible
Types NumeroPagine and AscissaRettangolo are not compatible
Types NumeroPagine and OrdinataRettangolo are not compatible
Types NumeroPagine and LarghezzaRettangolo are not compatible
Types NumeroPagine and AltezzaRettangolo are not compatible
Types LarghezzaPagina and AltezzaPagina are not compatible
Types LarghezzaPagina and AscissaRettangolo are not compatible
Types LarghezzaPagina and OrdinataRettangolo are not compatible
Types LarghezzaPagina and LarghezzaRettangolo are not compatible
Types LarghezzaPagina and AltezzaRettangolo are not compatible
Types AltezzaPagina and AscissaRettangolo are not compatible
Types AltezzaPagina and OrdinataRettangolo are not compatible
Types AltezzaPagina and LarghezzaRettangolo are not compatible
Types AltezzaPagina and AltezzaRettangolo are not compatible
Types AscissaRettangolo and OrdinataRettangolo are not compatible
Types AscissaRettangolo and LarghezzaRettangolo are not compatible
Types AscissaRettangolo and AltezzaRettangolo are not compatible
Types OrdinataRettangolo and LarghezzaRettangolo are not compatible
Types OrdinataRettangolo and AltezzaRettangolo are not compatible
Types LarghezzaRettangolo and AltezzaRettangolo are not compatible

Relation class_jmlr

Relation *allineato_al_centro_orizzontale

Relation *allineato_al_centro_verticale

Relation *altezza_pagina

Relation *larghezza_pagina

Relation *altezza_rettangolo

Relation *ascissa_rettangolo

Relation *ordinata_rettangolo

Relation *larghezza_rettangolo

Relation *frame

Relation *numero_pagine

Relation *on_top

Relation *to_right

Relation *pagina_1

Relation *ultima_pagina

Relation *tipo_immagine

Relation *tipo_linea_obbliqua

Relation *tipo_linea_orizzontale

Relation *tipo_misto

Relation *tipo_testo

Relation *tipo_vuoto

----------
class_jmlr:

State (90/318, 305.0 bits available)

				[pagina_1 tried 1/1] 0.1 secs
				[numero_pagine tried 1/1] 0.1 secs

Determinate literals
	pagina_1(A,B)


State (90/318, 305.0 bits available, 1 weak literal)

				[ultima_pagina tried 1/1] 0.1 secs
				[frame tried 1/1] 0.1 secs
				[pagina_1 tried 1/3] 0.1 secs
				[altezza_pagina tried 1/1] 0.1 secs
				[larghezza_pagina tried 1/1] 0.1 secs
				[numero_pagine tried 1/1] 0.1 secs

Best literal frame(B,C) (2.6 bits)


State (1230/3488 [90/318], 302.5 bits available, 2 weak literals)

				[tipo_testo tried 1/1] 0.1 secs
				[tipo_linea_orizzontale tried 1/1] 0.1 secs
				[tipo_misto tried 1/1] 0.1 secs
				[tipo_linea_obbliqua tried 1/1] 0.1 secs
				[tipo_immagine tried 1/1] 0.1 secs
				[tipo_vuoto tried 1/1] 0.1 secs
				[ultima_pagina tried 1/1] 0.1 secs
				[frame tried 1/3] 0.1 secs
				[pagina_1 tried 2/3] 0.1 secs
				[on_top tried 2/2] 0.1 secs
				[to_right tried 2/2] 0.1 secs
				[allineato_al_centro_verticale tried 2/2] 0.1 secs
				[allineato_al_centro_orizzontale tried 2/2] 0.1 secs
				[altezza_pagina tried 1/1] 0.1 secs
				[larghezza_pagina tried 1/1] 0.1 secs
				[altezza_rettangolo tried 1/1] 0.1 secs
				[ascissa_rettangolo tried 1/1] 0.1 secs
				[ordinata_rettangolo tried 1/1] 0.1 secs
				[larghezza_rettangolo tried 1/1] 0.1 secs
				[numero_pagine tried 1/1] 0.1 secs

	Save clause ending with tipo_vuoto(C) (cover 1, accuracy 100%)

Best literal to_right(C,D) (5.3 bits)


State (7003/14820 [90/317], 298.1 bits available)

				[= tried 1/1] 0.1 secs
				[tipo_testo tried 2/2] 0.1 secs
				[tipo_linea_orizzontale tried 2/2] 0.1 secs
				[tipo_misto tried 2/2] 0.1 secs
				[tipo_linea_obbliqua tried 2/2] 0.1 secs
				[tipo_immagine tried 2/2] 0.1 secs
				[tipo_vuoto tried 2/2] 0.1 secs
				[ultima_pagina tried 1/1] 0.1 secs
				[frame tried 4/5] 0.1 secs
				[pagina_1 tried 2/3] 0.1 secs
				[on_top tried 6/6] 0.1 secs
				[to_right tried 4/6] 0.1 secs
				[allineato_al_centro_verticale tried 6/6] 0.1 secs
				[allineato_al_centro_orizzontale tried 6/6] 0.1 secs
				[altezza_pagina tried 1/1] 0.1 secs
				[larghezza_pagina tried 1/1] 0.1 secs
				[altezza_rettangolo tried 2/2] 0.1 secs
				[ascissa_rettangolo tried 2/2] 0.1 secs
				[ordinata_rettangolo tried 2/2] 0.1 secs
				[larghezza_rettangolo tried 2/2] 0.1 secs
				[numero_pagine tried 1/1] 0.1 secs

	Save tipo_testo(D) (90,314 value 1.6)

Best literal to_right(D,E) (7.0 bits)


State (22397/37595 [90/315], 292.7 bits available)

				[= tried 3/3] 0.1 secs
				[tipo_testo tried 3/3] 0.1 secs
				[tipo_linea_orizzontale tried 3/3] 0.1 secs
				[tipo_misto tried 3/3] 0.2 secs
				[tipo_linea_obbliqua tried 3/3] 0.2 secs
				[tipo_immagine tried 3/3] 0.2 secs
				[tipo_vuoto tried 3/3] 0.2 secs
				[ultima_pagina tried 1/1] 0.2 secs
				[frame tried 5/6] 0.2 secs
				[pagina_1 tried 2/3] 0.2 secs
				[on_top tried 10/10] 0.2 secs
				[to_right tried 7/10] 0.2 secs
				[allineato_al_centro_verticale tried 10/10] 0.2 secs
				[allineato_al_centro_orizzontale tried 10/10] 0.2 secs
				[altezza_pagina tried 1/1] 0.2 secs
				[larghezza_pagina tried 1/1] 0.2 secs
				[altezza_rettangolo tried 2/2] 0.2 secs
				[ascissa_rettangolo tried 2/2] 0.2 secs
				[ordinata_rettangolo tried 2/2] 0.2 secs
				[larghezza_rettangolo tried 2/2] 0.2 secs
				[numero_pagine tried 1/1] 0.2 secs

Best literal tipo_testo(E) (6.0 bits)


State (22138/31537 [90/311], 288.8 bits available)

				[= tried 3/3] 0.3 secs
				[tipo_testo tried 2/3] 0.3 secs
				[tipo_linea_orizzontale tried 3/3] 0.3 secs
				[tipo_misto tried 3/3] 0.3 secs
				[tipo_linea_obbliqua tried 3/3] 0.3 secs
				[tipo_immagine tried 3/3] 0.3 secs
				[tipo_vuoto tried 3/3] 0.3 secs
				[ultima_pagina tried 1/1] 0.3 secs
				[frame tried 5/6] 0.3 secs
				[pagina_1 tried 2/3] 0.3 secs
				[on_top tried 10/10] 0.3 secs
				[to_right tried 8/10] 0.3 secs
				[allineato_al_centro_verticale tried 10/10] 0.3 secs
				[allineato_al_centro_orizzontale tried 6/10] 0.3 secs
				[altezza_pagina tried 1/1] 0.3 secs
				[larghezza_pagina tried 1/1] 0.3 secs
				[altezza_rettangolo tried 2/2] 0.3 secs
				[ascissa_rettangolo tried 2/2] 0.3 secs
				[ordinata_rettangolo tried 2/2] 0.3 secs
				[larghezza_rettangolo tried 2/2] 0.3 secs
				[numero_pagine tried 1/1] 0.3 secs

Best literal tipo_testo(D) (6.0 bits)


State (21724/28937 [90/303], 285.1 bits available)

				[= tried 3/3] 0.4 secs
				[tipo_testo tried 1/3] 0.4 secs
				[tipo_linea_orizzontale tried 3/3] 0.4 secs
				[tipo_misto tried 3/3] 0.4 secs
				[tipo_linea_obbliqua tried 3/3] 0.4 secs
				[tipo_immagine tried 3/3] 0.4 secs
				[tipo_vuoto tried 3/3] 0.4 secs
				[ultima_pagina tried 1/1] 0.4 secs
				[frame tried 5/6] 0.4 secs
				[pagina_1 tried 2/3] 0.4 secs
				[on_top tried 10/10] 0.4 secs
				[to_right tried 8/10] 0.4 secs
				[allineato_al_centro_verticale tried 10/10] 0.4 secs
				[allineato_al_centro_orizzontale tried 6/10] 0.4 secs
				[altezza_pagina tried 1/1] 0.4 secs
				[larghezza_pagina tried 1/1] 0.4 secs
				[altezza_rettangolo tried 2/2] 0.4 secs
				[ascissa_rettangolo tried 2/2] 0.4 secs
				[ordinata_rettangolo tried 2/2] 0.4 secs
				[larghezza_rettangolo tried 2/2] 0.4 secs
				[numero_pagine tried 1/1] 0.4 secs

	Save to_right(F,C) (90,262 value 25.1)

Best literal on_top(E,D) (7.7 bits)


State (9991/12088 [90/215], 280.0 bits available)

				[= tried 3/3] 0.4 secs
				[tipo_testo tried 1/3] 0.4 secs
				[tipo_linea_orizzontale tried 3/3] 0.4 secs
				[tipo_misto tried 3/3] 0.4 secs
				[tipo_linea_obbliqua tried 3/3] 0.4 secs
				[tipo_immagine tried 3/3] 0.4 secs
				[tipo_vuoto tried 3/3] 0.4 secs
				[ultima_pagina tried 1/1] 0.5 secs
				[frame tried 5/6] 0.5 secs
				[pagina_1 tried 2/3] 0.5 secs
				[on_top tried 9/10] 0.5 secs
				[to_right tried 8/10] 0.5 secs
				[allineato_al_centro_verticale tried 10/10] 0.5 secs
				[allineato_al_centro_orizzontale tried 6/10] 0.5 secs
				[altezza_pagina tried 1/1] 0.5 secs
				[larghezza_pagina tried 1/1] 0.5 secs
				[altezza_rettangolo tried 2/2] 0.5 secs
				[ascissa_rettangolo tried 2/2] 0.5 secs
				[ordinata_rettangolo tried 2/2] 0.5 secs
				[larghezza_rettangolo tried 2/2] 0.5 secs
				[numero_pagine tried 1/1] 0.5 secs

Best literal tipo_testo(C) (6.0 bits)


State (9700/11294 [90/202], 276.8 bits available)

				[= tried 3/3] 0.5 secs
				[tipo_testo tried 0/3] 0.5 secs
				[tipo_linea_orizzontale tried 3/3] 0.5 secs
				[tipo_misto tried 3/3] 0.5 secs
				[tipo_linea_obbliqua tried 3/3] 0.5 secs
				[tipo_immagine tried 3/3] 0.5 secs
				[tipo_vuoto tried 3/3] 0.5 secs
				[ultima_pagina tried 1/1] 0.5 secs
				[frame tried 5/6] 0.5 secs
				[pagina_1 tried 2/3] 0.5 secs
				[on_top tried 9/10] 0.5 secs
				[to_right tried 8/10] 0.5 secs
				[allineato_al_centro_verticale tried 10/10] 0.5 secs
				[allineato_al_centro_orizzontale tried 6/10] 0.5 secs
				[altezza_pagina tried 1/1] 0.5 secs
				[larghezza_pagina tried 1/1] 0.5 secs
				[altezza_rettangolo tried 2/2] 0.5 secs
				[ascissa_rettangolo tried 2/2] 0.5 secs
				[ordinata_rettangolo tried 2/2] 0.5 secs
				[larghezza_rettangolo tried 2/2] 0.5 secs
				[numero_pagine tried 1/1] 0.5 secs

	Save allineato_al_centro_verticale(F,D) (87,148 value 91.3)

Best literal allineato_al_centro_verticale(D,F) (7.7 bits)


State (11210/11976 [88/144], 269.1 bits available)

				[= tried 6/6] 0.5 secs
				[tipo_testo tried 1/4] 0.5 secs
				[tipo_linea_orizzontale tried 4/4] 0.5 secs
				[tipo_misto tried 4/4] 0.5 secs
				[tipo_linea_obbliqua tried 4/4] 0.5 secs
				[tipo_immagine tried 4/4] 0.5 secs
				[tipo_vuoto tried 4/4] 0.5 secs
				[ultima_pagina tried 1/1] 0.5 secs
				[frame tried 6/7] 0.5 secs
				[pagina_1 tried 2/3] 0.6 secs
				[on_top tried 15/16] 0.6 secs
				[to_right tried 14/16] 0.6 secs
				[allineato_al_centro_verticale tried 14/16] 0.6 secs
				[allineato_al_centro_orizzontale tried 10/16] 0.6 secs
				[altezza_pagina tried 1/1] 0.6 secs
				[larghezza_pagina tried 1/1] 0.6 secs
				[altezza_rettangolo tried 2/2] 0.6 secs
				[ascissa_rettangolo tried 2/2] 0.6 secs
				[ordinata_rettangolo tried 2/2] 0.6 secs
				[larghezza_rettangolo tried 2/2] 0.6 secs
				[numero_pagine tried 1/1] 0.6 secs

Best literal on_top(C,G) (8.4 bits)


State (78379/82152 [88/144], 263.9 bits available)

				[= tried 10/10] 0.6 secs
				[tipo_testo tried 2/5] 0.6 secs
				[tipo_linea_orizzontale tried 5/5] 0.6 secs
				[tipo_misto tried 5/5] 0.6 secs
				[tipo_linea_obbliqua tried 5/5] 0.6 secs
				[tipo_immagine tried 5/5] 0.6 secs
				[tipo_vuoto tried 5/5] 0.7 secs
				[ultima_pagina tried 1/1] 0.7 secs
				[frame tried 8/9] 0.7 secs
				[pagina_1 tried 2/3] 0.7 secs
				[on_top tried 23/26] 0.8 secs
				[to_right tried 24/26] 0.9 secs
				[allineato_al_centro_verticale tried 24/26] 1.0 secs
				[allineato_al_centro_orizzontale tried 14/26] 1.0 secs
				[altezza_pagina tried 1/1] 1.0 secs
				[larghezza_pagina tried 1/1] 1.0 secs
				[altezza_rettangolo tried 3/3] 1.0 secs
				[ascissa_rettangolo tried 3/3] 1.1 secs
				[ordinata_rettangolo tried 3/3] 1.1 secs
				[larghezza_rettangolo tried 3/3] 1.1 secs
				[numero_pagine tried 1/1] 1.1 secs

	Save on_top(G,F) (86,133 value 102.0)
	Save on_top(D,F) (82,123 value 100.9)
	Save tipo_testo(G) (88,142 value 99.0)
	Save on_top(E,F) (87,132 value 105.6)

Best literal allineato_al_centro_orizzontale(H,C) (9.1 bits)


State (14574/14576 [61/62], 207.4 bits available)

				[= tried 15/15] 1.1 secs
				[tipo_testo tried 3/6] 1.1 secs
				[tipo_linea_orizzontale tried 6/6] 1.1 secs
				[tipo_misto tried 6/6] 1.1 secs
				[tipo_linea_obbliqua tried 6/6] 1.1 secs
				[tipo_immagine tried 6/6] 1.1 secs
				[tipo_vuoto tried 6/6] 1.1 secs
				[ultima_pagina tried 1/1] 1.1 secs
				[frame tried 10/11] 1.1 secs
				[pagina_1 tried 2/3] 1.1 secs
				[on_top tried 35/38] 1.1 secs
				[to_right tried 31/38] 1.2 secs
				[allineato_al_centro_verticale tried 21/38] 1.2 secs
				[allineato_al_centro_orizzontale tried 21/38] 1.2 secs
				[altezza_pagina tried 1/1] 1.2 secs
				[larghezza_pagina tried 1/1] 1.2 secs
				[altezza_rettangolo tried 4/4] 1.2 secs
				[ascissa_rettangolo tried 4/4] 1.2 secs
				[ordinata_rettangolo tried 4/4] 1.2 secs
				[larghezza_rettangolo tried 4/4] 1.2 secs
				[numero_pagine tried 1/1] 1.2 secs

	Save clause ending with D=G (cover 59, accuracy 100%)

	Save on_top(H,D) (59,59 value 106.8)
	Save on_top(C,F) (59,59 value 106.8)
	Save on_top(H,F) (59,59 value 106.8)
	Save to_right(D,H) (54,54 value 97.7)

Best literal on_top(C,D) (9.6 bits)

[Replace by saved clause]

Initial clause (0 errs): class_jmlr(A) :- pagina_1(A,B), frame(B,C), to_right(C,D), to_right(D,E), tipo_testo(E), tipo_testo(D), on_top(E,D), tipo_testo(C), allineato_al_centro_verticale(D,F), on_top(C,G), allineato_al_centro_orizzontale(H,C), D=G.
		to_right(C,D) needed for binding to_right(D,E)
		frame(B,C) needed for binding to_right(C,D)
		pagina_1(A,B) needed for binding frame(B,C)

Clause 0: class_jmlr(A) :- pagina_1(A,B), frame(B,C), to_right(C,D), to_right(D,E), tipo_testo(C), allineato_al_centro_verticale(D,F), on_top(C,D), allineato_al_centro_orizzontale(G,C).

State (21/249, 128.1 bits available)

				[pagina_1 tried 1/1] 1.3 secs
				[numero_pagine tried 1/1] 1.3 secs

Determinate literals
	pagina_1(A,B)


State (21/249, 128.1 bits available, 1 weak literal)

				[ultima_pagina tried 1/1] 1.3 secs
				[frame tried 1/1] 1.3 secs
				[pagina_1 tried 1/3] 1.3 secs
				[altezza_pagina tried 1/1] 1.3 secs
				[larghezza_pagina tried 1/1] 1.3 secs
				[numero_pagine tried 1/1] 1.3 secs

Best literal frame(B,C) (2.6 bits)


State (278/2536 [21/249], 125.5 bits available, 2 weak literals)

				[tipo_testo tried 1/1] 1.3 secs
				[tipo_linea_orizzontale tried 1/1] 1.3 secs
				[tipo_misto tried 1/1] 1.3 secs
				[tipo_linea_obbliqua tried 1/1] 1.3 secs
				[tipo_immagine tried 1/1] 1.3 secs
				[tipo_vuoto tried 1/1] 1.3 secs
				[ultima_pagina tried 1/1] 1.3 secs
				[frame tried 1/3] 1.3 secs
				[pagina_1 tried 2/3] 1.3 secs
				[on_top tried 2/2] 1.3 secs
				[to_right tried 2/2] 1.3 secs
				[allineato_al_centro_verticale tried 2/2] 1.3 secs
				[allineato_al_centro_orizzontale tried 2/2] 1.3 secs
				[altezza_pagina tried 1/1] 1.3 secs
				[larghezza_pagina tried 1/1] 1.3 secs
				[altezza_rettangolo tried 1/1] 1.3 secs
				[ascissa_rettangolo tried 1/1] 1.3 secs
				[ordinata_rettangolo tried 1/1] 1.3 secs
				[larghezza_rettangolo tried 1/1] 1.3 secs
				[numero_pagine tried 1/1] 1.3 secs

Best literal to_right(C,D) (5.3 bits)


State (1525/9342 [21/248], 121.2 bits available)

				[= tried 1/1] 1.3 secs
				[tipo_testo tried 2/2] 1.3 secs
				[tipo_linea_orizzontale tried 2/2] 1.3 secs
				[tipo_misto tried 2/2] 1.3 secs
				[tipo_linea_obbliqua tried 2/2] 1.3 secs
				[tipo_immagine tried 2/2] 1.3 secs
				[tipo_vuoto tried 2/2] 1.3 secs
				[ultima_pagina tried 1/1] 1.3 secs
				[frame tried 4/5] 1.3 secs
				[pagina_1 tried 2/3] 1.3 secs
				[on_top tried 6/6] 1.3 secs
				[to_right tried 4/6] 1.3 secs
				[allineato_al_centro_verticale tried 6/6] 1.3 secs
				[allineato_al_centro_orizzontale tried 6/6] 1.3 secs
				[altezza_pagina tried 1/1] 1.3 secs
				[larghezza_pagina tried 1/1] 1.3 secs
				[altezza_rettangolo tried 2/2] 1.3 secs
				[ascissa_rettangolo tried 2/2] 1.3 secs
				[ordinata_rettangolo tried 2/2] 1.3 secs
				[larghezza_rettangolo tried 2/2] 1.3 secs
				[numero_pagine tried 1/1] 1.3 secs

	Save tipo_testo(D) (21,245 value 0.5)

Best literal to_right(D,E) (7.0 bits)


State (4714/19912 [21/246], 115.8 bits available)

				[= tried 3/3] 1.3 secs
				[tipo_testo tried 3/3] 1.3 secs
				[tipo_linea_orizzontale tried 3/3] 1.3 secs
				[tipo_misto tried 3/3] 1.3 secs
				[tipo_linea_obbliqua tried 3/3] 1.3 secs
				[tipo_immagine tried 3/3] 1.3 secs
				[tipo_vuoto tried 3/3] 1.3 secs
				[ultima_pagina tried 1/1] 1.3 secs
				[frame tried 5/6] 1.3 secs
				[pagina_1 tried 2/3] 1.3 secs
				[on_top tried 10/10] 1.3 secs
				[to_right tried 7/10] 1.3 secs
				[allineato_al_centro_verticale tried 10/10] 1.3 secs
				[allineato_al_centro_orizzontale tried 10/10] 1.3 secs
				[altezza_pagina tried 1/1] 1.3 secs
				[larghezza_pagina tried 1/1] 1.3 secs
				[altezza_rettangolo tried 2/2] 1.3 secs
				[ascissa_rettangolo tried 2/2] 1.3 secs
				[ordinata_rettangolo tried 2/2] 1.3 secs
				[larghezza_rettangolo tried 2/2] 1.3 secs
				[numero_pagine tried 1/1] 1.3 secs

Best literal tipo_testo(E) (6.0 bits)


State (4593/13992 [21/242], 111.8 bits available)

				[= tried 3/3] 1.3 secs
				[tipo_testo tried 2/3] 1.3 secs
				[tipo_linea_orizzontale tried 3/3] 1.3 secs
				[tipo_misto tried 3/3] 1.3 secs
				[tipo_linea_obbliqua tried 3/3] 1.3 secs
				[tipo_immagine tried 3/3] 1.3 secs
				[tipo_vuoto tried 3/3] 1.3 secs
				[ultima_pagina tried 1/1] 1.3 secs
				[frame tried 5/6] 1.3 secs
				[pagina_1 tried 2/3] 1.3 secs
				[on_top tried 10/10] 1.4 secs
				[to_right tried 8/10] 1.4 secs
				[allineato_al_centro_verticale tried 10/10] 1.4 secs
				[allineato_al_centro_orizzontale tried 8/10] 1.4 secs
				[altezza_pagina tried 1/1] 1.4 secs
				[larghezza_pagina tried 1/1] 1.4 secs
				[altezza_rettangolo tried 2/2] 1.4 secs
				[ascissa_rettangolo tried 2/2] 1.4 secs
				[ordinata_rettangolo tried 2/2] 1.4 secs
				[larghezza_rettangolo tried 2/2] 1.4 secs
				[numero_pagine tried 1/1] 1.4 secs

	Save on_top(F,D) (21,241 value 1.0)
	Save tipo_testo(D) (21,234 value 1.9)

Best literal to_right(D,F) (7.7 bits)


State (23597/61162 [21/242], 106.4 bits available, 1 weak literal)

				[= tried 6/6] 1.4 secs
				[tipo_testo tried 3/4] 1.4 secs
				[tipo_linea_orizzontale tried 4/4] 1.4 secs
				[tipo_misto tried 4/4] 1.4 secs
				[tipo_linea_obbliqua tried 4/4] 1.4 secs
				[tipo_immagine tried 4/4] 1.4 secs
				[tipo_vuoto tried 4/4] 1.4 secs
				[ultima_pagina tried 1/1] 1.4 secs
				[frame tried 6/7] 1.4 secs
				[pagina_1 tried 2/3] 1.4 secs
				[on_top tried 16/16] 1.5 secs
				[to_right tried 12/16] 1.5 secs
				[allineato_al_centro_verticale tried 16/16] 1.5 secs
				[allineato_al_centro_orizzontale tried 13/16] 1.5 secs
				[altezza_pagina tried 1/1] 1.6 secs
				[larghezza_pagina tried 1/1] 1.6 secs
				[altezza_rettangolo tried 2/2] 1.6 secs
				[ascissa_rettangolo tried 2/2] 1.6 secs
				[ordinata_rettangolo tried 2/2] 1.6 secs
				[larghezza_rettangolo tried 2/2] 1.6 secs
				[numero_pagine tried 1/1] 1.6 secs

	Save tipo_testo(F) (21,242 value 0.9)
	Save tipo_testo(C) (21,242 value 0.9)

Best literal tipo_testo(D) (6.4 bits)


State (22883/51049 [21/234], 102.6 bits available)

				[= tried 6/6] 1.6 secs
				[tipo_testo tried 2/4] 1.6 secs
				[tipo_linea_orizzontale tried 4/4] 1.6 secs
				[tipo_misto tried 4/4] 1.6 secs
				[tipo_linea_obbliqua tried 4/4] 1.6 secs
				[tipo_immagine tried 4/4] 1.6 secs
				[tipo_vuoto tried 4/4] 1.6 secs
				[ultima_pagina tried 1/1] 1.6 secs
				[frame tried 6/7] 1.6 secs
				[pagina_1 tried 2/3] 1.6 secs
				[on_top tried 16/16] 1.7 secs
				[to_right tried 12/16] 1.7 secs
				[allineato_al_centro_verticale tried 16/16] 1.7 secs
				[allineato_al_centro_orizzontale tried 13/16] 1.7 secs
				[altezza_pagina tried 1/1] 1.7 secs
				[larghezza_pagina tried 1/1] 1.7 secs
				[altezza_rettangolo tried 2/2] 1.7 secs
				[ascissa_rettangolo tried 2/2] 1.7 secs
				[ordinata_rettangolo tried 2/2] 1.8 secs
				[larghezza_rettangolo tried 2/2] 1.8 secs
				[numero_pagine tried 1/1] 1.8 secs

	Save tipo_testo(F) (21,234 value 1.9)

Best literal tipo_testo(C) (6.4 bits)


State (22497/44672 [21/230], 99.0 bits available)

				[= tried 6/6] 1.8 secs
				[tipo_testo tried 1/4] 1.8 secs
				[tipo_linea_orizzontale tried 4/4] 1.8 secs
				[tipo_misto tried 4/4] 1.8 secs
				[tipo_linea_obbliqua tried 4/4] 1.8 secs
				[tipo_immagine tried 4/4] 1.8 secs
				[tipo_vuoto tried 4/4] 1.8 secs
				[ultima_pagina tried 1/1] 1.8 secs
				[frame tried 6/7] 1.8 secs
				[pagina_1 tried 2/3] 1.8 secs
				[on_top tried 16/16] 1.8 secs
				[to_right tried 12/16] 1.9 secs
				[allineato_al_centro_verticale tried 16/16] 1.9 secs
				[allineato_al_centro_orizzontale tried 10/16] 1.9 secs
				[altezza_pagina tried 1/1] 1.9 secs
				[larghezza_pagina tried 1/1] 1.9 secs
				[altezza_rettangolo tried 2/2] 1.9 secs
				[ascissa_rettangolo tried 2/2] 1.9 secs
				[ordinata_rettangolo tried 2/2] 1.9 secs
				[larghezza_rettangolo tried 2/2] 1.9 secs
				[numero_pagine tried 1/1] 1.9 secs

Best literal allineato_al_centro_verticale(G,D) (8.4 bits)


State (28932/40999 [21/144], 93.6 bits available)

				[= tried 10/10] 1.9 secs
				[tipo_testo tried 2/5] 1.9 secs
				[tipo_linea_orizzontale tried 5/5] 1.9 secs
				[tipo_misto tried 5/5] 1.9 secs
				[tipo_linea_obbliqua tried 5/5] 1.9 secs
				[tipo_immagine tried 5/5] 1.9 secs
				[tipo_vuoto tried 5/5] 1.9 secs
				[ultima_pagina tried 1/1] 1.9 secs
				[frame tried 7/8] 2.0 secs
				[pagina_1 tried 2/3] 2.0 secs
				[on_top tried 24/24] 2.0 secs
				[to_right tried 20/24] 2.1 secs
				[allineato_al_centro_verticale tried 22/24] 2.1 secs
				[allineato_al_centro_orizzontale tried 16/24] 2.1 secs
				[altezza_pagina tried 1/1] 2.1 secs
				[larghezza_pagina tried 1/1] 2.1 secs
				[altezza_rettangolo tried 2/2] 2.1 secs
				[ascissa_rettangolo tried 2/2] 2.1 secs
				[ordinata_rettangolo tried 2/2] 2.1 secs
				[larghezza_rettangolo tried 2/2] 2.1 secs
				[numero_pagine tried 1/1] 2.1 secs

	Save on_top(F,D) (21,88 value 31.3)
	Save tipo_testo(F) (21,144 value 16.5)
	Save on_top(E,D) (21,82 value 33.4)
	Save on_top(E,G) (21,104 value 26.3)

Best literal on_top(F,G) (9.0 bits)


State (16837/20686 [21/107], 87.8 bits available)

				[= tried 10/10] 2.1 secs
				[tipo_testo tried 2/5] 2.1 secs
				[tipo_linea_orizzontale tried 5/5] 2.1 secs
				[tipo_misto tried 5/5] 2.1 secs
				[tipo_linea_obbliqua tried 5/5] 2.1 secs
				[tipo_immagine tried 5/5] 2.1 secs
				[tipo_vuoto tried 5/5] 2.1 secs
				[ultima_pagina tried 1/1] 2.1 secs
				[frame tried 7/8] 2.2 secs
				[pagina_1 tried 2/3] 2.2 secs
				[on_top tried 23/24] 2.2 secs
				[to_right tried 21/24] 2.2 secs
				[allineato_al_centro_verticale tried 23/24] 2.2 secs
				[allineato_al_centro_orizzontale tried 20/24] 2.2 secs
				[altezza_pagina tried 1/1] 2.2 secs
				[larghezza_pagina tried 1/1] 2.2 secs
				[altezza_rettangolo tried 2/2] 2.3 secs
				[ascissa_rettangolo tried 2/2] 2.3 secs
				[ordinata_rettangolo tried 2/2] 2.3 secs
				[larghezza_rettangolo tried 2/2] 2.3 secs
				[numero_pagine tried 1/1] 2.3 secs

	Save clause ending with allineato_al_centro_orizzontale(C,H) (cover 19, accuracy 100%)

	Save on_top(E,D) (21,70 value 38.1)

Best literal allineato_al_centro_orizzontale(C,H) (9.0 bits)

Initial clause (0 errs): class_jmlr(A) :- pagina_1(A,B), frame(B,C), to_right(C,D), to_right(D,E), tipo_testo(E), to_right(D,F), tipo_testo(D), tipo_testo(C), allineato_al_centro_verticale(G,D), on_top(F,G), allineato_al_centro_orizzontale(C,H).
		to_right(C,D) needed for binding to_right(D,F)
		frame(B,C) needed for binding to_right(C,D)
		pagina_1(A,B) needed for binding frame(B,C)

Clause 1: class_jmlr(A) :- pagina_1(A,B), frame(B,C), to_right(C,D), to_right(D,E), tipo_testo(C), allineato_al_centro_verticale(F,D), on_top(E,F), allineato_al_centro_orizzontale(C,G).

State (2/230, 26.3 bits available)

				[pagina_1 tried 1/1] 2.3 secs
				[numero_pagine tried 1/1] 2.3 secs

Determinate literals
	pagina_1(A,B)


State (2/230, 26.3 bits available, 1 weak literal)

				[ultima_pagina tried 1/1] 2.3 secs
				[frame tried 1/1] 2.3 secs
				[pagina_1 tried 1/3] 2.3 secs
				[altezza_pagina tried 1/1] 2.3 secs
				[larghezza_pagina tried 1/1] 2.3 secs
				[numero_pagine tried 1/1] 2.3 secs

Best literal frame(B,C) (2.6 bits)


State (25/2283 [2/230], 23.7 bits available, 2 weak literals)

				[tipo_testo tried 1/1] 2.3 secs
				[tipo_linea_orizzontale tried 1/1] 2.3 secs
				[tipo_misto tried 1/1] 2.3 secs
				[tipo_linea_obbliqua tried 1/1] 2.3 secs
				[tipo_immagine tried 1/1] 2.3 secs
				[tipo_vuoto tried 1/1] 2.3 secs
				[ultima_pagina tried 1/1] 2.3 secs
				[frame tried 1/3] 2.3 secs
				[pagina_1 tried 2/3] 2.3 secs
				[on_top tried 2/2] 2.3 secs
				[to_right tried 2/2] 2.3 secs
				[allineato_al_centro_verticale tried 2/2] 2.3 secs
				[allineato_al_centro_orizzontale tried 2/2] 2.3 secs
				[altezza_pagina tried 1/1] 2.3 secs
				[larghezza_pagina tried 1/1] 2.3 secs
				[altezza_rettangolo tried 1/1] 2.3 secs
				[ascissa_rettangolo tried 1/1] 2.3 secs
				[ordinata_rettangolo tried 1/1] 2.3 secs
				[larghezza_rettangolo tried 1/1] 2.3 secs
				[numero_pagine tried 1/1] 2.3 secs

Best literal to_right(C,D) (5.3 bits)


State (126/7943 [2/229], 19.4 bits available)

				[= tried 1/1] 2.3 secs
				[tipo_testo tried 2/2] 2.3 secs
				[tipo_linea_orizzontale tried 2/2] 2.3 secs
				[tipo_misto tried 2/2] 2.3 secs
				[tipo_linea_obbliqua tried 2/2] 2.3 secs
				[tipo_immagine tried 2/2] 2.3 secs
				[tipo_vuoto tried 2/2] 2.3 secs
				[ultima_pagina tried 1/1] 2.3 secs
				[frame tried 4/5] 2.3 secs
				[pagina_1 tried 2/3] 2.3 secs
				[on_top tried 6/6] 2.3 secs
				[to_right tried 4/6] 2.3 secs
				[allineato_al_centro_verticale tried 6/6] 2.3 secs
				[allineato_al_centro_orizzontale tried 6/6] 2.3 secs
				[altezza_pagina tried 1/1] 2.3 secs
				[larghezza_pagina tried 1/1] 2.3 secs
				[altezza_rettangolo tried 2/2] 2.4 secs
				[ascissa_rettangolo tried 2/2] 2.4 secs
				[ordinata_rettangolo tried 2/2] 2.4 secs
				[larghezza_rettangolo tried 2/2] 2.4 secs
				[numero_pagine tried 1/1] 2.4 secs

	Save allineato_al_centro_verticale(E,D) (2,169 value 0.9)
	Save tipo_testo(D) (2,226 value 0.1)
	Save on_top(D,E) (2,229 value 0.0)

Best literal to_right(D,E) (7.0 bits)


State (346/15544 [2/227], 14.0 bits available)

				[= tried 3/3] 2.4 secs
				[tipo_testo tried 3/3] 2.4 secs
				[tipo_linea_orizzontale tried 3/3] 2.4 secs
				[tipo_misto tried 3/3] 2.4 secs
				[tipo_linea_obbliqua tried 3/3] 2.4 secs
				[tipo_immagine tried 3/3] 2.4 secs
				[tipo_vuoto tried 3/3] 2.4 secs
				[ultima_pagina tried 1/1] 2.4 secs
				[frame tried 5/6] 2.4 secs
				[pagina_1 tried 2/3] 2.4 secs
				[on_top tried 10/10] 2.4 secs
				[to_right tried 7/10] 2.4 secs
				[allineato_al_centro_verticale tried 10/10] 2.4 secs
				[allineato_al_centro_orizzontale tried 10/10] 2.4 secs
				[altezza_pagina tried 1/1] 2.4 secs
				[larghezza_pagina tried 1/1] 2.4 secs
				[altezza_rettangolo tried 2/2] 2.4 secs
				[ascissa_rettangolo tried 2/2] 2.4 secs
				[ordinata_rettangolo tried 2/2] 2.4 secs
				[larghezza_rettangolo tried 2/2] 2.4 secs
				[numero_pagine tried 1/1] 2.4 secs

Best literal tipo_testo(E) (6.0 bits)


State (324/9723 [2/223], 10.1 bits available)

				[= tried 3/3] 2.4 secs
				[tipo_testo tried 2/3] 2.4 secs
				[tipo_linea_orizzontale tried 3/3] 2.4 secs
				[tipo_misto tried 3/3] 2.4 secs
				[tipo_linea_obbliqua tried 3/3] 2.4 secs
				[tipo_immagine tried 3/3] 2.4 secs
				[tipo_vuoto tried 3/3] 2.4 secs
				[ultima_pagina tried 1/1] 2.4 secs
				[frame tried 5/6] 2.4 secs
				[pagina_1 tried 2/3] 2.4 secs
				[on_top tried 10/10] 2.4 secs
				[to_right tried 8/10] 2.4 secs
				[allineato_al_centro_verticale tried 10/10] 2.4 secs
				[allineato_al_centro_orizzontale tried 8/10] 2.4 secs
				[altezza_pagina tried 1/1] 2.4 secs
				[larghezza_pagina tried 1/1] 2.4 secs
				[altezza_rettangolo tried 2/2] 2.4 secs
				[ascissa_rettangolo tried 2/2] 2.4 secs
				[ordinata_rettangolo tried 2/2] 2.4 secs
				[larghezza_rettangolo tried 2/2] 2.4 secs
				[numero_pagine tried 1/1] 2.4 secs

Best literal allineato_al_centro_verticale(F,D) (7.7 bits)


State (759/14375 [2/149], 4.7 bits available)

				[= requires 8.0 bits]
				[tipo_testo tried 3/4] 2.4 secs
				[tipo_linea_orizzontale tried 4/4] 2.4 secs
				[tipo_misto tried 4/4] 2.4 secs
				[tipo_linea_obbliqua tried 4/4] 2.4 secs
				[tipo_immagine tried 4/4] 2.4 secs
				[tipo_vuoto tried 4/4] 2.4 secs
				[ultima_pagina tried 1/1] 2.4 secs
				[frame tried 6/7] 2.4 secs
				[pagina_1 tried 2/3] 2.4 secs
				[on_top requires 8.4 bits]
				[to_right requires 8.4 bits]
				[allineato_al_centro_verticale requires 8.4 bits]
				[allineato_al_centro_orizzontale requires 8.4 bits]
				[altezza_pagina tried 1/1] 2.4 secs
				[larghezza_pagina tried 1/1] 2.4 secs
				[altezza_rettangolo tried 2/2] 2.4 secs
				[ascissa_rettangolo tried 2/2] 2.4 secs
				[ordinata_rettangolo tried 2/2] 2.4 secs
				[larghezza_rettangolo tried 2/2] 2.4 secs
				[numero_pagine tried 1/1] 2.4 secs

Best literal tipo_testo(D) (6.4 bits)


State (711/7152 [2/136], 0.9 bits available)

				[= requires 8.0 bits]
				[tipo_testo requires 6.4 bits]
				[tipo_linea_orizzontale requires 6.4 bits]
				[tipo_misto requires 6.4 bits]
				[tipo_linea_obbliqua requires 6.4 bits]
				[tipo_immagine requires 6.4 bits]
				[tipo_vuoto requires 6.4 bits]
				[ultima_pagina requires 4.4 bits]
				[frame requires 7.2 bits]
				[pagina_1 requires 6.0 bits]
				[on_top requires 8.4 bits]
				[to_right requires 8.4 bits]
				[allineato_al_centro_verticale requires 8.4 bits]
				[allineato_al_centro_orizzontale requires 8.4 bits]
				[altezza_pagina requires 4.4 bits]
				[larghezza_pagina requires 4.4 bits]
				[altezza_rettangolo requires 5.4 bits]
				[ascissa_rettangolo requires 5.4 bits]
				[ordinata_rettangolo requires 5.4 bits]
				[larghezza_rettangolo requires 5.4 bits]
				[numero_pagine requires 4.4 bits]

No literals

Recover to class_jmlr(A) :- pagina_1(A,B), frame(B,C), to_right(C,D), allineato_al_centro_verticale(E,D).



State (179/7779 [2/169], 14.0 bits available)

				[= tried 3/3] 2.4 secs
				[tipo_testo tried 3/3] 2.4 secs
				[tipo_linea_orizzontale tried 3/3] 2.4 secs
				[tipo_misto tried 3/3] 2.4 secs
				[tipo_linea_obbliqua tried 3/3] 2.4 secs
				[tipo_immagine tried 3/3] 2.4 secs
				[tipo_vuoto tried 3/3] 2.4 secs
				[ultima_pagina tried 1/1] 2.4 secs
				[frame tried 5/6] 2.5 secs
				[pagina_1 tried 2/3] 2.5 secs
				[on_top tried 10/10] 2.5 secs
				[to_right tried 9/10] 2.5 secs
				[allineato_al_centro_verticale tried 8/10] 2.5 secs
				[allineato_al_centro_orizzontale tried 10/10] 2.5 secs
				[altezza_pagina tried 1/1] 2.5 secs
				[larghezza_pagina tried 1/1] 2.5 secs
				[altezza_rettangolo tried 2/2] 2.5 secs
				[ascissa_rettangolo tried 2/2] 2.5 secs
				[ordinata_rettangolo tried 2/2] 2.5 secs
				[larghezza_rettangolo tried 2/2] 2.5 secs
				[numero_pagine tried 1/1] 2.5 secs

Best literal tipo_testo(D) (6.0 bits)


State (171/4325 [2/158], 10.1 bits available)

				[= tried 3/3] 2.5 secs
				[tipo_testo tried 2/3] 2.5 secs
				[tipo_linea_orizzontale tried 3/3] 2.5 secs
				[tipo_misto tried 3/3] 2.5 secs
				[tipo_linea_obbliqua tried 3/3] 2.5 secs
				[tipo_immagine tried 3/3] 2.5 secs
				[tipo_vuoto tried 3/3] 2.5 secs
				[ultima_pagina tried 1/1] 2.5 secs
				[frame tried 5/6] 2.5 secs
				[pagina_1 tried 2/3] 2.5 secs
				[on_top tried 10/10] 2.5 secs
				[to_right tried 9/10] 2.5 secs
				[allineato_al_centro_verticale tried 8/10] 2.5 secs
				[allineato_al_centro_orizzontale tried 6/10] 2.5 secs
				[altezza_pagina tried 1/1] 2.5 secs
				[larghezza_pagina tried 1/1] 2.5 secs
				[altezza_rettangolo tried 2/2] 2.5 secs
				[ascissa_rettangolo tried 2/2] 2.5 secs
				[ordinata_rettangolo tried 2/2] 2.5 secs
				[larghezza_rettangolo tried 2/2] 2.5 secs
				[numero_pagine tried 1/1] 2.5 secs

Best literal tipo_testo(C) (6.0 bits)


State (161/2677 [2/151], 6.4 bits available)

				[= tried 3/3] 2.5 secs
				[tipo_testo tried 1/3] 2.5 secs
				[tipo_linea_orizzontale tried 3/3] 2.5 secs
				[tipo_misto tried 3/3] 2.5 secs
				[tipo_linea_obbliqua tried 3/3] 2.5 secs
				[tipo_immagine tried 3/3] 2.5 secs
				[tipo_vuoto tried 3/3] 2.5 secs
				[ultima_pagina tried 1/1] 2.5 secs
				[frame tried 5/6] 2.5 secs
				[pagina_1 tried 2/3] 2.5 secs
				[on_top tried 10/10] 2.5 secs
				[to_right tried 9/10] 2.5 secs
				[allineato_al_centro_verticale tried 8/10] 2.5 secs
				[allineato_al_centro_orizzontale tried 6/10] 2.5 secs
				[altezza_pagina tried 1/1] 2.5 secs
				[larghezza_pagina tried 1/1] 2.5 secs
				[altezza_rettangolo tried 2/2] 2.5 secs
				[ascissa_rettangolo tried 2/2] 2.5 secs
				[ordinata_rettangolo tried 2/2] 2.5 secs
				[larghezza_rettangolo tried 2/2] 2.5 secs
				[numero_pagine tried 1/1] 2.5 secs

Best literal to_right(D,F) (7.7 bits)


State (750/6863 [2/135], 1.3 bits available)

				[= requires 8.0 bits]
				[tipo_testo requires 6.4 bits]
				[tipo_linea_orizzontale requires 6.4 bits]
				[tipo_misto requires 6.4 bits]
				[tipo_linea_obbliqua requires 6.4 bits]
				[tipo_immagine requires 6.4 bits]
				[tipo_vuoto requires 6.4 bits]
				[ultima_pagina requires 4.4 bits]
				[frame requires 7.2 bits]
				[pagina_1 requires 6.0 bits]
				[on_top requires 8.4 bits]
				[to_right requires 8.4 bits]
				[allineato_al_centro_verticale requires 8.4 bits]
				[allineato_al_centro_orizzontale requires 8.4 bits]
				[altezza_pagina requires 4.4 bits]
				[larghezza_pagina requires 4.4 bits]
				[altezza_rettangolo requires 5.4 bits]
				[ascissa_rettangolo requires 5.4 bits]
				[ordinata_rettangolo requires 5.4 bits]
				[larghezza_rettangolo requires 5.4 bits]
				[numero_pagine requires 4.4 bits]

No literals

Recover to class_jmlr(A) :- pagina_1(A,B), frame(B,C), to_right(C,D), tipo_testo(D).



State (112/5645 [2/226], 15.6 bits available)

				[= tried 1/1] 2.5 secs
				[tipo_testo tried 1/2] 2.5 secs
				[tipo_linea_orizzontale tried 2/2] 2.5 secs
				[tipo_misto tried 2/2] 2.5 secs
				[tipo_linea_obbliqua tried 2/2] 2.5 secs
				[tipo_immagine tried 2/2] 2.5 secs
				[tipo_vuoto tried 2/2] 2.5 secs
				[ultima_pagina tried 1/1] 2.5 secs
				[frame tried 4/5] 2.5 secs
				[pagina_1 tried 2/3] 2.5 secs
				[on_top tried 6/6] 2.5 secs
				[to_right tried 5/6] 2.5 secs
				[allineato_al_centro_verticale tried 6/6] 2.5 secs
				[allineato_al_centro_orizzontale tried 6/6] 2.5 secs
				[altezza_pagina tried 1/1] 2.5 secs
				[larghezza_pagina tried 1/1] 2.5 secs
				[altezza_rettangolo tried 2/2] 2.5 secs
				[ascissa_rettangolo tried 2/2] 2.5 secs
				[ordinata_rettangolo tried 2/2] 2.5 secs
				[larghezza_rettangolo tried 2/2] 2.5 secs
				[numero_pagine tried 1/1] 2.5 secs

Best literal allineato_al_centro_verticale(E,D) (7.0 bits)


State (171/4325 [2/158], 10.6 bits available)

				[= tried 3/3] 2.5 secs
				[tipo_testo tried 2/3] 2.5 secs
				[tipo_linea_orizzontale tried 3/3] 2.5 secs
				[tipo_misto tried 3/3] 2.5 secs
				[tipo_linea_obbliqua tried 3/3] 2.5 secs
				[tipo_immagine tried 3/3] 2.5 secs
				[tipo_vuoto tried 3/3] 2.5 secs
				[ultima_pagina tried 1/1] 2.5 secs
				[frame tried 5/6] 2.5 secs
				[pagina_1 tried 2/3] 2.5 secs
				[on_top tried 10/10] 2.5 secs
				[to_right tried 9/10] 2.5 secs
				[allineato_al_centro_verticale tried 8/10] 2.5 secs
				[allineato_al_centro_orizzontale tried 6/10] 2.5 secs
				[altezza_pagina tried 1/1] 2.5 secs
				[larghezza_pagina tried 1/1] 2.5 secs
				[altezza_rettangolo tried 2/2] 2.5 secs
				[ascissa_rettangolo tried 2/2] 2.5 secs
				[ordinata_rettangolo tried 2/2] 2.5 secs
				[larghezza_rettangolo tried 2/2] 2.5 secs
				[numero_pagine tried 1/1] 2.5 secs

Best literal tipo_testo(C) (6.0 bits)


State (161/2677 [2/151], 7.0 bits available)

				[= tried 3/3] 2.5 secs
				[tipo_testo tried 1/3] 2.5 secs
				[tipo_linea_orizzontale tried 3/3] 2.5 secs
				[tipo_misto tried 3/3] 2.5 secs
				[tipo_linea_obbliqua tried 3/3] 2.5 secs
				[tipo_immagine tried 3/3] 2.5 secs
				[tipo_vuoto tried 3/3] 2.5 secs
				[ultima_pagina tried 1/1] 2.5 secs
				[frame tried 5/6] 2.5 secs
				[pagina_1 tried 2/3] 2.5 secs
				[on_top tried 10/10] 2.5 secs
				[to_right tried 9/10] 2.5 secs
				[allineato_al_centro_verticale tried 8/10] 2.5 secs
				[allineato_al_centro_orizzontale tried 6/10] 2.5 secs
				[altezza_pagina tried 1/1] 2.5 secs
				[larghezza_pagina tried 1/1] 2.5 secs
				[altezza_rettangolo tried 2/2] 2.5 secs
				[ascissa_rettangolo tried 2/2] 2.5 secs
				[ordinata_rettangolo tried 2/2] 2.5 secs
				[larghezza_rettangolo tried 2/2] 2.5 secs
				[numero_pagine tried 1/1] 2.5 secs

Best literal to_right(D,F) (7.7 bits)


State (750/6863 [2/135], 1.9 bits available)

				[= requires 8.0 bits]
				[tipo_testo requires 6.4 bits]
				[tipo_linea_orizzontale requires 6.4 bits]
				[tipo_misto requires 6.4 bits]
				[tipo_linea_obbliqua requires 6.4 bits]
				[tipo_immagine requires 6.4 bits]
				[tipo_vuoto requires 6.4 bits]
				[ultima_pagina tried 1/1] 2.5 secs
				[frame requires 7.2 bits]
				[pagina_1 requires 6.0 bits]
				[on_top requires 8.4 bits]
				[to_right requires 8.4 bits]
				[allineato_al_centro_verticale requires 8.4 bits]
				[allineato_al_centro_orizzontale requires 8.4 bits]
				[altezza_pagina tried 1/1] 2.5 secs
				[larghezza_pagina tried 1/1] 2.5 secs
				[altezza_rettangolo requires 5.4 bits]
				[ascissa_rettangolo requires 5.4 bits]
				[ordinata_rettangolo requires 5.4 bits]
				[larghezza_rettangolo requires 5.4 bits]
				[numero_pagine tried 1/1] 2.5 secs

No literals

Recover to class_jmlr(A) :- pagina_1(A,B), frame(B,C), to_right(C,D), on_top(D,E).



State (800/39612 [2/229], 14.0 bits available)

				[= tried 3/3] 2.5 secs
				[tipo_testo tried 3/3] 2.5 secs
				[tipo_linea_orizzontale tried 3/3] 2.5 secs
				[tipo_misto tried 3/3] 2.5 secs
				[tipo_linea_obbliqua tried 3/3] 2.5 secs
				[tipo_immagine tried 3/3] 2.5 secs
				[tipo_vuoto tried 3/3] 2.5 secs
				[ultima_pagina tried 1/1] 2.5 secs
				[frame tried 5/6] 2.6 secs
				[pagina_1 tried 2/3] 2.6 secs
				[on_top tried 8/10] 2.6 secs
				[to_right tried 9/10] 2.6 secs
				[allineato_al_centro_verticale tried 10/10] 2.6 secs
				[allineato_al_centro_orizzontale tried 10/10] 2.6 secs
				[altezza_pagina tried 1/1] 2.6 secs
				[larghezza_pagina tried 1/1] 2.6 secs
				[altezza_rettangolo tried 2/2] 2.6 secs
				[ascissa_rettangolo tried 2/2] 2.6 secs
				[ordinata_rettangolo tried 2/2] 2.6 secs
				[larghezza_rettangolo tried 2/2] 2.6 secs
				[numero_pagine tried 1/1] 2.6 secs

Best literal tipo_testo(D) (6.0 bits)


State (776/29328 [2/225], 10.1 bits available)

				[= tried 3/3] 2.6 secs
				[tipo_testo tried 2/3] 2.6 secs
				[tipo_linea_orizzontale tried 3/3] 2.6 secs
				[tipo_misto tried 3/3] 2.6 secs
				[tipo_linea_obbliqua tried 3/3] 2.6 secs
				[tipo_immagine tried 3/3] 2.6 secs
				[tipo_vuoto tried 3/3] 2.6 secs
				[ultima_pagina tried 1/1] 2.6 secs
				[frame tried 5/6] 2.6 secs
				[pagina_1 tried 2/3] 2.6 secs
				[on_top tried 8/10] 2.7 secs
				[to_right tried 9/10] 2.7 secs
				[allineato_al_centro_verticale tried 10/10] 2.7 secs
				[allineato_al_centro_orizzontale tried 6/10] 2.7 secs
				[altezza_pagina tried 1/1] 2.7 secs
				[larghezza_pagina tried 1/1] 2.7 secs
				[altezza_rettangolo tried 2/2] 2.7 secs
				[ascissa_rettangolo tried 2/2] 2.7 secs
				[ordinata_rettangolo tried 2/2] 2.7 secs
				[larghezza_rettangolo tried 2/2] 2.7 secs
				[numero_pagine tried 1/1] 2.7 secs

Best literal allineato_al_centro_verticale(F,D) (7.7 bits)


State (1517/30746 [2/157], 4.7 bits available)

				[= requires 8.0 bits]
				[tipo_testo tried 3/4] 2.7 secs
				[tipo_linea_orizzontale tried 4/4] 2.7 secs
				[tipo_misto tried 4/4] 2.7 secs
				[tipo_linea_obbliqua tried 4/4] 2.7 secs
				[tipo_immagine tried 4/4] 2.7 secs
				[tipo_vuoto tried 4/4] 2.7 secs
				[ultima_pagina tried 1/1] 2.7 secs
				[frame tried 6/7] 2.7 secs
				[pagina_1 tried 2/3] 2.7 secs
				[on_top requires 8.4 bits]
				[to_right requires 8.4 bits]
				[allineato_al_centro_verticale requires 8.4 bits]
				[allineato_al_centro_orizzontale requires 8.4 bits]
				[altezza_pagina tried 1/1] 2.7 secs
				[larghezza_pagina tried 1/1] 2.7 secs
				[altezza_rettangolo tried 2/2] 2.7 secs
				[ascissa_rettangolo tried 2/2] 2.7 secs
				[ordinata_rettangolo tried 2/2] 2.7 secs
				[larghezza_rettangolo tried 2/2] 2.7 secs
				[numero_pagine tried 1/1] 2.7 secs

Best literal tipo_testo(C) (6.4 bits)


State (1439/18403 [2/150], 0.9 bits available)

				[= requires 8.0 bits]
				[tipo_testo requires 6.4 bits]
				[tipo_linea_orizzontale requires 6.4 bits]
				[tipo_misto requires 6.4 bits]
				[tipo_linea_obbliqua requires 6.4 bits]
				[tipo_immagine requires 6.4 bits]
				[tipo_vuoto requires 6.4 bits]
				[ultima_pagina requires 4.4 bits]
				[frame requires 7.2 bits]
				[pagina_1 requires 6.0 bits]
				[on_top requires 8.4 bits]
				[to_right requires 8.4 bits]
				[allineato_al_centro_verticale requires 8.4 bits]
				[allineato_al_centro_orizzontale requires 8.4 bits]
				[altezza_pagina requires 4.4 bits]
				[larghezza_pagina requires 4.4 bits]
				[altezza_rettangolo requires 5.4 bits]
				[ascissa_rettangolo requires 5.4 bits]
				[ordinata_rettangolo requires 5.4 bits]
				[larghezza_rettangolo requires 5.4 bits]
				[numero_pagine requires 4.4 bits]

No literals

Initial clause (148 errs): class_jmlr(A) :- pagina_1(A,B), frame(B,C), to_right(C,D), on_top(D,E), tipo_testo(D), allineato_al_centro_verticale(F,D), tipo_testo(C).
		to_right(C,D) needed for binding on_top(D,E)
		frame(B,C) needed for binding to_right(C,D)
		pagina_1(A,B) needed for binding frame(B,C)

Clause too inaccurate (2/150)

***  Warning: the following definition
***  does not cover 2 tuples in the relation

class_jmlr(A) :- pagina_1(A,B), frame(B,C), to_right(C,D), to_right(D,E), tipo_testo(C), allineato_al_centro_verticale(D,F), on_top(C,D), allineato_al_centro_orizzontale(G,C).
class_jmlr(A) :- pagina_1(A,B), frame(B,C), to_right(C,D), to_right(D,E), tipo_testo(C), allineato_al_centro_verticale(F,D), on_top(E,F), allineato_al_centro_orizzontale(C,G).

Time 2.7 secs

Test relation class_jmlr
Summary: 0 errors in 35 trials
