mar 19 ago 2014, 09.29.05, CEST
lusio-laptop
[settings]
        cache_clauselength=5
        caching=true
        check_useless=true
        clauselength=8
        clauses=8
        construct_bottom=saturation
        depth=15
        evalfn=coverage
        explore=false
        greedy=true
        gsamplesize=100
        i=10
        lazy_on_contradiction=true
        lazy_on_cost=false
        minpos=2
        nodes=50000
        noise=0
        print=4
        prior=0.170347003154574
        proof_strategy=restricted_sld
        prune_defs=false
        record=true
        recordfile=./elsevier_f9.log
        refine=false
        refineop=false
        rulefile=./elsevier_f9.rul
        samplesize=1
        search=bf
        splitvars=false
        stage=command
        test_neg=./elsevier_f9_test.n
        test_pos=./elsevier_f9_test.f
        thread=8
        train_neg=elsevier_f9.n
        train_pos=elsevier_f9.f
        verbosity=0
        version=2.7.5
[sat] [23]
[-------------------------------------]
[found clause]
class_elsevier(A) :-
   pagina_1(A,B), larghezza_pagina(B,596.0).
[pos-neg] [12]
[clause label] [[12,0,3,12]]
[clauses explored] [21]
[-------------------------------------]
[-------------------------------------]
[found clause]
class_elsevier(A) :-
   pagina_1(A,B), frame(B,C), altezza_rettangolo(C,0.0011876485).
[pos-neg] [27]
[clause label] [[27,0,4,27]]
[clauses explored] [58]
[-------------------------------------]
[-------------------------------------]
[found clause]
class_elsevier(A) :-
   pagina_1(A,B), frame(B,C), allineato_al_centro_verticale(C,D), tipo_linea_orizzontale(D), 
   tipo_misto(C).
[pos-neg] [30]
[clause label] [[30,0,6,30]]
[clauses explored] [7320]
[-------------------------------------]
[clauses constructed] [50000]
[search time] [11.749]
[best clause]
class_elsevier(A) :-
   pagina_1(A,B), frame(B,C), allineato_al_centro_verticale(C,D), tipo_linea_orizzontale(D), 
   tipo_misto(C).
[sat] [11]
[-------------------------------------]
[found clause]
class_elsevier(A) :-
   pagina_1(A,B), altezza_pagina(B,841.0).
[pos-neg] [7]
[clause label] [[7,0,3,7]]
[clauses explored] [5]
[-------------------------------------]
[-------------------------------------]
[found clause]
class_elsevier(A) :-
   pagina_1(A,B), frame(B,C), larghezza_rettangolo(C,0.6084034).
[pos-neg] [8]
[clause label] [[8,0,4,8]]
[clauses explored] [35]
[-------------------------------------]
[-------------------------------------]
[found clause]
class_elsevier(A) :-
   pagina_1(A,B), frame(B,C), larghezza_rettangolo(C,0.0605042).
[pos-neg] [13]
[clause label] [[13,0,4,13]]
[clauses explored] [72]
[-------------------------------------]
[-------------------------------------]
[found clause]
class_elsevier(A) :-
   pagina_1(A,B), frame(B,C), allineato_al_centro_verticale(C,D), tipo_misto(D), 
   tipo_linea_orizzontale(C).
[pos-neg] [14]
[clause label] [[14,0,6,14]]
[clauses explored] [4614]
[-------------------------------------]
[-------------------------------------]
[found clause]
class_elsevier(A) :-
   pagina_1(A,B), frame(B,C), on_top(C,D), allineato_al_centro_verticale(D,E), 
   tipo_linea_orizzontale(E), tipo_misto(C).
[pos-neg] [16]
[clause label] [[16,0,7,16]]
[clauses explored] [33908]
[-------------------------------------]
[clauses constructed] [50000]
[search time] [13.314]
[best clause]
class_elsevier(A) :-
   pagina_1(A,B), frame(B,C), on_top(C,D), allineato_al_centro_verticale(D,E), 
   tipo_linea_orizzontale(E), tipo_misto(C).
[sat] [6]
[-------------------------------------]
[found clause]
class_elsevier(A) :-
   pagina_1(A,B), altezza_pagina(B,743.0).
[pos-neg] [2]
[clause label] [[2,0,3,2]]
[clauses explored] [5]
[-------------------------------------]
[-------------------------------------]
[found clause]
class_elsevier(A) :-
   pagina_1(A,B), larghezza_pagina(B,544.0).
[pos-neg] [3]
[clause label] [[3,0,3,3]]
[clauses explored] [14]
[-------------------------------------]
[clauses constructed] [50000]
[search time] [13.762]
[best clause]
class_elsevier(A) :-
   pagina_1(A,B), larghezza_pagina(B,544.0).
[sat] [39]
[-------------------------------------]
[found clause]
class_elsevier(A) :-
   pagina_1(A,B), frame(B,C), altezza_rettangolo(C,0.07363421).
[pos-neg] [5]
[clause label] [[5,0,4,5]]
[clauses explored] [43]
[-------------------------------------]
[clauses constructed] [63]
[search time] [0.00300000000000011]
[best clause]
class_elsevier(A) :-
   pagina_1(A,B), frame(B,C), altezza_rettangolo(C,0.07363421).

[theory]

[Rule 1] [Pos cover = 30 Neg cover = 0]
class_elsevier(A) :-
   pagina_1(A,B), frame(B,C), allineato_al_centro_verticale(C,D), tipo_linea_orizzontale(D), 
   tipo_misto(C).
[pos-neg] [30]

[Rule 2] [Pos cover = 46 Neg cover = 0]
class_elsevier(A) :-
   pagina_1(A,B), frame(B,C), on_top(C,D), allineato_al_centro_verticale(D,E), 
   tipo_linea_orizzontale(E), tipo_misto(C).
[pos-neg] [46]

[Rule 3] [Pos cover = 3 Neg cover = 0]
class_elsevier(A) :-
   pagina_1(A,B), larghezza_pagina(B,544.0).
[pos-neg] [3]

[Rule 4] [Pos cover = 27 Neg cover = 0]
class_elsevier(A) :-
   pagina_1(A,B), frame(B,C), altezza_rettangolo(C,0.07363421).
[pos-neg] [27]

[Training set performance]
           Actual
        +          -  
     + 54         0         54 
Pred 
     -  0         263        263 

       54        263        317 

Accuracy = 1.0
[Training set summary] [[54,0,0,263]]
[Test set performance]
          Actual
       +        - 
     + 7        0        7 
Pred 
     - 0        29        29 

       7        29        36 

Accuracy = 1.0
[Test set summary] [[7,0,0,29]]
[time taken] [39.058]

