mar 19 ago 2014, 09.25.33, CEST
lusio-laptop
[settings]
        cache_clauselength=5
        caching=true
        check_useless=true
        clauselength=8
        clauses=8
        construct_bottom=saturation
        depth=15
        evalfn=coverage
        explore=false
        greedy=true
        gsamplesize=100
        i=10
        lazy_on_contradiction=true
        lazy_on_cost=false
        minpos=2
        nodes=50000
        noise=0
        print=4
        prior=0.172955974842767
        proof_strategy=restricted_sld
        prune_defs=false
        record=true
        recordfile=./elsevier_f4.log
        refine=false
        refineop=false
        rulefile=./elsevier_f4.rul
        samplesize=1
        search=bf
        splitvars=false
        stage=command
        test_neg=./elsevier_f4_test.n
        test_pos=./elsevier_f4_test.f
        thread=8
        train_neg=elsevier_f4.n
        train_pos=elsevier_f4.f
        verbosity=0
        version=2.7.5
[sat] [52]
[-------------------------------------]
[found clause]
class_elsevier(A) :-
   pagina_1(A,B), larghezza_pagina(B,596.0).
[pos-neg] [13]
[clause label] [[13,0,3,13]]
[clauses explored] [21]
[-------------------------------------]
[-------------------------------------]
[found clause]
class_elsevier(A) :-
   pagina_1(A,B), frame(B,C), altezza_rettangolo(C,0.0011876485).
[pos-neg] [29]
[clause label] [[29,0,4,29]]
[clauses explored] [63]
[-------------------------------------]
[-------------------------------------]
[found clause]
class_elsevier(A) :-
   pagina_1(A,B), frame(B,C), altezza_rettangolo(C,0.07363421).
[pos-neg] [30]
[clause label] [[30,0,4,30]]
[clauses explored] [179]
[-------------------------------------]
[-------------------------------------]
[found clause]
class_elsevier(A) :-
   pagina_1(A,B), frame(B,C), allineato_al_centro_verticale(C,D), tipo_linea_orizzontale(D), 
   tipo_misto(C).
[pos-neg] [31]
[clause label] [[31,0,6,31]]
[clauses explored] [6587]
[-------------------------------------]
[clauses constructed] [50000]
[search time] [12.704]
[best clause]
class_elsevier(A) :-
   pagina_1(A,B), frame(B,C), allineato_al_centro_verticale(C,D), tipo_linea_orizzontale(D), 
   tipo_misto(C).
[sat] [32]
[-------------------------------------]
[found clause]
class_elsevier(A) :-
   pagina_1(A,B), frame(B,C), ascissa_rettangolo(C,0.50252104).
[pos-neg] [3]
[clause label] [[3,0,4,3]]
[clauses explored] [40]
[-------------------------------------]
[-------------------------------------]
[found clause]
class_elsevier(A) :-
   pagina_1(A,B), frame(B,C), altezza_rettangolo(C,0.0011876485).
[pos-neg] [8]
[clause label] [[8,0,4,8]]
[clauses explored] [53]
[-------------------------------------]
[-------------------------------------]
[found clause]
class_elsevier(A) :-
   pagina_1(A,B), frame(B,C), larghezza_rettangolo(C,0.0605042).
[pos-neg] [14]
[clause label] [[14,0,4,14]]
[clauses explored] [55]
[-------------------------------------]
[-------------------------------------]
[found clause]
class_elsevier(A) :-
   pagina_1(A,B), frame(B,C), allineato_al_centro_verticale(C,D), tipo_linea_orizzontale(D), 
   frame(B,E), tipo_misto(E).
[pos-neg] [16]
[clause label] [[16,0,7,16]]
[clauses explored] [16696]
[-------------------------------------]
[clauses constructed] [50000]
[search time] [18.184]
[best clause]
class_elsevier(A) :-
   pagina_1(A,B), frame(B,C), allineato_al_centro_verticale(C,D), tipo_linea_orizzontale(D), 
   frame(B,E), tipo_misto(E).
[sat] [33]
[-------------------------------------]
[found clause]
class_elsevier(A) :-
   pagina_1(A,B), frame(B,C), altezza_rettangolo(C,0.07363421).
[pos-neg] [6]
[clause label] [[6,0,4,6]]
[clauses explored] [43]
[-------------------------------------]
[clauses constructed] [50000]
[search time] [13.237]
[best clause]
class_elsevier(A) :-
   pagina_1(A,B), frame(B,C), altezza_rettangolo(C,0.07363421).
[sat] [6]
[-------------------------------------]
[found clause]
class_elsevier(A) :-
   pagina_1(A,B), altezza_pagina(B,743.0).
[pos-neg] [2]
[clause label] [[2,0,3,2]]
[clauses explored] [5]
[-------------------------------------]
[clauses constructed] [15]
[search time] [0.00100000000000477]
[best clause]
class_elsevier(A) :-
   pagina_1(A,B), altezza_pagina(B,743.0).

[theory]

[Rule 1] [Pos cover = 31 Neg cover = 0]
class_elsevier(A) :-
   pagina_1(A,B), frame(B,C), allineato_al_centro_verticale(C,D), tipo_linea_orizzontale(D), 
   tipo_misto(C).
[pos-neg] [31]

[Rule 2] [Pos cover = 47 Neg cover = 0]
class_elsevier(A) :-
   pagina_1(A,B), frame(B,C), allineato_al_centro_verticale(C,D), tipo_linea_orizzontale(D), 
   frame(B,E), tipo_misto(E).
[pos-neg] [47]

[Rule 3] [Pos cover = 30 Neg cover = 0]
class_elsevier(A) :-
   pagina_1(A,B), frame(B,C), altezza_rettangolo(C,0.07363421).
[pos-neg] [30]

[Rule 4] [Pos cover = 2 Neg cover = 0]
class_elsevier(A) :-
   pagina_1(A,B), altezza_pagina(B,743.0).
[pos-neg] [2]

[Training set performance]
           Actual
        +          -  
     + 55         0         55 
Pred 
     -  0         263        263 

       55        263        318 

Accuracy = 1.0
[Training set summary] [[55,0,0,263]]
[Test set performance]
          Actual
       +        - 
     + 5        0        5 
Pred 
     - 1        29        30 

       6        29        35 

Accuracy = 0.971428571428571
[Test set summary] [[5,0,1,29]]
[time taken] [44.366]

