FOIL 6.4   [January 1996]
--------

    Options:
	no negated literals
	verbosity level 2

Types Documento and Pagina are not compatible
Types Documento and Frame are not compatible
Types Documento and NumeroPagine are not compatible
Types Documento and LarghezzaPagina are not compatible
Types Documento and AltezzaPagina are not compatible
Types Documento and AscissaRettangolo are not compatible
Types Documento and OrdinataRettangolo are not compatible
Types Documento and LarghezzaRettangolo are not compatible
Types Documento and AltezzaRettangolo are not compatible
Types Pagina and Frame are not compatible
Types Pagina and NumeroPagine are not compatible
Types Pagina and LarghezzaPagina are not compatible
Types Pagina and AltezzaPagina are not compatible
Types Pagina and AscissaRettangolo are not compatible
Types Pagina and OrdinataRettangolo are not compatible
Types Pagina and LarghezzaRettangolo are not compatible
Types Pagina and AltezzaRettangolo are not compatible
Types Frame and NumeroPagine are not compatible
Types Frame and LarghezzaPagina are not compatible
Types Frame and AltezzaPagina are not compatible
Types Frame and AscissaRettangolo are not compatible
Types Frame and OrdinataRettangolo are not compatible
Types Frame and LarghezzaRettangolo are not compatible
Types Frame and AltezzaRettangolo are not compatible
Types NumeroPagine and LarghezzaPagina are not compatible
Types NumeroPagine and AltezzaPagina are not compatible
Types NumeroPagine and AscissaRettangolo are not compatible
Types NumeroPagine and OrdinataRettangolo are not compatible
Types NumeroPagine and LarghezzaRettangolo are not compatible
Types NumeroPagine and AltezzaRettangolo are not compatible
Types LarghezzaPagina and AltezzaPagina are not compatible
Types LarghezzaPagina and AscissaRettangolo are not compatible
Types LarghezzaPagina and OrdinataRettangolo are not compatible
Types LarghezzaPagina and LarghezzaRettangolo are not compatible
Types LarghezzaPagina and AltezzaRettangolo are not compatible
Types AltezzaPagina and AscissaRettangolo are not compatible
Types AltezzaPagina and OrdinataRettangolo are not compatible
Types AltezzaPagina and LarghezzaRettangolo are not compatible
Types AltezzaPagina and AltezzaRettangolo are not compatible
Types AscissaRettangolo and OrdinataRettangolo are not compatible
Types AscissaRettangolo and LarghezzaRettangolo are not compatible
Types AscissaRettangolo and AltezzaRettangolo are not compatible
Types OrdinataRettangolo and LarghezzaRettangolo are not compatible
Types OrdinataRettangolo and AltezzaRettangolo are not compatible
Types LarghezzaRettangolo and AltezzaRettangolo are not compatible

Relation class_svln

Relation *allineato_al_centro_orizzontale

Relation *allineato_al_centro_verticale

Relation *altezza_pagina

Relation *larghezza_pagina

Relation *altezza_rettangolo

Relation *ascissa_rettangolo

Relation *ordinata_rettangolo

Relation *larghezza_rettangolo

Relation *frame

Relation *numero_pagine

Relation *on_top

Relation *to_right

Relation *pagina_1

Relation *ultima_pagina

Relation *tipo_immagine

Relation *tipo_linea_obbliqua

Relation *tipo_linea_orizzontale

Relation *tipo_misto

Relation *tipo_testo

Relation *tipo_vuoto

----------
class_svln:

State (63/318, 255.8 bits available)

				[pagina_1 tried 1/1] 0.1 secs
				[numero_pagine tried 1/1] 0.1 secs

Determinate literals
	pagina_1(A,B)


State (63/318, 255.8 bits available, 1 weak literal)

				[ultima_pagina tried 1/1] 0.1 secs
				[frame tried 1/1] 0.1 secs
				[pagina_1 tried 1/3] 0.1 secs
				[altezza_pagina tried 1/1] 0.1 secs
				[larghezza_pagina tried 1/1] 0.1 secs
				[numero_pagine tried 1/1] 0.1 secs

Best literal frame(B,C) (2.6 bits)


State (502/3504 [63/318], 253.2 bits available, 2 weak literals)

				[tipo_testo tried 1/1] 0.1 secs
				[tipo_linea_orizzontale tried 1/1] 0.1 secs
				[tipo_misto tried 1/1] 0.1 secs
				[tipo_linea_obbliqua tried 1/1] 0.1 secs
				[tipo_immagine tried 1/1] 0.1 secs
				[tipo_vuoto tried 1/1] 0.1 secs
				[ultima_pagina tried 1/1] 0.1 secs
				[frame tried 1/3] 0.1 secs
				[pagina_1 tried 2/3] 0.1 secs
				[on_top tried 2/2] 0.1 secs
				[to_right tried 2/2] 0.1 secs
				[allineato_al_centro_verticale tried 2/2] 0.1 secs
				[allineato_al_centro_orizzontale tried 2/2] 0.1 secs
				[altezza_pagina tried 1/1] 0.1 secs
				[larghezza_pagina tried 1/1] 0.1 secs
				[altezza_rettangolo tried 1/1] 0.1 secs
				[ascissa_rettangolo tried 1/1] 0.1 secs
				[ordinata_rettangolo tried 1/1] 0.1 secs
				[larghezza_rettangolo tried 1/1] 0.1 secs
				[numero_pagine tried 1/1] 0.1 secs

Best literal tipo_misto(C) (4.3 bits)


State (115/213 [62/144], 247.6 bits available)

				[tipo_testo tried 1/1] 0.1 secs
				[tipo_linea_orizzontale tried 1/1] 0.1 secs
				[tipo_misto tried 0/1] 0.1 secs
				[tipo_linea_obbliqua tried 1/1] 0.1 secs
				[tipo_immagine tried 1/1] 0.1 secs
				[tipo_vuoto tried 1/1] 0.1 secs
				[ultima_pagina tried 1/1] 0.1 secs
				[frame tried 2/3] 0.1 secs
				[pagina_1 tried 2/3] 0.1 secs
				[on_top tried 2/2] 0.1 secs
				[to_right tried 2/2] 0.1 secs
				[allineato_al_centro_verticale tried 2/2] 0.1 secs
				[allineato_al_centro_orizzontale tried 2/2] 0.1 secs
				[altezza_pagina tried 1/1] 0.1 secs
				[larghezza_pagina tried 1/1] 0.1 secs
				[altezza_rettangolo tried 1/1] 0.1 secs
				[ascissa_rettangolo tried 1/1] 0.1 secs
				[ordinata_rettangolo tried 1/1] 0.1 secs
				[larghezza_rettangolo tried 1/1] 0.1 secs
				[numero_pagine tried 1/1] 0.1 secs

	Save to_right(D,C) (59,86 value 105.1)

Best literal on_top(D,C) (5.3 bits)


State (732/1093 [62/109], 243.9 bits available)

				[= tried 1/1] 0.1 secs
				[tipo_testo tried 2/2] 0.1 secs
				[tipo_linea_orizzontale tried 2/2] 0.1 secs
				[tipo_misto tried 1/2] 0.1 secs
				[tipo_linea_obbliqua tried 2/2] 0.1 secs
				[tipo_immagine tried 2/2] 0.1 secs
				[tipo_vuoto tried 2/2] 0.1 secs
				[ultima_pagina tried 1/1] 0.1 secs
				[frame tried 4/5] 0.1 secs
				[pagina_1 tried 2/3] 0.1 secs
				[on_top tried 4/6] 0.1 secs
				[to_right tried 6/6] 0.1 secs
				[allineato_al_centro_verticale tried 6/6] 0.1 secs
				[allineato_al_centro_orizzontale tried 4/6] 0.1 secs
				[altezza_pagina tried 1/1] 0.1 secs
				[larghezza_pagina tried 1/1] 0.1 secs
				[altezza_rettangolo tried 2/2] 0.1 secs
				[ascissa_rettangolo tried 2/2] 0.1 secs
				[ordinata_rettangolo tried 2/2] 0.1 secs
				[larghezza_rettangolo tried 2/2] 0.1 secs
				[numero_pagine tried 1/1] 0.1 secs

	Save clause ending with tipo_misto(D) (cover 37, accuracy 82%)

	Save to_right(E,C) (59,83 value 108.1)

Best literal to_right(D,C) (7.0 bits)


State (351/410 [59/83], 232.1 bits available)

				[= tried 1/1] 0.1 secs
				[tipo_testo tried 2/2] 0.1 secs
				[tipo_linea_orizzontale tried 2/2] 0.1 secs
				[tipo_misto tried 1/2] 0.1 secs
				[tipo_linea_obbliqua tried 2/2] 0.1 secs
				[tipo_immagine tried 2/2] 0.1 secs
				[tipo_vuoto tried 2/2] 0.1 secs
				[ultima_pagina tried 1/1] 0.1 secs
				[frame tried 4/5] 0.1 secs
				[pagina_1 tried 2/3] 0.1 secs
				[on_top tried 4/6] 0.1 secs
				[to_right tried 5/6] 0.1 secs
				[allineato_al_centro_verticale tried 5/6] 0.1 secs
				[allineato_al_centro_orizzontale tried 4/6] 0.1 secs
				[altezza_pagina tried 1/1] 0.1 secs
				[larghezza_pagina tried 1/1] 0.1 secs
				[altezza_rettangolo tried 2/2] 0.1 secs
				[ascissa_rettangolo tried 2/2] 0.1 secs
				[ordinata_rettangolo tried 2/2] 0.1 secs
				[larghezza_rettangolo tried 2/2] 0.1 secs
				[numero_pagine tried 1/1] 0.1 secs

	Save clause ending with tipo_testo(D) (cover 59, accuracy 89%)

	Save allineato_al_centro_verticale(D,E) (59,73 value 118.9)

Best literal allineato_al_centro_verticale(E,D) (7.0 bits)


State (727/794 [59/75], 227.4 bits available)

				[= tried 3/3] 0.1 secs
				[tipo_testo tried 3/3] 0.1 secs
				[tipo_linea_orizzontale tried 3/3] 0.1 secs
				[tipo_misto tried 2/3] 0.1 secs
				[tipo_linea_obbliqua tried 3/3] 0.1 secs
				[tipo_immagine tried 3/3] 0.1 secs
				[tipo_vuoto tried 3/3] 0.1 secs
				[ultima_pagina tried 1/1] 0.1 secs
				[frame tried 5/6] 0.1 secs
				[pagina_1 tried 2/3] 0.1 secs
				[on_top tried 7/10] 0.1 secs
				[to_right tried 9/10] 0.1 secs
				[allineato_al_centro_verticale tried 6/10] 0.1 secs
				[allineato_al_centro_orizzontale tried 6/10] 0.1 secs
				[altezza_pagina tried 1/1] 0.1 secs
				[larghezza_pagina tried 1/1] 0.1 secs
				[altezza_rettangolo tried 2/2] 0.1 secs
				[ascissa_rettangolo tried 2/2] 0.1 secs
				[ordinata_rettangolo tried 2/2] 0.1 secs
				[larghezza_rettangolo tried 2/2] 0.1 secs
				[numero_pagine tried 1/1] 0.1 secs

	Save clause ending with tipo_testo(D) (cover 59, accuracy 90%)

	Save tipo_testo(E) (59,65 value 128.6)

Best literal on_top(E,C) (7.7 bits)


State (725/780 [59/65], 222.3 bits available)

				[= tried 3/3] 0.1 secs
				[tipo_testo tried 3/3] 0.1 secs
				[tipo_linea_orizzontale tried 3/3] 0.1 secs
				[tipo_misto tried 2/3] 0.1 secs
				[tipo_linea_obbliqua tried 3/3] 0.1 secs
				[tipo_immagine tried 3/3] 0.1 secs
				[tipo_vuoto tried 3/3] 0.1 secs
				[ultima_pagina tried 1/1] 0.1 secs
				[frame tried 5/6] 0.1 secs
				[pagina_1 tried 2/3] 0.1 secs
				[on_top tried 8/10] 0.1 secs
				[to_right tried 9/10] 0.1 secs
				[allineato_al_centro_verticale tried 7/10] 0.1 secs
				[allineato_al_centro_orizzontale tried 6/10] 0.1 secs
				[altezza_pagina tried 1/1] 0.1 secs
				[larghezza_pagina tried 1/1] 0.1 secs
				[altezza_rettangolo tried 2/2] 0.1 secs
				[ascissa_rettangolo tried 2/2] 0.1 secs
				[ordinata_rettangolo tried 2/2] 0.1 secs
				[larghezza_rettangolo tried 2/2] 0.1 secs
				[numero_pagine tried 1/1] 0.1 secs

	Save clause ending with to_right(D,E) (cover 53, accuracy 94%)

	Save to_right(D,E) (53,56 value 118.7)
	Save to_right(E,D) (53,57 value 117.4)

Best literal on_top(D,E) (7.7 bits)


State (380/403 [57/63], 212.6 bits available)

				[= tried 3/3] 0.1 secs
				[tipo_testo tried 3/3] 0.1 secs
				[tipo_linea_orizzontale tried 3/3] 0.1 secs
				[tipo_misto tried 2/3] 0.1 secs
				[tipo_linea_obbliqua tried 3/3] 0.1 secs
				[tipo_immagine tried 3/3] 0.1 secs
				[tipo_vuoto tried 3/3] 0.1 secs
				[ultima_pagina tried 1/1] 0.1 secs
				[frame tried 5/6] 0.1 secs
				[pagina_1 tried 2/3] 0.1 secs
				[on_top tried 5/10] 0.1 secs
				[to_right tried 9/10] 0.1 secs
				[allineato_al_centro_verticale tried 7/10] 0.1 secs
				[allineato_al_centro_orizzontale tried 6/10] 0.1 secs
				[altezza_pagina tried 1/1] 0.1 secs
				[larghezza_pagina tried 1/1] 0.1 secs
				[altezza_rettangolo tried 2/2] 0.1 secs
				[ascissa_rettangolo tried 2/2] 0.1 secs
				[ordinata_rettangolo tried 2/2] 0.1 secs
				[larghezza_rettangolo tried 2/2] 0.1 secs
				[numero_pagine tried 1/1] 0.1 secs

Best literal tipo_misto(E) (6.0 bits)


State (114/116 [34/36], 144.3 bits available)

				[= tried 3/3] 0.1 secs
				[tipo_testo tried 3/3] 0.1 secs
				[tipo_linea_orizzontale tried 3/3] 0.1 secs
				[tipo_misto tried 1/3] 0.1 secs
				[tipo_linea_obbliqua tried 3/3] 0.1 secs
				[tipo_immagine tried 3/3] 0.1 secs
				[tipo_vuoto tried 3/3] 0.1 secs
				[ultima_pagina tried 1/1] 0.1 secs
				[frame tried 5/6] 0.1 secs
				[pagina_1 tried 2/3] 0.1 secs
				[on_top tried 5/10] 0.1 secs
				[to_right tried 9/10] 0.1 secs
				[allineato_al_centro_verticale tried 7/10] 0.1 secs
				[allineato_al_centro_orizzontale tried 6/10] 0.1 secs
				[altezza_pagina tried 1/1] 0.1 secs
				[larghezza_pagina tried 1/1] 0.1 secs
				[altezza_rettangolo tried 2/2] 0.1 secs
				[ascissa_rettangolo tried 2/2] 0.1 secs
				[ordinata_rettangolo tried 2/2] 0.1 secs
				[larghezza_rettangolo tried 2/2] 0.1 secs
				[numero_pagine tried 1/1] 0.1 secs

	Save clause ending with allineato_al_centro_verticale(D,F) (cover 25, accuracy 100%)

Best literal allineato_al_centro_verticale(D,F) (7.7 bits)

Initial clause (0 errs): class_svln(A) :- pagina_1(A,B), frame(B,C), tipo_misto(C), on_top(D,C), to_right(D,C), allineato_al_centro_verticale(E,D), on_top(E,C), on_top(D,E), tipo_misto(E), allineato_al_centro_verticale(D,F).
		frame(B,C) needed for binding tipo_misto(C)
		pagina_1(A,B) needed for binding frame(B,C)

Clause 0: class_svln(A) :- pagina_1(A,B), frame(B,C), tipo_misto(C), to_right(D,C), allineato_al_centro_verticale(E,D), on_top(D,E), tipo_misto(E), allineato_al_centro_verticale(D,F).

State (38/293, 189.6 bits available)

				[pagina_1 tried 1/1] 0.1 secs
				[numero_pagine tried 1/1] 0.1 secs

Determinate literals
	pagina_1(A,B)


State (38/293, 189.6 bits available, 1 weak literal)

				[ultima_pagina tried 1/1] 0.1 secs
				[frame tried 1/1] 0.1 secs
				[pagina_1 tried 1/3] 0.1 secs
				[altezza_pagina tried 1/1] 0.1 secs
				[larghezza_pagina tried 1/1] 0.1 secs
				[numero_pagine tried 1/1] 0.1 secs

Best literal frame(B,C) (2.6 bits)


State (292/3294 [38/293], 187.0 bits available, 2 weak literals)

				[tipo_testo tried 1/1] 0.1 secs
				[tipo_linea_orizzontale tried 1/1] 0.1 secs
				[tipo_misto tried 1/1] 0.1 secs
				[tipo_linea_obbliqua tried 1/1] 0.1 secs
				[tipo_immagine tried 1/1] 0.1 secs
				[tipo_vuoto tried 1/1] 0.1 secs
				[ultima_pagina tried 1/1] 0.1 secs
				[frame tried 1/3] 0.1 secs
				[pagina_1 tried 2/3] 0.1 secs
				[on_top tried 2/2] 0.1 secs
				[to_right tried 2/2] 0.1 secs
				[allineato_al_centro_verticale tried 2/2] 0.1 secs
				[allineato_al_centro_orizzontale tried 2/2] 0.1 secs
				[altezza_pagina tried 1/1] 0.1 secs
				[larghezza_pagina tried 1/1] 0.1 secs
				[altezza_rettangolo tried 1/1] 0.1 secs
				[ascissa_rettangolo tried 1/1] 0.1 secs
				[ordinata_rettangolo tried 1/1] 0.1 secs
				[larghezza_rettangolo tried 1/1] 0.1 secs
				[numero_pagine tried 1/1] 0.1 secs

Best literal tipo_misto(C) (4.3 bits)


State (51/149 [37/119], 180.5 bits available)

				[tipo_testo tried 1/1] 0.1 secs
				[tipo_linea_orizzontale tried 1/1] 0.1 secs
				[tipo_misto tried 0/1] 0.1 secs
				[tipo_linea_obbliqua tried 1/1] 0.1 secs
				[tipo_immagine tried 1/1] 0.1 secs
				[tipo_vuoto tried 1/1] 0.1 secs
				[ultima_pagina tried 1/1] 0.1 secs
				[frame tried 2/3] 0.1 secs
				[pagina_1 tried 2/3] 0.1 secs
				[on_top tried 2/2] 0.1 secs
				[to_right tried 2/2] 0.1 secs
				[allineato_al_centro_verticale tried 2/2] 0.1 secs
				[allineato_al_centro_orizzontale tried 2/2] 0.1 secs
				[altezza_pagina tried 1/1] 0.1 secs
				[larghezza_pagina tried 1/1] 0.1 secs
				[altezza_rettangolo tried 1/1] 0.1 secs
				[ascissa_rettangolo tried 1/1] 0.1 secs
				[ordinata_rettangolo tried 1/1] 0.1 secs
				[larghezza_rettangolo tried 1/1] 0.1 secs
				[numero_pagine tried 1/1] 0.1 secs

Best literal to_right(D,C) (5.3 bits)


State (194/304 [34/61], 166.9 bits available)

				[= tried 1/1] 0.1 secs
				[tipo_testo tried 2/2] 0.1 secs
				[tipo_linea_orizzontale tried 2/2] 0.1 secs
				[tipo_misto tried 1/2] 0.1 secs
				[tipo_linea_obbliqua tried 2/2] 0.1 secs
				[tipo_immagine tried 2/2] 0.1 secs
				[tipo_vuoto tried 2/2] 0.1 secs
				[ultima_pagina tried 1/1] 0.1 secs
				[frame tried 4/5] 0.1 secs
				[pagina_1 tried 2/3] 0.1 secs
				[on_top tried 6/6] 0.1 secs
				[to_right tried 4/6] 0.1 secs
				[allineato_al_centro_verticale tried 6/6] 0.1 secs
				[allineato_al_centro_orizzontale tried 4/6] 0.1 secs
				[altezza_pagina tried 1/1] 0.1 secs
				[larghezza_pagina tried 1/1] 0.1 secs
				[altezza_rettangolo tried 2/2] 0.1 secs
				[ascissa_rettangolo tried 2/2] 0.1 secs
				[ordinata_rettangolo tried 2/2] 0.1 secs
				[larghezza_rettangolo tried 2/2] 0.1 secs
				[numero_pagine tried 1/1] 0.1 secs

Best literal on_top(D,C) (7.0 bits)


State (194/253 [34/58], 161.9 bits available)

				[= tried 1/1] 0.1 secs
				[tipo_testo tried 2/2] 0.1 secs
				[tipo_linea_orizzontale tried 2/2] 0.1 secs
				[tipo_misto tried 1/2] 0.1 secs
				[tipo_linea_obbliqua tried 2/2] 0.1 secs
				[tipo_immagine tried 2/2] 0.1 secs
				[tipo_vuoto tried 2/2] 0.1 secs
				[ultima_pagina tried 1/1] 0.1 secs
				[frame tried 4/5] 0.1 secs
				[pagina_1 tried 2/3] 0.1 secs
				[on_top tried 4/6] 0.1 secs
				[to_right tried 5/6] 0.1 secs
				[allineato_al_centro_verticale tried 5/6] 0.1 secs
				[allineato_al_centro_orizzontale tried 4/6] 0.1 secs
				[altezza_pagina tried 1/1] 0.1 secs
				[larghezza_pagina tried 1/1] 0.1 secs
				[altezza_rettangolo tried 2/2] 0.1 secs
				[ascissa_rettangolo tried 2/2] 0.1 secs
				[ordinata_rettangolo tried 2/2] 0.1 secs
				[larghezza_rettangolo tried 2/2] 0.1 secs
				[numero_pagine tried 1/1] 0.1 secs

	Save clause ending with tipo_testo(D) (cover 34, accuracy 82%)

	Save allineato_al_centro_verticale(E,D) (34,50 value 80.6)
	Save allineato_al_centro_verticale(D,E) (34,48 value 82.6)

Best literal tipo_testo(D) (5.4 bits)


State (184/222 [34/41], 158.9 bits available)

				[= tried 1/1] 0.1 secs
				[tipo_testo tried 1/2] 0.1 secs
				[tipo_linea_orizzontale tried 2/2] 0.1 secs
				[tipo_misto tried 1/2] 0.1 secs
				[tipo_linea_obbliqua tried 2/2] 0.1 secs
				[tipo_immagine tried 2/2] 0.1 secs
				[tipo_vuoto tried 2/2] 0.1 secs
				[ultima_pagina tried 1/1] 0.1 secs
				[frame tried 4/5] 0.1 secs
				[pagina_1 tried 2/3] 0.1 secs
				[on_top tried 5/6] 0.1 secs
				[to_right tried 5/6] 0.1 secs
				[allineato_al_centro_verticale tried 6/6] 0.1 secs
				[allineato_al_centro_orizzontale tried 4/6] 0.1 secs
				[altezza_pagina tried 1/1] 0.1 secs
				[larghezza_pagina tried 1/1] 0.1 secs
				[altezza_rettangolo tried 2/2] 0.1 secs
				[ascissa_rettangolo tried 2/2] 0.1 secs
				[ordinata_rettangolo tried 2/2] 0.1 secs
				[larghezza_rettangolo tried 2/2] 0.1 secs
				[numero_pagine tried 1/1] 0.1 secs

	Save clause ending with to_right(E,D) (cover 34, accuracy 87%)

	Save allineato_al_centro_verticale(E,D) (34,40 value 91.3)

Best literal allineato_al_centro_verticale(D,E) (7.0 bits)


State (347/396 [34/41], 154.5 bits available)

				[= tried 3/3] 0.1 secs
				[tipo_testo tried 2/3] 0.1 secs
				[tipo_linea_orizzontale tried 3/3] 0.1 secs
				[tipo_misto tried 2/3] 0.1 secs
				[tipo_linea_obbliqua tried 3/3] 0.1 secs
				[tipo_immagine tried 3/3] 0.1 secs
				[tipo_vuoto tried 3/3] 0.1 secs
				[ultima_pagina tried 1/1] 0.1 secs
				[frame tried 5/6] 0.1 secs
				[pagina_1 tried 2/3] 0.1 secs
				[on_top tried 9/10] 0.1 secs
				[to_right tried 9/10] 0.1 secs
				[allineato_al_centro_verticale tried 6/10] 0.1 secs
				[allineato_al_centro_orizzontale tried 6/10] 0.1 secs
				[altezza_pagina tried 1/1] 0.1 secs
				[larghezza_pagina tried 1/1] 0.1 secs
				[altezza_rettangolo tried 2/2] 0.1 secs
				[ascissa_rettangolo tried 2/2] 0.1 secs
				[ordinata_rettangolo tried 2/2] 0.1 secs
				[larghezza_rettangolo tried 2/2] 0.1 secs
				[numero_pagine tried 1/1] 0.1 secs

	Save clause ending with to_right(E,D) (cover 30, accuracy 93%)

	Save to_right(E,C) (34,41 value 90.1)

Best literal to_right(E,D) (7.7 bits)


State (113/121 [30/32], 135.8 bits available)

				[= tried 3/3] 0.1 secs
				[tipo_testo tried 2/3] 0.1 secs
				[tipo_linea_orizzontale tried 3/3] 0.1 secs
				[tipo_misto tried 2/3] 0.1 secs
				[tipo_linea_obbliqua tried 3/3] 0.1 secs
				[tipo_immagine tried 3/3] 0.1 secs
				[tipo_vuoto tried 3/3] 0.1 secs
				[ultima_pagina tried 1/1] 0.1 secs
				[frame tried 5/6] 0.1 secs
				[pagina_1 tried 2/3] 0.1 secs
				[on_top tried 9/10] 0.1 secs
				[to_right tried 8/10] 0.1 secs
				[allineato_al_centro_verticale tried 7/10] 0.1 secs
				[allineato_al_centro_orizzontale tried 6/10] 0.1 secs
				[altezza_pagina tried 1/1] 0.1 secs
				[larghezza_pagina tried 1/1] 0.1 secs
				[altezza_rettangolo tried 2/2] 0.1 secs
				[ascissa_rettangolo tried 2/2] 0.1 secs
				[ordinata_rettangolo tried 2/2] 0.1 secs
				[larghezza_rettangolo tried 2/2] 0.1 secs
				[numero_pagine tried 1/1] 0.1 secs

	Save clause ending with on_top(E,D) (cover 23, accuracy 95%)

Best literal on_top(E,D) (7.7 bits)


State (38/39 [23/24], 104.6 bits available)

				[= tried 3/3] 0.1 secs
				[tipo_testo tried 2/3] 0.1 secs
				[tipo_linea_orizzontale tried 3/3] 0.1 secs
				[tipo_misto tried 2/3] 0.1 secs
				[tipo_linea_obbliqua tried 3/3] 0.1 secs
				[tipo_immagine tried 3/3] 0.1 secs
				[tipo_vuoto tried 3/3] 0.1 secs
				[ultima_pagina tried 1/1] 0.1 secs
				[frame tried 5/6] 0.1 secs
				[pagina_1 tried 2/3] 0.1 secs
				[on_top tried 8/10] 0.1 secs
				[to_right tried 1/10] 0.1 secs

	Save clause ending with to_right(C,F) (cover 23, accuracy 100%)

Best literal to_right(C,F) (7.7 bits)

Initial clause (0 errs): class_svln(A) :- pagina_1(A,B), frame(B,C), tipo_misto(C), to_right(D,C), on_top(D,C), tipo_testo(D), allineato_al_centro_verticale(D,E), to_right(E,D), on_top(E,D), to_right(C,F).
		frame(B,C) needed for binding tipo_misto(C)
		pagina_1(A,B) needed for binding frame(B,C)

Clause 1: class_svln(A) :- pagina_1(A,B), frame(B,C), tipo_misto(C), to_right(D,C), on_top(D,C), allineato_al_centro_verticale(D,E), to_right(E,D), on_top(E,D), to_right(C,F).

State (15/270, 101.5 bits available)

				[pagina_1 tried 1/1] 0.1 secs
				[numero_pagine tried 1/1] 0.1 secs

Determinate literals
	pagina_1(A,B)


State (15/270, 101.5 bits available, 1 weak literal)

				[ultima_pagina tried 1/1] 0.1 secs
				[frame tried 1/1] 0.1 secs
				[pagina_1 tried 1/3] 0.1 secs
				[altezza_pagina tried 1/1] 0.1 secs
				[larghezza_pagina tried 1/1] 0.1 secs
				[numero_pagine tried 1/1] 0.1 secs

Best literal frame(B,C) (2.6 bits)


State (115/3117 [15/270], 98.9 bits available, 2 weak literals)

				[tipo_testo tried 1/1] 0.1 secs
				[tipo_linea_orizzontale tried 1/1] 0.1 secs
				[tipo_misto tried 1/1] 0.1 secs
				[tipo_linea_obbliqua tried 1/1] 0.1 secs
				[tipo_immagine tried 1/1] 0.1 secs
				[tipo_vuoto tried 1/1] 0.1 secs
				[ultima_pagina tried 1/1] 0.1 secs
				[frame tried 1/3] 0.1 secs
				[pagina_1 tried 2/3] 0.1 secs
				[on_top tried 2/2] 0.1 secs
				[to_right tried 2/2] 0.1 secs
				[allineato_al_centro_verticale tried 2/2] 0.1 secs
				[allineato_al_centro_orizzontale tried 2/2] 0.1 secs
				[altezza_pagina tried 1/1] 0.1 secs
				[larghezza_pagina tried 1/1] 0.1 secs
				[altezza_rettangolo tried 1/1] 0.1 secs
				[ascissa_rettangolo tried 1/1] 0.1 secs
				[ordinata_rettangolo tried 1/1] 0.1 secs
				[larghezza_rettangolo tried 1/1] 0.1 secs
				[numero_pagine tried 1/1] 0.1 secs

Best literal tipo_misto(C) (4.3 bits)


State (21/119 [14/96], 90.8 bits available)

				[tipo_testo tried 1/1] 0.1 secs
				[tipo_linea_orizzontale tried 1/1] 0.1 secs
				[tipo_misto tried 0/1] 0.1 secs
				[tipo_linea_obbliqua tried 1/1] 0.1 secs
				[tipo_immagine tried 1/1] 0.1 secs
				[tipo_vuoto tried 1/1] 0.1 secs
				[ultima_pagina tried 1/1] 0.1 secs
				[frame tried 2/3] 0.1 secs
				[pagina_1 tried 2/3] 0.1 secs
				[on_top tried 2/2] 0.1 secs
				[to_right tried 2/2] 0.1 secs
				[allineato_al_centro_verticale tried 2/2] 0.1 secs
				[allineato_al_centro_orizzontale tried 2/2] 0.1 secs
				[altezza_pagina tried 1/1] 0.1 secs
				[larghezza_pagina tried 1/1] 0.1 secs
				[altezza_rettangolo tried 1/1] 0.1 secs
				[ascissa_rettangolo tried 1/1] 0.1 secs
				[ordinata_rettangolo tried 1/1] 0.1 secs
				[larghezza_rettangolo tried 1/1] 0.1 secs
				[numero_pagine tried 1/1] 0.1 secs

	Save on_top(D,C) (14,61 value 28.5)

Best literal to_right(D,C) (5.3 bits)


State (64/174 [11/38], 72.0 bits available)

				[= tried 1/1] 0.1 secs
				[tipo_testo tried 2/2] 0.1 secs
				[tipo_linea_orizzontale tried 2/2] 0.1 secs
				[tipo_misto tried 1/2] 0.1 secs
				[tipo_linea_obbliqua tried 2/2] 0.1 secs
				[tipo_immagine tried 2/2] 0.1 secs
				[tipo_vuoto tried 2/2] 0.1 secs
				[ultima_pagina tried 1/1] 0.1 secs
				[frame tried 4/5] 0.1 secs
				[pagina_1 tried 2/3] 0.1 secs
				[on_top tried 6/6] 0.1 secs
				[to_right tried 4/6] 0.1 secs
				[allineato_al_centro_verticale tried 6/6] 0.1 secs
				[allineato_al_centro_orizzontale tried 4/6] 0.1 secs
				[altezza_pagina tried 1/1] 0.1 secs
				[larghezza_pagina tried 1/1] 0.1 secs
				[altezza_rettangolo tried 2/2] 0.1 secs
				[ascissa_rettangolo tried 2/2] 0.1 secs
				[ordinata_rettangolo tried 2/2] 0.1 secs
				[larghezza_rettangolo tried 2/2] 0.1 secs
				[numero_pagine tried 1/1] 0.1 secs

Best literal on_top(D,C) (7.0 bits)


State (64/123 [11/35], 67.1 bits available)

				[= tried 1/1] 0.1 secs
				[tipo_testo tried 2/2] 0.1 secs
				[tipo_linea_orizzontale tried 2/2] 0.1 secs
				[tipo_misto tried 1/2] 0.1 secs
				[tipo_linea_obbliqua tried 2/2] 0.1 secs
				[tipo_immagine tried 2/2] 0.1 secs
				[tipo_vuoto tried 2/2] 0.1 secs
				[ultima_pagina tried 1/1] 0.1 secs
				[frame tried 4/5] 0.1 secs
				[pagina_1 tried 2/3] 0.1 secs
				[on_top tried 4/6] 0.1 secs
				[to_right tried 5/6] 0.1 secs
				[allineato_al_centro_verticale tried 5/6] 0.1 secs
				[allineato_al_centro_orizzontale tried 4/6] 0.1 secs
				[altezza_pagina tried 1/1] 0.1 secs
				[larghezza_pagina tried 1/1] 0.1 secs
				[altezza_rettangolo tried 2/2] 0.1 secs
				[ascissa_rettangolo tried 2/2] 0.1 secs
				[ordinata_rettangolo tried 2/2] 0.1 secs
				[larghezza_rettangolo tried 2/2] 0.1 secs
				[numero_pagine tried 1/1] 0.1 secs

Best literal tipo_testo(D) (5.4 bits)


State (60/98 [11/18], 64.0 bits available)

				[= tried 1/1] 0.1 secs
				[tipo_testo tried 1/2] 0.1 secs
				[tipo_linea_orizzontale tried 2/2] 0.1 secs
				[tipo_misto tried 1/2] 0.1 secs
				[tipo_linea_obbliqua tried 2/2] 0.1 secs
				[tipo_immagine tried 2/2] 0.1 secs
				[tipo_vuoto tried 2/2] 0.1 secs
				[ultima_pagina tried 1/1] 0.1 secs
				[frame tried 4/5] 0.1 secs
				[pagina_1 tried 2/3] 0.1 secs
				[on_top tried 5/6] 0.1 secs
				[to_right tried 5/6] 0.1 secs
				[allineato_al_centro_verticale tried 6/6] 0.1 secs
				[allineato_al_centro_orizzontale tried 4/6] 0.1 secs
				[altezza_pagina tried 1/1] 0.1 secs
				[larghezza_pagina tried 1/1] 0.1 secs
				[altezza_rettangolo tried 2/2] 0.1 secs
				[ascissa_rettangolo tried 2/2] 0.1 secs
				[ordinata_rettangolo tried 2/2] 0.1 secs
				[larghezza_rettangolo tried 2/2] 0.1 secs
				[numero_pagine tried 1/1] 0.1 secs

Best literal to_right(E,D) (7.0 bits)


State (89/140 [11/16], 59.6 bits available)

				[= tried 3/3] 0.1 secs
				[tipo_testo tried 2/3] 0.1 secs
				[tipo_linea_orizzontale tried 3/3] 0.1 secs
				[tipo_misto tried 2/3] 0.1 secs
				[tipo_linea_obbliqua tried 3/3] 0.1 secs
				[tipo_immagine tried 3/3] 0.1 secs
				[tipo_vuoto tried 3/3] 0.1 secs
				[ultima_pagina tried 1/1] 0.1 secs
				[frame tried 5/6] 0.1 secs
				[pagina_1 tried 2/3] 0.1 secs
				[on_top tried 9/10] 0.1 secs
				[to_right tried 7/10] 0.1 secs
				[allineato_al_centro_verticale tried 10/10] 0.1 secs
				[allineato_al_centro_orizzontale tried 6/10] 0.1 secs
				[altezza_pagina tried 1/1] 0.1 secs
				[larghezza_pagina tried 1/1] 0.1 secs
				[altezza_rettangolo tried 2/2] 0.1 secs
				[ascissa_rettangolo tried 2/2] 0.1 secs
				[ordinata_rettangolo tried 2/2] 0.1 secs
				[larghezza_rettangolo tried 2/2] 0.1 secs
				[numero_pagine tried 1/1] 0.1 secs

Best literal allineato_al_centro_verticale(E,D) (7.7 bits)


State (31/44 [9/13], 44.0 bits available)

				[= tried 3/3] 0.1 secs
				[tipo_testo tried 2/3] 0.1 secs
				[tipo_linea_orizzontale tried 3/3] 0.1 secs
				[tipo_misto tried 2/3] 0.1 secs
				[tipo_linea_obbliqua tried 3/3] 0.1 secs
				[tipo_immagine tried 3/3] 0.1 secs
				[tipo_vuoto tried 3/3] 0.1 secs
				[ultima_pagina tried 1/1] 0.1 secs
				[frame tried 5/6] 0.1 secs
				[pagina_1 tried 2/3] 0.1 secs
				[on_top tried 7/10] 0.1 secs
				[to_right tried 8/10] 0.1 secs
				[allineato_al_centro_verticale tried 7/10] 0.1 secs
				[allineato_al_centro_orizzontale tried 6/10] 0.1 secs
				[altezza_pagina tried 1/1] 0.1 secs
				[larghezza_pagina tried 1/1] 0.1 secs
				[altezza_rettangolo tried 2/2] 0.1 secs
				[ascissa_rettangolo tried 2/2] 0.1 secs
				[ordinata_rettangolo tried 2/2] 0.1 secs
				[larghezza_rettangolo tried 2/2] 0.1 secs
				[numero_pagine tried 1/1] 0.1 secs

Best literal on_top(E,D) (7.7 bits)


State (17/21 [8/11], 33.6 bits available)

				[= tried 3/3] 0.1 secs
				[tipo_testo tried 2/3] 0.1 secs
				[tipo_linea_orizzontale tried 3/3] 0.1 secs
				[tipo_misto tried 2/3] 0.1 secs
				[tipo_linea_obbliqua tried 3/3] 0.1 secs
				[tipo_immagine tried 3/3] 0.1 secs
				[tipo_vuoto tried 3/3] 0.1 secs
				[ultima_pagina tried 1/1] 0.1 secs
				[frame tried 5/6] 0.1 secs
				[pagina_1 tried 2/3] 0.1 secs
				[on_top tried 6/10] 0.1 secs
				[to_right tried 8/10] 0.1 secs
				[allineato_al_centro_verticale tried 5/10] 0.1 secs
				[allineato_al_centro_orizzontale tried 6/10] 0.1 secs
				[altezza_pagina tried 1/1] 0.1 secs
				[larghezza_pagina tried 1/1] 0.1 secs
				[altezza_rettangolo tried 2/2] 0.1 secs
				[ascissa_rettangolo tried 2/2] 0.1 secs
				[ordinata_rettangolo tried 2/2] 0.1 secs
				[larghezza_rettangolo tried 2/2] 0.1 secs
				[numero_pagine tried 1/1] 0.1 secs

	Save clause ending with tipo_testo(E) (cover 8, accuracy 80%)

Best literal tipo_testo(E) (6.0 bits)


State (17/19 [8/10], 30.8 bits available)

				[= tried 3/3] 0.1 secs
				[tipo_testo tried 1/3] 0.1 secs
				[tipo_linea_orizzontale tried 3/3] 0.1 secs
				[tipo_misto tried 2/3] 0.1 secs
				[tipo_linea_obbliqua tried 3/3] 0.1 secs
				[tipo_immagine tried 3/3] 0.1 secs
				[tipo_vuoto tried 3/3] 0.1 secs
				[ultima_pagina tried 1/1] 0.1 secs
				[frame tried 5/6] 0.1 secs
				[pagina_1 tried 2/3] 0.1 secs
				[on_top tried 6/10] 0.1 secs
				[to_right tried 8/10] 0.1 secs
				[allineato_al_centro_verticale tried 9/10] 0.1 secs
				[allineato_al_centro_orizzontale tried 6/10] 0.1 secs
				[altezza_pagina tried 1/1] 0.1 secs
				[larghezza_pagina tried 1/1] 0.1 secs
				[altezza_rettangolo tried 2/2] 0.1 secs
				[ascissa_rettangolo tried 2/2] 0.1 secs
				[ordinata_rettangolo tried 2/2] 0.1 secs
				[larghezza_rettangolo tried 2/2] 0.1 secs
				[numero_pagine tried 1/1] 0.1 secs

	Save clause ending with to_right(C,F) (cover 6, accuracy 85%)

	Save on_top(D,F) (8,10 value 30.3)
	Save on_top(F,C) (8,10 value 30.3)
	Save on_top(F,D) (8,10 value 30.3)
	Save to_right(C,F) (6,7 value 23.3)

Best literal frame(B,F) (7.0 bits)


State (127/153 [8/10], 27.2 bits available, 1 weak literal)

				[= tried 6/6] 0.1 secs
				[tipo_testo tried 2/4] 0.1 secs
				[tipo_linea_orizzontale tried 4/4] 0.1 secs
				[tipo_misto tried 3/4] 0.1 secs
				[tipo_linea_obbliqua tried 4/4] 0.1 secs
				[tipo_immagine tried 4/4] 0.1 secs
				[tipo_vuoto tried 4/4] 0.1 secs
				[ultima_pagina tried 1/1] 0.1 secs
				[frame tried 5/8] 0.1 secs
				[pagina_1 tried 2/3] 0.1 secs
				[on_top tried 13/18] 0.1 secs
				[to_right tried 16/18] 0.1 secs
				[allineato_al_centro_verticale tried 17/18] 0.1 secs
				[allineato_al_centro_orizzontale tried 9/18] 0.1 secs
				[altezza_pagina tried 1/1] 0.1 secs
				[larghezza_pagina tried 1/1] 0.1 secs
				[altezza_rettangolo tried 3/3] 0.1 secs
				[ascissa_rettangolo tried 3/3] 0.1 secs
				[ordinata_rettangolo tried 3/3] 0.1 secs
				[larghezza_rettangolo tried 3/3] 0.1 secs
				[numero_pagine tried 1/1] 0.1 secs

Best literal allineato_al_centro_verticale(F,D) (8.6 bits)


State (64/72 [8/10], 22.1 bits available)

				[= tried 6/6] 0.1 secs
				[tipo_testo tried 2/4] 0.1 secs
				[tipo_linea_orizzontale tried 4/4] 0.1 secs
				[tipo_misto tried 3/4] 0.1 secs
				[tipo_linea_obbliqua tried 4/4] 0.1 secs
				[tipo_immagine tried 4/4] 0.1 secs
				[tipo_vuoto tried 4/4] 0.1 secs
				[ultima_pagina tried 1/1] 0.1 secs
				[frame tried 6/8] 0.1 secs
				[pagina_1 tried 2/3] 0.1 secs
				[on_top tried 13/18] 0.1 secs
				[to_right tried 16/18] 0.1 secs
				[allineato_al_centro_verticale tried 13/18] 0.1 secs
				[allineato_al_centro_orizzontale tried 9/18] 0.1 secs
				[altezza_pagina tried 1/1] 0.1 secs
				[larghezza_pagina tried 1/1] 0.1 secs
				[altezza_rettangolo tried 3/3] 0.1 secs
				[ascissa_rettangolo tried 3/3] 0.1 secs
				[ordinata_rettangolo tried 3/3] 0.1 secs
				[larghezza_rettangolo tried 3/3] 0.1 secs
				[numero_pagine tried 1/1] 0.1 secs

Best literal on_top(F,D) (8.6 bits)


State (42/46 [8/10], 17.1 bits available)

				[= tried 6/6] 0.1 secs
				[tipo_testo tried 2/4] 0.1 secs
				[tipo_linea_orizzontale tried 4/4] 0.1 secs
				[tipo_misto tried 3/4] 0.1 secs
				[tipo_linea_obbliqua tried 4/4] 0.1 secs
				[tipo_immagine tried 4/4] 0.1 secs
				[tipo_vuoto tried 4/4] 0.1 secs
				[ultima_pagina tried 1/1] 0.1 secs
				[frame tried 6/8] 0.1 secs
				[pagina_1 tried 2/3] 0.1 secs
				[on_top tried 12/18] 0.1 secs
				[to_right tried 16/18] 0.1 secs
				[allineato_al_centro_verticale tried 13/18] 0.1 secs
				[allineato_al_centro_orizzontale tried 9/18] 0.1 secs
				[altezza_pagina tried 1/1] 0.1 secs
				[larghezza_pagina tried 1/1] 0.1 secs
				[altezza_rettangolo tried 3/3] 0.1 secs
				[ascissa_rettangolo tried 3/3] 0.1 secs
				[ordinata_rettangolo tried 3/3] 0.1 secs
				[larghezza_rettangolo tried 3/3] 0.1 secs
				[numero_pagine tried 1/1] 0.1 secs

	Save to_right(F,C) (8,10 value 30.3)

Best literal tipo_testo(F) (6.4 bits)


State (42/45 [8/10], 14.4 bits available)

				[= tried 6/6] 0.1 secs
				[tipo_testo tried 1/4] 0.1 secs
				[tipo_linea_orizzontale tried 4/4] 0.1 secs
				[tipo_misto tried 3/4] 0.1 secs
				[tipo_linea_obbliqua tried 4/4] 0.1 secs
				[tipo_immagine tried 4/4] 0.1 secs
				[tipo_vuoto tried 4/4] 0.1 secs
				[ultima_pagina tried 1/1] 0.1 secs
				[frame tried 6/8] 0.1 secs
				[pagina_1 tried 2/3] 0.1 secs
				[on_top tried 12/18] 0.1 secs
				[to_right tried 16/18] 0.1 secs
				[allineato_al_centro_verticale tried 10/18] 0.1 secs
				[allineato_al_centro_orizzontale tried 9/18] 0.1 secs
				[altezza_pagina tried 1/1] 0.1 secs
				[larghezza_pagina tried 1/1] 0.1 secs
				[altezza_rettangolo tried 3/3] 0.1 secs
				[ascissa_rettangolo tried 3/3] 0.1 secs
				[ordinata_rettangolo tried 3/3] 0.1 secs
				[larghezza_rettangolo tried 3/3] 0.1 secs
				[numero_pagine tried 1/1] 0.1 secs

Best literal to_right(F,C) (8.6 bits)


State (42/44 [8/10], 9.6 bits available)

				[= tried 6/6] 0.1 secs
				[tipo_testo tried 1/4] 0.1 secs
				[tipo_linea_orizzontale tried 4/4] 0.1 secs
				[tipo_misto tried 3/4] 0.1 secs
				[tipo_linea_obbliqua tried 4/4] 0.1 secs
				[tipo_immagine tried 4/4] 0.1 secs
				[tipo_vuoto tried 4/4] 0.1 secs
				[ultima_pagina tried 1/1] 0.1 secs
				[frame tried 6/8] 0.1 secs
				[pagina_1 tried 2/3] 0.1 secs
				[on_top tried 12/18] 0.1 secs
				[to_right tried 15/18] 0.1 secs
				[allineato_al_centro_verticale tried 16/18] 0.1 secs
				[allineato_al_centro_orizzontale tried 9/18] 0.1 secs
				[altezza_pagina tried 1/1] 0.1 secs
				[larghezza_pagina tried 1/1] 0.1 secs
				[altezza_rettangolo tried 3/3] 0.1 secs
				[ascissa_rettangolo tried 3/3] 0.1 secs
				[ordinata_rettangolo tried 3/3] 0.1 secs
				[larghezza_rettangolo tried 3/3] 0.1 secs
				[numero_pagine tried 1/1] 0.1 secs

	Save on_top(D,G) (8,10 value 30.3)
	Save on_top(F,G) (8,10 value 30.3)
	Save on_top(G,C) (8,10 value 30.3)
	Save on_top(G,D) (8,10 value 30.3)

Best literal frame(B,G) (7.4 bits)


State (312/338 [8/10], 6.1 bits available, 1 weak literal)

				[= tried 10/10] 0.1 secs
				[tipo_testo tried 2/5] 0.1 secs
				[tipo_linea_orizzontale tried 5/5] 0.1 secs
				[tipo_misto tried 4/5] 0.1 secs
				[tipo_linea_obbliqua tried 5/5] 0.1 secs
				[tipo_immagine tried 5/5] 0.1 secs
				[tipo_vuoto tried 5/5] 0.1 secs
				[ultima_pagina tried 1/1] 0.1 secs
				[frame tried 6/10] 0.1 secs
				[pagina_1 tried 2/3] 0.1 secs
				[on_top tried 21/28] 0.1 secs
				[to_right tried 25/28] 0.1 secs
				[allineato_al_centro_verticale tried 22/28] 0.1 secs
				[allineato_al_centro_orizzontale tried 12/28] 0.1 secs
				[altezza_pagina tried 1/1] 0.1 secs
				[larghezza_pagina tried 1/1] 0.1 secs
				[altezza_rettangolo tried 4/4] 0.1 secs
				[ascissa_rettangolo tried 4/4] 0.1 secs
				[ordinata_rettangolo tried 4/4] 0.1 secs
				[larghezza_rettangolo tried 4/4] 0.1 secs
				[numero_pagine tried 1/1] 0.1 secs

Best literal allineato_al_centro_verticale(G,D) (9.2 bits)


State (169/177 [8/10], 0.9 bits available)

				[= requires 8.7 bits]
				[tipo_testo requires 6.7 bits]
				[tipo_linea_orizzontale requires 6.7 bits]
				[tipo_misto requires 6.7 bits]
				[tipo_linea_obbliqua requires 6.7 bits]
				[tipo_immagine requires 6.7 bits]
				[tipo_vuoto requires 6.7 bits]
				[ultima_pagina tried 1/1] 0.1 secs
				[frame requires 7.7 bits]
				[pagina_1 requires 6.0 bits]
				[on_top requires 9.2 bits]
				[to_right requires 9.2 bits]
				[allineato_al_centro_verticale requires 9.2 bits]
				[allineato_al_centro_orizzontale requires 9.2 bits]
				[altezza_pagina tried 1/1] 0.1 secs
				[larghezza_pagina tried 1/1] 0.1 secs
				[altezza_rettangolo requires 6.4 bits]
				[ascissa_rettangolo requires 6.4 bits]
				[ordinata_rettangolo requires 6.4 bits]
				[larghezza_rettangolo requires 6.4 bits]
				[numero_pagine tried 1/1] 0.1 secs

No literals

[Replace by saved clause]

Initial clause (1 errs): class_svln(A) :- pagina_1(A,B), frame(B,C), tipo_misto(C), to_right(D,C), on_top(D,C), tipo_testo(D), to_right(E,D), allineato_al_centro_verticale(E,D), on_top(E,D), tipo_testo(E), to_right(C,F).
		frame(B,C) needed for binding tipo_misto(C)
		pagina_1(A,B) needed for binding frame(B,C)

Clause 2: class_svln(A) :- pagina_1(A,B), frame(B,C), tipo_misto(C), to_right(D,C), on_top(D,C), to_right(E,D), allineato_al_centro_verticale(E,D), on_top(E,D), tipo_testo(E), to_right(C,F).

State (9/264, 70.9 bits available)

				[pagina_1 tried 1/1] 0.1 secs
				[numero_pagine tried 1/1] 0.1 secs

Determinate literals
	pagina_1(A,B)


State (9/264, 70.9 bits available, 1 weak literal)

				[ultima_pagina tried 1/1] 0.1 secs
				[frame tried 1/1] 0.1 secs
				[pagina_1 tried 1/3] 0.1 secs
				[altezza_pagina tried 1/1] 0.1 secs
				[larghezza_pagina tried 1/1] 0.1 secs
				[numero_pagine tried 1/1] 0.1 secs

Best literal frame(B,C) (2.6 bits)


State (70/3072 [9/264], 68.4 bits available, 2 weak literals)

				[tipo_testo tried 1/1] 0.1 secs
				[tipo_linea_orizzontale tried 1/1] 0.1 secs
				[tipo_misto tried 1/1] 0.1 secs
				[tipo_linea_obbliqua tried 1/1] 0.1 secs
				[tipo_immagine tried 1/1] 0.1 secs
				[tipo_vuoto tried 1/1] 0.1 secs
				[ultima_pagina tried 1/1] 0.1 secs
				[frame tried 1/3] 0.1 secs
				[pagina_1 tried 2/3] 0.1 secs
				[on_top tried 2/2] 0.1 secs
				[to_right tried 2/2] 0.1 secs
				[allineato_al_centro_verticale tried 2/2] 0.1 secs
				[allineato_al_centro_orizzontale tried 2/2] 0.1 secs
				[altezza_pagina tried 1/1] 0.1 secs
				[larghezza_pagina tried 1/1] 0.1 secs
				[altezza_rettangolo tried 1/1] 0.1 secs
				[ascissa_rettangolo tried 1/1] 0.1 secs
				[ordinata_rettangolo tried 1/1] 0.1 secs
				[larghezza_rettangolo tried 1/1] 0.1 secs
				[numero_pagine tried 1/1] 0.1 secs

Best literal tipo_misto(C) (4.3 bits)


State (12/110 [8/90], 59.4 bits available)

				[tipo_testo tried 1/1] 0.1 secs
				[tipo_linea_orizzontale tried 1/1] 0.1 secs
				[tipo_misto tried 0/1] 0.1 secs
				[tipo_linea_obbliqua tried 1/1] 0.1 secs
				[tipo_immagine tried 1/1] 0.1 secs
				[tipo_vuoto tried 1/1] 0.1 secs
				[ultima_pagina tried 1/1] 0.1 secs
				[frame tried 2/3] 0.1 secs
				[pagina_1 tried 2/3] 0.1 secs
				[on_top tried 2/2] 0.1 secs
				[to_right tried 2/2] 0.1 secs
				[allineato_al_centro_verticale tried 2/2] 0.1 secs
				[allineato_al_centro_orizzontale tried 2/2] 0.1 secs
				[altezza_pagina tried 1/1] 0.1 secs
				[larghezza_pagina tried 1/1] 0.1 secs
				[altezza_rettangolo tried 1/1] 0.1 secs
				[ascissa_rettangolo tried 1/1] 0.1 secs
				[ordinata_rettangolo tried 1/1] 0.1 secs
				[larghezza_rettangolo tried 1/1] 0.1 secs
				[numero_pagine tried 1/1] 0.1 secs

Best literal on_top(D,C) (5.3 bits)


State (77/438 [8/55], 55.7 bits available)

				[= tried 1/1] 0.1 secs
				[tipo_testo tried 2/2] 0.1 secs
				[tipo_linea_orizzontale tried 2/2] 0.1 secs
				[tipo_misto tried 1/2] 0.1 secs
				[tipo_linea_obbliqua tried 2/2] 0.1 secs
				[tipo_immagine tried 2/2] 0.1 secs
				[tipo_vuoto tried 2/2] 0.1 secs
				[ultima_pagina tried 1/1] 0.1 secs
				[frame tried 4/5] 0.1 secs
				[pagina_1 tried 2/3] 0.1 secs
				[on_top tried 4/6] 0.1 secs
				[to_right tried 6/6] 0.1 secs
				[allineato_al_centro_verticale tried 6/6] 0.1 secs
				[allineato_al_centro_orizzontale tried 4/6] 0.1 secs
				[altezza_pagina tried 1/1] 0.1 secs
				[larghezza_pagina tried 1/1] 0.1 secs
				[altezza_rettangolo tried 2/2] 0.1 secs
				[ascissa_rettangolo tried 2/2] 0.1 secs
				[ordinata_rettangolo tried 2/2] 0.1 secs
				[larghezza_rettangolo tried 2/2] 0.1 secs
				[numero_pagine tried 1/1] 0.1 secs

	Save allineato_al_centro_verticale(D,E) (8,50 value 17.8)
	Save to_right(D,C) (5,29 value 12.0)

Best literal allineato_al_centro_verticale(E,D) (7.0 bits)


State (160/601 [8/51], 50.7 bits available)

				[= tried 3/3] 0.1 secs
				[tipo_testo tried 3/3] 0.1 secs
				[tipo_linea_orizzontale tried 3/3] 0.1 secs
				[tipo_misto tried 2/3] 0.1 secs
				[tipo_linea_obbliqua tried 3/3] 0.1 secs
				[tipo_immagine tried 3/3] 0.1 secs
				[tipo_vuoto tried 3/3] 0.1 secs
				[ultima_pagina tried 1/1] 0.1 secs
				[frame tried 5/6] 0.1 secs
				[pagina_1 tried 2/3] 0.1 secs
				[on_top tried 9/10] 0.1 secs
				[to_right tried 10/10] 0.1 secs
				[allineato_al_centro_verticale tried 8/10] 0.1 secs
				[allineato_al_centro_orizzontale tried 6/10] 0.1 secs
				[altezza_pagina tried 1/1] 0.1 secs
				[larghezza_pagina tried 1/1] 0.1 secs
				[altezza_rettangolo tried 2/2] 0.1 secs
				[ascissa_rettangolo tried 2/2] 0.1 secs
				[ordinata_rettangolo tried 2/2] 0.1 secs
				[larghezza_rettangolo tried 2/2] 0.1 secs
				[numero_pagine tried 1/1] 0.1 secs

	Save to_right(D,E) (8,28 value 24.3)

Best literal allineato_al_centro_verticale(D,F) (7.7 bits)


State (316/937 [7/35], 39.5 bits available)

				[= tried 6/6] 0.1 secs
				[tipo_testo tried 4/4] 0.1 secs
				[tipo_linea_orizzontale tried 4/4] 0.1 secs
				[tipo_misto tried 3/4] 0.1 secs
				[tipo_linea_obbliqua tried 4/4] 0.1 secs
				[tipo_immagine tried 4/4] 0.1 secs
				[tipo_vuoto tried 4/4] 0.1 secs
				[ultima_pagina tried 1/1] 0.1 secs
				[frame tried 6/7] 0.1 secs
				[pagina_1 tried 2/3] 0.1 secs
				[on_top tried 15/16] 0.1 secs
				[to_right tried 16/16] 0.1 secs
				[allineato_al_centro_verticale tried 12/16] 0.1 secs
				[allineato_al_centro_orizzontale tried 10/16] 0.1 secs
				[altezza_pagina tried 1/1] 0.1 secs
				[larghezza_pagina tried 1/1] 0.1 secs
				[altezza_rettangolo tried 2/2] 0.1 secs
				[ascissa_rettangolo tried 2/2] 0.1 secs
				[ordinata_rettangolo tried 2/2] 0.1 secs
				[larghezza_rettangolo tried 2/2] 0.1 secs
				[numero_pagine tried 1/1] 0.1 secs

	Save tipo_misto(F) (3,20 value 7.0)

Best literal to_right(D,E) (8.4 bits)


State (125/218 [6/21], 27.7 bits available)

				[= tried 6/6] 0.1 secs
				[tipo_testo tried 4/4] 0.1 secs
				[tipo_linea_orizzontale tried 4/4] 0.1 secs
				[tipo_misto tried 3/4] 0.1 secs
				[tipo_linea_obbliqua tried 4/4] 0.1 secs
				[tipo_immagine tried 4/4] 0.1 secs
				[tipo_vuoto tried 4/4] 0.1 secs
				[ultima_pagina tried 1/1] 0.1 secs
				[frame tried 6/7] 0.1 secs
				[pagina_1 tried 2/3] 0.1 secs
				[on_top tried 15/16] 0.1 secs
				[to_right tried 15/16] 0.1 secs
				[allineato_al_centro_verticale tried 13/16] 0.1 secs
				[allineato_al_centro_orizzontale tried 10/16] 0.1 secs
				[altezza_pagina tried 1/1] 0.1 secs
				[larghezza_pagina tried 1/1] 0.1 secs
				[altezza_rettangolo tried 2/2] 0.1 secs
				[ascissa_rettangolo tried 2/2] 0.2 secs
				[ordinata_rettangolo tried 2/2] 0.2 secs
				[larghezza_rettangolo tried 2/2] 0.2 secs
				[numero_pagine tried 1/1] 0.2 secs

Best literal allineato_al_centro_verticale(G,C) (8.4 bits)


State (528/736 [3/13], 2.3 bits available)

				[= requires 8.7 bits]
				[tipo_testo requires 6.7 bits]
				[tipo_linea_orizzontale requires 6.7 bits]
				[tipo_misto requires 6.7 bits]
				[tipo_linea_obbliqua requires 6.7 bits]
				[tipo_immagine requires 6.7 bits]
				[tipo_vuoto requires 6.7 bits]
				[ultima_pagina tried 1/1] 0.2 secs
				[frame requires 7.6 bits]
				[pagina_1 requires 6.0 bits]
				[on_top requires 9.1 bits]
				[to_right requires 9.1 bits]
				[allineato_al_centro_verticale requires 9.1 bits]
				[allineato_al_centro_orizzontale requires 9.1 bits]
				[altezza_pagina tried 1/1] 0.2 secs
				[larghezza_pagina tried 1/1] 0.2 secs
				[altezza_rettangolo requires 6.0 bits]
				[ascissa_rettangolo requires 6.0 bits]
				[ordinata_rettangolo requires 6.0 bits]
				[larghezza_rettangolo requires 6.0 bits]
				[numero_pagine tried 1/1] 0.2 secs

No literals

Recover to class_svln(A) :- pagina_1(A,B), frame(B,C), tipo_misto(C), on_top(D,C), allineato_al_centro_verticale(E,D), to_right(D,E).



State (58/138 [8/28], 45.3 bits available)

				[= tried 3/3] 0.2 secs
				[tipo_testo tried 3/3] 0.2 secs
				[tipo_linea_orizzontale tried 3/3] 0.2 secs
				[tipo_misto tried 2/3] 0.2 secs
				[tipo_linea_obbliqua tried 3/3] 0.2 secs
				[tipo_immagine tried 3/3] 0.2 secs
				[tipo_vuoto tried 3/3] 0.2 secs
				[ultima_pagina tried 1/1] 0.2 secs
				[frame tried 5/6] 0.2 secs
				[pagina_1 tried 2/3] 0.2 secs
				[on_top tried 9/10] 0.2 secs
				[to_right tried 9/10] 0.2 secs
				[allineato_al_centro_verticale tried 9/10] 0.2 secs
				[allineato_al_centro_orizzontale tried 6/10] 0.2 secs
				[altezza_pagina tried 1/1] 0.2 secs
				[larghezza_pagina tried 1/1] 0.2 secs
				[altezza_rettangolo tried 2/2] 0.2 secs
				[ascissa_rettangolo tried 2/2] 0.2 secs
				[ordinata_rettangolo tried 2/2] 0.2 secs
				[larghezza_rettangolo tried 2/2] 0.2 secs
				[numero_pagine tried 1/1] 0.2 secs

	Save allineato_al_centro_verticale(D,F) (6,21 value 18.5)

Best literal allineato_al_centro_verticale(F,C) (7.7 bits)


State (181/318 [4/17], 15.5 bits available)

				[= tried 6/6] 0.2 secs
				[tipo_testo tried 4/4] 0.2 secs
				[tipo_linea_orizzontale tried 4/4] 0.2 secs
				[tipo_misto tried 3/4] 0.2 secs
				[tipo_linea_obbliqua tried 4/4] 0.2 secs
				[tipo_immagine tried 4/4] 0.2 secs
				[tipo_vuoto tried 4/4] 0.2 secs
				[ultima_pagina tried 1/1] 0.2 secs
				[frame tried 7/8] 0.2 secs
				[pagina_1 tried 2/3] 0.2 secs
				[on_top tried 17/18] 0.2 secs
				[to_right tried 17/18] 0.2 secs
				[allineato_al_centro_verticale tried 15/18] 0.2 secs
				[allineato_al_centro_orizzontale tried 9/18] 0.2 secs
				[altezza_pagina tried 1/1] 0.2 secs
				[larghezza_pagina tried 1/1] 0.2 secs
				[altezza_rettangolo tried 3/3] 0.2 secs
				[ascissa_rettangolo tried 3/3] 0.2 secs
				[ordinata_rettangolo tried 3/3] 0.2 secs
				[larghezza_rettangolo tried 3/3] 0.2 secs
				[numero_pagine tried 1/1] 0.2 secs

Best literal allineato_al_centro_verticale(D,G) (8.6 bits)


State (528/736 [3/13], 2.8 bits available)

				[= requires 8.7 bits]
				[tipo_testo requires 6.7 bits]
				[tipo_linea_orizzontale requires 6.7 bits]
				[tipo_misto requires 6.7 bits]
				[tipo_linea_obbliqua requires 6.7 bits]
				[tipo_immagine requires 6.7 bits]
				[tipo_vuoto requires 6.7 bits]
				[ultima_pagina tried 1/1] 0.2 secs
				[frame requires 7.6 bits]
				[pagina_1 requires 6.0 bits]
				[on_top requires 9.1 bits]
				[to_right requires 9.1 bits]
				[allineato_al_centro_verticale requires 9.1 bits]
				[allineato_al_centro_orizzontale requires 9.1 bits]
				[altezza_pagina tried 1/1] 0.2 secs
				[larghezza_pagina tried 1/1] 0.2 secs
				[altezza_rettangolo requires 6.0 bits]
				[ascissa_rettangolo requires 6.0 bits]
				[ordinata_rettangolo requires 6.0 bits]
				[larghezza_rettangolo requires 6.0 bits]
				[numero_pagine tried 1/1] 0.2 secs

No literals

Recover to class_svln(A) :- pagina_1(A,B), frame(B,C), tipo_misto(C), on_top(D,C), allineato_al_centro_verticale(E,D), to_right(D,E), allineato_al_centro_verticale(D,F).



State (125/218 [6/21], 28.3 bits available)

				[= tried 6/6] 0.2 secs
				[tipo_testo tried 4/4] 0.2 secs
				[tipo_linea_orizzontale tried 4/4] 0.2 secs
				[tipo_misto tried 3/4] 0.2 secs
				[tipo_linea_obbliqua tried 4/4] 0.2 secs
				[tipo_immagine tried 4/4] 0.2 secs
				[tipo_vuoto tried 4/4] 0.2 secs
				[ultima_pagina tried 1/1] 0.2 secs
				[frame tried 6/7] 0.2 secs
				[pagina_1 tried 2/3] 0.2 secs
				[on_top tried 15/16] 0.2 secs
				[to_right tried 15/16] 0.2 secs
				[allineato_al_centro_verticale tried 13/16] 0.2 secs
				[allineato_al_centro_orizzontale tried 10/16] 0.2 secs
				[altezza_pagina tried 1/1] 0.2 secs
				[larghezza_pagina tried 1/1] 0.2 secs
				[altezza_rettangolo tried 2/2] 0.2 secs
				[ascissa_rettangolo tried 2/2] 0.2 secs
				[ordinata_rettangolo tried 2/2] 0.2 secs
				[larghezza_rettangolo tried 2/2] 0.2 secs
				[numero_pagine tried 1/1] 0.2 secs

Best literal allineato_al_centro_verticale(G,C) (8.4 bits)


State (528/736 [3/13], 3.0 bits available)

				[= requires 8.7 bits]
				[tipo_testo requires 6.7 bits]
				[tipo_linea_orizzontale requires 6.7 bits]
				[tipo_misto requires 6.7 bits]
				[tipo_linea_obbliqua requires 6.7 bits]
				[tipo_immagine requires 6.7 bits]
				[tipo_vuoto requires 6.7 bits]
				[ultima_pagina tried 1/1] 0.2 secs
				[frame requires 7.6 bits]
				[pagina_1 tried 2/3] 0.2 secs
				[on_top requires 9.1 bits]
				[to_right requires 9.1 bits]
				[allineato_al_centro_verticale requires 9.1 bits]
				[allineato_al_centro_orizzontale requires 9.1 bits]
				[altezza_pagina tried 1/1] 0.2 secs
				[larghezza_pagina tried 1/1] 0.2 secs
				[altezza_rettangolo tried 3/3] 0.2 secs
				[ascissa_rettangolo tried 3/3] 0.2 secs
				[ordinata_rettangolo tried 3/3] 0.2 secs
				[larghezza_rettangolo tried 3/3] 0.2 secs
				[numero_pagine tried 1/1] 0.2 secs

No literals

Recover to class_svln(A) :- pagina_1(A,B), frame(B,C), tipo_misto(C), on_top(D,C), allineato_al_centro_verticale(D,E).



State (163/619 [8/50], 50.7 bits available)

				[= tried 3/3] 0.2 secs
				[tipo_testo tried 3/3] 0.2 secs
				[tipo_linea_orizzontale tried 3/3] 0.2 secs
				[tipo_misto tried 2/3] 0.2 secs
				[tipo_linea_obbliqua tried 3/3] 0.2 secs
				[tipo_immagine tried 3/3] 0.2 secs
				[tipo_vuoto tried 3/3] 0.2 secs
				[ultima_pagina tried 1/1] 0.2 secs
				[frame tried 5/6] 0.2 secs
				[pagina_1 tried 2/3] 0.2 secs
				[on_top tried 9/10] 0.2 secs
				[to_right tried 10/10] 0.2 secs
				[allineato_al_centro_verticale tried 8/10] 0.2 secs
				[allineato_al_centro_orizzontale tried 6/10] 0.2 secs
				[altezza_pagina tried 1/1] 0.2 secs
				[larghezza_pagina tried 1/1] 0.2 secs
				[altezza_rettangolo tried 2/2] 0.2 secs
				[ascissa_rettangolo tried 2/2] 0.2 secs
				[ordinata_rettangolo tried 2/2] 0.2 secs
				[larghezza_rettangolo tried 2/2] 0.2 secs
				[numero_pagine tried 1/1] 0.2 secs

	Save to_right(E,D) (7,31 value 19.1)
	Save tipo_misto(E) (4,24 value 9.6)

Best literal allineato_al_centro_verticale(F,D) (7.7 bits)


State (316/937 [7/35], 39.5 bits available)

				[= tried 6/6] 0.2 secs
				[tipo_testo tried 4/4] 0.2 secs
				[tipo_linea_orizzontale tried 4/4] 0.2 secs
				[tipo_misto tried 3/4] 0.2 secs
				[tipo_linea_obbliqua tried 4/4] 0.2 secs
				[tipo_immagine tried 4/4] 0.2 secs
				[tipo_vuoto tried 4/4] 0.2 secs
				[ultima_pagina tried 1/1] 0.2 secs
				[frame tried 6/7] 0.2 secs
				[pagina_1 tried 2/3] 0.2 secs
				[on_top tried 15/16] 0.2 secs
				[to_right tried 16/16] 0.2 secs
				[allineato_al_centro_verticale tried 12/16] 0.2 secs
				[allineato_al_centro_orizzontale tried 10/16] 0.2 secs
				[altezza_pagina tried 1/1] 0.2 secs
				[larghezza_pagina tried 1/1] 0.2 secs
				[altezza_rettangolo tried 2/2] 0.2 secs
				[ascissa_rettangolo tried 2/2] 0.2 secs
				[ordinata_rettangolo tried 2/2] 0.2 secs
				[larghezza_rettangolo tried 2/2] 0.2 secs
				[numero_pagine tried 1/1] 0.2 secs

	Save tipo_misto(E) (3,20 value 7.0)

Best literal to_right(D,F) (8.4 bits)


State (125/218 [6/21], 27.7 bits available)

				[= tried 6/6] 0.2 secs
				[tipo_testo tried 4/4] 0.2 secs
				[tipo_linea_orizzontale tried 4/4] 0.2 secs
				[tipo_misto tried 3/4] 0.2 secs
				[tipo_linea_obbliqua tried 4/4] 0.2 secs
				[tipo_immagine tried 4/4] 0.2 secs
				[tipo_vuoto tried 4/4] 0.2 secs
				[ultima_pagina tried 1/1] 0.2 secs
				[frame tried 6/7] 0.2 secs
				[pagina_1 tried 2/3] 0.2 secs
				[on_top tried 15/16] 0.2 secs
				[to_right tried 15/16] 0.2 secs
				[allineato_al_centro_verticale tried 13/16] 0.2 secs
				[allineato_al_centro_orizzontale tried 10/16] 0.2 secs
				[altezza_pagina tried 1/1] 0.2 secs
				[larghezza_pagina tried 1/1] 0.2 secs
				[altezza_rettangolo tried 2/2] 0.2 secs
				[ascissa_rettangolo tried 2/2] 0.2 secs
				[ordinata_rettangolo tried 2/2] 0.2 secs
				[larghezza_rettangolo tried 2/2] 0.2 secs
				[numero_pagine tried 1/1] 0.2 secs

Best literal allineato_al_centro_verticale(G,C) (8.4 bits)


State (528/736 [3/13], 2.3 bits available)

				[= requires 8.7 bits]
				[tipo_testo requires 6.7 bits]
				[tipo_linea_orizzontale requires 6.7 bits]
				[tipo_misto requires 6.7 bits]
				[tipo_linea_obbliqua requires 6.7 bits]
				[tipo_immagine requires 6.7 bits]
				[tipo_vuoto requires 6.7 bits]
				[ultima_pagina tried 1/1] 0.2 secs
				[frame requires 7.6 bits]
				[pagina_1 requires 6.0 bits]
				[on_top requires 9.1 bits]
				[to_right requires 9.1 bits]
				[allineato_al_centro_verticale requires 9.1 bits]
				[allineato_al_centro_orizzontale requires 9.1 bits]
				[altezza_pagina tried 1/1] 0.2 secs
				[larghezza_pagina tried 1/1] 0.2 secs
				[altezza_rettangolo requires 6.0 bits]
				[ascissa_rettangolo requires 6.0 bits]
				[ordinata_rettangolo requires 6.0 bits]
				[larghezza_rettangolo requires 6.0 bits]
				[numero_pagine tried 1/1] 0.2 secs

No literals

Recover to class_svln(A) :- pagina_1(A,B), frame(B,C), tipo_misto(C), on_top(D,C), allineato_al_centro_verticale(D,E), to_right(E,D).



State (72/195 [7/31], 39.5 bits available)

				[= tried 3/3] 0.2 secs
				[tipo_testo tried 3/3] 0.2 secs
				[tipo_linea_orizzontale tried 3/3] 0.2 secs
				[tipo_misto tried 2/3] 0.2 secs
				[tipo_linea_obbliqua tried 3/3] 0.2 secs
				[tipo_immagine tried 3/3] 0.2 secs
				[tipo_vuoto tried 3/3] 0.2 secs
				[ultima_pagina tried 1/1] 0.2 secs
				[frame tried 5/6] 0.2 secs
				[pagina_1 tried 2/3] 0.2 secs
				[on_top tried 9/10] 0.2 secs
				[to_right tried 9/10] 0.2 secs
				[allineato_al_centro_verticale tried 9/10] 0.2 secs
				[allineato_al_centro_orizzontale tried 6/10] 0.2 secs
				[altezza_pagina tried 1/1] 0.2 secs
				[larghezza_pagina tried 1/1] 0.2 secs
				[altezza_rettangolo tried 2/2] 0.2 secs
				[ascissa_rettangolo tried 2/2] 0.2 secs
				[ordinata_rettangolo tried 2/2] 0.2 secs
				[larghezza_rettangolo tried 2/2] 0.2 secs
				[numero_pagine tried 1/1] 0.2 secs

	Save allineato_al_centro_verticale(D,F) (7,31 value 19.1)

Best literal allineato_al_centro_verticale(F,C) (7.7 bits)


State (255/506 [3/21], 8.6 bits available)

				[= tried 6/6] 0.2 secs
				[tipo_testo tried 4/4] 0.2 secs
				[tipo_linea_orizzontale tried 4/4] 0.2 secs
				[tipo_misto tried 3/4] 0.2 secs
				[tipo_linea_obbliqua tried 4/4] 0.2 secs
				[tipo_immagine tried 4/4] 0.2 secs
				[tipo_vuoto tried 4/4] 0.2 secs
				[ultima_pagina tried 1/1] 0.2 secs
				[frame tried 7/8] 0.2 secs
				[pagina_1 tried 2/3] 0.2 secs
				[on_top tried 17/18] 0.2 secs
				[to_right tried 17/18] 0.2 secs
				[allineato_al_centro_verticale tried 15/18] 0.2 secs
				[allineato_al_centro_orizzontale tried 9/18] 0.2 secs
				[altezza_pagina tried 1/1] 0.2 secs
				[larghezza_pagina tried 1/1] 0.2 secs
				[altezza_rettangolo tried 3/3] 0.2 secs
				[ascissa_rettangolo tried 3/3] 0.2 secs
				[ordinata_rettangolo tried 3/3] 0.2 secs
				[larghezza_rettangolo tried 3/3] 0.2 secs
				[numero_pagine tried 1/1] 0.2 secs

Best literal allineato_al_centro_verticale(D,G) (8.6 bits)


State (1681/2671 [3/21], 2.8 bits available, 1 weak literal)

				[= requires 8.7 bits]
				[tipo_testo requires 6.7 bits]
				[tipo_linea_orizzontale requires 6.7 bits]
				[tipo_misto requires 6.7 bits]
				[tipo_linea_obbliqua requires 6.7 bits]
				[tipo_immagine requires 6.7 bits]
				[tipo_vuoto requires 6.7 bits]
				[ultima_pagina tried 1/1] 0.2 secs
				[frame requires 7.6 bits]
				[pagina_1 requires 6.0 bits]
				[on_top requires 9.1 bits]
				[to_right requires 9.1 bits]
				[allineato_al_centro_verticale requires 9.1 bits]
				[allineato_al_centro_orizzontale requires 9.1 bits]
				[altezza_pagina tried 1/1] 0.2 secs
				[larghezza_pagina tried 1/1] 0.2 secs
				[altezza_rettangolo requires 6.0 bits]
				[ascissa_rettangolo requires 6.0 bits]
				[ordinata_rettangolo requires 6.0 bits]
				[larghezza_rettangolo requires 6.0 bits]
				[numero_pagine tried 1/1] 0.2 secs

No literals

Recover to class_svln(A) :- pagina_1(A,B), frame(B,C), tipo_misto(C), on_top(D,C), allineato_al_centro_verticale(D,E), to_right(E,D), allineato_al_centro_verticale(D,F).



State (414/882 [7/31], 34.4 bits available, 1 weak literal)

				[= tried 6/6] 0.2 secs
				[tipo_testo tried 4/4] 0.2 secs
				[tipo_linea_orizzontale tried 4/4] 0.2 secs
				[tipo_misto tried 3/4] 0.2 secs
				[tipo_linea_obbliqua tried 4/4] 0.2 secs
				[tipo_immagine tried 4/4] 0.2 secs
				[tipo_vuoto tried 4/4] 0.2 secs
				[ultima_pagina tried 1/1] 0.2 secs
				[frame tried 6/7] 0.2 secs
				[pagina_1 tried 2/3] 0.2 secs
				[on_top tried 15/16] 0.2 secs
				[to_right tried 15/16] 0.2 secs
				[allineato_al_centro_verticale tried 13/16] 0.2 secs
				[allineato_al_centro_orizzontale tried 10/16] 0.2 secs
				[altezza_pagina tried 1/1] 0.2 secs
				[larghezza_pagina tried 1/1] 0.2 secs
				[altezza_rettangolo tried 2/2] 0.2 secs
				[ascissa_rettangolo tried 2/2] 0.2 secs
				[ordinata_rettangolo tried 2/2] 0.2 secs
				[larghezza_rettangolo tried 2/2] 0.2 secs
				[numero_pagine tried 1/1] 0.2 secs

Best literal allineato_al_centro_verticale(G,C) (8.4 bits)


State (1681/2671 [3/21], 3.0 bits available)

				[= requires 8.7 bits]
				[tipo_testo requires 6.7 bits]
				[tipo_linea_orizzontale requires 6.7 bits]
				[tipo_misto requires 6.7 bits]
				[tipo_linea_obbliqua requires 6.7 bits]
				[tipo_immagine requires 6.7 bits]
				[tipo_vuoto requires 6.7 bits]
				[ultima_pagina tried 1/1] 0.2 secs
				[frame requires 7.6 bits]
				[pagina_1 tried 2/3] 0.2 secs
				[on_top requires 9.1 bits]
				[to_right requires 9.1 bits]
				[allineato_al_centro_verticale requires 9.1 bits]
				[allineato_al_centro_orizzontale requires 9.1 bits]
				[altezza_pagina tried 1/1] 0.2 secs
				[larghezza_pagina tried 1/1] 0.2 secs
				[altezza_rettangolo tried 3/3] 0.2 secs
				[ascissa_rettangolo tried 3/3] 0.2 secs
				[ordinata_rettangolo tried 3/3] 0.2 secs
				[larghezza_rettangolo tried 3/3] 0.2 secs
				[numero_pagine tried 1/1] 0.2 secs

No literals

Recover to class_svln(A) :- pagina_1(A,B), frame(B,C), tipo_misto(C), on_top(D,C), to_right(D,C).



State (27/86 [5/29], 32.6 bits available)

				[= tried 1/1] 0.2 secs
				[tipo_testo tried 2/2] 0.2 secs
				[tipo_linea_orizzontale tried 2/2] 0.2 secs
				[tipo_misto tried 1/2] 0.2 secs
				[tipo_linea_obbliqua tried 2/2] 0.2 secs
				[tipo_immagine tried 2/2] 0.2 secs
				[tipo_vuoto tried 2/2] 0.2 secs
				[ultima_pagina tried 1/1] 0.2 secs
				[frame tried 4/5] 0.2 secs
				[pagina_1 tried 2/3] 0.2 secs
				[on_top tried 4/6] 0.2 secs
				[to_right tried 5/6] 0.2 secs
				[allineato_al_centro_verticale tried 6/6] 0.2 secs
				[allineato_al_centro_orizzontale tried 4/6] 0.2 secs
				[altezza_pagina tried 1/1] 0.2 secs
				[larghezza_pagina tried 1/1] 0.2 secs
				[altezza_rettangolo tried 2/2] 0.2 secs
				[ascissa_rettangolo tried 2/2] 0.2 secs
				[ordinata_rettangolo tried 2/2] 0.2 secs
				[larghezza_rettangolo tried 2/2] 0.2 secs
				[numero_pagine tried 1/1] 0.2 secs

	Save to_right(E,D) (5,10 value 19.3)

Best literal tipo_testo(D) (5.4 bits)


State (26/64 [5/12], 29.5 bits available)

				[= tried 1/1] 0.2 secs
				[tipo_testo tried 1/2] 0.2 secs
				[tipo_linea_orizzontale tried 2/2] 0.2 secs
				[tipo_misto tried 1/2] 0.2 secs
				[tipo_linea_obbliqua tried 2/2] 0.2 secs
				[tipo_immagine tried 2/2] 0.2 secs
				[tipo_vuoto tried 2/2] 0.2 secs
				[ultima_pagina tried 1/1] 0.2 secs
				[frame tried 4/5] 0.2 secs
				[pagina_1 tried 2/3] 0.2 secs
				[on_top tried 5/6] 0.2 secs
				[to_right tried 5/6] 0.2 secs
				[allineato_al_centro_verticale tried 6/6] 0.2 secs
				[allineato_al_centro_orizzontale tried 4/6] 0.2 secs
				[altezza_pagina tried 1/1] 0.2 secs
				[larghezza_pagina tried 1/1] 0.2 secs
				[altezza_rettangolo tried 2/2] 0.2 secs
				[ascissa_rettangolo tried 2/2] 0.2 secs
				[ordinata_rettangolo tried 2/2] 0.2 secs
				[larghezza_rettangolo tried 2/2] 0.2 secs
				[numero_pagine tried 1/1] 0.2 secs

Best literal to_right(E,D) (7.0 bits)


State (46/97 [5/10], 25.1 bits available)

				[= tried 3/3] 0.2 secs
				[tipo_testo tried 2/3] 0.2 secs
				[tipo_linea_orizzontale tried 3/3] 0.2 secs
				[tipo_misto tried 2/3] 0.2 secs
				[tipo_linea_obbliqua tried 3/3] 0.2 secs
				[tipo_immagine tried 3/3] 0.2 secs
				[tipo_vuoto tried 3/3] 0.2 secs
				[ultima_pagina tried 1/1] 0.2 secs
				[frame tried 5/6] 0.2 secs
				[pagina_1 tried 2/3] 0.2 secs
				[on_top tried 7/10] 0.2 secs
				[to_right tried 7/10] 0.2 secs
				[allineato_al_centro_verticale tried 10/10] 0.2 secs
				[allineato_al_centro_orizzontale tried 6/10] 0.2 secs
				[altezza_pagina tried 1/1] 0.2 secs
				[larghezza_pagina tried 1/1] 0.2 secs
				[altezza_rettangolo tried 2/2] 0.2 secs
				[ascissa_rettangolo tried 2/2] 0.2 secs
				[ordinata_rettangolo tried 2/2] 0.2 secs
				[larghezza_rettangolo tried 2/2] 0.2 secs
				[numero_pagine tried 1/1] 0.2 secs

Best literal allineato_al_centro_verticale(D,E) (7.7 bits)


State (11/19 [4/6], 13.7 bits available)

				[= tried 3/3] 0.2 secs
				[tipo_testo tried 2/3] 0.2 secs
				[tipo_linea_orizzontale tried 3/3] 0.2 secs
				[tipo_misto tried 2/3] 0.2 secs
				[tipo_linea_obbliqua tried 3/3] 0.2 secs
				[tipo_immagine tried 3/3] 0.2 secs
				[tipo_vuoto tried 3/3] 0.2 secs
				[ultima_pagina tried 1/1] 0.2 secs
				[frame tried 5/6] 0.2 secs
				[pagina_1 tried 2/3] 0.2 secs
				[on_top tried 7/10] 0.2 secs
				[to_right tried 8/10] 0.2 secs
				[allineato_al_centro_verticale tried 7/10] 0.2 secs
				[allineato_al_centro_orizzontale tried 6/10] 0.2 secs
				[altezza_pagina tried 1/1] 0.2 secs
				[larghezza_pagina tried 1/1] 0.2 secs
				[altezza_rettangolo tried 2/2] 0.2 secs
				[ascissa_rettangolo tried 2/2] 0.2 secs
				[ordinata_rettangolo tried 2/2] 0.2 secs
				[larghezza_rettangolo tried 2/2] 0.2 secs
				[numero_pagine tried 1/1] 0.2 secs

	Save on_top(D,E) (4,6 value 17.0)

Best literal tipo_testo(E) (6.0 bits)


State (11/18 [4/6], 10.7 bits available)

				[= tried 3/3] 0.2 secs
				[tipo_testo tried 1/3] 0.2 secs
				[tipo_linea_orizzontale tried 3/3] 0.2 secs
				[tipo_misto tried 2/3] 0.2 secs
				[tipo_linea_obbliqua tried 3/3] 0.2 secs
				[tipo_immagine tried 3/3] 0.2 secs
				[tipo_vuoto tried 3/3] 0.2 secs
				[ultima_pagina tried 1/1] 0.2 secs
				[frame tried 5/6] 0.2 secs
				[pagina_1 tried 2/3] 0.2 secs
				[on_top tried 7/10] 0.2 secs
				[to_right tried 8/10] 0.2 secs
				[allineato_al_centro_verticale tried 7/10] 0.2 secs
				[allineato_al_centro_orizzontale tried 6/10] 0.2 secs
				[altezza_pagina tried 1/1] 0.2 secs
				[larghezza_pagina tried 1/1] 0.2 secs
				[altezza_rettangolo tried 2/2] 0.2 secs
				[ascissa_rettangolo tried 2/2] 0.2 secs
				[ordinata_rettangolo tried 2/2] 0.2 secs
				[larghezza_rettangolo tried 2/2] 0.2 secs
				[numero_pagine tried 1/1] 0.2 secs

Best literal on_top(D,E) (7.7 bits)


State (11/17 [4/6], 6.1 bits available)

				[= tried 3/3] 0.2 secs
				[tipo_testo tried 1/3] 0.2 secs
				[tipo_linea_orizzontale tried 3/3] 0.2 secs
				[tipo_misto tried 2/3] 0.2 secs
				[tipo_linea_obbliqua tried 3/3] 0.2 secs
				[tipo_immagine tried 3/3] 0.2 secs
				[tipo_vuoto tried 3/3] 0.2 secs
				[ultima_pagina tried 1/1] 0.2 secs
				[frame tried 5/6] 0.2 secs
				[pagina_1 tried 2/3] 0.2 secs
				[on_top tried 6/10] 0.2 secs
				[to_right tried 8/10] 0.2 secs
				[allineato_al_centro_verticale tried 7/10] 0.2 secs
				[allineato_al_centro_orizzontale tried 6/10] 0.2 secs
				[altezza_pagina tried 1/1] 0.2 secs
				[larghezza_pagina tried 1/1] 0.2 secs
				[altezza_rettangolo tried 2/2] 0.2 secs
				[ascissa_rettangolo tried 2/2] 0.2 secs
				[ordinata_rettangolo tried 2/2] 0.2 secs
				[larghezza_rettangolo tried 2/2] 0.2 secs
				[numero_pagine tried 1/1] 0.2 secs

	Save on_top(D,F) (4,6 value 17.0)
	Save on_top(F,C) (4,6 value 17.0)
	Save on_top(F,D) (4,6 value 17.0)
	Save to_right(D,F) (4,6 value 17.0)

Best literal frame(B,F) (7.0 bits)


State (77/167 [4/6], 2.5 bits available, 1 weak literal)

				[= requires 8.0 bits]
				[tipo_testo requires 6.4 bits]
				[tipo_linea_orizzontale requires 6.4 bits]
				[tipo_misto requires 6.4 bits]
				[tipo_linea_obbliqua requires 6.4 bits]
				[tipo_immagine requires 6.4 bits]
				[tipo_vuoto requires 6.4 bits]
				[ultima_pagina tried 1/1] 0.2 secs
				[frame requires 7.4 bits]
				[pagina_1 requires 6.0 bits]
				[on_top requires 8.6 bits]
				[to_right requires 8.6 bits]
				[allineato_al_centro_verticale requires 8.6 bits]
				[allineato_al_centro_orizzontale requires 8.6 bits]
				[altezza_pagina tried 1/1] 0.2 secs
				[larghezza_pagina tried 1/1] 0.2 secs
				[altezza_rettangolo requires 6.0 bits]
				[ascissa_rettangolo requires 6.0 bits]
				[ordinata_rettangolo requires 6.0 bits]
				[larghezza_rettangolo requires 6.0 bits]
				[numero_pagine tried 1/1] 0.2 secs

No literals

Recover to class_svln(A) :- pagina_1(A,B), frame(B,C), tipo_misto(C), on_top(D,C), to_right(D,C), to_right(E,D).



State (46/97 [5/10], 27.9 bits available)

				[= tried 3/3] 0.2 secs
				[tipo_testo tried 3/3] 0.2 secs
				[tipo_linea_orizzontale tried 3/3] 0.2 secs
				[tipo_misto tried 2/3] 0.2 secs
				[tipo_linea_obbliqua tried 3/3] 0.2 secs
				[tipo_immagine tried 3/3] 0.2 secs
				[tipo_vuoto tried 3/3] 0.2 secs
				[ultima_pagina tried 1/1] 0.2 secs
				[frame tried 5/6] 0.2 secs
				[pagina_1 tried 2/3] 0.2 secs
				[on_top tried 7/10] 0.2 secs
				[to_right tried 7/10] 0.2 secs
				[allineato_al_centro_verticale tried 10/10] 0.2 secs
				[allineato_al_centro_orizzontale tried 6/10] 0.2 secs
				[altezza_pagina tried 1/1] 0.2 secs
				[larghezza_pagina tried 1/1] 0.2 secs
				[altezza_rettangolo tried 2/2] 0.2 secs
				[ascissa_rettangolo tried 2/2] 0.2 secs
				[ordinata_rettangolo tried 2/2] 0.2 secs
				[larghezza_rettangolo tried 2/2] 0.2 secs
				[numero_pagine tried 1/1] 0.2 secs

Best literal allineato_al_centro_verticale(D,E) (7.7 bits)


State (11/19 [4/6], 16.2 bits available)

				[= tried 3/3] 0.2 secs
				[tipo_testo tried 3/3] 0.2 secs
				[tipo_linea_orizzontale tried 3/3] 0.2 secs
				[tipo_misto tried 2/3] 0.2 secs
				[tipo_linea_obbliqua tried 3/3] 0.2 secs
				[tipo_immagine tried 3/3] 0.2 secs
				[tipo_vuoto tried 3/3] 0.2 secs
				[ultima_pagina tried 1/1] 0.2 secs
				[frame tried 5/6] 0.2 secs
				[pagina_1 tried 2/3] 0.2 secs
				[on_top tried 7/10] 0.2 secs
				[to_right tried 8/10] 0.2 secs
				[allineato_al_centro_verticale tried 7/10] 0.2 secs
				[allineato_al_centro_orizzontale tried 6/10] 0.2 secs
				[altezza_pagina tried 1/1] 0.2 secs
				[larghezza_pagina tried 1/1] 0.2 secs
				[altezza_rettangolo tried 2/2] 0.2 secs
				[ascissa_rettangolo tried 2/2] 0.2 secs
				[ordinata_rettangolo tried 2/2] 0.2 secs
				[larghezza_rettangolo tried 2/2] 0.2 secs
				[numero_pagine tried 1/1] 0.2 secs

	Save on_top(D,E) (4,6 value 17.0)

Best literal tipo_testo(E) (6.0 bits)


State (11/18 [4/6], 13.1 bits available)

				[= tried 3/3] 0.2 secs
				[tipo_testo tried 2/3] 0.2 secs
				[tipo_linea_orizzontale tried 3/3] 0.2 secs
				[tipo_misto tried 2/3] 0.2 secs
				[tipo_linea_obbliqua tried 3/3] 0.2 secs
				[tipo_immagine tried 3/3] 0.2 secs
				[tipo_vuoto tried 3/3] 0.2 secs
				[ultima_pagina tried 1/1] 0.2 secs
				[frame tried 5/6] 0.2 secs
				[pagina_1 tried 2/3] 0.2 secs
				[on_top tried 7/10] 0.2 secs
				[to_right tried 8/10] 0.2 secs
				[allineato_al_centro_verticale tried 7/10] 0.2 secs
				[allineato_al_centro_orizzontale tried 6/10] 0.2 secs
				[altezza_pagina tried 1/1] 0.2 secs
				[larghezza_pagina tried 1/1] 0.2 secs
				[altezza_rettangolo tried 2/2] 0.2 secs
				[ascissa_rettangolo tried 2/2] 0.2 secs
				[ordinata_rettangolo tried 2/2] 0.2 secs
				[larghezza_rettangolo tried 2/2] 0.2 secs
				[numero_pagine tried 1/1] 0.2 secs

Best literal on_top(D,E) (7.7 bits)


State (11/17 [4/6], 8.4 bits available)

				[= tried 3/3] 0.2 secs
				[tipo_testo tried 2/3] 0.2 secs
				[tipo_linea_orizzontale tried 3/3] 0.2 secs
				[tipo_misto tried 2/3] 0.2 secs
				[tipo_linea_obbliqua tried 3/3] 0.2 secs
				[tipo_immagine tried 3/3] 0.2 secs
				[tipo_vuoto tried 3/3] 0.2 secs
				[ultima_pagina tried 1/1] 0.2 secs
				[frame tried 5/6] 0.2 secs
				[pagina_1 tried 2/3] 0.2 secs
				[on_top tried 6/10] 0.2 secs
				[to_right tried 8/10] 0.2 secs
				[allineato_al_centro_verticale tried 7/10] 0.2 secs
				[allineato_al_centro_orizzontale tried 6/10] 0.2 secs
				[altezza_pagina tried 1/1] 0.2 secs
				[larghezza_pagina tried 1/1] 0.2 secs
				[altezza_rettangolo tried 2/2] 0.2 secs
				[ascissa_rettangolo tried 2/2] 0.2 secs
				[ordinata_rettangolo tried 2/2] 0.2 secs
				[larghezza_rettangolo tried 2/2] 0.2 secs
				[numero_pagine tried 1/1] 0.2 secs

	Save on_top(D,F) (4,6 value 17.0)
	Save on_top(F,C) (4,6 value 17.0)
	Save on_top(F,D) (4,6 value 17.0)
	Save to_right(D,F) (4,6 value 17.0)

Best literal frame(B,F) (7.0 bits)


State (77/167 [4/6], 4.5 bits available, 1 weak literal)

				[= requires 8.0 bits]
				[tipo_testo tried 3/4] 0.2 secs
				[tipo_linea_orizzontale tried 4/4] 0.2 secs
				[tipo_misto tried 3/4] 0.2 secs
				[tipo_linea_obbliqua tried 4/4] 0.2 secs
				[tipo_immagine tried 4/4] 0.2 secs
				[tipo_vuoto tried 4/4] 0.2 secs
				[ultima_pagina tried 1/1] 0.2 secs
				[frame tried 5/8] 0.2 secs
				[pagina_1 tried 2/3] 0.2 secs
				[on_top requires 8.6 bits]
				[to_right requires 8.6 bits]
				[allineato_al_centro_verticale requires 8.6 bits]
				[allineato_al_centro_orizzontale requires 8.6 bits]
				[altezza_pagina tried 1/1] 0.2 secs
				[larghezza_pagina tried 1/1] 0.2 secs
				[altezza_rettangolo tried 3/3] 0.2 secs
				[ascissa_rettangolo tried 3/3] 0.2 secs
				[ordinata_rettangolo tried 3/3] 0.2 secs
				[larghezza_rettangolo tried 3/3] 0.2 secs
				[numero_pagine tried 1/1] 0.2 secs

Best literal tipo_misto(F) (6.4 bits)


State (11/19 [4/6], 1.5 bits available)

				[= requires 8.0 bits]
				[tipo_testo requires 6.4 bits]
				[tipo_linea_orizzontale requires 6.4 bits]
				[tipo_misto requires 6.4 bits]
				[tipo_linea_obbliqua requires 6.4 bits]
				[tipo_immagine requires 6.4 bits]
				[tipo_vuoto requires 6.4 bits]
				[ultima_pagina tried 1/1] 0.2 secs
				[frame requires 7.4 bits]
				[pagina_1 requires 6.0 bits]
				[on_top requires 8.6 bits]
				[to_right requires 8.6 bits]
				[allineato_al_centro_verticale requires 8.6 bits]
				[allineato_al_centro_orizzontale requires 8.6 bits]
				[altezza_pagina tried 1/1] 0.2 secs
				[larghezza_pagina tried 1/1] 0.2 secs
				[altezza_rettangolo requires 6.0 bits]
				[ascissa_rettangolo requires 6.0 bits]
				[ordinata_rettangolo requires 6.0 bits]
				[larghezza_rettangolo requires 6.0 bits]
				[numero_pagine tried 1/1] 0.2 secs

No literals

Recover to class_svln(A) :- pagina_1(A,B), frame(B,C), tipo_misto(C), on_top(D,C), to_right(D,C), tipo_testo(D), to_right(E,D), allineato_al_centro_verticale(D,E), on_top(D,E).



State (11/18 [4/6], 8.9 bits available)

				[= tried 3/3] 0.2 secs
				[tipo_testo tried 2/3] 0.2 secs
				[tipo_linea_orizzontale tried 3/3] 0.2 secs
				[tipo_misto tried 2/3] 0.2 secs
				[tipo_linea_obbliqua tried 3/3] 0.2 secs
				[tipo_immagine tried 3/3] 0.2 secs
				[tipo_vuoto tried 3/3] 0.2 secs
				[ultima_pagina tried 1/1] 0.2 secs
				[frame tried 5/6] 0.2 secs
				[pagina_1 tried 2/3] 0.2 secs
				[on_top tried 6/10] 0.2 secs
				[to_right tried 8/10] 0.2 secs
				[allineato_al_centro_verticale tried 7/10] 0.2 secs
				[allineato_al_centro_orizzontale tried 6/10] 0.2 secs
				[altezza_pagina tried 1/1] 0.2 secs
				[larghezza_pagina tried 1/1] 0.2 secs
				[altezza_rettangolo tried 2/2] 0.2 secs
				[ascissa_rettangolo tried 2/2] 0.2 secs
				[ordinata_rettangolo tried 2/2] 0.2 secs
				[larghezza_rettangolo tried 2/2] 0.2 secs
				[numero_pagine tried 1/1] 0.2 secs

Best literal tipo_testo(E) (6.0 bits)


State (11/17 [4/6], 6.1 bits available)

				[= tried 3/3] 0.2 secs
				[tipo_testo tried 1/3] 0.2 secs
				[tipo_linea_orizzontale tried 3/3] 0.2 secs
				[tipo_misto tried 2/3] 0.2 secs
				[tipo_linea_obbliqua tried 3/3] 0.2 secs
				[tipo_immagine tried 3/3] 0.2 secs
				[tipo_vuoto tried 3/3] 0.2 secs
				[ultima_pagina tried 1/1] 0.2 secs
				[frame tried 5/6] 0.2 secs
				[pagina_1 tried 2/3] 0.2 secs
				[on_top tried 6/10] 0.2 secs
				[to_right tried 8/10] 0.2 secs
				[allineato_al_centro_verticale tried 7/10] 0.2 secs
				[allineato_al_centro_orizzontale tried 6/10] 0.2 secs
				[altezza_pagina tried 1/1] 0.2 secs
				[larghezza_pagina tried 1/1] 0.2 secs
				[altezza_rettangolo tried 2/2] 0.2 secs
				[ascissa_rettangolo tried 2/2] 0.2 secs
				[ordinata_rettangolo tried 2/2] 0.2 secs
				[larghezza_rettangolo tried 2/2] 0.2 secs
				[numero_pagine tried 1/1] 0.2 secs

	Save on_top(D,F) (4,6 value 17.0)
	Save on_top(F,C) (4,6 value 17.0)
	Save on_top(F,D) (4,6 value 17.0)
	Save to_right(D,F) (4,6 value 17.0)

Best literal frame(B,F) (7.0 bits)


State (77/167 [4/6], 2.5 bits available, 1 weak literal)

				[= requires 8.0 bits]
				[tipo_testo requires 6.4 bits]
				[tipo_linea_orizzontale requires 6.4 bits]
				[tipo_misto requires 6.4 bits]
				[tipo_linea_obbliqua requires 6.4 bits]
				[tipo_immagine requires 6.4 bits]
				[tipo_vuoto requires 6.4 bits]
				[ultima_pagina tried 1/1] 0.2 secs
				[frame requires 7.4 bits]
				[pagina_1 requires 6.0 bits]
				[on_top requires 8.6 bits]
				[to_right requires 8.6 bits]
				[allineato_al_centro_verticale requires 8.6 bits]
				[allineato_al_centro_orizzontale requires 8.6 bits]
				[altezza_pagina tried 1/1] 0.2 secs
				[larghezza_pagina tried 1/1] 0.2 secs
				[altezza_rettangolo requires 6.0 bits]
				[ascissa_rettangolo requires 6.0 bits]
				[ordinata_rettangolo requires 6.0 bits]
				[larghezza_rettangolo requires 6.0 bits]
				[numero_pagine tried 1/1] 0.2 secs

No literals

Recover to class_svln(A) :- pagina_1(A,B), frame(B,C), tipo_misto(C), on_top(D,C), to_right(D,C), tipo_testo(D), to_right(E,D), allineato_al_centro_verticale(D,E), tipo_testo(E), on_top(D,E), on_top(D,F).



State (49/103 [4/6], 1.7 bits available, 1 weak literal)

				[= requires 8.0 bits]
				[tipo_testo requires 6.4 bits]
				[tipo_linea_orizzontale requires 6.4 bits]
				[tipo_misto requires 6.4 bits]
				[tipo_linea_obbliqua requires 6.4 bits]
				[tipo_immagine requires 6.4 bits]
				[tipo_vuoto requires 6.4 bits]
				[ultima_pagina tried 1/1] 0.2 secs
				[frame requires 7.2 bits]
				[pagina_1 requires 6.0 bits]
				[on_top requires 8.4 bits]
				[to_right requires 8.4 bits]
				[allineato_al_centro_verticale requires 8.4 bits]
				[allineato_al_centro_orizzontale requires 8.4 bits]
				[altezza_pagina tried 1/1] 0.2 secs
				[larghezza_pagina tried 1/1] 0.2 secs
				[altezza_rettangolo requires 5.4 bits]
				[ascissa_rettangolo requires 5.4 bits]
				[ordinata_rettangolo requires 5.4 bits]
				[larghezza_rettangolo requires 5.4 bits]
				[numero_pagine tried 1/1] 0.2 secs

No literals

Recover to class_svln(A) :- pagina_1(A,B), frame(B,C), tipo_misto(C), on_top(D,C), to_right(D,C), tipo_testo(D), to_right(E,D), allineato_al_centro_verticale(D,E), tipo_testo(E), on_top(D,E), on_top(F,C).



State (66/144 [4/6], 1.7 bits available, 1 weak literal)

				[= requires 8.0 bits]
				[tipo_testo requires 6.4 bits]
				[tipo_linea_orizzontale requires 6.4 bits]
				[tipo_misto requires 6.4 bits]
				[tipo_linea_obbliqua requires 6.4 bits]
				[tipo_immagine requires 6.4 bits]
				[tipo_vuoto requires 6.4 bits]
				[ultima_pagina tried 1/1] 0.2 secs
				[frame requires 7.4 bits]
				[pagina_1 requires 6.0 bits]
				[on_top requires 8.6 bits]
				[to_right requires 8.6 bits]
				[allineato_al_centro_verticale requires 8.6 bits]
				[allineato_al_centro_orizzontale requires 8.6 bits]
				[altezza_pagina tried 1/1] 0.2 secs
				[larghezza_pagina tried 1/1] 0.2 secs
				[altezza_rettangolo requires 6.0 bits]
				[ascissa_rettangolo requires 6.0 bits]
				[ordinata_rettangolo requires 6.0 bits]
				[larghezza_rettangolo requires 6.0 bits]
				[numero_pagine tried 1/1] 0.2 secs

No literals

Recover to class_svln(A) :- pagina_1(A,B), frame(B,C), tipo_misto(C), on_top(D,C), to_right(D,C), tipo_testo(D), to_right(E,D), allineato_al_centro_verticale(D,E), tipo_testo(E), on_top(D,E), on_top(F,D).



State (17/47 [4/6], 1.7 bits available, 1 weak literal)

				[= requires 8.0 bits]
				[tipo_testo requires 6.4 bits]
				[tipo_linea_orizzontale requires 6.4 bits]
				[tipo_misto requires 6.4 bits]
				[tipo_linea_obbliqua requires 6.4 bits]
				[tipo_immagine requires 6.4 bits]
				[tipo_vuoto requires 6.4 bits]
				[ultima_pagina tried 1/1] 0.2 secs
				[frame requires 7.2 bits]
				[pagina_1 requires 6.0 bits]
				[on_top requires 8.4 bits]
				[to_right requires 8.4 bits]
				[allineato_al_centro_verticale requires 8.4 bits]
				[allineato_al_centro_orizzontale requires 8.4 bits]
				[altezza_pagina tried 1/1] 0.2 secs
				[larghezza_pagina tried 1/1] 0.2 secs
				[altezza_rettangolo requires 5.4 bits]
				[ascissa_rettangolo requires 5.4 bits]
				[ordinata_rettangolo requires 5.4 bits]
				[larghezza_rettangolo requires 5.4 bits]
				[numero_pagine tried 1/1] 0.2 secs

No literals

Recover to class_svln(A) :- pagina_1(A,B), frame(B,C), tipo_misto(C), on_top(D,C), to_right(D,C), tipo_testo(D), to_right(E,D), allineato_al_centro_verticale(D,E), tipo_testo(E), on_top(D,E), to_right(D,F).



State (26/70 [4/6], 1.7 bits available, 1 weak literal)

				[= requires 8.0 bits]
				[tipo_testo requires 6.4 bits]
				[tipo_linea_orizzontale requires 6.4 bits]
				[tipo_misto requires 6.4 bits]
				[tipo_linea_obbliqua requires 6.4 bits]
				[tipo_immagine requires 6.4 bits]
				[tipo_vuoto requires 6.4 bits]
				[ultima_pagina tried 1/1] 0.2 secs
				[frame requires 7.2 bits]
				[pagina_1 requires 6.0 bits]
				[on_top requires 8.4 bits]
				[to_right requires 8.4 bits]
				[allineato_al_centro_verticale requires 8.4 bits]
				[allineato_al_centro_orizzontale requires 8.4 bits]
				[altezza_pagina tried 1/1] 0.2 secs
				[larghezza_pagina tried 1/1] 0.2 secs
				[altezza_rettangolo requires 5.4 bits]
				[ascissa_rettangolo requires 5.4 bits]
				[ordinata_rettangolo requires 5.4 bits]
				[larghezza_rettangolo requires 5.4 bits]
				[numero_pagine tried 1/1] 0.2 secs

No literals

Recover to class_svln(A) :- pagina_1(A,B), frame(B,C), tipo_misto(C), on_top(D,C), to_right(D,C), to_right(E,D), allineato_al_centro_verticale(D,E), on_top(D,E).



State (11/18 [4/6], 11.3 bits available)

				[= tried 3/3] 0.2 secs
				[tipo_testo tried 3/3] 0.2 secs
				[tipo_linea_orizzontale tried 3/3] 0.2 secs
				[tipo_misto tried 2/3] 0.2 secs
				[tipo_linea_obbliqua tried 3/3] 0.2 secs
				[tipo_immagine tried 3/3] 0.2 secs
				[tipo_vuoto tried 3/3] 0.2 secs
				[ultima_pagina tried 1/1] 0.2 secs
				[frame tried 5/6] 0.2 secs
				[pagina_1 tried 2/3] 0.2 secs
				[on_top tried 6/10] 0.2 secs
				[to_right tried 8/10] 0.2 secs
				[allineato_al_centro_verticale tried 7/10] 0.2 secs
				[allineato_al_centro_orizzontale tried 6/10] 0.2 secs
				[altezza_pagina tried 1/1] 0.2 secs
				[larghezza_pagina tried 1/1] 0.2 secs
				[altezza_rettangolo tried 2/2] 0.2 secs
				[ascissa_rettangolo tried 2/2] 0.2 secs
				[ordinata_rettangolo tried 2/2] 0.2 secs
				[larghezza_rettangolo tried 2/2] 0.2 secs
				[numero_pagine tried 1/1] 0.2 secs

Best literal tipo_testo(E) (6.0 bits)


State (11/17 [4/6], 8.4 bits available)

				[= tried 3/3] 0.2 secs
				[tipo_testo tried 2/3] 0.2 secs
				[tipo_linea_orizzontale tried 3/3] 0.2 secs
				[tipo_misto tried 2/3] 0.2 secs
				[tipo_linea_obbliqua tried 3/3] 0.2 secs
				[tipo_immagine tried 3/3] 0.2 secs
				[tipo_vuoto tried 3/3] 0.2 secs
				[ultima_pagina tried 1/1] 0.2 secs
				[frame tried 5/6] 0.2 secs
				[pagina_1 tried 2/3] 0.2 secs
				[on_top tried 6/10] 0.2 secs
				[to_right tried 8/10] 0.2 secs
				[allineato_al_centro_verticale tried 7/10] 0.2 secs
				[allineato_al_centro_orizzontale tried 6/10] 0.2 secs
				[altezza_pagina tried 1/1] 0.2 secs
				[larghezza_pagina tried 1/1] 0.2 secs
				[altezza_rettangolo tried 2/2] 0.2 secs
				[ascissa_rettangolo tried 2/2] 0.2 secs
				[ordinata_rettangolo tried 2/2] 0.2 secs
				[larghezza_rettangolo tried 2/2] 0.2 secs
				[numero_pagine tried 1/1] 0.2 secs

	Save on_top(D,F) (4,6 value 17.0)
	Save on_top(F,C) (4,6 value 17.0)
	Save on_top(F,D) (4,6 value 17.0)
	Save to_right(D,F) (4,6 value 17.0)

Best literal frame(B,F) (7.0 bits)


State (77/167 [4/6], 4.5 bits available, 1 weak literal)

				[= requires 8.0 bits]
				[tipo_testo tried 3/4] 0.2 secs
				[tipo_linea_orizzontale tried 4/4] 0.2 secs
				[tipo_misto tried 3/4] 0.2 secs
				[tipo_linea_obbliqua tried 4/4] 0.2 secs
				[tipo_immagine tried 4/4] 0.2 secs
				[tipo_vuoto tried 4/4] 0.2 secs
				[ultima_pagina tried 1/1] 0.2 secs
				[frame tried 5/8] 0.2 secs
				[pagina_1 tried 2/3] 0.2 secs
				[on_top requires 8.6 bits]
				[to_right requires 8.6 bits]
				[allineato_al_centro_verticale requires 8.6 bits]
				[allineato_al_centro_orizzontale requires 8.6 bits]
				[altezza_pagina tried 1/1] 0.2 secs
				[larghezza_pagina tried 1/1] 0.2 secs
				[altezza_rettangolo tried 3/3] 0.2 secs
				[ascissa_rettangolo tried 3/3] 0.2 secs
				[ordinata_rettangolo tried 3/3] 0.2 secs
				[larghezza_rettangolo tried 3/3] 0.2 secs
				[numero_pagine tried 1/1] 0.2 secs

Best literal tipo_misto(F) (6.4 bits)


State (11/19 [4/6], 1.5 bits available)

				[= requires 8.0 bits]
				[tipo_testo requires 6.4 bits]
				[tipo_linea_orizzontale requires 6.4 bits]
				[tipo_misto requires 6.4 bits]
				[tipo_linea_obbliqua requires 6.4 bits]
				[tipo_immagine requires 6.4 bits]
				[tipo_vuoto requires 6.4 bits]
				[ultima_pagina tried 1/1] 0.2 secs
				[frame requires 7.4 bits]
				[pagina_1 requires 6.0 bits]
				[on_top requires 8.6 bits]
				[to_right requires 8.6 bits]
				[allineato_al_centro_verticale requires 8.6 bits]
				[allineato_al_centro_orizzontale requires 8.6 bits]
				[altezza_pagina tried 1/1] 0.2 secs
				[larghezza_pagina tried 1/1] 0.2 secs
				[altezza_rettangolo requires 6.0 bits]
				[ascissa_rettangolo requires 6.0 bits]
				[ordinata_rettangolo requires 6.0 bits]
				[larghezza_rettangolo requires 6.0 bits]
				[numero_pagine tried 1/1] 0.2 secs

No literals

Recover to class_svln(A) :- pagina_1(A,B), frame(B,C), tipo_misto(C), on_top(D,C), to_right(D,C), to_right(E,D), allineato_al_centro_verticale(D,E), tipo_testo(E), on_top(D,E), on_top(D,F).



State (49/103 [4/6], 3.8 bits available, 1 weak literal)

				[= requires 8.0 bits]
				[tipo_testo tried 3/4] 0.2 secs
				[tipo_linea_orizzontale tried 4/4] 0.2 secs
				[tipo_misto tried 3/4] 0.2 secs
				[tipo_linea_obbliqua tried 4/4] 0.2 secs
				[tipo_immagine tried 4/4] 0.2 secs
				[tipo_vuoto tried 4/4] 0.2 secs
				[ultima_pagina tried 1/1] 0.2 secs
				[frame requires 7.2 bits]
				[pagina_1 tried 2/3] 0.2 secs
				[on_top requires 8.4 bits]
				[to_right requires 8.4 bits]
				[allineato_al_centro_verticale requires 8.4 bits]
				[allineato_al_centro_orizzontale requires 8.4 bits]
				[altezza_pagina tried 1/1] 0.2 secs
				[larghezza_pagina tried 1/1] 0.2 secs
				[altezza_rettangolo tried 2/2] 0.2 secs
				[ascissa_rettangolo tried 2/2] 0.2 secs
				[ordinata_rettangolo tried 2/2] 0.2 secs
				[larghezza_rettangolo tried 2/2] 0.2 secs
				[numero_pagine tried 1/1] 0.2 secs

Best literal tipo_misto(F) (6.4 bits)


State (11/18 [4/6], 0.7 bits available)

				[= requires 8.0 bits]
				[tipo_testo requires 6.4 bits]
				[tipo_linea_orizzontale requires 6.4 bits]
				[tipo_misto requires 6.4 bits]
				[tipo_linea_obbliqua requires 6.4 bits]
				[tipo_immagine requires 6.4 bits]
				[tipo_vuoto requires 6.4 bits]
				[ultima_pagina requires 4.4 bits]
				[frame requires 7.2 bits]
				[pagina_1 requires 6.0 bits]
				[on_top requires 8.4 bits]
				[to_right requires 8.4 bits]
				[allineato_al_centro_verticale requires 8.4 bits]
				[allineato_al_centro_orizzontale requires 8.4 bits]
				[altezza_pagina requires 4.4 bits]
				[larghezza_pagina requires 4.4 bits]
				[altezza_rettangolo requires 5.4 bits]
				[ascissa_rettangolo requires 5.4 bits]
				[ordinata_rettangolo requires 5.4 bits]
				[larghezza_rettangolo requires 5.4 bits]
				[numero_pagine requires 4.4 bits]

No literals

Recover to class_svln(A) :- pagina_1(A,B), frame(B,C), tipo_misto(C), on_top(D,C), to_right(D,C), to_right(E,D), allineato_al_centro_verticale(D,E), tipo_testo(E), on_top(D,E), on_top(F,C).



State (66/144 [4/6], 3.8 bits available, 1 weak literal)

				[= requires 8.0 bits]
				[tipo_testo tried 3/4] 0.2 secs
				[tipo_linea_orizzontale tried 4/4] 0.2 secs
				[tipo_misto tried 3/4] 0.2 secs
				[tipo_linea_obbliqua tried 4/4] 0.2 secs
				[tipo_immagine tried 4/4] 0.2 secs
				[tipo_vuoto tried 4/4] 0.2 secs
				[ultima_pagina tried 1/1] 0.2 secs
				[frame requires 7.4 bits]
				[pagina_1 tried 2/3] 0.2 secs
				[on_top requires 8.6 bits]
				[to_right requires 8.6 bits]
				[allineato_al_centro_verticale requires 8.6 bits]
				[allineato_al_centro_orizzontale requires 8.6 bits]
				[altezza_pagina tried 1/1] 0.2 secs
				[larghezza_pagina tried 1/1] 0.2 secs
				[altezza_rettangolo tried 3/3] 0.2 secs
				[ascissa_rettangolo tried 3/3] 0.2 secs
				[ordinata_rettangolo tried 3/3] 0.2 secs
				[larghezza_rettangolo tried 3/3] 0.2 secs
				[numero_pagine tried 1/1] 0.2 secs

Best literal tipo_testo(F) (6.4 bits)


State (66/142 [4/6], 0.7 bits available)

				[= requires 8.0 bits]
				[tipo_testo requires 6.4 bits]
				[tipo_linea_orizzontale requires 6.4 bits]
				[tipo_misto requires 6.4 bits]
				[tipo_linea_obbliqua requires 6.4 bits]
				[tipo_immagine requires 6.4 bits]
				[tipo_vuoto requires 6.4 bits]
				[ultima_pagina requires 4.4 bits]
				[frame requires 7.4 bits]
				[pagina_1 requires 6.0 bits]
				[on_top requires 8.6 bits]
				[to_right requires 8.6 bits]
				[allineato_al_centro_verticale requires 8.6 bits]
				[allineato_al_centro_orizzontale requires 8.6 bits]
				[altezza_pagina requires 4.4 bits]
				[larghezza_pagina requires 4.4 bits]
				[altezza_rettangolo requires 6.0 bits]
				[ascissa_rettangolo requires 6.0 bits]
				[ordinata_rettangolo requires 6.0 bits]
				[larghezza_rettangolo requires 6.0 bits]
				[numero_pagine requires 4.4 bits]

No literals

Recover to class_svln(A) :- pagina_1(A,B), frame(B,C), tipo_misto(C), on_top(D,C), to_right(D,C), to_right(E,D), allineato_al_centro_verticale(D,E), tipo_testo(E), on_top(D,E), on_top(F,D).



State (17/47 [4/6], 3.8 bits available, 1 weak literal)

				[= requires 8.0 bits]
				[tipo_testo tried 3/4] 0.2 secs
				[tipo_linea_orizzontale tried 4/4] 0.2 secs
				[tipo_misto tried 3/4] 0.2 secs
				[tipo_linea_obbliqua tried 4/4] 0.2 secs
				[tipo_immagine tried 4/4] 0.2 secs
				[tipo_vuoto tried 4/4] 0.2 secs
				[ultima_pagina tried 1/1] 0.2 secs
				[frame requires 7.2 bits]
				[pagina_1 tried 2/3] 0.2 secs
				[on_top requires 8.4 bits]
				[to_right requires 8.4 bits]
				[allineato_al_centro_verticale requires 8.4 bits]
				[allineato_al_centro_orizzontale requires 8.4 bits]
				[altezza_pagina tried 1/1] 0.2 secs
				[larghezza_pagina tried 1/1] 0.2 secs
				[altezza_rettangolo tried 2/2] 0.2 secs
				[ascissa_rettangolo tried 2/2] 0.2 secs
				[ordinata_rettangolo tried 2/2] 0.2 secs
				[larghezza_rettangolo tried 2/2] 0.2 secs
				[numero_pagine tried 1/1] 0.2 secs

Best literal tipo_testo(F) (6.4 bits)


State (17/46 [4/6], 0.7 bits available)

				[= requires 8.0 bits]
				[tipo_testo requires 6.4 bits]
				[tipo_linea_orizzontale requires 6.4 bits]
				[tipo_misto requires 6.4 bits]
				[tipo_linea_obbliqua requires 6.4 bits]
				[tipo_immagine requires 6.4 bits]
				[tipo_vuoto requires 6.4 bits]
				[ultima_pagina requires 4.4 bits]
				[frame requires 7.2 bits]
				[pagina_1 requires 6.0 bits]
				[on_top requires 8.4 bits]
				[to_right requires 8.4 bits]
				[allineato_al_centro_verticale requires 8.4 bits]
				[allineato_al_centro_orizzontale requires 8.4 bits]
				[altezza_pagina requires 4.4 bits]
				[larghezza_pagina requires 4.4 bits]
				[altezza_rettangolo requires 5.4 bits]
				[ascissa_rettangolo requires 5.4 bits]
				[ordinata_rettangolo requires 5.4 bits]
				[larghezza_rettangolo requires 5.4 bits]
				[numero_pagine requires 4.4 bits]

No literals

Recover to class_svln(A) :- pagina_1(A,B), frame(B,C), tipo_misto(C), on_top(D,C), to_right(D,C), to_right(E,D), allineato_al_centro_verticale(D,E), tipo_testo(E), on_top(D,E), to_right(D,F).



State (26/70 [4/6], 3.8 bits available, 1 weak literal)

				[= requires 8.0 bits]
				[tipo_testo tried 3/4] 0.2 secs
				[tipo_linea_orizzontale tried 4/4] 0.2 secs
				[tipo_misto tried 3/4] 0.2 secs
				[tipo_linea_obbliqua tried 4/4] 0.2 secs
				[tipo_immagine tried 4/4] 0.2 secs
				[tipo_vuoto tried 4/4] 0.2 secs
				[ultima_pagina tried 1/1] 0.2 secs
				[frame requires 7.2 bits]
				[pagina_1 tried 2/3] 0.2 secs
				[on_top requires 8.4 bits]
				[to_right requires 8.4 bits]
				[allineato_al_centro_verticale requires 8.4 bits]
				[allineato_al_centro_orizzontale requires 8.4 bits]
				[altezza_pagina tried 1/1] 0.2 secs
				[larghezza_pagina tried 1/1] 0.2 secs
				[altezza_rettangolo tried 2/2] 0.2 secs
				[ascissa_rettangolo tried 2/2] 0.2 secs
				[ordinata_rettangolo tried 2/2] 0.2 secs
				[larghezza_rettangolo tried 2/2] 0.2 secs
				[numero_pagine tried 1/1] 0.2 secs

Best literal tipo_misto(F) (6.4 bits)
		Note C=F

State (11/17 [4/6], 0.7 bits available)

				[= requires 7.0 bits]
				[tipo_testo requires 6.0 bits]
				[tipo_linea_orizzontale requires 6.0 bits]
				[tipo_misto requires 6.0 bits]
				[tipo_linea_obbliqua requires 6.0 bits]
				[tipo_immagine requires 6.0 bits]
				[tipo_vuoto requires 6.0 bits]
				[ultima_pagina requires 4.4 bits]
				[frame requires 7.0 bits]
				[pagina_1 requires 6.0 bits]
				[on_top requires 7.7 bits]
				[to_right requires 7.7 bits]
				[allineato_al_centro_verticale requires 7.7 bits]
				[allineato_al_centro_orizzontale requires 7.7 bits]
				[altezza_pagina requires 4.4 bits]
				[larghezza_pagina requires 4.4 bits]
				[altezza_rettangolo requires 5.4 bits]
				[ascissa_rettangolo requires 5.4 bits]
				[ordinata_rettangolo requires 5.4 bits]
				[larghezza_rettangolo requires 5.4 bits]
				[numero_pagine requires 4.4 bits]

No literals

Recover to class_svln(A) :- pagina_1(A,B), frame(B,C), tipo_misto(C), on_top(D,C), to_right(D,C), tipo_testo(D), to_right(E,D), allineato_al_centro_verticale(D,E), on_top(D,E), tipo_testo(E), on_top(D,F).



State (49/103 [4/6], 1.7 bits available, 1 weak literal)

				[= requires 8.0 bits]
				[tipo_testo requires 6.4 bits]
				[tipo_linea_orizzontale requires 6.4 bits]
				[tipo_misto requires 6.4 bits]
				[tipo_linea_obbliqua requires 6.4 bits]
				[tipo_immagine requires 6.4 bits]
				[tipo_vuoto requires 6.4 bits]
				[ultima_pagina tried 1/1] 0.2 secs
				[frame requires 7.2 bits]
				[pagina_1 requires 6.0 bits]
				[on_top requires 8.4 bits]
				[to_right requires 8.4 bits]
				[allineato_al_centro_verticale requires 8.4 bits]
				[allineato_al_centro_orizzontale requires 8.4 bits]
				[altezza_pagina tried 1/1] 0.2 secs
				[larghezza_pagina tried 1/1] 0.2 secs
				[altezza_rettangolo requires 5.4 bits]
				[ascissa_rettangolo requires 5.4 bits]
				[ordinata_rettangolo requires 5.4 bits]
				[larghezza_rettangolo requires 5.4 bits]
				[numero_pagine tried 1/1] 0.2 secs

No literals

Recover to class_svln(A) :- pagina_1(A,B), frame(B,C), tipo_misto(C), on_top(D,C), to_right(D,C), tipo_testo(D), to_right(E,D), allineato_al_centro_verticale(D,E), on_top(D,E), tipo_testo(E), on_top(F,C).



State (66/144 [4/6], 1.7 bits available, 1 weak literal)

				[= requires 8.0 bits]
				[tipo_testo requires 6.4 bits]
				[tipo_linea_orizzontale requires 6.4 bits]
				[tipo_misto requires 6.4 bits]
				[tipo_linea_obbliqua requires 6.4 bits]
				[tipo_immagine requires 6.4 bits]
				[tipo_vuoto requires 6.4 bits]
				[ultima_pagina tried 1/1] 0.2 secs
				[frame requires 7.4 bits]
				[pagina_1 requires 6.0 bits]
				[on_top requires 8.6 bits]
				[to_right requires 8.6 bits]
				[allineato_al_centro_verticale requires 8.6 bits]
				[allineato_al_centro_orizzontale requires 8.6 bits]
				[altezza_pagina tried 1/1] 0.2 secs
				[larghezza_pagina tried 1/1] 0.2 secs
				[altezza_rettangolo requires 6.0 bits]
				[ascissa_rettangolo requires 6.0 bits]
				[ordinata_rettangolo requires 6.0 bits]
				[larghezza_rettangolo requires 6.0 bits]
				[numero_pagine tried 1/1] 0.2 secs

No literals

Recover to class_svln(A) :- pagina_1(A,B), frame(B,C), tipo_misto(C), on_top(D,C), to_right(D,C), tipo_testo(D), to_right(E,D), allineato_al_centro_verticale(D,E), on_top(D,E), tipo_testo(E), on_top(F,D).



State (17/47 [4/6], 1.7 bits available, 1 weak literal)

				[= requires 8.0 bits]
				[tipo_testo requires 6.4 bits]
				[tipo_linea_orizzontale requires 6.4 bits]
				[tipo_misto requires 6.4 bits]
				[tipo_linea_obbliqua requires 6.4 bits]
				[tipo_immagine requires 6.4 bits]
				[tipo_vuoto requires 6.4 bits]
				[ultima_pagina tried 1/1] 0.2 secs
				[frame requires 7.2 bits]
				[pagina_1 requires 6.0 bits]
				[on_top requires 8.4 bits]
				[to_right requires 8.4 bits]
				[allineato_al_centro_verticale requires 8.4 bits]
				[allineato_al_centro_orizzontale requires 8.4 bits]
				[altezza_pagina tried 1/1] 0.2 secs
				[larghezza_pagina tried 1/1] 0.2 secs
				[altezza_rettangolo requires 5.4 bits]
				[ascissa_rettangolo requires 5.4 bits]
				[ordinata_rettangolo requires 5.4 bits]
				[larghezza_rettangolo requires 5.4 bits]
				[numero_pagine tried 1/1] 0.2 secs

No literals

Initial clause (2 errs): class_svln(A) :- pagina_1(A,B), frame(B,C), tipo_misto(C), on_top(D,C), to_right(D,C), tipo_testo(D), to_right(E,D), allineato_al_centro_verticale(D,E), on_top(D,E), tipo_testo(E), on_top(F,D).
		frame(B,C) needed for binding tipo_misto(C)
		pagina_1(A,B) needed for binding frame(B,C)

Clause too inaccurate (4/6)

***  Warning: the following definition
***  matches 1 tuple not in the relation
***  does not cover 9 tuples in the relation

class_svln(A) :- pagina_1(A,B), frame(B,C), tipo_misto(C), to_right(D,C), allineato_al_centro_verticale(E,D), on_top(D,E), tipo_misto(E), allineato_al_centro_verticale(D,F).
class_svln(A) :- pagina_1(A,B), frame(B,C), tipo_misto(C), to_right(D,C), on_top(D,C), allineato_al_centro_verticale(D,E), to_right(E,D), on_top(E,D), to_right(C,F).
class_svln(A) :- pagina_1(A,B), frame(B,C), tipo_misto(C), to_right(D,C), on_top(D,C), to_right(E,D), allineato_al_centro_verticale(E,D), on_top(E,D), tipo_testo(E), to_right(C,F).

Time 0.2 secs

Test relation class_svln
    (+)	d37290607
    (-)	maurer06a
Summary: 2 errors in 35 trials
