FOIL 6.4   [January 1996]
--------

    Options:
	no negated literals
	verbosity level 2

Types Documento and Pagina are not compatible
Types Documento and Frame are not compatible
Types Documento and NumeroPagine are not compatible
Types Documento and LarghezzaPagina are not compatible
Types Documento and AltezzaPagina are not compatible
Types Documento and AscissaRettangolo are not compatible
Types Documento and OrdinataRettangolo are not compatible
Types Documento and LarghezzaRettangolo are not compatible
Types Documento and AltezzaRettangolo are not compatible
Types Pagina and Frame are not compatible
Types Pagina and NumeroPagine are not compatible
Types Pagina and LarghezzaPagina are not compatible
Types Pagina and AltezzaPagina are not compatible
Types Pagina and AscissaRettangolo are not compatible
Types Pagina and OrdinataRettangolo are not compatible
Types Pagina and LarghezzaRettangolo are not compatible
Types Pagina and AltezzaRettangolo are not compatible
Types Frame and NumeroPagine are not compatible
Types Frame and LarghezzaPagina are not compatible
Types Frame and AltezzaPagina are not compatible
Types Frame and AscissaRettangolo are not compatible
Types Frame and OrdinataRettangolo are not compatible
Types Frame and LarghezzaRettangolo are not compatible
Types Frame and AltezzaRettangolo are not compatible
Types NumeroPagine and LarghezzaPagina are not compatible
Types NumeroPagine and AltezzaPagina are not compatible
Types NumeroPagine and AscissaRettangolo are not compatible
Types NumeroPagine and OrdinataRettangolo are not compatible
Types NumeroPagine and LarghezzaRettangolo are not compatible
Types NumeroPagine and AltezzaRettangolo are not compatible
Types LarghezzaPagina and AltezzaPagina are not compatible
Types LarghezzaPagina and AscissaRettangolo are not compatible
Types LarghezzaPagina and OrdinataRettangolo are not compatible
Types LarghezzaPagina and LarghezzaRettangolo are not compatible
Types LarghezzaPagina and AltezzaRettangolo are not compatible
Types AltezzaPagina and AscissaRettangolo are not compatible
Types AltezzaPagina and OrdinataRettangolo are not compatible
Types AltezzaPagina and LarghezzaRettangolo are not compatible
Types AltezzaPagina and AltezzaRettangolo are not compatible
Types AscissaRettangolo and OrdinataRettangolo are not compatible
Types AscissaRettangolo and LarghezzaRettangolo are not compatible
Types AscissaRettangolo and AltezzaRettangolo are not compatible
Types OrdinataRettangolo and LarghezzaRettangolo are not compatible
Types OrdinataRettangolo and AltezzaRettangolo are not compatible
Types LarghezzaRettangolo and AltezzaRettangolo are not compatible

Relation class_svln

Relation *allineato_al_centro_orizzontale

Relation *allineato_al_centro_verticale

Relation *altezza_pagina

Relation *larghezza_pagina

Relation *altezza_rettangolo

Relation *ascissa_rettangolo

Relation *ordinata_rettangolo

Relation *larghezza_rettangolo

Relation *frame

Relation *numero_pagine

Relation *on_top

Relation *to_right

Relation *pagina_1

Relation *ultima_pagina

Relation *tipo_immagine

Relation *tipo_linea_obbliqua

Relation *tipo_linea_orizzontale

Relation *tipo_misto

Relation *tipo_testo

Relation *tipo_vuoto

----------
class_svln:

State (63/318, 255.8 bits available)

				[pagina_1 tried 1/1] 0.1 secs
				[numero_pagine tried 1/1] 0.1 secs

Determinate literals
	pagina_1(A,B)


State (63/318, 255.8 bits available, 1 weak literal)

				[ultima_pagina tried 1/1] 0.1 secs
				[frame tried 1/1] 0.1 secs
				[pagina_1 tried 1/3] 0.1 secs
				[altezza_pagina tried 1/1] 0.1 secs
				[larghezza_pagina tried 1/1] 0.1 secs
				[numero_pagine tried 1/1] 0.1 secs

Best literal frame(B,C) (2.6 bits)


State (498/3474 [63/318], 253.2 bits available, 2 weak literals)

				[tipo_testo tried 1/1] 0.1 secs
				[tipo_linea_orizzontale tried 1/1] 0.1 secs
				[tipo_misto tried 1/1] 0.1 secs
				[tipo_linea_obbliqua tried 1/1] 0.1 secs
				[tipo_immagine tried 1/1] 0.1 secs
				[tipo_vuoto tried 1/1] 0.1 secs
				[ultima_pagina tried 1/1] 0.1 secs
				[frame tried 1/3] 0.1 secs
				[pagina_1 tried 2/3] 0.1 secs
				[on_top tried 2/2] 0.1 secs
				[to_right tried 2/2] 0.1 secs
				[allineato_al_centro_verticale tried 2/2] 0.1 secs
				[allineato_al_centro_orizzontale tried 2/2] 0.1 secs
				[altezza_pagina tried 1/1] 0.1 secs
				[larghezza_pagina tried 1/1] 0.1 secs
				[altezza_rettangolo tried 1/1] 0.1 secs
				[ascissa_rettangolo tried 1/1] 0.1 secs
				[ordinata_rettangolo tried 1/1] 0.1 secs
				[larghezza_rettangolo tried 1/1] 0.1 secs
				[numero_pagine tried 1/1] 0.1 secs

Best literal tipo_misto(C) (4.3 bits)


State (112/218 [62/148], 247.6 bits available)

				[tipo_testo tried 1/1] 0.1 secs
				[tipo_linea_orizzontale tried 1/1] 0.1 secs
				[tipo_misto tried 0/1] 0.1 secs
				[tipo_linea_obbliqua tried 1/1] 0.1 secs
				[tipo_immagine tried 1/1] 0.1 secs
				[tipo_vuoto tried 1/1] 0.1 secs
				[ultima_pagina tried 1/1] 0.1 secs
				[frame tried 2/3] 0.1 secs
				[pagina_1 tried 2/3] 0.1 secs
				[on_top tried 2/2] 0.1 secs
				[to_right tried 2/2] 0.1 secs
				[allineato_al_centro_verticale tried 2/2] 0.1 secs
				[allineato_al_centro_orizzontale tried 2/2] 0.1 secs
				[altezza_pagina tried 1/1] 0.1 secs
				[larghezza_pagina tried 1/1] 0.1 secs
				[altezza_rettangolo tried 1/1] 0.1 secs
				[ascissa_rettangolo tried 1/1] 0.1 secs
				[ordinata_rettangolo tried 1/1] 0.1 secs
				[larghezza_rettangolo tried 1/1] 0.1 secs
				[numero_pagine tried 1/1] 0.1 secs

Best literal on_top(D,C) (5.3 bits)


State (706/1061 [62/110], 243.9 bits available)

				[= tried 1/1] 0.1 secs
				[tipo_testo tried 2/2] 0.1 secs
				[tipo_linea_orizzontale tried 2/2] 0.1 secs
				[tipo_misto tried 1/2] 0.1 secs
				[tipo_linea_obbliqua tried 2/2] 0.1 secs
				[tipo_immagine tried 2/2] 0.1 secs
				[tipo_vuoto tried 2/2] 0.1 secs
				[ultima_pagina tried 1/1] 0.1 secs
				[frame tried 4/5] 0.1 secs
				[pagina_1 tried 2/3] 0.1 secs
				[on_top tried 4/6] 0.1 secs
				[to_right tried 6/6] 0.1 secs
				[allineato_al_centro_verticale tried 6/6] 0.1 secs
				[allineato_al_centro_orizzontale tried 5/6] 0.1 secs
				[altezza_pagina tried 1/1] 0.1 secs
				[larghezza_pagina tried 1/1] 0.1 secs
				[altezza_rettangolo tried 2/2] 0.1 secs
				[ascissa_rettangolo tried 2/2] 0.1 secs
				[ordinata_rettangolo tried 2/2] 0.1 secs
				[larghezza_rettangolo tried 2/2] 0.1 secs
				[numero_pagine tried 1/1] 0.1 secs

Best literal to_right(D,C) (7.0 bits)


State (356/432 [60/86], 234.4 bits available)

				[= tried 1/1] 0.1 secs
				[tipo_testo tried 2/2] 0.1 secs
				[tipo_linea_orizzontale tried 2/2] 0.1 secs
				[tipo_misto tried 1/2] 0.1 secs
				[tipo_linea_obbliqua tried 2/2] 0.1 secs
				[tipo_immagine tried 2/2] 0.1 secs
				[tipo_vuoto tried 2/2] 0.1 secs
				[ultima_pagina tried 1/1] 0.1 secs
				[frame tried 4/5] 0.1 secs
				[pagina_1 tried 2/3] 0.1 secs
				[on_top tried 4/6] 0.1 secs
				[to_right tried 5/6] 0.1 secs
				[allineato_al_centro_verticale tried 5/6] 0.1 secs
				[allineato_al_centro_orizzontale tried 4/6] 0.1 secs
				[altezza_pagina tried 1/1] 0.1 secs
				[larghezza_pagina tried 1/1] 0.1 secs
				[altezza_rettangolo tried 2/2] 0.1 secs
				[ascissa_rettangolo tried 2/2] 0.1 secs
				[ordinata_rettangolo tried 2/2] 0.1 secs
				[larghezza_rettangolo tried 2/2] 0.1 secs
				[numero_pagine tried 1/1] 0.1 secs

	Save clause ending with tipo_testo(D) (cover 60, accuracy 85%)

	Save allineato_al_centro_verticale(E,D) (60,79 value 115.6)

Best literal allineato_al_centro_verticale(D,E) (7.0 bits)


State (752/847 [60/76], 229.7 bits available)

				[= tried 3/3] 0.1 secs
				[tipo_testo tried 3/3] 0.1 secs
				[tipo_linea_orizzontale tried 3/3] 0.1 secs
				[tipo_misto tried 2/3] 0.1 secs
				[tipo_linea_obbliqua tried 3/3] 0.1 secs
				[tipo_immagine tried 3/3] 0.1 secs
				[tipo_vuoto tried 3/3] 0.1 secs
				[ultima_pagina tried 1/1] 0.1 secs
				[frame tried 5/6] 0.1 secs
				[pagina_1 tried 2/3] 0.1 secs
				[on_top tried 9/10] 0.1 secs
				[to_right tried 9/10] 0.1 secs
				[allineato_al_centro_verticale tried 6/10] 0.1 secs
				[allineato_al_centro_orizzontale tried 6/10] 0.1 secs
				[altezza_pagina tried 1/1] 0.1 secs
				[larghezza_pagina tried 1/1] 0.1 secs
				[altezza_rettangolo tried 2/2] 0.1 secs
				[ascissa_rettangolo tried 2/2] 0.1 secs
				[ordinata_rettangolo tried 2/2] 0.1 secs
				[larghezza_rettangolo tried 2/2] 0.1 secs
				[numero_pagine tried 1/1] 0.1 secs

	Save clause ending with tipo_misto(D) (cover 33, accuracy 94%)

	Save on_top(E,C) (60,70 value 125.9)
	Save to_right(E,C) (60,76 value 118.9)

Best literal to_right(E,D) (7.7 bits)


State (200/211 [54/58], 210.2 bits available)

				[= tried 3/3] 0.1 secs
				[tipo_testo tried 3/3] 0.1 secs
				[tipo_linea_orizzontale tried 3/3] 0.1 secs
				[tipo_misto tried 2/3] 0.1 secs
				[tipo_linea_obbliqua tried 3/3] 0.1 secs
				[tipo_immagine tried 3/3] 0.1 secs
				[tipo_vuoto tried 3/3] 0.1 secs
				[ultima_pagina tried 1/1] 0.1 secs
				[frame tried 5/6] 0.1 secs
				[pagina_1 tried 2/3] 0.1 secs
				[on_top tried 7/10] 0.1 secs
				[to_right tried 8/10] 0.1 secs
				[allineato_al_centro_verticale tried 7/10] 0.1 secs
				[allineato_al_centro_orizzontale tried 6/10] 0.1 secs
				[altezza_pagina tried 1/1] 0.1 secs
				[larghezza_pagina tried 1/1] 0.1 secs
				[altezza_rettangolo tried 2/2] 0.1 secs
				[ascissa_rettangolo tried 2/2] 0.1 secs
				[ordinata_rettangolo tried 2/2] 0.1 secs
				[larghezza_rettangolo tried 2/2] 0.1 secs
				[numero_pagine tried 1/1] 0.1 secs

	Save clause ending with tipo_misto(E) (cover 23, accuracy 95%)

Best literal on_top(E,D) (7.7 bits)


State (81/83 [41/43], 169.5 bits available)

				[= tried 3/3] 0.1 secs
				[tipo_testo tried 3/3] 0.1 secs
				[tipo_linea_orizzontale tried 3/3] 0.1 secs
				[tipo_misto tried 2/3] 0.1 secs
				[tipo_linea_obbliqua tried 3/3] 0.1 secs
				[tipo_immagine tried 3/3] 0.1 secs
				[tipo_vuoto tried 3/3] 0.1 secs
				[ultima_pagina tried 1/1] 0.1 secs
				[frame tried 5/6] 0.1 secs
				[pagina_1 tried 2/3] 0.1 secs
				[on_top tried 8/10] 0.1 secs
				[to_right tried 8/10] 0.1 secs
				[allineato_al_centro_verticale tried 9/10] 0.1 secs
				[allineato_al_centro_orizzontale tried 6/10] 0.1 secs
				[altezza_pagina tried 1/1] 0.1 secs
				[larghezza_pagina tried 1/1] 0.1 secs
				[altezza_rettangolo tried 2/2] 0.1 secs
				[ascissa_rettangolo tried 2/2] 0.1 secs
				[ordinata_rettangolo tried 2/2] 0.1 secs
				[larghezza_rettangolo tried 2/2] 0.1 secs
				[numero_pagine tried 1/1] 0.1 secs

	Save clause ending with to_right(C,F) (cover 40, accuracy 97%)

	Save on_top(D,F) (41,43 value 92.3)
	Save on_top(F,C) (41,43 value 92.3)
	Save on_top(F,D) (41,43 value 92.3)
	Save to_right(C,F) (40,41 value 91.3)

Best literal frame(B,F) (7.0 bits)


State (640/665 [41/43], 165.5 bits available, 1 weak literal)

				[= tried 6/6] 0.1 secs
				[tipo_testo tried 4/4] 0.1 secs
				[tipo_linea_orizzontale tried 4/4] 0.1 secs
				[tipo_misto tried 3/4] 0.1 secs
				[tipo_linea_obbliqua tried 4/4] 0.1 secs
				[tipo_immagine tried 4/4] 0.1 secs
				[tipo_vuoto tried 4/4] 0.1 secs
				[ultima_pagina tried 1/1] 0.1 secs
				[frame tried 5/8] 0.1 secs
				[pagina_1 tried 2/3] 0.1 secs
				[on_top tried 13/18] 0.1 secs
				[to_right tried 16/18] 0.1 secs
				[allineato_al_centro_verticale tried 14/18] 0.1 secs
				[allineato_al_centro_orizzontale tried 9/18] 0.1 secs
				[altezza_pagina tried 1/1] 0.1 secs
				[larghezza_pagina tried 1/1] 0.1 secs
				[altezza_rettangolo tried 3/3] 0.1 secs
				[ascissa_rettangolo tried 3/3] 0.1 secs
				[ordinata_rettangolo tried 3/3] 0.1 secs
				[larghezza_rettangolo tried 3/3] 0.1 secs
				[numero_pagine tried 1/1] 0.1 secs

Best literal allineato_al_centro_verticale(D,F) (8.6 bits)


State (274/281 [41/43], 160.1 bits available)

				[= tried 6/6] 0.1 secs
				[tipo_testo tried 4/4] 0.1 secs
				[tipo_linea_orizzontale tried 4/4] 0.1 secs
				[tipo_misto tried 3/4] 0.1 secs
				[tipo_linea_obbliqua tried 4/4] 0.1 secs
				[tipo_immagine tried 4/4] 0.1 secs
				[tipo_vuoto tried 4/4] 0.1 secs
				[ultima_pagina tried 1/1] 0.1 secs
				[frame tried 6/8] 0.1 secs
				[pagina_1 tried 2/3] 0.1 secs
				[on_top tried 16/18] 0.1 secs
				[to_right tried 16/18] 0.1 secs
				[allineato_al_centro_verticale tried 13/18] 0.1 secs
				[allineato_al_centro_orizzontale tried 9/18] 0.1 secs
				[altezza_pagina tried 1/1] 0.1 secs
				[larghezza_pagina tried 1/1] 0.1 secs
				[altezza_rettangolo tried 3/3] 0.1 secs
				[ascissa_rettangolo tried 3/3] 0.1 secs
				[ordinata_rettangolo tried 3/3] 0.1 secs
				[larghezza_rettangolo tried 3/3] 0.1 secs
				[numero_pagine tried 1/1] 0.1 secs

	Save clause ending with on_top(F,E) (cover 22, accuracy 100%)

Best literal to_right(F,D) (8.6 bits)


State (243/248 [41/43], 154.9 bits available)

				[= tried 6/6] 0.1 secs
				[tipo_testo tried 4/4] 0.1 secs
				[tipo_linea_orizzontale tried 4/4] 0.1 secs
				[tipo_misto tried 3/4] 0.1 secs
				[tipo_linea_obbliqua tried 4/4] 0.1 secs
				[tipo_immagine tried 4/4] 0.1 secs
				[tipo_vuoto tried 4/4] 0.1 secs
				[ultima_pagina tried 1/1] 0.1 secs
				[frame tried 6/8] 0.1 secs
				[pagina_1 tried 2/3] 0.1 secs
				[on_top tried 16/18] 0.1 secs
				[to_right tried 15/18] 0.1 secs
				[allineato_al_centro_verticale tried 13/18] 0.1 secs
				[allineato_al_centro_orizzontale tried 9/18] 0.1 secs
				[altezza_pagina tried 1/1] 0.1 secs
				[larghezza_pagina tried 1/1] 0.1 secs
				[altezza_rettangolo tried 3/3] 0.1 secs
				[ascissa_rettangolo tried 3/3] 0.1 secs
				[ordinata_rettangolo tried 3/3] 0.1 secs
				[larghezza_rettangolo tried 3/3] 0.1 secs
				[numero_pagine tried 1/1] 0.1 secs

	Save clause ending with allineato_al_centro_verticale(E,F) (cover 29, accuracy 100%)

Best literal allineato_al_centro_verticale(E,F) (8.6 bits)

Initial clause (0 errs): class_svln(A) :- pagina_1(A,B), frame(B,C), tipo_misto(C), on_top(D,C), to_right(D,C), allineato_al_centro_verticale(D,E), to_right(E,D), on_top(E,D), frame(B,F), allineato_al_centro_verticale(D,F), to_right(F,D), allineato_al_centro_verticale(E,F).
		frame(B,C) needed for binding tipo_misto(C)
		pagina_1(A,B) needed for binding frame(B,C)

Clause 0: class_svln(A) :- pagina_1(A,B), frame(B,C), tipo_misto(C), on_top(D,C), to_right(D,C), allineato_al_centro_verticale(D,E), to_right(E,D), on_top(E,D), to_right(F,D), allineato_al_centro_verticale(E,F).

State (34/289, 176.6 bits available)

				[pagina_1 tried 1/1] 0.1 secs
				[numero_pagine tried 1/1] 0.1 secs

Determinate literals
	pagina_1(A,B)


State (34/289, 176.6 bits available, 1 weak literal)

				[ultima_pagina tried 1/1] 0.1 secs
				[frame tried 1/1] 0.1 secs
				[pagina_1 tried 1/3] 0.1 secs
				[altezza_pagina tried 1/1] 0.1 secs
				[larghezza_pagina tried 1/1] 0.1 secs
				[numero_pagine tried 1/1] 0.1 secs

Best literal frame(B,C) (2.6 bits)


State (264/3240 [34/289], 174.0 bits available, 2 weak literals)

				[tipo_testo tried 1/1] 0.1 secs
				[tipo_linea_orizzontale tried 1/1] 0.1 secs
				[tipo_misto tried 1/1] 0.1 secs
				[tipo_linea_obbliqua tried 1/1] 0.1 secs
				[tipo_immagine tried 1/1] 0.1 secs
				[tipo_vuoto tried 1/1] 0.1 secs
				[ultima_pagina tried 1/1] 0.1 secs
				[frame tried 1/3] 0.1 secs
				[pagina_1 tried 2/3] 0.1 secs
				[on_top tried 2/2] 0.1 secs
				[to_right tried 2/2] 0.1 secs
				[allineato_al_centro_verticale tried 2/2] 0.1 secs
				[allineato_al_centro_orizzontale tried 2/2] 0.1 secs
				[altezza_pagina tried 1/1] 0.1 secs
				[larghezza_pagina tried 1/1] 0.1 secs
				[altezza_rettangolo tried 1/1] 0.1 secs
				[ascissa_rettangolo tried 1/1] 0.1 secs
				[ordinata_rettangolo tried 1/1] 0.1 secs
				[larghezza_rettangolo tried 1/1] 0.1 secs
				[numero_pagine tried 1/1] 0.1 secs

Best literal tipo_misto(C) (4.3 bits)


State (57/163 [33/119], 167.3 bits available)

				[tipo_testo tried 1/1] 0.1 secs
				[tipo_linea_orizzontale tried 1/1] 0.1 secs
				[tipo_misto tried 0/1] 0.1 secs
				[tipo_linea_obbliqua tried 1/1] 0.1 secs
				[tipo_immagine tried 1/1] 0.1 secs
				[tipo_vuoto tried 1/1] 0.1 secs
				[ultima_pagina tried 1/1] 0.1 secs
				[frame tried 2/3] 0.1 secs
				[pagina_1 tried 2/3] 0.1 secs
				[on_top tried 2/2] 0.1 secs
				[to_right tried 2/2] 0.1 secs
				[allineato_al_centro_verticale tried 2/2] 0.1 secs
				[allineato_al_centro_orizzontale tried 2/2] 0.1 secs
				[altezza_pagina tried 1/1] 0.1 secs
				[larghezza_pagina tried 1/1] 0.1 secs
				[altezza_rettangolo tried 1/1] 0.1 secs
				[ascissa_rettangolo tried 1/1] 0.1 secs
				[ordinata_rettangolo tried 1/1] 0.1 secs
				[larghezza_rettangolo tried 1/1] 0.1 secs
				[numero_pagine tried 1/1] 0.1 secs

Best literal on_top(D,C) (5.3 bits)


State (348/703 [33/81], 163.5 bits available)

				[= tried 1/1] 0.1 secs
				[tipo_testo tried 2/2] 0.1 secs
				[tipo_linea_orizzontale tried 2/2] 0.1 secs
				[tipo_misto tried 1/2] 0.1 secs
				[tipo_linea_obbliqua tried 2/2] 0.1 secs
				[tipo_immagine tried 2/2] 0.1 secs
				[tipo_vuoto tried 2/2] 0.1 secs
				[ultima_pagina tried 1/1] 0.1 secs
				[frame tried 4/5] 0.1 secs
				[pagina_1 tried 2/3] 0.1 secs
				[on_top tried 4/6] 0.1 secs
				[to_right tried 6/6] 0.1 secs
				[allineato_al_centro_verticale tried 6/6] 0.1 secs
				[allineato_al_centro_orizzontale tried 4/6] 0.1 secs
				[altezza_pagina tried 1/1] 0.1 secs
				[larghezza_pagina tried 1/1] 0.1 secs
				[altezza_rettangolo tried 2/2] 0.1 secs
				[ascissa_rettangolo tried 2/2] 0.1 secs
				[ordinata_rettangolo tried 2/2] 0.1 secs
				[larghezza_rettangolo tried 2/2] 0.1 secs
				[numero_pagine tried 1/1] 0.1 secs

Best literal to_right(D,C) (7.0 bits)


State (182/258 [31/57], 151.7 bits available)

				[= tried 1/1] 0.1 secs
				[tipo_testo tried 2/2] 0.1 secs
				[tipo_linea_orizzontale tried 2/2] 0.1 secs
				[tipo_misto tried 1/2] 0.1 secs
				[tipo_linea_obbliqua tried 2/2] 0.1 secs
				[tipo_immagine tried 2/2] 0.1 secs
				[tipo_vuoto tried 2/2] 0.1 secs
				[ultima_pagina tried 1/1] 0.1 secs
				[frame tried 4/5] 0.1 secs
				[pagina_1 tried 2/3] 0.1 secs
				[on_top tried 4/6] 0.1 secs
				[to_right tried 5/6] 0.1 secs
				[allineato_al_centro_verticale tried 5/6] 0.1 secs
				[allineato_al_centro_orizzontale tried 4/6] 0.1 secs
				[altezza_pagina tried 1/1] 0.1 secs
				[larghezza_pagina tried 1/1] 0.1 secs
				[altezza_rettangolo tried 2/2] 0.1 secs
				[ascissa_rettangolo tried 2/2] 0.1 secs
				[ordinata_rettangolo tried 2/2] 0.1 secs
				[larghezza_rettangolo tried 2/2] 0.1 secs
				[numero_pagine tried 1/1] 0.1 secs

	Save allineato_al_centro_verticale(E,D) (31,50 value 73.7)

Best literal allineato_al_centro_verticale(D,E) (7.0 bits)


State (338/433 [31/47], 147.0 bits available)

				[= tried 3/3] 0.1 secs
				[tipo_testo tried 3/3] 0.1 secs
				[tipo_linea_orizzontale tried 3/3] 0.1 secs
				[tipo_misto tried 2/3] 0.1 secs
				[tipo_linea_obbliqua tried 3/3] 0.1 secs
				[tipo_immagine tried 3/3] 0.1 secs
				[tipo_vuoto tried 3/3] 0.1 secs
				[ultima_pagina tried 1/1] 0.1 secs
				[frame tried 5/6] 0.1 secs
				[pagina_1 tried 2/3] 0.1 secs
				[on_top tried 9/10] 0.1 secs
				[to_right tried 9/10] 0.1 secs
				[allineato_al_centro_verticale tried 6/10] 0.1 secs
				[allineato_al_centro_orizzontale tried 6/10] 0.1 secs
				[altezza_pagina tried 1/1] 0.1 secs
				[larghezza_pagina tried 1/1] 0.1 secs
				[altezza_rettangolo tried 2/2] 0.1 secs
				[ascissa_rettangolo tried 2/2] 0.1 secs
				[ordinata_rettangolo tried 2/2] 0.1 secs
				[larghezza_rettangolo tried 2/2] 0.1 secs
				[numero_pagine tried 1/1] 0.1 secs

	Save to_right(E,C) (31,47 value 76.4)

Best literal on_top(E,C) (7.7 bits)


State (337/419 [31/41], 141.9 bits available)

				[= tried 3/3] 0.1 secs
				[tipo_testo tried 3/3] 0.1 secs
				[tipo_linea_orizzontale tried 3/3] 0.1 secs
				[tipo_misto tried 2/3] 0.1 secs
				[tipo_linea_obbliqua tried 3/3] 0.1 secs
				[tipo_immagine tried 3/3] 0.1 secs
				[tipo_vuoto tried 3/3] 0.1 secs
				[ultima_pagina tried 1/1] 0.1 secs
				[frame tried 5/6] 0.1 secs
				[pagina_1 tried 2/3] 0.1 secs
				[on_top tried 8/10] 0.1 secs
				[to_right tried 9/10] 0.1 secs
				[allineato_al_centro_verticale tried 7/10] 0.1 secs
				[allineato_al_centro_orizzontale tried 6/10] 0.1 secs
				[altezza_pagina tried 1/1] 0.1 secs
				[larghezza_pagina tried 1/1] 0.1 secs
				[altezza_rettangolo tried 2/2] 0.1 secs
				[ascissa_rettangolo tried 2/2] 0.1 secs
				[ordinata_rettangolo tried 2/2] 0.1 secs
				[larghezza_rettangolo tried 2/2] 0.1 secs
				[numero_pagine tried 1/1] 0.1 secs

	Save clause ending with tipo_misto(D) (cover 19, accuracy 90%)

Best literal to_right(E,C) (7.7 bits)


State (331/402 [31/40], 137.0 bits available)

				[= tried 3/3] 0.1 secs
				[tipo_testo tried 3/3] 0.1 secs
				[tipo_linea_orizzontale tried 3/3] 0.1 secs
				[tipo_misto tried 2/3] 0.1 secs
				[tipo_linea_obbliqua tried 3/3] 0.1 secs
				[tipo_immagine tried 3/3] 0.1 secs
				[tipo_vuoto tried 3/3] 0.1 secs
				[ultima_pagina tried 1/1] 0.1 secs
				[frame tried 5/6] 0.1 secs
				[pagina_1 tried 2/3] 0.1 secs
				[on_top tried 8/10] 0.1 secs
				[to_right tried 8/10] 0.1 secs
				[allineato_al_centro_verticale tried 7/10] 0.1 secs
				[allineato_al_centro_orizzontale tried 6/10] 0.1 secs
				[altezza_pagina tried 1/1] 0.1 secs
				[larghezza_pagina tried 1/1] 0.1 secs
				[altezza_rettangolo tried 2/2] 0.1 secs
				[ascissa_rettangolo tried 2/2] 0.1 secs
				[ordinata_rettangolo tried 2/2] 0.1 secs
				[larghezza_rettangolo tried 2/2] 0.1 secs
				[numero_pagine tried 1/1] 0.1 secs

Best literal to_right(D,E) (7.7 bits)


State (123/141 [29/35], 125.1 bits available)

				[= tried 3/3] 0.1 secs
				[tipo_testo tried 3/3] 0.1 secs
				[tipo_linea_orizzontale tried 3/3] 0.1 secs
				[tipo_misto tried 2/3] 0.1 secs
				[tipo_linea_obbliqua tried 3/3] 0.1 secs
				[tipo_immagine tried 3/3] 0.1 secs
				[tipo_vuoto tried 3/3] 0.1 secs
				[ultima_pagina tried 1/1] 0.1 secs
				[frame tried 5/6] 0.1 secs
				[pagina_1 tried 2/3] 0.1 secs
				[on_top tried 6/10] 0.1 secs
				[to_right tried 7/10] 0.1 secs
				[allineato_al_centro_verticale tried 7/10] 0.1 secs
				[allineato_al_centro_orizzontale tried 6/10] 0.1 secs
				[altezza_pagina tried 1/1] 0.1 secs
				[larghezza_pagina tried 1/1] 0.1 secs
				[altezza_rettangolo tried 2/2] 0.1 secs
				[ascissa_rettangolo tried 2/2] 0.1 secs
				[ordinata_rettangolo tried 2/2] 0.1 secs
				[larghezza_rettangolo tried 2/2] 0.1 secs
				[numero_pagine tried 1/1] 0.1 secs

Best literal on_top(D,E) (7.7 bits)


State (55/60 [22/26], 93.6 bits available)

				[= tried 3/3] 0.1 secs
				[tipo_testo tried 3/3] 0.1 secs
				[tipo_linea_orizzontale tried 3/3] 0.1 secs
				[tipo_misto tried 2/3] 0.1 secs
				[tipo_linea_obbliqua tried 3/3] 0.1 secs
				[tipo_immagine tried 3/3] 0.1 secs
				[tipo_vuoto tried 3/3] 0.1 secs
				[ultima_pagina tried 1/1] 0.1 secs
				[frame tried 5/6] 0.1 secs
				[pagina_1 tried 2/3] 0.1 secs
				[on_top tried 5/10] 0.1 secs
				[to_right tried 7/10] 0.1 secs
				[allineato_al_centro_verticale tried 7/10] 0.1 secs
				[allineato_al_centro_orizzontale tried 6/10] 0.1 secs
				[altezza_pagina tried 1/1] 0.1 secs
				[larghezza_pagina tried 1/1] 0.1 secs
				[altezza_rettangolo tried 2/2] 0.1 secs
				[ascissa_rettangolo tried 2/2] 0.1 secs
				[ordinata_rettangolo tried 2/2] 0.1 secs
				[larghezza_rettangolo tried 2/2] 0.1 secs
				[numero_pagine tried 1/1] 0.1 secs

Best literal tipo_testo(D) (6.0 bits)


State (55/58 [22/25], 91.0 bits available)

				[= tried 3/3] 0.1 secs
				[tipo_testo tried 2/3] 0.1 secs
				[tipo_linea_orizzontale tried 3/3] 0.1 secs
				[tipo_misto tried 2/3] 0.1 secs
				[tipo_linea_obbliqua tried 3/3] 0.1 secs
				[tipo_immagine tried 3/3] 0.1 secs
				[tipo_vuoto tried 3/3] 0.1 secs
				[ultima_pagina tried 1/1] 0.1 secs
				[frame tried 5/6] 0.1 secs
				[pagina_1 tried 2/3] 0.1 secs
				[on_top tried 7/10] 0.1 secs
				[to_right tried 7/10] 0.1 secs
				[allineato_al_centro_verticale tried 9/10] 0.1 secs
				[allineato_al_centro_orizzontale tried 6/10] 0.1 secs
				[altezza_pagina tried 1/1] 0.1 secs
				[larghezza_pagina tried 1/1] 0.1 secs
				[altezza_rettangolo tried 2/2] 0.1 secs
				[ascissa_rettangolo tried 2/2] 0.1 secs
				[ordinata_rettangolo tried 2/2] 0.1 secs
				[larghezza_rettangolo tried 2/2] 0.1 secs
				[numero_pagine tried 1/1] 0.1 secs

	Save clause ending with to_right(C,F) (cover 20, accuracy 90%)

	Save on_top(D,F) (22,25 value 63.2)
	Save on_top(F,C) (22,25 value 63.2)
	Save on_top(F,D) (15,17 value 43.2)
	Save to_right(C,F) (20,22 value 58.4)

Best literal frame(B,F) (7.0 bits)


State (445/486 [22/25], 87.5 bits available, 1 weak literal)

				[= tried 6/6] 0.1 secs
				[tipo_testo tried 3/4] 0.1 secs
				[tipo_linea_orizzontale tried 4/4] 0.1 secs
				[tipo_misto tried 3/4] 0.1 secs
				[tipo_linea_obbliqua tried 4/4] 0.1 secs
				[tipo_immagine tried 4/4] 0.1 secs
				[tipo_vuoto tried 4/4] 0.1 secs
				[ultima_pagina tried 1/1] 0.1 secs
				[frame tried 5/8] 0.1 secs
				[pagina_1 tried 2/3] 0.1 secs
				[on_top tried 12/18] 0.1 secs
				[to_right tried 15/18] 0.1 secs
				[allineato_al_centro_verticale tried 14/18] 0.1 secs
				[allineato_al_centro_orizzontale tried 9/18] 0.1 secs
				[altezza_pagina tried 1/1] 0.1 secs
				[larghezza_pagina tried 1/1] 0.1 secs
				[altezza_rettangolo tried 3/3] 0.1 secs
				[ascissa_rettangolo tried 3/3] 0.1 secs
				[ordinata_rettangolo tried 3/3] 0.1 secs
				[larghezza_rettangolo tried 3/3] 0.1 secs
				[numero_pagine tried 1/1] 0.1 secs

Best literal allineato_al_centro_verticale(D,F) (8.6 bits)


State (184/194 [22/25], 82.5 bits available)

				[= tried 6/6] 0.1 secs
				[tipo_testo tried 3/4] 0.1 secs
				[tipo_linea_orizzontale tried 4/4] 0.1 secs
				[tipo_misto tried 3/4] 0.1 secs
				[tipo_linea_obbliqua tried 4/4] 0.1 secs
				[tipo_immagine tried 4/4] 0.1 secs
				[tipo_vuoto tried 4/4] 0.1 secs
				[ultima_pagina tried 1/1] 0.1 secs
				[frame tried 6/8] 0.1 secs
				[pagina_1 tried 2/3] 0.1 secs
				[on_top tried 12/18] 0.1 secs
				[to_right tried 15/18] 0.1 secs
				[allineato_al_centro_verticale tried 13/18] 0.1 secs
				[allineato_al_centro_orizzontale tried 9/18] 0.1 secs
				[altezza_pagina tried 1/1] 0.1 secs
				[larghezza_pagina tried 1/1] 0.1 secs
				[altezza_rettangolo tried 3/3] 0.1 secs
				[ascissa_rettangolo tried 3/3] 0.1 secs
				[ordinata_rettangolo tried 3/3] 0.1 secs
				[larghezza_rettangolo tried 3/3] 0.1 secs
				[numero_pagine tried 1/1] 0.1 secs

	Save clause ending with allineato_al_centro_verticale(F,E) (cover 18, accuracy 94%)

	Save allineato_al_centro_verticale(F,E) (18,19 value 53.6)

Best literal to_right(F,C) (8.6 bits)


State (184/192 [22/25], 77.6 bits available)

				[= tried 6/6] 0.1 secs
				[tipo_testo tried 3/4] 0.1 secs
				[tipo_linea_orizzontale tried 4/4] 0.1 secs
				[tipo_misto tried 3/4] 0.1 secs
				[tipo_linea_obbliqua tried 4/4] 0.1 secs
				[tipo_immagine tried 4/4] 0.1 secs
				[tipo_vuoto tried 4/4] 0.1 secs
				[ultima_pagina tried 1/1] 0.1 secs
				[frame tried 6/8] 0.1 secs
				[pagina_1 tried 2/3] 0.1 secs
				[on_top tried 12/18] 0.1 secs
				[to_right tried 14/18] 0.1 secs
				[allineato_al_centro_verticale tried 13/18] 0.1 secs
				[allineato_al_centro_orizzontale tried 9/18] 0.1 secs
				[altezza_pagina tried 1/1] 0.1 secs
				[larghezza_pagina tried 1/1] 0.1 secs
				[altezza_rettangolo tried 3/3] 0.1 secs
				[ascissa_rettangolo tried 3/3] 0.1 secs
				[ordinata_rettangolo tried 3/3] 0.1 secs
				[larghezza_rettangolo tried 3/3] 0.1 secs
				[numero_pagine tried 1/1] 0.1 secs

	Save clause ending with on_top(F,D) (cover 10, accuracy 100%)

Best literal allineato_al_centro_verticale(F,E) (8.6 bits)


State (85/87 [18/19], 55.9 bits available)

				[= tried 6/6] 0.1 secs
				[tipo_testo tried 3/4] 0.1 secs
				[tipo_linea_orizzontale tried 4/4] 0.1 secs
				[tipo_misto tried 3/4] 0.1 secs
				[tipo_linea_obbliqua tried 4/4] 0.1 secs
				[tipo_immagine tried 4/4] 0.1 secs
				[tipo_vuoto tried 4/4] 0.1 secs
				[ultima_pagina tried 1/1] 0.1 secs
				[frame tried 6/8] 0.1 secs
				[pagina_1 tried 2/3] 0.1 secs
				[on_top tried 12/18] 0.1 secs
				[to_right tried 14/18] 0.1 secs
				[allineato_al_centro_verticale tried 12/18] 0.1 secs
				[allineato_al_centro_orizzontale tried 9/18] 0.1 secs
				[altezza_pagina tried 1/1] 0.1 secs
				[larghezza_pagina tried 1/1] 0.1 secs
				[altezza_rettangolo tried 3/3] 0.1 secs
				[ascissa_rettangolo tried 3/3] 0.1 secs
				[ordinata_rettangolo tried 3/3] 0.1 secs
				[larghezza_rettangolo tried 3/3] 0.1 secs
				[numero_pagine tried 1/1] 0.1 secs

Best literal on_top(F,G) (8.6 bits)


State (345/348 [18/19], 51.2 bits available)

				[= tried 10/10] 0.1 secs
				[tipo_testo tried 4/5] 0.1 secs
				[tipo_linea_orizzontale tried 5/5] 0.1 secs
				[tipo_misto tried 4/5] 0.1 secs
				[tipo_linea_obbliqua tried 5/5] 0.1 secs
				[tipo_immagine tried 5/5] 0.1 secs
				[tipo_vuoto tried 5/5] 0.1 secs
				[ultima_pagina tried 1/1] 0.1 secs
				[frame tried 8/10] 0.1 secs
				[pagina_1 tried 2/3] 0.1 secs
				[on_top tried 19/28] 0.1 secs
				[to_right tried 24/28] 0.1 secs
				[allineato_al_centro_verticale tried 17/28] 0.1 secs
				[allineato_al_centro_orizzontale tried 12/28] 0.1 secs
				[altezza_pagina tried 1/1] 0.1 secs
				[larghezza_pagina tried 1/1] 0.1 secs
				[altezza_rettangolo tried 4/4] 0.1 secs
				[ascissa_rettangolo tried 4/4] 0.1 secs
				[ordinata_rettangolo tried 4/4] 0.1 secs
				[larghezza_rettangolo tried 4/4] 0.1 secs
				[numero_pagine tried 1/1] 0.1 secs

	Save clause ending with E=G (cover 14, accuracy 100%)

Best literal on_top(F,E) (9.2 bits)

[Replace by saved clause]

Initial clause (0 errs): class_svln(A) :- pagina_1(A,B), frame(B,C), tipo_misto(C), on_top(D,C), to_right(D,C), allineato_al_centro_verticale(D,E), on_top(E,C), to_right(E,C), to_right(D,E), on_top(D,E), tipo_testo(D), frame(B,F), allineato_al_centro_verticale(D,F), to_right(F,C), allineato_al_centro_verticale(F,E), on_top(F,G), E=G.
		frame(B,C) needed for binding tipo_misto(C)
		pagina_1(A,B) needed for binding frame(B,C)

Clause 1: class_svln(A) :- pagina_1(A,B), frame(B,C), tipo_misto(C), on_top(D,C), to_right(E,C), to_right(D,E), on_top(D,E), tipo_testo(D), allineato_al_centro_verticale(D,F), to_right(F,C), allineato_al_centro_verticale(F,E), on_top(F,E).

State (20/275, 123.9 bits available)

				[pagina_1 tried 1/1] 0.1 secs
				[numero_pagine tried 1/1] 0.1 secs

Determinate literals
	pagina_1(A,B)


State (20/275, 123.9 bits available, 1 weak literal)

				[ultima_pagina tried 1/1] 0.1 secs
				[frame tried 1/1] 0.1 secs
				[pagina_1 tried 1/3] 0.1 secs
				[altezza_pagina tried 1/1] 0.1 secs
				[larghezza_pagina tried 1/1] 0.1 secs
				[numero_pagine tried 1/1] 0.1 secs

Best literal frame(B,C) (2.6 bits)


State (151/3127 [20/275], 121.3 bits available, 2 weak literals)

				[tipo_testo tried 1/1] 0.1 secs
				[tipo_linea_orizzontale tried 1/1] 0.1 secs
				[tipo_misto tried 1/1] 0.1 secs
				[tipo_linea_obbliqua tried 1/1] 0.1 secs
				[tipo_immagine tried 1/1] 0.1 secs
				[tipo_vuoto tried 1/1] 0.1 secs
				[ultima_pagina tried 1/1] 0.1 secs
				[frame tried 1/3] 0.1 secs
				[pagina_1 tried 2/3] 0.1 secs
				[on_top tried 2/2] 0.1 secs
				[to_right tried 2/2] 0.1 secs
				[allineato_al_centro_verticale tried 2/2] 0.1 secs
				[allineato_al_centro_orizzontale tried 2/2] 0.1 secs
				[altezza_pagina tried 1/1] 0.1 secs
				[larghezza_pagina tried 1/1] 0.1 secs
				[altezza_rettangolo tried 1/1] 0.1 secs
				[ascissa_rettangolo tried 1/1] 0.1 secs
				[ordinata_rettangolo tried 1/1] 0.1 secs
				[larghezza_rettangolo tried 1/1] 0.1 secs
				[numero_pagine tried 1/1] 0.1 secs

Best literal tipo_misto(C) (4.3 bits)


State (29/135 [19/105], 113.7 bits available)

				[tipo_testo tried 1/1] 0.1 secs
				[tipo_linea_orizzontale tried 1/1] 0.1 secs
				[tipo_misto tried 0/1] 0.1 secs
				[tipo_linea_obbliqua tried 1/1] 0.1 secs
				[tipo_immagine tried 1/1] 0.1 secs
				[tipo_vuoto tried 1/1] 0.1 secs
				[ultima_pagina tried 1/1] 0.1 secs
				[frame tried 2/3] 0.1 secs
				[pagina_1 tried 2/3] 0.1 secs
				[on_top tried 2/2] 0.1 secs
				[to_right tried 2/2] 0.1 secs
				[allineato_al_centro_verticale tried 2/2] 0.1 secs
				[allineato_al_centro_orizzontale tried 2/2] 0.1 secs
				[altezza_pagina tried 1/1] 0.1 secs
				[larghezza_pagina tried 1/1] 0.1 secs
				[altezza_rettangolo tried 1/1] 0.1 secs
				[ascissa_rettangolo tried 1/1] 0.1 secs
				[ordinata_rettangolo tried 1/1] 0.1 secs
				[larghezza_rettangolo tried 1/1] 0.1 secs
				[numero_pagine tried 1/1] 0.1 secs

	Save to_right(D,C) (17,47 value 39.1)

Best literal on_top(D,C) (5.3 bits)


State (173/528 [19/67], 109.9 bits available)

				[= tried 1/1] 0.1 secs
				[tipo_testo tried 2/2] 0.1 secs
				[tipo_linea_orizzontale tried 2/2] 0.1 secs
				[tipo_misto tried 1/2] 0.1 secs
				[tipo_linea_obbliqua tried 2/2] 0.1 secs
				[tipo_immagine tried 2/2] 0.1 secs
				[tipo_vuoto tried 2/2] 0.1 secs
				[ultima_pagina tried 1/1] 0.1 secs
				[frame tried 4/5] 0.1 secs
				[pagina_1 tried 2/3] 0.1 secs
				[on_top tried 4/6] 0.1 secs
				[to_right tried 6/6] 0.1 secs
				[allineato_al_centro_verticale tried 6/6] 0.1 secs
				[allineato_al_centro_orizzontale tried 4/6] 0.1 secs
				[altezza_pagina tried 1/1] 0.1 secs
				[larghezza_pagina tried 1/1] 0.1 secs
				[altezza_rettangolo tried 2/2] 0.1 secs
				[ascissa_rettangolo tried 2/2] 0.1 secs
				[ordinata_rettangolo tried 2/2] 0.1 secs
				[larghezza_rettangolo tried 2/2] 0.1 secs
				[numero_pagine tried 1/1] 0.1 secs

Best literal to_right(D,C) (7.0 bits)


State (92/168 [17/43], 96.1 bits available)

				[= tried 1/1] 0.1 secs
				[tipo_testo tried 2/2] 0.1 secs
				[tipo_linea_orizzontale tried 2/2] 0.1 secs
				[tipo_misto tried 1/2] 0.1 secs
				[tipo_linea_obbliqua tried 2/2] 0.1 secs
				[tipo_immagine tried 2/2] 0.1 secs
				[tipo_vuoto tried 2/2] 0.1 secs
				[ultima_pagina tried 1/1] 0.1 secs
				[frame tried 4/5] 0.1 secs
				[pagina_1 tried 2/3] 0.1 secs
				[on_top tried 4/6] 0.1 secs
				[to_right tried 5/6] 0.1 secs
				[allineato_al_centro_verticale tried 5/6] 0.1 secs
				[allineato_al_centro_orizzontale tried 4/6] 0.1 secs
				[altezza_pagina tried 1/1] 0.1 secs
				[larghezza_pagina tried 1/1] 0.1 secs
				[altezza_rettangolo tried 2/2] 0.1 secs
				[ascissa_rettangolo tried 2/2] 0.1 secs
				[ordinata_rettangolo tried 2/2] 0.1 secs
				[larghezza_rettangolo tried 2/2] 0.1 secs
				[numero_pagine tried 1/1] 0.1 secs

	Save allineato_al_centro_verticale(D,E) (17,33 value 47.6)

Best literal tipo_testo(D) (5.4 bits)


State (82/138 [17/27], 93.0 bits available)

				[= tried 1/1] 0.1 secs
				[tipo_testo tried 1/2] 0.1 secs
				[tipo_linea_orizzontale tried 2/2] 0.1 secs
				[tipo_misto tried 1/2] 0.1 secs
				[tipo_linea_obbliqua tried 2/2] 0.1 secs
				[tipo_immagine tried 2/2] 0.1 secs
				[tipo_vuoto tried 2/2] 0.1 secs
				[ultima_pagina tried 1/1] 0.1 secs
				[frame tried 4/5] 0.1 secs
				[pagina_1 tried 2/3] 0.1 secs
				[on_top tried 5/6] 0.1 secs
				[to_right tried 5/6] 0.1 secs
				[allineato_al_centro_verticale tried 6/6] 0.1 secs
				[allineato_al_centro_orizzontale tried 4/6] 0.1 secs
				[altezza_pagina tried 1/1] 0.1 secs
				[larghezza_pagina tried 1/1] 0.1 secs
				[altezza_rettangolo tried 2/2] 0.1 secs
				[ascissa_rettangolo tried 2/2] 0.1 secs
				[ordinata_rettangolo tried 2/2] 0.1 secs
				[larghezza_rettangolo tried 2/2] 0.1 secs
				[numero_pagine tried 1/1] 0.1 secs

Best literal allineato_al_centro_verticale(D,E) (7.0 bits)


State (120/196 [17/27], 88.6 bits available)

				[= tried 3/3] 0.1 secs
				[tipo_testo tried 2/3] 0.1 secs
				[tipo_linea_orizzontale tried 3/3] 0.1 secs
				[tipo_misto tried 2/3] 0.1 secs
				[tipo_linea_obbliqua tried 3/3] 0.1 secs
				[tipo_immagine tried 3/3] 0.1 secs
				[tipo_vuoto tried 3/3] 0.1 secs
				[ultima_pagina tried 1/1] 0.1 secs
				[frame tried 5/6] 0.1 secs
				[pagina_1 tried 2/3] 0.1 secs
				[on_top tried 7/10] 0.1 secs
				[to_right tried 9/10] 0.1 secs
				[allineato_al_centro_verticale tried 6/10] 0.1 secs
				[allineato_al_centro_orizzontale tried 6/10] 0.1 secs
				[altezza_pagina tried 1/1] 0.1 secs
				[larghezza_pagina tried 1/1] 0.1 secs
				[altezza_rettangolo tried 2/2] 0.1 secs
				[ascissa_rettangolo tried 2/2] 0.1 secs
				[ordinata_rettangolo tried 2/2] 0.1 secs
				[larghezza_rettangolo tried 2/2] 0.1 secs
				[numero_pagine tried 1/1] 0.1 secs

	Save clause ending with to_right(E,D) (cover 16, accuracy 80%)

Best literal to_right(E,D) (7.7 bits)


State (47/58 [16/20], 79.2 bits available)

				[= tried 3/3] 0.1 secs
				[tipo_testo tried 2/3] 0.1 secs
				[tipo_linea_orizzontale tried 3/3] 0.1 secs
				[tipo_misto tried 2/3] 0.1 secs
				[tipo_linea_obbliqua tried 3/3] 0.1 secs
				[tipo_immagine tried 3/3] 0.1 secs
				[tipo_vuoto tried 3/3] 0.1 secs
				[ultima_pagina tried 1/1] 0.1 secs
				[frame tried 5/6] 0.1 secs
				[pagina_1 tried 2/3] 0.1 secs
				[on_top tried 7/10] 0.1 secs
				[to_right tried 8/10] 0.1 secs
				[allineato_al_centro_verticale tried 7/10] 0.1 secs
				[allineato_al_centro_orizzontale tried 6/10] 0.1 secs
				[altezza_pagina tried 1/1] 0.1 secs
				[larghezza_pagina tried 1/1] 0.1 secs
				[altezza_rettangolo tried 2/2] 0.1 secs
				[ascissa_rettangolo tried 2/2] 0.1 secs
				[ordinata_rettangolo tried 2/2] 0.1 secs
				[larghezza_rettangolo tried 2/2] 0.1 secs
				[numero_pagine tried 1/1] 0.1 secs

	Save clause ending with tipo_misto(E) (cover 7, accuracy 87%)

	Save tipo_misto(E) (7,8 value 24.8)

Best literal on_top(E,D) (7.7 bits)


State (16/18 [9/11], 39.2 bits available)

				[= tried 3/3] 0.1 secs
				[tipo_testo tried 2/3] 0.1 secs
				[tipo_linea_orizzontale tried 3/3] 0.1 secs
				[tipo_misto tried 2/3] 0.1 secs
				[tipo_linea_obbliqua tried 3/3] 0.1 secs
				[tipo_immagine tried 3/3] 0.1 secs
				[tipo_vuoto tried 3/3] 0.1 secs
				[ultima_pagina tried 1/1] 0.1 secs
				[frame tried 5/6] 0.1 secs
				[pagina_1 tried 2/3] 0.1 secs
				[on_top tried 6/10] 0.1 secs
				[to_right tried 8/10] 0.1 secs
				[allineato_al_centro_verticale tried 7/10] 0.1 secs
				[allineato_al_centro_orizzontale tried 6/10] 0.1 secs
				[altezza_pagina tried 1/1] 0.1 secs
				[larghezza_pagina tried 1/1] 0.1 secs
				[altezza_rettangolo tried 2/2] 0.1 secs
				[ascissa_rettangolo tried 2/2] 0.1 secs
				[ordinata_rettangolo tried 2/2] 0.1 secs
				[larghezza_rettangolo tried 2/2] 0.1 secs
				[numero_pagine tried 1/1] 0.1 secs

	Save clause ending with to_right(C,F) (cover 9, accuracy 90%)

	Save on_top(D,F) (9,11 value 31.1)
	Save on_top(F,C) (9,11 value 31.1)
	Save on_top(F,D) (9,11 value 31.1)
	Save to_right(C,F) (9,10 value 32.2)

Best literal frame(B,F) (7.0 bits)


State (115/140 [9/11], 35.4 bits available, 1 weak literal)

				[= tried 6/6] 0.1 secs
				[tipo_testo tried 3/4] 0.1 secs
				[tipo_linea_orizzontale tried 4/4] 0.1 secs
				[tipo_misto tried 3/4] 0.1 secs
				[tipo_linea_obbliqua tried 4/4] 0.1 secs
				[tipo_immagine tried 4/4] 0.1 secs
				[tipo_vuoto tried 4/4] 0.1 secs
				[ultima_pagina tried 1/1] 0.1 secs
				[frame tried 5/8] 0.1 secs
				[pagina_1 tried 2/3] 0.1 secs
				[on_top tried 13/18] 0.1 secs
				[to_right tried 16/18] 0.2 secs
				[allineato_al_centro_verticale tried 14/18] 0.2 secs
				[allineato_al_centro_orizzontale tried 9/18] 0.2 secs
				[altezza_pagina tried 1/1] 0.2 secs
				[larghezza_pagina tried 1/1] 0.2 secs
				[altezza_rettangolo tried 3/3] 0.2 secs
				[ascissa_rettangolo tried 3/3] 0.2 secs
				[ordinata_rettangolo tried 3/3] 0.2 secs
				[larghezza_rettangolo tried 3/3] 0.2 secs
				[numero_pagine tried 1/1] 0.2 secs

Best literal to_right(E,F) (8.6 bits)


State (72/84 [9/11], 30.2 bits available)

				[= tried 6/6] 0.2 secs
				[tipo_testo tried 3/4] 0.2 secs
				[tipo_linea_orizzontale tried 4/4] 0.2 secs
				[tipo_misto tried 3/4] 0.2 secs
				[tipo_linea_obbliqua tried 4/4] 0.2 secs
				[tipo_immagine tried 4/4] 0.2 secs
				[tipo_vuoto tried 4/4] 0.2 secs
				[ultima_pagina tried 1/1] 0.2 secs
				[frame tried 6/8] 0.2 secs
				[pagina_1 tried 2/3] 0.2 secs
				[on_top tried 13/18] 0.2 secs
				[to_right tried 15/18] 0.2 secs
				[allineato_al_centro_verticale tried 14/18] 0.2 secs
				[allineato_al_centro_orizzontale tried 9/18] 0.2 secs
				[altezza_pagina tried 1/1] 0.2 secs
				[larghezza_pagina tried 1/1] 0.2 secs
				[altezza_rettangolo tried 3/3] 0.2 secs
				[ascissa_rettangolo tried 3/3] 0.2 secs
				[ordinata_rettangolo tried 3/3] 0.2 secs
				[larghezza_rettangolo tried 3/3] 0.2 secs
				[numero_pagine tried 1/1] 0.2 secs

	Save allineato_al_centro_verticale(F,E) (9,11 value 31.1)

Best literal to_right(F,C) (8.6 bits)


State (37/40 [9/11], 25.1 bits available)

				[= tried 6/6] 0.2 secs
				[tipo_testo tried 3/4] 0.2 secs
				[tipo_linea_orizzontale tried 4/4] 0.2 secs
				[tipo_misto tried 3/4] 0.2 secs
				[tipo_linea_obbliqua tried 4/4] 0.2 secs
				[tipo_immagine tried 4/4] 0.2 secs
				[tipo_vuoto tried 4/4] 0.2 secs
				[ultima_pagina tried 1/1] 0.2 secs
				[frame tried 6/8] 0.2 secs
				[pagina_1 tried 2/3] 0.2 secs
				[on_top tried 13/18] 0.2 secs
				[to_right tried 14/18] 0.2 secs
				[allineato_al_centro_verticale tried 14/18] 0.2 secs
				[allineato_al_centro_orizzontale tried 9/18] 0.2 secs
				[altezza_pagina tried 1/1] 0.2 secs
				[larghezza_pagina tried 1/1] 0.2 secs
				[altezza_rettangolo tried 3/3] 0.2 secs
				[ascissa_rettangolo tried 3/3] 0.2 secs
				[ordinata_rettangolo tried 3/3] 0.2 secs
				[larghezza_rettangolo tried 3/3] 0.2 secs
				[numero_pagine tried 1/1] 0.2 secs

	Save clause ending with on_top(D,F) (cover 6, accuracy 100%)

	Save on_top(D,F) (6,6 value 22.3)

Best literal allineato_al_centro_verticale(F,E) (8.6 bits)


State (35/37 [9/11], 20.1 bits available)

				[= tried 6/6] 0.2 secs
				[tipo_testo tried 3/4] 0.2 secs
				[tipo_linea_orizzontale tried 4/4] 0.2 secs
				[tipo_misto tried 3/4] 0.2 secs
				[tipo_linea_obbliqua tried 4/4] 0.2 secs
				[tipo_immagine tried 4/4] 0.2 secs
				[tipo_vuoto tried 4/4] 0.2 secs
				[ultima_pagina tried 1/1] 0.2 secs
				[frame tried 6/8] 0.2 secs
				[pagina_1 tried 2/3] 0.2 secs
				[on_top tried 16/18] 0.2 secs
				[to_right tried 14/18] 0.2 secs
				[allineato_al_centro_verticale tried 16/18] 0.2 secs
				[allineato_al_centro_orizzontale tried 18/18] 0.2 secs
				[altezza_pagina tried 1/1] 0.2 secs
				[larghezza_pagina tried 1/1] 0.2 secs
				[altezza_rettangolo tried 3/3] 0.2 secs
				[ascissa_rettangolo tried 3/3] 0.2 secs
				[ordinata_rettangolo tried 3/3] 0.2 secs
				[larghezza_rettangolo tried 3/3] 0.2 secs
				[numero_pagine tried 1/1] 0.2 secs

No literals

[Replace by saved clause]

Initial clause (0 errs): class_svln(A) :- pagina_1(A,B), frame(B,C), tipo_misto(C), on_top(D,C), to_right(D,C), tipo_testo(D), allineato_al_centro_verticale(D,E), to_right(E,D), on_top(E,D), frame(B,F), to_right(E,F), to_right(F,C), on_top(D,F).
		on_top(D,C) needed for binding allineato_al_centro_verticale(D,E)
		frame(B,C) needed for binding tipo_misto(C)
		pagina_1(A,B) needed for binding frame(B,C)

Clause 2: class_svln(A) :- pagina_1(A,B), frame(B,C), tipo_misto(C), on_top(D,C), allineato_al_centro_verticale(D,E), to_right(E,D), on_top(E,D), to_right(E,F), to_right(F,C), on_top(D,F).

State (14/269, 96.7 bits available)

				[pagina_1 tried 1/1] 0.2 secs
				[numero_pagine tried 1/1] 0.2 secs

Determinate literals
	pagina_1(A,B)


State (14/269, 96.7 bits available, 1 weak literal)

				[ultima_pagina tried 1/1] 0.2 secs
				[frame tried 1/1] 0.2 secs
				[pagina_1 tried 1/3] 0.2 secs
				[altezza_pagina tried 1/1] 0.2 secs
				[larghezza_pagina tried 1/1] 0.2 secs
				[numero_pagine tried 1/1] 0.2 secs

Best literal frame(B,C) (2.6 bits)


State (109/3085 [14/269], 94.1 bits available, 2 weak literals)

				[tipo_testo tried 1/1] 0.2 secs
				[tipo_linea_orizzontale tried 1/1] 0.2 secs
				[tipo_misto tried 1/1] 0.2 secs
				[tipo_linea_obbliqua tried 1/1] 0.2 secs
				[tipo_immagine tried 1/1] 0.2 secs
				[tipo_vuoto tried 1/1] 0.2 secs
				[ultima_pagina tried 1/1] 0.2 secs
				[frame tried 1/3] 0.2 secs
				[pagina_1 tried 2/3] 0.2 secs
				[on_top tried 2/2] 0.2 secs
				[to_right tried 2/2] 0.2 secs
				[allineato_al_centro_verticale tried 2/2] 0.2 secs
				[allineato_al_centro_orizzontale tried 2/2] 0.2 secs
				[altezza_pagina tried 1/1] 0.2 secs
				[larghezza_pagina tried 1/1] 0.2 secs
				[altezza_rettangolo tried 1/1] 0.2 secs
				[ascissa_rettangolo tried 1/1] 0.2 secs
				[ordinata_rettangolo tried 1/1] 0.2 secs
				[larghezza_rettangolo tried 1/1] 0.2 secs
				[numero_pagine tried 1/1] 0.2 secs

Best literal tipo_misto(C) (4.3 bits)


State (19/125 [13/99], 85.9 bits available)

				[tipo_testo tried 1/1] 0.2 secs
				[tipo_linea_orizzontale tried 1/1] 0.2 secs
				[tipo_misto tried 0/1] 0.2 secs
				[tipo_linea_obbliqua tried 1/1] 0.2 secs
				[tipo_immagine tried 1/1] 0.2 secs
				[tipo_vuoto tried 1/1] 0.2 secs
				[ultima_pagina tried 1/1] 0.2 secs
				[frame tried 2/3] 0.2 secs
				[pagina_1 tried 2/3] 0.2 secs
				[on_top tried 2/2] 0.2 secs
				[to_right tried 2/2] 0.2 secs
				[allineato_al_centro_verticale tried 2/2] 0.2 secs
				[allineato_al_centro_orizzontale tried 2/2] 0.2 secs
				[altezza_pagina tried 1/1] 0.2 secs
				[larghezza_pagina tried 1/1] 0.2 secs
				[altezza_rettangolo tried 1/1] 0.2 secs
				[ascissa_rettangolo tried 1/1] 0.2 secs
				[ordinata_rettangolo tried 1/1] 0.2 secs
				[larghezza_rettangolo tried 1/1] 0.2 secs
				[numero_pagine tried 1/1] 0.2 secs

	Save to_right(D,C) (11,41 value 26.0)

Best literal on_top(D,C) (5.3 bits)


State (117/472 [13/61], 82.2 bits available)

				[= tried 1/1] 0.2 secs
				[tipo_testo tried 2/2] 0.2 secs
				[tipo_linea_orizzontale tried 2/2] 0.2 secs
				[tipo_misto tried 1/2] 0.2 secs
				[tipo_linea_obbliqua tried 2/2] 0.2 secs
				[tipo_immagine tried 2/2] 0.2 secs
				[tipo_vuoto tried 2/2] 0.2 secs
				[ultima_pagina tried 1/1] 0.2 secs
				[frame tried 4/5] 0.2 secs
				[pagina_1 tried 2/3] 0.2 secs
				[on_top tried 4/6] 0.2 secs
				[to_right tried 6/6] 0.2 secs
				[allineato_al_centro_verticale tried 6/6] 0.2 secs
				[allineato_al_centro_orizzontale tried 4/6] 0.2 secs
				[altezza_pagina tried 1/1] 0.2 secs
				[larghezza_pagina tried 1/1] 0.2 secs
				[altezza_rettangolo tried 2/2] 0.2 secs
				[ascissa_rettangolo tried 2/2] 0.2 secs
				[ordinata_rettangolo tried 2/2] 0.2 secs
				[larghezza_rettangolo tried 2/2] 0.2 secs
				[numero_pagine tried 1/1] 0.2 secs

Best literal to_right(D,C) (7.0 bits)


State (63/139 [11/37], 67.1 bits available)

				[= tried 1/1] 0.2 secs
				[tipo_testo tried 2/2] 0.2 secs
				[tipo_linea_orizzontale tried 2/2] 0.2 secs
				[tipo_misto tried 1/2] 0.2 secs
				[tipo_linea_obbliqua tried 2/2] 0.2 secs
				[tipo_immagine tried 2/2] 0.2 secs
				[tipo_vuoto tried 2/2] 0.2 secs
				[ultima_pagina tried 1/1] 0.2 secs
				[frame tried 4/5] 0.2 secs
				[pagina_1 tried 2/3] 0.2 secs
				[on_top tried 4/6] 0.2 secs
				[to_right tried 5/6] 0.2 secs
				[allineato_al_centro_verticale tried 5/6] 0.2 secs
				[allineato_al_centro_orizzontale tried 4/6] 0.2 secs
				[altezza_pagina tried 1/1] 0.2 secs
				[larghezza_pagina tried 1/1] 0.2 secs
				[altezza_rettangolo tried 2/2] 0.2 secs
				[ascissa_rettangolo tried 2/2] 0.2 secs
				[ordinata_rettangolo tried 2/2] 0.2 secs
				[larghezza_rettangolo tried 2/2] 0.2 secs
				[numero_pagine tried 1/1] 0.2 secs

Best literal tipo_testo(D) (5.4 bits)


State (57/113 [11/21], 64.0 bits available)

				[= tried 1/1] 0.2 secs
				[tipo_testo tried 1/2] 0.2 secs
				[tipo_linea_orizzontale tried 2/2] 0.2 secs
				[tipo_misto tried 1/2] 0.2 secs
				[tipo_linea_obbliqua tried 2/2] 0.2 secs
				[tipo_immagine tried 2/2] 0.2 secs
				[tipo_vuoto tried 2/2] 0.2 secs
				[ultima_pagina tried 1/1] 0.2 secs
				[frame tried 4/5] 0.2 secs
				[pagina_1 tried 2/3] 0.2 secs
				[on_top tried 5/6] 0.2 secs
				[to_right tried 5/6] 0.2 secs
				[allineato_al_centro_verticale tried 6/6] 0.2 secs
				[allineato_al_centro_orizzontale tried 4/6] 0.2 secs
				[altezza_pagina tried 1/1] 0.2 secs
				[larghezza_pagina tried 1/1] 0.2 secs
				[altezza_rettangolo tried 2/2] 0.2 secs
				[ascissa_rettangolo tried 2/2] 0.2 secs
				[ordinata_rettangolo tried 2/2] 0.2 secs
				[larghezza_rettangolo tried 2/2] 0.2 secs
				[numero_pagine tried 1/1] 0.2 secs

	Save on_top(D,E) (11,21 value 36.3)
	Save on_top(E,C) (11,21 value 36.3)
	Save on_top(E,D) (11,21 value 36.3)
	Save to_right(C,E) (10,19 value 33.1)

Best literal frame(B,E) (6.7 bits)


State (441/1187 [11/21], 59.9 bits available, 1 weak literal)

				[= tried 3/3] 0.2 secs
				[tipo_testo tried 2/3] 0.2 secs
				[tipo_linea_orizzontale tried 3/3] 0.2 secs
				[tipo_misto tried 2/3] 0.2 secs
				[tipo_linea_obbliqua tried 3/3] 0.2 secs
				[tipo_immagine tried 3/3] 0.2 secs
				[tipo_vuoto tried 3/3] 0.2 secs
				[ultima_pagina tried 1/1] 0.2 secs
				[frame tried 4/7] 0.2 secs
				[pagina_1 tried 2/3] 0.2 secs
				[on_top tried 9/12] 0.2 secs
				[to_right tried 11/12] 0.2 secs
				[allineato_al_centro_verticale tried 10/12] 0.2 secs
				[allineato_al_centro_orizzontale tried 6/12] 0.2 secs
				[altezza_pagina tried 1/1] 0.2 secs
				[larghezza_pagina tried 1/1] 0.2 secs
				[altezza_rettangolo tried 3/3] 0.2 secs
				[ascissa_rettangolo tried 3/3] 0.2 secs
				[ordinata_rettangolo tried 3/3] 0.2 secs
				[larghezza_rettangolo tried 3/3] 0.2 secs
				[numero_pagine tried 1/1] 0.2 secs

	Save tipo_misto(E) (11,21 value 36.3)

Best literal to_right(E,C) (8.0 bits)


State (320/763 [11/21], 54.7 bits available)

				[= tried 3/3] 0.2 secs
				[tipo_testo tried 2/3] 0.2 secs
				[tipo_linea_orizzontale tried 3/3] 0.2 secs
				[tipo_misto tried 2/3] 0.2 secs
				[tipo_linea_obbliqua tried 3/3] 0.2 secs
				[tipo_immagine tried 3/3] 0.2 secs
				[tipo_vuoto tried 3/3] 0.2 secs
				[ultima_pagina tried 1/1] 0.2 secs
				[frame tried 5/7] 0.2 secs
				[pagina_1 tried 2/3] 0.2 secs
				[on_top tried 9/12] 0.2 secs
				[to_right tried 10/12] 0.2 secs
				[allineato_al_centro_verticale tried 10/12] 0.2 secs
				[allineato_al_centro_orizzontale tried 6/12] 0.2 secs
				[altezza_pagina tried 1/1] 0.2 secs
				[larghezza_pagina tried 1/1] 0.2 secs
				[altezza_rettangolo tried 3/3] 0.2 secs
				[ascissa_rettangolo tried 3/3] 0.2 secs
				[ordinata_rettangolo tried 3/3] 0.2 secs
				[larghezza_rettangolo tried 3/3] 0.2 secs
				[numero_pagine tried 1/1] 0.2 secs

Best literal on_top(E,C) (8.0 bits)


State (318/678 [11/21], 49.7 bits available)

				[= tried 3/3] 0.2 secs
				[tipo_testo tried 2/3] 0.2 secs
				[tipo_linea_orizzontale tried 3/3] 0.2 secs
				[tipo_misto tried 2/3] 0.2 secs
				[tipo_linea_obbliqua tried 3/3] 0.2 secs
				[tipo_immagine tried 3/3] 0.2 secs
				[tipo_vuoto tried 3/3] 0.2 secs
				[ultima_pagina tried 1/1] 0.2 secs
				[frame tried 5/7] 0.2 secs
				[pagina_1 tried 2/3] 0.2 secs
				[on_top tried 8/12] 0.2 secs
				[to_right tried 10/12] 0.2 secs
				[allineato_al_centro_verticale tried 10/12] 0.2 secs
				[allineato_al_centro_orizzontale tried 6/12] 0.2 secs
				[altezza_pagina tried 1/1] 0.2 secs
				[larghezza_pagina tried 1/1] 0.2 secs
				[altezza_rettangolo tried 3/3] 0.2 secs
				[ascissa_rettangolo tried 3/3] 0.2 secs
				[ordinata_rettangolo tried 3/3] 0.2 secs
				[larghezza_rettangolo tried 3/3] 0.2 secs
				[numero_pagine tried 1/1] 0.2 secs

	Save allineato_al_centro_verticale(E,D) (11,20 value 37.0)
	Save allineato_al_centro_verticale(D,E) (11,20 value 37.0)

Best literal to_right(E,D) (8.0 bits)


State (88/162 [11/19], 44.9 bits available)

				[= tried 3/3] 0.2 secs
				[tipo_testo tried 2/3] 0.2 secs
				[tipo_linea_orizzontale tried 3/3] 0.2 secs
				[tipo_misto tried 2/3] 0.2 secs
				[tipo_linea_obbliqua tried 3/3] 0.2 secs
				[tipo_immagine tried 3/3] 0.2 secs
				[tipo_vuoto tried 3/3] 0.2 secs
				[ultima_pagina tried 1/1] 0.2 secs
				[frame tried 5/7] 0.2 secs
				[pagina_1 tried 2/3] 0.2 secs
				[on_top tried 8/12] 0.2 secs
				[to_right tried 9/12] 0.2 secs
				[allineato_al_centro_verticale tried 10/12] 0.2 secs
				[allineato_al_centro_orizzontale tried 6/12] 0.2 secs
				[altezza_pagina tried 1/1] 0.2 secs
				[larghezza_pagina tried 1/1] 0.2 secs
				[altezza_rettangolo tried 3/3] 0.2 secs
				[ascissa_rettangolo tried 3/3] 0.2 secs
				[ordinata_rettangolo tried 3/3] 0.2 secs
				[larghezza_rettangolo tried 3/3] 0.2 secs
				[numero_pagine tried 1/1] 0.2 secs

Best literal allineato_al_centro_verticale(D,E) (8.0 bits)


State (23/33 [10/13], 35.0 bits available)

				[= tried 3/3] 0.2 secs
				[tipo_testo tried 2/3] 0.2 secs
				[tipo_linea_orizzontale tried 3/3] 0.2 secs
				[tipo_misto tried 2/3] 0.2 secs
				[tipo_linea_obbliqua tried 3/3] 0.2 secs
				[tipo_immagine tried 3/3] 0.2 secs
				[tipo_vuoto tried 3/3] 0.2 secs
				[ultima_pagina tried 1/1] 0.2 secs
				[frame tried 5/7] 0.2 secs
				[pagina_1 tried 2/3] 0.2 secs
				[on_top tried 8/12] 0.2 secs
				[to_right tried 9/12] 0.2 secs
				[allineato_al_centro_verticale tried 9/12] 0.2 secs
				[allineato_al_centro_orizzontale tried 6/12] 0.2 secs
				[altezza_pagina tried 1/1] 0.2 secs
				[larghezza_pagina tried 1/1] 0.2 secs
				[altezza_rettangolo tried 3/3] 0.2 secs
				[ascissa_rettangolo tried 3/3] 0.2 secs
				[ordinata_rettangolo tried 3/3] 0.2 secs
				[larghezza_rettangolo tried 3/3] 0.2 secs
				[numero_pagine tried 1/1] 0.2 secs

Best literal on_top(D,E) (8.0 bits)


State (20/28 [10/13], 30.4 bits available)

				[= tried 3/3] 0.2 secs
				[tipo_testo tried 2/3] 0.2 secs
				[tipo_linea_orizzontale tried 3/3] 0.2 secs
				[tipo_misto tried 2/3] 0.2 secs
				[tipo_linea_obbliqua tried 3/3] 0.2 secs
				[tipo_immagine tried 3/3] 0.2 secs
				[tipo_vuoto tried 3/3] 0.2 secs
				[ultima_pagina tried 1/1] 0.2 secs
				[frame tried 5/7] 0.2 secs
				[pagina_1 tried 2/3] 0.2 secs
				[on_top tried 7/12] 0.2 secs
				[to_right tried 9/12] 0.2 secs
				[allineato_al_centro_verticale tried 9/12] 0.2 secs
				[allineato_al_centro_orizzontale tried 6/12] 0.2 secs
				[altezza_pagina tried 1/1] 0.2 secs
				[larghezza_pagina tried 1/1] 0.2 secs
				[altezza_rettangolo tried 3/3] 0.2 secs
				[ascissa_rettangolo tried 3/3] 0.2 secs
				[ordinata_rettangolo tried 3/3] 0.2 secs
				[larghezza_rettangolo tried 3/3] 0.2 secs
				[numero_pagine tried 1/1] 0.2 secs

	Save clause ending with to_right(C,F) (cover 9, accuracy 81%)

	Save on_top(D,F) (10,13 value 38.2)
	Save on_top(E,F) (10,13 value 38.2)
	Save on_top(F,C) (10,13 value 38.2)
	Save on_top(F,D) (10,13 value 38.2)

Best literal frame(B,F) (7.2 bits)


State (157/272 [10/13], 26.8 bits available, 1 weak literal)

				[= tried 6/6] 0.2 secs
				[tipo_testo tried 3/4] 0.2 secs
				[tipo_linea_orizzontale tried 4/4] 0.2 secs
				[tipo_misto tried 3/4] 0.2 secs
				[tipo_linea_obbliqua tried 4/4] 0.2 secs
				[tipo_immagine tried 4/4] 0.2 secs
				[tipo_vuoto tried 4/4] 0.2 secs
				[ultima_pagina tried 1/1] 0.2 secs
				[frame tried 5/9] 0.2 secs
				[pagina_1 tried 2/3] 0.2 secs
				[on_top tried 14/20] 0.2 secs
				[to_right tried 17/20] 0.2 secs
				[allineato_al_centro_verticale tried 16/20] 0.2 secs
				[allineato_al_centro_orizzontale tried 8/20] 0.2 secs
				[altezza_pagina tried 1/1] 0.2 secs
				[larghezza_pagina tried 1/1] 0.2 secs
				[altezza_rettangolo tried 4/4] 0.2 secs
				[ascissa_rettangolo tried 4/4] 0.2 secs
				[ordinata_rettangolo tried 4/4] 0.2 secs
				[larghezza_rettangolo tried 4/4] 0.2 secs
				[numero_pagine tried 1/1] 0.2 secs

Best literal to_right(F,C) (8.7 bits)


State (115/179 [10/13], 21.8 bits available)

				[= tried 6/6] 0.2 secs
				[tipo_testo tried 3/4] 0.2 secs
				[tipo_linea_orizzontale tried 4/4] 0.2 secs
				[tipo_misto tried 3/4] 0.2 secs
				[tipo_linea_obbliqua tried 4/4] 0.2 secs
				[tipo_immagine tried 4/4] 0.2 secs
				[tipo_vuoto tried 4/4] 0.2 secs
				[ultima_pagina tried 1/1] 0.2 secs
				[frame tried 6/9] 0.2 secs
				[pagina_1 tried 2/3] 0.2 secs
				[on_top tried 14/20] 0.2 secs
				[to_right tried 16/20] 0.2 secs
				[allineato_al_centro_verticale tried 16/20] 0.2 secs
				[allineato_al_centro_orizzontale tried 8/20] 0.2 secs
				[altezza_pagina tried 1/1] 0.2 secs
				[larghezza_pagina tried 1/1] 0.2 secs
				[altezza_rettangolo tried 4/4] 0.2 secs
				[ascissa_rettangolo tried 4/4] 0.2 secs
				[ordinata_rettangolo tried 4/4] 0.2 secs
				[larghezza_rettangolo tried 4/4] 0.2 secs
				[numero_pagine tried 1/1] 0.2 secs

Best literal to_right(E,F) (8.7 bits)


State (47/62 [10/13], 16.9 bits available)

				[= tried 6/6] 0.2 secs
				[tipo_testo tried 3/4] 0.2 secs
				[tipo_linea_orizzontale tried 4/4] 0.2 secs
				[tipo_misto tried 3/4] 0.2 secs
				[tipo_linea_obbliqua tried 4/4] 0.2 secs
				[tipo_immagine tried 4/4] 0.2 secs
				[tipo_vuoto tried 4/4] 0.2 secs
				[ultima_pagina tried 1/1] 0.2 secs
				[frame tried 6/9] 0.2 secs
				[pagina_1 tried 2/3] 0.2 secs
				[on_top tried 14/20] 0.2 secs
				[to_right tried 15/20] 0.2 secs
				[allineato_al_centro_verticale tried 16/20] 0.2 secs
				[allineato_al_centro_orizzontale tried 8/20] 0.2 secs
				[altezza_pagina tried 1/1] 0.2 secs
				[larghezza_pagina tried 1/1] 0.2 secs
				[altezza_rettangolo tried 4/4] 0.2 secs
				[ascissa_rettangolo tried 4/4] 0.2 secs
				[ordinata_rettangolo tried 4/4] 0.2 secs
				[larghezza_rettangolo tried 4/4] 0.2 secs
				[numero_pagine tried 1/1] 0.2 secs

Best literal allineato_al_centro_verticale(E,G) (8.7 bits)


State (60/74 [8/11], 1.0 bits available)

				[= requires 8.7 bits]
				[tipo_testo requires 6.7 bits]
				[tipo_linea_orizzontale requires 6.7 bits]
				[tipo_misto requires 6.7 bits]
				[tipo_linea_obbliqua requires 6.7 bits]
				[tipo_immagine requires 6.7 bits]
				[tipo_vuoto requires 6.7 bits]
				[ultima_pagina tried 1/1] 0.2 secs
				[frame requires 7.9 bits]
				[pagina_1 requires 6.0 bits]
				[on_top requires 9.3 bits]
				[to_right requires 9.3 bits]
				[allineato_al_centro_verticale requires 9.3 bits]
				[allineato_al_centro_orizzontale requires 9.3 bits]
				[altezza_pagina tried 1/1] 0.2 secs
				[larghezza_pagina tried 1/1] 0.2 secs
				[altezza_rettangolo requires 6.7 bits]
				[ascissa_rettangolo requires 6.7 bits]
				[ordinata_rettangolo requires 6.7 bits]
				[larghezza_rettangolo requires 6.7 bits]
				[numero_pagine tried 1/1] 0.2 secs

No literals

[Replace by saved clause]

Initial clause (2 errs): class_svln(A) :- pagina_1(A,B), frame(B,C), tipo_misto(C), on_top(D,C), to_right(D,C), tipo_testo(D), frame(B,E), to_right(E,C), on_top(E,C), to_right(E,D), allineato_al_centro_verticale(D,E), on_top(D,E), to_right(C,F).
		frame(B,C) needed for binding tipo_misto(C)
		pagina_1(A,B) needed for binding frame(B,C)

Clause 3: class_svln(A) :- pagina_1(A,B), frame(B,C), tipo_misto(C), on_top(D,C), to_right(D,C), on_top(E,C), to_right(E,D), allineato_al_centro_verticale(D,E), to_right(C,F).

State (5/260, 47.2 bits available)

				[pagina_1 tried 1/1] 0.2 secs
				[numero_pagine tried 1/1] 0.2 secs

Determinate literals
	pagina_1(A,B)


State (5/260, 47.2 bits available, 1 weak literal)

				[ultima_pagina tried 1/1] 0.2 secs
				[frame tried 1/1] 0.2 secs
				[pagina_1 tried 1/3] 0.2 secs
				[altezza_pagina tried 1/1] 0.2 secs
				[larghezza_pagina tried 1/1] 0.2 secs
				[numero_pagine tried 1/1] 0.2 secs

Best literal frame(B,C) (2.6 bits)


State (38/3014 [5/260], 44.6 bits available, 2 weak literals)

				[tipo_testo tried 1/1] 0.2 secs
				[tipo_linea_orizzontale tried 1/1] 0.2 secs
				[tipo_misto tried 1/1] 0.2 secs
				[tipo_linea_obbliqua tried 1/1] 0.2 secs
				[tipo_immagine tried 1/1] 0.2 secs
				[tipo_vuoto tried 1/1] 0.2 secs
				[ultima_pagina tried 1/1] 0.2 secs
				[frame tried 1/3] 0.2 secs
				[pagina_1 tried 2/3] 0.2 secs
				[on_top tried 2/2] 0.2 secs
				[to_right tried 2/2] 0.2 secs
				[allineato_al_centro_verticale tried 2/2] 0.2 secs
				[allineato_al_centro_orizzontale tried 2/2] 0.2 secs
				[altezza_pagina tried 1/1] 0.2 secs
				[larghezza_pagina tried 1/1] 0.2 secs
				[altezza_rettangolo tried 1/1] 0.2 secs
				[ascissa_rettangolo tried 1/1] 0.2 secs
				[ordinata_rettangolo tried 1/1] 0.2 secs
				[larghezza_rettangolo tried 1/1] 0.2 secs
				[numero_pagine tried 1/1] 0.2 secs

Best literal tipo_linea_obbliqua(C) (4.3 bits)


State (2/4 [2/3], 20.4 bits available)

				[tipo_testo tried 1/1] 0.2 secs
				[tipo_linea_orizzontale tried 1/1] 0.2 secs
				[tipo_misto tried 1/1] 0.2 secs
				[tipo_linea_obbliqua tried 0/1] 0.2 secs
				[tipo_immagine tried 1/1] 0.2 secs
				[tipo_vuoto tried 1/1] 0.2 secs
				[ultima_pagina tried 1/1] 0.2 secs
				[frame tried 2/3] 0.2 secs
				[pagina_1 tried 2/3] 0.2 secs
				[on_top tried 2/2] 0.2 secs
				[to_right tried 2/2] 0.2 secs
				[allineato_al_centro_verticale tried 2/2] 0.2 secs
				[allineato_al_centro_orizzontale tried 2/2] 0.2 secs
				[altezza_pagina tried 1/1] 0.2 secs
				[larghezza_pagina tried 1/1] 0.2 secs
				[altezza_rettangolo tried 1/1] 0.2 secs
				[ascissa_rettangolo tried 1/1] 0.2 secs
				[ordinata_rettangolo tried 1/1] 0.2 secs
				[larghezza_rettangolo tried 1/1] 0.2 secs
				[numero_pagine tried 1/1] 0.2 secs

	Save on_top(C,D) (2,3 value 10.1)
	Save on_top(D,C) (2,3 value 10.1)
	Save to_right(C,D) (2,3 value 10.1)
	Save to_right(D,C) (2,3 value 10.1)

Best literal frame(B,D) (5.9 bits)


State (17/47 [2/3], 16.1 bits available, 1 weak literal)

				[= tried 1/1] 0.2 secs
				[tipo_testo tried 2/2] 0.2 secs
				[tipo_linea_orizzontale tried 2/2] 0.2 secs
				[tipo_misto tried 2/2] 0.2 secs
				[tipo_linea_obbliqua tried 1/2] 0.2 secs
				[tipo_immagine tried 2/2] 0.2 secs
				[tipo_vuoto tried 2/2] 0.2 secs
				[ultima_pagina tried 1/1] 0.2 secs
				[frame tried 2/5] 0.2 secs
				[pagina_1 tried 2/3] 0.2 secs
				[on_top tried 6/6] 0.2 secs
				[to_right tried 6/6] 0.2 secs
				[allineato_al_centro_verticale tried 5/6] 0.2 secs
				[allineato_al_centro_orizzontale tried 4/6] 0.2 secs
				[altezza_pagina tried 1/1] 0.2 secs
				[larghezza_pagina tried 1/1] 0.2 secs
				[altezza_rettangolo tried 2/2] 0.2 secs
				[ascissa_rettangolo tried 2/2] 0.2 secs
				[ordinata_rettangolo tried 2/2] 0.2 secs
				[larghezza_rettangolo tried 2/2] 0.2 secs
				[numero_pagine tried 1/1] 0.2 secs

	Save allineato_al_centro_verticale(E,D) (2,3 value 10.1)

Best literal allineato_al_centro_verticale(D,E) (7.0 bits)


State (25/47 [2/3], 11.1 bits available)

				[= tried 3/3] 0.2 secs
				[tipo_testo tried 3/3] 0.2 secs
				[tipo_linea_orizzontale tried 3/3] 0.2 secs
				[tipo_misto tried 3/3] 0.2 secs
				[tipo_linea_obbliqua tried 2/3] 0.2 secs
				[tipo_immagine tried 3/3] 0.2 secs
				[tipo_vuoto tried 3/3] 0.2 secs
				[ultima_pagina tried 1/1] 0.2 secs
				[frame tried 5/7] 0.2 secs
				[pagina_1 tried 2/3] 0.2 secs
				[on_top tried 12/12] 0.2 secs
				[to_right tried 12/12] 0.2 secs
				[allineato_al_centro_verticale tried 8/12] 0.2 secs
				[allineato_al_centro_orizzontale tried 6/12] 0.2 secs
				[altezza_pagina tried 1/1] 0.2 secs
				[larghezza_pagina tried 1/1] 0.2 secs
				[altezza_rettangolo tried 3/3] 0.2 secs
				[ascissa_rettangolo tried 3/3] 0.2 secs
				[ordinata_rettangolo tried 3/3] 0.2 secs
				[larghezza_rettangolo tried 3/3] 0.2 secs
				[numero_pagine tried 1/1] 0.2 secs

Best literal on_top(D,C) (8.0 bits)


State (25/35 [2/3], 5.5 bits available)

				[= tried 3/3] 0.2 secs
				[tipo_testo tried 3/3] 0.2 secs
				[tipo_linea_orizzontale tried 3/3] 0.2 secs
				[tipo_misto tried 3/3] 0.2 secs
				[tipo_linea_obbliqua tried 2/3] 0.2 secs
				[tipo_immagine tried 3/3] 0.2 secs
				[tipo_vuoto tried 3/3] 0.2 secs
				[ultima_pagina tried 1/1] 0.2 secs
				[frame tried 5/7] 0.2 secs
				[pagina_1 tried 2/3] 0.2 secs
				[on_top tried 11/12] 0.2 secs
				[to_right tried 12/12] 0.2 secs
				[allineato_al_centro_verticale tried 8/12] 0.2 secs
				[allineato_al_centro_orizzontale tried 6/12] 0.2 secs
				[altezza_pagina tried 1/1] 0.2 secs
				[larghezza_pagina tried 1/1] 0.2 secs
				[altezza_rettangolo tried 3/3] 0.2 secs
				[ascissa_rettangolo tried 3/3] 0.2 secs
				[ordinata_rettangolo tried 3/3] 0.2 secs
				[larghezza_rettangolo tried 3/3] 0.2 secs
				[numero_pagine tried 1/1] 0.2 secs

	Save clause ending with to_right(D,E) (cover 2, accuracy 100%)

	Save to_right(D,E) (2,2 value 10.9)

Best literal allineato_al_centro_verticale(E,F) (8.0 bits)


State (30/36 [2/3], 0.1 bits available)

				[= requires 8.0 bits]
				[tipo_testo requires 6.4 bits]
				[tipo_linea_orizzontale requires 6.4 bits]
				[tipo_misto requires 6.4 bits]
				[tipo_linea_obbliqua requires 6.4 bits]
				[tipo_immagine requires 6.4 bits]
				[tipo_vuoto requires 6.4 bits]
				[ultima_pagina requires 4.4 bits]
				[frame requires 7.4 bits]
				[pagina_1 requires 6.0 bits]
				[on_top requires 8.6 bits]
				[to_right requires 8.6 bits]
				[allineato_al_centro_verticale requires 8.6 bits]
				[allineato_al_centro_orizzontale requires 8.6 bits]
				[altezza_pagina requires 4.4 bits]
				[larghezza_pagina requires 4.4 bits]
				[altezza_rettangolo requires 6.0 bits]
				[ascissa_rettangolo requires 6.0 bits]
				[ordinata_rettangolo requires 6.0 bits]
				[larghezza_rettangolo requires 6.0 bits]
				[numero_pagine requires 4.4 bits]

No literals

[Replace by saved clause]

Initial clause (0 errs): class_svln(A) :- pagina_1(A,B), frame(B,C), tipo_linea_obbliqua(C), frame(B,D), allineato_al_centro_verticale(D,E), on_top(D,C), to_right(D,E).
		frame(B,D) needed for binding allineato_al_centro_verticale(D,E)
		frame(B,C) needed for binding tipo_linea_obbliqua(C)
		pagina_1(A,B) needed for binding frame(B,C)

Clause 4: class_svln(A) :- pagina_1(A,B), frame(B,C), tipo_linea_obbliqua(C), frame(B,D), allineato_al_centro_verticale(D,E), on_top(D,C), to_right(D,E).

State (3/258, 33.7 bits available)

				[pagina_1 tried 1/1] 0.2 secs
				[numero_pagine tried 1/1] 0.2 secs

Determinate literals
	pagina_1(A,B)


State (3/258, 33.7 bits available, 1 weak literal)

				[ultima_pagina tried 1/1] 0.2 secs
				[frame tried 1/1] 0.2 secs
				[pagina_1 tried 1/3] 0.2 secs
				[altezza_pagina tried 1/1] 0.2 secs
				[larghezza_pagina tried 1/1] 0.2 secs
				[numero_pagine tried 1/1] 0.2 secs

Best literal frame(B,C) (2.6 bits)


State (21/2997 [3/258], 31.1 bits available, 2 weak literals)

				[tipo_testo tried 1/1] 0.2 secs
				[tipo_linea_orizzontale tried 1/1] 0.2 secs
				[tipo_misto tried 1/1] 0.2 secs
				[tipo_linea_obbliqua tried 1/1] 0.2 secs
				[tipo_immagine tried 1/1] 0.2 secs
				[tipo_vuoto tried 1/1] 0.2 secs
				[ultima_pagina tried 1/1] 0.2 secs
				[frame tried 1/3] 0.2 secs
				[pagina_1 tried 2/3] 0.2 secs
				[on_top tried 2/2] 0.2 secs
				[to_right tried 2/2] 0.2 secs
				[allineato_al_centro_verticale tried 2/2] 0.2 secs
				[allineato_al_centro_orizzontale tried 2/2] 0.2 secs
				[altezza_pagina tried 1/1] 0.2 secs
				[larghezza_pagina tried 1/1] 0.2 secs
				[altezza_rettangolo tried 1/1] 0.2 secs
				[ascissa_rettangolo tried 1/1] 0.2 secs
				[ordinata_rettangolo tried 1/1] 0.2 secs
				[larghezza_rettangolo tried 1/1] 0.2 secs
				[numero_pagine tried 1/1] 0.2 secs

Best literal tipo_misto(C) (4.3 bits)


State (3/109 [3/89], 27.8 bits available)

				[tipo_testo tried 1/1] 0.2 secs
				[tipo_linea_orizzontale tried 1/1] 0.2 secs
				[tipo_misto tried 0/1] 0.2 secs
				[tipo_linea_obbliqua tried 1/1] 0.2 secs
				[tipo_immagine tried 1/1] 0.2 secs
				[tipo_vuoto tried 1/1] 0.2 secs
				[ultima_pagina tried 1/1] 0.2 secs
				[frame tried 2/3] 0.2 secs
				[pagina_1 tried 2/3] 0.2 secs
				[on_top tried 2/2] 0.2 secs
				[to_right tried 2/2] 0.2 secs
				[allineato_al_centro_verticale tried 2/2] 0.2 secs
				[allineato_al_centro_orizzontale tried 2/2] 0.2 secs
				[altezza_pagina tried 1/1] 0.2 secs
				[larghezza_pagina tried 1/1] 0.2 secs
				[altezza_rettangolo tried 1/1] 0.2 secs
				[ascissa_rettangolo tried 1/1] 0.2 secs
				[ordinata_rettangolo tried 1/1] 0.2 secs
				[larghezza_rettangolo tried 1/1] 0.2 secs
				[numero_pagine tried 1/1] 0.2 secs

Best literal to_right(D,C) (5.3 bits)


State (11/172 [2/32], 16.7 bits available)

				[= tried 1/1] 0.2 secs
				[tipo_testo tried 2/2] 0.2 secs
				[tipo_linea_orizzontale tried 2/2] 0.2 secs
				[tipo_misto tried 1/2] 0.2 secs
				[tipo_linea_obbliqua tried 2/2] 0.2 secs
				[tipo_immagine tried 2/2] 0.2 secs
				[tipo_vuoto tried 2/2] 0.2 secs
				[ultima_pagina tried 1/1] 0.2 secs
				[frame tried 4/5] 0.2 secs
				[pagina_1 tried 2/3] 0.2 secs
				[on_top tried 5/6] 0.2 secs
				[to_right tried 4/6] 0.2 secs
				[allineato_al_centro_verticale tried 5/6] 0.2 secs
				[allineato_al_centro_orizzontale tried 4/6] 0.2 secs
				[altezza_pagina tried 1/1] 0.2 secs
				[larghezza_pagina tried 1/1] 0.2 secs
				[altezza_rettangolo tried 2/2] 0.2 secs
				[ascissa_rettangolo tried 2/2] 0.2 secs
				[ordinata_rettangolo tried 2/2] 0.2 secs
				[larghezza_rettangolo tried 2/2] 0.2 secs
				[numero_pagine tried 1/1] 0.2 secs

Best literal on_top(D,C) (7.0 bits)


State (11/87 [2/28], 11.7 bits available)

				[= tried 1/1] 0.2 secs
				[tipo_testo tried 2/2] 0.2 secs
				[tipo_linea_orizzontale tried 2/2] 0.2 secs
				[tipo_misto tried 1/2] 0.2 secs
				[tipo_linea_obbliqua tried 2/2] 0.2 secs
				[tipo_immagine tried 2/2] 0.2 secs
				[tipo_vuoto tried 2/2] 0.2 secs
				[ultima_pagina tried 1/1] 0.2 secs
				[frame tried 4/5] 0.2 secs
				[pagina_1 tried 2/3] 0.2 secs
				[on_top tried 4/6] 0.2 secs
				[to_right tried 5/6] 0.2 secs
				[allineato_al_centro_verticale tried 5/6] 0.2 secs
				[allineato_al_centro_orizzontale tried 4/6] 0.2 secs
				[altezza_pagina tried 1/1] 0.2 secs
				[larghezza_pagina tried 1/1] 0.2 secs
				[altezza_rettangolo tried 2/2] 0.2 secs
				[ascissa_rettangolo tried 2/2] 0.2 secs
				[ordinata_rettangolo tried 2/2] 0.2 secs
				[larghezza_rettangolo tried 2/2] 0.2 secs
				[numero_pagine tried 1/1] 0.2 secs

Best literal tipo_testo(D) (5.4 bits)


State (11/67 [2/12], 8.6 bits available)

				[= tried 1/1] 0.2 secs
				[tipo_testo tried 1/2] 0.2 secs
				[tipo_linea_orizzontale tried 2/2] 0.2 secs
				[tipo_misto tried 1/2] 0.2 secs
				[tipo_linea_obbliqua tried 2/2] 0.2 secs
				[tipo_immagine tried 2/2] 0.2 secs
				[tipo_vuoto tried 2/2] 0.2 secs
				[ultima_pagina tried 1/1] 0.2 secs
				[frame tried 4/5] 0.2 secs
				[pagina_1 tried 2/3] 0.2 secs
				[on_top tried 5/6] 0.2 secs
				[to_right tried 5/6] 0.2 secs
				[allineato_al_centro_verticale tried 6/6] 0.2 secs
				[allineato_al_centro_orizzontale tried 6/6] 0.2 secs
				[altezza_pagina tried 1/1] 0.2 secs
				[larghezza_pagina tried 1/1] 0.2 secs
				[altezza_rettangolo tried 2/2] 0.2 secs
				[ascissa_rettangolo tried 2/2] 0.2 secs
				[ordinata_rettangolo tried 2/2] 0.2 secs
				[larghezza_rettangolo tried 2/2] 0.2 secs
				[numero_pagine tried 1/1] 0.2 secs

	Save on_top(D,E) (2,12 value 7.8)
	Save on_top(E,C) (2,12 value 7.8)
	Save on_top(E,D) (2,12 value 7.8)
	Save to_right(D,E) (2,12 value 7.8)

Best literal frame(B,E) (6.7 bits)


State (77/823 [2/12], 4.5 bits available, 1 weak literal)

				[= tried 3/3] 0.2 secs
				[tipo_testo tried 2/3] 0.2 secs
				[tipo_linea_orizzontale tried 3/3] 0.2 secs
				[tipo_misto tried 2/3] 0.2 secs
				[tipo_linea_obbliqua tried 3/3] 0.2 secs
				[tipo_immagine tried 3/3] 0.2 secs
				[tipo_vuoto tried 3/3] 0.2 secs
				[ultima_pagina tried 1/1] 0.2 secs
				[frame tried 4/7] 0.2 secs
				[pagina_1 tried 2/3] 0.2 secs
				[on_top requires 8.0 bits]
				[to_right requires 8.0 bits]
				[allineato_al_centro_verticale requires 8.0 bits]
				[allineato_al_centro_orizzontale requires 8.0 bits]
				[altezza_pagina tried 1/1] 0.2 secs
				[larghezza_pagina tried 1/1] 0.2 secs
				[altezza_rettangolo tried 3/3] 0.2 secs
				[ascissa_rettangolo tried 3/3] 0.2 secs
				[ordinata_rettangolo tried 3/3] 0.2 secs
				[larghezza_rettangolo tried 3/3] 0.2 secs
				[numero_pagine tried 1/1] 0.2 secs

	Save D=E (2,12 value 7.8)

Best literal C=E (7.0 bits)
		Note C=E

State (11/67 [2/12], 0.3 bits available)

				[= requires 5.4 bits]
				[tipo_testo requires 5.4 bits]
				[tipo_linea_orizzontale requires 5.4 bits]
				[tipo_misto requires 5.4 bits]
				[tipo_linea_obbliqua requires 5.4 bits]
				[tipo_immagine requires 5.4 bits]
				[tipo_vuoto requires 5.4 bits]
				[ultima_pagina requires 4.4 bits]
				[frame requires 6.7 bits]
				[pagina_1 requires 6.0 bits]
				[on_top requires 7.0 bits]
				[to_right requires 7.0 bits]
				[allineato_al_centro_verticale requires 7.0 bits]
				[allineato_al_centro_orizzontale requires 7.0 bits]
				[altezza_pagina requires 4.4 bits]
				[larghezza_pagina requires 4.4 bits]
				[altezza_rettangolo requires 5.4 bits]
				[ascissa_rettangolo requires 5.4 bits]
				[ordinata_rettangolo requires 5.4 bits]
				[larghezza_rettangolo requires 5.4 bits]
				[numero_pagine requires 4.4 bits]

No literals

Recover to class_svln(A) :- pagina_1(A,B), frame(B,C), tipo_misto(C), to_right(D,C), on_top(D,C), tipo_testo(D), on_top(D,E).



State (40/468 [2/12], 4.2 bits available, 1 weak literal)

				[= tried 3/3] 0.2 secs
				[tipo_testo tried 2/3] 0.2 secs
				[tipo_linea_orizzontale tried 3/3] 0.2 secs
				[tipo_misto tried 2/3] 0.2 secs
				[tipo_linea_obbliqua tried 3/3] 0.2 secs
				[tipo_immagine tried 3/3] 0.2 secs
				[tipo_vuoto tried 3/3] 0.2 secs
				[ultima_pagina tried 1/1] 0.2 secs
				[frame tried 5/6] 0.2 secs
				[pagina_1 tried 2/3] 0.2 secs
				[on_top requires 7.7 bits]
				[to_right requires 7.7 bits]
				[allineato_al_centro_verticale requires 7.7 bits]
				[allineato_al_centro_orizzontale requires 7.7 bits]
				[altezza_pagina tried 1/1] 0.2 secs
				[larghezza_pagina tried 1/1] 0.2 secs
				[altezza_rettangolo tried 2/2] 0.2 secs
				[ascissa_rettangolo tried 2/2] 0.2 secs
				[ordinata_rettangolo tried 2/2] 0.2 secs
				[larghezza_rettangolo tried 2/2] 0.2 secs
				[numero_pagine tried 1/1] 0.2 secs

	Save tipo_misto(E) (2,12 value 7.8)

Best literal C=E (7.0 bits)
		Note C=E

State (11/67 [2/12], 0.1 bits available)

				[= requires 5.4 bits]
				[tipo_testo requires 5.4 bits]
				[tipo_linea_orizzontale requires 5.4 bits]
				[tipo_misto requires 5.4 bits]
				[tipo_linea_obbliqua requires 5.4 bits]
				[tipo_immagine requires 5.4 bits]
				[tipo_vuoto requires 5.4 bits]
				[ultima_pagina requires 4.4 bits]
				[frame requires 6.7 bits]
				[pagina_1 requires 6.0 bits]
				[on_top requires 7.0 bits]
				[to_right requires 7.0 bits]
				[allineato_al_centro_verticale requires 7.0 bits]
				[allineato_al_centro_orizzontale requires 7.0 bits]
				[altezza_pagina requires 4.4 bits]
				[larghezza_pagina requires 4.4 bits]
				[altezza_rettangolo requires 5.4 bits]
				[ascissa_rettangolo requires 5.4 bits]
				[ordinata_rettangolo requires 5.4 bits]
				[larghezza_rettangolo requires 5.4 bits]
				[numero_pagine requires 4.4 bits]

No literals

Recover to class_svln(A) :- pagina_1(A,B), frame(B,C), tipo_misto(C), to_right(D,C), on_top(D,C), tipo_testo(D), on_top(E,C).



State (66/634 [2/12], 4.2 bits available, 1 weak literal)

				[= tried 3/3] 0.2 secs
				[tipo_testo tried 2/3] 0.2 secs
				[tipo_linea_orizzontale tried 3/3] 0.2 secs
				[tipo_misto tried 2/3] 0.2 secs
				[tipo_linea_obbliqua tried 3/3] 0.2 secs
				[tipo_immagine tried 3/3] 0.2 secs
				[tipo_vuoto tried 3/3] 0.2 secs
				[ultima_pagina tried 1/1] 0.2 secs
				[frame requires 7.2 bits]
				[pagina_1 tried 2/3] 0.2 secs
				[on_top requires 8.0 bits]
				[to_right requires 8.0 bits]
				[allineato_al_centro_verticale requires 8.0 bits]
				[allineato_al_centro_orizzontale requires 8.0 bits]
				[altezza_pagina tried 1/1] 0.2 secs
				[larghezza_pagina tried 1/1] 0.2 secs
				[altezza_rettangolo tried 3/3] 0.2 secs
				[ascissa_rettangolo tried 3/3] 0.2 secs
				[ordinata_rettangolo tried 3/3] 0.2 secs
				[larghezza_rettangolo tried 3/3] 0.2 secs
				[numero_pagine tried 1/1] 0.2 secs

Best literal D=E (7.0 bits)
		Note D=E

State (11/67 [2/12], 0.1 bits available)

				[= requires 5.4 bits]
				[tipo_testo requires 5.4 bits]
				[tipo_linea_orizzontale requires 5.4 bits]
				[tipo_misto requires 5.4 bits]
				[tipo_linea_obbliqua requires 5.4 bits]
				[tipo_immagine requires 5.4 bits]
				[tipo_vuoto requires 5.4 bits]
				[ultima_pagina requires 4.4 bits]
				[frame requires 6.7 bits]
				[pagina_1 requires 6.0 bits]
				[on_top requires 7.0 bits]
				[to_right requires 7.0 bits]
				[allineato_al_centro_verticale requires 7.0 bits]
				[allineato_al_centro_orizzontale requires 7.0 bits]
				[altezza_pagina requires 4.4 bits]
				[larghezza_pagina requires 4.4 bits]
				[altezza_rettangolo requires 5.4 bits]
				[ascissa_rettangolo requires 5.4 bits]
				[ordinata_rettangolo requires 5.4 bits]
				[larghezza_rettangolo requires 5.4 bits]
				[numero_pagine requires 4.4 bits]

No literals

Recover to class_svln(A) :- pagina_1(A,B), frame(B,C), tipo_misto(C), to_right(D,C), on_top(D,C), tipo_testo(D), on_top(E,D).



State (26/270 [2/12], 4.2 bits available, 1 weak literal)

				[= tried 3/3] 0.2 secs
				[tipo_testo tried 2/3] 0.2 secs
				[tipo_linea_orizzontale tried 3/3] 0.2 secs
				[tipo_misto tried 2/3] 0.2 secs
				[tipo_linea_obbliqua tried 3/3] 0.2 secs
				[tipo_immagine tried 3/3] 0.2 secs
				[tipo_vuoto tried 3/3] 0.2 secs
				[ultima_pagina tried 1/1] 0.2 secs
				[frame tried 5/6] 0.2 secs
				[pagina_1 tried 2/3] 0.2 secs
				[on_top requires 7.7 bits]
				[to_right requires 7.7 bits]
				[allineato_al_centro_verticale requires 7.7 bits]
				[allineato_al_centro_orizzontale requires 7.7 bits]
				[altezza_pagina tried 1/1] 0.2 secs
				[larghezza_pagina tried 1/1] 0.2 secs
				[altezza_rettangolo tried 2/2] 0.2 secs
				[ascissa_rettangolo tried 2/2] 0.2 secs
				[ordinata_rettangolo tried 2/2] 0.2 secs
				[larghezza_rettangolo tried 2/2] 0.2 secs
				[numero_pagine tried 1/1] 0.2 secs

Best literal tipo_testo(E) (6.0 bits)


State (26/256 [2/12], 1.1 bits available)

				[= requires 7.0 bits]
				[tipo_testo requires 6.0 bits]
				[tipo_linea_orizzontale requires 6.0 bits]
				[tipo_misto requires 6.0 bits]
				[tipo_linea_obbliqua requires 6.0 bits]
				[tipo_immagine requires 6.0 bits]
				[tipo_vuoto requires 6.0 bits]
				[ultima_pagina requires 4.4 bits]
				[frame requires 7.0 bits]
				[pagina_1 requires 6.0 bits]
				[on_top requires 7.7 bits]
				[to_right requires 7.7 bits]
				[allineato_al_centro_verticale requires 7.7 bits]
				[allineato_al_centro_orizzontale requires 7.7 bits]
				[altezza_pagina requires 4.4 bits]
				[larghezza_pagina requires 4.4 bits]
				[altezza_rettangolo requires 5.4 bits]
				[ascissa_rettangolo requires 5.4 bits]
				[ordinata_rettangolo requires 5.4 bits]
				[larghezza_rettangolo requires 5.4 bits]
				[numero_pagine requires 4.4 bits]

No literals

Recover to class_svln(A) :- pagina_1(A,B), frame(B,C), tipo_misto(C), to_right(D,C), on_top(D,C), tipo_testo(D), to_right(D,E).



State (34/420 [2/12], 4.2 bits available, 1 weak literal)

				[= tried 3/3] 0.2 secs
				[tipo_testo tried 2/3] 0.2 secs
				[tipo_linea_orizzontale tried 3/3] 0.2 secs
				[tipo_misto tried 2/3] 0.2 secs
				[tipo_linea_obbliqua tried 3/3] 0.2 secs
				[tipo_immagine tried 3/3] 0.2 secs
				[tipo_vuoto tried 3/3] 0.2 secs
				[ultima_pagina tried 1/1] 0.2 secs
				[frame tried 5/6] 0.2 secs
				[pagina_1 tried 2/3] 0.2 secs
				[on_top requires 7.7 bits]
				[to_right requires 7.7 bits]
				[allineato_al_centro_verticale requires 7.7 bits]
				[allineato_al_centro_orizzontale requires 7.7 bits]
				[altezza_pagina tried 1/1] 0.2 secs
				[larghezza_pagina tried 1/1] 0.2 secs
				[altezza_rettangolo tried 2/2] 0.2 secs
				[ascissa_rettangolo tried 2/2] 0.2 secs
				[ordinata_rettangolo tried 2/2] 0.2 secs
				[larghezza_rettangolo tried 2/2] 0.2 secs
				[numero_pagine tried 1/1] 0.2 secs

	Save tipo_misto(E) (2,12 value 7.8)

Best literal C=E (7.0 bits)
		Note C=E

State (11/67 [2/12], 0.1 bits available)

				[= requires 5.4 bits]
				[tipo_testo requires 5.4 bits]
				[tipo_linea_orizzontale requires 5.4 bits]
				[tipo_misto requires 5.4 bits]
				[tipo_linea_obbliqua requires 5.4 bits]
				[tipo_immagine requires 5.4 bits]
				[tipo_vuoto requires 5.4 bits]
				[ultima_pagina requires 4.4 bits]
				[frame requires 6.7 bits]
				[pagina_1 requires 6.0 bits]
				[on_top requires 7.0 bits]
				[to_right requires 7.0 bits]
				[allineato_al_centro_verticale requires 7.0 bits]
				[allineato_al_centro_orizzontale requires 7.0 bits]
				[altezza_pagina requires 4.4 bits]
				[larghezza_pagina requires 4.4 bits]
				[altezza_rettangolo requires 5.4 bits]
				[ascissa_rettangolo requires 5.4 bits]
				[ordinata_rettangolo requires 5.4 bits]
				[larghezza_rettangolo requires 5.4 bits]
				[numero_pagine requires 4.4 bits]

No literals

Recover to class_svln(A) :- pagina_1(A,B), frame(B,C), tipo_misto(C), to_right(D,C), on_top(D,C), tipo_testo(D), frame(B,E), D=E.
		Note D=E
		Note D=E

State (11/67 [2/12], 0.3 bits available)

				[= requires 5.4 bits]
				[tipo_testo requires 5.4 bits]
				[tipo_linea_orizzontale requires 5.4 bits]
				[tipo_misto requires 5.4 bits]
				[tipo_linea_obbliqua requires 5.4 bits]
				[tipo_immagine requires 5.4 bits]
				[tipo_vuoto requires 5.4 bits]
				[ultima_pagina requires 4.4 bits]
				[frame requires 6.7 bits]
				[pagina_1 requires 6.0 bits]
				[on_top requires 7.0 bits]
				[to_right requires 7.0 bits]
				[allineato_al_centro_verticale requires 7.0 bits]
				[allineato_al_centro_orizzontale requires 7.0 bits]
				[altezza_pagina requires 4.4 bits]
				[larghezza_pagina requires 4.4 bits]
				[altezza_rettangolo requires 5.4 bits]
				[ascissa_rettangolo requires 5.4 bits]
				[ordinata_rettangolo requires 5.4 bits]
				[larghezza_rettangolo requires 5.4 bits]
				[numero_pagine requires 4.4 bits]

No literals

Recover to class_svln(A) :- pagina_1(A,B), frame(B,C), tipo_misto(C), to_right(D,C), on_top(D,C), tipo_testo(D), on_top(D,E), tipo_misto(E).



State (11/75 [2/12], 1.1 bits available)

				[= requires 7.0 bits]
				[tipo_testo requires 6.0 bits]
				[tipo_linea_orizzontale requires 6.0 bits]
				[tipo_misto requires 6.0 bits]
				[tipo_linea_obbliqua requires 6.0 bits]
				[tipo_immagine requires 6.0 bits]
				[tipo_vuoto requires 6.0 bits]
				[ultima_pagina requires 4.4 bits]
				[frame requires 7.0 bits]
				[pagina_1 requires 6.0 bits]
				[on_top requires 7.7 bits]
				[to_right requires 7.7 bits]
				[allineato_al_centro_verticale requires 7.7 bits]
				[allineato_al_centro_orizzontale requires 7.7 bits]
				[altezza_pagina requires 4.4 bits]
				[larghezza_pagina requires 4.4 bits]
				[altezza_rettangolo requires 5.4 bits]
				[ascissa_rettangolo requires 5.4 bits]
				[ordinata_rettangolo requires 5.4 bits]
				[larghezza_rettangolo requires 5.4 bits]
				[numero_pagine requires 4.4 bits]

No literals

Recover to class_svln(A) :- pagina_1(A,B), frame(B,C), tipo_misto(C), to_right(D,C), on_top(D,C), tipo_testo(D), to_right(D,E), tipo_misto(E).
		Note C=E
		Note C=E

State (11/67 [2/12], 1.1 bits available)

				[= requires 5.4 bits]
				[tipo_testo requires 5.4 bits]
				[tipo_linea_orizzontale requires 5.4 bits]
				[tipo_misto requires 5.4 bits]
				[tipo_linea_obbliqua requires 5.4 bits]
				[tipo_immagine requires 5.4 bits]
				[tipo_vuoto requires 5.4 bits]
				[ultima_pagina requires 4.4 bits]
				[frame requires 6.7 bits]
				[pagina_1 requires 6.0 bits]
				[on_top requires 7.0 bits]
				[to_right requires 7.0 bits]
				[allineato_al_centro_verticale requires 7.0 bits]
				[allineato_al_centro_orizzontale requires 7.0 bits]
				[altezza_pagina requires 4.4 bits]
				[larghezza_pagina requires 4.4 bits]
				[altezza_rettangolo requires 5.4 bits]
				[ascissa_rettangolo requires 5.4 bits]
				[ordinata_rettangolo requires 5.4 bits]
				[larghezza_rettangolo requires 5.4 bits]
				[numero_pagine requires 4.4 bits]

No literals

Initial clause (10 errs): class_svln(A) :- pagina_1(A,B), frame(B,C), tipo_misto(C), to_right(D,C), on_top(D,C), tipo_testo(D), to_right(D,E), tipo_misto(E).
	Insert literal C=E
		frame(B,C) needed for binding tipo_misto(C)
		pagina_1(A,B) needed for binding frame(B,C)

Clause too inaccurate (2/12)

Delete clause
	class_svln(A) :- pagina_1(A,B), frame(B,C), tipo_misto(C), on_top(D,C), allineato_al_centro_verticale(D,E), to_right(E,D), on_top(E,D), to_right(E,F), to_right(F,C), on_top(D,F).

***  Warning: the following definition
***  matches 2 tuples not in the relation
***  does not cover 3 tuples in the relation

class_svln(A) :- pagina_1(A,B), frame(B,C), tipo_misto(C), on_top(D,C), to_right(D,C), allineato_al_centro_verticale(D,E), to_right(E,D), on_top(E,D), to_right(F,D), allineato_al_centro_verticale(E,F).
class_svln(A) :- pagina_1(A,B), frame(B,C), tipo_misto(C), on_top(D,C), to_right(E,C), to_right(D,E), on_top(D,E), tipo_testo(D), allineato_al_centro_verticale(D,F), to_right(F,C), allineato_al_centro_verticale(F,E), on_top(F,E).
class_svln(A) :- pagina_1(A,B), frame(B,C), tipo_misto(C), on_top(D,C), to_right(D,C), on_top(E,C), to_right(E,D), allineato_al_centro_verticale(D,E), to_right(C,F).
class_svln(A) :- pagina_1(A,B), frame(B,C), tipo_linea_obbliqua(C), frame(B,D), allineato_al_centro_verticale(D,E), on_top(D,C), to_right(D,E).

Time 0.2 secs

Test relation class_svln
    (+)	d37290368
Summary: 1 error in 35 trials
