FOIL 6.4   [January 1996]
--------

    Options:
	no negated literals
	verbosity level 2

Types Documento and Pagina are not compatible
Types Documento and Frame are not compatible
Types Documento and NumeroPagine are not compatible
Types Documento and LarghezzaPagina are not compatible
Types Documento and AltezzaPagina are not compatible
Types Documento and AscissaRettangolo are not compatible
Types Documento and OrdinataRettangolo are not compatible
Types Documento and LarghezzaRettangolo are not compatible
Types Documento and AltezzaRettangolo are not compatible
Types Pagina and Frame are not compatible
Types Pagina and NumeroPagine are not compatible
Types Pagina and LarghezzaPagina are not compatible
Types Pagina and AltezzaPagina are not compatible
Types Pagina and AscissaRettangolo are not compatible
Types Pagina and OrdinataRettangolo are not compatible
Types Pagina and LarghezzaRettangolo are not compatible
Types Pagina and AltezzaRettangolo are not compatible
Types Frame and NumeroPagine are not compatible
Types Frame and LarghezzaPagina are not compatible
Types Frame and AltezzaPagina are not compatible
Types Frame and AscissaRettangolo are not compatible
Types Frame and OrdinataRettangolo are not compatible
Types Frame and LarghezzaRettangolo are not compatible
Types Frame and AltezzaRettangolo are not compatible
Types NumeroPagine and LarghezzaPagina are not compatible
Types NumeroPagine and AltezzaPagina are not compatible
Types NumeroPagine and AscissaRettangolo are not compatible
Types NumeroPagine and OrdinataRettangolo are not compatible
Types NumeroPagine and LarghezzaRettangolo are not compatible
Types NumeroPagine and AltezzaRettangolo are not compatible
Types LarghezzaPagina and AltezzaPagina are not compatible
Types LarghezzaPagina and AscissaRettangolo are not compatible
Types LarghezzaPagina and OrdinataRettangolo are not compatible
Types LarghezzaPagina and LarghezzaRettangolo are not compatible
Types LarghezzaPagina and AltezzaRettangolo are not compatible
Types AltezzaPagina and AscissaRettangolo are not compatible
Types AltezzaPagina and OrdinataRettangolo are not compatible
Types AltezzaPagina and LarghezzaRettangolo are not compatible
Types AltezzaPagina and AltezzaRettangolo are not compatible
Types AscissaRettangolo and OrdinataRettangolo are not compatible
Types AscissaRettangolo and LarghezzaRettangolo are not compatible
Types AscissaRettangolo and AltezzaRettangolo are not compatible
Types OrdinataRettangolo and LarghezzaRettangolo are not compatible
Types OrdinataRettangolo and AltezzaRettangolo are not compatible
Types LarghezzaRettangolo and AltezzaRettangolo are not compatible

Relation class_svln

Relation *allineato_al_centro_orizzontale

Relation *allineato_al_centro_verticale

Relation *altezza_pagina

Relation *larghezza_pagina

Relation *altezza_rettangolo

Relation *ascissa_rettangolo

Relation *ordinata_rettangolo

Relation *larghezza_rettangolo

Relation *frame

Relation *numero_pagine

Relation *on_top

Relation *to_right

Relation *pagina_1

Relation *ultima_pagina

Relation *tipo_immagine

Relation *tipo_linea_obbliqua

Relation *tipo_linea_orizzontale

Relation *tipo_misto

Relation *tipo_testo

Relation *tipo_vuoto

----------
class_svln:

State (63/318, 255.8 bits available)

				[pagina_1 tried 1/1] 0.1 secs
				[numero_pagine tried 1/1] 0.1 secs

Determinate literals
	pagina_1(A,B)


State (63/318, 255.8 bits available, 1 weak literal)

				[ultima_pagina tried 1/1] 0.1 secs
				[frame tried 1/1] 0.1 secs
				[pagina_1 tried 1/3] 0.1 secs
				[altezza_pagina tried 1/1] 0.1 secs
				[larghezza_pagina tried 1/1] 0.1 secs
				[numero_pagine tried 1/1] 0.1 secs

Best literal frame(B,C) (2.6 bits)


State (500/3451 [63/318], 253.2 bits available, 2 weak literals)

				[tipo_testo tried 1/1] 0.1 secs
				[tipo_linea_orizzontale tried 1/1] 0.1 secs
				[tipo_misto tried 1/1] 0.1 secs
				[tipo_linea_obbliqua tried 1/1] 0.1 secs
				[tipo_immagine tried 1/1] 0.1 secs
				[tipo_vuoto tried 1/1] 0.1 secs
				[ultima_pagina tried 1/1] 0.1 secs
				[frame tried 1/3] 0.1 secs
				[pagina_1 tried 2/3] 0.1 secs
				[on_top tried 2/2] 0.1 secs
				[to_right tried 2/2] 0.1 secs
				[allineato_al_centro_verticale tried 2/2] 0.1 secs
				[allineato_al_centro_orizzontale tried 2/2] 0.1 secs
				[altezza_pagina tried 1/1] 0.1 secs
				[larghezza_pagina tried 1/1] 0.1 secs
				[altezza_rettangolo tried 1/1] 0.1 secs
				[ascissa_rettangolo tried 1/1] 0.1 secs
				[ordinata_rettangolo tried 1/1] 0.1 secs
				[larghezza_rettangolo tried 1/1] 0.1 secs
				[numero_pagine tried 1/1] 0.1 secs

Best literal tipo_misto(C) (4.3 bits)


State (110/212 [62/144], 247.6 bits available)

				[tipo_testo tried 1/1] 0.1 secs
				[tipo_linea_orizzontale tried 1/1] 0.1 secs
				[tipo_misto tried 0/1] 0.1 secs
				[tipo_linea_obbliqua tried 1/1] 0.1 secs
				[tipo_immagine tried 1/1] 0.1 secs
				[tipo_vuoto tried 1/1] 0.1 secs
				[ultima_pagina tried 1/1] 0.1 secs
				[frame tried 2/3] 0.1 secs
				[pagina_1 tried 2/3] 0.1 secs
				[on_top tried 2/2] 0.1 secs
				[to_right tried 2/2] 0.1 secs
				[allineato_al_centro_verticale tried 2/2] 0.1 secs
				[allineato_al_centro_orizzontale tried 2/2] 0.1 secs
				[altezza_pagina tried 1/1] 0.1 secs
				[larghezza_pagina tried 1/1] 0.1 secs
				[altezza_rettangolo tried 1/1] 0.1 secs
				[ascissa_rettangolo tried 1/1] 0.1 secs
				[ordinata_rettangolo tried 1/1] 0.1 secs
				[larghezza_rettangolo tried 1/1] 0.1 secs
				[numero_pagine tried 1/1] 0.1 secs

Best literal on_top(D,C) (5.3 bits)


State (698/1036 [62/109], 243.9 bits available)

				[= tried 1/1] 0.1 secs
				[tipo_testo tried 2/2] 0.1 secs
				[tipo_linea_orizzontale tried 2/2] 0.1 secs
				[tipo_misto tried 1/2] 0.1 secs
				[tipo_linea_obbliqua tried 2/2] 0.1 secs
				[tipo_immagine tried 2/2] 0.1 secs
				[tipo_vuoto tried 2/2] 0.1 secs
				[ultima_pagina tried 1/1] 0.1 secs
				[frame tried 4/5] 0.1 secs
				[pagina_1 tried 2/3] 0.1 secs
				[on_top tried 4/6] 0.1 secs
				[to_right tried 6/6] 0.1 secs
				[allineato_al_centro_verticale tried 6/6] 0.1 secs
				[allineato_al_centro_orizzontale tried 4/6] 0.1 secs
				[altezza_pagina tried 1/1] 0.1 secs
				[larghezza_pagina tried 1/1] 0.1 secs
				[altezza_rettangolo tried 2/2] 0.1 secs
				[ascissa_rettangolo tried 2/2] 0.1 secs
				[ordinata_rettangolo tried 2/2] 0.1 secs
				[larghezza_rettangolo tried 2/2] 0.1 secs
				[numero_pagine tried 1/1] 0.1 secs

	Save to_right(E,C) (59,82 value 109.1)

Best literal to_right(D,C) (7.0 bits)


State (348/407 [59/81], 232.1 bits available)

				[= tried 1/1] 0.1 secs
				[tipo_testo tried 2/2] 0.1 secs
				[tipo_linea_orizzontale tried 2/2] 0.1 secs
				[tipo_misto tried 1/2] 0.1 secs
				[tipo_linea_obbliqua tried 2/2] 0.1 secs
				[tipo_immagine tried 2/2] 0.1 secs
				[tipo_vuoto tried 2/2] 0.1 secs
				[ultima_pagina tried 1/1] 0.1 secs
				[frame tried 4/5] 0.1 secs
				[pagina_1 tried 2/3] 0.1 secs
				[on_top tried 4/6] 0.1 secs
				[to_right tried 5/6] 0.1 secs
				[allineato_al_centro_verticale tried 5/6] 0.1 secs
				[allineato_al_centro_orizzontale tried 4/6] 0.1 secs
				[altezza_pagina tried 1/1] 0.1 secs
				[larghezza_pagina tried 1/1] 0.1 secs
				[altezza_rettangolo tried 2/2] 0.1 secs
				[ascissa_rettangolo tried 2/2] 0.1 secs
				[ordinata_rettangolo tried 2/2] 0.1 secs
				[larghezza_rettangolo tried 2/2] 0.1 secs
				[numero_pagine tried 1/1] 0.1 secs

	Save clause ending with tipo_testo(D) (cover 59, accuracy 88%)

	Save allineato_al_centro_verticale(E,D) (59,75 value 116.6)

Best literal allineato_al_centro_verticale(D,E) (7.0 bits)


State (738/814 [59/72], 227.4 bits available)

				[= tried 3/3] 0.1 secs
				[tipo_testo tried 3/3] 0.1 secs
				[tipo_linea_orizzontale tried 3/3] 0.1 secs
				[tipo_misto tried 2/3] 0.1 secs
				[tipo_linea_obbliqua tried 3/3] 0.1 secs
				[tipo_immagine tried 3/3] 0.1 secs
				[tipo_vuoto tried 3/3] 0.1 secs
				[ultima_pagina tried 1/1] 0.1 secs
				[frame tried 5/6] 0.1 secs
				[pagina_1 tried 2/3] 0.1 secs
				[on_top tried 7/10] 0.1 secs
				[to_right tried 9/10] 0.1 secs
				[allineato_al_centro_verticale tried 6/10] 0.1 secs
				[allineato_al_centro_orizzontale tried 6/10] 0.1 secs
				[altezza_pagina tried 1/1] 0.1 secs
				[larghezza_pagina tried 1/1] 0.1 secs
				[altezza_rettangolo tried 2/2] 0.1 secs
				[ascissa_rettangolo tried 2/2] 0.1 secs
				[ordinata_rettangolo tried 2/2] 0.1 secs
				[larghezza_rettangolo tried 2/2] 0.1 secs
				[numero_pagine tried 1/1] 0.1 secs

	Save clause ending with to_right(E,D) (cover 54, accuracy 94%)

Best literal to_right(E,D) (7.7 bits)


State (199/205 [54/57], 210.2 bits available)

				[= tried 3/3] 0.1 secs
				[tipo_testo tried 3/3] 0.1 secs
				[tipo_linea_orizzontale tried 3/3] 0.1 secs
				[tipo_misto tried 2/3] 0.1 secs
				[tipo_linea_obbliqua tried 3/3] 0.1 secs
				[tipo_immagine tried 3/3] 0.1 secs
				[tipo_vuoto tried 3/3] 0.1 secs
				[ultima_pagina tried 1/1] 0.1 secs
				[frame tried 5/6] 0.1 secs
				[pagina_1 tried 2/3] 0.1 secs
				[on_top tried 9/10] 0.1 secs
				[to_right tried 8/10] 0.1 secs
				[allineato_al_centro_verticale tried 7/10] 0.1 secs
				[allineato_al_centro_orizzontale tried 6/10] 0.1 secs
				[altezza_pagina tried 1/1] 0.1 secs
				[larghezza_pagina tried 1/1] 0.1 secs
				[altezza_rettangolo tried 2/2] 0.1 secs
				[ascissa_rettangolo tried 2/2] 0.1 secs
				[ordinata_rettangolo tried 2/2] 0.1 secs
				[larghezza_rettangolo tried 2/2] 0.1 secs
				[numero_pagine tried 1/1] 0.1 secs

	Save clause ending with on_top(E,C) (cover 54, accuracy 96%)

Best literal on_top(E,C) (7.7 bits)


State (199/204 [54/56], 205.3 bits available)

				[= tried 3/3] 0.1 secs
				[tipo_testo tried 3/3] 0.1 secs
				[tipo_linea_orizzontale tried 3/3] 0.1 secs
				[tipo_misto tried 2/3] 0.1 secs
				[tipo_linea_obbliqua tried 3/3] 0.1 secs
				[tipo_immagine tried 3/3] 0.1 secs
				[tipo_vuoto tried 3/3] 0.1 secs
				[ultima_pagina tried 1/1] 0.1 secs
				[frame tried 5/6] 0.1 secs
				[pagina_1 tried 2/3] 0.1 secs
				[on_top tried 8/10] 0.1 secs
				[to_right tried 8/10] 0.1 secs
				[allineato_al_centro_verticale tried 7/10] 0.1 secs
				[allineato_al_centro_orizzontale tried 6/10] 0.1 secs
				[altezza_pagina tried 1/1] 0.1 secs
				[larghezza_pagina tried 1/1] 0.1 secs
				[altezza_rettangolo tried 2/2] 0.1 secs
				[ascissa_rettangolo tried 2/2] 0.1 secs
				[ordinata_rettangolo tried 2/2] 0.1 secs
				[larghezza_rettangolo tried 2/2] 0.1 secs
				[numero_pagine tried 1/1] 0.1 secs

Best literal on_top(D,E) (7.7 bits)


State (125/128 [50/52], 190.2 bits available)

				[= tried 3/3] 0.1 secs
				[tipo_testo tried 3/3] 0.1 secs
				[tipo_linea_orizzontale tried 3/3] 0.1 secs
				[tipo_misto tried 2/3] 0.1 secs
				[tipo_linea_obbliqua tried 3/3] 0.1 secs
				[tipo_immagine tried 3/3] 0.1 secs
				[tipo_vuoto tried 3/3] 0.1 secs
				[ultima_pagina tried 1/1] 0.1 secs
				[frame tried 5/6] 0.1 secs
				[pagina_1 tried 2/3] 0.1 secs
				[on_top tried 7/10] 0.1 secs
				[to_right tried 8/10] 0.1 secs
				[allineato_al_centro_verticale tried 7/10] 0.1 secs
				[allineato_al_centro_orizzontale tried 6/10] 0.1 secs
				[altezza_pagina tried 1/1] 0.1 secs
				[larghezza_pagina tried 1/1] 0.1 secs
				[altezza_rettangolo tried 2/2] 0.1 secs
				[ascissa_rettangolo tried 2/2] 0.1 secs
				[ordinata_rettangolo tried 2/2] 0.1 secs
				[larghezza_rettangolo tried 2/2] 0.1 secs
				[numero_pagine tried 1/1] 0.1 secs

Best literal tipo_testo(E) (6.0 bits)


State (88/90 [46/48], 176.5 bits available)

				[= tried 3/3] 0.1 secs
				[tipo_testo tried 2/3] 0.1 secs
				[tipo_linea_orizzontale tried 3/3] 0.1 secs
				[tipo_misto tried 2/3] 0.1 secs
				[tipo_linea_obbliqua tried 3/3] 0.1 secs
				[tipo_immagine tried 3/3] 0.1 secs
				[tipo_vuoto tried 3/3] 0.1 secs
				[ultima_pagina tried 1/1] 0.1 secs
				[frame tried 5/6] 0.1 secs
				[pagina_1 tried 2/3] 0.1 secs
				[on_top tried 7/10] 0.1 secs
				[to_right tried 8/10] 0.1 secs
				[allineato_al_centro_verticale tried 9/10] 0.1 secs
				[allineato_al_centro_orizzontale tried 6/10] 0.1 secs
				[altezza_pagina tried 1/1] 0.1 secs
				[larghezza_pagina tried 1/1] 0.1 secs
				[altezza_rettangolo tried 2/2] 0.1 secs
				[ascissa_rettangolo tried 2/2] 0.1 secs
				[ordinata_rettangolo tried 2/2] 0.1 secs
				[larghezza_rettangolo tried 2/2] 0.1 secs
				[numero_pagine tried 1/1] 0.1 secs

	Save clause ending with to_right(C,F) (cover 45, accuracy 97%)

	Save on_top(D,F) (46,48 value 103.8)
	Save on_top(F,C) (46,48 value 103.8)
	Save on_top(F,D) (44,46 value 99.2)
	Save to_right(C,F) (45,46 value 102.9)

Best literal frame(B,F) (7.0 bits)


State (708/733 [46/48], 172.9 bits available, 1 weak literal)

				[= tried 6/6] 0.1 secs
				[tipo_testo tried 3/4] 0.1 secs
				[tipo_linea_orizzontale tried 4/4] 0.1 secs
				[tipo_misto tried 3/4] 0.1 secs
				[tipo_linea_obbliqua tried 4/4] 0.1 secs
				[tipo_immagine tried 4/4] 0.1 secs
				[tipo_vuoto tried 4/4] 0.1 secs
				[ultima_pagina tried 1/1] 0.1 secs
				[frame tried 5/8] 0.1 secs
				[pagina_1 tried 2/3] 0.1 secs
				[on_top tried 15/18] 0.1 secs
				[to_right tried 16/18] 0.1 secs
				[allineato_al_centro_verticale tried 14/18] 0.1 secs
				[allineato_al_centro_orizzontale tried 9/18] 0.1 secs
				[altezza_pagina tried 1/1] 0.1 secs
				[larghezza_pagina tried 1/1] 0.1 secs
				[altezza_rettangolo tried 3/3] 0.1 secs
				[ascissa_rettangolo tried 3/3] 0.1 secs
				[ordinata_rettangolo tried 3/3] 0.1 secs
				[larghezza_rettangolo tried 3/3] 0.1 secs
				[numero_pagine tried 1/1] 0.1 secs

	Save clause ending with to_right(F,E) (cover 27, accuracy 100%)

	Save allineato_al_centro_verticale(D,F) (46,48 value 103.8)

Best literal to_right(F,E) (8.6 bits)

Initial clause (0 errs): class_svln(A) :- pagina_1(A,B), frame(B,C), tipo_misto(C), on_top(D,C), to_right(D,C), allineato_al_centro_verticale(D,E), to_right(E,D), on_top(E,C), on_top(D,E), tipo_testo(E), frame(B,F), to_right(F,E).
		frame(B,C) needed for binding tipo_misto(C)
		pagina_1(A,B) needed for binding frame(B,C)

Clause 0: class_svln(A) :- pagina_1(A,B), frame(B,C), tipo_misto(C), on_top(D,C), to_right(D,C), allineato_al_centro_verticale(D,E), to_right(E,D), to_right(F,E).

State (34/289, 176.6 bits available)

				[pagina_1 tried 1/1] 0.1 secs
				[numero_pagine tried 1/1] 0.1 secs

Determinate literals
	pagina_1(A,B)


State (34/289, 176.6 bits available, 1 weak literal)

				[ultima_pagina tried 1/1] 0.1 secs
				[frame tried 1/1] 0.1 secs
				[pagina_1 tried 1/3] 0.1 secs
				[altezza_pagina tried 1/1] 0.1 secs
				[larghezza_pagina tried 1/1] 0.1 secs
				[numero_pagine tried 1/1] 0.1 secs

Best literal frame(B,C) (2.6 bits)


State (269/3220 [34/289], 174.0 bits available, 2 weak literals)

				[tipo_testo tried 1/1] 0.1 secs
				[tipo_linea_orizzontale tried 1/1] 0.1 secs
				[tipo_misto tried 1/1] 0.1 secs
				[tipo_linea_obbliqua tried 1/1] 0.1 secs
				[tipo_immagine tried 1/1] 0.1 secs
				[tipo_vuoto tried 1/1] 0.1 secs
				[ultima_pagina tried 1/1] 0.1 secs
				[frame tried 1/3] 0.1 secs
				[pagina_1 tried 2/3] 0.1 secs
				[on_top tried 2/2] 0.1 secs
				[to_right tried 2/2] 0.1 secs
				[allineato_al_centro_verticale tried 2/2] 0.1 secs
				[allineato_al_centro_orizzontale tried 2/2] 0.1 secs
				[altezza_pagina tried 1/1] 0.1 secs
				[larghezza_pagina tried 1/1] 0.1 secs
				[altezza_rettangolo tried 1/1] 0.1 secs
				[ascissa_rettangolo tried 1/1] 0.1 secs
				[ordinata_rettangolo tried 1/1] 0.1 secs
				[larghezza_rettangolo tried 1/1] 0.1 secs
				[numero_pagine tried 1/1] 0.1 secs

Best literal tipo_misto(C) (4.3 bits)


State (56/158 [33/115], 167.3 bits available)

				[tipo_testo tried 1/1] 0.1 secs
				[tipo_linea_orizzontale tried 1/1] 0.1 secs
				[tipo_misto tried 0/1] 0.1 secs
				[tipo_linea_obbliqua tried 1/1] 0.1 secs
				[tipo_immagine tried 1/1] 0.1 secs
				[tipo_vuoto tried 1/1] 0.1 secs
				[ultima_pagina tried 1/1] 0.1 secs
				[frame tried 2/3] 0.1 secs
				[pagina_1 tried 2/3] 0.1 secs
				[on_top tried 2/2] 0.1 secs
				[to_right tried 2/2] 0.1 secs
				[allineato_al_centro_verticale tried 2/2] 0.1 secs
				[allineato_al_centro_orizzontale tried 2/2] 0.1 secs
				[altezza_pagina tried 1/1] 0.1 secs
				[larghezza_pagina tried 1/1] 0.1 secs
				[altezza_rettangolo tried 1/1] 0.1 secs
				[ascissa_rettangolo tried 1/1] 0.1 secs
				[ordinata_rettangolo tried 1/1] 0.1 secs
				[larghezza_rettangolo tried 1/1] 0.1 secs
				[numero_pagine tried 1/1] 0.1 secs

Best literal on_top(D,C) (5.3 bits)


State (361/699 [33/80], 163.5 bits available)

				[= tried 1/1] 0.1 secs
				[tipo_testo tried 2/2] 0.1 secs
				[tipo_linea_orizzontale tried 2/2] 0.1 secs
				[tipo_misto tried 1/2] 0.1 secs
				[tipo_linea_obbliqua tried 2/2] 0.1 secs
				[tipo_immagine tried 2/2] 0.1 secs
				[tipo_vuoto tried 2/2] 0.1 secs
				[ultima_pagina tried 1/1] 0.1 secs
				[frame tried 4/5] 0.1 secs
				[pagina_1 tried 2/3] 0.1 secs
				[on_top tried 4/6] 0.1 secs
				[to_right tried 6/6] 0.1 secs
				[allineato_al_centro_verticale tried 6/6] 0.1 secs
				[allineato_al_centro_orizzontale tried 4/6] 0.1 secs
				[altezza_pagina tried 1/1] 0.1 secs
				[larghezza_pagina tried 1/1] 0.1 secs
				[altezza_rettangolo tried 2/2] 0.1 secs
				[ascissa_rettangolo tried 2/2] 0.1 secs
				[ordinata_rettangolo tried 2/2] 0.1 secs
				[larghezza_rettangolo tried 2/2] 0.1 secs
				[numero_pagine tried 1/1] 0.1 secs

	Save to_right(E,C) (30,53 value 67.5)

Best literal to_right(D,C) (7.0 bits)


State (171/230 [30/52], 148.1 bits available)

				[= tried 1/1] 0.1 secs
				[tipo_testo tried 2/2] 0.1 secs
				[tipo_linea_orizzontale tried 2/2] 0.1 secs
				[tipo_misto tried 1/2] 0.1 secs
				[tipo_linea_obbliqua tried 2/2] 0.1 secs
				[tipo_immagine tried 2/2] 0.1 secs
				[tipo_vuoto tried 2/2] 0.1 secs
				[ultima_pagina tried 1/1] 0.1 secs
				[frame tried 4/5] 0.1 secs
				[pagina_1 tried 2/3] 0.1 secs
				[on_top tried 4/6] 0.1 secs
				[to_right tried 5/6] 0.1 secs
				[allineato_al_centro_verticale tried 5/6] 0.1 secs
				[allineato_al_centro_orizzontale tried 4/6] 0.1 secs
				[altezza_pagina tried 1/1] 0.1 secs
				[larghezza_pagina tried 1/1] 0.1 secs
				[altezza_rettangolo tried 2/2] 0.1 secs
				[ascissa_rettangolo tried 2/2] 0.1 secs
				[ordinata_rettangolo tried 2/2] 0.1 secs
				[larghezza_rettangolo tried 2/2] 0.1 secs
				[numero_pagine tried 1/1] 0.1 secs

	Save allineato_al_centro_verticale(E,D) (30,46 value 73.5)

Best literal allineato_al_centro_verticale(D,E) (7.0 bits)


State (368/444 [30/43], 143.5 bits available)

				[= tried 3/3] 0.1 secs
				[tipo_testo tried 3/3] 0.1 secs
				[tipo_linea_orizzontale tried 3/3] 0.1 secs
				[tipo_misto tried 2/3] 0.1 secs
				[tipo_linea_obbliqua tried 3/3] 0.1 secs
				[tipo_immagine tried 3/3] 0.1 secs
				[tipo_vuoto tried 3/3] 0.1 secs
				[ultima_pagina tried 1/1] 0.1 secs
				[frame tried 5/6] 0.1 secs
				[pagina_1 tried 2/3] 0.1 secs
				[on_top tried 7/10] 0.1 secs
				[to_right tried 9/10] 0.1 secs
				[allineato_al_centro_verticale tried 6/10] 0.1 secs
				[allineato_al_centro_orizzontale tried 6/10] 0.1 secs
				[altezza_pagina tried 1/1] 0.1 secs
				[larghezza_pagina tried 1/1] 0.1 secs
				[altezza_rettangolo tried 2/2] 0.1 secs
				[ascissa_rettangolo tried 2/2] 0.1 secs
				[ordinata_rettangolo tried 2/2] 0.1 secs
				[larghezza_rettangolo tried 2/2] 0.1 secs
				[numero_pagine tried 1/1] 0.1 secs

	Save clause ending with to_right(E,D) (cover 25, accuracy 89%)

	Save on_top(E,C) (30,38 value 81.6)
	Save on_top(E,D) (29,36 value 79.7)

Best literal to_right(E,D) (7.7 bits)


State (84/90 [25/28], 119.8 bits available)

				[= tried 3/3] 0.1 secs
				[tipo_testo tried 3/3] 0.1 secs
				[tipo_linea_orizzontale tried 3/3] 0.1 secs
				[tipo_misto tried 2/3] 0.1 secs
				[tipo_linea_obbliqua tried 3/3] 0.1 secs
				[tipo_immagine tried 3/3] 0.1 secs
				[tipo_vuoto tried 3/3] 0.1 secs
				[ultima_pagina tried 1/1] 0.1 secs
				[frame tried 5/6] 0.1 secs
				[pagina_1 tried 2/3] 0.1 secs
				[on_top tried 9/10] 0.1 secs
				[to_right tried 8/10] 0.1 secs
				[allineato_al_centro_verticale tried 7/10] 0.1 secs
				[allineato_al_centro_orizzontale tried 6/10] 0.1 secs
				[altezza_pagina tried 1/1] 0.1 secs
				[larghezza_pagina tried 1/1] 0.1 secs
				[altezza_rettangolo tried 2/2] 0.1 secs
				[ascissa_rettangolo tried 2/2] 0.1 secs
				[ordinata_rettangolo tried 2/2] 0.1 secs
				[larghezza_rettangolo tried 2/2] 0.1 secs
				[numero_pagine tried 1/1] 0.1 secs

	Save clause ending with on_top(E,C) (cover 25, accuracy 92%)

	Save on_top(E,C) (25,27 value 73.6)

Best literal on_top(E,D) (7.7 bits)


State (44/46 [21/23], 98.8 bits available)

				[= tried 3/3] 0.1 secs
				[tipo_testo tried 3/3] 0.1 secs
				[tipo_linea_orizzontale tried 3/3] 0.1 secs
				[tipo_misto tried 2/3] 0.1 secs
				[tipo_linea_obbliqua tried 3/3] 0.1 secs
				[tipo_immagine tried 3/3] 0.1 secs
				[tipo_vuoto tried 3/3] 0.1 secs
				[ultima_pagina tried 1/1] 0.1 secs
				[frame tried 5/6] 0.1 secs
				[pagina_1 tried 2/3] 0.1 secs
				[on_top tried 8/10] 0.1 secs
				[to_right tried 8/10] 0.1 secs
				[allineato_al_centro_verticale tried 7/10] 0.1 secs
				[allineato_al_centro_orizzontale tried 6/10] 0.1 secs
				[altezza_pagina tried 1/1] 0.1 secs
				[larghezza_pagina tried 1/1] 0.1 secs
				[altezza_rettangolo tried 2/2] 0.1 secs
				[ascissa_rettangolo tried 2/2] 0.1 secs
				[ordinata_rettangolo tried 2/2] 0.1 secs
				[larghezza_rettangolo tried 2/2] 0.1 secs
				[numero_pagine tried 1/1] 0.1 secs

	Save clause ending with to_right(C,F) (cover 20, accuracy 95%)

	Save on_top(D,F) (21,23 value 61.4)
	Save on_top(F,C) (21,23 value 61.4)
	Save on_top(F,D) (21,23 value 61.4)
	Save to_right(C,F) (20,21 value 59.7)

Best literal frame(B,F) (7.0 bits)


State (348/373 [21/23], 94.8 bits available, 1 weak literal)

				[= tried 6/6] 0.1 secs
				[tipo_testo tried 4/4] 0.1 secs
				[tipo_linea_orizzontale tried 4/4] 0.1 secs
				[tipo_misto tried 3/4] 0.1 secs
				[tipo_linea_obbliqua tried 4/4] 0.1 secs
				[tipo_immagine tried 4/4] 0.1 secs
				[tipo_vuoto tried 4/4] 0.1 secs
				[ultima_pagina tried 1/1] 0.1 secs
				[frame tried 5/8] 0.1 secs
				[pagina_1 tried 2/3] 0.1 secs
				[on_top tried 13/18] 0.1 secs
				[to_right tried 16/18] 0.1 secs
				[allineato_al_centro_verticale tried 14/18] 0.1 secs
				[allineato_al_centro_orizzontale tried 9/18] 0.1 secs
				[altezza_pagina tried 1/1] 0.1 secs
				[larghezza_pagina tried 1/1] 0.1 secs
				[altezza_rettangolo tried 3/3] 0.1 secs
				[ascissa_rettangolo tried 3/3] 0.1 secs
				[ordinata_rettangolo tried 3/3] 0.1 secs
				[larghezza_rettangolo tried 3/3] 0.1 secs
				[numero_pagine tried 1/1] 0.1 secs

Best literal allineato_al_centro_verticale(D,F) (8.6 bits)


State (151/158 [21/23], 89.4 bits available)

				[= tried 6/6] 0.1 secs
				[tipo_testo tried 4/4] 0.1 secs
				[tipo_linea_orizzontale tried 4/4] 0.1 secs
				[tipo_misto tried 3/4] 0.1 secs
				[tipo_linea_obbliqua tried 4/4] 0.1 secs
				[tipo_immagine tried 4/4] 0.1 secs
				[tipo_vuoto tried 4/4] 0.1 secs
				[ultima_pagina tried 1/1] 0.1 secs
				[frame tried 6/8] 0.1 secs
				[pagina_1 tried 2/3] 0.1 secs
				[on_top tried 16/18] 0.1 secs
				[to_right tried 16/18] 0.1 secs
				[allineato_al_centro_verticale tried 13/18] 0.1 secs
				[allineato_al_centro_orizzontale tried 9/18] 0.1 secs
				[altezza_pagina tried 1/1] 0.1 secs
				[larghezza_pagina tried 1/1] 0.1 secs
				[altezza_rettangolo tried 3/3] 0.1 secs
				[ascissa_rettangolo tried 3/3] 0.1 secs
				[ordinata_rettangolo tried 3/3] 0.1 secs
				[larghezza_rettangolo tried 3/3] 0.1 secs
				[numero_pagine tried 1/1] 0.1 secs

	Save clause ending with on_top(F,E) (cover 13, accuracy 100%)

	Save on_top(F,E) (13,13 value 39.7)

Best literal to_right(F,D) (8.6 bits)


State (135/140 [21/23], 84.2 bits available)

				[= tried 6/6] 0.1 secs
				[tipo_testo tried 4/4] 0.1 secs
				[tipo_linea_orizzontale tried 4/4] 0.1 secs
				[tipo_misto tried 3/4] 0.1 secs
				[tipo_linea_obbliqua tried 4/4] 0.1 secs
				[tipo_immagine tried 4/4] 0.1 secs
				[tipo_vuoto tried 4/4] 0.1 secs
				[ultima_pagina tried 1/1] 0.1 secs
				[frame tried 6/8] 0.1 secs
				[pagina_1 tried 2/3] 0.1 secs
				[on_top tried 16/18] 0.1 secs
				[to_right tried 15/18] 0.1 secs
				[allineato_al_centro_verticale tried 13/18] 0.1 secs
				[allineato_al_centro_orizzontale tried 9/18] 0.1 secs
				[altezza_pagina tried 1/1] 0.1 secs
				[larghezza_pagina tried 1/1] 0.1 secs
				[altezza_rettangolo tried 3/3] 0.1 secs
				[ascissa_rettangolo tried 3/3] 0.1 secs
				[ordinata_rettangolo tried 3/3] 0.1 secs
				[larghezza_rettangolo tried 3/3] 0.1 secs
				[numero_pagine tried 1/1] 0.1 secs

	Save clause ending with allineato_al_centro_verticale(E,F) (cover 14, accuracy 100%)

	Save on_top(F,D) (21,23 value 61.4)

Best literal allineato_al_centro_verticale(E,F) (8.6 bits)

Initial clause (0 errs): class_svln(A) :- pagina_1(A,B), frame(B,C), tipo_misto(C), on_top(D,C), to_right(D,C), allineato_al_centro_verticale(D,E), to_right(E,D), on_top(E,D), frame(B,F), allineato_al_centro_verticale(D,F), to_right(F,D), allineato_al_centro_verticale(E,F).
		frame(B,C) needed for binding tipo_misto(C)
		pagina_1(A,B) needed for binding frame(B,C)

Clause 1: class_svln(A) :- pagina_1(A,B), frame(B,C), tipo_misto(C), on_top(D,C), to_right(D,C), allineato_al_centro_verticale(D,E), on_top(E,D), to_right(F,D), allineato_al_centro_verticale(E,F).

State (17/272, 110.7 bits available)

				[pagina_1 tried 1/1] 0.1 secs
				[numero_pagine tried 1/1] 0.1 secs

Determinate literals
	pagina_1(A,B)


State (17/272, 110.7 bits available, 1 weak literal)

				[ultima_pagina tried 1/1] 0.1 secs
				[frame tried 1/1] 0.1 secs
				[pagina_1 tried 1/3] 0.1 secs
				[altezza_pagina tried 1/1] 0.1 secs
				[larghezza_pagina tried 1/1] 0.1 secs
				[numero_pagine tried 1/1] 0.1 secs

Best literal frame(B,C) (2.6 bits)


State (131/3082 [17/272], 108.1 bits available, 2 weak literals)

				[tipo_testo tried 1/1] 0.1 secs
				[tipo_linea_orizzontale tried 1/1] 0.1 secs
				[tipo_misto tried 1/1] 0.1 secs
				[tipo_linea_obbliqua tried 1/1] 0.1 secs
				[tipo_immagine tried 1/1] 0.1 secs
				[tipo_vuoto tried 1/1] 0.1 secs
				[ultima_pagina tried 1/1] 0.1 secs
				[frame tried 1/3] 0.1 secs
				[pagina_1 tried 2/3] 0.1 secs
				[on_top tried 2/2] 0.1 secs
				[to_right tried 2/2] 0.1 secs
				[allineato_al_centro_verticale tried 2/2] 0.1 secs
				[allineato_al_centro_orizzontale tried 2/2] 0.1 secs
				[altezza_pagina tried 1/1] 0.1 secs
				[larghezza_pagina tried 1/1] 0.1 secs
				[altezza_rettangolo tried 1/1] 0.1 secs
				[ascissa_rettangolo tried 1/1] 0.1 secs
				[ordinata_rettangolo tried 1/1] 0.1 secs
				[larghezza_rettangolo tried 1/1] 0.1 secs
				[numero_pagine tried 1/1] 0.1 secs

Best literal tipo_misto(C) (4.3 bits)


State (24/126 [16/98], 100.3 bits available)

				[tipo_testo tried 1/1] 0.1 secs
				[tipo_linea_orizzontale tried 1/1] 0.1 secs
				[tipo_misto tried 0/1] 0.1 secs
				[tipo_linea_obbliqua tried 1/1] 0.1 secs
				[tipo_immagine tried 1/1] 0.1 secs
				[tipo_vuoto tried 1/1] 0.1 secs
				[ultima_pagina tried 1/1] 0.1 secs
				[frame tried 2/3] 0.1 secs
				[pagina_1 tried 2/3] 0.1 secs
				[on_top tried 2/2] 0.1 secs
				[to_right tried 2/2] 0.1 secs
				[allineato_al_centro_verticale tried 2/2] 0.1 secs
				[allineato_al_centro_orizzontale tried 2/2] 0.1 secs
				[altezza_pagina tried 1/1] 0.1 secs
				[larghezza_pagina tried 1/1] 0.1 secs
				[altezza_rettangolo tried 1/1] 0.1 secs
				[ascissa_rettangolo tried 1/1] 0.1 secs
				[ordinata_rettangolo tried 1/1] 0.1 secs
				[larghezza_rettangolo tried 1/1] 0.1 secs
				[numero_pagine tried 1/1] 0.1 secs

Best literal on_top(D,C) (5.3 bits)


State (153/491 [16/63], 96.5 bits available)

				[= tried 1/1] 0.1 secs
				[tipo_testo tried 2/2] 0.1 secs
				[tipo_linea_orizzontale tried 2/2] 0.1 secs
				[tipo_misto tried 1/2] 0.1 secs
				[tipo_linea_obbliqua tried 2/2] 0.1 secs
				[tipo_immagine tried 2/2] 0.1 secs
				[tipo_vuoto tried 2/2] 0.1 secs
				[ultima_pagina tried 1/1] 0.1 secs
				[frame tried 4/5] 0.1 secs
				[pagina_1 tried 2/3] 0.1 secs
				[on_top tried 4/6] 0.1 secs
				[to_right tried 6/6] 0.1 secs
				[allineato_al_centro_verticale tried 6/6] 0.1 secs
				[allineato_al_centro_orizzontale tried 4/6] 0.1 secs
				[altezza_pagina tried 1/1] 0.1 secs
				[larghezza_pagina tried 1/1] 0.1 secs
				[altezza_rettangolo tried 2/2] 0.1 secs
				[ascissa_rettangolo tried 2/2] 0.1 secs
				[ordinata_rettangolo tried 2/2] 0.1 secs
				[larghezza_rettangolo tried 2/2] 0.1 secs
				[numero_pagine tried 1/1] 0.1 secs

Best literal to_right(D,C) (7.0 bits)


State (70/129 [13/35], 77.2 bits available)

				[= tried 1/1] 0.1 secs
				[tipo_testo tried 2/2] 0.1 secs
				[tipo_linea_orizzontale tried 2/2] 0.1 secs
				[tipo_misto tried 1/2] 0.1 secs
				[tipo_linea_obbliqua tried 2/2] 0.1 secs
				[tipo_immagine tried 2/2] 0.1 secs
				[tipo_vuoto tried 2/2] 0.1 secs
				[ultima_pagina tried 1/1] 0.1 secs
				[frame tried 4/5] 0.1 secs
				[pagina_1 tried 2/3] 0.1 secs
				[on_top tried 4/6] 0.1 secs
				[to_right tried 5/6] 0.1 secs
				[allineato_al_centro_verticale tried 5/6] 0.1 secs
				[allineato_al_centro_orizzontale tried 4/6] 0.1 secs
				[altezza_pagina tried 1/1] 0.1 secs
				[larghezza_pagina tried 1/1] 0.1 secs
				[altezza_rettangolo tried 2/2] 0.1 secs
				[ascissa_rettangolo tried 2/2] 0.1 secs
				[ordinata_rettangolo tried 2/2] 0.1 secs
				[larghezza_rettangolo tried 2/2] 0.1 secs
				[numero_pagine tried 1/1] 0.1 secs

Best literal tipo_testo(D) (5.4 bits)


State (65/106 [13/21], 74.1 bits available)

				[= tried 1/1] 0.1 secs
				[tipo_testo tried 1/2] 0.1 secs
				[tipo_linea_orizzontale tried 2/2] 0.1 secs
				[tipo_misto tried 1/2] 0.1 secs
				[tipo_linea_obbliqua tried 2/2] 0.1 secs
				[tipo_immagine tried 2/2] 0.1 secs
				[tipo_vuoto tried 2/2] 0.1 secs
				[ultima_pagina tried 1/1] 0.1 secs
				[frame tried 4/5] 0.1 secs
				[pagina_1 tried 2/3] 0.1 secs
				[on_top tried 4/6] 0.1 secs
				[to_right tried 5/6] 0.1 secs
				[allineato_al_centro_verticale tried 6/6] 0.1 secs
				[allineato_al_centro_orizzontale tried 4/6] 0.1 secs
				[altezza_pagina tried 1/1] 0.1 secs
				[larghezza_pagina tried 1/1] 0.1 secs
				[altezza_rettangolo tried 2/2] 0.1 secs
				[ascissa_rettangolo tried 2/2] 0.1 secs
				[ordinata_rettangolo tried 2/2] 0.1 secs
				[larghezza_rettangolo tried 2/2] 0.1 secs
				[numero_pagine tried 1/1] 0.1 secs

Best literal allineato_al_centro_verticale(D,E) (7.0 bits)


State (106/164 [13/21], 69.7 bits available)

				[= tried 3/3] 0.1 secs
				[tipo_testo tried 2/3] 0.1 secs
				[tipo_linea_orizzontale tried 3/3] 0.1 secs
				[tipo_misto tried 2/3] 0.1 secs
				[tipo_linea_obbliqua tried 3/3] 0.1 secs
				[tipo_immagine tried 3/3] 0.1 secs
				[tipo_vuoto tried 3/3] 0.1 secs
				[ultima_pagina tried 1/1] 0.1 secs
				[frame tried 5/6] 0.1 secs
				[pagina_1 tried 2/3] 0.1 secs
				[on_top tried 7/10] 0.1 secs
				[to_right tried 9/10] 0.1 secs
				[allineato_al_centro_verticale tried 6/10] 0.1 secs
				[allineato_al_centro_orizzontale tried 6/10] 0.1 secs
				[altezza_pagina tried 1/1] 0.1 secs
				[larghezza_pagina tried 1/1] 0.1 secs
				[altezza_rettangolo tried 2/2] 0.1 secs
				[ascissa_rettangolo tried 2/2] 0.1 secs
				[ordinata_rettangolo tried 2/2] 0.1 secs
				[larghezza_rettangolo tried 2/2] 0.1 secs
				[numero_pagine tried 1/1] 0.1 secs

Best literal to_right(E,C) (7.7 bits)


State (106/156 [13/21], 64.8 bits available)

				[= tried 3/3] 0.1 secs
				[tipo_testo tried 2/3] 0.1 secs
				[tipo_linea_orizzontale tried 3/3] 0.1 secs
				[tipo_misto tried 2/3] 0.1 secs
				[tipo_linea_obbliqua tried 3/3] 0.1 secs
				[tipo_immagine tried 3/3] 0.1 secs
				[tipo_vuoto tried 3/3] 0.1 secs
				[ultima_pagina tried 1/1] 0.1 secs
				[frame tried 5/6] 0.1 secs
				[pagina_1 tried 2/3] 0.1 secs
				[on_top tried 7/10] 0.1 secs
				[to_right tried 8/10] 0.1 secs
				[allineato_al_centro_verticale tried 9/10] 0.1 secs
				[allineato_al_centro_orizzontale tried 6/10] 0.1 secs
				[altezza_pagina tried 1/1] 0.1 secs
				[larghezza_pagina tried 1/1] 0.1 secs
				[altezza_rettangolo tried 2/2] 0.1 secs
				[ascissa_rettangolo tried 2/2] 0.1 secs
				[ordinata_rettangolo tried 2/2] 0.1 secs
				[larghezza_rettangolo tried 2/2] 0.1 secs
				[numero_pagine tried 1/1] 0.1 secs

Best literal on_top(D,E) (7.7 bits)


State (61/84 [13/19], 60.1 bits available)

				[= tried 3/3] 0.1 secs
				[tipo_testo tried 2/3] 0.1 secs
				[tipo_linea_orizzontale tried 3/3] 0.1 secs
				[tipo_misto tried 2/3] 0.1 secs
				[tipo_linea_obbliqua tried 3/3] 0.1 secs
				[tipo_immagine tried 3/3] 0.1 secs
				[tipo_vuoto tried 3/3] 0.1 secs
				[ultima_pagina tried 1/1] 0.1 secs
				[frame tried 5/6] 0.1 secs
				[pagina_1 tried 2/3] 0.1 secs
				[on_top tried 6/10] 0.1 secs
				[to_right tried 8/10] 0.1 secs
				[allineato_al_centro_verticale tried 7/10] 0.1 secs
				[allineato_al_centro_orizzontale tried 6/10] 0.1 secs
				[altezza_pagina tried 1/1] 0.1 secs
				[larghezza_pagina tried 1/1] 0.1 secs
				[altezza_rettangolo tried 2/2] 0.1 secs
				[ascissa_rettangolo tried 2/2] 0.1 secs
				[ordinata_rettangolo tried 2/2] 0.1 secs
				[larghezza_rettangolo tried 2/2] 0.1 secs
				[numero_pagine tried 1/1] 0.1 secs

	Save clause ending with to_right(D,E) (cover 9, accuracy 81%)

Best literal to_right(D,E) (7.7 bits)


State (19/21 [9/11], 34.7 bits available)

				[= tried 3/3] 0.1 secs
				[tipo_testo tried 2/3] 0.1 secs
				[tipo_linea_orizzontale tried 3/3] 0.1 secs
				[tipo_misto tried 2/3] 0.1 secs
				[tipo_linea_obbliqua tried 3/3] 0.1 secs
				[tipo_immagine tried 3/3] 0.1 secs
				[tipo_vuoto tried 3/3] 0.1 secs
				[ultima_pagina tried 1/1] 0.1 secs
				[frame tried 5/6] 0.1 secs
				[pagina_1 tried 2/3] 0.1 secs
				[on_top tried 6/10] 0.1 secs
				[to_right tried 7/10] 0.1 secs
				[allineato_al_centro_verticale tried 9/10] 0.1 secs
				[allineato_al_centro_orizzontale tried 6/10] 0.1 secs
				[altezza_pagina tried 1/1] 0.1 secs
				[larghezza_pagina tried 1/1] 0.1 secs
				[altezza_rettangolo tried 2/2] 0.1 secs
				[ascissa_rettangolo tried 2/2] 0.1 secs
				[ordinata_rettangolo tried 2/2] 0.1 secs
				[larghezza_rettangolo tried 2/2] 0.1 secs
				[numero_pagine tried 1/1] 0.1 secs

	Save clause ending with on_top(F,D) (cover 5, accuracy 83%)

Best literal on_top(F,D) (7.7 bits)


State (14/15 [5/6], 6.6 bits available)

				[= tried 6/6] 0.1 secs
				[tipo_testo tried 3/4] 0.1 secs

	Save clause ending with tipo_testo(F) (cover 5, accuracy 100%)

Best literal tipo_testo(F) (6.4 bits)

Initial clause (0 errs): class_svln(A) :- pagina_1(A,B), frame(B,C), tipo_misto(C), on_top(D,C), to_right(D,C), tipo_testo(D), allineato_al_centro_verticale(D,E), to_right(E,C), on_top(D,E), to_right(D,E), on_top(F,D), tipo_testo(F).
		on_top(F,D) needed for binding tipo_testo(F)
		on_top(D,C) needed for binding allineato_al_centro_verticale(D,E)
		frame(B,C) needed for binding tipo_misto(C)
		pagina_1(A,B) needed for binding frame(B,C)

Clause 2: class_svln(A) :- pagina_1(A,B), frame(B,C), tipo_misto(C), on_top(D,C), allineato_al_centro_verticale(D,E), to_right(E,C), on_top(D,E), to_right(D,E), on_top(F,D), tipo_testo(F).

State (12/267, 86.8 bits available)

				[pagina_1 tried 1/1] 0.1 secs
				[numero_pagine tried 1/1] 0.1 secs

Determinate literals
	pagina_1(A,B)


State (12/267, 86.8 bits available, 1 weak literal)

				[ultima_pagina tried 1/1] 0.1 secs
				[frame tried 1/1] 0.1 secs
				[pagina_1 tried 1/3] 0.1 secs
				[altezza_pagina tried 1/1] 0.1 secs
				[larghezza_pagina tried 1/1] 0.1 secs
				[numero_pagine tried 1/1] 0.1 secs

Best literal frame(B,C) (2.6 bits)


State (94/3045 [12/267], 84.2 bits available, 2 weak literals)

				[tipo_testo tried 1/1] 0.1 secs
				[tipo_linea_orizzontale tried 1/1] 0.1 secs
				[tipo_misto tried 1/1] 0.1 secs
				[tipo_linea_obbliqua tried 1/1] 0.1 secs
				[tipo_immagine tried 1/1] 0.1 secs
				[tipo_vuoto tried 1/1] 0.1 secs
				[ultima_pagina tried 1/1] 0.1 secs
				[frame tried 1/3] 0.1 secs
				[pagina_1 tried 2/3] 0.1 secs
				[on_top tried 2/2] 0.1 secs
				[to_right tried 2/2] 0.1 secs
				[allineato_al_centro_verticale tried 2/2] 0.1 secs
				[allineato_al_centro_orizzontale tried 2/2] 0.1 secs
				[altezza_pagina tried 1/1] 0.1 secs
				[larghezza_pagina tried 1/1] 0.1 secs
				[altezza_rettangolo tried 1/1] 0.1 secs
				[ascissa_rettangolo tried 1/1] 0.1 secs
				[ordinata_rettangolo tried 1/1] 0.1 secs
				[larghezza_rettangolo tried 1/1] 0.1 secs
				[numero_pagine tried 1/1] 0.1 secs

Best literal tipo_misto(C) (4.3 bits)


State (16/118 [11/93], 75.8 bits available)

				[tipo_testo tried 1/1] 0.1 secs
				[tipo_linea_orizzontale tried 1/1] 0.1 secs
				[tipo_misto tried 0/1] 0.1 secs
				[tipo_linea_obbliqua tried 1/1] 0.1 secs
				[tipo_immagine tried 1/1] 0.1 secs
				[tipo_vuoto tried 1/1] 0.1 secs
				[ultima_pagina tried 1/1] 0.1 secs
				[frame tried 2/3] 0.1 secs
				[pagina_1 tried 2/3] 0.1 secs
				[on_top tried 2/2] 0.1 secs
				[to_right tried 2/2] 0.1 secs
				[allineato_al_centro_verticale tried 2/2] 0.1 secs
				[allineato_al_centro_orizzontale tried 2/2] 0.1 secs
				[altezza_pagina tried 1/1] 0.1 secs
				[larghezza_pagina tried 1/1] 0.1 secs
				[altezza_rettangolo tried 1/1] 0.1 secs
				[ascissa_rettangolo tried 1/1] 0.1 secs
				[ordinata_rettangolo tried 1/1] 0.1 secs
				[larghezza_rettangolo tried 1/1] 0.1 secs
				[numero_pagine tried 1/1] 0.1 secs

Best literal on_top(D,C) (5.3 bits)


State (106/444 [11/58], 72.0 bits available)

				[= tried 1/1] 0.1 secs
				[tipo_testo tried 2/2] 0.1 secs
				[tipo_linea_orizzontale tried 2/2] 0.1 secs
				[tipo_misto tried 1/2] 0.1 secs
				[tipo_linea_obbliqua tried 2/2] 0.1 secs
				[tipo_immagine tried 2/2] 0.1 secs
				[tipo_vuoto tried 2/2] 0.1 secs
				[ultima_pagina tried 1/1] 0.1 secs
				[frame tried 4/5] 0.1 secs
				[pagina_1 tried 2/3] 0.1 secs
				[on_top tried 4/6] 0.1 secs
				[to_right tried 6/6] 0.1 secs
				[allineato_al_centro_verticale tried 6/6] 0.1 secs
				[allineato_al_centro_orizzontale tried 4/6] 0.1 secs
				[altezza_pagina tried 1/1] 0.1 secs
				[larghezza_pagina tried 1/1] 0.1 secs
				[altezza_rettangolo tried 2/2] 0.1 secs
				[ascissa_rettangolo tried 2/2] 0.1 secs
				[ordinata_rettangolo tried 2/2] 0.1 secs
				[larghezza_rettangolo tried 2/2] 0.1 secs
				[numero_pagine tried 1/1] 0.1 secs

	Save allineato_al_centro_verticale(D,E) (11,52 value 24.4)

Best literal to_right(D,C) (7.0 bits)


State (43/102 [8/30], 50.7 bits available)

				[= tried 1/1] 0.1 secs
				[tipo_testo tried 2/2] 0.1 secs
				[tipo_linea_orizzontale tried 2/2] 0.1 secs
				[tipo_misto tried 1/2] 0.1 secs
				[tipo_linea_obbliqua tried 2/2] 0.1 secs
				[tipo_immagine tried 2/2] 0.1 secs
				[tipo_vuoto tried 2/2] 0.1 secs
				[ultima_pagina tried 1/1] 0.1 secs
				[frame tried 4/5] 0.1 secs
				[pagina_1 tried 2/3] 0.1 secs
				[on_top tried 4/6] 0.1 secs
				[to_right tried 5/6] 0.1 secs
				[allineato_al_centro_verticale tried 5/6] 0.1 secs
				[allineato_al_centro_orizzontale tried 4/6] 0.1 secs
				[altezza_pagina tried 1/1] 0.1 secs
				[larghezza_pagina tried 1/1] 0.1 secs
				[altezza_rettangolo tried 2/2] 0.1 secs
				[ascissa_rettangolo tried 2/2] 0.1 secs
				[ordinata_rettangolo tried 2/2] 0.1 secs
				[larghezza_rettangolo tried 2/2] 0.1 secs
				[numero_pagine tried 1/1] 0.1 secs

Best literal tipo_testo(D) (5.4 bits)


State (41/82 [8/16], 47.6 bits available)

				[= tried 1/1] 0.1 secs
				[tipo_testo tried 1/2] 0.1 secs
				[tipo_linea_orizzontale tried 2/2] 0.1 secs
				[tipo_misto tried 1/2] 0.1 secs
				[tipo_linea_obbliqua tried 2/2] 0.1 secs
				[tipo_immagine tried 2/2] 0.1 secs
				[tipo_vuoto tried 2/2] 0.1 secs
				[ultima_pagina tried 1/1] 0.1 secs
				[frame tried 4/5] 0.1 secs
				[pagina_1 tried 2/3] 0.1 secs
				[on_top tried 5/6] 0.1 secs
				[to_right tried 5/6] 0.1 secs
				[allineato_al_centro_verticale tried 5/6] 0.1 secs
				[allineato_al_centro_orizzontale tried 4/6] 0.1 secs
				[altezza_pagina tried 1/1] 0.1 secs
				[larghezza_pagina tried 1/1] 0.1 secs
				[altezza_rettangolo tried 2/2] 0.1 secs
				[ascissa_rettangolo tried 2/2] 0.1 secs
				[ordinata_rettangolo tried 2/2] 0.1 secs
				[larghezza_rettangolo tried 2/2] 0.1 secs
				[numero_pagine tried 1/1] 0.1 secs

	Save on_top(D,E) (8,16 value 27.6)
	Save on_top(E,C) (8,16 value 27.6)
	Save on_top(E,D) (8,16 value 27.6)
	Save to_right(C,E) (8,15 value 28.3)

Best literal frame(B,E) (6.7 bits)


State (304/810 [8/16], 43.5 bits available, 1 weak literal)

				[= tried 3/3] 0.1 secs
				[tipo_testo tried 2/3] 0.1 secs
				[tipo_linea_orizzontale tried 3/3] 0.1 secs
				[tipo_misto tried 2/3] 0.2 secs
				[tipo_linea_obbliqua tried 3/3] 0.2 secs
				[tipo_immagine tried 3/3] 0.2 secs
				[tipo_vuoto tried 3/3] 0.2 secs
				[ultima_pagina tried 1/1] 0.2 secs
				[frame tried 4/7] 0.2 secs
				[pagina_1 tried 2/3] 0.2 secs
				[on_top tried 9/12] 0.2 secs
				[to_right tried 11/12] 0.2 secs
				[allineato_al_centro_verticale tried 10/12] 0.2 secs
				[allineato_al_centro_orizzontale tried 6/12] 0.2 secs
				[altezza_pagina tried 1/1] 0.2 secs
				[larghezza_pagina tried 1/1] 0.2 secs
				[altezza_rettangolo tried 3/3] 0.2 secs
				[ascissa_rettangolo tried 3/3] 0.2 secs
				[ordinata_rettangolo tried 3/3] 0.2 secs
				[larghezza_rettangolo tried 3/3] 0.2 secs
				[numero_pagine tried 1/1] 0.2 secs

Best literal on_top(E,C) (8.0 bits)


State (263/621 [8/16], 38.3 bits available)

				[= tried 3/3] 0.2 secs
				[tipo_testo tried 2/3] 0.2 secs
				[tipo_linea_orizzontale tried 3/3] 0.2 secs
				[tipo_misto tried 2/3] 0.2 secs
				[tipo_linea_obbliqua tried 3/3] 0.2 secs
				[tipo_immagine tried 3/3] 0.2 secs
				[tipo_vuoto tried 3/3] 0.2 secs
				[ultima_pagina tried 1/1] 0.2 secs
				[frame tried 5/7] 0.2 secs
				[pagina_1 tried 2/3] 0.2 secs
				[on_top tried 8/12] 0.2 secs
				[to_right tried 11/12] 0.2 secs
				[allineato_al_centro_verticale tried 10/12] 0.2 secs
				[allineato_al_centro_orizzontale tried 6/12] 0.2 secs
				[altezza_pagina tried 1/1] 0.2 secs
				[larghezza_pagina tried 1/1] 0.2 secs
				[altezza_rettangolo tried 3/3] 0.2 secs
				[ascissa_rettangolo tried 3/3] 0.2 secs
				[ordinata_rettangolo tried 3/3] 0.2 secs
				[larghezza_rettangolo tried 3/3] 0.2 secs
				[numero_pagine tried 1/1] 0.2 secs

Best literal to_right(E,C) (8.0 bits)


State (222/469 [8/16], 33.4 bits available)

				[= tried 3/3] 0.2 secs
				[tipo_testo tried 2/3] 0.2 secs
				[tipo_linea_orizzontale tried 3/3] 0.2 secs
				[tipo_misto tried 2/3] 0.2 secs
				[tipo_linea_obbliqua tried 3/3] 0.2 secs
				[tipo_immagine tried 3/3] 0.2 secs
				[tipo_vuoto tried 3/3] 0.2 secs
				[ultima_pagina tried 1/1] 0.2 secs
				[frame tried 5/7] 0.2 secs
				[pagina_1 tried 2/3] 0.2 secs
				[on_top tried 8/12] 0.2 secs
				[to_right tried 10/12] 0.2 secs
				[allineato_al_centro_verticale tried 10/12] 0.2 secs
				[allineato_al_centro_orizzontale tried 6/12] 0.2 secs
				[altezza_pagina tried 1/1] 0.2 secs
				[larghezza_pagina tried 1/1] 0.2 secs
				[altezza_rettangolo tried 3/3] 0.2 secs
				[ascissa_rettangolo tried 3/3] 0.2 secs
				[ordinata_rettangolo tried 3/3] 0.2 secs
				[larghezza_rettangolo tried 3/3] 0.2 secs
				[numero_pagine tried 1/1] 0.2 secs

	Save allineato_al_centro_verticale(D,E) (8,15 value 28.3)

Best literal allineato_al_centro_verticale(E,D) (8.0 bits)


State (60/110 [8/15], 28.6 bits available)

				[= tried 3/3] 0.2 secs
				[tipo_testo tried 2/3] 0.2 secs
				[tipo_linea_orizzontale tried 3/3] 0.2 secs
				[tipo_misto tried 2/3] 0.2 secs
				[tipo_linea_obbliqua tried 3/3] 0.2 secs
				[tipo_immagine tried 3/3] 0.2 secs
				[tipo_vuoto tried 3/3] 0.2 secs
				[ultima_pagina tried 1/1] 0.2 secs
				[frame tried 5/7] 0.2 secs
				[pagina_1 tried 2/3] 0.2 secs
				[on_top tried 8/12] 0.2 secs
				[to_right tried 10/12] 0.2 secs
				[allineato_al_centro_verticale tried 9/12] 0.2 secs
				[allineato_al_centro_orizzontale tried 6/12] 0.2 secs
				[altezza_pagina tried 1/1] 0.2 secs
				[larghezza_pagina tried 1/1] 0.2 secs
				[altezza_rettangolo tried 3/3] 0.2 secs
				[ascissa_rettangolo tried 3/3] 0.2 secs
				[ordinata_rettangolo tried 3/3] 0.2 secs
				[larghezza_rettangolo tried 3/3] 0.2 secs
				[numero_pagine tried 1/1] 0.2 secs

Best literal to_right(D,E) (8.0 bits)


State (15/19 [7/9], 18.1 bits available)

				[= tried 3/3] 0.2 secs
				[tipo_testo tried 2/3] 0.2 secs
				[tipo_linea_orizzontale tried 3/3] 0.2 secs
				[tipo_misto tried 2/3] 0.2 secs
				[tipo_linea_obbliqua tried 3/3] 0.2 secs
				[tipo_immagine tried 3/3] 0.2 secs
				[tipo_vuoto tried 3/3] 0.2 secs
				[ultima_pagina tried 1/1] 0.2 secs
				[frame tried 5/7] 0.2 secs
				[pagina_1 tried 2/3] 0.2 secs
				[on_top tried 8/12] 0.2 secs
				[to_right tried 9/12] 0.2 secs
				[allineato_al_centro_verticale tried 9/12] 0.2 secs
				[allineato_al_centro_orizzontale tried 6/12] 0.2 secs
				[altezza_pagina tried 1/1] 0.2 secs
				[larghezza_pagina tried 1/1] 0.2 secs
				[altezza_rettangolo tried 3/3] 0.2 secs
				[ascissa_rettangolo tried 3/3] 0.2 secs
				[ordinata_rettangolo tried 3/3] 0.2 secs
				[larghezza_rettangolo tried 3/3] 0.2 secs
				[numero_pagine tried 1/1] 0.2 secs

Best literal on_top(E,D) (8.0 bits)


State (8/10 [7/9], 13.6 bits available)

				[= tried 3/3] 0.2 secs
				[tipo_testo tried 2/3] 0.2 secs
				[tipo_linea_orizzontale tried 3/3] 0.2 secs
				[tipo_misto tried 2/3] 0.2 secs
				[tipo_linea_obbliqua tried 3/3] 0.2 secs
				[tipo_immagine tried 3/3] 0.2 secs
				[tipo_vuoto tried 3/3] 0.2 secs
				[ultima_pagina tried 1/1] 0.2 secs
				[frame tried 5/7] 0.2 secs
				[pagina_1 tried 2/3] 0.2 secs
				[on_top tried 7/12] 0.2 secs
				[to_right tried 9/12] 0.2 secs
				[allineato_al_centro_verticale tried 9/12] 0.2 secs
				[allineato_al_centro_orizzontale tried 6/12] 0.2 secs
				[altezza_pagina tried 1/1] 0.2 secs
				[larghezza_pagina tried 1/1] 0.2 secs
				[altezza_rettangolo tried 3/3] 0.2 secs
				[ascissa_rettangolo tried 3/3] 0.2 secs
				[ordinata_rettangolo tried 3/3] 0.2 secs
				[larghezza_rettangolo tried 3/3] 0.2 secs
				[numero_pagine tried 1/1] 0.2 secs

	Save clause ending with to_right(C,F) (cover 7, accuracy 87%)

	Save on_top(D,F) (7,9 value 28.3)
	Save on_top(E,F) (7,9 value 28.3)
	Save on_top(F,C) (7,9 value 28.3)
	Save on_top(F,D) (7,9 value 28.3)

Best literal frame(B,F) (7.2 bits)


State (59/84 [7/9], 10.0 bits available, 1 weak literal)

				[= tried 6/6] 0.2 secs
				[tipo_testo tried 3/4] 0.2 secs
				[tipo_linea_orizzontale tried 4/4] 0.2 secs
				[tipo_misto tried 3/4] 0.2 secs
				[tipo_linea_obbliqua tried 4/4] 0.2 secs
				[tipo_immagine tried 4/4] 0.2 secs
				[tipo_vuoto tried 4/4] 0.2 secs
				[ultima_pagina tried 1/1] 0.2 secs
				[frame tried 5/9] 0.2 secs
				[pagina_1 tried 2/3] 0.2 secs
				[on_top tried 14/20] 0.2 secs
				[to_right tried 17/20] 0.2 secs
				[allineato_al_centro_verticale tried 16/20] 0.2 secs
				[allineato_al_centro_orizzontale tried 8/20] 0.2 secs
				[altezza_pagina tried 1/1] 0.2 secs
				[larghezza_pagina tried 1/1] 0.2 secs
				[altezza_rettangolo tried 4/4] 0.2 secs
				[ascissa_rettangolo tried 4/4] 0.2 secs
				[ordinata_rettangolo tried 4/4] 0.2 secs
				[larghezza_rettangolo tried 4/4] 0.2 secs
				[numero_pagine tried 1/1] 0.2 secs

	Save on_top(F,C) (7,9 value 28.3)
	Save on_top(F,D) (7,9 value 28.3)

Best literal to_right(D,F) (8.7 bits)


State (35/47 [7/9], 4.9 bits available)

				[= tried 6/6] 0.2 secs
				[tipo_testo tried 3/4] 0.2 secs
				[tipo_linea_orizzontale tried 4/4] 0.2 secs
				[tipo_misto tried 3/4] 0.2 secs
				[tipo_linea_obbliqua tried 4/4] 0.2 secs
				[tipo_immagine tried 4/4] 0.2 secs
				[tipo_vuoto tried 4/4] 0.2 secs
				[ultima_pagina tried 1/1] 0.2 secs
				[frame tried 6/9] 0.2 secs
				[pagina_1 tried 2/3] 0.2 secs
				[on_top tried 14/20] 0.2 secs
				[to_right tried 16/20] 0.2 secs
				[allineato_al_centro_verticale tried 16/20] 0.2 secs
				[allineato_al_centro_orizzontale tried 8/20] 0.2 secs
				[altezza_pagina tried 1/1] 0.2 secs
				[larghezza_pagina tried 1/1] 0.2 secs
				[altezza_rettangolo tried 4/4] 0.2 secs
				[ascissa_rettangolo tried 4/4] 0.2 secs
				[ordinata_rettangolo tried 4/4] 0.2 secs
				[larghezza_rettangolo tried 4/4] 0.2 secs
				[numero_pagine tried 1/1] 0.2 secs

Best literal to_right(F,C) (8.7 bits)


State (19/22 [7/9], 0.0 bits available)

				[= requires 8.0 bits]
				[tipo_testo requires 6.4 bits]
				[tipo_linea_orizzontale requires 6.4 bits]
				[tipo_misto requires 6.4 bits]
				[tipo_linea_obbliqua requires 6.4 bits]
				[tipo_immagine requires 6.4 bits]
				[tipo_vuoto requires 6.4 bits]
				[ultima_pagina requires 4.4 bits]
				[frame requires 7.6 bits]
				[pagina_1 requires 6.0 bits]
				[on_top requires 8.7 bits]
				[to_right requires 8.7 bits]
				[allineato_al_centro_verticale requires 8.7 bits]
				[allineato_al_centro_orizzontale requires 8.7 bits]
				[altezza_pagina requires 4.4 bits]
				[larghezza_pagina requires 4.4 bits]
				[altezza_rettangolo requires 6.4 bits]
				[ascissa_rettangolo requires 6.4 bits]
				[ordinata_rettangolo requires 6.4 bits]
				[larghezza_rettangolo requires 6.4 bits]
				[numero_pagine requires 4.4 bits]

No literals

[Replace by saved clause]

Initial clause (1 errs): class_svln(A) :- pagina_1(A,B), frame(B,C), tipo_misto(C), on_top(D,C), to_right(D,C), tipo_testo(D), frame(B,E), on_top(E,C), to_right(E,C), allineato_al_centro_verticale(E,D), to_right(D,E), on_top(E,D), to_right(C,F).
		frame(B,C) needed for binding tipo_misto(C)
		pagina_1(A,B) needed for binding frame(B,C)

Clause 3: class_svln(A) :- pagina_1(A,B), frame(B,C), tipo_misto(C), on_top(D,C), to_right(D,C), on_top(E,C), allineato_al_centro_verticale(E,D), to_right(D,E), to_right(C,F).

State (5/260, 47.2 bits available)

				[pagina_1 tried 1/1] 0.2 secs
				[numero_pagine tried 1/1] 0.2 secs

Determinate literals
	pagina_1(A,B)


State (5/260, 47.2 bits available, 1 weak literal)

				[ultima_pagina tried 1/1] 0.2 secs
				[frame tried 1/1] 0.2 secs
				[pagina_1 tried 1/3] 0.2 secs
				[altezza_pagina tried 1/1] 0.2 secs
				[larghezza_pagina tried 1/1] 0.2 secs
				[numero_pagine tried 1/1] 0.2 secs

Best literal frame(B,C) (2.6 bits)


State (42/2993 [5/260], 44.6 bits available, 2 weak literals)

				[tipo_testo tried 1/1] 0.2 secs
				[tipo_linea_orizzontale tried 1/1] 0.2 secs
				[tipo_misto tried 1/1] 0.2 secs
				[tipo_linea_obbliqua tried 1/1] 0.2 secs
				[tipo_immagine tried 1/1] 0.2 secs
				[tipo_vuoto tried 1/1] 0.2 secs
				[ultima_pagina tried 1/1] 0.2 secs
				[frame tried 1/3] 0.2 secs
				[pagina_1 tried 2/3] 0.2 secs
				[on_top tried 2/2] 0.2 secs
				[to_right tried 2/2] 0.2 secs
				[allineato_al_centro_verticale tried 2/2] 0.2 secs
				[allineato_al_centro_orizzontale tried 2/2] 0.2 secs
				[altezza_pagina tried 1/1] 0.2 secs
				[larghezza_pagina tried 1/1] 0.2 secs
				[altezza_rettangolo tried 1/1] 0.2 secs
				[ascissa_rettangolo tried 1/1] 0.2 secs
				[ordinata_rettangolo tried 1/1] 0.2 secs
				[larghezza_rettangolo tried 1/1] 0.2 secs
				[numero_pagine tried 1/1] 0.2 secs

Best literal tipo_misto(C) (4.3 bits)


State (7/109 [4/86], 34.7 bits available)

				[tipo_testo tried 1/1] 0.2 secs
				[tipo_linea_orizzontale tried 1/1] 0.2 secs
				[tipo_misto tried 0/1] 0.2 secs
				[tipo_linea_obbliqua tried 1/1] 0.2 secs
				[tipo_immagine tried 1/1] 0.2 secs
				[tipo_vuoto tried 1/1] 0.2 secs
				[ultima_pagina tried 1/1] 0.2 secs
				[frame tried 2/3] 0.2 secs
				[pagina_1 tried 2/3] 0.2 secs
				[on_top tried 2/2] 0.2 secs
				[to_right tried 2/2] 0.2 secs
				[allineato_al_centro_verticale tried 2/2] 0.2 secs
				[allineato_al_centro_orizzontale tried 2/2] 0.2 secs
				[altezza_pagina tried 1/1] 0.2 secs
				[larghezza_pagina tried 1/1] 0.2 secs
				[altezza_rettangolo tried 1/1] 0.2 secs
				[ascissa_rettangolo tried 1/1] 0.2 secs
				[ordinata_rettangolo tried 1/1] 0.2 secs
				[larghezza_rettangolo tried 1/1] 0.2 secs
				[numero_pagine tried 1/1] 0.2 secs

Best literal on_top(D,C) (5.3 bits)


State (48/386 [4/51], 31.0 bits available)

				[= tried 1/1] 0.2 secs
				[tipo_testo tried 2/2] 0.2 secs
				[tipo_linea_orizzontale tried 2/2] 0.2 secs
				[tipo_misto tried 1/2] 0.2 secs
				[tipo_linea_obbliqua tried 2/2] 0.2 secs
				[tipo_immagine tried 2/2] 0.2 secs
				[tipo_vuoto tried 2/2] 0.2 secs
				[ultima_pagina tried 1/1] 0.2 secs
				[frame tried 4/5] 0.2 secs
				[pagina_1 tried 2/3] 0.2 secs
				[on_top tried 4/6] 0.2 secs
				[to_right tried 6/6] 0.2 secs
				[allineato_al_centro_verticale tried 6/6] 0.2 secs
				[allineato_al_centro_orizzontale tried 4/6] 0.2 secs
				[altezza_pagina tried 1/1] 0.2 secs
				[larghezza_pagina tried 1/1] 0.2 secs
				[altezza_rettangolo tried 2/2] 0.2 secs
				[ascissa_rettangolo tried 2/2] 0.2 secs
				[ordinata_rettangolo tried 2/2] 0.2 secs
				[larghezza_rettangolo tried 2/2] 0.2 secs
				[numero_pagine tried 1/1] 0.2 secs

	Save allineato_al_centro_verticale(E,C) (3,37 value 6.6)
	Save allineato_al_centro_verticale(E,D) (4,47 value 8.7)

Best literal allineato_al_centro_verticale(D,E) (7.0 bits)


State (130/573 [4/45], 26.0 bits available)

				[= tried 3/3] 0.2 secs
				[tipo_testo tried 3/3] 0.2 secs
				[tipo_linea_orizzontale tried 3/3] 0.2 secs
				[tipo_misto tried 2/3] 0.2 secs
				[tipo_linea_obbliqua tried 3/3] 0.2 secs
				[tipo_immagine tried 3/3] 0.2 secs
				[tipo_vuoto tried 3/3] 0.2 secs
				[ultima_pagina tried 1/1] 0.2 secs
				[frame tried 5/6] 0.2 secs
				[pagina_1 tried 2/3] 0.2 secs
				[on_top tried 9/10] 0.2 secs
				[to_right tried 10/10] 0.2 secs
				[allineato_al_centro_verticale tried 8/10] 0.2 secs
				[allineato_al_centro_orizzontale tried 6/10] 0.2 secs
				[altezza_pagina tried 1/1] 0.2 secs
				[larghezza_pagina tried 1/1] 0.2 secs
				[altezza_rettangolo tried 2/2] 0.2 secs
				[ascissa_rettangolo tried 2/2] 0.2 secs
				[ordinata_rettangolo tried 2/2] 0.2 secs
				[larghezza_rettangolo tried 2/2] 0.2 secs
				[numero_pagine tried 1/1] 0.2 secs

	Save tipo_misto(E) (3,23 value 8.6)

Best literal allineato_al_centro_verticale(F,C) (7.7 bits)


State (540/1795 [3/33], 13.7 bits available)

				[= tried 6/6] 0.2 secs
				[tipo_testo tried 4/4] 0.2 secs
				[tipo_linea_orizzontale tried 4/4] 0.2 secs
				[tipo_misto tried 3/4] 0.2 secs
				[tipo_linea_obbliqua tried 4/4] 0.2 secs
				[tipo_immagine tried 4/4] 0.2 secs
				[tipo_vuoto tried 4/4] 0.2 secs
				[ultima_pagina tried 1/1] 0.2 secs
				[frame tried 7/8] 0.2 secs
				[pagina_1 tried 2/3] 0.2 secs
				[on_top tried 17/18] 0.2 secs
				[to_right tried 18/18] 0.2 secs
				[allineato_al_centro_verticale tried 14/18] 0.2 secs
				[allineato_al_centro_orizzontale tried 9/18] 0.2 secs
				[altezza_pagina tried 1/1] 0.2 secs
				[larghezza_pagina tried 1/1] 0.2 secs
				[altezza_rettangolo tried 3/3] 0.2 secs
				[ascissa_rettangolo tried 3/3] 0.2 secs
				[ordinata_rettangolo tried 3/3] 0.2 secs
				[larghezza_rettangolo tried 3/3] 0.2 secs
				[numero_pagine tried 1/1] 0.2 secs

Best literal to_right(E,D) (8.6 bits)


State (255/465 [3/20], 7.7 bits available)

				[= tried 6/6] 0.2 secs
				[tipo_testo tried 4/4] 0.2 secs
				[tipo_linea_orizzontale tried 4/4] 0.2 secs
				[tipo_misto tried 3/4] 0.2 secs
				[tipo_linea_obbliqua tried 4/4] 0.2 secs
				[tipo_immagine tried 4/4] 0.2 secs
				[tipo_vuoto tried 4/4] 0.2 secs
				[ultima_pagina tried 1/1] 0.2 secs
				[frame tried 7/8] 0.2 secs
				[pagina_1 tried 2/3] 0.2 secs
				[on_top tried 17/18] 0.2 secs
				[to_right tried 17/18] 0.2 secs
				[allineato_al_centro_verticale tried 15/18] 0.2 secs
				[allineato_al_centro_orizzontale tried 9/18] 0.2 secs
				[altezza_pagina tried 1/1] 0.2 secs
				[larghezza_pagina tried 1/1] 0.2 secs
				[altezza_rettangolo tried 3/3] 0.2 secs
				[ascissa_rettangolo tried 3/3] 0.2 secs
				[ordinata_rettangolo tried 3/3] 0.2 secs
				[larghezza_rettangolo tried 3/3] 0.2 secs
				[numero_pagine tried 1/1] 0.2 secs

Best literal allineato_al_centro_verticale(D,G) (8.6 bits)


State (1681/2511 [3/20], 2.0 bits available, 1 weak literal)

				[= requires 8.7 bits]
				[tipo_testo requires 6.7 bits]
				[tipo_linea_orizzontale requires 6.7 bits]
				[tipo_misto requires 6.7 bits]
				[tipo_linea_obbliqua requires 6.7 bits]
				[tipo_immagine requires 6.7 bits]
				[tipo_vuoto requires 6.7 bits]
				[ultima_pagina tried 1/1] 0.2 secs
				[frame requires 7.6 bits]
				[pagina_1 requires 6.0 bits]
				[on_top requires 9.1 bits]
				[to_right requires 9.1 bits]
				[allineato_al_centro_verticale requires 9.1 bits]
				[allineato_al_centro_orizzontale requires 9.1 bits]
				[altezza_pagina tried 1/1] 0.2 secs
				[larghezza_pagina tried 1/1] 0.2 secs
				[altezza_rettangolo requires 6.0 bits]
				[ascissa_rettangolo requires 6.0 bits]
				[ordinata_rettangolo requires 6.0 bits]
				[larghezza_rettangolo requires 6.0 bits]
				[numero_pagine tried 1/1] 0.2 secs

No literals

Recover to class_svln(A) :- pagina_1(A,B), frame(B,C), tipo_misto(C), on_top(D,C), allineato_al_centro_verticale(E,D).



State (127/582 [4/47], 26.0 bits available)

				[= tried 3/3] 0.2 secs
				[tipo_testo tried 3/3] 0.2 secs
				[tipo_linea_orizzontale tried 3/3] 0.2 secs
				[tipo_misto tried 2/3] 0.2 secs
				[tipo_linea_obbliqua tried 3/3] 0.2 secs
				[tipo_immagine tried 3/3] 0.2 secs
				[tipo_vuoto tried 3/3] 0.2 secs
				[ultima_pagina tried 1/1] 0.2 secs
				[frame tried 5/6] 0.2 secs
				[pagina_1 tried 2/3] 0.2 secs
				[on_top tried 9/10] 0.2 secs
				[to_right tried 10/10] 0.2 secs
				[allineato_al_centro_verticale tried 8/10] 0.2 secs
				[allineato_al_centro_orizzontale tried 6/10] 0.2 secs
				[altezza_pagina tried 1/1] 0.2 secs
				[larghezza_pagina tried 1/1] 0.2 secs
				[altezza_rettangolo tried 2/2] 0.2 secs
				[ascissa_rettangolo tried 2/2] 0.2 secs
				[ordinata_rettangolo tried 2/2] 0.2 secs
				[larghezza_rettangolo tried 2/2] 0.2 secs
				[numero_pagine tried 1/1] 0.2 secs

	Save allineato_al_centro_verticale(D,F) (4,33 value 10.7)

Best literal allineato_al_centro_verticale(F,C) (7.7 bits)


State (480/1549 [3/34], 13.7 bits available)

				[= tried 6/6] 0.2 secs
				[tipo_testo tried 4/4] 0.2 secs
				[tipo_linea_orizzontale tried 4/4] 0.2 secs
				[tipo_misto tried 3/4] 0.2 secs
				[tipo_linea_obbliqua tried 4/4] 0.2 secs
				[tipo_immagine tried 4/4] 0.2 secs
				[tipo_vuoto tried 4/4] 0.2 secs
				[ultima_pagina tried 1/1] 0.2 secs
				[frame tried 7/8] 0.2 secs
				[pagina_1 tried 2/3] 0.2 secs
				[on_top tried 17/18] 0.2 secs
				[to_right tried 18/18] 0.2 secs
				[allineato_al_centro_verticale tried 14/18] 0.2 secs
				[allineato_al_centro_orizzontale tried 9/18] 0.2 secs
				[altezza_pagina tried 1/1] 0.2 secs
				[larghezza_pagina tried 1/1] 0.2 secs
				[altezza_rettangolo tried 3/3] 0.2 secs
				[ascissa_rettangolo tried 3/3] 0.2 secs
				[ordinata_rettangolo tried 3/3] 0.2 secs
				[larghezza_rettangolo tried 3/3] 0.2 secs
				[numero_pagine tried 1/1] 0.2 secs

	Save allineato_al_centro_verticale(D,G) (3,23 value 8.6)

Best literal to_right(D,E) (8.6 bits)


State (178/300 [3/15], 7.7 bits available)

				[= tried 6/6] 0.2 secs
				[tipo_testo tried 4/4] 0.2 secs
				[tipo_linea_orizzontale tried 4/4] 0.2 secs
				[tipo_misto tried 3/4] 0.2 secs
				[tipo_linea_obbliqua tried 4/4] 0.2 secs
				[tipo_immagine tried 4/4] 0.2 secs
				[tipo_vuoto tried 4/4] 0.2 secs
				[ultima_pagina tried 1/1] 0.2 secs
				[frame tried 7/8] 0.2 secs
				[pagina_1 tried 2/3] 0.2 secs
				[on_top tried 17/18] 0.2 secs
				[to_right tried 17/18] 0.2 secs
				[allineato_al_centro_verticale tried 15/18] 0.2 secs
				[allineato_al_centro_orizzontale tried 9/18] 0.2 secs
				[altezza_pagina tried 1/1] 0.2 secs
				[larghezza_pagina tried 1/1] 0.2 secs
				[altezza_rettangolo tried 3/3] 0.2 secs
				[ascissa_rettangolo tried 3/3] 0.2 secs
				[ordinata_rettangolo tried 3/3] 0.2 secs
				[larghezza_rettangolo tried 3/3] 0.2 secs
				[numero_pagine tried 1/1] 0.2 secs

Best literal allineato_al_centro_verticale(D,G) (8.6 bits)


State (528/723 [3/12], 2.0 bits available)

				[= requires 8.7 bits]
				[tipo_testo requires 6.7 bits]
				[tipo_linea_orizzontale requires 6.7 bits]
				[tipo_misto requires 6.7 bits]
				[tipo_linea_obbliqua requires 6.7 bits]
				[tipo_immagine requires 6.7 bits]
				[tipo_vuoto requires 6.7 bits]
				[ultima_pagina tried 1/1] 0.2 secs
				[frame requires 7.6 bits]
				[pagina_1 requires 6.0 bits]
				[on_top requires 9.1 bits]
				[to_right requires 9.1 bits]
				[allineato_al_centro_verticale requires 9.1 bits]
				[allineato_al_centro_orizzontale requires 9.1 bits]
				[altezza_pagina tried 1/1] 0.2 secs
				[larghezza_pagina tried 1/1] 0.2 secs
				[altezza_rettangolo requires 6.0 bits]
				[ascissa_rettangolo requires 6.0 bits]
				[ordinata_rettangolo requires 6.0 bits]
				[larghezza_rettangolo requires 6.0 bits]
				[numero_pagine tried 1/1] 0.2 secs

No literals

Recover to class_svln(A) :- pagina_1(A,B), frame(B,C), tipo_misto(C), on_top(D,C), allineato_al_centro_verticale(E,D), allineato_al_centro_verticale(D,F).



State (291/943 [4/33], 20.6 bits available)

				[= tried 6/6] 0.2 secs
				[tipo_testo tried 4/4] 0.2 secs
				[tipo_linea_orizzontale tried 4/4] 0.2 secs
				[tipo_misto tried 3/4] 0.2 secs
				[tipo_linea_obbliqua tried 4/4] 0.2 secs
				[tipo_immagine tried 4/4] 0.2 secs
				[tipo_vuoto tried 4/4] 0.2 secs
				[ultima_pagina tried 1/1] 0.2 secs
				[frame tried 6/7] 0.2 secs
				[pagina_1 tried 2/3] 0.2 secs
				[on_top tried 15/16] 0.2 secs
				[to_right tried 16/16] 0.2 secs
				[allineato_al_centro_verticale tried 12/16] 0.2 secs
				[allineato_al_centro_orizzontale tried 10/16] 0.2 secs
				[altezza_pagina tried 1/1] 0.2 secs
				[larghezza_pagina tried 1/1] 0.2 secs
				[altezza_rettangolo tried 2/2] 0.2 secs
				[ascissa_rettangolo tried 2/2] 0.2 secs
				[ordinata_rettangolo tried 2/2] 0.2 secs
				[larghezza_rettangolo tried 2/2] 0.2 secs
				[numero_pagine tried 1/1] 0.2 secs

	Save allineato_al_centro_verticale(G,C) (3,23 value 8.6)
	Save to_right(D,E) (3,19 value 9.4)

Best literal tipo_misto(F) (6.4 bits)


State (177/367 [2/16], 2.5 bits available)

				[= requires 8.0 bits]
				[tipo_testo requires 6.4 bits]
				[tipo_linea_orizzontale requires 6.4 bits]
				[tipo_misto requires 6.4 bits]
				[tipo_linea_obbliqua requires 6.4 bits]
				[tipo_immagine requires 6.4 bits]
				[tipo_vuoto requires 6.4 bits]
				[ultima_pagina tried 1/1] 0.2 secs
				[frame requires 7.2 bits]
				[pagina_1 requires 6.0 bits]
				[on_top requires 8.4 bits]
				[to_right requires 8.4 bits]
				[allineato_al_centro_verticale requires 8.4 bits]
				[allineato_al_centro_orizzontale requires 8.4 bits]
				[altezza_pagina tried 1/1] 0.2 secs
				[larghezza_pagina tried 1/1] 0.2 secs
				[altezza_rettangolo requires 5.4 bits]
				[ascissa_rettangolo requires 5.4 bits]
				[ordinata_rettangolo requires 5.4 bits]
				[larghezza_rettangolo requires 5.4 bits]
				[numero_pagine tried 1/1] 0.2 secs

No literals

Recover to class_svln(A) :- pagina_1(A,B), frame(B,C), tipo_misto(C), on_top(D,C), allineato_al_centro_verticale(E,D), allineato_al_centro_verticale(D,F), to_right(D,E).



State (119/217 [3/19], 7.9 bits available)

				[= tried 6/6] 0.2 secs
				[tipo_testo tried 4/4] 0.2 secs
				[tipo_linea_orizzontale tried 4/4] 0.2 secs
				[tipo_misto tried 3/4] 0.2 secs
				[tipo_linea_obbliqua tried 4/4] 0.2 secs
				[tipo_immagine tried 4/4] 0.2 secs
				[tipo_vuoto tried 4/4] 0.2 secs
				[ultima_pagina tried 1/1] 0.2 secs
				[frame tried 6/7] 0.2 secs
				[pagina_1 tried 2/3] 0.2 secs
				[on_top tried 15/16] 0.2 secs
				[to_right tried 15/16] 0.2 secs
				[allineato_al_centro_verticale tried 13/16] 0.2 secs
				[allineato_al_centro_orizzontale tried 10/16] 0.2 secs
				[altezza_pagina tried 1/1] 0.2 secs
				[larghezza_pagina tried 1/1] 0.2 secs
				[altezza_rettangolo tried 2/2] 0.2 secs
				[ascissa_rettangolo tried 2/2] 0.2 secs
				[ordinata_rettangolo tried 2/2] 0.2 secs
				[larghezza_rettangolo tried 2/2] 0.2 secs
				[numero_pagine tried 1/1] 0.2 secs

Best literal allineato_al_centro_verticale(G,C) (8.4 bits)


State (528/723 [3/12], 2.3 bits available)

				[= requires 8.7 bits]
				[tipo_testo requires 6.7 bits]
				[tipo_linea_orizzontale requires 6.7 bits]
				[tipo_misto requires 6.7 bits]
				[tipo_linea_obbliqua requires 6.7 bits]
				[tipo_immagine requires 6.7 bits]
				[tipo_vuoto requires 6.7 bits]
				[ultima_pagina tried 1/1] 0.2 secs
				[frame requires 7.6 bits]
				[pagina_1 requires 6.0 bits]
				[on_top requires 9.1 bits]
				[to_right requires 9.1 bits]
				[allineato_al_centro_verticale requires 9.1 bits]
				[allineato_al_centro_orizzontale requires 9.1 bits]
				[altezza_pagina tried 1/1] 0.2 secs
				[larghezza_pagina tried 1/1] 0.2 secs
				[altezza_rettangolo requires 6.0 bits]
				[ascissa_rettangolo requires 6.0 bits]
				[ordinata_rettangolo requires 6.0 bits]
				[larghezza_rettangolo requires 6.0 bits]
				[numero_pagine tried 1/1] 0.2 secs

No literals

Recover to class_svln(A) :- pagina_1(A,B), frame(B,C), tipo_misto(C), on_top(D,C), allineato_al_centro_verticale(D,E), tipo_misto(E).



State (62/173 [3/23], 15.4 bits available)

				[= tried 3/3] 0.2 secs
				[tipo_testo tried 3/3] 0.2 secs
				[tipo_linea_orizzontale tried 3/3] 0.2 secs
				[tipo_misto tried 1/3] 0.2 secs
				[tipo_linea_obbliqua tried 3/3] 0.2 secs
				[tipo_immagine tried 3/3] 0.2 secs
				[tipo_vuoto tried 3/3] 0.2 secs
				[ultima_pagina tried 1/1] 0.2 secs
				[frame tried 5/6] 0.2 secs
				[pagina_1 tried 2/3] 0.2 secs
				[on_top tried 9/10] 0.2 secs
				[to_right tried 10/10] 0.2 secs
				[allineato_al_centro_verticale tried 9/10] 0.2 secs
				[allineato_al_centro_orizzontale tried 6/10] 0.2 secs
				[altezza_pagina tried 1/1] 0.2 secs
				[larghezza_pagina tried 1/1] 0.2 secs
				[altezza_rettangolo tried 2/2] 0.2 secs
				[ascissa_rettangolo tried 2/2] 0.2 secs
				[ordinata_rettangolo tried 2/2] 0.2 secs
				[larghezza_rettangolo tried 2/2] 0.2 secs
				[numero_pagine tried 1/1] 0.2 secs

	Save allineato_al_centro_verticale(F,D) (2,16 value 5.9)

Best literal allineato_al_centro_verticale(C,F) (7.7 bits)


State (206/406 [3/19], 10.3 bits available)

				[= tried 6/6] 0.2 secs
				[tipo_testo tried 4/4] 0.2 secs
				[tipo_linea_orizzontale tried 4/4] 0.2 secs
				[tipo_misto tried 2/4] 0.2 secs
				[tipo_linea_obbliqua tried 4/4] 0.2 secs
				[tipo_immagine tried 4/4] 0.2 secs
				[tipo_vuoto tried 4/4] 0.2 secs
				[ultima_pagina tried 1/1] 0.2 secs
				[frame tried 7/8] 0.2 secs
				[pagina_1 tried 2/3] 0.2 secs
				[on_top tried 17/18] 0.2 secs
				[to_right tried 18/18] 0.2 secs
				[allineato_al_centro_verticale tried 15/18] 0.2 secs
				[allineato_al_centro_orizzontale tried 9/18] 0.2 secs
				[altezza_pagina tried 1/1] 0.2 secs
				[larghezza_pagina tried 1/1] 0.2 secs
				[altezza_rettangolo tried 3/3] 0.2 secs
				[ascissa_rettangolo tried 3/3] 0.2 secs
				[ordinata_rettangolo tried 3/3] 0.2 secs
				[larghezza_rettangolo tried 3/3] 0.2 secs
				[numero_pagine tried 1/1] 0.2 secs

	Save on_top(D,G) (3,19 value 9.4)
	Save on_top(G,C) (3,19 value 9.4)

Best literal on_top(D,E) (8.6 bits)


State (200/346 [3/19], 4.6 bits available)

				[= requires 8.0 bits]
				[tipo_testo tried 4/4] 0.2 secs
				[tipo_linea_orizzontale tried 4/4] 0.2 secs
				[tipo_misto tried 2/4] 0.2 secs
				[tipo_linea_obbliqua tried 4/4] 0.2 secs
				[tipo_immagine tried 4/4] 0.2 secs
				[tipo_vuoto tried 4/4] 0.2 secs
				[ultima_pagina tried 1/1] 0.2 secs
				[frame tried 7/8] 0.2 secs
				[pagina_1 tried 2/3] 0.2 secs
				[on_top requires 8.6 bits]
				[to_right requires 8.6 bits]
				[allineato_al_centro_verticale requires 8.6 bits]
				[allineato_al_centro_orizzontale requires 8.6 bits]
				[altezza_pagina tried 1/1] 0.2 secs
				[larghezza_pagina tried 1/1] 0.2 secs
				[altezza_rettangolo tried 3/3] 0.2 secs
				[ascissa_rettangolo tried 3/3] 0.2 secs
				[ordinata_rettangolo tried 3/3] 0.2 secs
				[larghezza_rettangolo tried 3/3] 0.2 secs
				[numero_pagine tried 1/1] 0.2 secs

Best literal frame(B,G) (7.4 bits)


State (2175/3629 [3/19], 0.2 bits available, 1 weak literal)

				[= requires 8.7 bits]
				[tipo_testo requires 6.7 bits]
				[tipo_linea_orizzontale requires 6.7 bits]
				[tipo_misto requires 6.7 bits]
				[tipo_linea_obbliqua requires 6.7 bits]
				[tipo_immagine requires 6.7 bits]
				[tipo_vuoto requires 6.7 bits]
				[ultima_pagina requires 4.4 bits]
				[frame requires 7.7 bits]
				[pagina_1 requires 6.0 bits]
				[on_top requires 9.2 bits]
				[to_right requires 9.2 bits]
				[allineato_al_centro_verticale requires 9.2 bits]
				[allineato_al_centro_orizzontale requires 9.2 bits]
				[altezza_pagina requires 4.4 bits]
				[larghezza_pagina requires 4.4 bits]
				[altezza_rettangolo requires 6.4 bits]
				[ascissa_rettangolo requires 6.4 bits]
				[ordinata_rettangolo requires 6.4 bits]
				[larghezza_rettangolo requires 6.4 bits]
				[numero_pagine requires 4.4 bits]

No literals

Recover to class_svln(A) :- pagina_1(A,B), frame(B,C), tipo_misto(C), on_top(D,C), allineato_al_centro_verticale(D,E), tipo_misto(E), allineato_al_centro_verticale(C,F), on_top(D,G).



State (1450/2519 [3/19], 4.6 bits available, 1 weak literal)

				[= requires 8.7 bits]
				[tipo_testo tried 5/5] 0.2 secs
				[tipo_linea_orizzontale tried 5/5] 0.2 secs
				[tipo_misto tried 3/5] 0.2 secs
				[tipo_linea_obbliqua tried 5/5] 0.2 secs
				[tipo_immagine tried 5/5] 0.2 secs
				[tipo_vuoto tried 5/5] 0.2 secs
				[ultima_pagina tried 1/1] 0.2 secs
				[frame requires 7.6 bits]
				[pagina_1 tried 2/3] 0.2 secs
				[on_top requires 9.1 bits]
				[to_right requires 9.1 bits]
				[allineato_al_centro_verticale requires 9.1 bits]
				[allineato_al_centro_orizzontale requires 9.1 bits]
				[altezza_pagina tried 1/1] 0.2 secs
				[larghezza_pagina tried 1/1] 0.2 secs
				[altezza_rettangolo tried 3/3] 0.2 secs
				[ascissa_rettangolo tried 3/3] 0.2 secs
				[ordinata_rettangolo tried 3/3] 0.2 secs
				[larghezza_rettangolo tried 3/3] 0.2 secs
				[numero_pagine tried 1/1] 0.2 secs

Best literal tipo_misto(G) (6.7 bits)


State (754/1110 [3/19], 0.8 bits available)

				[= requires 8.7 bits]
				[tipo_testo requires 6.7 bits]
				[tipo_linea_orizzontale requires 6.7 bits]
				[tipo_misto requires 6.7 bits]
				[tipo_linea_obbliqua requires 6.7 bits]
				[tipo_immagine requires 6.7 bits]
				[tipo_vuoto requires 6.7 bits]
				[ultima_pagina requires 4.4 bits]
				[frame requires 7.6 bits]
				[pagina_1 requires 6.0 bits]
				[on_top requires 9.1 bits]
				[to_right requires 9.1 bits]
				[allineato_al_centro_verticale requires 9.1 bits]
				[allineato_al_centro_orizzontale requires 9.1 bits]
				[altezza_pagina requires 4.4 bits]
				[larghezza_pagina requires 4.4 bits]
				[altezza_rettangolo requires 6.0 bits]
				[ascissa_rettangolo requires 6.0 bits]
				[ordinata_rettangolo requires 6.0 bits]
				[larghezza_rettangolo requires 6.0 bits]
				[numero_pagine requires 4.4 bits]

No literals

Recover to class_svln(A) :- pagina_1(A,B), frame(B,C), tipo_misto(C), on_top(D,C), allineato_al_centro_verticale(D,E), tipo_misto(E), allineato_al_centro_verticale(C,F), on_top(G,C).



State (1708/2993 [3/19], 4.6 bits available, 1 weak literal)

				[= requires 8.7 bits]
				[tipo_testo tried 5/5] 0.2 secs
				[tipo_linea_orizzontale tried 5/5] 0.2 secs
				[tipo_misto tried 3/5] 0.2 secs
				[tipo_linea_obbliqua tried 5/5] 0.2 secs
				[tipo_immagine tried 5/5] 0.2 secs
				[tipo_vuoto tried 5/5] 0.2 secs
				[ultima_pagina tried 1/1] 0.2 secs
				[frame requires 7.7 bits]
				[pagina_1 tried 2/3] 0.2 secs
				[on_top requires 9.2 bits]
				[to_right requires 9.2 bits]
				[allineato_al_centro_verticale requires 9.2 bits]
				[allineato_al_centro_orizzontale requires 9.2 bits]
				[altezza_pagina tried 1/1] 0.2 secs
				[larghezza_pagina tried 1/1] 0.2 secs
				[altezza_rettangolo tried 4/4] 0.2 secs
				[ascissa_rettangolo tried 4/4] 0.2 secs
				[ordinata_rettangolo tried 4/4] 0.2 secs
				[larghezza_rettangolo tried 4/4] 0.2 secs
				[numero_pagine tried 1/1] 0.2 secs

No literals

Recover to class_svln(A) :- pagina_1(A,B), frame(B,C), tipo_misto(C), on_top(D,C), allineato_al_centro_verticale(E,D), allineato_al_centro_verticale(F,C), allineato_al_centro_verticale(D,G).



State (1262/3190 [3/23], 7.7 bits available)

				[= tried 10/10] 0.2 secs
				[tipo_testo tried 5/5] 0.2 secs
				[tipo_linea_orizzontale tried 5/5] 0.2 secs
				[tipo_misto tried 4/5] 0.2 secs
				[tipo_linea_obbliqua tried 5/5] 0.2 secs
				[tipo_immagine tried 5/5] 0.2 secs
				[tipo_vuoto tried 5/5] 0.2 secs
				[ultima_pagina tried 1/1] 0.2 secs
				[frame tried 8/9] 0.2 secs
				[pagina_1 tried 2/3] 0.2 secs
				[on_top tried 25/26] 0.2 secs
				[to_right tried 26/26] 0.2 secs
				[allineato_al_centro_verticale tried 20/26] 0.2 secs
				[allineato_al_centro_orizzontale tried 14/26] 0.2 secs
				[altezza_pagina tried 1/1] 0.2 secs
				[larghezza_pagina tried 1/1] 0.2 secs
				[altezza_rettangolo tried 3/3] 0.2 secs
				[ascissa_rettangolo tried 3/3] 0.2 secs
				[ordinata_rettangolo tried 3/3] 0.2 secs
				[larghezza_rettangolo tried 3/3] 0.2 secs
				[numero_pagine tried 1/1] 0.2 secs

	Save to_right(D,E) (3,12 value 11.2)
	Save to_right(C,H) (3,22 value 8.8)
	Save to_right(G,E) (3,15 value 10.3)
	Save to_right(F,H) (3,22 value 8.8)

Best literal to_right(D,H) (9.1 bits)


State (4635/8977 [3/22], 1.4 bits available)

				[= requires 9.3 bits]
				[tipo_testo requires 7.0 bits]
				[tipo_linea_orizzontale requires 7.0 bits]
				[tipo_misto requires 7.0 bits]
				[tipo_linea_obbliqua requires 7.0 bits]
				[tipo_immagine requires 7.0 bits]
				[tipo_vuoto requires 7.0 bits]
				[ultima_pagina tried 1/1] 0.2 secs
				[frame requires 7.7 bits]
				[pagina_1 requires 6.0 bits]
				[on_top requires 9.6 bits]
				[to_right requires 9.6 bits]
				[allineato_al_centro_verticale requires 9.6 bits]
				[allineato_al_centro_orizzontale requires 9.6 bits]
				[altezza_pagina tried 1/1] 0.2 secs
				[larghezza_pagina tried 1/1] 0.2 secs
				[altezza_rettangolo requires 6.0 bits]
				[ascissa_rettangolo requires 6.0 bits]
				[ordinata_rettangolo requires 6.0 bits]
				[larghezza_rettangolo requires 6.0 bits]
				[numero_pagine tried 1/1] 0.2 secs

No literals

Recover to class_svln(A) :- pagina_1(A,B), frame(B,C), tipo_misto(C), on_top(D,C), allineato_al_centro_verticale(E,D), allineato_al_centro_verticale(F,C), allineato_al_centro_verticale(D,G), to_right(D,E).



State (528/723 [3/12], 1.4 bits available)

				[= requires 8.7 bits]
				[tipo_testo requires 6.7 bits]
				[tipo_linea_orizzontale requires 6.7 bits]
				[tipo_misto requires 6.7 bits]
				[tipo_linea_obbliqua requires 6.7 bits]
				[tipo_immagine requires 6.7 bits]
				[tipo_vuoto requires 6.7 bits]
				[ultima_pagina tried 1/1] 0.2 secs
				[frame requires 7.6 bits]
				[pagina_1 requires 6.0 bits]
				[on_top requires 9.1 bits]
				[to_right requires 9.1 bits]
				[allineato_al_centro_verticale requires 9.1 bits]
				[allineato_al_centro_orizzontale requires 9.1 bits]
				[altezza_pagina tried 1/1] 0.2 secs
				[larghezza_pagina tried 1/1] 0.2 secs
				[altezza_rettangolo requires 6.0 bits]
				[ascissa_rettangolo requires 6.0 bits]
				[ordinata_rettangolo requires 6.0 bits]
				[larghezza_rettangolo requires 6.0 bits]
				[numero_pagine tried 1/1] 0.2 secs

No literals

Recover to class_svln(A) :- pagina_1(A,B), frame(B,C), tipo_misto(C), on_top(D,C), allineato_al_centro_verticale(E,D), allineato_al_centro_verticale(F,C), allineato_al_centro_verticale(D,G), to_right(G,E).



State (529/761 [3/15], 1.4 bits available)

				[= requires 8.7 bits]
				[tipo_testo requires 6.7 bits]
				[tipo_linea_orizzontale requires 6.7 bits]
				[tipo_misto requires 6.7 bits]
				[tipo_linea_obbliqua requires 6.7 bits]
				[tipo_immagine requires 6.7 bits]
				[tipo_vuoto requires 6.7 bits]
				[ultima_pagina tried 1/1] 0.2 secs
				[frame requires 7.6 bits]
				[pagina_1 requires 6.0 bits]
				[on_top requires 9.1 bits]
				[to_right requires 9.1 bits]
				[allineato_al_centro_verticale requires 9.1 bits]
				[allineato_al_centro_orizzontale requires 9.1 bits]
				[altezza_pagina tried 1/1] 0.2 secs
				[larghezza_pagina tried 1/1] 0.2 secs
				[altezza_rettangolo requires 6.0 bits]
				[ascissa_rettangolo requires 6.0 bits]
				[ordinata_rettangolo requires 6.0 bits]
				[larghezza_rettangolo requires 6.0 bits]
				[numero_pagine tried 1/1] 0.2 secs

No literals

Recover to class_svln(A) :- pagina_1(A,B), frame(B,C), tipo_misto(C), on_top(D,C), allineato_al_centro_verticale(E,D), allineato_al_centro_verticale(F,C), allineato_al_centro_verticale(D,G), to_right(C,H).



State (4941/9828 [3/22], 1.4 bits available)

				[= requires 9.3 bits]
				[tipo_testo requires 7.0 bits]
				[tipo_linea_orizzontale requires 7.0 bits]
				[tipo_misto requires 7.0 bits]
				[tipo_linea_obbliqua requires 7.0 bits]
				[tipo_immagine requires 7.0 bits]
				[tipo_vuoto requires 7.0 bits]
				[ultima_pagina tried 1/1] 0.2 secs
				[frame requires 7.9 bits]
				[pagina_1 requires 6.0 bits]
				[on_top requires 9.6 bits]
				[to_right requires 9.6 bits]
				[allineato_al_centro_verticale requires 9.6 bits]
				[allineato_al_centro_orizzontale requires 9.6 bits]
				[altezza_pagina tried 1/1] 0.2 secs
				[larghezza_pagina tried 1/1] 0.2 secs
				[altezza_rettangolo requires 6.4 bits]
				[ascissa_rettangolo requires 6.4 bits]
				[ordinata_rettangolo requires 6.4 bits]
				[larghezza_rettangolo requires 6.4 bits]
				[numero_pagine tried 1/1] 0.2 secs

No literals

Recover to class_svln(A) :- pagina_1(A,B), frame(B,C), tipo_misto(C), on_top(D,C), allineato_al_centro_verticale(E,D), allineato_al_centro_verticale(F,C), allineato_al_centro_verticale(D,G), to_right(F,H).



State (4233/8516 [3/22], 1.4 bits available)

				[= requires 9.3 bits]
				[tipo_testo requires 7.0 bits]
				[tipo_linea_orizzontale requires 7.0 bits]
				[tipo_misto requires 7.0 bits]
				[tipo_linea_obbliqua requires 7.0 bits]
				[tipo_immagine requires 7.0 bits]
				[tipo_vuoto requires 7.0 bits]
				[ultima_pagina tried 1/1] 0.2 secs
				[frame requires 7.7 bits]
				[pagina_1 requires 6.0 bits]
				[on_top requires 9.6 bits]
				[to_right requires 9.6 bits]
				[allineato_al_centro_verticale requires 9.6 bits]
				[allineato_al_centro_orizzontale requires 9.6 bits]
				[altezza_pagina tried 1/1] 0.2 secs
				[larghezza_pagina tried 1/1] 0.2 secs
				[altezza_rettangolo requires 6.0 bits]
				[ascissa_rettangolo requires 6.0 bits]
				[ordinata_rettangolo requires 6.0 bits]
				[larghezza_rettangolo requires 6.0 bits]
				[numero_pagine tried 1/1] 0.2 secs

No literals

Recover to class_svln(A) :- pagina_1(A,B), frame(B,C), tipo_misto(C), on_top(D,C), allineato_al_centro_verticale(E,D), allineato_al_centro_verticale(D,F), allineato_al_centro_verticale(G,C).



State (1262/3190 [3/23], 7.9 bits available)

				[= tried 10/10] 0.2 secs
				[tipo_testo tried 5/5] 0.2 secs
				[tipo_linea_orizzontale tried 5/5] 0.2 secs
				[tipo_misto tried 4/5] 0.2 secs
				[tipo_linea_obbliqua tried 5/5] 0.2 secs
				[tipo_immagine tried 5/5] 0.2 secs
				[tipo_vuoto tried 5/5] 0.2 secs
				[ultima_pagina tried 1/1] 0.2 secs
				[frame tried 8/9] 0.3 secs
				[pagina_1 tried 2/3] 0.3 secs
				[on_top tried 25/26] 0.3 secs
				[to_right tried 26/26] 0.3 secs
				[allineato_al_centro_verticale tried 20/26] 0.3 secs
				[allineato_al_centro_orizzontale tried 14/26] 0.3 secs
				[altezza_pagina tried 1/1] 0.3 secs
				[larghezza_pagina tried 1/1] 0.3 secs
				[altezza_rettangolo tried 3/3] 0.3 secs
				[ascissa_rettangolo tried 3/3] 0.3 secs
				[ordinata_rettangolo tried 3/3] 0.3 secs
				[larghezza_rettangolo tried 3/3] 0.3 secs
				[numero_pagine tried 1/1] 0.3 secs

	Save to_right(D,E) (3,12 value 11.2)
	Save to_right(C,H) (3,22 value 8.8)
	Save to_right(F,E) (3,15 value 10.3)
	Save to_right(G,H) (3,22 value 8.8)

Best literal to_right(D,H) (9.1 bits)


State (4635/8977 [3/22], 1.6 bits available)

				[= requires 9.3 bits]
				[tipo_testo requires 7.0 bits]
				[tipo_linea_orizzontale requires 7.0 bits]
				[tipo_misto requires 7.0 bits]
				[tipo_linea_obbliqua requires 7.0 bits]
				[tipo_immagine requires 7.0 bits]
				[tipo_vuoto requires 7.0 bits]
				[ultima_pagina tried 1/1] 0.3 secs
				[frame requires 7.7 bits]
				[pagina_1 requires 6.0 bits]
				[on_top requires 9.6 bits]
				[to_right requires 9.6 bits]
				[allineato_al_centro_verticale requires 9.6 bits]
				[allineato_al_centro_orizzontale requires 9.6 bits]
				[altezza_pagina tried 1/1] 0.3 secs
				[larghezza_pagina tried 1/1] 0.3 secs
				[altezza_rettangolo requires 6.0 bits]
				[ascissa_rettangolo requires 6.0 bits]
				[ordinata_rettangolo requires 6.0 bits]
				[larghezza_rettangolo requires 6.0 bits]
				[numero_pagine tried 1/1] 0.3 secs

No literals

Recover to class_svln(A) :- pagina_1(A,B), frame(B,C), tipo_misto(C), on_top(D,C), allineato_al_centro_verticale(E,D), allineato_al_centro_verticale(D,F), allineato_al_centro_verticale(G,C), to_right(D,E).



State (528/723 [3/12], 1.6 bits available)

				[= requires 8.7 bits]
				[tipo_testo requires 6.7 bits]
				[tipo_linea_orizzontale requires 6.7 bits]
				[tipo_misto requires 6.7 bits]
				[tipo_linea_obbliqua requires 6.7 bits]
				[tipo_immagine requires 6.7 bits]
				[tipo_vuoto requires 6.7 bits]
				[ultima_pagina tried 1/1] 0.3 secs
				[frame requires 7.6 bits]
				[pagina_1 requires 6.0 bits]
				[on_top requires 9.1 bits]
				[to_right requires 9.1 bits]
				[allineato_al_centro_verticale requires 9.1 bits]
				[allineato_al_centro_orizzontale requires 9.1 bits]
				[altezza_pagina tried 1/1] 0.3 secs
				[larghezza_pagina tried 1/1] 0.3 secs
				[altezza_rettangolo requires 6.0 bits]
				[ascissa_rettangolo requires 6.0 bits]
				[ordinata_rettangolo requires 6.0 bits]
				[larghezza_rettangolo requires 6.0 bits]
				[numero_pagine tried 1/1] 0.3 secs

No literals

Recover to class_svln(A) :- pagina_1(A,B), frame(B,C), tipo_misto(C), on_top(D,C), allineato_al_centro_verticale(E,D), allineato_al_centro_verticale(D,F), allineato_al_centro_verticale(G,C), to_right(F,E).



State (529/761 [3/15], 1.6 bits available)

				[= requires 8.7 bits]
				[tipo_testo requires 6.7 bits]
				[tipo_linea_orizzontale requires 6.7 bits]
				[tipo_misto requires 6.7 bits]
				[tipo_linea_obbliqua requires 6.7 bits]
				[tipo_immagine requires 6.7 bits]
				[tipo_vuoto requires 6.7 bits]
				[ultima_pagina tried 1/1] 0.3 secs
				[frame requires 7.6 bits]
				[pagina_1 requires 6.0 bits]
				[on_top requires 9.1 bits]
				[to_right requires 9.1 bits]
				[allineato_al_centro_verticale requires 9.1 bits]
				[allineato_al_centro_orizzontale requires 9.1 bits]
				[altezza_pagina tried 1/1] 0.3 secs
				[larghezza_pagina tried 1/1] 0.3 secs
				[altezza_rettangolo requires 6.0 bits]
				[ascissa_rettangolo requires 6.0 bits]
				[ordinata_rettangolo requires 6.0 bits]
				[larghezza_rettangolo requires 6.0 bits]
				[numero_pagine tried 1/1] 0.3 secs

No literals

Recover to class_svln(A) :- pagina_1(A,B), frame(B,C), tipo_misto(C), on_top(D,C), allineato_al_centro_verticale(E,D), allineato_al_centro_verticale(D,F), allineato_al_centro_verticale(G,C), to_right(C,H).



State (4941/9828 [3/22], 1.6 bits available)

				[= requires 9.3 bits]
				[tipo_testo requires 7.0 bits]
				[tipo_linea_orizzontale requires 7.0 bits]
				[tipo_misto requires 7.0 bits]
				[tipo_linea_obbliqua requires 7.0 bits]
				[tipo_immagine requires 7.0 bits]
				[tipo_vuoto requires 7.0 bits]
				[ultima_pagina tried 1/1] 0.3 secs
				[frame requires 7.9 bits]
				[pagina_1 requires 6.0 bits]
				[on_top requires 9.6 bits]
				[to_right requires 9.6 bits]
				[allineato_al_centro_verticale requires 9.6 bits]
				[allineato_al_centro_orizzontale requires 9.6 bits]
				[altezza_pagina tried 1/1] 0.3 secs
				[larghezza_pagina tried 1/1] 0.3 secs
				[altezza_rettangolo requires 6.4 bits]
				[ascissa_rettangolo requires 6.4 bits]
				[ordinata_rettangolo requires 6.4 bits]
				[larghezza_rettangolo requires 6.4 bits]
				[numero_pagine tried 1/1] 0.3 secs

No literals

Recover to class_svln(A) :- pagina_1(A,B), frame(B,C), tipo_misto(C), on_top(D,C), allineato_al_centro_verticale(E,D), allineato_al_centro_verticale(D,F), allineato_al_centro_verticale(G,C), to_right(G,H).



State (4233/8516 [3/22], 1.6 bits available)

				[= requires 9.3 bits]
				[tipo_testo requires 7.0 bits]
				[tipo_linea_orizzontale requires 7.0 bits]
				[tipo_misto requires 7.0 bits]
				[tipo_linea_obbliqua requires 7.0 bits]
				[tipo_immagine requires 7.0 bits]
				[tipo_vuoto requires 7.0 bits]
				[ultima_pagina tried 1/1] 0.3 secs
				[frame requires 7.7 bits]
				[pagina_1 requires 6.0 bits]
				[on_top requires 9.6 bits]
				[to_right requires 9.6 bits]
				[allineato_al_centro_verticale requires 9.6 bits]
				[allineato_al_centro_orizzontale requires 9.6 bits]
				[altezza_pagina tried 1/1] 0.3 secs
				[larghezza_pagina tried 1/1] 0.3 secs
				[altezza_rettangolo requires 6.0 bits]
				[ascissa_rettangolo requires 6.0 bits]
				[ordinata_rettangolo requires 6.0 bits]
				[larghezza_rettangolo requires 6.0 bits]
				[numero_pagine tried 1/1] 0.3 secs

No literals

Recover to class_svln(A) :- pagina_1(A,B), frame(B,C), tipo_misto(C), on_top(D,C), allineato_al_centro_verticale(E,C).



State (162/823 [3/37], 19.1 bits available)

				[= tried 3/3] 0.3 secs
				[tipo_testo tried 3/3] 0.3 secs
				[tipo_linea_orizzontale tried 3/3] 0.3 secs
				[tipo_misto tried 2/3] 0.3 secs
				[tipo_linea_obbliqua tried 3/3] 0.3 secs
				[tipo_immagine tried 3/3] 0.3 secs
				[tipo_vuoto tried 3/3] 0.3 secs
				[ultima_pagina tried 1/1] 0.3 secs
				[frame tried 6/7] 0.3 secs
				[pagina_1 tried 2/3] 0.3 secs
				[on_top tried 10/12] 0.3 secs
				[to_right tried 12/12] 0.3 secs
				[allineato_al_centro_verticale tried 10/12] 0.3 secs
				[allineato_al_centro_orizzontale tried 6/12] 0.3 secs
				[altezza_pagina tried 1/1] 0.3 secs
				[larghezza_pagina tried 1/1] 0.3 secs
				[altezza_rettangolo tried 3/3] 0.3 secs
				[ascissa_rettangolo tried 3/3] 0.3 secs
				[ordinata_rettangolo tried 3/3] 0.3 secs
				[larghezza_rettangolo tried 3/3] 0.3 secs
				[numero_pagine tried 1/1] 0.3 secs

	Save allineato_al_centro_verticale(F,D) (3,34 value 6.9)
	Save allineato_al_centro_verticale(D,C) (3,23 value 8.6)

Best literal allineato_al_centro_verticale(D,F) (8.0 bits)


State (540/1795 [3/33], 13.4 bits available)

				[= tried 6/6] 0.3 secs
				[tipo_testo tried 4/4] 0.3 secs
				[tipo_linea_orizzontale tried 4/4] 0.3 secs
				[tipo_misto tried 3/4] 0.3 secs
				[tipo_linea_obbliqua tried 4/4] 0.3 secs
				[tipo_immagine tried 4/4] 0.3 secs
				[tipo_vuoto tried 4/4] 0.3 secs
				[ultima_pagina tried 1/1] 0.3 secs
				[frame tried 7/8] 0.3 secs
				[pagina_1 tried 2/3] 0.3 secs
				[on_top tried 17/18] 0.3 secs
				[to_right tried 18/18] 0.3 secs
				[allineato_al_centro_verticale tried 14/18] 0.3 secs
				[allineato_al_centro_orizzontale tried 9/18] 0.3 secs
				[altezza_pagina tried 1/1] 0.3 secs
				[larghezza_pagina tried 1/1] 0.3 secs
				[altezza_rettangolo tried 3/3] 0.3 secs
				[ascissa_rettangolo tried 3/3] 0.3 secs
				[ordinata_rettangolo tried 3/3] 0.3 secs
				[larghezza_rettangolo tried 3/3] 0.3 secs
				[numero_pagine tried 1/1] 0.3 secs

Best literal to_right(F,D) (8.6 bits)


State (255/465 [3/20], 7.5 bits available)

				[= tried 6/6] 0.3 secs
				[tipo_testo tried 4/4] 0.3 secs
				[tipo_linea_orizzontale tried 4/4] 0.3 secs
				[tipo_misto tried 3/4] 0.3 secs
				[tipo_linea_obbliqua tried 4/4] 0.3 secs
				[tipo_immagine tried 4/4] 0.3 secs
				[tipo_vuoto tried 4/4] 0.3 secs
				[ultima_pagina tried 1/1] 0.3 secs
				[frame tried 7/8] 0.3 secs
				[pagina_1 tried 2/3] 0.3 secs
				[on_top tried 17/18] 0.3 secs
				[to_right tried 17/18] 0.3 secs
				[allineato_al_centro_verticale tried 15/18] 0.3 secs
				[allineato_al_centro_orizzontale tried 9/18] 0.3 secs
				[altezza_pagina tried 1/1] 0.3 secs
				[larghezza_pagina tried 1/1] 0.3 secs
				[altezza_rettangolo tried 3/3] 0.3 secs
				[ascissa_rettangolo tried 3/3] 0.3 secs
				[ordinata_rettangolo tried 3/3] 0.3 secs
				[larghezza_rettangolo tried 3/3] 0.3 secs
				[numero_pagine tried 1/1] 0.3 secs

Best literal allineato_al_centro_verticale(D,G) (8.6 bits)


State (1681/2511 [3/20], 1.7 bits available, 1 weak literal)

				[= requires 8.7 bits]
				[tipo_testo requires 6.7 bits]
				[tipo_linea_orizzontale requires 6.7 bits]
				[tipo_misto requires 6.7 bits]
				[tipo_linea_obbliqua requires 6.7 bits]
				[tipo_immagine requires 6.7 bits]
				[tipo_vuoto requires 6.7 bits]
				[ultima_pagina tried 1/1] 0.3 secs
				[frame requires 7.6 bits]
				[pagina_1 requires 6.0 bits]
				[on_top requires 9.1 bits]
				[to_right requires 9.1 bits]
				[allineato_al_centro_verticale requires 9.1 bits]
				[allineato_al_centro_orizzontale requires 9.1 bits]
				[altezza_pagina tried 1/1] 0.3 secs
				[larghezza_pagina tried 1/1] 0.3 secs
				[altezza_rettangolo requires 6.0 bits]
				[ascissa_rettangolo requires 6.0 bits]
				[ordinata_rettangolo requires 6.0 bits]
				[larghezza_rettangolo requires 6.0 bits]
				[numero_pagine tried 1/1] 0.3 secs

No literals

Recover to class_svln(A) :- pagina_1(A,B), frame(B,C), tipo_misto(C), on_top(D,C), allineato_al_centro_verticale(E,C), allineato_al_centro_verticale(D,C).



State (113/377 [3/23], 13.4 bits available)

				[= tried 3/3] 0.3 secs
				[tipo_testo tried 3/3] 0.3 secs
				[tipo_linea_orizzontale tried 3/3] 0.3 secs
				[tipo_misto tried 2/3] 0.3 secs
				[tipo_linea_obbliqua tried 3/3] 0.3 secs
				[tipo_immagine tried 3/3] 0.3 secs
				[tipo_vuoto tried 3/3] 0.3 secs
				[ultima_pagina tried 1/1] 0.3 secs
				[frame tried 6/7] 0.3 secs
				[pagina_1 tried 2/3] 0.3 secs
				[on_top tried 11/12] 0.3 secs
				[to_right tried 12/12] 0.3 secs
				[allineato_al_centro_verticale tried 9/12] 0.3 secs
				[allineato_al_centro_orizzontale tried 6/12] 0.3 secs
				[altezza_pagina tried 1/1] 0.3 secs
				[larghezza_pagina tried 1/1] 0.3 secs
				[altezza_rettangolo tried 3/3] 0.3 secs
				[ascissa_rettangolo tried 3/3] 0.3 secs
				[ordinata_rettangolo tried 3/3] 0.3 secs
				[larghezza_rettangolo tried 3/3] 0.3 secs
				[numero_pagine tried 1/1] 0.3 secs

	Save allineato_al_centro_verticale(F,D) (2,16 value 5.9)

Best literal on_top(C,F) (8.0 bits)


State (257/639 [2/20], 0.7 bits available)

				[= requires 8.0 bits]
				[tipo_testo requires 6.4 bits]
				[tipo_linea_orizzontale requires 6.4 bits]
				[tipo_misto requires 6.4 bits]
				[tipo_linea_obbliqua requires 6.4 bits]
				[tipo_immagine requires 6.4 bits]
				[tipo_vuoto requires 6.4 bits]
				[ultima_pagina requires 4.4 bits]
				[frame requires 7.6 bits]
				[pagina_1 requires 6.0 bits]
				[on_top requires 8.7 bits]
				[to_right requires 8.7 bits]
				[allineato_al_centro_verticale requires 8.7 bits]
				[allineato_al_centro_orizzontale requires 8.7 bits]
				[altezza_pagina requires 4.4 bits]
				[larghezza_pagina requires 4.4 bits]
				[altezza_rettangolo requires 6.4 bits]
				[ascissa_rettangolo requires 6.4 bits]
				[ordinata_rettangolo requires 6.4 bits]
				[larghezza_rettangolo requires 6.4 bits]
				[numero_pagine requires 4.4 bits]

No literals

Recover to class_svln(A) :- pagina_1(A,B), frame(B,C), tipo_misto(C), on_top(D,C), allineato_al_centro_verticale(E,C), allineato_al_centro_verticale(F,D).



State (480/1549 [3/34], 13.4 bits available)

				[= tried 6/6] 0.3 secs
				[tipo_testo tried 4/4] 0.3 secs
				[tipo_linea_orizzontale tried 4/4] 0.3 secs
				[tipo_misto tried 3/4] 0.3 secs
				[tipo_linea_obbliqua tried 4/4] 0.3 secs
				[tipo_immagine tried 4/4] 0.3 secs
				[tipo_vuoto tried 4/4] 0.3 secs
				[ultima_pagina tried 1/1] 0.3 secs
				[frame tried 7/8] 0.3 secs
				[pagina_1 tried 2/3] 0.3 secs
				[on_top tried 17/18] 0.3 secs
				[to_right tried 18/18] 0.3 secs
				[allineato_al_centro_verticale tried 14/18] 0.3 secs
				[allineato_al_centro_orizzontale tried 9/18] 0.3 secs
				[altezza_pagina tried 1/1] 0.3 secs
				[larghezza_pagina tried 1/1] 0.3 secs
				[altezza_rettangolo tried 3/3] 0.3 secs
				[ascissa_rettangolo tried 3/3] 0.3 secs
				[ordinata_rettangolo tried 3/3] 0.3 secs
				[larghezza_rettangolo tried 3/3] 0.3 secs
				[numero_pagine tried 1/1] 0.3 secs

	Save allineato_al_centro_verticale(D,G) (3,23 value 8.6)

Best literal to_right(D,F) (8.6 bits)


State (178/300 [3/15], 7.5 bits available)

				[= tried 6/6] 0.3 secs
				[tipo_testo tried 4/4] 0.3 secs
				[tipo_linea_orizzontale tried 4/4] 0.3 secs
				[tipo_misto tried 3/4] 0.3 secs
				[tipo_linea_obbliqua tried 4/4] 0.3 secs
				[tipo_immagine tried 4/4] 0.3 secs
				[tipo_vuoto tried 4/4] 0.3 secs
				[ultima_pagina tried 1/1] 0.3 secs
				[frame tried 7/8] 0.3 secs
				[pagina_1 tried 2/3] 0.3 secs
				[on_top tried 17/18] 0.3 secs
				[to_right tried 17/18] 0.3 secs
				[allineato_al_centro_verticale tried 15/18] 0.3 secs
				[allineato_al_centro_orizzontale tried 9/18] 0.3 secs
				[altezza_pagina tried 1/1] 0.3 secs
				[larghezza_pagina tried 1/1] 0.3 secs
				[altezza_rettangolo tried 3/3] 0.3 secs
				[ascissa_rettangolo tried 3/3] 0.3 secs
				[ordinata_rettangolo tried 3/3] 0.3 secs
				[larghezza_rettangolo tried 3/3] 0.3 secs
				[numero_pagine tried 1/1] 0.3 secs

Best literal allineato_al_centro_verticale(D,G) (8.6 bits)


State (528/723 [3/12], 1.7 bits available)

				[= requires 8.7 bits]
				[tipo_testo requires 6.7 bits]
				[tipo_linea_orizzontale requires 6.7 bits]
				[tipo_misto requires 6.7 bits]
				[tipo_linea_obbliqua requires 6.7 bits]
				[tipo_immagine requires 6.7 bits]
				[tipo_vuoto requires 6.7 bits]
				[ultima_pagina tried 1/1] 0.3 secs
				[frame requires 7.6 bits]
				[pagina_1 requires 6.0 bits]
				[on_top requires 9.1 bits]
				[to_right requires 9.1 bits]
				[allineato_al_centro_verticale requires 9.1 bits]
				[allineato_al_centro_orizzontale requires 9.1 bits]
				[altezza_pagina tried 1/1] 0.3 secs
				[larghezza_pagina tried 1/1] 0.3 secs
				[altezza_rettangolo requires 6.0 bits]
				[ascissa_rettangolo requires 6.0 bits]
				[ordinata_rettangolo requires 6.0 bits]
				[larghezza_rettangolo requires 6.0 bits]
				[numero_pagine tried 1/1] 0.3 secs

No literals

Recover to class_svln(A) :- pagina_1(A,B), frame(B,C), tipo_misto(C), on_top(D,C), allineato_al_centro_verticale(E,C), allineato_al_centro_verticale(F,D), allineato_al_centro_verticale(D,G).



State (1262/3190 [3/23], 7.5 bits available)

				[= tried 10/10] 0.3 secs
				[tipo_testo tried 5/5] 0.3 secs
				[tipo_linea_orizzontale tried 5/5] 0.3 secs
				[tipo_misto tried 4/5] 0.3 secs
				[tipo_linea_obbliqua tried 5/5] 0.3 secs
				[tipo_immagine tried 5/5] 0.3 secs
				[tipo_vuoto tried 5/5] 0.3 secs
				[ultima_pagina tried 1/1] 0.3 secs
				[frame tried 8/9] 0.3 secs
				[pagina_1 tried 2/3] 0.3 secs
				[on_top tried 25/26] 0.3 secs
				[to_right tried 26/26] 0.3 secs
				[allineato_al_centro_verticale tried 20/26] 0.3 secs
				[allineato_al_centro_orizzontale tried 14/26] 0.3 secs
				[altezza_pagina tried 1/1] 0.3 secs
				[larghezza_pagina tried 1/1] 0.3 secs
				[altezza_rettangolo tried 3/3] 0.3 secs
				[ascissa_rettangolo tried 3/3] 0.3 secs
				[ordinata_rettangolo tried 3/3] 0.3 secs
				[larghezza_rettangolo tried 3/3] 0.3 secs
				[numero_pagine tried 1/1] 0.3 secs

	Save to_right(D,F) (3,12 value 11.2)
	Save to_right(C,H) (3,22 value 8.8)
	Save to_right(G,F) (3,15 value 10.3)
	Save to_right(E,H) (3,22 value 8.8)

Best literal to_right(D,H) (9.1 bits)


State (4635/8977 [3/22], 1.2 bits available)

				[= requires 9.3 bits]
				[tipo_testo requires 7.0 bits]
				[tipo_linea_orizzontale requires 7.0 bits]
				[tipo_misto requires 7.0 bits]
				[tipo_linea_obbliqua requires 7.0 bits]
				[tipo_immagine requires 7.0 bits]
				[tipo_vuoto requires 7.0 bits]
				[ultima_pagina requires 4.4 bits]
				[frame requires 7.7 bits]
				[pagina_1 requires 6.0 bits]
				[on_top requires 9.6 bits]
				[to_right requires 9.6 bits]
				[allineato_al_centro_verticale requires 9.6 bits]
				[allineato_al_centro_orizzontale requires 9.6 bits]
				[altezza_pagina requires 4.4 bits]
				[larghezza_pagina requires 4.4 bits]
				[altezza_rettangolo requires 6.0 bits]
				[ascissa_rettangolo requires 6.0 bits]
				[ordinata_rettangolo requires 6.0 bits]
				[larghezza_rettangolo requires 6.0 bits]
				[numero_pagine requires 4.4 bits]

No literals

Initial clause (19 errs): class_svln(A) :- pagina_1(A,B), frame(B,C), tipo_misto(C), on_top(D,C), allineato_al_centro_verticale(E,C), allineato_al_centro_verticale(F,D), allineato_al_centro_verticale(D,G), to_right(D,H).
		on_top(D,C) needed for binding allineato_al_centro_verticale(F,D)
		frame(B,C) needed for binding tipo_misto(C)
		pagina_1(A,B) needed for binding frame(B,C)

Clause too inaccurate (3/22)

Delete clause
	class_svln(A) :- pagina_1(A,B), frame(B,C), tipo_misto(C), on_top(D,C), to_right(D,C), allineato_al_centro_verticale(D,E), to_right(E,D), to_right(F,E).

***  Warning: the following definition
***  matches 1 tuple not in the relation
***  does not cover 5 tuples in the relation

class_svln(A) :- pagina_1(A,B), frame(B,C), tipo_misto(C), on_top(D,C), to_right(D,C), allineato_al_centro_verticale(D,E), on_top(E,D), to_right(F,D), allineato_al_centro_verticale(E,F).
class_svln(A) :- pagina_1(A,B), frame(B,C), tipo_misto(C), on_top(D,C), allineato_al_centro_verticale(D,E), to_right(E,C), on_top(D,E), to_right(D,E), on_top(F,D), tipo_testo(F).
class_svln(A) :- pagina_1(A,B), frame(B,C), tipo_misto(C), on_top(D,C), to_right(D,C), on_top(E,C), allineato_al_centro_verticale(E,D), to_right(D,E), to_right(C,F).

Time 0.3 secs

Test relation class_svln
    (-)	ong05a
    (-)	bickel06a
Summary: 2 errors in 35 trials
