FOIL 6.4   [January 1996]
--------

    Options:
	no negated literals
	verbosity level 2

Types Documento and Pagina are not compatible
Types Documento and Frame are not compatible
Types Documento and NumeroPagine are not compatible
Types Documento and LarghezzaPagina are not compatible
Types Documento and AltezzaPagina are not compatible
Types Documento and AscissaRettangolo are not compatible
Types Documento and OrdinataRettangolo are not compatible
Types Documento and LarghezzaRettangolo are not compatible
Types Documento and AltezzaRettangolo are not compatible
Types Pagina and Frame are not compatible
Types Pagina and NumeroPagine are not compatible
Types Pagina and LarghezzaPagina are not compatible
Types Pagina and AltezzaPagina are not compatible
Types Pagina and AscissaRettangolo are not compatible
Types Pagina and OrdinataRettangolo are not compatible
Types Pagina and LarghezzaRettangolo are not compatible
Types Pagina and AltezzaRettangolo are not compatible
Types Frame and NumeroPagine are not compatible
Types Frame and LarghezzaPagina are not compatible
Types Frame and AltezzaPagina are not compatible
Types Frame and AscissaRettangolo are not compatible
Types Frame and OrdinataRettangolo are not compatible
Types Frame and LarghezzaRettangolo are not compatible
Types Frame and AltezzaRettangolo are not compatible
Types NumeroPagine and LarghezzaPagina are not compatible
Types NumeroPagine and AltezzaPagina are not compatible
Types NumeroPagine and AscissaRettangolo are not compatible
Types NumeroPagine and OrdinataRettangolo are not compatible
Types NumeroPagine and LarghezzaRettangolo are not compatible
Types NumeroPagine and AltezzaRettangolo are not compatible
Types LarghezzaPagina and AltezzaPagina are not compatible
Types LarghezzaPagina and AscissaRettangolo are not compatible
Types LarghezzaPagina and OrdinataRettangolo are not compatible
Types LarghezzaPagina and LarghezzaRettangolo are not compatible
Types LarghezzaPagina and AltezzaRettangolo are not compatible
Types AltezzaPagina and AscissaRettangolo are not compatible
Types AltezzaPagina and OrdinataRettangolo are not compatible
Types AltezzaPagina and LarghezzaRettangolo are not compatible
Types AltezzaPagina and AltezzaRettangolo are not compatible
Types AscissaRettangolo and OrdinataRettangolo are not compatible
Types AscissaRettangolo and LarghezzaRettangolo are not compatible
Types AscissaRettangolo and AltezzaRettangolo are not compatible
Types OrdinataRettangolo and LarghezzaRettangolo are not compatible
Types OrdinataRettangolo and AltezzaRettangolo are not compatible
Types LarghezzaRettangolo and AltezzaRettangolo are not compatible

Relation class_svln

Relation *allineato_al_centro_orizzontale

Relation *allineato_al_centro_verticale

Relation *altezza_pagina

Relation *larghezza_pagina

Relation *altezza_rettangolo

Relation *ascissa_rettangolo

Relation *ordinata_rettangolo

Relation *larghezza_rettangolo

Relation *frame

Relation *numero_pagine

Relation *on_top

Relation *to_right

Relation *pagina_1

Relation *ultima_pagina

Relation *tipo_immagine

Relation *tipo_linea_obbliqua

Relation *tipo_linea_orizzontale

Relation *tipo_misto

Relation *tipo_testo

Relation *tipo_vuoto

----------
class_svln:

State (63/318, 255.8 bits available)

				[pagina_1 tried 1/1] 0.1 secs
				[numero_pagine tried 1/1] 0.1 secs

Determinate literals
	pagina_1(A,B)


State (63/318, 255.8 bits available, 1 weak literal)

				[ultima_pagina tried 1/1] 0.1 secs
				[frame tried 1/1] 0.1 secs
				[pagina_1 tried 1/3] 0.1 secs
				[altezza_pagina tried 1/1] 0.1 secs
				[larghezza_pagina tried 1/1] 0.1 secs
				[numero_pagine tried 1/1] 0.1 secs

Best literal frame(B,C) (2.6 bits)


State (499/3514 [63/318], 253.2 bits available, 2 weak literals)

				[tipo_testo tried 1/1] 0.1 secs
				[tipo_linea_orizzontale tried 1/1] 0.1 secs
				[tipo_misto tried 1/1] 0.1 secs
				[tipo_linea_obbliqua tried 1/1] 0.1 secs
				[tipo_immagine tried 1/1] 0.1 secs
				[tipo_vuoto tried 1/1] 0.1 secs
				[ultima_pagina tried 1/1] 0.1 secs
				[frame tried 1/3] 0.1 secs
				[pagina_1 tried 2/3] 0.1 secs
				[on_top tried 2/2] 0.1 secs
				[to_right tried 2/2] 0.1 secs
				[allineato_al_centro_verticale tried 2/2] 0.1 secs
				[allineato_al_centro_orizzontale tried 2/2] 0.1 secs
				[altezza_pagina tried 1/1] 0.1 secs
				[larghezza_pagina tried 1/1] 0.1 secs
				[altezza_rettangolo tried 1/1] 0.1 secs
				[ascissa_rettangolo tried 1/1] 0.1 secs
				[ordinata_rettangolo tried 1/1] 0.1 secs
				[larghezza_rettangolo tried 1/1] 0.1 secs
				[numero_pagine tried 1/1] 0.1 secs

Best literal tipo_misto(C) (4.3 bits)


State (113/221 [62/150], 247.6 bits available)

				[tipo_testo tried 1/1] 0.1 secs
				[tipo_linea_orizzontale tried 1/1] 0.1 secs
				[tipo_misto tried 0/1] 0.1 secs
				[tipo_linea_obbliqua tried 1/1] 0.1 secs
				[tipo_immagine tried 1/1] 0.1 secs
				[tipo_vuoto tried 1/1] 0.1 secs
				[ultima_pagina tried 1/1] 0.1 secs
				[frame tried 2/3] 0.1 secs
				[pagina_1 tried 2/3] 0.1 secs
				[on_top tried 2/2] 0.1 secs
				[to_right tried 2/2] 0.1 secs
				[allineato_al_centro_verticale tried 2/2] 0.1 secs
				[allineato_al_centro_orizzontale tried 2/2] 0.1 secs
				[altezza_pagina tried 1/1] 0.1 secs
				[larghezza_pagina tried 1/1] 0.1 secs
				[altezza_rettangolo tried 1/1] 0.1 secs
				[ascissa_rettangolo tried 1/1] 0.1 secs
				[ordinata_rettangolo tried 1/1] 0.1 secs
				[larghezza_rettangolo tried 1/1] 0.1 secs
				[numero_pagine tried 1/1] 0.1 secs

Best literal on_top(D,C) (5.3 bits)


State (721/1123 [62/115], 243.9 bits available)

				[= tried 1/1] 0.1 secs
				[tipo_testo tried 2/2] 0.1 secs
				[tipo_linea_orizzontale tried 2/2] 0.1 secs
				[tipo_misto tried 1/2] 0.1 secs
				[tipo_linea_obbliqua tried 2/2] 0.1 secs
				[tipo_immagine tried 2/2] 0.1 secs
				[tipo_vuoto tried 2/2] 0.1 secs
				[ultima_pagina tried 1/1] 0.1 secs
				[frame tried 4/5] 0.1 secs
				[pagina_1 tried 2/3] 0.1 secs
				[on_top tried 4/6] 0.1 secs
				[to_right tried 6/6] 0.1 secs
				[allineato_al_centro_verticale tried 6/6] 0.1 secs
				[allineato_al_centro_orizzontale tried 5/6] 0.1 secs
				[altezza_pagina tried 1/1] 0.1 secs
				[larghezza_pagina tried 1/1] 0.1 secs
				[altezza_rettangolo tried 2/2] 0.1 secs
				[ascissa_rettangolo tried 2/2] 0.1 secs
				[ordinata_rettangolo tried 2/2] 0.1 secs
				[larghezza_rettangolo tried 2/2] 0.1 secs
				[numero_pagine tried 1/1] 0.1 secs

Best literal to_right(D,C) (7.0 bits)


State (349/425 [59/85], 232.1 bits available)

				[= tried 1/1] 0.1 secs
				[tipo_testo tried 2/2] 0.1 secs
				[tipo_linea_orizzontale tried 2/2] 0.1 secs
				[tipo_misto tried 1/2] 0.1 secs
				[tipo_linea_obbliqua tried 2/2] 0.1 secs
				[tipo_immagine tried 2/2] 0.1 secs
				[tipo_vuoto tried 2/2] 0.1 secs
				[ultima_pagina tried 1/1] 0.1 secs
				[frame tried 4/5] 0.1 secs
				[pagina_1 tried 2/3] 0.1 secs
				[on_top tried 4/6] 0.1 secs
				[to_right tried 5/6] 0.1 secs
				[allineato_al_centro_verticale tried 5/6] 0.1 secs
				[allineato_al_centro_orizzontale tried 4/6] 0.1 secs
				[altezza_pagina tried 1/1] 0.1 secs
				[larghezza_pagina tried 1/1] 0.1 secs
				[altezza_rettangolo tried 2/2] 0.1 secs
				[ascissa_rettangolo tried 2/2] 0.1 secs
				[ordinata_rettangolo tried 2/2] 0.1 secs
				[larghezza_rettangolo tried 2/2] 0.1 secs
				[numero_pagine tried 1/1] 0.1 secs

	Save clause ending with tipo_testo(D) (cover 59, accuracy 85%)

	Save allineato_al_centro_verticale(E,D) (59,77 value 114.4)

Best literal allineato_al_centro_verticale(D,E) (7.0 bits)


State (751/847 [59/76], 227.4 bits available)

				[= tried 3/3] 0.1 secs
				[tipo_testo tried 3/3] 0.1 secs
				[tipo_linea_orizzontale tried 3/3] 0.1 secs
				[tipo_misto tried 2/3] 0.1 secs
				[tipo_linea_obbliqua tried 3/3] 0.1 secs
				[tipo_immagine tried 3/3] 0.1 secs
				[tipo_vuoto tried 3/3] 0.1 secs
				[ultima_pagina tried 1/1] 0.1 secs
				[frame tried 5/6] 0.1 secs
				[pagina_1 tried 2/3] 0.1 secs
				[on_top tried 9/10] 0.1 secs
				[to_right tried 9/10] 0.1 secs
				[allineato_al_centro_verticale tried 6/10] 0.1 secs
				[allineato_al_centro_orizzontale tried 6/10] 0.1 secs
				[altezza_pagina tried 1/1] 0.1 secs
				[larghezza_pagina tried 1/1] 0.1 secs
				[altezza_rettangolo tried 2/2] 0.1 secs
				[ascissa_rettangolo tried 2/2] 0.1 secs
				[ordinata_rettangolo tried 2/2] 0.1 secs
				[larghezza_rettangolo tried 2/2] 0.1 secs
				[numero_pagine tried 1/1] 0.1 secs

	Save clause ending with tipo_misto(D) (cover 32, accuracy 94%)

	Save on_top(E,C) (59,69 value 123.6)

Best literal to_right(E,D) (7.7 bits)


State (211/222 [54/58], 210.2 bits available)

				[= tried 3/3] 0.1 secs
				[tipo_testo tried 3/3] 0.1 secs
				[tipo_linea_orizzontale tried 3/3] 0.1 secs
				[tipo_misto tried 2/3] 0.1 secs
				[tipo_linea_obbliqua tried 3/3] 0.1 secs
				[tipo_immagine tried 3/3] 0.1 secs
				[tipo_vuoto tried 3/3] 0.1 secs
				[ultima_pagina tried 1/1] 0.1 secs
				[frame tried 5/6] 0.1 secs
				[pagina_1 tried 2/3] 0.1 secs
				[on_top tried 7/10] 0.1 secs
				[to_right tried 8/10] 0.1 secs
				[allineato_al_centro_verticale tried 7/10] 0.1 secs
				[allineato_al_centro_orizzontale tried 6/10] 0.1 secs
				[altezza_pagina tried 1/1] 0.1 secs
				[larghezza_pagina tried 1/1] 0.1 secs
				[altezza_rettangolo tried 2/2] 0.1 secs
				[ascissa_rettangolo tried 2/2] 0.1 secs
				[ordinata_rettangolo tried 2/2] 0.1 secs
				[larghezza_rettangolo tried 2/2] 0.1 secs
				[numero_pagine tried 1/1] 0.1 secs

	Save clause ending with tipo_misto(E) (cover 24, accuracy 96%)

Best literal on_top(E,D) (7.7 bits)


State (85/87 [44/46], 178.3 bits available)

				[= tried 3/3] 0.1 secs
				[tipo_testo tried 3/3] 0.1 secs
				[tipo_linea_orizzontale tried 3/3] 0.1 secs
				[tipo_misto tried 2/3] 0.1 secs
				[tipo_linea_obbliqua tried 3/3] 0.1 secs
				[tipo_immagine tried 3/3] 0.1 secs
				[tipo_vuoto tried 3/3] 0.1 secs
				[ultima_pagina tried 1/1] 0.1 secs
				[frame tried 5/6] 0.1 secs
				[pagina_1 tried 2/3] 0.1 secs
				[on_top tried 8/10] 0.1 secs
				[to_right tried 8/10] 0.1 secs
				[allineato_al_centro_verticale tried 9/10] 0.1 secs
				[allineato_al_centro_orizzontale tried 6/10] 0.1 secs
				[altezza_pagina tried 1/1] 0.1 secs
				[larghezza_pagina tried 1/1] 0.1 secs
				[altezza_rettangolo tried 2/2] 0.1 secs
				[ascissa_rettangolo tried 2/2] 0.1 secs
				[ordinata_rettangolo tried 2/2] 0.1 secs
				[larghezza_rettangolo tried 2/2] 0.1 secs
				[numero_pagine tried 1/1] 0.1 secs

	Save clause ending with to_right(C,F) (cover 43, accuracy 97%)

	Save on_top(D,F) (44,46 value 99.2)
	Save on_top(F,C) (44,46 value 99.2)
	Save on_top(F,D) (44,46 value 99.2)
	Save to_right(C,F) (43,44 value 98.3)

Best literal frame(B,F) (7.0 bits)


State (670/695 [44/46], 174.4 bits available, 1 weak literal)

				[= tried 6/6] 0.1 secs
				[tipo_testo tried 4/4] 0.1 secs
				[tipo_linea_orizzontale tried 4/4] 0.1 secs
				[tipo_misto tried 3/4] 0.1 secs
				[tipo_linea_obbliqua tried 4/4] 0.1 secs
				[tipo_immagine tried 4/4] 0.1 secs
				[tipo_vuoto tried 4/4] 0.1 secs
				[ultima_pagina tried 1/1] 0.1 secs
				[frame tried 5/8] 0.1 secs
				[pagina_1 tried 2/3] 0.1 secs
				[on_top tried 13/18] 0.1 secs
				[to_right tried 16/18] 0.1 secs
				[allineato_al_centro_verticale tried 14/18] 0.1 secs
				[allineato_al_centro_orizzontale tried 9/18] 0.1 secs
				[altezza_pagina tried 1/1] 0.1 secs
				[larghezza_pagina tried 1/1] 0.1 secs
				[altezza_rettangolo tried 3/3] 0.1 secs
				[ascissa_rettangolo tried 3/3] 0.1 secs
				[ordinata_rettangolo tried 3/3] 0.1 secs
				[larghezza_rettangolo tried 3/3] 0.1 secs
				[numero_pagine tried 1/1] 0.1 secs

Best literal allineato_al_centro_verticale(D,F) (8.6 bits)


State (282/289 [44/46], 169.0 bits available)

				[= tried 6/6] 0.1 secs
				[tipo_testo tried 4/4] 0.1 secs
				[tipo_linea_orizzontale tried 4/4] 0.1 secs
				[tipo_misto tried 3/4] 0.1 secs
				[tipo_linea_obbliqua tried 4/4] 0.1 secs
				[tipo_immagine tried 4/4] 0.1 secs
				[tipo_vuoto tried 4/4] 0.1 secs
				[ultima_pagina tried 1/1] 0.1 secs
				[frame tried 6/8] 0.1 secs
				[pagina_1 tried 2/3] 0.1 secs
				[on_top tried 16/18] 0.1 secs
				[to_right tried 16/18] 0.1 secs
				[allineato_al_centro_verticale tried 13/18] 0.1 secs
				[allineato_al_centro_orizzontale tried 9/18] 0.1 secs
				[altezza_pagina tried 1/1] 0.1 secs
				[larghezza_pagina tried 1/1] 0.1 secs
				[altezza_rettangolo tried 3/3] 0.1 secs
				[ascissa_rettangolo tried 3/3] 0.1 secs
				[ordinata_rettangolo tried 3/3] 0.1 secs
				[larghezza_rettangolo tried 3/3] 0.1 secs
				[numero_pagine tried 1/1] 0.1 secs

	Save clause ending with on_top(F,E) (cover 22, accuracy 100%)

Best literal to_right(F,D) (8.6 bits)


State (250/255 [44/46], 163.7 bits available)

				[= tried 6/6] 0.1 secs
				[tipo_testo tried 4/4] 0.1 secs
				[tipo_linea_orizzontale tried 4/4] 0.1 secs
				[tipo_misto tried 3/4] 0.1 secs
				[tipo_linea_obbliqua tried 4/4] 0.1 secs
				[tipo_immagine tried 4/4] 0.1 secs
				[tipo_vuoto tried 4/4] 0.1 secs
				[ultima_pagina tried 1/1] 0.1 secs
				[frame tried 6/8] 0.1 secs
				[pagina_1 tried 2/3] 0.1 secs
				[on_top tried 16/18] 0.1 secs
				[to_right tried 15/18] 0.1 secs
				[allineato_al_centro_verticale tried 13/18] 0.1 secs
				[allineato_al_centro_orizzontale tried 9/18] 0.1 secs
				[altezza_pagina tried 1/1] 0.1 secs
				[larghezza_pagina tried 1/1] 0.1 secs
				[altezza_rettangolo tried 3/3] 0.1 secs
				[ascissa_rettangolo tried 3/3] 0.1 secs
				[ordinata_rettangolo tried 3/3] 0.1 secs
				[larghezza_rettangolo tried 3/3] 0.1 secs
				[numero_pagine tried 1/1] 0.1 secs

	Save clause ending with allineato_al_centro_verticale(E,F) (cover 28, accuracy 100%)

Best literal allineato_al_centro_verticale(E,F) (8.6 bits)

Initial clause (0 errs): class_svln(A) :- pagina_1(A,B), frame(B,C), tipo_misto(C), on_top(D,C), to_right(D,C), allineato_al_centro_verticale(D,E), to_right(E,D), on_top(E,D), frame(B,F), allineato_al_centro_verticale(D,F), to_right(F,D), allineato_al_centro_verticale(E,F).
		frame(B,C) needed for binding tipo_misto(C)
		pagina_1(A,B) needed for binding frame(B,C)

Clause 0: class_svln(A) :- pagina_1(A,B), frame(B,C), tipo_misto(C), on_top(D,C), to_right(D,C), allineato_al_centro_verticale(D,E), to_right(E,D), on_top(E,D), to_right(F,D), allineato_al_centro_verticale(E,F).

State (35/290, 179.9 bits available)

				[pagina_1 tried 1/1] 0.1 secs
				[numero_pagine tried 1/1] 0.1 secs

Determinate literals
	pagina_1(A,B)


State (35/290, 179.9 bits available, 1 weak literal)

				[ultima_pagina tried 1/1] 0.1 secs
				[frame tried 1/1] 0.1 secs
				[pagina_1 tried 1/3] 0.1 secs
				[altezza_pagina tried 1/1] 0.1 secs
				[larghezza_pagina tried 1/1] 0.1 secs
				[numero_pagine tried 1/1] 0.1 secs

Best literal frame(B,C) (2.6 bits)


State (272/3287 [35/290], 177.3 bits available, 2 weak literals)

				[tipo_testo tried 1/1] 0.1 secs
				[tipo_linea_orizzontale tried 1/1] 0.1 secs
				[tipo_misto tried 1/1] 0.1 secs
				[tipo_linea_obbliqua tried 1/1] 0.1 secs
				[tipo_immagine tried 1/1] 0.1 secs
				[tipo_vuoto tried 1/1] 0.1 secs
				[ultima_pagina tried 1/1] 0.1 secs
				[frame tried 1/3] 0.1 secs
				[pagina_1 tried 2/3] 0.1 secs
				[on_top tried 2/2] 0.1 secs
				[to_right tried 2/2] 0.1 secs
				[allineato_al_centro_verticale tried 2/2] 0.1 secs
				[allineato_al_centro_orizzontale tried 2/2] 0.1 secs
				[altezza_pagina tried 1/1] 0.1 secs
				[larghezza_pagina tried 1/1] 0.1 secs
				[altezza_rettangolo tried 1/1] 0.1 secs
				[ascissa_rettangolo tried 1/1] 0.1 secs
				[ordinata_rettangolo tried 1/1] 0.1 secs
				[larghezza_rettangolo tried 1/1] 0.1 secs
				[numero_pagine tried 1/1] 0.1 secs

Best literal tipo_misto(C) (4.3 bits)


State (59/167 [34/122], 170.7 bits available)

				[tipo_testo tried 1/1] 0.1 secs
				[tipo_linea_orizzontale tried 1/1] 0.1 secs
				[tipo_misto tried 0/1] 0.1 secs
				[tipo_linea_obbliqua tried 1/1] 0.1 secs
				[tipo_immagine tried 1/1] 0.1 secs
				[tipo_vuoto tried 1/1] 0.1 secs
				[ultima_pagina tried 1/1] 0.1 secs
				[frame tried 2/3] 0.1 secs
				[pagina_1 tried 2/3] 0.1 secs
				[on_top tried 2/2] 0.1 secs
				[to_right tried 2/2] 0.1 secs
				[allineato_al_centro_verticale tried 2/2] 0.1 secs
				[allineato_al_centro_orizzontale tried 2/2] 0.1 secs
				[altezza_pagina tried 1/1] 0.1 secs
				[larghezza_pagina tried 1/1] 0.1 secs
				[altezza_rettangolo tried 1/1] 0.1 secs
				[ascissa_rettangolo tried 1/1] 0.1 secs
				[ordinata_rettangolo tried 1/1] 0.1 secs
				[larghezza_rettangolo tried 1/1] 0.1 secs
				[numero_pagine tried 1/1] 0.1 secs

Best literal on_top(D,C) (5.3 bits)


State (369/771 [34/87], 166.9 bits available)

				[= tried 1/1] 0.1 secs
				[tipo_testo tried 2/2] 0.1 secs
				[tipo_linea_orizzontale tried 2/2] 0.1 secs
				[tipo_misto tried 1/2] 0.1 secs
				[tipo_linea_obbliqua tried 2/2] 0.1 secs
				[tipo_immagine tried 2/2] 0.1 secs
				[tipo_vuoto tried 2/2] 0.1 secs
				[ultima_pagina tried 1/1] 0.1 secs
				[frame tried 4/5] 0.1 secs
				[pagina_1 tried 2/3] 0.1 secs
				[on_top tried 4/6] 0.1 secs
				[to_right tried 6/6] 0.1 secs
				[allineato_al_centro_verticale tried 6/6] 0.1 secs
				[allineato_al_centro_orizzontale tried 4/6] 0.1 secs
				[altezza_pagina tried 1/1] 0.1 secs
				[larghezza_pagina tried 1/1] 0.1 secs
				[altezza_rettangolo tried 2/2] 0.1 secs
				[ascissa_rettangolo tried 2/2] 0.1 secs
				[ordinata_rettangolo tried 2/2] 0.1 secs
				[larghezza_rettangolo tried 2/2] 0.1 secs
				[numero_pagine tried 1/1] 0.1 secs

Best literal to_right(D,C) (7.0 bits)


State (180/256 [31/57], 151.7 bits available)

				[= tried 1/1] 0.1 secs
				[tipo_testo tried 2/2] 0.1 secs
				[tipo_linea_orizzontale tried 2/2] 0.1 secs
				[tipo_misto tried 1/2] 0.1 secs
				[tipo_linea_obbliqua tried 2/2] 0.1 secs
				[tipo_immagine tried 2/2] 0.1 secs
				[tipo_vuoto tried 2/2] 0.1 secs
				[ultima_pagina tried 1/1] 0.1 secs
				[frame tried 4/5] 0.1 secs
				[pagina_1 tried 2/3] 0.1 secs
				[on_top tried 4/6] 0.1 secs
				[to_right tried 5/6] 0.1 secs
				[allineato_al_centro_verticale tried 5/6] 0.1 secs
				[allineato_al_centro_orizzontale tried 4/6] 0.1 secs
				[altezza_pagina tried 1/1] 0.1 secs
				[larghezza_pagina tried 1/1] 0.1 secs
				[altezza_rettangolo tried 2/2] 0.1 secs
				[ascissa_rettangolo tried 2/2] 0.1 secs
				[ordinata_rettangolo tried 2/2] 0.1 secs
				[larghezza_rettangolo tried 2/2] 0.1 secs
				[numero_pagine tried 1/1] 0.1 secs

	Save allineato_al_centro_verticale(E,D) (31,49 value 73.5)

Best literal allineato_al_centro_verticale(D,E) (7.0 bits)


State (347/443 [31/48], 147.0 bits available)

				[= tried 3/3] 0.1 secs
				[tipo_testo tried 3/3] 0.1 secs
				[tipo_linea_orizzontale tried 3/3] 0.1 secs
				[tipo_misto tried 2/3] 0.1 secs
				[tipo_linea_obbliqua tried 3/3] 0.1 secs
				[tipo_immagine tried 3/3] 0.1 secs
				[tipo_vuoto tried 3/3] 0.1 secs
				[ultima_pagina tried 1/1] 0.1 secs
				[frame tried 5/6] 0.1 secs
				[pagina_1 tried 2/3] 0.1 secs
				[on_top tried 7/10] 0.1 secs
				[to_right tried 9/10] 0.1 secs
				[allineato_al_centro_verticale tried 6/10] 0.1 secs
				[allineato_al_centro_orizzontale tried 6/10] 0.1 secs
				[altezza_pagina tried 1/1] 0.1 secs
				[larghezza_pagina tried 1/1] 0.1 secs
				[altezza_rettangolo tried 2/2] 0.1 secs
				[ascissa_rettangolo tried 2/2] 0.1 secs
				[ordinata_rettangolo tried 2/2] 0.1 secs
				[larghezza_rettangolo tried 2/2] 0.1 secs
				[numero_pagine tried 1/1] 0.1 secs

	Save clause ending with to_right(E,D) (cover 26, accuracy 86%)

	Save to_right(E,D) (26,30 value 73.2)
	Save to_right(E,C) (31,48 value 74.4)

Best literal on_top(E,C) (7.7 bits)


State (347/429 [31/41], 141.9 bits available)

				[= tried 3/3] 0.1 secs
				[tipo_testo tried 3/3] 0.1 secs
				[tipo_linea_orizzontale tried 3/3] 0.1 secs
				[tipo_misto tried 2/3] 0.1 secs
				[tipo_linea_obbliqua tried 3/3] 0.1 secs
				[tipo_immagine tried 3/3] 0.1 secs
				[tipo_vuoto tried 3/3] 0.1 secs
				[ultima_pagina tried 1/1] 0.1 secs
				[frame tried 5/6] 0.1 secs
				[pagina_1 tried 2/3] 0.1 secs
				[on_top tried 8/10] 0.1 secs
				[to_right tried 9/10] 0.1 secs
				[allineato_al_centro_verticale tried 7/10] 0.1 secs
				[allineato_al_centro_orizzontale tried 6/10] 0.1 secs
				[altezza_pagina tried 1/1] 0.1 secs
				[larghezza_pagina tried 1/1] 0.1 secs
				[altezza_rettangolo tried 2/2] 0.1 secs
				[ascissa_rettangolo tried 2/2] 0.1 secs
				[ordinata_rettangolo tried 2/2] 0.1 secs
				[larghezza_rettangolo tried 2/2] 0.1 secs
				[numero_pagine tried 1/1] 0.1 secs

	Save clause ending with to_right(E,D) (cover 26, accuracy 89%)

	Save to_right(E,C) (31,40 value 82.4)

Best literal to_right(E,D) (7.7 bits)


State (85/95 [26/29], 118.7 bits available)

				[= tried 3/3] 0.1 secs
				[tipo_testo tried 3/3] 0.1 secs
				[tipo_linea_orizzontale tried 3/3] 0.1 secs
				[tipo_misto tried 2/3] 0.1 secs
				[tipo_linea_obbliqua tried 3/3] 0.1 secs
				[tipo_immagine tried 3/3] 0.1 secs
				[tipo_vuoto tried 3/3] 0.1 secs
				[ultima_pagina tried 1/1] 0.1 secs
				[frame tried 5/6] 0.1 secs
				[pagina_1 tried 2/3] 0.1 secs
				[on_top tried 6/10] 0.1 secs
				[to_right tried 8/10] 0.1 secs
				[allineato_al_centro_verticale tried 7/10] 0.1 secs
				[allineato_al_centro_orizzontale tried 6/10] 0.1 secs
				[altezza_pagina tried 1/1] 0.1 secs
				[larghezza_pagina tried 1/1] 0.1 secs
				[altezza_rettangolo tried 2/2] 0.1 secs
				[ascissa_rettangolo tried 2/2] 0.1 secs
				[ordinata_rettangolo tried 2/2] 0.1 secs
				[larghezza_rettangolo tried 2/2] 0.1 secs
				[numero_pagine tried 1/1] 0.1 secs

	Save clause ending with tipo_misto(E) (cover 11, accuracy 91%)

Best literal tipo_misto(E) (6.0 bits)


State (19/20 [11/12], 49.4 bits available)

				[= tried 3/3] 0.1 secs
				[tipo_testo tried 3/3] 0.1 secs
				[tipo_linea_orizzontale tried 3/3] 0.1 secs
				[tipo_misto tried 1/3] 0.1 secs
				[tipo_linea_obbliqua tried 3/3] 0.1 secs
				[tipo_immagine tried 3/3] 0.1 secs
				[tipo_vuoto tried 3/3] 0.1 secs
				[ultima_pagina tried 1/1] 0.1 secs
				[frame tried 5/6] 0.1 secs
				[pagina_1 tried 2/3] 0.1 secs
				[on_top tried 6/10] 0.1 secs
				[to_right tried 1/10] 0.1 secs

	Save clause ending with to_right(C,F) (cover 11, accuracy 100%)

Best literal to_right(C,F) (7.7 bits)

Initial clause (0 errs): class_svln(A) :- pagina_1(A,B), frame(B,C), tipo_misto(C), on_top(D,C), to_right(D,C), allineato_al_centro_verticale(D,E), on_top(E,C), to_right(E,D), tipo_misto(E), to_right(C,F).
		frame(B,C) needed for binding tipo_misto(C)
		pagina_1(A,B) needed for binding frame(B,C)

Clause 1: class_svln(A) :- pagina_1(A,B), frame(B,C), tipo_misto(C), to_right(D,C), allineato_al_centro_verticale(D,E), to_right(E,D), tipo_misto(E), to_right(C,F).

State (24/279, 140.3 bits available)

				[pagina_1 tried 1/1] 0.1 secs
				[numero_pagine tried 1/1] 0.1 secs

Determinate literals
	pagina_1(A,B)


State (24/279, 140.3 bits available, 1 weak literal)

				[ultima_pagina tried 1/1] 0.1 secs
				[frame tried 1/1] 0.1 secs
				[pagina_1 tried 1/3] 0.1 secs
				[altezza_pagina tried 1/1] 0.1 secs
				[larghezza_pagina tried 1/1] 0.1 secs
				[numero_pagine tried 1/1] 0.1 secs

Best literal frame(B,C) (2.6 bits)


State (184/3199 [24/279], 137.7 bits available, 2 weak literals)

				[tipo_testo tried 1/1] 0.1 secs
				[tipo_linea_orizzontale tried 1/1] 0.1 secs
				[tipo_misto tried 1/1] 0.1 secs
				[tipo_linea_obbliqua tried 1/1] 0.1 secs
				[tipo_immagine tried 1/1] 0.1 secs
				[tipo_vuoto tried 1/1] 0.1 secs
				[ultima_pagina tried 1/1] 0.1 secs
				[frame tried 1/3] 0.1 secs
				[pagina_1 tried 2/3] 0.1 secs
				[on_top tried 2/2] 0.1 secs
				[to_right tried 2/2] 0.1 secs
				[allineato_al_centro_verticale tried 2/2] 0.1 secs
				[allineato_al_centro_orizzontale tried 2/2] 0.1 secs
				[altezza_pagina tried 1/1] 0.1 secs
				[larghezza_pagina tried 1/1] 0.1 secs
				[altezza_rettangolo tried 1/1] 0.1 secs
				[ascissa_rettangolo tried 1/1] 0.1 secs
				[ordinata_rettangolo tried 1/1] 0.1 secs
				[larghezza_rettangolo tried 1/1] 0.1 secs
				[numero_pagine tried 1/1] 0.1 secs

Best literal tipo_misto(C) (4.3 bits)


State (35/143 [23/111], 130.4 bits available)

				[tipo_testo tried 1/1] 0.1 secs
				[tipo_linea_orizzontale tried 1/1] 0.1 secs
				[tipo_misto tried 0/1] 0.1 secs
				[tipo_linea_obbliqua tried 1/1] 0.1 secs
				[tipo_immagine tried 1/1] 0.1 secs
				[tipo_vuoto tried 1/1] 0.1 secs
				[ultima_pagina tried 1/1] 0.1 secs
				[frame tried 2/3] 0.1 secs
				[pagina_1 tried 2/3] 0.1 secs
				[on_top tried 2/2] 0.1 secs
				[to_right tried 2/2] 0.1 secs
				[allineato_al_centro_verticale tried 2/2] 0.1 secs
				[allineato_al_centro_orizzontale tried 2/2] 0.1 secs
				[altezza_pagina tried 1/1] 0.1 secs
				[larghezza_pagina tried 1/1] 0.1 secs
				[altezza_rettangolo tried 1/1] 0.1 secs
				[ascissa_rettangolo tried 1/1] 0.1 secs
				[ordinata_rettangolo tried 1/1] 0.1 secs
				[larghezza_rettangolo tried 1/1] 0.1 secs
				[numero_pagine tried 1/1] 0.1 secs

	Save to_right(D,C) (20,50 value 44.1)

Best literal on_top(D,C) (5.3 bits)


State (221/623 [23/76], 126.6 bits available)

				[= tried 1/1] 0.1 secs
				[tipo_testo tried 2/2] 0.1 secs
				[tipo_linea_orizzontale tried 2/2] 0.1 secs
				[tipo_misto tried 1/2] 0.1 secs
				[tipo_linea_obbliqua tried 2/2] 0.1 secs
				[tipo_immagine tried 2/2] 0.1 secs
				[tipo_vuoto tried 2/2] 0.1 secs
				[ultima_pagina tried 1/1] 0.1 secs
				[frame tried 4/5] 0.1 secs
				[pagina_1 tried 2/3] 0.1 secs
				[on_top tried 4/6] 0.1 secs
				[to_right tried 6/6] 0.1 secs
				[allineato_al_centro_verticale tried 6/6] 0.1 secs
				[allineato_al_centro_orizzontale tried 4/6] 0.1 secs
				[altezza_pagina tried 1/1] 0.1 secs
				[larghezza_pagina tried 1/1] 0.1 secs
				[altezza_rettangolo tried 2/2] 0.1 secs
				[ascissa_rettangolo tried 2/2] 0.1 secs
				[ordinata_rettangolo tried 2/2] 0.1 secs
				[larghezza_rettangolo tried 2/2] 0.1 secs
				[numero_pagine tried 1/1] 0.1 secs

Best literal to_right(D,C) (7.0 bits)


State (116/192 [20/46], 109.3 bits available)

				[= tried 1/1] 0.1 secs
				[tipo_testo tried 2/2] 0.1 secs
				[tipo_linea_orizzontale tried 2/2] 0.1 secs
				[tipo_misto tried 1/2] 0.1 secs
				[tipo_linea_obbliqua tried 2/2] 0.1 secs
				[tipo_immagine tried 2/2] 0.1 secs
				[tipo_vuoto tried 2/2] 0.1 secs
				[ultima_pagina tried 1/1] 0.1 secs
				[frame tried 4/5] 0.1 secs
				[pagina_1 tried 2/3] 0.1 secs
				[on_top tried 4/6] 0.1 secs
				[to_right tried 5/6] 0.1 secs
				[allineato_al_centro_verticale tried 5/6] 0.1 secs
				[allineato_al_centro_orizzontale tried 4/6] 0.1 secs
				[altezza_pagina tried 1/1] 0.1 secs
				[larghezza_pagina tried 1/1] 0.1 secs
				[altezza_rettangolo tried 2/2] 0.1 secs
				[ascissa_rettangolo tried 2/2] 0.1 secs
				[ordinata_rettangolo tried 2/2] 0.1 secs
				[larghezza_rettangolo tried 2/2] 0.1 secs
				[numero_pagine tried 1/1] 0.1 secs

	Save allineato_al_centro_verticale(D,E) (20,37 value 52.6)
	Save allineato_al_centro_verticale(E,D) (20,38 value 51.8)

Best literal tipo_testo(D) (5.4 bits)


State (107/163 [20/30], 106.2 bits available)

				[= tried 1/1] 0.1 secs
				[tipo_testo tried 1/2] 0.1 secs
				[tipo_linea_orizzontale tried 2/2] 0.1 secs
				[tipo_misto tried 1/2] 0.1 secs
				[tipo_linea_obbliqua tried 2/2] 0.1 secs
				[tipo_immagine tried 2/2] 0.1 secs
				[tipo_vuoto tried 2/2] 0.1 secs
				[ultima_pagina tried 1/1] 0.1 secs
				[frame tried 4/5] 0.1 secs
				[pagina_1 tried 2/3] 0.1 secs
				[on_top tried 5/6] 0.1 secs
				[to_right tried 5/6] 0.1 secs
				[allineato_al_centro_verticale tried 6/6] 0.1 secs
				[allineato_al_centro_orizzontale tried 4/6] 0.1 secs
				[altezza_pagina tried 1/1] 0.1 secs
				[larghezza_pagina tried 1/1] 0.1 secs
				[altezza_rettangolo tried 2/2] 0.1 secs
				[ascissa_rettangolo tried 2/2] 0.1 secs
				[ordinata_rettangolo tried 2/2] 0.1 secs
				[larghezza_rettangolo tried 2/2] 0.1 secs
				[numero_pagine tried 1/1] 0.1 secs

	Save allineato_al_centro_verticale(E,D) (20,29 value 59.4)

Best literal allineato_al_centro_verticale(D,E) (7.0 bits)


State (172/248 [20/30], 101.8 bits available)

				[= tried 3/3] 0.1 secs
				[tipo_testo tried 2/3] 0.1 secs
				[tipo_linea_orizzontale tried 3/3] 0.1 secs
				[tipo_misto tried 2/3] 0.1 secs
				[tipo_linea_obbliqua tried 3/3] 0.1 secs
				[tipo_immagine tried 3/3] 0.1 secs
				[tipo_vuoto tried 3/3] 0.1 secs
				[ultima_pagina tried 1/1] 0.1 secs
				[frame tried 5/6] 0.1 secs
				[pagina_1 tried 2/3] 0.1 secs
				[on_top tried 9/10] 0.1 secs
				[to_right tried 9/10] 0.1 secs
				[allineato_al_centro_verticale tried 6/10] 0.1 secs
				[allineato_al_centro_orizzontale tried 6/10] 0.1 secs
				[altezza_pagina tried 1/1] 0.1 secs
				[larghezza_pagina tried 1/1] 0.1 secs
				[altezza_rettangolo tried 2/2] 0.1 secs
				[ascissa_rettangolo tried 2/2] 0.1 secs
				[ordinata_rettangolo tried 2/2] 0.1 secs
				[larghezza_rettangolo tried 2/2] 0.1 secs
				[numero_pagine tried 1/1] 0.1 secs

Best literal to_right(E,C) (7.7 bits)


State (169/232 [20/30], 96.9 bits available)

				[= tried 3/3] 0.1 secs
				[tipo_testo tried 2/3] 0.1 secs
				[tipo_linea_orizzontale tried 3/3] 0.1 secs
				[tipo_misto tried 2/3] 0.1 secs
				[tipo_linea_obbliqua tried 3/3] 0.1 secs
				[tipo_immagine tried 3/3] 0.1 secs
				[tipo_vuoto tried 3/3] 0.1 secs
				[ultima_pagina tried 1/1] 0.1 secs
				[frame tried 5/6] 0.1 secs
				[pagina_1 tried 2/3] 0.1 secs
				[on_top tried 9/10] 0.1 secs
				[to_right tried 8/10] 0.1 secs
				[allineato_al_centro_verticale tried 7/10] 0.1 secs
				[allineato_al_centro_orizzontale tried 6/10] 0.1 secs
				[altezza_pagina tried 1/1] 0.1 secs
				[larghezza_pagina tried 1/1] 0.1 secs
				[altezza_rettangolo tried 2/2] 0.1 secs
				[ascissa_rettangolo tried 2/2] 0.1 secs
				[ordinata_rettangolo tried 2/2] 0.1 secs
				[larghezza_rettangolo tried 2/2] 0.1 secs
				[numero_pagine tried 1/1] 0.1 secs

Best literal to_right(D,E) (7.7 bits)


State (59/74 [18/24], 83.5 bits available)

				[= tried 3/3] 0.1 secs
				[tipo_testo tried 2/3] 0.1 secs
				[tipo_linea_orizzontale tried 3/3] 0.1 secs
				[tipo_misto tried 2/3] 0.1 secs
				[tipo_linea_obbliqua tried 3/3] 0.1 secs
				[tipo_immagine tried 3/3] 0.1 secs
				[tipo_vuoto tried 3/3] 0.1 secs
				[ultima_pagina tried 1/1] 0.1 secs
				[frame tried 5/6] 0.1 secs
				[pagina_1 tried 2/3] 0.1 secs
				[on_top tried 9/10] 0.1 secs
				[to_right tried 7/10] 0.1 secs
				[allineato_al_centro_verticale tried 7/10] 0.1 secs
				[allineato_al_centro_orizzontale tried 6/10] 0.1 secs
				[altezza_pagina tried 1/1] 0.1 secs
				[larghezza_pagina tried 1/1] 0.1 secs
				[altezza_rettangolo tried 2/2] 0.1 secs
				[ascissa_rettangolo tried 2/2] 0.1 secs
				[ordinata_rettangolo tried 2/2] 0.1 secs
				[larghezza_rettangolo tried 2/2] 0.1 secs
				[numero_pagine tried 1/1] 0.1 secs

	Save clause ending with on_top(D,E) (cover 15, accuracy 83%)

Best literal on_top(D,E) (7.7 bits)


State (35/38 [15/18], 65.2 bits available)

				[= tried 3/3] 0.1 secs
				[tipo_testo tried 2/3] 0.1 secs
				[tipo_linea_orizzontale tried 3/3] 0.1 secs
				[tipo_misto tried 2/3] 0.1 secs
				[tipo_linea_obbliqua tried 3/3] 0.1 secs
				[tipo_immagine tried 3/3] 0.1 secs
				[tipo_vuoto tried 3/3] 0.1 secs
				[ultima_pagina tried 1/1] 0.1 secs
				[frame tried 5/6] 0.1 secs
				[pagina_1 tried 2/3] 0.1 secs
				[on_top tried 8/10] 0.1 secs
				[to_right tried 7/10] 0.1 secs
				[allineato_al_centro_verticale tried 9/10] 0.1 secs
				[allineato_al_centro_orizzontale tried 6/10] 0.1 secs
				[altezza_pagina tried 1/1] 0.1 secs
				[larghezza_pagina tried 1/1] 0.1 secs
				[altezza_rettangolo tried 2/2] 0.1 secs
				[ascissa_rettangolo tried 2/2] 0.1 secs
				[ordinata_rettangolo tried 2/2] 0.1 secs
				[larghezza_rettangolo tried 2/2] 0.1 secs
				[numero_pagine tried 1/1] 0.1 secs

	Save clause ending with to_right(C,F) (cover 13, accuracy 86%)

	Save on_top(D,F) (15,18 value 48.6)
	Save on_top(F,C) (15,18 value 48.6)
	Save on_top(F,D) (9,11 value 29.0)
	Save to_right(C,F) (13,15 value 42.8)

Best literal frame(B,F) (7.0 bits)


State (273/314 [15/18], 61.6 bits available, 1 weak literal)

				[= tried 6/6] 0.1 secs
				[tipo_testo tried 3/4] 0.1 secs
				[tipo_linea_orizzontale tried 4/4] 0.1 secs
				[tipo_misto tried 3/4] 0.1 secs
				[tipo_linea_obbliqua tried 4/4] 0.1 secs
				[tipo_immagine tried 4/4] 0.1 secs
				[tipo_vuoto tried 4/4] 0.1 secs
				[ultima_pagina tried 1/1] 0.1 secs
				[frame tried 5/8] 0.1 secs
				[pagina_1 tried 2/3] 0.1 secs
				[on_top tried 16/18] 0.1 secs
				[to_right tried 15/18] 0.1 secs
				[allineato_al_centro_verticale tried 14/18] 0.1 secs
				[allineato_al_centro_orizzontale tried 9/18] 0.1 secs
				[altezza_pagina tried 1/1] 0.1 secs
				[larghezza_pagina tried 1/1] 0.1 secs
				[altezza_rettangolo tried 3/3] 0.1 secs
				[ascissa_rettangolo tried 3/3] 0.1 secs
				[ordinata_rettangolo tried 3/3] 0.1 secs
				[larghezza_rettangolo tried 3/3] 0.1 secs
				[numero_pagine tried 1/1] 0.1 secs

	Save to_right(F,C) (15,18 value 48.6)
	Save tipo_misto(F) (15,18 value 48.6)

Best literal allineato_al_centro_verticale(D,F) (8.6 bits)


State (98/108 [15/18], 56.5 bits available)

				[= tried 6/6] 0.1 secs
				[tipo_testo tried 3/4] 0.1 secs
				[tipo_linea_orizzontale tried 4/4] 0.1 secs
				[tipo_misto tried 3/4] 0.1 secs
				[tipo_linea_obbliqua tried 4/4] 0.1 secs
				[tipo_immagine tried 4/4] 0.1 secs
				[tipo_vuoto tried 4/4] 0.1 secs
				[ultima_pagina tried 1/1] 0.1 secs
				[frame tried 6/8] 0.1 secs
				[pagina_1 tried 2/3] 0.1 secs
				[on_top tried 16/18] 0.1 secs
				[to_right tried 15/18] 0.1 secs
				[allineato_al_centro_verticale tried 13/18] 0.1 secs
				[allineato_al_centro_orizzontale tried 9/18] 0.1 secs
				[altezza_pagina tried 1/1] 0.1 secs
				[larghezza_pagina tried 1/1] 0.1 secs
				[altezza_rettangolo tried 3/3] 0.1 secs
				[ascissa_rettangolo tried 3/3] 0.1 secs
				[ordinata_rettangolo tried 3/3] 0.1 secs
				[larghezza_rettangolo tried 3/3] 0.1 secs
				[numero_pagine tried 1/1] 0.1 secs

Best literal to_right(F,C) (8.6 bits)


State (98/106 [15/18], 51.5 bits available)

				[= tried 6/6] 0.1 secs
				[tipo_testo tried 3/4] 0.1 secs
				[tipo_linea_orizzontale tried 4/4] 0.1 secs
				[tipo_misto tried 3/4] 0.1 secs
				[tipo_linea_obbliqua tried 4/4] 0.1 secs
				[tipo_immagine tried 4/4] 0.1 secs
				[tipo_vuoto tried 4/4] 0.1 secs
				[ultima_pagina tried 1/1] 0.1 secs
				[frame tried 6/8] 0.1 secs
				[pagina_1 tried 2/3] 0.1 secs
				[on_top tried 16/18] 0.1 secs
				[to_right tried 14/18] 0.1 secs
				[allineato_al_centro_verticale tried 13/18] 0.1 secs
				[allineato_al_centro_orizzontale tried 9/18] 0.1 secs
				[altezza_pagina tried 1/1] 0.1 secs
				[larghezza_pagina tried 1/1] 0.1 secs
				[altezza_rettangolo tried 3/3] 0.1 secs
				[ascissa_rettangolo tried 3/3] 0.1 secs
				[ordinata_rettangolo tried 3/3] 0.1 secs
				[larghezza_rettangolo tried 3/3] 0.1 secs
				[numero_pagine tried 1/1] 0.1 secs

	Save clause ending with on_top(F,E) (cover 11, accuracy 91%)

	Save allineato_al_centro_verticale(F,E) (11,12 value 37.1)

Best literal on_top(F,E) (8.6 bits)


State (32/33 [11/12], 26.8 bits available)

				[= tried 6/6] 0.1 secs
				[tipo_testo tried 3/4] 0.1 secs
				[tipo_linea_orizzontale tried 4/4] 0.1 secs
				[tipo_misto tried 3/4] 0.1 secs
				[tipo_linea_obbliqua tried 4/4] 0.1 secs
				[tipo_immagine tried 4/4] 0.1 secs
				[tipo_vuoto tried 4/4] 0.1 secs
				[ultima_pagina tried 1/1] 0.1 secs
				[frame tried 6/8] 0.1 secs
				[pagina_1 tried 2/3] 0.1 secs
				[on_top tried 15/18] 0.1 secs
				[to_right tried 14/18] 0.1 secs
				[allineato_al_centro_verticale tried 13/18] 0.1 secs
				[allineato_al_centro_orizzontale tried 9/18] 0.1 secs
				[altezza_pagina tried 1/1] 0.1 secs
				[larghezza_pagina tried 1/1] 0.1 secs
				[altezza_rettangolo tried 3/3] 0.1 secs
				[ascissa_rettangolo tried 3/3] 0.1 secs
				[ordinata_rettangolo tried 3/3] 0.1 secs
				[larghezza_rettangolo tried 3/3] 0.1 secs
				[numero_pagine tried 1/1] 0.1 secs

	Save clause ending with allineato_al_centro_verticale(F,G) (cover 11, accuracy 100%)

	Save allineato_al_centro_verticale(F,G) (11,11 value 38.3)

Best literal to_right(C,G) (8.6 bits)

[Replace by saved clause]

Initial clause (0 errs): class_svln(A) :- pagina_1(A,B), frame(B,C), tipo_misto(C), on_top(D,C), to_right(D,C), tipo_testo(D), allineato_al_centro_verticale(D,E), to_right(E,C), to_right(D,E), on_top(D,E), frame(B,F), allineato_al_centro_verticale(D,F), to_right(F,C), on_top(F,E), allineato_al_centro_verticale(F,G).
		on_top(D,C) needed for binding tipo_testo(D)
		frame(B,C) needed for binding tipo_misto(C)
		pagina_1(A,B) needed for binding frame(B,C)

Clause 2: class_svln(A) :- pagina_1(A,B), frame(B,C), tipo_misto(C), on_top(D,C), tipo_testo(D), allineato_al_centro_verticale(D,E), to_right(E,C), to_right(D,E), on_top(D,E), allineato_al_centro_verticale(D,F), to_right(F,C), on_top(F,E), allineato_al_centro_verticale(F,G).

State (13/268, 91.8 bits available)

				[pagina_1 tried 1/1] 0.1 secs
				[numero_pagine tried 1/1] 0.1 secs

Determinate literals
	pagina_1(A,B)


State (13/268, 91.8 bits available, 1 weak literal)

				[ultima_pagina tried 1/1] 0.1 secs
				[frame tried 1/1] 0.1 secs
				[pagina_1 tried 1/3] 0.1 secs
				[altezza_pagina tried 1/1] 0.1 secs
				[larghezza_pagina tried 1/1] 0.1 secs
				[numero_pagine tried 1/1] 0.1 secs

Best literal frame(B,C) (2.6 bits)


State (100/3115 [13/268], 89.2 bits available, 2 weak literals)

				[tipo_testo tried 1/1] 0.1 secs
				[tipo_linea_orizzontale tried 1/1] 0.1 secs
				[tipo_misto tried 1/1] 0.1 secs
				[tipo_linea_obbliqua tried 1/1] 0.1 secs
				[tipo_immagine tried 1/1] 0.1 secs
				[tipo_vuoto tried 1/1] 0.1 secs
				[ultima_pagina tried 1/1] 0.1 secs
				[frame tried 1/3] 0.1 secs
				[pagina_1 tried 2/3] 0.1 secs
				[on_top tried 2/2] 0.1 secs
				[to_right tried 2/2] 0.1 secs
				[allineato_al_centro_verticale tried 2/2] 0.1 secs
				[allineato_al_centro_orizzontale tried 2/2] 0.1 secs
				[altezza_pagina tried 1/1] 0.1 secs
				[larghezza_pagina tried 1/1] 0.1 secs
				[altezza_rettangolo tried 1/1] 0.1 secs
				[ascissa_rettangolo tried 1/1] 0.1 secs
				[ordinata_rettangolo tried 1/1] 0.1 secs
				[larghezza_rettangolo tried 1/1] 0.1 secs
				[numero_pagine tried 1/1] 0.2 secs

Best literal tipo_misto(C) (4.3 bits)


State (17/125 [12/100], 80.9 bits available)

				[tipo_testo tried 1/1] 0.2 secs
				[tipo_linea_orizzontale tried 1/1] 0.2 secs
				[tipo_misto tried 0/1] 0.2 secs
				[tipo_linea_obbliqua tried 1/1] 0.2 secs
				[tipo_immagine tried 1/1] 0.2 secs
				[tipo_vuoto tried 1/1] 0.2 secs
				[ultima_pagina tried 1/1] 0.2 secs
				[frame tried 2/3] 0.2 secs
				[pagina_1 tried 2/3] 0.2 secs
				[on_top tried 2/2] 0.2 secs
				[to_right tried 2/2] 0.2 secs
				[allineato_al_centro_verticale tried 2/2] 0.2 secs
				[allineato_al_centro_orizzontale tried 2/2] 0.2 secs
				[altezza_pagina tried 1/1] 0.2 secs
				[larghezza_pagina tried 1/1] 0.2 secs
				[altezza_rettangolo tried 1/1] 0.2 secs
				[ascissa_rettangolo tried 1/1] 0.2 secs
				[ordinata_rettangolo tried 1/1] 0.2 secs
				[larghezza_rettangolo tried 1/1] 0.2 secs
				[numero_pagine tried 1/1] 0.2 secs

Best literal on_top(D,C) (5.3 bits)


State (110/512 [12/65], 77.2 bits available)

				[= tried 1/1] 0.2 secs
				[tipo_testo tried 2/2] 0.2 secs
				[tipo_linea_orizzontale tried 2/2] 0.2 secs
				[tipo_misto tried 1/2] 0.2 secs
				[tipo_linea_obbliqua tried 2/2] 0.2 secs
				[tipo_immagine tried 2/2] 0.2 secs
				[tipo_vuoto tried 2/2] 0.2 secs
				[ultima_pagina tried 1/1] 0.2 secs
				[frame tried 4/5] 0.2 secs
				[pagina_1 tried 2/3] 0.2 secs
				[on_top tried 4/6] 0.2 secs
				[to_right tried 6/6] 0.2 secs
				[allineato_al_centro_verticale tried 6/6] 0.2 secs
				[allineato_al_centro_orizzontale tried 4/6] 0.2 secs
				[altezza_pagina tried 1/1] 0.2 secs
				[larghezza_pagina tried 1/1] 0.2 secs
				[altezza_rettangolo tried 2/2] 0.2 secs
				[ascissa_rettangolo tried 2/2] 0.2 secs
				[ordinata_rettangolo tried 2/2] 0.2 secs
				[larghezza_rettangolo tried 2/2] 0.2 secs
				[numero_pagine tried 1/1] 0.2 secs

	Save allineato_al_centro_verticale(E,D) (12,60 value 24.4)

Best literal to_right(D,C) (7.0 bits)


State (48/124 [9/35], 56.3 bits available)

				[= tried 1/1] 0.2 secs
				[tipo_testo tried 2/2] 0.2 secs
				[tipo_linea_orizzontale tried 2/2] 0.2 secs
				[tipo_misto tried 1/2] 0.2 secs
				[tipo_linea_obbliqua tried 2/2] 0.2 secs
				[tipo_immagine tried 2/2] 0.2 secs
				[tipo_vuoto tried 2/2] 0.2 secs
				[ultima_pagina tried 1/1] 0.2 secs
				[frame tried 4/5] 0.2 secs
				[pagina_1 tried 2/3] 0.2 secs
				[on_top tried 4/6] 0.2 secs
				[to_right tried 5/6] 0.2 secs
				[allineato_al_centro_verticale tried 5/6] 0.2 secs
				[allineato_al_centro_orizzontale tried 4/6] 0.2 secs
				[altezza_pagina tried 1/1] 0.2 secs
				[larghezza_pagina tried 1/1] 0.2 secs
				[altezza_rettangolo tried 2/2] 0.2 secs
				[ascissa_rettangolo tried 2/2] 0.2 secs
				[ordinata_rettangolo tried 2/2] 0.2 secs
				[larghezza_rettangolo tried 2/2] 0.2 secs
				[numero_pagine tried 1/1] 0.2 secs

Best literal tipo_testo(D) (5.4 bits)


State (46/102 [9/19], 53.3 bits available)

				[= tried 1/1] 0.2 secs
				[tipo_testo tried 1/2] 0.2 secs
				[tipo_linea_orizzontale tried 2/2] 0.2 secs
				[tipo_misto tried 1/2] 0.2 secs
				[tipo_linea_obbliqua tried 2/2] 0.2 secs
				[tipo_immagine tried 2/2] 0.2 secs
				[tipo_vuoto tried 2/2] 0.2 secs
				[ultima_pagina tried 1/1] 0.2 secs
				[frame tried 4/5] 0.2 secs
				[pagina_1 tried 2/3] 0.2 secs
				[on_top tried 5/6] 0.2 secs
				[to_right tried 5/6] 0.2 secs
				[allineato_al_centro_verticale tried 6/6] 0.2 secs
				[allineato_al_centro_orizzontale tried 4/6] 0.2 secs
				[altezza_pagina tried 1/1] 0.2 secs
				[larghezza_pagina tried 1/1] 0.2 secs
				[altezza_rettangolo tried 2/2] 0.2 secs
				[ascissa_rettangolo tried 2/2] 0.2 secs
				[ordinata_rettangolo tried 2/2] 0.2 secs
				[larghezza_rettangolo tried 2/2] 0.2 secs
				[numero_pagine tried 1/1] 0.2 secs

Best literal allineato_al_centro_verticale(E,D) (7.0 bits)


State (68/148 [9/18], 48.9 bits available)

				[= tried 3/3] 0.2 secs
				[tipo_testo tried 2/3] 0.2 secs
				[tipo_linea_orizzontale tried 3/3] 0.2 secs
				[tipo_misto tried 2/3] 0.2 secs
				[tipo_linea_obbliqua tried 3/3] 0.2 secs
				[tipo_immagine tried 3/3] 0.2 secs
				[tipo_vuoto tried 3/3] 0.2 secs
				[ultima_pagina tried 1/1] 0.2 secs
				[frame tried 5/6] 0.2 secs
				[pagina_1 tried 2/3] 0.2 secs
				[on_top tried 7/10] 0.2 secs
				[to_right tried 9/10] 0.2 secs
				[allineato_al_centro_verticale tried 6/10] 0.2 secs
				[allineato_al_centro_orizzontale tried 6/10] 0.2 secs
				[altezza_pagina tried 1/1] 0.2 secs
				[larghezza_pagina tried 1/1] 0.2 secs
				[altezza_rettangolo tried 2/2] 0.2 secs
				[ascissa_rettangolo tried 2/2] 0.2 secs
				[ordinata_rettangolo tried 2/2] 0.2 secs
				[larghezza_rettangolo tried 2/2] 0.2 secs
				[numero_pagine tried 1/1] 0.2 secs

Best literal on_top(E,C) (7.7 bits)


State (68/132 [9/18], 44.0 bits available)

				[= tried 3/3] 0.2 secs
				[tipo_testo tried 2/3] 0.2 secs
				[tipo_linea_orizzontale tried 3/3] 0.2 secs
				[tipo_misto tried 2/3] 0.2 secs
				[tipo_linea_obbliqua tried 3/3] 0.2 secs
				[tipo_immagine tried 3/3] 0.2 secs
				[tipo_vuoto tried 3/3] 0.2 secs
				[ultima_pagina tried 1/1] 0.2 secs
				[frame tried 5/6] 0.2 secs
				[pagina_1 tried 2/3] 0.2 secs
				[on_top tried 6/10] 0.2 secs
				[to_right tried 9/10] 0.2 secs
				[allineato_al_centro_verticale tried 7/10] 0.2 secs
				[allineato_al_centro_orizzontale tried 6/10] 0.2 secs
				[altezza_pagina tried 1/1] 0.2 secs
				[larghezza_pagina tried 1/1] 0.2 secs
				[altezza_rettangolo tried 2/2] 0.2 secs
				[ascissa_rettangolo tried 2/2] 0.2 secs
				[ordinata_rettangolo tried 2/2] 0.2 secs
				[larghezza_rettangolo tried 2/2] 0.2 secs
				[numero_pagine tried 1/1] 0.2 secs

Best literal to_right(D,E) (7.7 bits)


State (21/32 [8/12], 33.6 bits available)

				[= tried 3/3] 0.2 secs
				[tipo_testo tried 2/3] 0.2 secs
				[tipo_linea_orizzontale tried 3/3] 0.2 secs
				[tipo_misto tried 2/3] 0.2 secs
				[tipo_linea_obbliqua tried 3/3] 0.2 secs
				[tipo_immagine tried 3/3] 0.2 secs
				[tipo_vuoto tried 3/3] 0.2 secs
				[ultima_pagina tried 1/1] 0.2 secs
				[frame tried 5/6] 0.2 secs
				[pagina_1 tried 2/3] 0.2 secs
				[on_top tried 6/10] 0.2 secs
				[to_right tried 8/10] 0.2 secs
				[allineato_al_centro_verticale tried 7/10] 0.2 secs
				[allineato_al_centro_orizzontale tried 6/10] 0.2 secs
				[altezza_pagina tried 1/1] 0.2 secs
				[larghezza_pagina tried 1/1] 0.2 secs
				[altezza_rettangolo tried 2/2] 0.2 secs
				[ascissa_rettangolo tried 2/2] 0.2 secs
				[ordinata_rettangolo tried 2/2] 0.2 secs
				[larghezza_rettangolo tried 2/2] 0.2 secs
				[numero_pagine tried 1/1] 0.2 secs

Best literal to_right(E,C) (7.7 bits)


State (21/30 [8/11], 29.1 bits available)

				[= tried 3/3] 0.2 secs
				[tipo_testo tried 2/3] 0.2 secs
				[tipo_linea_orizzontale tried 3/3] 0.2 secs
				[tipo_misto tried 2/3] 0.2 secs
				[tipo_linea_obbliqua tried 3/3] 0.2 secs
				[tipo_immagine tried 3/3] 0.2 secs
				[tipo_vuoto tried 3/3] 0.2 secs
				[ultima_pagina tried 1/1] 0.2 secs
				[frame tried 5/6] 0.2 secs
				[pagina_1 tried 2/3] 0.2 secs
				[on_top tried 6/10] 0.2 secs
				[to_right tried 7/10] 0.2 secs
				[allineato_al_centro_verticale tried 7/10] 0.2 secs
				[allineato_al_centro_orizzontale tried 6/10] 0.2 secs
				[altezza_pagina tried 1/1] 0.2 secs
				[larghezza_pagina tried 1/1] 0.2 secs
				[altezza_rettangolo tried 2/2] 0.2 secs
				[ascissa_rettangolo tried 2/2] 0.2 secs
				[ordinata_rettangolo tried 2/2] 0.2 secs
				[larghezza_rettangolo tried 2/2] 0.2 secs
				[numero_pagine tried 1/1] 0.2 secs

	Save clause ending with to_right(F,D) (cover 4, accuracy 80%)

	Save on_top(D,F) (8,11 value 30.8)
	Save on_top(F,C) (8,11 value 30.8)
	Save on_top(F,D) (8,11 value 30.8)
	Save to_right(C,F) (7,9 value 27.6)

Best literal frame(B,F) (7.0 bits)


State (149/279 [8/11], 25.4 bits available, 1 weak literal)

				[= tried 6/6] 0.2 secs
				[tipo_testo tried 3/4] 0.2 secs
				[tipo_linea_orizzontale tried 4/4] 0.2 secs
				[tipo_misto tried 3/4] 0.2 secs
				[tipo_linea_obbliqua tried 4/4] 0.2 secs
				[tipo_immagine tried 4/4] 0.2 secs
				[tipo_vuoto tried 4/4] 0.2 secs
				[ultima_pagina tried 1/1] 0.2 secs
				[frame tried 5/8] 0.2 secs
				[pagina_1 tried 2/3] 0.2 secs
				[on_top tried 13/18] 0.2 secs
				[to_right tried 15/18] 0.2 secs
				[allineato_al_centro_verticale tried 14/18] 0.2 secs
				[allineato_al_centro_orizzontale tried 9/18] 0.2 secs
				[altezza_pagina tried 1/1] 0.2 secs
				[larghezza_pagina tried 1/1] 0.2 secs
				[altezza_rettangolo tried 3/3] 0.2 secs
				[ascissa_rettangolo tried 3/3] 0.2 secs
				[ordinata_rettangolo tried 3/3] 0.2 secs
				[larghezza_rettangolo tried 3/3] 0.2 secs
				[numero_pagine tried 1/1] 0.2 secs

	Save allineato_al_centro_verticale(E,F) (8,11 value 30.8)

Best literal to_right(F,C) (8.6 bits)


State (110/182 [8/11], 20.3 bits available)

				[= tried 6/6] 0.2 secs
				[tipo_testo tried 3/4] 0.2 secs
				[tipo_linea_orizzontale tried 4/4] 0.2 secs
				[tipo_misto tried 3/4] 0.2 secs
				[tipo_linea_obbliqua tried 4/4] 0.2 secs
				[tipo_immagine tried 4/4] 0.2 secs
				[tipo_vuoto tried 4/4] 0.2 secs
				[ultima_pagina tried 1/1] 0.2 secs
				[frame tried 6/8] 0.2 secs
				[pagina_1 tried 2/3] 0.2 secs
				[on_top tried 13/18] 0.2 secs
				[to_right tried 14/18] 0.2 secs
				[allineato_al_centro_verticale tried 14/18] 0.2 secs
				[allineato_al_centro_orizzontale tried 9/18] 0.2 secs
				[altezza_pagina tried 1/1] 0.2 secs
				[larghezza_pagina tried 1/1] 0.2 secs
				[altezza_rettangolo tried 3/3] 0.2 secs
				[ascissa_rettangolo tried 3/3] 0.2 secs
				[ordinata_rettangolo tried 3/3] 0.2 secs
				[larghezza_rettangolo tried 3/3] 0.2 secs
				[numero_pagine tried 1/1] 0.2 secs

Best literal to_right(D,F) (8.6 bits)


State (58/75 [8/11], 15.3 bits available)

				[= tried 6/6] 0.2 secs
				[tipo_testo tried 3/4] 0.2 secs
				[tipo_linea_orizzontale tried 4/4] 0.2 secs
				[tipo_misto tried 3/4] 0.2 secs
				[tipo_linea_obbliqua tried 4/4] 0.2 secs
				[tipo_immagine tried 4/4] 0.2 secs
				[tipo_vuoto tried 4/4] 0.2 secs
				[ultima_pagina tried 1/1] 0.2 secs
				[frame tried 6/8] 0.2 secs
				[pagina_1 tried 2/3] 0.2 secs
				[on_top tried 13/18] 0.2 secs
				[to_right tried 13/18] 0.2 secs
				[allineato_al_centro_verticale tried 14/18] 0.2 secs
				[allineato_al_centro_orizzontale tried 9/18] 0.2 secs
				[altezza_pagina tried 1/1] 0.2 secs
				[larghezza_pagina tried 1/1] 0.2 secs
				[altezza_rettangolo tried 3/3] 0.2 secs
				[ascissa_rettangolo tried 3/3] 0.2 secs
				[ordinata_rettangolo tried 3/3] 0.2 secs
				[larghezza_rettangolo tried 3/3] 0.2 secs
				[numero_pagine tried 1/1] 0.2 secs

Best literal allineato_al_centro_verticale(D,G) (8.6 bits)


State (64/81 [7/10], 4.7 bits available)

				[= requires 8.7 bits]
				[tipo_testo tried 4/5] 0.2 secs
				[tipo_linea_orizzontale tried 5/5] 0.2 secs
				[tipo_misto tried 4/5] 0.2 secs
				[tipo_linea_obbliqua tried 5/5] 0.2 secs
				[tipo_immagine tried 5/5] 0.2 secs
				[tipo_vuoto tried 5/5] 0.2 secs
				[ultima_pagina tried 1/1] 0.2 secs
				[frame tried 7/9] 0.2 secs
				[pagina_1 tried 2/3] 0.2 secs
				[on_top requires 9.1 bits]
				[to_right requires 9.1 bits]
				[allineato_al_centro_verticale requires 9.1 bits]
				[allineato_al_centro_orizzontale requires 9.1 bits]
				[altezza_pagina tried 1/1] 0.2 secs
				[larghezza_pagina tried 1/1] 0.2 secs
				[altezza_rettangolo tried 3/3] 0.2 secs
				[ascissa_rettangolo tried 3/3] 0.2 secs
				[ordinata_rettangolo tried 3/3] 0.2 secs
				[larghezza_rettangolo tried 3/3] 0.2 secs
				[numero_pagine tried 1/1] 0.2 secs

Best literal tipo_testo(G) (6.7 bits)


State (64/80 [7/10], 1.8 bits available)

				[= requires 8.7 bits]
				[tipo_testo requires 6.7 bits]
				[tipo_linea_orizzontale requires 6.7 bits]
				[tipo_misto requires 6.7 bits]
				[tipo_linea_obbliqua requires 6.7 bits]
				[tipo_immagine requires 6.7 bits]
				[tipo_vuoto requires 6.7 bits]
				[ultima_pagina tried 1/1] 0.2 secs
				[frame requires 7.6 bits]
				[pagina_1 requires 6.0 bits]
				[on_top requires 9.1 bits]
				[to_right requires 9.1 bits]
				[allineato_al_centro_verticale requires 9.1 bits]
				[allineato_al_centro_orizzontale requires 9.1 bits]
				[altezza_pagina tried 1/1] 0.2 secs
				[larghezza_pagina tried 1/1] 0.2 secs
				[altezza_rettangolo requires 6.0 bits]
				[ascissa_rettangolo requires 6.0 bits]
				[ordinata_rettangolo requires 6.0 bits]
				[larghezza_rettangolo requires 6.0 bits]
				[numero_pagine tried 1/1] 0.2 secs

No literals

[Replace by saved clause]

Initial clause (1 errs): class_svln(A) :- pagina_1(A,B), frame(B,C), tipo_misto(C), on_top(D,C), to_right(D,C), tipo_testo(D), allineato_al_centro_verticale(E,D), on_top(E,C), to_right(D,E), to_right(E,C), to_right(F,D).
		on_top(D,C) needed for binding allineato_al_centro_verticale(E,D)
		frame(B,C) needed for binding tipo_misto(C)
		pagina_1(A,B) needed for binding frame(B,C)

Clause 3: class_svln(A) :- pagina_1(A,B), frame(B,C), tipo_misto(C), on_top(D,C), allineato_al_centro_verticale(E,D), on_top(E,C), to_right(D,E), to_right(E,C), to_right(F,D).

State (9/264, 70.9 bits available)

				[pagina_1 tried 1/1] 0.2 secs
				[numero_pagine tried 1/1] 0.2 secs

Determinate literals
	pagina_1(A,B)


State (9/264, 70.9 bits available, 1 weak literal)

				[ultima_pagina tried 1/1] 0.2 secs
				[frame tried 1/1] 0.2 secs
				[pagina_1 tried 1/3] 0.2 secs
				[altezza_pagina tried 1/1] 0.2 secs
				[larghezza_pagina tried 1/1] 0.2 secs
				[numero_pagine tried 1/1] 0.2 secs

Best literal frame(B,C) (2.6 bits)


State (72/3087 [9/264], 68.4 bits available, 2 weak literals)

				[tipo_testo tried 1/1] 0.2 secs
				[tipo_linea_orizzontale tried 1/1] 0.2 secs
				[tipo_misto tried 1/1] 0.2 secs
				[tipo_linea_obbliqua tried 1/1] 0.2 secs
				[tipo_immagine tried 1/1] 0.2 secs
				[tipo_vuoto tried 1/1] 0.2 secs
				[ultima_pagina tried 1/1] 0.2 secs
				[frame tried 1/3] 0.2 secs
				[pagina_1 tried 2/3] 0.2 secs
				[on_top tried 2/2] 0.2 secs
				[to_right tried 2/2] 0.2 secs
				[allineato_al_centro_verticale tried 2/2] 0.2 secs
				[allineato_al_centro_orizzontale tried 2/2] 0.2 secs
				[altezza_pagina tried 1/1] 0.2 secs
				[larghezza_pagina tried 1/1] 0.2 secs
				[altezza_rettangolo tried 1/1] 0.2 secs
				[ascissa_rettangolo tried 1/1] 0.2 secs
				[ordinata_rettangolo tried 1/1] 0.2 secs
				[larghezza_rettangolo tried 1/1] 0.2 secs
				[numero_pagine tried 1/1] 0.2 secs

Best literal tipo_misto(C) (4.3 bits)


State (12/120 [8/96], 59.4 bits available)

				[tipo_testo tried 1/1] 0.2 secs
				[tipo_linea_orizzontale tried 1/1] 0.2 secs
				[tipo_misto tried 0/1] 0.2 secs
				[tipo_linea_obbliqua tried 1/1] 0.2 secs
				[tipo_immagine tried 1/1] 0.2 secs
				[tipo_vuoto tried 1/1] 0.2 secs
				[ultima_pagina tried 1/1] 0.2 secs
				[frame tried 2/3] 0.2 secs
				[pagina_1 tried 2/3] 0.2 secs
				[on_top tried 2/2] 0.2 secs
				[to_right tried 2/2] 0.2 secs
				[allineato_al_centro_verticale tried 2/2] 0.2 secs
				[allineato_al_centro_orizzontale tried 2/2] 0.2 secs
				[altezza_pagina tried 1/1] 0.2 secs
				[larghezza_pagina tried 1/1] 0.2 secs
				[altezza_rettangolo tried 1/1] 0.2 secs
				[ascissa_rettangolo tried 1/1] 0.2 secs
				[ordinata_rettangolo tried 1/1] 0.2 secs
				[larghezza_rettangolo tried 1/1] 0.2 secs
				[numero_pagine tried 1/1] 0.2 secs

Best literal on_top(D,C) (5.3 bits)


State (81/483 [8/61], 55.7 bits available)

				[= tried 1/1] 0.2 secs
				[tipo_testo tried 2/2] 0.2 secs
				[tipo_linea_orizzontale tried 2/2] 0.2 secs
				[tipo_misto tried 1/2] 0.2 secs
				[tipo_linea_obbliqua tried 2/2] 0.2 secs
				[tipo_immagine tried 2/2] 0.2 secs
				[tipo_vuoto tried 2/2] 0.2 secs
				[ultima_pagina tried 1/1] 0.2 secs
				[frame tried 4/5] 0.2 secs
				[pagina_1 tried 2/3] 0.2 secs
				[on_top tried 4/6] 0.2 secs
				[to_right tried 6/6] 0.2 secs
				[allineato_al_centro_verticale tried 6/6] 0.2 secs
				[allineato_al_centro_orizzontale tried 4/6] 0.2 secs
				[altezza_pagina tried 1/1] 0.2 secs
				[larghezza_pagina tried 1/1] 0.2 secs
				[altezza_rettangolo tried 2/2] 0.2 secs
				[ascissa_rettangolo tried 2/2] 0.2 secs
				[ordinata_rettangolo tried 2/2] 0.2 secs
				[larghezza_rettangolo tried 2/2] 0.2 secs
				[numero_pagine tried 1/1] 0.2 secs

	Save allineato_al_centro_verticale(E,D) (8,56 value 16.5)

Best literal allineato_al_centro_verticale(D,E) (7.0 bits)


State (183/692 [8/56], 50.7 bits available)

				[= tried 3/3] 0.2 secs
				[tipo_testo tried 3/3] 0.2 secs
				[tipo_linea_orizzontale tried 3/3] 0.2 secs
				[tipo_misto tried 2/3] 0.2 secs
				[tipo_linea_obbliqua tried 3/3] 0.2 secs
				[tipo_immagine tried 3/3] 0.2 secs
				[tipo_vuoto tried 3/3] 0.2 secs
				[ultima_pagina tried 1/1] 0.2 secs
				[frame tried 5/6] 0.2 secs
				[pagina_1 tried 2/3] 0.2 secs
				[on_top tried 9/10] 0.2 secs
				[to_right tried 10/10] 0.2 secs
				[allineato_al_centro_verticale tried 8/10] 0.2 secs
				[allineato_al_centro_orizzontale tried 6/10] 0.2 secs
				[altezza_pagina tried 1/1] 0.2 secs
				[larghezza_pagina tried 1/1] 0.2 secs
				[altezza_rettangolo tried 2/2] 0.2 secs
				[ascissa_rettangolo tried 2/2] 0.2 secs
				[ordinata_rettangolo tried 2/2] 0.2 secs
				[larghezza_rettangolo tried 2/2] 0.2 secs
				[numero_pagine tried 1/1] 0.2 secs

Best literal allineato_al_centro_verticale(F,D) (7.7 bits)


State (373/1081 [8/41], 45.3 bits available)

				[= tried 6/6] 0.2 secs
				[tipo_testo tried 4/4] 0.2 secs
				[tipo_linea_orizzontale tried 4/4] 0.2 secs
				[tipo_misto tried 3/4] 0.2 secs
				[tipo_linea_obbliqua tried 4/4] 0.2 secs
				[tipo_immagine tried 4/4] 0.2 secs
				[tipo_vuoto tried 4/4] 0.2 secs
				[ultima_pagina tried 1/1] 0.2 secs
				[frame tried 6/7] 0.2 secs
				[pagina_1 tried 2/3] 0.2 secs
				[on_top tried 15/16] 0.2 secs
				[to_right tried 16/16] 0.2 secs
				[allineato_al_centro_verticale tried 12/16] 0.2 secs
				[allineato_al_centro_orizzontale tried 10/16] 0.2 secs
				[altezza_pagina tried 1/1] 0.2 secs
				[larghezza_pagina tried 1/1] 0.2 secs
				[altezza_rettangolo tried 2/2] 0.2 secs
				[ascissa_rettangolo tried 2/2] 0.2 secs
				[ordinata_rettangolo tried 2/2] 0.2 secs
				[larghezza_rettangolo tried 2/2] 0.2 secs
				[numero_pagine tried 1/1] 0.2 secs

	Save tipo_misto(E) (2,18 value 4.1)

Best literal to_right(D,F) (8.4 bits)


State (132/245 [6/26], 27.7 bits available)

				[= tried 6/6] 0.2 secs
				[tipo_testo tried 4/4] 0.2 secs
				[tipo_linea_orizzontale tried 4/4] 0.2 secs
				[tipo_misto tried 3/4] 0.2 secs
				[tipo_linea_obbliqua tried 4/4] 0.2 secs
				[tipo_immagine tried 4/4] 0.2 secs
				[tipo_vuoto tried 4/4] 0.2 secs
				[ultima_pagina tried 1/1] 0.2 secs
				[frame tried 6/7] 0.2 secs
				[pagina_1 tried 2/3] 0.2 secs
				[on_top tried 15/16] 0.2 secs
				[to_right tried 15/16] 0.2 secs
				[allineato_al_centro_verticale tried 13/16] 0.2 secs
				[allineato_al_centro_orizzontale tried 10/16] 0.2 secs
				[altezza_pagina tried 1/1] 0.2 secs
				[larghezza_pagina tried 1/1] 0.2 secs
				[altezza_rettangolo tried 2/2] 0.2 secs
				[ascissa_rettangolo tried 2/2] 0.2 secs
				[ordinata_rettangolo tried 2/2] 0.2 secs
				[larghezza_rettangolo tried 2/2] 0.2 secs
				[numero_pagine tried 1/1] 0.2 secs

Best literal allineato_al_centro_verticale(G,C) (8.4 bits)


State (528/752 [3/15], 2.3 bits available)

				[= requires 8.7 bits]
				[tipo_testo requires 6.7 bits]
				[tipo_linea_orizzontale requires 6.7 bits]
				[tipo_misto requires 6.7 bits]
				[tipo_linea_obbliqua requires 6.7 bits]
				[tipo_immagine requires 6.7 bits]
				[tipo_vuoto requires 6.7 bits]
				[ultima_pagina tried 1/1] 0.2 secs
				[frame requires 7.6 bits]
				[pagina_1 requires 6.0 bits]
				[on_top requires 9.1 bits]
				[to_right requires 9.1 bits]
				[allineato_al_centro_verticale requires 9.1 bits]
				[allineato_al_centro_orizzontale requires 9.1 bits]
				[altezza_pagina tried 1/1] 0.2 secs
				[larghezza_pagina tried 1/1] 0.2 secs
				[altezza_rettangolo requires 6.0 bits]
				[ascissa_rettangolo requires 6.0 bits]
				[ordinata_rettangolo requires 6.0 bits]
				[larghezza_rettangolo requires 6.0 bits]
				[numero_pagine tried 1/1] 0.2 secs

No literals

Recover to class_svln(A) :- pagina_1(A,B), frame(B,C), tipo_misto(C), on_top(D,C), allineato_al_centro_verticale(E,D).



State (186/702 [8/56], 50.7 bits available)

				[= tried 3/3] 0.2 secs
				[tipo_testo tried 3/3] 0.2 secs
				[tipo_linea_orizzontale tried 3/3] 0.2 secs
				[tipo_misto tried 2/3] 0.2 secs
				[tipo_linea_obbliqua tried 3/3] 0.2 secs
				[tipo_immagine tried 3/3] 0.2 secs
				[tipo_vuoto tried 3/3] 0.2 secs
				[ultima_pagina tried 1/1] 0.2 secs
				[frame tried 5/6] 0.2 secs
				[pagina_1 tried 2/3] 0.2 secs
				[on_top tried 9/10] 0.2 secs
				[to_right tried 10/10] 0.2 secs
				[allineato_al_centro_verticale tried 8/10] 0.2 secs
				[allineato_al_centro_orizzontale tried 6/10] 0.2 secs
				[altezza_pagina tried 1/1] 0.2 secs
				[larghezza_pagina tried 1/1] 0.2 secs
				[altezza_rettangolo tried 2/2] 0.2 secs
				[ascissa_rettangolo tried 2/2] 0.2 secs
				[ordinata_rettangolo tried 2/2] 0.2 secs
				[larghezza_rettangolo tried 2/2] 0.2 secs
				[numero_pagine tried 1/1] 0.2 secs

Best literal allineato_al_centro_verticale(D,F) (7.7 bits)


State (373/1081 [8/41], 45.3 bits available)

				[= tried 6/6] 0.2 secs
				[tipo_testo tried 4/4] 0.2 secs
				[tipo_linea_orizzontale tried 4/4] 0.2 secs
				[tipo_misto tried 3/4] 0.2 secs
				[tipo_linea_obbliqua tried 4/4] 0.2 secs
				[tipo_immagine tried 4/4] 0.2 secs
				[tipo_vuoto tried 4/4] 0.2 secs
				[ultima_pagina tried 1/1] 0.2 secs
				[frame tried 6/7] 0.2 secs
				[pagina_1 tried 2/3] 0.2 secs
				[on_top tried 15/16] 0.2 secs
				[to_right tried 16/16] 0.2 secs
				[allineato_al_centro_verticale tried 12/16] 0.2 secs
				[allineato_al_centro_orizzontale tried 10/16] 0.2 secs
				[altezza_pagina tried 1/1] 0.2 secs
				[larghezza_pagina tried 1/1] 0.2 secs
				[altezza_rettangolo tried 2/2] 0.2 secs
				[ascissa_rettangolo tried 2/2] 0.2 secs
				[ordinata_rettangolo tried 2/2] 0.2 secs
				[larghezza_rettangolo tried 2/2] 0.2 secs
				[numero_pagine tried 1/1] 0.2 secs

	Save tipo_misto(F) (2,18 value 4.1)

Best literal to_right(D,E) (8.4 bits)


State (132/245 [6/26], 27.7 bits available)

				[= tried 6/6] 0.2 secs
				[tipo_testo tried 4/4] 0.2 secs
				[tipo_linea_orizzontale tried 4/4] 0.2 secs
				[tipo_misto tried 3/4] 0.2 secs
				[tipo_linea_obbliqua tried 4/4] 0.2 secs
				[tipo_immagine tried 4/4] 0.2 secs
				[tipo_vuoto tried 4/4] 0.2 secs
				[ultima_pagina tried 1/1] 0.2 secs
				[frame tried 6/7] 0.2 secs
				[pagina_1 tried 2/3] 0.2 secs
				[on_top tried 15/16] 0.2 secs
				[to_right tried 15/16] 0.2 secs
				[allineato_al_centro_verticale tried 13/16] 0.2 secs
				[allineato_al_centro_orizzontale tried 10/16] 0.2 secs
				[altezza_pagina tried 1/1] 0.2 secs
				[larghezza_pagina tried 1/1] 0.2 secs
				[altezza_rettangolo tried 2/2] 0.2 secs
				[ascissa_rettangolo tried 2/2] 0.2 secs
				[ordinata_rettangolo tried 2/2] 0.2 secs
				[larghezza_rettangolo tried 2/2] 0.2 secs
				[numero_pagine tried 1/1] 0.2 secs

Best literal allineato_al_centro_verticale(G,C) (8.4 bits)


State (528/752 [3/15], 2.3 bits available)

				[= requires 8.7 bits]
				[tipo_testo requires 6.7 bits]
				[tipo_linea_orizzontale requires 6.7 bits]
				[tipo_misto requires 6.7 bits]
				[tipo_linea_obbliqua requires 6.7 bits]
				[tipo_immagine requires 6.7 bits]
				[tipo_vuoto requires 6.7 bits]
				[ultima_pagina tried 1/1] 0.2 secs
				[frame requires 7.6 bits]
				[pagina_1 requires 6.0 bits]
				[on_top requires 9.1 bits]
				[to_right requires 9.1 bits]
				[allineato_al_centro_verticale requires 9.1 bits]
				[allineato_al_centro_orizzontale requires 9.1 bits]
				[altezza_pagina tried 1/1] 0.2 secs
				[larghezza_pagina tried 1/1] 0.2 secs
				[altezza_rettangolo requires 6.0 bits]
				[ascissa_rettangolo requires 6.0 bits]
				[ordinata_rettangolo requires 6.0 bits]
				[larghezza_rettangolo requires 6.0 bits]
				[numero_pagine tried 1/1] 0.2 secs

No literals

Recover to class_svln(A) :- pagina_1(A,B), frame(B,C), tipo_misto(C), on_top(D,C), allineato_al_centro_verticale(D,E), allineato_al_centro_verticale(F,D), tipo_misto(E).



State (177/373 [2/18], 2.5 bits available)

				[= requires 8.0 bits]
				[tipo_testo requires 6.4 bits]
				[tipo_linea_orizzontale requires 6.4 bits]
				[tipo_misto requires 6.4 bits]
				[tipo_linea_obbliqua requires 6.4 bits]
				[tipo_immagine requires 6.4 bits]
				[tipo_vuoto requires 6.4 bits]
				[ultima_pagina tried 1/1] 0.2 secs
				[frame requires 7.2 bits]
				[pagina_1 requires 6.0 bits]
				[on_top requires 8.4 bits]
				[to_right requires 8.4 bits]
				[allineato_al_centro_verticale requires 8.4 bits]
				[allineato_al_centro_orizzontale requires 8.4 bits]
				[altezza_pagina tried 1/1] 0.2 secs
				[larghezza_pagina tried 1/1] 0.2 secs
				[altezza_rettangolo requires 5.4 bits]
				[ascissa_rettangolo requires 5.4 bits]
				[ordinata_rettangolo requires 5.4 bits]
				[larghezza_rettangolo requires 5.4 bits]
				[numero_pagine tried 1/1] 0.2 secs

No literals

Recover to class_svln(A) :- pagina_1(A,B), frame(B,C), tipo_misto(C), on_top(D,C), allineato_al_centro_verticale(E,D), allineato_al_centro_verticale(D,F), tipo_misto(F).



State (177/373 [2/18], 2.5 bits available)

				[= requires 8.0 bits]
				[tipo_testo requires 6.4 bits]
				[tipo_linea_orizzontale requires 6.4 bits]
				[tipo_misto requires 6.4 bits]
				[tipo_linea_obbliqua requires 6.4 bits]
				[tipo_immagine requires 6.4 bits]
				[tipo_vuoto requires 6.4 bits]
				[ultima_pagina tried 1/1] 0.2 secs
				[frame requires 7.2 bits]
				[pagina_1 requires 6.0 bits]
				[on_top requires 8.4 bits]
				[to_right requires 8.4 bits]
				[allineato_al_centro_verticale requires 8.4 bits]
				[allineato_al_centro_orizzontale requires 8.4 bits]
				[altezza_pagina tried 1/1] 0.2 secs
				[larghezza_pagina tried 1/1] 0.2 secs
				[altezza_rettangolo requires 5.4 bits]
				[ascissa_rettangolo requires 5.4 bits]
				[ordinata_rettangolo requires 5.4 bits]
				[larghezza_rettangolo requires 5.4 bits]
				[numero_pagine tried 1/1] 0.2 secs

No literals

Initial clause (16 errs): class_svln(A) :- pagina_1(A,B), frame(B,C), tipo_misto(C), on_top(D,C), allineato_al_centro_verticale(E,D), allineato_al_centro_verticale(D,F), tipo_misto(F).
		allineato_al_centro_verticale(D,F) needed for binding tipo_misto(F)
		on_top(D,C) needed for binding allineato_al_centro_verticale(E,D)
		frame(B,C) needed for binding tipo_misto(C)
		pagina_1(A,B) needed for binding frame(B,C)

Clause too inaccurate (2/18)

***  Warning: the following definition
***  matches 1 tuple not in the relation
***  does not cover 9 tuples in the relation

class_svln(A) :- pagina_1(A,B), frame(B,C), tipo_misto(C), on_top(D,C), to_right(D,C), allineato_al_centro_verticale(D,E), to_right(E,D), on_top(E,D), to_right(F,D), allineato_al_centro_verticale(E,F).
class_svln(A) :- pagina_1(A,B), frame(B,C), tipo_misto(C), to_right(D,C), allineato_al_centro_verticale(D,E), to_right(E,D), tipo_misto(E), to_right(C,F).
class_svln(A) :- pagina_1(A,B), frame(B,C), tipo_misto(C), on_top(D,C), tipo_testo(D), allineato_al_centro_verticale(D,E), to_right(E,C), to_right(D,E), on_top(D,E), allineato_al_centro_verticale(D,F), to_right(F,C), on_top(F,E), allineato_al_centro_verticale(F,G).
class_svln(A) :- pagina_1(A,B), frame(B,C), tipo_misto(C), on_top(D,C), allineato_al_centro_verticale(E,D), on_top(E,C), to_right(D,E), to_right(E,C), to_right(F,D).

Time 0.2 secs

Test relation class_svln
    (+)	d37290944
Summary: 1 error in 35 trials
