mar 19 ago 2014, 15.47.26, CEST
lusio-laptop
[settings]
        cache_clauselength=5
        caching=true
        check_useless=true
        clauselength=8
        clauses=8
        construct_bottom=saturation
        depth=15
        evalfn=coverage
        explore=false
        greedy=true
        gsamplesize=100
        i=10
        lazy_on_contradiction=true
        lazy_on_cost=false
        minpos=2
        nodes=50000
        noise=0
        print=4
        prior=0.34384858044164
        proof_strategy=restricted_sld
        prune_defs=false
        record=true
        recordfile=./mlj_f8.log
        refine=false
        refineop=false
        rulefile=./mlj_f8.rul
        samplesize=1
        search=bf
        splitvars=false
        stage=command
        test_neg=./mlj_f8_test.n
        test_pos=./mlj_f8_test.f
        thread=8
        train_neg=mlj_f8.n
        train_pos=mlj_f8.f
        verbosity=0
        version=2.7.5
[sat] [54]
[-------------------------------------]
[found clause]
class_mlj(A) :-
   pagina_1(A,B), frame(B,C), altezza_rettangolo(C,0.12470309).
[pos-neg] [2]
[clause label] [[2,0,4,2]]
[clauses explored] [88]
[-------------------------------------]
[-------------------------------------]
[found clause]
class_mlj(A) :-
   pagina_1(A,B), frame(B,C), ordinata_rettangolo(C,0.6128266).
[pos-neg] [3]
[clause label] [[3,0,4,3]]
[clauses explored] [137]
[-------------------------------------]
[-------------------------------------]
[found clause]
class_mlj(A) :-
   pagina_1(A,B), frame(B,C), ordinata_rettangolo(C,0.29572445).
[pos-neg] [9]
[clause label] [[9,0,4,9]]
[clauses explored] [187]
[-------------------------------------]
[-------------------------------------]
[found clause]
class_mlj(A) :-
   pagina_1(A,B), frame(B,C), ascissa_rettangolo(C,0.25714287).
[pos-neg] [48]
[clause label] [[48,0,4,48]]
[clauses explored] [223]
[-------------------------------------]
[clauses constructed] [50000]
[search time] [21.682]
[best clause]
class_mlj(A) :-
   pagina_1(A,B), frame(B,C), ascissa_rettangolo(C,0.25714287).
[sat] [45]
[-------------------------------------]
[found clause]
class_mlj(A) :-
   pagina_1(A,B), altezza_pagina(B,666.0).
[pos-neg] [4]
[clause label] [[4,0,3,4]]
[clauses explored] [5]
[-------------------------------------]
[clauses constructed] [50000]
[search time] [18.864]
[best clause]
class_mlj(A) :-
   pagina_1(A,B), altezza_pagina(B,666.0).
[sat] [2]
[-------------------------------------]
[found clause]
class_mlj(A) :-
   pagina_1(A,B), frame(B,C), altezza_rettangolo(C,0.035629455).
[pos-neg] [2]
[clause label] [[2,0,4,2]]
[clauses explored] [147]
[-------------------------------------]
[-------------------------------------]
[found clause]
class_mlj(A) :-
   pagina_1(A,B), frame(B,C), ordinata_rettangolo(C,0.15320665).
[pos-neg] [4]
[clause label] [[4,0,4,4]]
[clauses explored] [217]
[-------------------------------------]
[clauses constructed] [50000]
[search time] [18.6]
[best clause]
class_mlj(A) :-
   pagina_1(A,B), frame(B,C), ordinata_rettangolo(C,0.15320665).
[sat] [88]
[-------------------------------------]
[found clause]
class_mlj(A) :-
   pagina_1(A,B), larghezza_pagina(B,613.0).
[pos-neg] [4]
[clause label] [[4,0,3,4]]
[clauses explored] [16]
[-------------------------------------]
[-------------------------------------]
[found clause]
class_mlj(A) :-
   pagina_1(A,B), frame(B,C), altezza_rettangolo(C,0.005050505).
[pos-neg] [6]
[clause label] [[6,0,4,6]]
[clauses explored] [96]
[-------------------------------------]
[-------------------------------------]
[found clause]
class_mlj(A) :-
   pagina_1(A,B), frame(B,C), altezza_rettangolo(C,0.02020202), on_top(C,D).
[pos-neg] [32]
[clause label] [[32,0,5,32]]
[clauses explored] [214]
[-------------------------------------]
[clauses constructed] [50000]
[search time] [17.856]
[best clause]
class_mlj(A) :-
   pagina_1(A,B), frame(B,C), altezza_rettangolo(C,0.02020202), on_top(C,D).
[sat] [18]
[-------------------------------------]
[found clause]
class_mlj(A) :-
   pagina_1(A,B), frame(B,C), larghezza_rettangolo(C,0.10620915).
[pos-neg] [3]
[clause label] [[3,0,4,3]]
[clauses explored] [49]
[-------------------------------------]
[-------------------------------------]
[found clause]
class_mlj(A) :-
   pagina_1(A,B), frame(B,C), larghezza_rettangolo(C,0.5882353).
[pos-neg] [10]
[clause label] [[10,0,4,10]]
[clauses explored] [71]
[-------------------------------------]
[clauses constructed] [50000]
[search time] [11.723]
[best clause]
class_mlj(A) :-
   pagina_1(A,B), frame(B,C), larghezza_rettangolo(C,0.5882353).
[sat] [80]
[-------------------------------------]
[found clause]
class_mlj(A) :-
   pagina_1(A,B), larghezza_pagina(B,613.0).
[pos-neg] [2]
[clause label] [[2,0,3,2]]
[clauses explored] [18]
[-------------------------------------]
[clauses constructed] [50000]
[search time] [11.839]
[best clause]
class_mlj(A) :-
   pagina_1(A,B), larghezza_pagina(B,613.0).
[sat] [35]
[-------------------------------------]
[found clause]
class_mlj(A) :-
   pagina_1(A,B), frame(B,C), larghezza_rettangolo(C,0.5866013), tipo_testo(C).
[pos-neg] [3]
[clause label] [[3,0,5,3]]
[clauses explored] [160]
[-------------------------------------]
[clauses constructed] [50000]
[search time] [15.15]
[best clause]
class_mlj(A) :-
   pagina_1(A,B), frame(B,C), larghezza_rettangolo(C,0.5866013), tipo_testo(C).
[sat] [14]
[-------------------------------------]
[found clause]
class_mlj(A) :-
   pagina_1(A,B), frame(B,C), larghezza_rettangolo(C,0.5441176).
[pos-neg] [2]
[clause label] [[2,0,4,2]]
[clauses explored] [114]
[-------------------------------------]
[-------------------------------------]
[found clause]
class_mlj(A) :-
   pagina_1(A,B), frame(B,C), altezza_rettangolo(C,0.022727273), ascissa_rettangolo(C,0.51797384).
[pos-neg] [4]
[clause label] [[4,0,5,4]]
[clauses explored] [218]
[-------------------------------------]
[clauses constructed] [50000]
[search time] [12.185]
[best clause]
class_mlj(A) :-
   pagina_1(A,B), frame(B,C), altezza_rettangolo(C,0.022727273), ascissa_rettangolo(C,0.51797384).
[sat] [51]
[clauses constructed] [50000]
[search time] [12.327]
[best clause]
class_mlj(d06060518541902465).
[sat] [64]

[theory]

[Rule 1] [Pos cover = 48 Neg cover = 0]
class_mlj(A) :-
   pagina_1(A,B), frame(B,C), ascissa_rettangolo(C,0.25714287).
[pos-neg] [48]

[Rule 2] [Pos cover = 4 Neg cover = 0]
class_mlj(A) :-
   pagina_1(A,B), altezza_pagina(B,666.0).
[pos-neg] [4]

[Rule 3] [Pos cover = 47 Neg cover = 0]
class_mlj(A) :-
   pagina_1(A,B), frame(B,C), ordinata_rettangolo(C,0.15320665).
[pos-neg] [47]

[Rule 4] [Pos cover = 32 Neg cover = 0]
class_mlj(A) :-
   pagina_1(A,B), frame(B,C), altezza_rettangolo(C,0.02020202), on_top(C,D).
[pos-neg] [32]

[Rule 5] [Pos cover = 21 Neg cover = 0]
class_mlj(A) :-
   pagina_1(A,B), frame(B,C), larghezza_rettangolo(C,0.5882353).
[pos-neg] [21]

[Rule 6] [Pos cover = 4 Neg cover = 0]
class_mlj(A) :-
   pagina_1(A,B), larghezza_pagina(B,613.0).
[pos-neg] [4]

[Rule 7] [Pos cover = 12 Neg cover = 0]
class_mlj(A) :-
   pagina_1(A,B), frame(B,C), larghezza_rettangolo(C,0.5866013), tipo_testo(C).
[pos-neg] [12]

[Rule 8] [Pos cover = 4 Neg cover = 0]
class_mlj(A) :-
   pagina_1(A,B), frame(B,C), altezza_rettangolo(C,0.022727273), ascissa_rettangolo(C,0.51797384).
[pos-neg] [4]

[Rule 9] [Pos cover = 1 Neg cover = 0]
class_mlj(d06060518541902465).
[pos-neg] [1]

[Rule 10] [Pos cover = 1 Neg cover = 0]
class_mlj(d06060518373601412).
[pos-neg] [1]

[Training set performance]
           Actual
        +          -  
     + 109         0         109 
Pred 
     -  0         208        208 

       109        208        317 

Accuracy = 1.0
[Training set summary] [[109,0,0,208]]
[Test set performance]
          Actual
       +        - 
     + 13        0        13 
Pred 
     - 0        23        23 

       13        23        36 

Accuracy = 1.0
[Test set summary] [[13,0,0,23]]
[time taken] [140.868]

