mar 19 ago 2014, 15.30.49, CEST
lusio-laptop
[settings]
        cache_clauselength=5
        caching=true
        check_useless=true
        clauselength=8
        clauses=8
        construct_bottom=saturation
        depth=15
        evalfn=coverage
        explore=false
        greedy=true
        gsamplesize=100
        i=10
        lazy_on_contradiction=true
        lazy_on_cost=false
        minpos=2
        nodes=50000
        noise=0
        print=4
        prior=0.345911949685535
        proof_strategy=restricted_sld
        prune_defs=false
        record=true
        recordfile=./mlj_f4.log
        refine=false
        refineop=false
        rulefile=./mlj_f4.rul
        samplesize=1
        search=bf
        splitvars=false
        stage=command
        test_neg=./mlj_f4_test.n
        test_pos=./mlj_f4_test.f
        thread=8
        train_neg=mlj_f4.n
        train_pos=mlj_f4.f
        verbosity=0
        version=2.7.5
[sat] [91]
[-------------------------------------]
[found clause]
class_mlj(A) :-
   pagina_1(A,B), frame(B,C), altezza_rettangolo(C,0.13895486).
[pos-neg] [6]
[clause label] [[6,0,4,6]]
[clauses explored] [47]
[-------------------------------------]
[-------------------------------------]
[found clause]
class_mlj(A) :-
   pagina_1(A,B), frame(B,C), ordinata_rettangolo(C,0.15320665).
[pos-neg] [47]
[clause label] [[47,0,4,47]]
[clauses explored] [107]
[-------------------------------------]
[-------------------------------------]
[found clause]
class_mlj(A) :-
   pagina_1(A,B), frame(B,C), ascissa_rettangolo(C,0.25714287).
[pos-neg] [49]
[clause label] [[49,0,4,49]]
[clauses explored] [183]
[-------------------------------------]
[clauses constructed] [50000]
[search time] [18.489]
[best clause]
class_mlj(A) :-
   pagina_1(A,B), frame(B,C), ascissa_rettangolo(C,0.25714287).
[sat] [19]
[-------------------------------------]
[found clause]
class_mlj(A) :-
   pagina_1(A,B), frame(B,C), larghezza_rettangolo(C,0.125817).
[pos-neg] [2]
[clause label] [[2,0,4,2]]
[clauses explored] [50]
[-------------------------------------]
[-------------------------------------]
[found clause]
class_mlj(A) :-
   pagina_1(A,B), frame(B,C), ordinata_rettangolo(C,0.15151516).
[pos-neg] [3]
[clause label] [[3,0,4,3]]
[clauses explored] [84]
[-------------------------------------]
[-------------------------------------]
[found clause]
class_mlj(A) :-
   pagina_1(A,B), frame(B,C), altezza_rettangolo(C,0.02020202), larghezza_rettangolo(C,0.5866013).
[pos-neg] [10]
[clause label] [[10,0,5,10]]
[clauses explored] [245]
[-------------------------------------]
[-------------------------------------]
[found clause]
class_mlj(A) :-
   pagina_1(A,B), frame(B,C), altezza_rettangolo(C,0.02020202), on_top(C,D).
[pos-neg] [32]
[clause label] [[32,0,5,32]]
[clauses explored] [246]
[-------------------------------------]
[clauses constructed] [50000]
[search time] [17.15]
[best clause]
class_mlj(A) :-
   pagina_1(A,B), frame(B,C), altezza_rettangolo(C,0.02020202), on_top(C,D).
[sat] [45]
[-------------------------------------]
[found clause]
class_mlj(A) :-
   pagina_1(A,B), altezza_pagina(B,666.0).
[pos-neg] [4]
[clause label] [[4,0,3,4]]
[clauses explored] [5]
[-------------------------------------]
[clauses constructed] [50000]
[search time] [12.76]
[best clause]
class_mlj(A) :-
   pagina_1(A,B), altezza_pagina(B,666.0).
[sat] [36]
[-------------------------------------]
[found clause]
class_mlj(A) :-
   pagina_1(A,B), frame(B,C), ascissa_rettangolo(C,0.5277778).
[pos-neg] [9]
[clause label] [[9,0,4,9]]
[clauses explored] [46]
[-------------------------------------]
[-------------------------------------]
[found clause]
class_mlj(A) :-
   pagina_1(A,B), frame(B,C), larghezza_rettangolo(C,0.5882353).
[pos-neg] [11]
[clause label] [[11,0,4,11]]
[clauses explored] [47]
[-------------------------------------]
[clauses constructed] [50000]
[search time] [11.861]
[best clause]
class_mlj(A) :-
   pagina_1(A,B), frame(B,C), larghezza_rettangolo(C,0.5882353).
[sat] [68]
[-------------------------------------]
[found clause]
class_mlj(A) :-
   pagina_1(A,B), larghezza_pagina(B,613.0).
[pos-neg] [2]
[clause label] [[2,0,3,2]]
[clauses explored] [18]
[-------------------------------------]
[clauses constructed] [50000]
[search time] [11.512]
[best clause]
class_mlj(A) :-
   pagina_1(A,B), larghezza_pagina(B,613.0).
[sat] [92]
[-------------------------------------]
[found clause]
class_mlj(A) :-
   pagina_1(A,B), frame(B,C), larghezza_rettangolo(C,0.5866013), tipo_testo(C).
[pos-neg] [4]
[clause label] [[4,0,5,4]]
[clauses explored] [165]
[-------------------------------------]
[clauses constructed] [50000]
[search time] [13.061]
[best clause]
class_mlj(A) :-
   pagina_1(A,B), frame(B,C), larghezza_rettangolo(C,0.5866013), tipo_testo(C).
[sat] [96]
[-------------------------------------]
[found clause]
class_mlj(A) :-
   pagina_1(A,B), frame(B,C), altezza_rettangolo(C,0.035629455).
[pos-neg] [2]
[clause label] [[2,0,4,2]]
[clauses explored] [38]
[-------------------------------------]
[-------------------------------------]
[found clause]
class_mlj(A) :-
   pagina_1(A,B), frame(B,C), ordinata_rettangolo(C,0.15320665).
[pos-neg] [4]
[clause label] [[4,0,4,4]]
[clauses explored] [87]
[-------------------------------------]
[clauses constructed] [50000]
[search time] [13.364]
[best clause]
class_mlj(A) :-
   pagina_1(A,B), frame(B,C), ordinata_rettangolo(C,0.15320665).
[sat] [69]
[-------------------------------------]
[found clause]
class_mlj(A) :-
   pagina_1(A,B), frame(B,C), altezza_rettangolo(C,0.022727273), ascissa_rettangolo(C,0.51797384).
[pos-neg] [3]
[clause label] [[3,0,5,3]]
[clauses explored] [151]
[-------------------------------------]
[clauses constructed] [50000]
[search time] [20.749]
[best clause]
class_mlj(A) :-
   pagina_1(A,B), frame(B,C), altezza_rettangolo(C,0.022727273), ascissa_rettangolo(C,0.51797384).
[sat] [52]

[theory]

[Rule 1] [Pos cover = 49 Neg cover = 0]
class_mlj(A) :-
   pagina_1(A,B), frame(B,C), ascissa_rettangolo(C,0.25714287).
[pos-neg] [49]

[Rule 2] [Pos cover = 32 Neg cover = 0]
class_mlj(A) :-
   pagina_1(A,B), frame(B,C), altezza_rettangolo(C,0.02020202), on_top(C,D).
[pos-neg] [32]

[Rule 3] [Pos cover = 4 Neg cover = 0]
class_mlj(A) :-
   pagina_1(A,B), altezza_pagina(B,666.0).
[pos-neg] [4]

[Rule 4] [Pos cover = 19 Neg cover = 0]
class_mlj(A) :-
   pagina_1(A,B), frame(B,C), larghezza_rettangolo(C,0.5882353).
[pos-neg] [19]

[Rule 5] [Pos cover = 4 Neg cover = 0]
class_mlj(A) :-
   pagina_1(A,B), larghezza_pagina(B,613.0).
[pos-neg] [4]

[Rule 6] [Pos cover = 15 Neg cover = 0]
class_mlj(A) :-
   pagina_1(A,B), frame(B,C), larghezza_rettangolo(C,0.5866013), tipo_testo(C).
[pos-neg] [15]

[Rule 7] [Pos cover = 47 Neg cover = 0]
class_mlj(A) :-
   pagina_1(A,B), frame(B,C), ordinata_rettangolo(C,0.15320665).
[pos-neg] [47]

[Rule 8] [Pos cover = 3 Neg cover = 0]
class_mlj(A) :-
   pagina_1(A,B), frame(B,C), altezza_rettangolo(C,0.022727273), ascissa_rettangolo(C,0.51797384).
[pos-neg] [3]

[Rule 9] [Pos cover = 1 Neg cover = 0]
class_mlj(d06060518373601412).
[pos-neg] [1]

[Training set performance]
           Actual
        +          -  
     + 110         0         110 
Pred 
     -  0         208        208 

       110        208        318 

Accuracy = 1.0
[Training set summary] [[110,0,0,208]]
[Test set performance]
          Actual
       +        - 
     + 11        0        11 
Pred 
     - 1        23        24 

       12        23        35 

Accuracy = 0.971428571428571
[Test set summary] [[11,0,1,23]]
[time taken] [119.504]

