mar 19 ago 2014, 15.24.41, CEST
lusio-laptop
[settings]
        cache_clauselength=5
        caching=true
        check_useless=true
        clauselength=8
        clauses=8
        construct_bottom=saturation
        depth=15
        evalfn=coverage
        explore=false
        greedy=true
        gsamplesize=100
        i=10
        lazy_on_contradiction=true
        lazy_on_cost=false
        minpos=2
        nodes=50000
        noise=0
        print=4
        prior=0.345911949685535
        proof_strategy=restricted_sld
        prune_defs=false
        record=true
        recordfile=./mlj_f3.log
        refine=false
        refineop=false
        rulefile=./mlj_f3.rul
        samplesize=1
        search=bf
        splitvars=false
        stage=command
        test_neg=./mlj_f3_test.n
        test_pos=./mlj_f3_test.f
        thread=8
        train_neg=mlj_f3.n
        train_pos=mlj_f3.f
        verbosity=0
        version=2.7.5
[sat] [89]
[-------------------------------------]
[found clause]
class_mlj(A) :-
   pagina_1(A,B), frame(B,C), ascissa_rettangolo(C,0.5277778).
[pos-neg] [10]
[clause label] [[10,0,4,10]]
[clauses explored] [51]
[-------------------------------------]
[-------------------------------------]
[found clause]
class_mlj(A) :-
   pagina_1(A,B), frame(B,C), larghezza_rettangolo(C,0.5882353).
[pos-neg] [21]
[clause label] [[21,0,4,21]]
[clauses explored] [52]
[-------------------------------------]
[clauses constructed] [50000]
[search time] [23.759]
[best clause]
class_mlj(A) :-
   pagina_1(A,B), frame(B,C), larghezza_rettangolo(C,0.5882353).
[sat] [12]
[-------------------------------------]
[found clause]
class_mlj(A) :-
   pagina_1(A,B), frame(B,C), ascissa_rettangolo(C,0.73781514).
[pos-neg] [3]
[clause label] [[3,0,4,3]]
[clauses explored] [66]
[-------------------------------------]
[-------------------------------------]
[found clause]
class_mlj(A) :-
   pagina_1(A,B), frame(B,C), ordinata_rettangolo(C,0.15320665).
[pos-neg] [42]
[clause label] [[42,0,4,42]]
[clauses explored] [104]
[-------------------------------------]
[-------------------------------------]
[found clause]
class_mlj(A) :-
   pagina_1(A,B), frame(B,C), ascissa_rettangolo(C,0.25714287).
[pos-neg] [45]
[clause label] [[45,0,4,45]]
[clauses explored] [139]
[-------------------------------------]
[clauses constructed] [50000]
[search time] [15.715]
[best clause]
class_mlj(A) :-
   pagina_1(A,B), frame(B,C), ascissa_rettangolo(C,0.25714287).
[sat] [46]
[-------------------------------------]
[found clause]
class_mlj(A) :-
   pagina_1(A,B), frame(B,C), altezza_rettangolo(C,0.035629455).
[pos-neg] [3]
[clause label] [[3,0,4,3]]
[clauses explored] [105]
[-------------------------------------]
[clauses constructed] [50000]
[search time] [13.644]
[best clause]
class_mlj(A) :-
   pagina_1(A,B), frame(B,C), altezza_rettangolo(C,0.035629455).
[sat] [39]
[-------------------------------------]
[found clause]
class_mlj(A) :-
   pagina_1(A,B), frame(B,C), larghezza_rettangolo(C,0.009803922).
[pos-neg] [2]
[clause label] [[2,0,4,2]]
[clauses explored] [121]
[-------------------------------------]
[-------------------------------------]
[found clause]
class_mlj(A) :-
   pagina_1(A,B), frame(B,C), larghezza_rettangolo(C,0.1127451).
[pos-neg] [4]
[clause label] [[4,0,4,4]]
[clauses explored] [167]
[-------------------------------------]
[-------------------------------------]
[found clause]
class_mlj(A) :-
   pagina_1(A,B), frame(B,C), altezza_rettangolo(C,0.022727273), on_top(C,D), 
   on_top(D,E), altezza_rettangolo(E,0.0088383835).
[pos-neg] [5]
[clause label] [[5,0,7,5]]
[clauses explored] [18397]
[-------------------------------------]
[clauses constructed] [50000]
[search time] [14.292]
[best clause]
class_mlj(A) :-
   pagina_1(A,B), frame(B,C), altezza_rettangolo(C,0.022727273), on_top(C,D), 
   on_top(D,E), altezza_rettangolo(E,0.0088383835).
[sat] [94]
[-------------------------------------]
[found clause]
class_mlj(A) :-
   pagina_1(A,B), frame(B,C), ascissa_rettangolo(C,0.41503268).
[pos-neg] [2]
[clause label] [[2,0,4,2]]
[clauses explored] [40]
[-------------------------------------]
[-------------------------------------]
[found clause]
class_mlj(A) :-
   pagina_1(A,B), frame(B,C), ordinata_rettangolo(C,0.16287878).
[pos-neg] [3]
[clause label] [[3,0,4,3]]
[clauses explored] [82]
[-------------------------------------]
[-------------------------------------]
[found clause]
class_mlj(A) :-
   pagina_1(A,B), frame(B,C), altezza_rettangolo(C,0.02020202), on_top(C,D).
[pos-neg] [23]
[clause label] [[23,0,5,23]]
[clauses explored] [158]
[-------------------------------------]
[clauses constructed] [50000]
[search time] [26.406]
[best clause]
class_mlj(A) :-
   pagina_1(A,B), frame(B,C), altezza_rettangolo(C,0.02020202), on_top(C,D).
[sat] [27]
[-------------------------------------]
[found clause]
class_mlj(A) :-
   pagina_1(A,B), altezza_pagina(B,666.0).
[pos-neg] [2]
[clause label] [[2,0,3,2]]
[clauses explored] [5]
[-------------------------------------]
[clauses constructed] [50000]
[search time] [9.565]
[best clause]
class_mlj(A) :-
   pagina_1(A,B), altezza_pagina(B,666.0).
[sat] [100]
[-------------------------------------]
[found clause]
class_mlj(A) :-
   pagina_1(A,B), frame(B,C), ordinata_rettangolo(C,0.15151516).
[pos-neg] [2]
[clause label] [[2,0,4,2]]
[clauses explored] [110]
[-------------------------------------]
[-------------------------------------]
[found clause]
class_mlj(A) :-
   pagina_1(A,B), frame(B,C), larghezza_rettangolo(C,0.5866013), tipo_testo(C).
[pos-neg] [4]
[clause label] [[4,0,5,4]]
[clauses explored] [192]
[-------------------------------------]
[clauses constructed] [50000]
[search time] [10.846]
[best clause]
class_mlj(A) :-
   pagina_1(A,B), frame(B,C), larghezza_rettangolo(C,0.5866013), tipo_testo(C).
[sat] [10]
[-------------------------------------]
[found clause]
class_mlj(A) :-
   pagina_1(A,B), larghezza_pagina(B,613.0).
[pos-neg] [2]
[clause label] [[2,0,3,2]]
[clauses explored] [11]
[-------------------------------------]
[clauses constructed] [50000]
[search time] [235.0]
[best clause]
class_mlj(A) :-
   pagina_1(A,B), larghezza_pagina(B,613.0).
[sat] [75]
[-------------------------------------]
[found clause]
class_mlj(A) :-
   pagina_1(A,B), frame(B,C), larghezza_rettangolo(C,0.008169935).
[pos-neg] [2]
[clause label] [[2,0,4,2]]
[clauses explored] [141]
[-------------------------------------]
[-------------------------------------]
[found clause]
class_mlj(A) :-
   pagina_1(A,B), frame(B,C), altezza_rettangolo(C,0.022727273), ascissa_rettangolo(C,0.51797384).
[pos-neg] [4]
[clause label] [[4,0,5,4]]
[clauses explored] [217]
[-------------------------------------]
[clauses constructed] [50000]
[search time] [16.916]
[best clause]
class_mlj(A) :-
   pagina_1(A,B), frame(B,C), altezza_rettangolo(C,0.022727273), ascissa_rettangolo(C,0.51797384).
[sat] [52]

[theory]

[Rule 1] [Pos cover = 21 Neg cover = 0]
class_mlj(A) :-
   pagina_1(A,B), frame(B,C), larghezza_rettangolo(C,0.5882353).
[pos-neg] [21]

[Rule 2] [Pos cover = 47 Neg cover = 0]
class_mlj(A) :-
   pagina_1(A,B), frame(B,C), ascissa_rettangolo(C,0.25714287).
[pos-neg] [47]

[Rule 3] [Pos cover = 8 Neg cover = 0]
class_mlj(A) :-
   pagina_1(A,B), frame(B,C), altezza_rettangolo(C,0.035629455).
[pos-neg] [8]

[Rule 4] [Pos cover = 7 Neg cover = 0]
class_mlj(A) :-
   pagina_1(A,B), frame(B,C), altezza_rettangolo(C,0.022727273), on_top(C,D), 
   on_top(D,E), altezza_rettangolo(E,0.0088383835).
[pos-neg] [7]

[Rule 5] [Pos cover = 36 Neg cover = 0]
class_mlj(A) :-
   pagina_1(A,B), frame(B,C), altezza_rettangolo(C,0.02020202), on_top(C,D).
[pos-neg] [36]

[Rule 6] [Pos cover = 2 Neg cover = 0]
class_mlj(A) :-
   pagina_1(A,B), altezza_pagina(B,666.0).
[pos-neg] [2]

[Rule 7] [Pos cover = 15 Neg cover = 0]
class_mlj(A) :-
   pagina_1(A,B), frame(B,C), larghezza_rettangolo(C,0.5866013), tipo_testo(C).
[pos-neg] [15]

[Rule 8] [Pos cover = 4 Neg cover = 0]
class_mlj(A) :-
   pagina_1(A,B), larghezza_pagina(B,613.0).
[pos-neg] [4]

[Rule 9] [Pos cover = 4 Neg cover = 0]
class_mlj(A) :-
   pagina_1(A,B), frame(B,C), altezza_rettangolo(C,0.022727273), ascissa_rettangolo(C,0.51797384).
[pos-neg] [4]

[Rule 10] [Pos cover = 1 Neg cover = 0]
class_mlj(d06060518373601412).
[pos-neg] [1]

[Training set performance]
           Actual
        +          -  
     + 110         0         110 
Pred 
     -  0         208        208 

       110        208        318 

Accuracy = 1.0
[Training set summary] [[110,0,0,208]]
[Test set performance]
          Actual
       +        - 
     + 10        0        10 
Pred 
     - 2        23        25 

       12        23        35 

Accuracy = 0.942857142857143
[Test set summary] [[10,0,2,23]]
[time taken] [366.74]

