mar 19 ago 2014, 15.38.49, CEST
lusio-laptop
[settings]
        cache_clauselength=5
        caching=true
        check_useless=true
        clauselength=8
        clauses=8
        construct_bottom=saturation
        depth=15
        evalfn=coverage
        explore=false
        greedy=true
        gsamplesize=100
        i=10
        lazy_on_contradiction=true
        lazy_on_cost=false
        minpos=2
        nodes=50000
        noise=0
        print=4
        prior=0.345911949685535
        proof_strategy=restricted_sld
        prune_defs=false
        record=true
        recordfile=./mlj_f6.log
        refine=false
        refineop=false
        rulefile=./mlj_f6.rul
        samplesize=1
        search=bf
        splitvars=false
        stage=command
        test_neg=./mlj_f6_test.n
        test_pos=./mlj_f6_test.f
        thread=8
        train_neg=mlj_f6.n
        train_pos=mlj_f6.f
        verbosity=0
        version=2.7.5
[sat] [78]
[-------------------------------------]
[found clause]
class_mlj(A) :-
   pagina_1(A,B), frame(B,C), ascissa_rettangolo(C,0.44033614).
[pos-neg] [4]
[clause label] [[4,0,4,4]]
[clauses explored] [117]
[-------------------------------------]
[-------------------------------------]
[found clause]
class_mlj(A) :-
   pagina_1(A,B), frame(B,C), ordinata_rettangolo(C,0.15320665).
[pos-neg] [49]
[clause label] [[49,0,4,49]]
[clauses explored] [150]
[-------------------------------------]
[clauses constructed] [50000]
[search time] [16.566]
[best clause]
class_mlj(A) :-
   pagina_1(A,B), frame(B,C), ordinata_rettangolo(C,0.15320665).
[sat] [40]
[-------------------------------------]
[found clause]
class_mlj(A) :-
   pagina_1(A,B), frame(B,C), ascissa_rettangolo(C,0.5277778).
[pos-neg] [12]
[clause label] [[12,0,4,12]]
[clauses explored] [54]
[-------------------------------------]
[-------------------------------------]
[found clause]
class_mlj(A) :-
   pagina_1(A,B), frame(B,C), larghezza_rettangolo(C,0.5882353).
[pos-neg] [17]
[clause label] [[17,0,4,17]]
[clauses explored] [55]
[-------------------------------------]
[-------------------------------------]
[found clause]
class_mlj(A) :-
   pagina_1(A,B), frame(B,C), altezza_rettangolo(C,0.021464646), on_top(C,D), 
   altezza_rettangolo(D,0.0088383835).
[pos-neg] [25]
[clause label] [[25,0,6,25]]
[clauses explored] [3793]
[-------------------------------------]
[clauses constructed] [50000]
[search time] [16.486]
[best clause]
class_mlj(A) :-
   pagina_1(A,B), frame(B,C), altezza_rettangolo(C,0.021464646), on_top(C,D), 
   altezza_rettangolo(D,0.0088383835).
[sat] [51]
[-------------------------------------]
[found clause]
class_mlj(A) :-
   pagina_1(A,B), frame(B,C), larghezza_rettangolo(C,0.009803922).
[pos-neg] [3]
[clause label] [[3,0,4,3]]
[clauses explored] [121]
[-------------------------------------]
[-------------------------------------]
[found clause]
class_mlj(A) :-
   pagina_1(A,B), frame(B,C), altezza_rettangolo(C,0.03661616), on_top(C,D), 
   altezza_rettangolo(D,0.0088383835).
[pos-neg] [4]
[clause label] [[4,0,6,4]]
[clauses explored] [1997]
[-------------------------------------]
[clauses constructed] [50000]
[search time] [11.231]
[best clause]
class_mlj(A) :-
   pagina_1(A,B), frame(B,C), altezza_rettangolo(C,0.03661616), on_top(C,D), 
   altezza_rettangolo(D,0.0088383835).
[sat] [75]
[-------------------------------------]
[found clause]
class_mlj(A) :-
   pagina_1(A,B), frame(B,C), ordinata_rettangolo(C,0.7260101).
[pos-neg] [2]
[clause label] [[2,0,4,2]]
[clauses explored] [118]
[-------------------------------------]
[-------------------------------------]
[found clause]
class_mlj(A) :-
   pagina_1(A,B), frame(B,C), altezza_rettangolo(C,0.022727273), ascissa_rettangolo(C,0.51797384).
[pos-neg] [3]
[clause label] [[3,0,5,3]]
[clauses explored] [255]
[-------------------------------------]
[-------------------------------------]
[found clause]
class_mlj(A) :-
   pagina_1(A,B), frame(B,C), allineato_al_centro_verticale(C,D), larghezza_rettangolo(C,0.5833333).
[pos-neg] [4]
[clause label] [[4,0,5,4]]
[clauses explored] [1758]
[-------------------------------------]
[-------------------------------------]
[found clause]
class_mlj(A) :-
   pagina_1(A,B), frame(B,C), ascissa_rettangolo(C,0.51797384), on_top(C,D), 
   allineato_al_centro_verticale(D,E).
[pos-neg] [5]
[clause label] [[5,0,6,5]]
[clauses explored] [1895]
[-------------------------------------]
[clauses constructed] [50000]
[search time] [30.026]
[best clause]
class_mlj(A) :-
   pagina_1(A,B), frame(B,C), ascissa_rettangolo(C,0.51797384), on_top(C,D), 
   allineato_al_centro_verticale(D,E).
[sat] [36]
[-------------------------------------]
[found clause]
class_mlj(A) :-
   pagina_1(A,B), frame(B,C), ascissa_rettangolo(C,0.5277778).
[pos-neg] [5]
[clause label] [[5,0,4,5]]
[clauses explored] [46]
[-------------------------------------]
[-------------------------------------]
[found clause]
class_mlj(A) :-
   pagina_1(A,B), frame(B,C), larghezza_rettangolo(C,0.5882353).
[pos-neg] [6]
[clause label] [[6,0,4,6]]
[clauses explored] [47]
[-------------------------------------]
[clauses constructed] [50000]
[search time] [12.533]
[best clause]
class_mlj(A) :-
   pagina_1(A,B), frame(B,C), larghezza_rettangolo(C,0.5882353).
[sat] [45]
[-------------------------------------]
[found clause]
class_mlj(A) :-
   pagina_1(A,B), altezza_pagina(B,666.0).
[pos-neg] [3]
[clause label] [[3,0,3,3]]
[clauses explored] [5]
[-------------------------------------]
[clauses constructed] [50000]
[search time] [11.151]
[best clause]
class_mlj(A) :-
   pagina_1(A,B), altezza_pagina(B,666.0).
[sat] [69]
[-------------------------------------]
[found clause]
class_mlj(A) :-
   pagina_1(A,B), frame(B,C), altezza_rettangolo(C,0.02020202), ascissa_rettangolo(C,0.501634).
[pos-neg] [2]
[clause label] [[2,0,5,2]]
[clauses explored] [50]
[-------------------------------------]
[-------------------------------------]
[found clause]
class_mlj(A) :-
   pagina_1(A,B), frame(B,C), altezza_rettangolo(C,0.02020202), larghezza_rettangolo(C,0.5866013).
[pos-neg] [6]
[clause label] [[6,0,5,6]]
[clauses explored] [51]
[-------------------------------------]
[-------------------------------------]
[found clause]
class_mlj(A) :-
   pagina_1(A,B), frame(B,C), altezza_rettangolo(C,0.02020202), on_top(C,D).
[pos-neg] [10]
[clause label] [[10,0,5,10]]
[clauses explored] [52]
[-------------------------------------]
[clauses constructed] [2213]
[search time] [2.46000000000001]
[best clause]
class_mlj(A) :-
   pagina_1(A,B), frame(B,C), altezza_rettangolo(C,0.02020202), on_top(C,D).
[sat] [16]
[-------------------------------------]
[found clause]
class_mlj(A) :-
   pagina_1(A,B), frame(B,C), ascissa_rettangolo(C,0.28403363).
[pos-neg] [2]
[clause label] [[2,0,4,2]]
[clauses explored] [39]
[-------------------------------------]
[-------------------------------------]
[found clause]
class_mlj(A) :-
   pagina_1(A,B), frame(B,C), ascissa_rettangolo(C,0.25714287).
[pos-neg] [5]
[clause label] [[5,0,4,5]]
[clauses explored] [145]
[-------------------------------------]
[clauses constructed] [50000]
[search time] [12.641]
[best clause]
class_mlj(A) :-
   pagina_1(A,B), frame(B,C), ascissa_rettangolo(C,0.25714287).
[sat] [10]
[clauses constructed] [50000]
[search time] [106.194]
[best clause]
class_mlj(d06060518484502149).
[sat] [35]
[clauses constructed] [50000]
[search time] [13.727]
[best clause]
class_mlj(d06060510434514330).
[sat] [64]

[theory]

[Rule 1] [Pos cover = 49 Neg cover = 0]
class_mlj(A) :-
   pagina_1(A,B), frame(B,C), ordinata_rettangolo(C,0.15320665).
[pos-neg] [49]

[Rule 2] [Pos cover = 25 Neg cover = 0]
class_mlj(A) :-
   pagina_1(A,B), frame(B,C), altezza_rettangolo(C,0.021464646), on_top(C,D), 
   altezza_rettangolo(D,0.0088383835).
[pos-neg] [25]

[Rule 3] [Pos cover = 4 Neg cover = 0]
class_mlj(A) :-
   pagina_1(A,B), frame(B,C), altezza_rettangolo(C,0.03661616), on_top(C,D), 
   altezza_rettangolo(D,0.0088383835).
[pos-neg] [4]

[Rule 4] [Pos cover = 5 Neg cover = 0]
class_mlj(A) :-
   pagina_1(A,B), frame(B,C), ascissa_rettangolo(C,0.51797384), on_top(C,D), 
   allineato_al_centro_verticale(D,E).
[pos-neg] [5]

[Rule 5] [Pos cover = 19 Neg cover = 0]
class_mlj(A) :-
   pagina_1(A,B), frame(B,C), larghezza_rettangolo(C,0.5882353).
[pos-neg] [19]

[Rule 6] [Pos cover = 3 Neg cover = 0]
class_mlj(A) :-
   pagina_1(A,B), altezza_pagina(B,666.0).
[pos-neg] [3]

[Rule 7] [Pos cover = 34 Neg cover = 0]
class_mlj(A) :-
   pagina_1(A,B), frame(B,C), altezza_rettangolo(C,0.02020202), on_top(C,D).
[pos-neg] [34]

[Rule 8] [Pos cover = 49 Neg cover = 0]
class_mlj(A) :-
   pagina_1(A,B), frame(B,C), ascissa_rettangolo(C,0.25714287).
[pos-neg] [49]

[Rule 9] [Pos cover = 1 Neg cover = 0]
class_mlj(d06060518484502149).
[pos-neg] [1]

[Rule 10] [Pos cover = 1 Neg cover = 0]
class_mlj(d06060510434514330).
[pos-neg] [1]

[Rule 11] [Pos cover = 1 Neg cover = 0]
class_mlj(d06060518373601412).
[pos-neg] [1]

[Training set performance]
           Actual
        +          -  
     + 110         0         110 
Pred 
     -  0         208        208 

       110        208        318 

Accuracy = 1.0
[Training set summary] [[110,0,0,208]]
[Test set performance]
          Actual
       +        - 
     + 11        0        11 
Pred 
     - 1        23        24 

       12        23        35 

Accuracy = 0.971428571428571
[Test set summary] [[11,0,1,23]]
[time taken] [233.585]

