
[settings]
        abduce=false
        cache_clauselength=5
        caching=true
        check_good=false
        check_redundant=false
        check_useless=true
        clauselength=8
        clauses=8
        condition=false
        confidence=0.95
        construct_bottom=saturation
        depth=15
        evalfn=coverage
        explore=false
        good=false
        greedy=true
        gsamplesize=100
        i=10
        interactive=false
        language=(+inf)
        lazy_negs=false
        lazy_on_contradiction=false
        lazy_on_cost=false
        lookahead=1
        max_abducibles=2
        max_features=(+inf)
        minacc=0.0
        mingain=0.05
        minpos=2
        minposfrac=0
        minscore=(-inf)
        moves=5
        newvars=(+inf)
        nodes=50000
        noise=0
        nreduce_bottom=false
        openlist=(+inf)
        optimise_clauses=false
        permute_bottom=false
        portray_examples=false
        portray_hypothesis=false
        portray_literals=false
        portray_search=false
        print=4
        prior=[0.172955974842767-pos,0.827044025157233-neg]
        proof_strategy=restricted_sld
        prooftime=(+inf)
        prune_tree=false
        record=true
        recordfile=./elsevier_f6.log
        recordfile_stream=$stream(5)
        refine=false
        refineop=false
        resample=1
        rls_type=gsat
        rulefile=./elsevier_f6.rul
        samplesize=0
        search=bf
        searchstrat=bf
        searchtime=(+inf)
        skolemvars=10000
        splitvars=false
        stage=command
        store_bottom=false
        subsample=false
        subsamplesize=(+inf)
        test_neg=./elsevier_f6_test.n
        test_pos=./elsevier_f6_test.f
        thread=8
        threads=1
        train_neg=elsevier_f6.n
        train_pos=elsevier_f6.f
        tries=10
        typeoverlap=0.95
        uniform_sample=false
        updateback=true
        verbosity=0
        version=5
[sat] [1]
[-------------------------------------]
[found clause]
class_elsevier(A) :-
   pagina_1(A,B), altezza_pagina(B,841.0).
[pos cover = 18 neg cover = 0] [pos-neg] [18]
[clause label] [[18,0,3,18]]
[clauses constructed] [5]
[-------------------------------------]
[-------------------------------------]
[found clause]
class_elsevier(A) :-
   pagina_1(A,B), frame(B,C), ascissa_rettangolo(C,0.49579832).
[pos cover = 24 neg cover = 0] [pos-neg] [24]
[clause label] [[24,0,4,24]]
[clauses constructed] [147]
[-------------------------------------]
[-------------------------------------]
[found clause]
class_elsevier(A) :-
   pagina_1(A,B), frame(B,C), larghezza_rettangolo(C,0.0605042).
[pos cover = 30 neg cover = 0] [pos-neg] [30]
[clause label] [[30,0,4,30]]
[clauses constructed] [307]
[-------------------------------------]
[-------------------------------------]
[found clause]
class_elsevier(A) :-
   pagina_1(A,B), frame(B,C), allineato_al_centro_verticale(C,D), tipo_linea_orizzontale(D), 
   tipo_misto(C).
[pos cover = 31 neg cover = 0] [pos-neg] [31]
[clause label] [[31,0,6,31]]
[clauses constructed] [7168]
[-------------------------------------]
[clauses constructed] [50000]
[search time] [14.793]
[best clause]
class_elsevier(A) :-
   pagina_1(A,B), frame(B,C), allineato_al_centro_verticale(C,D), tipo_linea_orizzontale(D), 
   tipo_misto(C).
[positive examples left] [24]
[estimated time to finish (secs)] [11.4526451612903]
[sat] [3]
[-------------------------------------]
[found clause]
class_elsevier(A) :-
   pagina_1(A,B), altezza_pagina(B,841.0).
[pos cover = 8 neg cover = 0] [pos-neg] [8]
[clause label] [[8,0,3,8]]
[clauses constructed] [5]
[-------------------------------------]
[-------------------------------------]
[found clause]
class_elsevier(A) :-
   pagina_1(A,B), frame(B,C), ascissa_rettangolo(C,0.49579832).
[pos cover = 9 neg cover = 0] [pos-neg] [9]
[clause label] [[9,0,4,9]]
[clauses constructed] [97]
[-------------------------------------]
[-------------------------------------]
[found clause]
class_elsevier(A) :-
   pagina_1(A,B), frame(B,C), larghezza_rettangolo(C,0.0605042).
[pos cover = 12 neg cover = 0] [pos-neg] [12]
[clause label] [[12,0,4,12]]
[clauses constructed] [194]
[-------------------------------------]
[-------------------------------------]
[found clause]
class_elsevier(A) :-
   pagina_1(A,B), frame(B,C), allineato_al_centro_verticale(C,D), tipo_misto(D), 
   tipo_linea_orizzontale(C).
[pos cover = 15 neg cover = 0] [pos-neg] [15]
[clause label] [[15,0,6,15]]
[clauses constructed] [7488]
[-------------------------------------]
[clauses constructed] [50000]
[search time] [19.899]
[best clause]
class_elsevier(A) :-
   pagina_1(A,B), frame(B,C), allineato_al_centro_verticale(C,D), tipo_misto(D), 
   tipo_linea_orizzontale(C).
[positive examples left] [9]
[estimated time to finish (secs)] [6.7875652173913]
[sat] [6]
[-------------------------------------]
[found clause]
class_elsevier(A) :-
   pagina_1(A,B), altezza_pagina(B,743.0).
[pos cover = 2 neg cover = 0] [pos-neg] [2]
[clause label] [[2,0,3,2]]
[clauses constructed] [5]
[-------------------------------------]
[-------------------------------------]
[found clause]
class_elsevier(A) :-
   pagina_1(A,B), larghezza_pagina(B,544.0).
[pos cover = 3 neg cover = 0] [pos-neg] [3]
[clause label] [[3,0,3,3]]
[clauses constructed] [14]
[-------------------------------------]
[clauses constructed] [50000]
[search time] [17.358]
[best clause]
class_elsevier(A) :-
   pagina_1(A,B), larghezza_pagina(B,544.0).
[positive examples left] [6]
[estimated time to finish (secs)] [6.3734693877551]
[sat] [8]
[-------------------------------------]
[found clause]
class_elsevier(A) :-
   pagina_1(A,B), frame(B,C), ascissa_rettangolo(C,0.50084037).
[pos cover = 4 neg cover = 0] [pos-neg] [4]
[clause label] [[4,0,4,4]]
[clauses constructed] [58]
[-------------------------------------]
[-------------------------------------]
[found clause]
class_elsevier(A) :-
   pagina_1(A,B), frame(B,C), altezza_rettangolo(C,0.07363421).
[pos cover = 6 neg cover = 0] [pos-neg] [6]
[clause label] [[6,0,4,6]]
[clauses constructed] [266]
[-------------------------------------]
[clauses constructed] [288]
[search time] [0.0189999999999984]
[best clause]
class_elsevier(A) :-
   pagina_1(A,B), frame(B,C), altezza_rettangolo(C,0.07363421).
[positive examples left] [0]
[estimated time to finish (secs)] [0.0]

[theory]

[Rule 1] [Pos cover = 31 Neg cover = 0]
class_elsevier(A) :-
   pagina_1(A,B), frame(B,C), allineato_al_centro_verticale(C,D), tipo_linea_orizzontale(D), 
   tipo_misto(C).

[Rule 2] [Pos cover = 27 Neg cover = 0]
class_elsevier(A) :-
   pagina_1(A,B), frame(B,C), allineato_al_centro_verticale(C,D), tipo_misto(D), 
   tipo_linea_orizzontale(C).

[Rule 3] [Pos cover = 3 Neg cover = 0]
class_elsevier(A) :-
   pagina_1(A,B), larghezza_pagina(B,544.0).

[Rule 4] [Pos cover = 27 Neg cover = 0]
class_elsevier(A) :-
   pagina_1(A,B), frame(B,C), altezza_rettangolo(C,0.07363421).

[Training set performance]
           Actual
        +          -  
     + 55         0         55 
Pred 
     -  0         263        263 

       55        263        318 

Accuracy = 1.0
[Training set summary] [[55,0,0,263]]
[Test set performance]
          Actual
       +        - 
     + 6        0        6 
Pred 
     - 0        29        29 

       6        29        35 

Accuracy = 1.0
[Test set summary] [[6,0,0,29]]
[time taken] [52.674]

[total clauses constructed] [150288]
