\BOOKMARK [1][-]{section.1}{Introduzione}{}% 1
\BOOKMARK [2][-]{subsection.1.1}{Text Analytics}{section.1}% 2
\BOOKMARK [2][-]{subsection.1.2}{Scopo del progetto}{section.1}% 3
\BOOKMARK [1][-]{section.2}{Studio del dominio}{}% 4
\BOOKMARK [2][-]{subsection.2.1}{Il fallimento}{section.2}% 5
\BOOKMARK [2][-]{subsection.2.2}{Soggetti interessati}{section.2}% 6
\BOOKMARK [3][-]{subsubsection.2.2.1}{Tribunale fallimentare}{subsection.2.2}% 7
\BOOKMARK [3][-]{subsubsection.2.2.2}{Imprenditore}{subsection.2.2}% 8
\BOOKMARK [3][-]{subsubsection.2.2.3}{Giudice delegato}{subsection.2.2}% 9
\BOOKMARK [3][-]{subsubsection.2.2.4}{Curatore fallimentare}{subsection.2.2}% 10
\BOOKMARK [3][-]{subsubsection.2.2.5}{Comitato dei creditori}{subsection.2.2}% 11
\BOOKMARK [2][-]{subsection.2.3}{Istanza di fallimento}{section.2}% 12
\BOOKMARK [2][-]{subsection.2.4}{Iscrizione al passivo}{section.2}% 13
\BOOKMARK [3][-]{subsubsection.2.4.1}{Tipologia di iscrizione}{subsection.2.4}% 14
\BOOKMARK [3][-]{subsubsection.2.4.2}{Modelli di iscrizione al passivo}{subsection.2.4}% 15
\BOOKMARK [2][-]{subsection.2.5}{Individuazione dei bisogni dell\220utente}{section.2}% 16
\BOOKMARK [1][-]{section.3}{Progettazione}{}% 17
\BOOKMARK [2][-]{subsection.3.1}{Obiettivo}{section.3}% 18
\BOOKMARK [2][-]{subsection.3.2}{Input e Assunzioni}{section.3}% 19
\BOOKMARK [2][-]{subsection.3.3}{Strategia risolutiva}{section.3}% 20
\BOOKMARK [3][-]{subsubsection.3.3.1}{Lexical Analysis}{subsection.3.3}% 21
\BOOKMARK [3][-]{subsubsection.3.3.2}{Syntactic Analysis}{subsection.3.3}% 22
\BOOKMARK [2][-]{subsection.3.4}{Oggetti del dominio}{section.3}% 23
\BOOKMARK [3][-]{subsubsection.3.4.1}{Persone}{subsection.3.4}% 24
\BOOKMARK [3][-]{subsubsection.3.4.2}{Richiesta di denaro}{subsection.3.4}% 25
\BOOKMARK [3][-]{subsubsection.3.4.3}{Oggetti aggiuntivi}{subsection.3.4}% 26
\BOOKMARK [2][-]{subsection.3.5}{Individuazione delle relazioni}{section.3}% 27
\BOOKMARK [1][-]{section.4}{Implementazione}{}% 28
\BOOKMARK [2][-]{subsection.4.1}{Architettura del sistema}{section.4}% 29
\BOOKMARK [2][-]{subsection.4.2}{Lexer}{section.4}% 30
\BOOKMARK [2][-]{subsection.4.3}{Tagger}{section.4}% 31
\BOOKMARK [2][-]{subsection.4.4}{Persone}{section.4}% 32
\BOOKMARK [2][-]{subsection.4.5}{Richiesta di denaro}{section.4}% 33
\BOOKMARK [2][-]{subsection.4.6}{Mail}{section.4}% 34
\BOOKMARK [2][-]{subsection.4.7}{Le regole}{section.4}% 35
\BOOKMARK [2][-]{subsection.4.8}{L'inferenza}{section.4}% 36
\BOOKMARK [1][-]{section.5}{Componenti aggiuntive}{}% 37
\BOOKMARK [2][-]{subsection.5.1}{Gestione dell'incertezza}{section.5}% 38
\BOOKMARK [2][-]{subsection.5.2}{Come e perch\351}{section.5}% 39
\BOOKMARK [2][-]{subsection.5.3}{Interazione con l'utente}{section.5}% 40
\BOOKMARK [2][-]{subsection.5.4}{Alcune funzioni utili}{section.5}% 41
\BOOKMARK [1][-]{section.6}{Descrizione del sistema}{}% 42
\BOOKMARK [2][-]{subsection.6.1}{Sezioni ed operazioni disponibili}{section.6}% 43
\BOOKMARK [3][-]{subsubsection.6.1.1}{Inserimento}{subsection.6.1}% 44
\BOOKMARK [3][-]{subsubsection.6.1.2}{Scelta dei tag}{subsection.6.1}% 45
\BOOKMARK [3][-]{subsubsection.6.1.3}{Visualizzazione}{subsection.6.1}% 46
\BOOKMARK [3][-]{subsubsection.6.1.4}{Reset delle condizioni iniziali}{subsection.6.1}% 47
\BOOKMARK [2][-]{subsection.6.2}{Interazione con l'utente}{section.6}% 48
\BOOKMARK [2][-]{subsection.6.3}{Comunicazione Java Prolog}{section.6}% 49
\BOOKMARK [3][-]{subsubsection.6.3.1}{JPL Library}{subsection.6.3}% 50
\BOOKMARK [3][-]{subsubsection.6.3.2}{Funzionamento}{subsection.6.3}% 51
\BOOKMARK [2][-]{subsection.6.4}{Esempio di interazione}{section.6}% 52
\BOOKMARK [2][-]{subsection.6.5}{Presentazione dei risultati}{section.6}% 53
\BOOKMARK [2][-]{subsection.6.6}{Utilizzo della funzione spiega ragionamento}{section.6}% 54
