./run.py
elsevier started at 11:39:51
---Fold 0 started at 11:39:51
---Fold 0 ended in: 0:01:16.884213
---Fold 1 started at 11:41:08
---Fold 1 ended in: 0:00:37.208217
---Fold 2 started at 11:41:45
---Fold 2 ended in: 0:00:41.554941
---Fold 3 started at 11:42:27
---Fold 3 ended in: 0:00:39.882669
---Fold 4 started at 11:43:07
---Fold 4 ended in: 0:00:36.794821
---Fold 5 started at 11:43:43
---Fold 5 ended in: 0:01:05.877819
---Fold 6 started at 11:44:49
---Fold 6 ended in: 0:01:01.816805
---Fold 7 started at 11:45:51
---Fold 7 ended in: 0:00:40.696040
---Fold 8 started at 11:46:32
---Fold 8 ended in: 0:01:04.285888
---Fold 9 started at 11:47:36
---Fold 9 ended in: 0:00:36.868563
elsevier ended in 0:08:21.870490
---------------------------------------------------
jmlr started at 11:48:13
---Fold 0 started at 11:48:13
---Fold 0 ended in: 0:00:53.644710
---Fold 1 started at 11:49:07
---Fold 1 ended in: 0:00:53.143070
---Fold 2 started at 11:50:00
---Fold 2 ended in: 0:00:32.442285
---Fold 3 started at 11:50:32
---Fold 3 ended in: 0:00:27.327506
---Fold 4 started at 11:51:00
---Fold 4 ended in: 0:00:32.736643
---Fold 5 started at 11:51:32
---Fold 5 ended in: 0:00:40.756461
---Fold 6 started at 11:52:13
---Fold 6 ended in: 0:00:32.190274
---Fold 7 started at 11:52:45
---Fold 7 ended in: 0:00:52.305007
---Fold 8 started at 11:53:38
---Fold 8 ended in: 0:00:43.360623
---Fold 9 started at 11:54:21
---Fold 9 ended in: 0:00:30.482106
jmlr ended in 0:06:38.389313
---------------------------------------------------
svln started at 11:54:51
---Fold 0 started at 11:54:51
---Fold 0 ended in: 0:01:52.314200
---Fold 1 started at 11:56:44
---Fold 1 ended in: 0:01:10.338897
---Fold 2 started at 11:57:54
---Fold 2 ended in: 0:01:23.349008
---Fold 3 started at 11:59:17
---Fold 3 ended in: 0:01:02.674036
---Fold 4 started at 12:00:20
---Fold 4 ended in: 0:00:54.933333
---Fold 5 started at 12:01:15
---Fold 5 ended in: 0:01:20.072706
---Fold 6 started at 12:02:35
---Fold 6 ended in: 0:00:53.248575
---Fold 7 started at 12:03:28
---Fold 7 ended in: 0:00:49.494086
---Fold 8 started at 12:04:18
---Fold 8 ended in: 0:01:16.916219
---Fold 9 started at 12:05:35
---Fold 9 ended in: 0:01:15.049703
svln ended in 0:11:58.391351
---------------------------------------------------
mlj started at 10:53:23
---Fold 0 started at 10:53:23
---Fold 0 ended in: 0:03:40.669820
---Fold 1 started at 10:57:04
---Fold 1 ended in: 0:02:47.500415
---Fold 2 started at 10:59:52
---Fold 2 ended in: 0:05:48.736606
---Fold 3 started at 11:05:40
---Fold 3 ended in: 0:02:50.986449
---Fold 4 started at 11:08:31
---Fold 4 ended in: 0:03:05.180251
---Fold 5 started at 11:11:36
---Fold 5 ended in: 0:10:09.539059
---Fold 6 started at 11:21:46
---Fold 6 ended in: 0:05:47.868320
---Fold 7 started at 11:27:34
---Fold 7 ended in: 0:02:52.679594
---Fold 8 started at 11:30:27
---Fold 8 ended in: 0:02:46.543898
---Fold 9 started at 11:33:13
---Fold 9 ended in: 0:02:34.912488
mlj ended in 0:42:24.617251
---------------------------------------------------

