mer 20 ago 2014, 14.41.01, CEST
lusio-laptop
[settings]
        cache_clauselength=5
        caching=true
        check_useless=true
        clauselength=8
        clauses=8
        construct_bottom=saturation
        depth=15
        evalfn=coverage
        explore=false
        greedy=true
        gsamplesize=100
        i=10
        lazy_on_contradiction=true
        lazy_on_cost=false
        minpos=2
        nodes=50000
        noise=0
        print=4
        prior=0.345911949685535
        proof_strategy=restricted_sld
        prune_defs=false
        record=true
        recordfile=./mlj_f1.log
        refine=false
        refineop=false
        rulefile=./mlj_f1.rul
        samplesize=1
        search=bf
        splitvars=false
        stage=command
        test_neg=./mlj_f1_test.n
        test_pos=./mlj_f1_test.f
        thread=8
        train_neg=mlj_f1.n
        train_pos=mlj_f1.f
        verbosity=0
        version=2.7.5
[sat] [39]
[-------------------------------------]
[found clause]
class_mlj(A) :-
   pagina_1(A,B), frame(B,C), width_very_small(C), pos_right(C), 
   pos_upper(C).
[pos-neg] [11]
[clause label] [[11,0,6,11]]
[clauses explored] [2255]
[-------------------------------------]
[-------------------------------------]
[found clause]
class_mlj(A) :-
   pagina_1(A,B), frame(B,C), tipo_testo(C), width_very_small(C), 
   pos_upper(C).
[pos-neg] [12]
[clause label] [[12,0,6,12]]
[clauses explored] [2263]
[-------------------------------------]
[-------------------------------------]
[found clause]
class_mlj(A) :-
   pagina_1(A,B), frame(B,C), on_top(C,D), width_large(D), 
   width_very_small(C).
[pos-neg] [16]
[clause label] [[16,0,6,16]]
[clauses explored] [5368]
[-------------------------------------]
[-------------------------------------]
[found clause]
class_mlj(A) :-
   pagina_1(A,B), frame(B,C), on_top(C,D), height_large(D), 
   width_large(D), pos_right(C).
[pos-neg] [17]
[clause label] [[17,0,7,17]]
[clauses explored] [32355]
[-------------------------------------]
[-------------------------------------]
[found clause]
class_mlj(A) :-
   pagina_1(A,B), frame(B,C), on_top(C,D), height_large(D), 
   width_large(D), width_medium_small(C).
[pos-neg] [44]
[clause label] [[44,0,7,44]]
[clauses explored] [32402]
[-------------------------------------]
[clauses constructed] [50000]
[search time] [22.312]
[best clause]
class_mlj(A) :-
   pagina_1(A,B), frame(B,C), on_top(C,D), height_large(D), 
   width_large(D), width_medium_small(C).
[sat] [63]
[-------------------------------------]
[found clause]
class_mlj(A) :-
   pagina_1(A,B), larghezza_pagina(B,613.0).
[pos-neg] [4]
[clause label] [[4,0,3,4]]
[clauses explored] [15]
[-------------------------------------]
[-------------------------------------]
[found clause]
class_mlj(A) :-
   pagina_1(A,B), frame(B,C), allineato_al_centro_verticale(C,D), width_medium_small(D), 
   pos_left(D), pos_middle(D).
[pos-neg] [11]
[clause label] [[11,0,7,11]]
[clauses explored] [30810]
[-------------------------------------]
[-------------------------------------]
[found clause]
class_mlj(A) :-
   pagina_1(A,B), frame(B,C), allineato_al_centro_verticale(C,D), on_top(D,E), 
   width_medium_small(D), pos_left(D).
[pos-neg] [13]
[clause label] [[13,0,7,13]]
[clauses explored] [34622]
[-------------------------------------]
[clauses constructed] [50000]
[search time] [18.819]
[best clause]
class_mlj(A) :-
   pagina_1(A,B), frame(B,C), allineato_al_centro_verticale(C,D), on_top(D,E), 
   width_medium_small(D), pos_left(D).
[sat] [28]
[-------------------------------------]
[found clause]
class_mlj(A) :-
   pagina_1(A,B), frame(B,C), tipo_misto(C), height_very_small(C), 
   pos_upper(C).
[pos-neg] [2]
[clause label] [[2,0,6,2]]
[clauses explored] [5063]
[-------------------------------------]
[clauses constructed] [50000]
[search time] [16.463]
[best clause]
class_mlj(A) :-
   pagina_1(A,B), frame(B,C), tipo_misto(C), height_very_small(C), 
   pos_upper(C).
[sat] [1]
[-------------------------------------]
[found clause]
class_mlj(A) :-
   pagina_1(A,B), frame(B,C), allineato_al_centro_verticale(C,D), width_very_small(D).
[pos-neg] [6]
[clause label] [[6,0,5,6]]
[clauses explored] [2683]
[-------------------------------------]
[-------------------------------------]
[found clause]
class_mlj(A) :-
   pagina_1(A,B), frame(B,C), width_very_small(C), pos_right(C), 
   pos_upper(C).
[pos-neg] [7]
[clause label] [[7,0,6,7]]
[clauses explored] [2986]
[-------------------------------------]
[-------------------------------------]
[found clause]
class_mlj(A) :-
   pagina_1(A,B), frame(B,C), on_top(C,D), width_large(D), 
   width_very_small(C).
[pos-neg] [10]
[clause label] [[10,0,6,10]]
[clauses explored] [10325]
[-------------------------------------]
[clauses constructed] [50000]
[search time] [14.375]
[best clause]
class_mlj(A) :-
   pagina_1(A,B), frame(B,C), on_top(C,D), width_large(D), 
   width_very_small(C).
[sat] [27]
[-------------------------------------]
[found clause]
class_mlj(A) :-
   pagina_1(A,B), frame(B,C), width_medium_small(C), pos_right(C), 
   larghezza_pagina(B,595.0).
[pos-neg] [9]
[clause label] [[9,0,6,9]]
[clauses explored] [3559]
[-------------------------------------]
[-------------------------------------]
[found clause]
class_mlj(A) :-
   pagina_1(A,B), altezza_pagina(B,842.0), frame(B,C), height_very_very_small(C), 
   pos_right(C).
[pos-neg] [10]
[clause label] [[10,0,6,10]]
[clauses explored] [3651]
[-------------------------------------]
[-------------------------------------]
[found clause]
class_mlj(A) :-
   pagina_1(A,B), altezza_pagina(B,842.0), frame(B,C), on_top(C,D), 
   pos_right(D).
[pos-neg] [12]
[clause label] [[12,0,6,12]]
[clauses explored] [3769]
[-------------------------------------]
[clauses constructed] [50000]
[search time] [14.602]
[best clause]
class_mlj(A) :-
   pagina_1(A,B), altezza_pagina(B,842.0), frame(B,C), on_top(C,D), 
   pos_right(D).
[sat] [43]
[clauses constructed] [50000]
[search time] [13.173]
[best clause]
class_mlj(d06060510442014369).
[sat] [30]
[-------------------------------------]
[found clause]
class_mlj(A) :-
   pagina_1(A,B), altezza_pagina(B,842.0), frame(B,C), height_medium_large(C), 
   pos_lower(C), larghezza_pagina(B,595.0).
[pos-neg] [5]
[clause label] [[5,0,7,5]]
[clauses explored] [24210]
[-------------------------------------]
[-------------------------------------]
[found clause]
class_mlj(A) :-
   pagina_1(A,B), frame(B,C), on_top(C,D), height_medium_large(D), 
   pos_left(C), larghezza_pagina(B,595.0).
[pos-neg] [8]
[clause label] [[8,0,7,8]]
[clauses explored] [48676]
[-------------------------------------]
[clauses constructed] [50000]
[search time] [10.157]
[best clause]
class_mlj(A) :-
   pagina_1(A,B), frame(B,C), on_top(C,D), height_medium_large(D), 
   pos_left(C), larghezza_pagina(B,595.0).
[sat] [81]
[-------------------------------------]
[found clause]
class_mlj(A) :-
   pagina_1(A,B), frame(B,C), height_very_large(C), width_large(C).
[pos-neg] [4]
[clause label] [[4,0,5,4]]
[clauses explored] [206]
[-------------------------------------]
[-------------------------------------]
[found clause]
class_mlj(A) :-
   pagina_1(A,B), frame(B,C), width_medium_small(C), pos_right(C), 
   frame(B,D), height_small(D).
[pos-neg] [6]
[clause label] [[6,0,7,6]]
[clauses explored] [32419]
[-------------------------------------]
[clauses constructed] [50000]
[search time] [13.925]
[best clause]
class_mlj(A) :-
   pagina_1(A,B), frame(B,C), width_medium_small(C), pos_right(C), 
   frame(B,D), height_small(D).
[sat] [69]
[clauses constructed] [50000]
[search time] [19.459]
[best clause]
class_mlj(d06060518525802442).
[sat] [74]
[clauses constructed] [50000]
[search time] [10.93]
[best clause]
class_mlj(d06053013254013020).
[sat] [103]
[clauses constructed] [50000]
[search time] [12.538]
[best clause]
class_mlj(d06060510445614393).
[sat] [57]
[-------------------------------------]
[found clause]
class_mlj(A) :-
   pagina_1(A,B), frame(B,C), height_very_large(C), width_large(C).
[pos-neg] [3]
[clause label] [[3,0,5,3]]
[clauses explored] [50]
[-------------------------------------]
[clauses constructed] [20275]
[search time] [2.988]
[best clause]
class_mlj(A) :-
   pagina_1(A,B), frame(B,C), height_very_large(C), width_large(C).
[sat] [19]
[clauses constructed] [50000]
[search time] [11.949]
[best clause]
class_mlj(d06060518322601004).
[sat] [105]
[clauses constructed] [50000]
[search time] [14.726]
[best clause]
class_mlj(d06060518302200819).
[sat] [95]
[clauses constructed] [50000]
[search time] [12.624]
[best clause]
class_mlj(d06060518303100860).
[sat] [53]
[clauses constructed] [50000]
[search time] [9.47499999999999]
[best clause]
class_mlj(d06053013365813708).
[sat] [88]
[clauses constructed] [50000]
[search time] [12.074]
[best clause]
class_mlj(d06060518304000869).
[sat] [107]
[clauses constructed] [50000]
[search time] [15.241]
[best clause]
class_mlj(d06060518540302460).
[sat] [87]
[clauses constructed] [50000]
[search time] [16.279]
[best clause]
class_mlj(d06060518272200636).
[sat] [96]

[theory]

[Rule 1] [Pos cover = 44 Neg cover = 0]
class_mlj(A) :-
   pagina_1(A,B), frame(B,C), on_top(C,D), height_large(D), 
   width_large(D), width_medium_small(C).
[pos-neg] [44]

[Rule 2] [Pos cover = 26 Neg cover = 0]
class_mlj(A) :-
   pagina_1(A,B), frame(B,C), allineato_al_centro_verticale(C,D), on_top(D,E), 
   width_medium_small(D), pos_left(D).
[pos-neg] [26]

[Rule 3] [Pos cover = 7 Neg cover = 0]
class_mlj(A) :-
   pagina_1(A,B), frame(B,C), tipo_misto(C), height_very_small(C), 
   pos_upper(C).
[pos-neg] [7]

[Rule 4] [Pos cover = 16 Neg cover = 0]
class_mlj(A) :-
   pagina_1(A,B), frame(B,C), on_top(C,D), width_large(D), 
   width_very_small(C).
[pos-neg] [16]

[Rule 5] [Pos cover = 28 Neg cover = 0]
class_mlj(A) :-
   pagina_1(A,B), altezza_pagina(B,842.0), frame(B,C), on_top(C,D), 
   pos_right(D).
[pos-neg] [28]

[Rule 6] [Pos cover = 1 Neg cover = 0]
class_mlj(d06060510442014369).
[pos-neg] [1]

[Rule 7] [Pos cover = 20 Neg cover = 0]
class_mlj(A) :-
   pagina_1(A,B), frame(B,C), on_top(C,D), height_medium_large(D), 
   pos_left(C), larghezza_pagina(B,595.0).
[pos-neg] [20]

[Rule 8] [Pos cover = 22 Neg cover = 0]
class_mlj(A) :-
   pagina_1(A,B), frame(B,C), width_medium_small(C), pos_right(C), 
   frame(B,D), height_small(D).
[pos-neg] [22]

[Rule 9] [Pos cover = 1 Neg cover = 0]
class_mlj(d06060518525802442).
[pos-neg] [1]

[Rule 10] [Pos cover = 1 Neg cover = 0]
class_mlj(d06053013254013020).
[pos-neg] [1]

[Rule 11] [Pos cover = 1 Neg cover = 0]
class_mlj(d06060510445614393).
[pos-neg] [1]

[Rule 12] [Pos cover = 4 Neg cover = 0]
class_mlj(A) :-
   pagina_1(A,B), frame(B,C), height_very_large(C), width_large(C).
[pos-neg] [4]

[Rule 13] [Pos cover = 1 Neg cover = 0]
class_mlj(d06060518322601004).
[pos-neg] [1]

[Rule 14] [Pos cover = 1 Neg cover = 0]
class_mlj(d06060518302200819).
[pos-neg] [1]

[Rule 15] [Pos cover = 1 Neg cover = 0]
class_mlj(d06060518303100860).
[pos-neg] [1]

[Rule 16] [Pos cover = 1 Neg cover = 0]
class_mlj(d06053013365813708).
[pos-neg] [1]

[Rule 17] [Pos cover = 1 Neg cover = 0]
class_mlj(d06060518304000869).
[pos-neg] [1]

[Rule 18] [Pos cover = 1 Neg cover = 0]
class_mlj(d06060518540302460).
[pos-neg] [1]

[Rule 19] [Pos cover = 1 Neg cover = 0]
class_mlj(d06060518272200636).
[pos-neg] [1]

[Rule 20] [Pos cover = 1 Neg cover = 0]
class_mlj(d06060510273413645).
[pos-neg] [1]

[Training set performance]
           Actual
        +          -  
     + 110         0         110 
Pred 
     -  0         208        208 

       110        208        318 

Accuracy = 1.0
[Training set summary] [[110,0,0,208]]
[Test set performance]
          Actual
       +        - 
     + 11        1        12 
Pred 
     - 1        22        23 

       12        23        35 

Accuracy = 0.942857142857143
[Test set summary] [[11,1,1,22]]
[time taken] [263.624]

