mar 19 ago 2014, 12.06.37, CEST
lusio-laptop
[settings]
        cache_clauselength=5
        caching=true
        check_useless=true
        clauselength=8
        clauses=8
        construct_bottom=saturation
        depth=15
        evalfn=coverage
        explore=false
        greedy=true
        gsamplesize=100
        i=10
        lazy_on_contradiction=true
        lazy_on_cost=false
        minpos=2
        nodes=50000
        noise=0
        print=4
        prior=0.34384858044164
        proof_strategy=restricted_sld
        prune_defs=false
        record=true
        recordfile=./mlj_f8.log
        refine=false
        refineop=false
        rulefile=./mlj_f8.rul
        samplesize=1
        search=bf
        splitvars=false
        stage=command
        test_neg=./mlj_f8_test.n
        test_pos=./mlj_f8_test.f
        thread=8
        train_neg=mlj_f8.n
        train_pos=mlj_f8.f
        verbosity=0
        version=2.7.5
[sat] [34]
[clauses constructed] [50000]
[search time] [10.338]
[best clause]
class_mlj(d06053013405113891).
[sat] [9]
[clauses constructed] [50000]
[search time] [9.117]
[best clause]
class_mlj(d06060518294100752).
[sat] [27]
[-------------------------------------]
[found clause]
class_mlj(A) :-
   pagina_1(A,B), altezza_pagina(B,666.0).
[pos-neg] [4]
[clause label] [[4,0,3,4]]
[clauses explored] [5]
[-------------------------------------]
[clauses constructed] [50000]
[search time] [10.484]
[best clause]
class_mlj(A) :-
   pagina_1(A,B), altezza_pagina(B,666.0).
[sat] [18]
[clauses constructed] [50000]
[search time] [10.34]
[best clause]
class_mlj(d06060518383601440).
[sat] [33]
[clauses constructed] [50000]
[search time] [10.062]
[best clause]
class_mlj(d06053013254713021).
[sat] [101]
[clauses constructed] [50000]
[search time] [15.359]
[best clause]
class_mlj(d06053013233112832).
[sat] [64]
[clauses constructed] [50000]
[search time] [16.832]
[best clause]
class_mlj(d06060518373601412).
[sat] [50]
[clauses constructed] [50000]
[search time] [12.287]
[best clause]
class_mlj(d06060518532502449).
[sat] [49]
[clauses constructed] [50000]
[search time] [20.157]
[best clause]
class_mlj(d06060518382901439).
[sat] [14]
[clauses constructed] [50000]
[search time] [11.435]
[best clause]
class_mlj(d06060518524102431).
[sat] [103]
[clauses constructed] [50000]
[search time] [11.72]
[best clause]
class_mlj(d06060518273300645).
[sat] [75]
[-------------------------------------]
[found clause]
class_mlj(A) :-
   pagina_1(A,B), larghezza_pagina(B,613.0).
[pos-neg] [4]
[clause label] [[4,0,3,4]]
[clauses explored] [15]
[-------------------------------------]
[clauses constructed] [50000]
[search time] [14.556]
[best clause]
class_mlj(A) :-
   pagina_1(A,B), larghezza_pagina(B,613.0).
[sat] [3]
[clauses constructed] [50000]
[search time] [14.668]
[best clause]
class_mlj(d06053013294713222).
[sat] [25]
[clauses constructed] [50000]
[search time] [17.353]
[best clause]
class_mlj(d06060518472902031).
[sat] [2]
[clauses constructed] [50000]
[search time] [8.20099999999999]
[best clause]
class_mlj(d06053013414313942).
[sat] [26]
[clauses constructed] [50000]
[search time] [8.13399999999999]
[best clause]
class_mlj(d06060510414814236).
[sat] [28]
[clauses constructed] [50000]
[search time] [13.007]
[best clause]
class_mlj(d06060510413614235).
[sat] [60]
[clauses constructed] [50000]
[search time] [13.2]
[best clause]
class_mlj(d06060510382314057).
[sat] [63]
[clauses constructed] [50000]
[search time] [9.797]
[best clause]
class_mlj(d06060510495614980).
[sat] [44]
[clauses constructed] [50000]
[search time] [13.41]
[best clause]
class_mlj(d06053013390613798).
[sat] [12]
[clauses constructed] [50000]
[search time] [7.27700000000002]
[best clause]
class_mlj(d06053013391413799).
[sat] [51]
[clauses constructed] [50000]
[search time] [11.906]
[best clause]
class_mlj(d06060518541902465).
[sat] [57]
[clauses constructed] [50000]
[search time] [11.3]
[best clause]
class_mlj(d06060510481014782).
[sat] [104]
[clauses constructed] [50000]
[search time] [13.055]
[best clause]
class_mlj(d06060518302200819).
[sat] [6]
[clauses constructed] [50000]
[search time] [15.693]
[best clause]
class_mlj(d06060518492902207).
[sat] [7]
[clauses constructed] [50000]
[search time] [7.58699999999999]
[best clause]
class_mlj(d06053013422114002).
[sat] [30]
[clauses constructed] [50000]
[search time] [11.191]
[best clause]
class_mlj(d06053013211912730).
[sat] [68]
[clauses constructed] [50000]
[search time] [13.814]
[best clause]
class_mlj(d06060510265113565).
[sat] [87]
[clauses constructed] [50000]
[search time] [11.832]
[best clause]
class_mlj(d06060518523102428).
[sat] [89]
[clauses constructed] [50000]
[search time] [13.098]
[best clause]
class_mlj(d06053013303213292).
[sat] [94]
[clauses constructed] [50000]
[search time] [12.234]
[best clause]
class_mlj(d06053013415713955).
[sat] [11]
[-------------------------------------]
[found clause]
class_mlj(A) :-
   pagina_1(A,B), frame(B,C), allineato_al_centro_orizzontale(C,D), on_top(D,C), 
   allineato_al_centro_verticale(C,E).
[pos-neg] [4]
[clause label] [[4,0,6,4]]
[clauses explored] [1685]
[-------------------------------------]
[-------------------------------------]
[found clause]
class_mlj(A) :-
   pagina_1(A,B), frame(B,C), allineato_al_centro_orizzontale(C,D), on_top(D,C), 
   on_top(C,E), on_top(E,F).
[pos-neg] [5]
[clause label] [[5,0,7,5]]
[clauses explored] [16587]
[-------------------------------------]
[clauses constructed] [50000]
[search time] [12.995]
[best clause]
class_mlj(A) :-
   pagina_1(A,B), frame(B,C), allineato_al_centro_orizzontale(C,D), on_top(D,C), 
   on_top(C,E), on_top(E,F).
[sat] [95]
[clauses constructed] [50000]
[search time] [10.345]
[best clause]
class_mlj(d06060510430514318).
[sat] [15]
[clauses constructed] [50000]
[search time] [10.97]
[best clause]
class_mlj(d06053013423414009).
[sat] [31]
[clauses constructed] [50000]
[search time] [9.19600000000003]
[best clause]
class_mlj(d06060518322601004).
[sat] [20]
[clauses constructed] [50000]
[search time] [13.754]
[best clause]
class_mlj(d06060518434801636).
[sat] [1]
[clauses constructed] [50000]
[search time] [12.245]
[best clause]
class_mlj(d06060518403601511).
[sat] [90]
[clauses constructed] [50000]
[search time] [7.31]
[best clause]
class_mlj(d06053013245412933).
[sat] [70]
[clauses constructed] [50000]
[search time] [14.369]
[best clause]
class_mlj(d06053013265213079).
[sat] [55]
[clauses constructed] [50000]
[search time] [9.32600000000002]
[best clause]
class_mlj(d06060510442014369).
[sat] [105]
[clauses constructed] [50000]
[search time] [8.59800000000001]
[best clause]
class_mlj(d06053013222512769).
[sat] [62]
[clauses constructed] [50000]
[search time] [15.519]
[best clause]
class_mlj(d06060518391301453).
[sat] [17]
[clauses constructed] [50000]
[search time] [14.379]
[best clause]
class_mlj(d06060518380901422).
[sat] [107]
[clauses constructed] [50000]
[search time] [6.65899999999999]
[best clause]
class_mlj(d06053013383013765).
[sat] [82]
[clauses constructed] [50000]
[search time] [8.68000000000006]
[best clause]
class_mlj(d06060518394701461).
[sat] [21]
[clauses constructed] [50000]
[search time] [11.9]
[best clause]
class_mlj(d06053013264113073).
[sat] [29]
[clauses constructed] [50000]
[search time] [6.91200000000003]
[best clause]
class_mlj(d06053013312413349).
[sat] [106]
[clauses constructed] [50000]
[search time] [14.529]
[best clause]
class_mlj(d06060518540302460).
[sat] [73]
[clauses constructed] [50000]
[search time] [12.7420000000001]
[best clause]
class_mlj(d06053013393313815).
[sat] [79]
[clauses constructed] [50000]
[search time] [15.689]
[best clause]
class_mlj(d06060518351001324).
[sat] [41]
[clauses constructed] [50000]
[search time] [8.61500000000001]
[best clause]
class_mlj(d06060510390714095).
[sat] [81]
[clauses constructed] [50000]
[search time] [8.06299999999999]
[best clause]
class_mlj(d06060518525802442).
[sat] [19]
[clauses constructed] [50000]
[search time] [12.1600000000001]
[best clause]
class_mlj(d06060518285500732).
[sat] [86]
[clauses constructed] [50000]
[search time] [11.064]
[best clause]
class_mlj(d06053013254013020).
[sat] [72]
[clauses constructed] [50000]
[search time] [12.7669999999999]
[best clause]
class_mlj(d06053013430914058).
[sat] [24]
[clauses constructed] [50000]
[search time] [11.5309999999999]
[best clause]
class_mlj(d06053013360113675).
[sat] [93]
[clauses constructed] [50000]
[search time] [18.6080000000001]
[best clause]
class_mlj(d06060518251800523).
[sat] [99]
[clauses constructed] [50000]
[search time] [15.062]
[best clause]
class_mlj(d06060518270300598).
[sat] [77]
[clauses constructed] [50000]
[search time] [10.9]
[best clause]
class_mlj(d06053013220812764).
[sat] [65]
[clauses constructed] [50000]
[search time] [11.4309999999999]
[best clause]
class_mlj(d06053013365813708).
[sat] [69]
[clauses constructed] [1446]
[search time] [0.154999999999973]
[best clause]
class_mlj(d06060518433401633).
[sat] [59]
[-------------------------------------]
[found clause]
class_mlj(A) :-
   pagina_1(A,B), altezza_pagina(B,842.0), frame(B,C), allineato_al_centro_orizzontale(C,D), 
   tipo_testo(D).
[pos-neg] [2]
[clause label] [[2,0,6,2]]
[clauses explored] [5385]
[-------------------------------------]
[clauses constructed] [50000]
[search time] [8.178]
[best clause]
class_mlj(A) :-
   pagina_1(A,B), altezza_pagina(B,842.0), frame(B,C), allineato_al_centro_orizzontale(C,D), 
   tipo_testo(D).
[sat] [67]
[clauses constructed] [50000]
[search time] [11.374]
[best clause]
class_mlj(d06053013262013044).
[sat] [53]
[clauses constructed] [50000]
[search time] [9.75800000000004]
[best clause]
class_mlj(d06060518421201581).
[sat] [71]
[clauses constructed] [50000]
[search time] [8.27999999999997]
[best clause]
class_mlj(d06053013382113764).
[sat] [100]
[clauses constructed] [50000]
[search time] [16.115]
[best clause]
class_mlj(d06060518331601080).
[sat] [61]
[clauses constructed] [50000]
[search time] [9.19600000000003]
[best clause]
class_mlj(d06060518320700983).
[sat] [66]
[clauses constructed] [50000]
[search time] [15.4209999999999]
[best clause]
class_mlj(d06060518435901639).
[sat] [74]
[clauses constructed] [50000]
[search time] [11.746]
[best clause]
class_mlj(d06060518381901424).
[sat] [23]
[clauses constructed] [50000]
[search time] [16.1450000000001]
[best clause]
class_mlj(d06060518312200919).
[sat] [8]
[clauses constructed] [50000]
[search time] [10.188]
[best clause]
class_mlj(d06060510265913574).
[sat] [56]
[clauses constructed] [50000]
[search time] [9.10000000000002]
[best clause]
class_mlj(d06053013241912894).
[sat] [84]
[clauses constructed] [50000]
[search time] [7.54600000000005]
[best clause]
class_mlj(d06053013380913737).
[sat] [22]
[clauses constructed] [50000]
[search time] [11.186]
[best clause]
class_mlj(d06060518443101648).
[sat] [54]
[clauses constructed] [50000]
[search time] [8.76700000000005]
[best clause]
class_mlj(d06053013252512990).
[sat] [46]
[clauses constructed] [50000]
[search time] [9.9910000000001]
[best clause]
class_mlj(d06060510271813626).
[sat] [37]
[clauses constructed] [50000]
[search time] [14.77]
[best clause]
class_mlj(d06060510433614325).
[sat] [96]
[clauses constructed] [50000]
[search time] [10.468]
[best clause]
class_mlj(d06060518445901684).
[sat] [40]
[clauses constructed] [50000]
[search time] [11.1880000000001]
[best clause]
class_mlj(d06060510502115103).
[sat] [109]
[clauses constructed] [50000]
[search time] [10.259]
[best clause]
class_mlj(d06053013284513161).
[sat] [47]
[clauses constructed] [50000]
[search time] [6.70500000000004]
[best clause]
class_mlj(d06053013292513217).
[sat] [83]
[clauses constructed] [50000]
[search time] [6.601]
[best clause]
class_mlj(d06060510263313550).
[sat] [58]
[clauses constructed] [50000]
[search time] [8.38900000000001]
[best clause]
class_mlj(d06060510274713652).
[sat] [48]
[clauses constructed] [50000]
[search time] [11.424]
[best clause]
class_mlj(d06053013251312977).
[sat] [39]
[clauses constructed] [50000]
[search time] [5.63999999999999]
[best clause]
class_mlj(d06053013393813816).
[sat] [32]
[clauses constructed] [50000]
[search time] [8.25999999999999]
[best clause]
class_mlj(d06060518310700907).
[sat] [98]
[clauses constructed] [50000]
[search time] [9.471]
[best clause]
class_mlj(d06060518482402123).
[sat] [35]
[clauses constructed] [50000]
[search time] [18.125]
[best clause]
class_mlj(d06060510434514330).
[sat] [13]
[clauses constructed] [50000]
[search time] [9.79599999999994]
[best clause]
class_mlj(d06053013364813706).
[sat] [42]
[clauses constructed] [50000]
[search time] [10.3919999999999]
[best clause]
class_mlj(d06053013430114052).
[sat] [4]
[clauses constructed] [50000]
[search time] [10.8969999999999]
[best clause]
class_mlj(d06060518271300632).
[sat] [108]
[clauses constructed] [50000]
[search time] [6.14200000000005]
[best clause]
class_mlj(d06060518290400735).
[sat] [5]
[clauses constructed] [50000]
[search time] [5.40000000000009]
[best clause]
class_mlj(d06053013231712818).
[sat] [78]
[clauses constructed] [50000]
[search time] [12.0540000000001]
[best clause]
class_mlj(d06060518335301163).
[sat] [38]
[clauses constructed] [50000]
[search time] [9.85699999999997]
[best clause]
class_mlj(d06060510384514083).
[sat] [102]
[clauses constructed] [50000]
[search time] [11.8499999999999]
[best clause]
class_mlj(d06060510445614393).
[sat] [16]
[clauses constructed] [50000]
[search time] [8.63200000000006]
[best clause]
class_mlj(d06053013204412712).
[sat] [85]

[theory]

[Rule 1] [Pos cover = 1 Neg cover = 0]
class_mlj(d06053013405113891).
[pos-neg] [1]

[Rule 2] [Pos cover = 1 Neg cover = 0]
class_mlj(d06060518294100752).
[pos-neg] [1]

[Rule 3] [Pos cover = 4 Neg cover = 0]
class_mlj(A) :-
   pagina_1(A,B), altezza_pagina(B,666.0).
[pos-neg] [4]

[Rule 4] [Pos cover = 1 Neg cover = 0]
class_mlj(d06060518383601440).
[pos-neg] [1]

[Rule 5] [Pos cover = 1 Neg cover = 0]
class_mlj(d06053013254713021).
[pos-neg] [1]

[Rule 6] [Pos cover = 1 Neg cover = 0]
class_mlj(d06053013233112832).
[pos-neg] [1]

[Rule 7] [Pos cover = 1 Neg cover = 0]
class_mlj(d06060518373601412).
[pos-neg] [1]

[Rule 8] [Pos cover = 1 Neg cover = 0]
class_mlj(d06060518532502449).
[pos-neg] [1]

[Rule 9] [Pos cover = 1 Neg cover = 0]
class_mlj(d06060518382901439).
[pos-neg] [1]

[Rule 10] [Pos cover = 1 Neg cover = 0]
class_mlj(d06060518524102431).
[pos-neg] [1]

[Rule 11] [Pos cover = 1 Neg cover = 0]
class_mlj(d06060518273300645).
[pos-neg] [1]

[Rule 12] [Pos cover = 4 Neg cover = 0]
class_mlj(A) :-
   pagina_1(A,B), larghezza_pagina(B,613.0).
[pos-neg] [4]

[Rule 13] [Pos cover = 1 Neg cover = 0]
class_mlj(d06053013294713222).
[pos-neg] [1]

[Rule 14] [Pos cover = 1 Neg cover = 0]
class_mlj(d06060518472902031).
[pos-neg] [1]

[Rule 15] [Pos cover = 1 Neg cover = 0]
class_mlj(d06053013414313942).
[pos-neg] [1]

[Rule 16] [Pos cover = 1 Neg cover = 0]
class_mlj(d06060510414814236).
[pos-neg] [1]

[Rule 17] [Pos cover = 1 Neg cover = 0]
class_mlj(d06060510413614235).
[pos-neg] [1]

[Rule 18] [Pos cover = 1 Neg cover = 0]
class_mlj(d06060510382314057).
[pos-neg] [1]

[Rule 19] [Pos cover = 1 Neg cover = 0]
class_mlj(d06060510495614980).
[pos-neg] [1]

[Rule 20] [Pos cover = 1 Neg cover = 0]
class_mlj(d06053013390613798).
[pos-neg] [1]

[Rule 21] [Pos cover = 1 Neg cover = 0]
class_mlj(d06053013391413799).
[pos-neg] [1]

[Rule 22] [Pos cover = 1 Neg cover = 0]
class_mlj(d06060518541902465).
[pos-neg] [1]

[Rule 23] [Pos cover = 1 Neg cover = 0]
class_mlj(d06060510481014782).
[pos-neg] [1]

[Rule 24] [Pos cover = 1 Neg cover = 0]
class_mlj(d06060518302200819).
[pos-neg] [1]

[Rule 25] [Pos cover = 1 Neg cover = 0]
class_mlj(d06060518492902207).
[pos-neg] [1]

[Rule 26] [Pos cover = 1 Neg cover = 0]
class_mlj(d06053013422114002).
[pos-neg] [1]

[Rule 27] [Pos cover = 1 Neg cover = 0]
class_mlj(d06053013211912730).
[pos-neg] [1]

[Rule 28] [Pos cover = 1 Neg cover = 0]
class_mlj(d06060510265113565).
[pos-neg] [1]

[Rule 29] [Pos cover = 1 Neg cover = 0]
class_mlj(d06060518523102428).
[pos-neg] [1]

[Rule 30] [Pos cover = 1 Neg cover = 0]
class_mlj(d06053013303213292).
[pos-neg] [1]

[Rule 31] [Pos cover = 1 Neg cover = 0]
class_mlj(d06053013415713955).
[pos-neg] [1]

[Rule 32] [Pos cover = 5 Neg cover = 0]
class_mlj(A) :-
   pagina_1(A,B), frame(B,C), allineato_al_centro_orizzontale(C,D), on_top(D,C), 
   on_top(C,E), on_top(E,F).
[pos-neg] [5]

[Rule 33] [Pos cover = 1 Neg cover = 0]
class_mlj(d06060510430514318).
[pos-neg] [1]

[Rule 34] [Pos cover = 1 Neg cover = 0]
class_mlj(d06053013423414009).
[pos-neg] [1]

[Rule 35] [Pos cover = 1 Neg cover = 0]
class_mlj(d06060518322601004).
[pos-neg] [1]

[Rule 36] [Pos cover = 1 Neg cover = 0]
class_mlj(d06060518434801636).
[pos-neg] [1]

[Rule 37] [Pos cover = 1 Neg cover = 0]
class_mlj(d06060518403601511).
[pos-neg] [1]

[Rule 38] [Pos cover = 1 Neg cover = 0]
class_mlj(d06053013245412933).
[pos-neg] [1]

[Rule 39] [Pos cover = 1 Neg cover = 0]
class_mlj(d06053013265213079).
[pos-neg] [1]

[Rule 40] [Pos cover = 1 Neg cover = 0]
class_mlj(d06060510442014369).
[pos-neg] [1]

[Rule 41] [Pos cover = 1 Neg cover = 0]
class_mlj(d06053013222512769).
[pos-neg] [1]

[Rule 42] [Pos cover = 1 Neg cover = 0]
class_mlj(d06060518391301453).
[pos-neg] [1]

[Rule 43] [Pos cover = 1 Neg cover = 0]
class_mlj(d06060518380901422).
[pos-neg] [1]

[Rule 44] [Pos cover = 1 Neg cover = 0]
class_mlj(d06053013383013765).
[pos-neg] [1]

[Rule 45] [Pos cover = 1 Neg cover = 0]
class_mlj(d06060518394701461).
[pos-neg] [1]

[Rule 46] [Pos cover = 1 Neg cover = 0]
class_mlj(d06053013264113073).
[pos-neg] [1]

[Rule 47] [Pos cover = 1 Neg cover = 0]
class_mlj(d06053013312413349).
[pos-neg] [1]

[Rule 48] [Pos cover = 1 Neg cover = 0]
class_mlj(d06060518540302460).
[pos-neg] [1]

[Rule 49] [Pos cover = 1 Neg cover = 0]
class_mlj(d06053013393313815).
[pos-neg] [1]

[Rule 50] [Pos cover = 1 Neg cover = 0]
class_mlj(d06060518351001324).
[pos-neg] [1]

[Rule 51] [Pos cover = 1 Neg cover = 0]
class_mlj(d06060510390714095).
[pos-neg] [1]

[Rule 52] [Pos cover = 1 Neg cover = 0]
class_mlj(d06060518525802442).
[pos-neg] [1]

[Rule 53] [Pos cover = 1 Neg cover = 0]
class_mlj(d06060518285500732).
[pos-neg] [1]

[Rule 54] [Pos cover = 1 Neg cover = 0]
class_mlj(d06053013254013020).
[pos-neg] [1]

[Rule 55] [Pos cover = 1 Neg cover = 0]
class_mlj(d06053013430914058).
[pos-neg] [1]

[Rule 56] [Pos cover = 1 Neg cover = 0]
class_mlj(d06053013360113675).
[pos-neg] [1]

[Rule 57] [Pos cover = 1 Neg cover = 0]
class_mlj(d06060518251800523).
[pos-neg] [1]

[Rule 58] [Pos cover = 1 Neg cover = 0]
class_mlj(d06060518270300598).
[pos-neg] [1]

[Rule 59] [Pos cover = 1 Neg cover = 0]
class_mlj(d06053013220812764).
[pos-neg] [1]

[Rule 60] [Pos cover = 1 Neg cover = 0]
class_mlj(d06053013365813708).
[pos-neg] [1]

[Rule 61] [Pos cover = 1 Neg cover = 0]
class_mlj(d06060518433401633).
[pos-neg] [1]

[Rule 62] [Pos cover = 3 Neg cover = 0]
class_mlj(A) :-
   pagina_1(A,B), altezza_pagina(B,842.0), frame(B,C), allineato_al_centro_orizzontale(C,D), 
   tipo_testo(D).
[pos-neg] [3]

[Rule 63] [Pos cover = 1 Neg cover = 0]
class_mlj(d06053013262013044).
[pos-neg] [1]

[Rule 64] [Pos cover = 1 Neg cover = 0]
class_mlj(d06060518421201581).
[pos-neg] [1]

[Rule 65] [Pos cover = 1 Neg cover = 0]
class_mlj(d06053013382113764).
[pos-neg] [1]

[Rule 66] [Pos cover = 1 Neg cover = 0]
class_mlj(d06060518331601080).
[pos-neg] [1]

[Rule 67] [Pos cover = 1 Neg cover = 0]
class_mlj(d06060518320700983).
[pos-neg] [1]

[Rule 68] [Pos cover = 1 Neg cover = 0]
class_mlj(d06060518435901639).
[pos-neg] [1]

[Rule 69] [Pos cover = 1 Neg cover = 0]
class_mlj(d06060518381901424).
[pos-neg] [1]

[Rule 70] [Pos cover = 1 Neg cover = 0]
class_mlj(d06060518312200919).
[pos-neg] [1]

[Rule 71] [Pos cover = 1 Neg cover = 0]
class_mlj(d06060510265913574).
[pos-neg] [1]

[Rule 72] [Pos cover = 1 Neg cover = 0]
class_mlj(d06053013241912894).
[pos-neg] [1]

[Rule 73] [Pos cover = 1 Neg cover = 0]
class_mlj(d06053013380913737).
[pos-neg] [1]

[Rule 74] [Pos cover = 1 Neg cover = 0]
class_mlj(d06060518443101648).
[pos-neg] [1]

[Rule 75] [Pos cover = 1 Neg cover = 0]
class_mlj(d06053013252512990).
[pos-neg] [1]

[Rule 76] [Pos cover = 1 Neg cover = 0]
class_mlj(d06060510271813626).
[pos-neg] [1]

[Rule 77] [Pos cover = 1 Neg cover = 0]
class_mlj(d06060510433614325).
[pos-neg] [1]

[Rule 78] [Pos cover = 1 Neg cover = 0]
class_mlj(d06060518445901684).
[pos-neg] [1]

[Rule 79] [Pos cover = 1 Neg cover = 0]
class_mlj(d06060510502115103).
[pos-neg] [1]

[Rule 80] [Pos cover = 1 Neg cover = 0]
class_mlj(d06053013284513161).
[pos-neg] [1]

[Rule 81] [Pos cover = 1 Neg cover = 0]
class_mlj(d06053013292513217).
[pos-neg] [1]

[Rule 82] [Pos cover = 1 Neg cover = 0]
class_mlj(d06060510263313550).
[pos-neg] [1]

[Rule 83] [Pos cover = 1 Neg cover = 0]
class_mlj(d06060510274713652).
[pos-neg] [1]

[Rule 84] [Pos cover = 1 Neg cover = 0]
class_mlj(d06053013251312977).
[pos-neg] [1]

[Rule 85] [Pos cover = 1 Neg cover = 0]
class_mlj(d06053013393813816).
[pos-neg] [1]

[Rule 86] [Pos cover = 1 Neg cover = 0]
class_mlj(d06060518310700907).
[pos-neg] [1]

[Rule 87] [Pos cover = 1 Neg cover = 0]
class_mlj(d06060518482402123).
[pos-neg] [1]

[Rule 88] [Pos cover = 1 Neg cover = 0]
class_mlj(d06060510434514330).
[pos-neg] [1]

[Rule 89] [Pos cover = 1 Neg cover = 0]
class_mlj(d06053013364813706).
[pos-neg] [1]

[Rule 90] [Pos cover = 1 Neg cover = 0]
class_mlj(d06053013430114052).
[pos-neg] [1]

[Rule 91] [Pos cover = 1 Neg cover = 0]
class_mlj(d06060518271300632).
[pos-neg] [1]

[Rule 92] [Pos cover = 1 Neg cover = 0]
class_mlj(d06060518290400735).
[pos-neg] [1]

[Rule 93] [Pos cover = 1 Neg cover = 0]
class_mlj(d06053013231712818).
[pos-neg] [1]

[Rule 94] [Pos cover = 1 Neg cover = 0]
class_mlj(d06060518335301163).
[pos-neg] [1]

[Rule 95] [Pos cover = 1 Neg cover = 0]
class_mlj(d06060510384514083).
[pos-neg] [1]

[Rule 96] [Pos cover = 1 Neg cover = 0]
class_mlj(d06060510445614393).
[pos-neg] [1]

[Rule 97] [Pos cover = 1 Neg cover = 0]
class_mlj(d06053013204412712).
[pos-neg] [1]

[Rule 98] [Pos cover = 1 Neg cover = 0]
class_mlj(d06053013205712715).
[pos-neg] [1]

[Training set performance]
           Actual
        +          -  
     + 109         0         109 
Pred 
     -  0         208        208 

       109        208        317 

Accuracy = 1.0
[Training set summary] [[109,0,0,208]]
[Test set performance]
          Actual
       +        - 
     + 0        0        0 
Pred 
     - 13        23        36 

       13        23        36 

Accuracy = 0.638888888888889
[Test set summary] [[0,0,13,23]]
[time taken] [1092.797]

