mer 20 ago 2014, 14.51.47, CEST
lusio-laptop
[settings]
        cache_clauselength=5
        caching=true
        check_useless=true
        clauselength=8
        clauses=8
        construct_bottom=saturation
        depth=15
        evalfn=coverage
        explore=false
        greedy=true
        gsamplesize=100
        i=10
        lazy_on_contradiction=true
        lazy_on_cost=false
        minpos=2
        nodes=50000
        noise=0
        print=4
        prior=0.345911949685535
        proof_strategy=restricted_sld
        prune_defs=false
        record=true
        recordfile=./mlj_f3.log
        refine=false
        refineop=false
        rulefile=./mlj_f3.rul
        samplesize=1
        search=bf
        splitvars=false
        stage=command
        test_neg=./mlj_f3_test.n
        test_pos=./mlj_f3_test.f
        thread=8
        train_neg=mlj_f3.n
        train_pos=mlj_f3.f
        verbosity=0
        version=2.7.5
[sat] [56]
[-------------------------------------]
[found clause]
class_mlj(A) :-
   pagina_1(A,B), frame(B,C), width_medium_small(C), pos_right(C), 
   larghezza_pagina(B,595.0).
[pos-neg] [17]
[clause label] [[17,0,6,17]]
[clauses explored] [2274]
[-------------------------------------]
[-------------------------------------]
[found clause]
class_mlj(A) :-
   pagina_1(A,B), altezza_pagina(B,842.0), frame(B,C), tipo_testo(C), 
   pos_right(C).
[pos-neg] [25]
[clause label] [[25,0,6,25]]
[clauses explored] [2921]
[-------------------------------------]
[-------------------------------------]
[found clause]
class_mlj(A) :-
   pagina_1(A,B), frame(B,C), on_top(C,D), width_medium_small(D), 
   pos_upper(D), height_very_small(C).
[pos-neg] [30]
[clause label] [[30,0,7,30]]
[clauses explored] [28683]
[-------------------------------------]
[clauses constructed] [50000]
[search time] [13.752]
[best clause]
class_mlj(A) :-
   pagina_1(A,B), frame(B,C), on_top(C,D), width_medium_small(D), 
   pos_upper(D), height_very_small(C).
[sat] [1]
[-------------------------------------]
[found clause]
class_mlj(A) :-
   pagina_1(A,B), frame(B,C), width_very_small(C), pos_upper(C).
[pos-neg] [14]
[clause label] [[14,0,5,14]]
[clauses explored] [215]
[-------------------------------------]
[-------------------------------------]
[found clause]
class_mlj(A) :-
   pagina_1(A,B), frame(B,C), on_top(C,D), width_large(D), 
   width_very_small(C), pos_right(C).
[pos-neg] [16]
[clause label] [[16,0,7,16]]
[clauses explored] [43244]
[-------------------------------------]
[clauses constructed] [50000]
[search time] [15.193]
[best clause]
class_mlj(A) :-
   pagina_1(A,B), frame(B,C), on_top(C,D), width_large(D), 
   width_very_small(C), pos_right(C).
[sat] [54]
[-------------------------------------]
[found clause]
class_mlj(A) :-
   pagina_1(A,B), frame(B,C), on_top(C,D), height_large(D), 
   width_large(D), width_medium_small(C).
[pos-neg] [26]
[clause label] [[26,0,7,26]]
[clauses explored] [20678]
[-------------------------------------]
[clauses constructed] [50000]
[search time] [27.468]
[best clause]
class_mlj(A) :-
   pagina_1(A,B), frame(B,C), on_top(C,D), height_large(D), 
   width_large(D), width_medium_small(C).
[sat] [108]
[-------------------------------------]
[found clause]
class_mlj(A) :-
   pagina_1(A,B), altezza_pagina(B,842.0), frame(B,C), width_medium(C), 
   pos_right(C).
[pos-neg] [4]
[clause label] [[4,0,6,4]]
[clauses explored] [3618]
[-------------------------------------]
[-------------------------------------]
[found clause]
class_mlj(A) :-
   pagina_1(A,B), altezza_pagina(B,842.0), frame(B,C), on_top(C,D), 
   pos_right(D).
[pos-neg] [6]
[clause label] [[6,0,6,6]]
[clauses explored] [4750]
[-------------------------------------]
[clauses constructed] [50000]
[search time] [15.808]
[best clause]
class_mlj(A) :-
   pagina_1(A,B), altezza_pagina(B,842.0), frame(B,C), on_top(C,D), 
   pos_right(D).
[sat] [21]
[-------------------------------------]
[found clause]
class_mlj(A) :-
   pagina_1(A,B), altezza_pagina(B,842.0), frame(B,C), height_medium_large(C), 
   pos_lower(C), larghezza_pagina(B,595.0).
[pos-neg] [7]
[clause label] [[7,0,7,7]]
[clauses explored] [23614]
[-------------------------------------]
[-------------------------------------]
[found clause]
class_mlj(A) :-
   pagina_1(A,B), frame(B,C), on_top(C,D), height_medium_large(D), 
   pos_left(C), larghezza_pagina(B,595.0).
[pos-neg] [11]
[clause label] [[11,0,7,11]]
[clauses explored] [47064]
[-------------------------------------]
[clauses constructed] [50000]
[search time] [10.607]
[best clause]
class_mlj(A) :-
   pagina_1(A,B), frame(B,C), on_top(C,D), height_medium_large(D), 
   pos_left(C), larghezza_pagina(B,595.0).
[sat] [96]
[-------------------------------------]
[found clause]
class_mlj(A) :-
   pagina_1(A,B), altezza_pagina(B,842.0), frame(B,C), allineato_al_centro_verticale(C,D), 
   pos_left(D), pos_middle(D).
[pos-neg] [2]
[clause label] [[2,0,7,2]]
[clauses explored] [25142]
[-------------------------------------]
[clauses constructed] [50000]
[search time] [11.208]
[best clause]
class_mlj(A) :-
   pagina_1(A,B), altezza_pagina(B,842.0), frame(B,C), allineato_al_centro_verticale(C,D), 
   pos_left(D), pos_middle(D).
[sat] [74]
[clauses constructed] [50000]
[search time] [11.104]
[best clause]
class_mlj(d06053013254013020).
[sat] [107]
[clauses constructed] [50000]
[search time] [18.375]
[best clause]
class_mlj(d06060518540302460).
[sat] [57]
[-------------------------------------]
[found clause]
class_mlj(A) :-
   pagina_1(A,B), frame(B,C), height_very_large(C), width_large(C).
[pos-neg] [2]
[clause label] [[2,0,5,2]]
[clauses explored] [50]
[-------------------------------------]
[clauses constructed] [20275]
[search time] [3.057]
[best clause]
class_mlj(A) :-
   pagina_1(A,B), frame(B,C), height_very_large(C), width_large(C).
[sat] [17]
[clauses constructed] [50000]
[search time] [13.406]
[best clause]
class_mlj(d06060518380901422).
[sat] [105]
[clauses constructed] [50000]
[search time] [14.462]
[best clause]
class_mlj(d06060518302200819).
[sat] [103]
[clauses constructed] [50000]
[search time] [12.679]
[best clause]
class_mlj(d06060510445614393).
[sat] [63]
[-------------------------------------]
[found clause]
class_mlj(A) :-
   pagina_1(A,B), frame(B,C), allineato_al_centro_verticale(C,D), width_medium_small(C), 
   pos_left(C), pos_middle(C).
[pos-neg] [2]
[clause label] [[2,0,7,2]]
[clauses explored] [30733]
[-------------------------------------]
[clauses constructed] [50000]
[search time] [15.113]
[best clause]
class_mlj(A) :-
   pagina_1(A,B), frame(B,C), allineato_al_centro_verticale(C,D), width_medium_small(C), 
   pos_left(C), pos_middle(C).
[sat] [88]
[clauses constructed] [50000]
[search time] [12.475]
[best clause]
class_mlj(d06060518304000869).
[sat] [87]
[clauses constructed] [50000]
[search time] [13.911]
[best clause]
class_mlj(d06060518272200636).
[sat] [31]
[clauses constructed] [50000]
[search time] [12.132]
[best clause]
class_mlj(d06060518322601004).
[sat] [64]
[-------------------------------------]
[found clause]
class_mlj(A) :-
   pagina_1(A,B), altezza_pagina(B,666.0).
[pos-neg] [2]
[clause label] [[2,0,3,2]]
[clauses explored] [5]
[-------------------------------------]
[-------------------------------------]
[found clause]
class_mlj(A) :-
   pagina_1(A,B), frame(B,C), on_top(C,D), height_smallest(D), 
   pos_upper(D).
[pos-neg] [3]
[clause label] [[3,0,6,3]]
[clauses explored] [5404]
[-------------------------------------]
[clauses constructed] [50000]
[search time] [11.485]
[best clause]
class_mlj(A) :-
   pagina_1(A,B), frame(B,C), on_top(C,D), height_smallest(D), 
   pos_upper(D).
[sat] [43]
[clauses constructed] [50000]
[search time] [11.563]
[best clause]
class_mlj(d06060510442014369).
[sat] [95]
[clauses constructed] [50000]
[search time] [12.402]
[best clause]
class_mlj(d06060518303100860).
[sat] [69]
[clauses constructed] [50000]
[search time] [20.512]
[best clause]
class_mlj(d06060518525802442).
[sat] [109]

[theory]

[Rule 1] [Pos cover = 30 Neg cover = 0]
class_mlj(A) :-
   pagina_1(A,B), frame(B,C), on_top(C,D), width_medium_small(D), 
   pos_upper(D), height_very_small(C).
[pos-neg] [30]

[Rule 2] [Pos cover = 17 Neg cover = 0]
class_mlj(A) :-
   pagina_1(A,B), frame(B,C), on_top(C,D), width_large(D), 
   width_very_small(C), pos_right(C).
[pos-neg] [17]

[Rule 3] [Pos cover = 46 Neg cover = 0]
class_mlj(A) :-
   pagina_1(A,B), frame(B,C), on_top(C,D), height_large(D), 
   width_large(D), width_medium_small(C).
[pos-neg] [46]

[Rule 4] [Pos cover = 25 Neg cover = 0]
class_mlj(A) :-
   pagina_1(A,B), altezza_pagina(B,842.0), frame(B,C), on_top(C,D), 
   pos_right(D).
[pos-neg] [25]

[Rule 5] [Pos cover = 19 Neg cover = 0]
class_mlj(A) :-
   pagina_1(A,B), frame(B,C), on_top(C,D), height_medium_large(D), 
   pos_left(C), larghezza_pagina(B,595.0).
[pos-neg] [19]

[Rule 6] [Pos cover = 17 Neg cover = 0]
class_mlj(A) :-
   pagina_1(A,B), altezza_pagina(B,842.0), frame(B,C), allineato_al_centro_verticale(C,D), 
   pos_left(D), pos_middle(D).
[pos-neg] [17]

[Rule 7] [Pos cover = 1 Neg cover = 0]
class_mlj(d06053013254013020).
[pos-neg] [1]

[Rule 8] [Pos cover = 1 Neg cover = 0]
class_mlj(d06060518540302460).
[pos-neg] [1]

[Rule 9] [Pos cover = 4 Neg cover = 0]
class_mlj(A) :-
   pagina_1(A,B), frame(B,C), height_very_large(C), width_large(C).
[pos-neg] [4]

[Rule 10] [Pos cover = 1 Neg cover = 0]
class_mlj(d06060518380901422).
[pos-neg] [1]

[Rule 11] [Pos cover = 1 Neg cover = 0]
class_mlj(d06060518302200819).
[pos-neg] [1]

[Rule 12] [Pos cover = 1 Neg cover = 0]
class_mlj(d06060510445614393).
[pos-neg] [1]

[Rule 13] [Pos cover = 15 Neg cover = 0]
class_mlj(A) :-
   pagina_1(A,B), frame(B,C), allineato_al_centro_verticale(C,D), width_medium_small(C), 
   pos_left(C), pos_middle(C).
[pos-neg] [15]

[Rule 14] [Pos cover = 1 Neg cover = 0]
class_mlj(d06060518304000869).
[pos-neg] [1]

[Rule 15] [Pos cover = 1 Neg cover = 0]
class_mlj(d06060518272200636).
[pos-neg] [1]

[Rule 16] [Pos cover = 1 Neg cover = 0]
class_mlj(d06060518322601004).
[pos-neg] [1]

[Rule 17] [Pos cover = 16 Neg cover = 0]
class_mlj(A) :-
   pagina_1(A,B), frame(B,C), on_top(C,D), height_smallest(D), 
   pos_upper(D).
[pos-neg] [16]

[Rule 18] [Pos cover = 1 Neg cover = 0]
class_mlj(d06060510442014369).
[pos-neg] [1]

[Rule 19] [Pos cover = 1 Neg cover = 0]
class_mlj(d06060518303100860).
[pos-neg] [1]

[Rule 20] [Pos cover = 1 Neg cover = 0]
class_mlj(d06060518525802442).
[pos-neg] [1]

[Rule 21] [Pos cover = 1 Neg cover = 0]
class_mlj(d06060518290400735).
[pos-neg] [1]

[Training set performance]
           Actual
        +          -  
     + 110         0         110 
Pred 
     -  0         208        208 

       110        208        318 

Accuracy = 1.0
[Training set summary] [[110,0,0,208]]
[Test set performance]
          Actual
       +        - 
     + 11        1        12 
Pred 
     - 1        22        23 

       12        23        35 

Accuracy = 0.942857142857143
[Test set summary] [[11,1,1,22]]
[time taken] [278.382]

