mer 20 ago 2014, 15.22.14, CEST
lusio-laptop
[settings]
        cache_clauselength=5
        caching=true
        check_useless=true
        clauselength=8
        clauses=8
        construct_bottom=saturation
        depth=15
        evalfn=coverage
        explore=false
        greedy=true
        gsamplesize=100
        i=10
        lazy_on_contradiction=true
        lazy_on_cost=false
        minpos=2
        nodes=50000
        noise=0
        print=4
        prior=0.34384858044164
        proof_strategy=restricted_sld
        prune_defs=false
        record=true
        recordfile=./mlj_f9.log
        refine=false
        refineop=false
        rulefile=./mlj_f9.rul
        samplesize=1
        search=bf
        splitvars=false
        stage=command
        test_neg=./mlj_f9_test.n
        test_pos=./mlj_f9_test.f
        thread=8
        train_neg=mlj_f9.n
        train_pos=mlj_f9.f
        verbosity=0
        version=2.7.5
[sat] [29]
[-------------------------------------]
[found clause]
class_mlj(A) :-
   pagina_1(A,B), altezza_pagina(B,842.0), frame(B,C), height_very_small(C), 
   width_medium(C).
[pos-neg] [5]
[clause label] [[5,0,6,5]]
[clauses explored] [3805]
[-------------------------------------]
[-------------------------------------]
[found clause]
class_mlj(A) :-
   pagina_1(A,B), altezza_pagina(B,842.0), frame(B,C), height_very_small(C), 
   pos_right(C).
[pos-neg] [8]
[clause label] [[8,0,6,8]]
[clauses explored] [3806]
[-------------------------------------]
[-------------------------------------]
[found clause]
class_mlj(A) :-
   pagina_1(A,B), altezza_pagina(B,842.0), frame(B,C), on_top(C,D), 
   pos_right(D).
[pos-neg] [27]
[clause label] [[27,0,6,27]]
[clauses explored] [4259]
[-------------------------------------]
[clauses constructed] [50000]
[search time] [17.528]
[best clause]
class_mlj(A) :-
   pagina_1(A,B), altezza_pagina(B,842.0), frame(B,C), on_top(C,D), 
   pos_right(D).
[sat] [77]
[-------------------------------------]
[found clause]
class_mlj(A) :-
   pagina_1(A,B), altezza_pagina(B,842.0), frame(B,C), width_medium_large(C), 
   pos_left(C), pos_middle(C).
[pos-neg] [6]
[clause label] [[6,0,7,6]]
[clauses explored] [37498]
[-------------------------------------]
[clauses constructed] [50000]
[search time] [13.266]
[best clause]
class_mlj(A) :-
   pagina_1(A,B), altezza_pagina(B,842.0), frame(B,C), width_medium_large(C), 
   pos_left(C), pos_middle(C).
[sat] [98]
[-------------------------------------]
[found clause]
class_mlj(A) :-
   pagina_1(A,B), frame(B,C), pos_left(C), pos_upper(C), 
   larghezza_pagina(B,595.0).
[pos-neg] [9]
[clause label] [[9,0,6,9]]
[clauses explored] [4692]
[-------------------------------------]
[clauses constructed] [50000]
[search time] [11.135]
[best clause]
class_mlj(A) :-
   pagina_1(A,B), frame(B,C), pos_left(C), pos_upper(C), 
   larghezza_pagina(B,595.0).
[sat] [33]
[-------------------------------------]
[found clause]
class_mlj(A) :-
   pagina_1(A,B), altezza_pagina(B,842.0), frame(B,C), height_medium_large(C), 
   pos_lower(C), larghezza_pagina(B,595.0).
[pos-neg] [5]
[clause label] [[5,0,7,5]]
[clauses explored] [44830]
[-------------------------------------]
[clauses constructed] [50000]
[search time] [14.738]
[best clause]
class_mlj(A) :-
   pagina_1(A,B), altezza_pagina(B,842.0), frame(B,C), height_medium_large(C), 
   pos_lower(C), larghezza_pagina(B,595.0).
[sat] [18]
[-------------------------------------]
[found clause]
class_mlj(A) :-
   pagina_1(A,B), frame(B,C), width_very_small(C), pos_right(C), 
   pos_upper(C).
[pos-neg] [14]
[clause label] [[14,0,6,14]]
[clauses explored] [3472]
[-------------------------------------]
[-------------------------------------]
[found clause]
class_mlj(A) :-
   pagina_1(A,B), frame(B,C), tipo_testo(C), width_very_small(C), 
   pos_upper(C).
[pos-neg] [15]
[clause label] [[15,0,6,15]]
[clauses explored] [3481]
[-------------------------------------]
[clauses constructed] [50000]
[search time] [17.961]
[best clause]
class_mlj(A) :-
   pagina_1(A,B), frame(B,C), tipo_testo(C), width_very_small(C), 
   pos_upper(C).
[sat] [34]
[-------------------------------------]
[found clause]
class_mlj(A) :-
   pagina_1(A,B), altezza_pagina(B,842.0), frame(B,C), height_large(C), 
   pos_lower(C).
[pos-neg] [6]
[clause label] [[6,0,6,6]]
[clauses explored] [2625]
[-------------------------------------]
[clauses constructed] [50000]
[search time] [12.367]
[best clause]
class_mlj(A) :-
   pagina_1(A,B), altezza_pagina(B,842.0), frame(B,C), height_large(C), 
   pos_lower(C).
[sat] [78]
[-------------------------------------]
[found clause]
class_mlj(A) :-
   pagina_1(A,B), frame(B,C), allineato_al_centro_verticale(C,D), width_medium_small(D), 
   width_medium_small(C), pos_middle(C).
[pos-neg] [6]
[clause label] [[6,0,7,6]]
[clauses explored] [28690]
[-------------------------------------]
[-------------------------------------]
[found clause]
class_mlj(A) :-
   pagina_1(A,B), frame(B,C), on_top(C,D), height_large(D), 
   width_large(D), width_medium_small(C).
[pos-neg] [19]
[clause label] [[19,0,7,19]]
[clauses explored] [30072]
[-------------------------------------]
[clauses constructed] [50000]
[search time] [16.733]
[best clause]
class_mlj(A) :-
   pagina_1(A,B), frame(B,C), on_top(C,D), height_large(D), 
   width_large(D), width_medium_small(C).
[sat] [53]
[clauses constructed] [50000]
[search time] [13.493]
[best clause]
class_mlj(d06060518421201581).
[sat] [75]
[-------------------------------------]
[found clause]
class_mlj(A) :-
   pagina_1(A,B), larghezza_pagina(B,613.0).
[pos-neg] [2]
[clause label] [[2,0,3,2]]
[clauses explored] [15]
[-------------------------------------]
[clauses constructed] [50000]
[search time] [14.894]
[best clause]
class_mlj(A) :-
   pagina_1(A,B), larghezza_pagina(B,613.0).
[sat] [40]
[-------------------------------------]
[found clause]
class_mlj(A) :-
   pagina_1(A,B), frame(B,C), tipo_misto(C), height_very_small(C), 
   pos_upper(C).
[pos-neg] [2]
[clause label] [[2,0,6,2]]
[clauses explored] [4551]
[-------------------------------------]
[clauses constructed] [50000]
[search time] [13.803]
[best clause]
class_mlj(A) :-
   pagina_1(A,B), frame(B,C), tipo_misto(C), height_very_small(C), 
   pos_upper(C).
[sat] [86]
[clauses constructed] [50000]
[search time] [14.256]
[best clause]
class_mlj(d06053013254013020).
[sat] [36]
[-------------------------------------]
[found clause]
class_mlj(A) :-
   pagina_1(A,B), frame(B,C), width_medium_small(C), pos_right(C), 
   frame(B,D), height_small(D).
[pos-neg] [6]
[clause label] [[6,0,7,6]]
[clauses explored] [38954]
[-------------------------------------]
[clauses constructed] [50000]
[search time] [14.629]
[best clause]
class_mlj(A) :-
   pagina_1(A,B), frame(B,C), width_medium_small(C), pos_right(C), 
   frame(B,D), height_small(D).
[sat] [81]
[clauses constructed] [50000]
[search time] [19.971]
[best clause]
class_mlj(d06060518525802442).
[sat] [100]
[clauses constructed] [50000]
[search time] [13.257]
[best clause]
class_mlj(d06060518304000869).
[sat] [107]
[clauses constructed] [50000]
[search time] [13.0]
[best clause]
class_mlj(d06060518303100860).
[sat] [17]
[clauses constructed] [50000]
[search time] [13.479]
[best clause]
class_mlj(d06060518380901422).
[sat] [99]
[clauses constructed] [50000]
[search time] [13.798]
[best clause]
class_mlj(d06060518272200636).
[sat] [31]
[clauses constructed] [50000]
[search time] [13.294]
[best clause]
class_mlj(d06060518322601004).
[sat] [64]
[-------------------------------------]
[found clause]
class_mlj(A) :-
   pagina_1(A,B), frame(B,C), height_very_large(C), width_large(C).
[pos-neg] [2]
[clause label] [[2,0,5,2]]
[clauses explored] [154]
[-------------------------------------]
[clauses constructed] [50000]
[search time] [17.263]
[best clause]
class_mlj(A) :-
   pagina_1(A,B), frame(B,C), height_very_large(C), width_large(C).
[sat] [50]
[clauses constructed] [50000]
[search time] [16.329]
[best clause]
class_mlj(d06060518532502449).
[sat] [55]

[theory]

[Rule 1] [Pos cover = 27 Neg cover = 0]
class_mlj(A) :-
   pagina_1(A,B), altezza_pagina(B,842.0), frame(B,C), on_top(C,D), 
   pos_right(D).
[pos-neg] [27]

[Rule 2] [Pos cover = 7 Neg cover = 0]
class_mlj(A) :-
   pagina_1(A,B), altezza_pagina(B,842.0), frame(B,C), width_medium_large(C), 
   pos_left(C), pos_middle(C).
[pos-neg] [7]

[Rule 3] [Pos cover = 17 Neg cover = 0]
class_mlj(A) :-
   pagina_1(A,B), frame(B,C), pos_left(C), pos_upper(C), 
   larghezza_pagina(B,595.0).
[pos-neg] [17]

[Rule 4] [Pos cover = 15 Neg cover = 0]
class_mlj(A) :-
   pagina_1(A,B), altezza_pagina(B,842.0), frame(B,C), height_medium_large(C), 
   pos_lower(C), larghezza_pagina(B,595.0).
[pos-neg] [15]

[Rule 5] [Pos cover = 15 Neg cover = 0]
class_mlj(A) :-
   pagina_1(A,B), frame(B,C), tipo_testo(C), width_very_small(C), 
   pos_upper(C).
[pos-neg] [15]

[Rule 6] [Pos cover = 18 Neg cover = 0]
class_mlj(A) :-
   pagina_1(A,B), altezza_pagina(B,842.0), frame(B,C), height_large(C), 
   pos_lower(C).
[pos-neg] [18]

[Rule 7] [Pos cover = 44 Neg cover = 0]
class_mlj(A) :-
   pagina_1(A,B), frame(B,C), on_top(C,D), height_large(D), 
   width_large(D), width_medium_small(C).
[pos-neg] [44]

[Rule 8] [Pos cover = 1 Neg cover = 0]
class_mlj(d06060518421201581).
[pos-neg] [1]

[Rule 9] [Pos cover = 4 Neg cover = 0]
class_mlj(A) :-
   pagina_1(A,B), larghezza_pagina(B,613.0).
[pos-neg] [4]

[Rule 10] [Pos cover = 6 Neg cover = 0]
class_mlj(A) :-
   pagina_1(A,B), frame(B,C), tipo_misto(C), height_very_small(C), 
   pos_upper(C).
[pos-neg] [6]

[Rule 11] [Pos cover = 1 Neg cover = 0]
class_mlj(d06053013254013020).
[pos-neg] [1]

[Rule 12] [Pos cover = 22 Neg cover = 0]
class_mlj(A) :-
   pagina_1(A,B), frame(B,C), width_medium_small(C), pos_right(C), 
   frame(B,D), height_small(D).
[pos-neg] [22]

[Rule 13] [Pos cover = 1 Neg cover = 0]
class_mlj(d06060518525802442).
[pos-neg] [1]

[Rule 14] [Pos cover = 1 Neg cover = 0]
class_mlj(d06060518304000869).
[pos-neg] [1]

[Rule 15] [Pos cover = 1 Neg cover = 0]
class_mlj(d06060518303100860).
[pos-neg] [1]

[Rule 16] [Pos cover = 1 Neg cover = 0]
class_mlj(d06060518380901422).
[pos-neg] [1]

[Rule 17] [Pos cover = 1 Neg cover = 0]
class_mlj(d06060518272200636).
[pos-neg] [1]

[Rule 18] [Pos cover = 1 Neg cover = 0]
class_mlj(d06060518322601004).
[pos-neg] [1]

[Rule 19] [Pos cover = 4 Neg cover = 0]
class_mlj(A) :-
   pagina_1(A,B), frame(B,C), height_very_large(C), width_large(C).
[pos-neg] [4]

[Rule 20] [Pos cover = 1 Neg cover = 0]
class_mlj(d06060518532502449).
[pos-neg] [1]

[Rule 21] [Pos cover = 1 Neg cover = 0]
class_mlj(d06060510442014369).
[pos-neg] [1]

[Training set performance]
           Actual
        +          -  
     + 109         0         109 
Pred 
     -  0         208        208 

       109        208        317 

Accuracy = 1.0
[Training set summary] [[109,0,0,208]]
[Test set performance]
          Actual
       +        - 
     + 8        1        9 
Pred 
     - 5        22        27 

       13        23        36 

Accuracy = 0.833333333333333
[Test set summary] [[8,1,5,22]]
[time taken] [296.924]

