mer 20 ago 2014, 15.12.24, CEST
lusio-laptop
[settings]
        cache_clauselength=5
        caching=true
        check_useless=true
        clauselength=8
        clauses=8
        construct_bottom=saturation
        depth=15
        evalfn=coverage
        explore=false
        greedy=true
        gsamplesize=100
        i=10
        lazy_on_contradiction=true
        lazy_on_cost=false
        minpos=2
        nodes=50000
        noise=0
        print=4
        prior=0.347003154574132
        proof_strategy=restricted_sld
        prune_defs=false
        record=true
        recordfile=./mlj_f7.log
        refine=false
        refineop=false
        rulefile=./mlj_f7.rul
        samplesize=1
        search=bf
        splitvars=false
        stage=command
        test_neg=./mlj_f7_test.n
        test_pos=./mlj_f7_test.f
        thread=8
        train_neg=mlj_f7.n
        train_pos=mlj_f7.f
        verbosity=0
        version=2.7.5
[sat] [36]
[-------------------------------------]
[found clause]
class_mlj(A) :-
   pagina_1(A,B), frame(B,C), width_medium_small(C), pos_right(C), 
   pos_middle(C).
[pos-neg] [3]
[clause label] [[3,0,6,3]]
[clauses explored] [2900]
[-------------------------------------]
[-------------------------------------]
[found clause]
class_mlj(A) :-
   pagina_1(A,B), frame(B,C), on_top(C,D), allineato_al_centro_orizzontale(D,C), 
   allineato_al_centro_verticale(D,E).
[pos-neg] [4]
[clause label] [[4,0,6,4]]
[clauses explored] [2944]
[-------------------------------------]
[-------------------------------------]
[found clause]
class_mlj(A) :-
   pagina_1(A,B), frame(B,C), allineato_al_centro_orizzontale(C,D), pos_center(D), 
   allineato_al_centro_verticale(C,E).
[pos-neg] [6]
[clause label] [[6,0,6,6]]
[clauses explored] [2998]
[-------------------------------------]
[-------------------------------------]
[found clause]
class_mlj(A) :-
   pagina_1(A,B), frame(B,C), width_medium_small(C), pos_right(C), 
   frame(B,D), height_small(D).
[pos-neg] [21]
[clause label] [[21,0,7,21]]
[clauses explored] [39929]
[-------------------------------------]
[-------------------------------------]
[found clause]
class_mlj(A) :-
   pagina_1(A,B), frame(B,C), on_top(C,D), width_medium_small(D), 
   pos_right(D), height_very_small(C).
[pos-neg] [27]
[clause label] [[27,0,7,27]]
[clauses explored] [40050]
[-------------------------------------]
[clauses constructed] [50000]
[search time] [18.892]
[best clause]
class_mlj(A) :-
   pagina_1(A,B), frame(B,C), on_top(C,D), width_medium_small(D), 
   pos_right(D), height_very_small(C).
[sat] [108]
[-------------------------------------]
[found clause]
class_mlj(A) :-
   pagina_1(A,B), altezza_pagina(B,842.0), frame(B,C), width_medium(C), 
   pos_right(C).
[pos-neg] [8]
[clause label] [[8,0,6,8]]
[clauses explored] [3659]
[-------------------------------------]
[clauses constructed] [50000]
[search time] [14.664]
[best clause]
class_mlj(A) :-
   pagina_1(A,B), altezza_pagina(B,842.0), frame(B,C), width_medium(C), 
   pos_right(C).
[sat] [94]
[-------------------------------------]
[found clause]
class_mlj(A) :-
   pagina_1(A,B), frame(B,C), on_top(C,D), height_large(D), 
   width_large(D), width_medium_small(C).
[pos-neg] [36]
[clause label] [[36,0,7,36]]
[clauses explored] [23752]
[-------------------------------------]
[clauses constructed] [50000]
[search time] [19.775]
[best clause]
class_mlj(A) :-
   pagina_1(A,B), frame(B,C), on_top(C,D), height_large(D), 
   width_large(D), width_medium_small(C).
[sat] [105]
[clauses constructed] [50000]
[search time] [15.331]
[best clause]
class_mlj(d06060518302200819).
[sat] [65]
[-------------------------------------]
[found clause]
class_mlj(A) :-
   pagina_1(A,B), frame(B,C), tipo_testo(C), height_smallest(C).
[pos-neg] [3]
[clause label] [[3,0,5,3]]
[clauses explored] [767]
[-------------------------------------]
[-------------------------------------]
[found clause]
class_mlj(A) :-
   pagina_1(A,B), frame(B,C), pos_left(C), pos_upper(C), 
   larghezza_pagina(B,595.0).
[pos-neg] [6]
[clause label] [[6,0,6,6]]
[clauses explored] [5157]
[-------------------------------------]
[clauses constructed] [50000]
[search time] [10.462]
[best clause]
class_mlj(A) :-
   pagina_1(A,B), frame(B,C), pos_left(C), pos_upper(C), 
   larghezza_pagina(B,595.0).
[sat] [109]
[-------------------------------------]
[found clause]
class_mlj(A) :-
   pagina_1(A,B), frame(B,C), allineato_al_centro_verticale(C,D), width_very_small(D).
[pos-neg] [6]
[clause label] [[6,0,5,6]]
[clauses explored] [12794]
[-------------------------------------]
[clauses constructed] [50000]
[search time] [8.726]
[best clause]
class_mlj(A) :-
   pagina_1(A,B), frame(B,C), allineato_al_centro_verticale(C,D), width_very_small(D).
[sat] [81]
[clauses constructed] [50000]
[search time] [20.504]
[best clause]
class_mlj(d06060518525802442).
[sat] [95]
[clauses constructed] [50000]
[search time] [16.796]
[best clause]
class_mlj(d06060518303100860).
[sat] [90]
[clauses constructed] [50000]
[search time] [14.658]
[best clause]
class_mlj(d06053013213312739).
[sat] [31]
[clauses constructed] [50000]
[search time] [14.356]
[best clause]
class_mlj(d06060518322601004).
[sat] [17]
[clauses constructed] [50000]
[search time] [13.526]
[best clause]
class_mlj(d06060518380901422).
[sat] [18]
[-------------------------------------]
[found clause]
class_mlj(A) :-
   pagina_1(A,B), frame(B,C), width_very_small(C), pos_right(C), 
   pos_upper(C).
[pos-neg] [2]
[clause label] [[2,0,6,2]]
[clauses explored] [3472]
[-------------------------------------]
[clauses constructed] [50000]
[search time] [13.921]
[best clause]
class_mlj(A) :-
   pagina_1(A,B), frame(B,C), width_very_small(C), pos_right(C), 
   pos_upper(C).
[sat] [96]
[-------------------------------------]
[found clause]
class_mlj(A) :-
   pagina_1(A,B), altezza_pagina(B,842.0), frame(B,C), tipo_testo(C), 
   height_medium_small(C), pos_upper(C).
[pos-neg] [2]
[clause label] [[2,0,7,2]]
[clauses explored] [25046]
[-------------------------------------]
[clauses constructed] [50000]
[search time] [9.54399999999998]
[best clause]
class_mlj(A) :-
   pagina_1(A,B), altezza_pagina(B,842.0), frame(B,C), tipo_testo(C), 
   height_medium_small(C), pos_upper(C).
[sat] [87]
[clauses constructed] [50000]
[search time] [13.7]
[best clause]
class_mlj(d06060518272200636).
[sat] [103]
[clauses constructed] [50000]
[search time] [12.19]
[best clause]
class_mlj(d06060510445614393).
[sat] [77]
[clauses constructed] [50000]
[search time] [10.694]
[best clause]
class_mlj(d06053013220812764).
[sat] [69]
[-------------------------------------]
[found clause]
class_mlj(A) :-
   pagina_1(A,B), frame(B,C), height_very_large(C), width_large(C).
[pos-neg] [3]
[clause label] [[3,0,5,3]]
[clauses explored] [50]
[-------------------------------------]
[clauses constructed] [20275]
[search time] [3.25400000000002]
[best clause]
class_mlj(A) :-
   pagina_1(A,B), frame(B,C), height_very_large(C), width_large(C).
[sat] [40]
[clauses constructed] [50000]
[search time] [11.28]
[best clause]
class_mlj(d06060510502115103).
[sat] [21]
[-------------------------------------]
[found clause]
class_mlj(A) :-
   pagina_1(A,B), altezza_pagina(B,842.0), frame(B,C), height_medium_large(C), 
   pos_lower(C), larghezza_pagina(B,595.0).
[pos-neg] [3]
[clause label] [[3,0,7,3]]
[clauses explored] [23601]
[-------------------------------------]
[-------------------------------------]
[found clause]
class_mlj(A) :-
   pagina_1(A,B), frame(B,C), on_top(C,D), height_medium_large(D), 
   pos_left(C), larghezza_pagina(B,595.0).
[pos-neg] [4]
[clause label] [[4,0,7,4]]
[clauses explored] [46556]
[-------------------------------------]
[clauses constructed] [50000]
[search time] [9.29900000000001]
[best clause]
class_mlj(A) :-
   pagina_1(A,B), frame(B,C), on_top(C,D), height_medium_large(D), 
   pos_left(C), larghezza_pagina(B,595.0).
[sat] [88]
[clauses constructed] [50000]
[search time] [16.12]
[best clause]
class_mlj(d06060518304000869).
[sat] [53]
[clauses constructed] [50000]
[search time] [15.734]
[best clause]
class_mlj(d06060518421201581).
[sat] [50]
[-------------------------------------]
[found clause]
class_mlj(A) :-
   pagina_1(A,B), frame(B,C), height_very_small(C), pos_left(C), 
   pos_middle(C).
[pos-neg] [2]
[clause label] [[2,0,6,2]]
[clauses explored] [2091]
[-------------------------------------]
[clauses constructed] [50000]
[search time] [14.855]
[best clause]
class_mlj(A) :-
   pagina_1(A,B), frame(B,C), height_very_small(C), pos_left(C), 
   pos_middle(C).
[sat] [75]
[clauses constructed] [50000]
[search time] [13.89]
[best clause]
class_mlj(d06060518455101834).
[sat] [55]

[theory]

[Rule 1] [Pos cover = 27 Neg cover = 0]
class_mlj(A) :-
   pagina_1(A,B), frame(B,C), on_top(C,D), width_medium_small(D), 
   pos_right(D), height_very_small(C).
[pos-neg] [27]

[Rule 2] [Pos cover = 11 Neg cover = 0]
class_mlj(A) :-
   pagina_1(A,B), altezza_pagina(B,842.0), frame(B,C), width_medium(C), 
   pos_right(C).
[pos-neg] [11]

[Rule 3] [Pos cover = 47 Neg cover = 0]
class_mlj(A) :-
   pagina_1(A,B), frame(B,C), on_top(C,D), height_large(D), 
   width_large(D), width_medium_small(C).
[pos-neg] [47]

[Rule 4] [Pos cover = 1 Neg cover = 0]
class_mlj(d06060518302200819).
[pos-neg] [1]

[Rule 5] [Pos cover = 16 Neg cover = 0]
class_mlj(A) :-
   pagina_1(A,B), frame(B,C), pos_left(C), pos_upper(C), 
   larghezza_pagina(B,595.0).
[pos-neg] [16]

[Rule 6] [Pos cover = 9 Neg cover = 0]
class_mlj(A) :-
   pagina_1(A,B), frame(B,C), allineato_al_centro_verticale(C,D), width_very_small(D).
[pos-neg] [9]

[Rule 7] [Pos cover = 1 Neg cover = 0]
class_mlj(d06060518525802442).
[pos-neg] [1]

[Rule 8] [Pos cover = 1 Neg cover = 0]
class_mlj(d06060518303100860).
[pos-neg] [1]

[Rule 9] [Pos cover = 1 Neg cover = 0]
class_mlj(d06053013213312739).
[pos-neg] [1]

[Rule 10] [Pos cover = 1 Neg cover = 0]
class_mlj(d06060518322601004).
[pos-neg] [1]

[Rule 11] [Pos cover = 1 Neg cover = 0]
class_mlj(d06060518380901422).
[pos-neg] [1]

[Rule 12] [Pos cover = 12 Neg cover = 0]
class_mlj(A) :-
   pagina_1(A,B), frame(B,C), width_very_small(C), pos_right(C), 
   pos_upper(C).
[pos-neg] [12]

[Rule 13] [Pos cover = 5 Neg cover = 0]
class_mlj(A) :-
   pagina_1(A,B), altezza_pagina(B,842.0), frame(B,C), tipo_testo(C), 
   height_medium_small(C), pos_upper(C).
[pos-neg] [5]

[Rule 14] [Pos cover = 1 Neg cover = 0]
class_mlj(d06060518272200636).
[pos-neg] [1]

[Rule 15] [Pos cover = 1 Neg cover = 0]
class_mlj(d06060510445614393).
[pos-neg] [1]

[Rule 16] [Pos cover = 1 Neg cover = 0]
class_mlj(d06053013220812764).
[pos-neg] [1]

[Rule 17] [Pos cover = 3 Neg cover = 0]
class_mlj(A) :-
   pagina_1(A,B), frame(B,C), height_very_large(C), width_large(C).
[pos-neg] [3]

[Rule 18] [Pos cover = 1 Neg cover = 0]
class_mlj(d06060510502115103).
[pos-neg] [1]

[Rule 19] [Pos cover = 19 Neg cover = 0]
class_mlj(A) :-
   pagina_1(A,B), frame(B,C), on_top(C,D), height_medium_large(D), 
   pos_left(C), larghezza_pagina(B,595.0).
[pos-neg] [19]

[Rule 20] [Pos cover = 1 Neg cover = 0]
class_mlj(d06060518304000869).
[pos-neg] [1]

[Rule 21] [Pos cover = 1 Neg cover = 0]
class_mlj(d06060518421201581).
[pos-neg] [1]

[Rule 22] [Pos cover = 3 Neg cover = 0]
class_mlj(A) :-
   pagina_1(A,B), frame(B,C), height_very_small(C), pos_left(C), 
   pos_middle(C).
[pos-neg] [3]

[Rule 23] [Pos cover = 1 Neg cover = 0]
class_mlj(d06060518455101834).
[pos-neg] [1]

[Rule 24] [Pos cover = 1 Neg cover = 0]
class_mlj(d06060510442014369).
[pos-neg] [1]

[Training set performance]
           Actual
        +          -  
     + 110         0         110 
Pred 
     -  0         207        207 

       110        207        317 

Accuracy = 1.0
[Training set summary] [[110,0,0,207]]
[Test set performance]
          Actual
       +        - 
     + 11        0        11 
Pred 
     - 1        24        25 

       12        24        36 

Accuracy = 0.972222222222222
[Test set summary] [[11,0,1,24]]
[time taken] [314.008]

